#
# There is insufficient memory for the Java Runtime Environment to continue.
# Native memory allocation (malloc) failed to allocate 659136 bytes for Chunk::new
# Possible reasons:
#   The system is out of physical RAM or swap space
#   The process is running with CompressedOops enabled, and the Java Heap may be blocking the growth of the native heap
# Possible solutions:
#   Reduce memory load on the system
#   Increase physical memory or swap space
#   Check if swap backing store is full
#   Decrease Java heap size (-Xmx/-Xms)
#   Decrease number of Java threads
#   Decrease Java thread stack sizes (-Xss)
#   Set larger code cache with -XX:ReservedCodeCacheSize=
#   JVM is running with Zero Based Compressed Oops mode in which the Java heap is
#     placed in the first 32GB address space. The Java Heap base address is the
#     maximum limit for the native heap growth. Please use -XX:HeapBaseMinAddress
#     to set the Java Heap base and to place the Java Heap above 32GB virtual address.
# This output file may be truncated or incomplete.
#
#  Out of Memory Error (arena.cpp:189), pid=11308, tid=3408
#
# JRE version: Java(TM) SE Runtime Environment (17.0.9+11) (build 17.0.9+11-LTS-201)
# Java VM: Java HotSpot(TM) 64-Bit Server VM (17.0.9+11-LTS-201, mixed mode, sharing, tiered, compressed oops, compressed class ptrs, g1 gc, windows-amd64)
# No core dump will be written. Minidumps are not enabled by default on client versions of Windows
#

---------------  S U M M A R Y ------------

Command Line: -XX:+ShowCodeDetailsInExceptionMessages com.example.thuan.ThuanApplication

Host: AMD Ryzen 5 5500U with Radeon Graphics         , 12 cores, 15G,  Windows 11 , 64 bit Build 22621 (10.0.22621.4974)
Time: Mon Mar 17 01:54:53 2025 SE Asia Standard Time elapsed time: 401.740236 seconds (0d 0h 6m 41s)

---------------  T H R E A D  ---------------

Current thread (0x0000015f66d89c70):  JavaThread "C2 CompilerThread0" daemon [_thread_in_native, id=3408, stack(0x000000242a100000,0x000000242a200000)]


Current CompileTask:
C2: 401740 11360       4       org.hibernate.sql.results.graph.basic.BasicResultAssembler::assemble (102 bytes)

Stack: [0x000000242a100000,0x000000242a200000]
Native frames: (J=compiled Java code, j=interpreted, Vv=VM code, C=native code)
V  [jvm.dll+0x678a4a]
V  [jvm.dll+0x7d9cfd]
V  [jvm.dll+0x7db60e]
V  [jvm.dll+0x7dbc73]
V  [jvm.dll+0x245e1f]
V  [jvm.dll+0xaaafb]
V  [jvm.dll+0xab09c]
V  [jvm.dll+0x36237e]
V  [jvm.dll+0x32ca01]
V  [jvm.dll+0x32be9a]
V  [jvm.dll+0x21812f]
V  [jvm.dll+0x217561]
V  [jvm.dll+0x1a3bc0]
V  [jvm.dll+0x2272de]
V  [jvm.dll+0x22548b]
V  [jvm.dll+0x78f58c]
V  [jvm.dll+0x78998a]
V  [jvm.dll+0x677875]
C  [ucrtbase.dll+0x29333]
C  [KERNEL32.DLL+0x1259d]
C  [ntdll.dll+0x5af38]


---------------  P R O C E S S  ---------------

Threads class SMR info:
_java_thread_list=0x0000015f6eca76c0, length=29, elements={
0x0000015f66d6d6b0, 0x0000015f66d6e9e0, 0x0000015f66d85da0, 0x0000015f66d87680,
0x0000015f66d87f50, 0x0000015f66d88820, 0x0000015f66d89c70, 0x0000015f66d8a630,
0x0000015f66d8d6f0, 0x0000015f6b133bd0, 0x0000015f6b162ab0, 0x0000015f6e1587d0,
0x0000015f6c21e030, 0x0000015f6dd727a0, 0x0000015f6b5e3a10, 0x0000015f6ba43a20,
0x0000015f6d4ecbf0, 0x0000015f6d4ec1d0, 0x0000015f6d4ec6e0, 0x0000015f6d4ed100,
0x0000015f7162ac20, 0x0000015f7162b640, 0x0000015f716292d0, 0x0000015f716288b0,
0x0000015f716297e0, 0x0000015f7162a200, 0x0000015f71629cf0, 0x0000015f7162a710,
0x0000015f7162b130
}

Java Threads: ( => current thread )
  0x0000015f66d6d6b0 JavaThread "Reference Handler" daemon [_thread_blocked, id=17368, stack(0x0000002429b00000,0x0000002429c00000)]
  0x0000015f66d6e9e0 JavaThread "Finalizer" daemon [_thread_blocked, id=26224, stack(0x0000002429c00000,0x0000002429d00000)]
  0x0000015f66d85da0 JavaThread "Signal Dispatcher" daemon [_thread_blocked, id=2312, stack(0x0000002429d00000,0x0000002429e00000)]
  0x0000015f66d87680 JavaThread "Attach Listener" daemon [_thread_blocked, id=24124, stack(0x0000002429e00000,0x0000002429f00000)]
  0x0000015f66d87f50 JavaThread "Service Thread" daemon [_thread_blocked, id=13544, stack(0x0000002429f00000,0x000000242a000000)]
  0x0000015f66d88820 JavaThread "Monitor Deflation Thread" daemon [_thread_blocked, id=16096, stack(0x000000242a000000,0x000000242a100000)]
=>0x0000015f66d89c70 JavaThread "C2 CompilerThread0" daemon [_thread_in_native, id=3408, stack(0x000000242a100000,0x000000242a200000)]
  0x0000015f66d8a630 JavaThread "C1 CompilerThread0" daemon [_thread_blocked, id=20760, stack(0x000000242a200000,0x000000242a300000)]
  0x0000015f66d8d6f0 JavaThread "Sweeper thread" daemon [_thread_blocked, id=25816, stack(0x000000242a300000,0x000000242a400000)]
  0x0000015f6b133bd0 JavaThread "Notification Thread" daemon [_thread_blocked, id=3184, stack(0x000000242a400000,0x000000242a500000)]
  0x0000015f6b162ab0 JavaThread "Common-Cleaner" daemon [_thread_blocked, id=11792, stack(0x000000242a600000,0x000000242a700000)]
  0x0000015f6e1587d0 JavaThread "Catalina-utility-1" [_thread_blocked, id=8592, stack(0x000000242b400000,0x000000242b500000)]
  0x0000015f6c21e030 JavaThread "Catalina-utility-2" [_thread_blocked, id=12360, stack(0x000000242b500000,0x000000242b600000)]
  0x0000015f6dd727a0 JavaThread "container-0" [_thread_blocked, id=21148, stack(0x000000242b600000,0x000000242b700000)]
  0x0000015f6b5e3a10 JavaThread "mssql-jdbc-shared-timer-core-0" daemon [_thread_blocked, id=10512, stack(0x000000242b800000,0x000000242b900000)]
  0x0000015f6ba43a20 JavaThread "HikariPool-1 housekeeper" daemon [_thread_blocked, id=7400, stack(0x000000242b900000,0x000000242ba00000)]
  0x0000015f6d4ecbf0 JavaThread "http-nio-8080-exec-1" daemon [_thread_blocked, id=24844, stack(0x000000242bb00000,0x000000242bc00000)]
  0x0000015f6d4ec1d0 JavaThread "http-nio-8080-exec-2" daemon [_thread_blocked, id=23948, stack(0x000000242bc00000,0x000000242bd00000)]
  0x0000015f6d4ec6e0 JavaThread "http-nio-8080-exec-3" daemon [_thread_blocked, id=17996, stack(0x000000242bd00000,0x000000242be00000)]
  0x0000015f6d4ed100 JavaThread "http-nio-8080-exec-4" daemon [_thread_in_native, id=27628, stack(0x000000242be00000,0x000000242bf00000)]
  0x0000015f7162ac20 JavaThread "http-nio-8080-exec-5" daemon [_thread_blocked, id=18816, stack(0x000000242bf00000,0x000000242c000000)]
  0x0000015f7162b640 JavaThread "http-nio-8080-exec-6" daemon [_thread_blocked, id=14892, stack(0x000000242c000000,0x000000242c100000)]
  0x0000015f716292d0 JavaThread "http-nio-8080-exec-7" daemon [_thread_blocked, id=23108, stack(0x000000242c100000,0x000000242c200000)]
  0x0000015f716288b0 JavaThread "http-nio-8080-exec-8" daemon [_thread_blocked, id=25732, stack(0x000000242c200000,0x000000242c300000)]
  0x0000015f716297e0 JavaThread "http-nio-8080-exec-9" daemon [_thread_blocked, id=26952, stack(0x000000242c300000,0x000000242c400000)]
  0x0000015f7162a200 JavaThread "http-nio-8080-exec-10" daemon [_thread_blocked, id=5672, stack(0x000000242c400000,0x000000242c500000)]
  0x0000015f71629cf0 JavaThread "http-nio-8080-Poller" daemon [_thread_in_native, id=19312, stack(0x000000242c500000,0x000000242c600000)]
  0x0000015f7162a710 JavaThread "http-nio-8080-Acceptor" daemon [_thread_in_native, id=22516, stack(0x000000242c600000,0x000000242c700000)]
  0x0000015f7162b130 JavaThread "DestroyJavaVM" [_thread_blocked, id=18796, stack(0x0000002429400000,0x0000002429500000)]

Other Threads:
  0x0000015f66d684f0 VMThread "VM Thread" [stack: 0x0000002429a00000,0x0000002429b00000] [id=9772]
  0x0000015f441c2560 WatcherThread [stack: 0x000000242a500000,0x000000242a600000] [id=5616]
  0x0000015f4419b620 GCTaskThread "GC Thread#0" [stack: 0x0000002429500000,0x0000002429600000] [id=18840]
  0x0000015f6bb26800 GCTaskThread "GC Thread#1" [stack: 0x000000242a700000,0x000000242a800000] [id=30188]
  0x0000015f6bb26ac0 GCTaskThread "GC Thread#2" [stack: 0x000000242a800000,0x000000242a900000] [id=26240]
  0x0000015f6baeff10 GCTaskThread "GC Thread#3" [stack: 0x000000242a900000,0x000000242aa00000] [id=24880]
  0x0000015f6baf01d0 GCTaskThread "GC Thread#4" [stack: 0x000000242aa00000,0x000000242ab00000] [id=27688]
  0x0000015f6c4842f0 GCTaskThread "GC Thread#5" [stack: 0x000000242ad00000,0x000000242ae00000] [id=15832]
  0x0000015f6c50a1a0 GCTaskThread "GC Thread#6" [stack: 0x000000242ae00000,0x000000242af00000] [id=26824]
  0x0000015f6c5c2160 GCTaskThread "GC Thread#7" [stack: 0x000000242af00000,0x000000242b000000] [id=23064]
  0x0000015f6d56c070 GCTaskThread "GC Thread#8" [stack: 0x000000242ac00000,0x000000242ad00000] [id=15036]
  0x0000015f6d56a4f0 GCTaskThread "GC Thread#9" [stack: 0x000000242b100000,0x000000242b200000] [id=14104]
  0x0000015f441abb30 ConcurrentGCThread "G1 Main Marker" [stack: 0x0000002429600000,0x0000002429700000] [id=10356]
  0x0000015f441b0470 ConcurrentGCThread "G1 Conc#0" [stack: 0x0000002429700000,0x0000002429800000] [id=30552]
  0x0000015f6d56bdb0 ConcurrentGCThread "G1 Conc#1" [stack: 0x000000242b200000,0x000000242b300000] [id=20248]
  0x0000015f6d56a7b0 ConcurrentGCThread "G1 Conc#2" [stack: 0x000000242b300000,0x000000242b400000] [id=1488]
  0x0000015f441de8e0 ConcurrentGCThread "G1 Refine#0" [stack: 0x0000002429800000,0x0000002429900000] [id=21564]
  0x0000015f66c268f0 ConcurrentGCThread "G1 Service" [stack: 0x0000002429900000,0x0000002429a00000] [id=17804]

Threads with active compile tasks:
C2 CompilerThread0   401781 11360       4       org.hibernate.sql.results.graph.basic.BasicResultAssembler::assemble (102 bytes)

VM state: not at safepoint (normal execution)

VM Mutex/Monitor currently owned by a thread: None

Heap address: 0x000000070a400000, size: 3932 MB, Compressed Oops mode: Zero based, Oop shift amount: 3

CDS archive(s) mapped at: [0x0000015f00000000-0x0000015f00bd0000-0x0000015f00bd0000), size 12386304, SharedBaseAddress: 0x0000015f00000000, ArchiveRelocationMode: 1.
Compressed class space mapped at: 0x0000015f01000000-0x0000015f41000000, reserved size: 1073741824
Narrow klass base: 0x0000015f00000000, Narrow klass shift: 0, Narrow klass range: 0x100000000

GC Precious Log:
 CPUs: 12 total, 12 available
 Memory: 15722M
 Large Page Support: Disabled
 NUMA Support: Disabled
 Compressed Oops: Enabled (Zero based)
 Heap Region Size: 2M
 Heap Min Capacity: 8M
 Heap Initial Capacity: 246M
 Heap Max Capacity: 3932M
 Pre-touch: Disabled
 Parallel Workers: 10
 Concurrent Workers: 3
 Concurrent Refinement Workers: 10
 Periodic GC: Disabled

Heap:
 garbage-first heap   total 96256K, used 52195K [0x000000070a400000, 0x0000000800000000)
  region size 2048K, 7 young (14336K), 1 survivors (2048K)
 Metaspace       used 84083K, committed 84800K, reserved 1179648K
  class space    used 11214K, committed 11584K, reserved 1048576K

Heap Regions: E=young(eden), S=young(survivor), O=old, HS=humongous(starts), HC=humongous(continues), CS=collection set, F=free, OA=open archive, CA=closed archive, TAMS=top-at-mark-start (previous, next)
|   0|0x000000070a400000, 0x000000070a600000, 0x000000070a600000|100%| O|  |TAMS 0x000000070a600000, 0x000000070a400000| Untracked 
|   1|0x000000070a600000, 0x000000070a800000, 0x000000070a800000|100%| O|  |TAMS 0x000000070a800000, 0x000000070a600000| Untracked 
|   2|0x000000070a800000, 0x000000070aa00000, 0x000000070aa00000|100%| O|  |TAMS 0x000000070aa00000, 0x000000070a800000| Untracked 
|   3|0x000000070aa00000, 0x000000070ac00000, 0x000000070ac00000|100%| O|  |TAMS 0x000000070ac00000, 0x000000070aa00000| Untracked 
|   4|0x000000070ac00000, 0x000000070ae00000, 0x000000070ae00000|100%| O|  |TAMS 0x000000070ae00000, 0x000000070ac00000| Untracked 
|   5|0x000000070ae00000, 0x000000070b000000, 0x000000070b000000|100%| O|  |TAMS 0x000000070b000000, 0x000000070ae00000| Untracked 
|   6|0x000000070b000000, 0x000000070b200000, 0x000000070b200000|100%| O|  |TAMS 0x000000070b200000, 0x000000070b000000| Untracked 
|   7|0x000000070b200000, 0x000000070b400000, 0x000000070b400000|100%| O|  |TAMS 0x000000070b400000, 0x000000070b200000| Untracked 
|   8|0x000000070b400000, 0x000000070b600000, 0x000000070b600000|100%| O|  |TAMS 0x000000070b600000, 0x000000070b400000| Untracked 
|   9|0x000000070b600000, 0x000000070b800000, 0x000000070b800000|100%| O|  |TAMS 0x000000070b800000, 0x000000070b600000| Untracked 
|  10|0x000000070b800000, 0x000000070ba00000, 0x000000070ba00000|100%| O|  |TAMS 0x000000070ba00000, 0x000000070b800000| Untracked 
|  11|0x000000070ba00000, 0x000000070bc00000, 0x000000070bc00000|100%| O|  |TAMS 0x000000070bc00000, 0x000000070ba00000| Untracked 
|  12|0x000000070bc00000, 0x000000070be00000, 0x000000070be00000|100%| O|  |TAMS 0x000000070be00000, 0x000000070bc00000| Untracked 
|  13|0x000000070be00000, 0x000000070c000000, 0x000000070c000000|100%| O|  |TAMS 0x000000070c000000, 0x000000070be00000| Untracked 
|  14|0x000000070c000000, 0x000000070c200000, 0x000000070c200000|100%| O|  |TAMS 0x000000070c200000, 0x000000070c000000| Untracked 
|  15|0x000000070c200000, 0x000000070c400000, 0x000000070c400000|100%| O|  |TAMS 0x000000070c400000, 0x000000070c200000| Untracked 
|  16|0x000000070c400000, 0x000000070c600000, 0x000000070c600000|100%| O|  |TAMS 0x000000070c600000, 0x000000070c400000| Untracked 
|  17|0x000000070c600000, 0x000000070c800000, 0x000000070c800000|100%| O|  |TAMS 0x000000070c800000, 0x000000070c600000| Untracked 
|  18|0x000000070c800000, 0x000000070ca00000, 0x000000070ca00000|100%| O|  |TAMS 0x000000070ca00000, 0x000000070c800000| Untracked 
|  19|0x000000070ca00000, 0x000000070ca00000, 0x000000070cc00000|  0%| F|  |TAMS 0x000000070ca00000, 0x000000070ca00000| Untracked 
|  20|0x000000070cc00000, 0x000000070cd06a00, 0x000000070ce00000| 51%| O|  |TAMS 0x000000070cd06a00, 0x000000070cc00000| Untracked 
|  21|0x000000070ce00000, 0x000000070ce00000, 0x000000070d000000|  0%| F|  |TAMS 0x000000070ce00000, 0x000000070ce00000| Untracked 
|  22|0x000000070d000000, 0x000000070d000000, 0x000000070d200000|  0%| F|  |TAMS 0x000000070d000000, 0x000000070d000000| Untracked 
|  23|0x000000070d200000, 0x000000070d200000, 0x000000070d400000|  0%| F|  |TAMS 0x000000070d200000, 0x000000070d200000| Untracked 
|  24|0x000000070d400000, 0x000000070d400000, 0x000000070d600000|  0%| F|  |TAMS 0x000000070d400000, 0x000000070d400000| Untracked 
|  25|0x000000070d600000, 0x000000070d600000, 0x000000070d800000|  0%| F|  |TAMS 0x000000070d600000, 0x000000070d600000| Untracked 
|  26|0x000000070d800000, 0x000000070d800000, 0x000000070da00000|  0%| F|  |TAMS 0x000000070d800000, 0x000000070d800000| Untracked 
|  27|0x000000070da00000, 0x000000070dbf2410, 0x000000070dc00000| 97%| S|CS|TAMS 0x000000070da00000, 0x000000070da00000| Complete 
|  28|0x000000070dc00000, 0x000000070dc00000, 0x000000070de00000|  0%| F|  |TAMS 0x000000070dc00000, 0x000000070dc00000| Untracked 
|  29|0x000000070de00000, 0x000000070de00000, 0x000000070e000000|  0%| F|  |TAMS 0x000000070de00000, 0x000000070de00000| Untracked 
|  30|0x000000070e000000, 0x000000070e000000, 0x000000070e200000|  0%| F|  |TAMS 0x000000070e000000, 0x000000070e000000| Untracked 
|  31|0x000000070e200000, 0x000000070e200000, 0x000000070e400000|  0%| F|  |TAMS 0x000000070e200000, 0x000000070e200000| Untracked 
|  32|0x000000070e400000, 0x000000070e400000, 0x000000070e600000|  0%| F|  |TAMS 0x000000070e400000, 0x000000070e400000| Untracked 
|  33|0x000000070e600000, 0x000000070e600000, 0x000000070e800000|  0%| F|  |TAMS 0x000000070e600000, 0x000000070e600000| Untracked 
|  34|0x000000070e800000, 0x000000070e800000, 0x000000070ea00000|  0%| F|  |TAMS 0x000000070e800000, 0x000000070e800000| Untracked 
|  35|0x000000070ea00000, 0x000000070ea00000, 0x000000070ec00000|  0%| F|  |TAMS 0x000000070ea00000, 0x000000070ea00000| Untracked 
|  36|0x000000070ec00000, 0x000000070ec00000, 0x000000070ee00000|  0%| F|  |TAMS 0x000000070ec00000, 0x000000070ec00000| Untracked 
|  37|0x000000070ee00000, 0x000000070ee00000, 0x000000070f000000|  0%| F|  |TAMS 0x000000070ee00000, 0x000000070ee00000| Untracked 
|  38|0x000000070f000000, 0x000000070f000000, 0x000000070f200000|  0%| F|  |TAMS 0x000000070f000000, 0x000000070f000000| Untracked 
|  39|0x000000070f200000, 0x000000070f200000, 0x000000070f400000|  0%| F|  |TAMS 0x000000070f200000, 0x000000070f200000| Untracked 
|  40|0x000000070f400000, 0x000000070f400000, 0x000000070f600000|  0%| F|  |TAMS 0x000000070f400000, 0x000000070f400000| Untracked 
|  41|0x000000070f600000, 0x000000070f764318, 0x000000070f800000| 69%| E|  |TAMS 0x000000070f600000, 0x000000070f600000| Complete 
|  42|0x000000070f800000, 0x000000070fa00000, 0x000000070fa00000|100%| E|CS|TAMS 0x000000070f800000, 0x000000070f800000| Complete 
|  58|0x0000000711800000, 0x0000000711a00000, 0x0000000711a00000|100%| E|CS|TAMS 0x0000000711800000, 0x0000000711800000| Complete 
|  59|0x0000000711a00000, 0x0000000711c00000, 0x0000000711c00000|100%| E|CS|TAMS 0x0000000711a00000, 0x0000000711a00000| Complete 
|  60|0x0000000711c00000, 0x0000000711e00000, 0x0000000711e00000|100%| E|CS|TAMS 0x0000000711c00000, 0x0000000711c00000| Complete 
| 122|0x0000000719800000, 0x0000000719a00000, 0x0000000719a00000|100%| E|CS|TAMS 0x0000000719800000, 0x0000000719800000| Complete 

Card table byte_map: [0x0000015f5b6b0000,0x0000015f5be60000] _byte_map_base: 0x0000015f57e5e000

Marking Bits (Prev, Next): (CMBitMap*) 0x0000015f4419bc40, (CMBitMap*) 0x0000015f4419bc80
 Prev Bits: [0x0000015f5c610000, 0x0000015f60380000)
 Next Bits: [0x0000015f60380000, 0x0000015f640f0000)

Polling page: 0x0000015f420b0000

Metaspace:

Usage:
  Non-class:     71.16 MB used.
      Class:     10.95 MB used.
       Both:     82.11 MB used.

Virtual space:
  Non-class space:      128.00 MB reserved,      71.50 MB ( 56%) committed,  2 nodes.
      Class space:        1.00 GB reserved,      11.31 MB (  1%) committed,  1 nodes.
             Both:        1.12 GB reserved,      82.81 MB (  7%) committed. 

Chunk freelists:
   Non-Class:  7.95 MB
       Class:  4.61 MB
        Both:  12.56 MB

MaxMetaspaceSize: unlimited
CompressedClassSpaceSize: 1.00 GB
Initial GC threshold: 21.00 MB
Current GC threshold: 129.62 MB
CDS: on
MetaspaceReclaimPolicy: balanced
 - commit_granule_bytes: 65536.
 - commit_granule_words: 8192.
 - virtual_space_node_default_size: 8388608.
 - enlarge_chunks_in_place: 1.
 - new_chunks_are_fully_committed: 0.
 - uncommit_free_chunks: 1.
 - use_allocation_guard: 0.
 - handle_deallocations: 1.


Internal statistics:

num_allocs_failed_limit: 9.
num_arena_births: 1072.
num_arena_deaths: 0.
num_vsnodes_births: 3.
num_vsnodes_deaths: 0.
num_space_committed: 1325.
num_space_uncommitted: 0.
num_chunks_returned_to_freelist: 9.
num_chunks_taken_from_freelist: 4127.
num_chunk_merges: 9.
num_chunk_splits: 2932.
num_chunks_enlarged: 2217.
num_inconsistent_stats: 0.

CodeHeap 'non-profiled nmethods': size=120000Kb used=5910Kb max_used=5985Kb free=114089Kb
 bounds [0x0000015f53480000, 0x0000015f53a60000, 0x0000015f5a9b0000]
CodeHeap 'profiled nmethods': size=120000Kb used=18843Kb max_used=18843Kb free=101157Kb
 bounds [0x0000015f4b9b0000, 0x0000015f4cc20000, 0x0000015f52ee0000]
CodeHeap 'non-nmethods': size=5760Kb used=1411Kb max_used=1455Kb free=4348Kb
 bounds [0x0000015f52ee0000, 0x0000015f53150000, 0x0000015f53480000]
 total_blobs=10626 nmethods=9877 adapters=659
 compilation: enabled
              stopped_count=0, restarted_count=0
 full_count=0

Compilation events (20 events):
Event: 401.360 Thread 0x0000015f66d89c70 11359       4       java.lang.StringLatin1::trim (76 bytes)
Event: 401.361 Thread 0x0000015f66d8a630 nmethod 11354 0x0000015f4cc13310 code [0x0000015f4cc137c0, 0x0000015f4cc15828]
Event: 401.361 Thread 0x0000015f66d8a630 11356       3       jdk.internal.loader.URLClassPath$JarLoader::validIndex (94 bytes)
Event: 401.362 Thread 0x0000015f66d8a630 nmethod 11356 0x0000015f4cc16390 code [0x0000015f4cc16680, 0x0000015f4cc175a8]
Event: 401.362 Thread 0x0000015f66d8a630 11355       3       java.util.LinkedList::toArray (81 bytes)
Event: 401.363 Thread 0x0000015f66d8a630 nmethod 11355 0x0000015f4cc17b10 code [0x0000015f4cc17d20, 0x0000015f4cc185b8]
Event: 401.363 Thread 0x0000015f66d8a630 11357       3       java.io.FilterInputStream::available (8 bytes)
Event: 401.363 Thread 0x0000015f66d8a630 nmethod 11357 0x0000015f4cc18890 code [0x0000015f4cc18a40, 0x0000015f4cc18c28]
Event: 401.370 Thread 0x0000015f66d89c70 nmethod 11359 0x0000015f537ec690 code [0x0000015f537ec820, 0x0000015f537ecd58]
Event: 401.653 Thread 0x0000015f66d89c70 11360       4       org.hibernate.sql.results.graph.basic.BasicResultAssembler::assemble (102 bytes)
Event: 401.654 Thread 0x0000015f66d8a630 11361       1       org.springframework.transaction.interceptor.TransactionAspectSupport$TransactionInfo::getTransactionStatus (5 bytes)
Event: 401.654 Thread 0x0000015f66d8a630 nmethod 11361 0x0000015f537ec390 code [0x0000015f537ec520, 0x0000015f537ec5f8]
Event: 401.655 Thread 0x0000015f66d8a630 11362       1       org.hibernate.tuple.entity.EntityMetamodel::isDynamicUpdate (5 bytes)
Event: 401.655 Thread 0x0000015f66d8a630 nmethod 11362 0x0000015f537ec090 code [0x0000015f537ec220, 0x0000015f537ec2f8]
Event: 401.655 Thread 0x0000015f66d8a630 11363       1       org.hibernate.engine.jdbc.mutation.spi.Binding::getValueDescriptor (5 bytes)
Event: 401.655 Thread 0x0000015f66d8a630 nmethod 11363 0x0000015f537ebd90 code [0x0000015f537ebf20, 0x0000015f537ebff8]
Event: 401.655 Thread 0x0000015f66d8a630 11364       1       org.hibernate.engine.jdbc.mutation.internal.JdbcValueDescriptorImpl::getJdbcPosition (5 bytes)
Event: 401.655 Thread 0x0000015f66d8a630 nmethod 11364 0x0000015f537eba90 code [0x0000015f537ebc20, 0x0000015f537ebcf8]
Event: 401.655 Thread 0x0000015f66d8a630 11365       1       org.hibernate.engine.jdbc.mutation.internal.JdbcValueDescriptorImpl::getColumnName (5 bytes)
Event: 401.655 Thread 0x0000015f66d8a630 nmethod 11365 0x0000015f537eb790 code [0x0000015f537eb920, 0x0000015f537eb9f8]

GC Heap History (20 events):
Event: 31.164 GC heap before
{Heap before GC invocations=17 (full 0):
 garbage-first heap   total 81920K, used 63879K [0x000000070a400000, 0x0000000800000000)
  region size 2048K, 19 young (38912K), 3 survivors (6144K)
 Metaspace       used 74222K, committed 74816K, reserved 1114112K
  class space    used 10103K, committed 10368K, reserved 1048576K
}
Event: 31.172 GC heap after
{Heap after GC invocations=18 (full 0):
 garbage-first heap   total 81920K, used 32877K [0x000000070a400000, 0x0000000800000000)
  region size 2048K, 2 young (4096K), 2 survivors (4096K)
 Metaspace       used 74222K, committed 74816K, reserved 1114112K
  class space    used 10103K, committed 10368K, reserved 1048576K
}
Event: 37.708 GC heap before
{Heap before GC invocations=18 (full 0):
 garbage-first heap   total 81920K, used 61549K [0x000000070a400000, 0x0000000800000000)
  region size 2048K, 17 young (34816K), 2 survivors (4096K)
 Metaspace       used 77498K, committed 78144K, reserved 1179648K
  class space    used 10572K, committed 10880K, reserved 1048576K
}
Event: 37.713 GC heap after
{Heap after GC invocations=19 (full 0):
 garbage-first heap   total 81920K, used 33338K [0x000000070a400000, 0x0000000800000000)
  region size 2048K, 2 young (4096K), 2 survivors (4096K)
 Metaspace       used 77498K, committed 78144K, reserved 1179648K
  class space    used 10572K, committed 10880K, reserved 1048576K
}
Event: 116.974 GC heap before
{Heap before GC invocations=19 (full 0):
 garbage-first heap   total 81920K, used 66106K [0x000000070a400000, 0x0000000800000000)
  region size 2048K, 18 young (36864K), 2 survivors (4096K)
 Metaspace       used 78595K, committed 79232K, reserved 1179648K
  class space    used 10689K, committed 11008K, reserved 1048576K
}
Event: 116.977 GC heap after
{Heap after GC invocations=20 (full 0):
 garbage-first heap   total 81920K, used 34393K [0x000000070a400000, 0x0000000800000000)
  region size 2048K, 2 young (4096K), 2 survivors (4096K)
 Metaspace       used 78595K, committed 79232K, reserved 1179648K
  class space    used 10689K, committed 11008K, reserved 1048576K
}
Event: 117.125 GC heap before
{Heap before GC invocations=20 (full 0):
 garbage-first heap   total 81920K, used 67161K [0x000000070a400000, 0x0000000800000000)
  region size 2048K, 18 young (36864K), 2 survivors (4096K)
 Metaspace       used 78854K, committed 79488K, reserved 1179648K
  class space    used 10714K, committed 11008K, reserved 1048576K
}
Event: 117.137 GC heap after
{Heap after GC invocations=21 (full 0):
 garbage-first heap   total 81920K, used 39979K [0x000000070a400000, 0x0000000800000000)
  region size 2048K, 3 young (6144K), 3 survivors (6144K)
 Metaspace       used 78854K, committed 79488K, reserved 1179648K
  class space    used 10714K, committed 11008K, reserved 1048576K
}
Event: 117.250 GC heap before
{Heap before GC invocations=21 (full 0):
 garbage-first heap   total 81920K, used 62507K [0x000000070a400000, 0x0000000800000000)
  region size 2048K, 14 young (28672K), 3 survivors (6144K)
 Metaspace       used 78937K, committed 79616K, reserved 1179648K
  class space    used 10725K, committed 11072K, reserved 1048576K
}
Event: 117.255 GC heap after
{Heap after GC invocations=22 (full 0):
 garbage-first heap   total 81920K, used 42135K [0x000000070a400000, 0x0000000800000000)
  region size 2048K, 2 young (4096K), 2 survivors (4096K)
 Metaspace       used 78937K, committed 79616K, reserved 1179648K
  class space    used 10725K, committed 11072K, reserved 1048576K
}
Event: 117.389 GC heap before
{Heap before GC invocations=22 (full 0):
 garbage-first heap   total 81920K, used 62615K [0x000000070a400000, 0x0000000800000000)
  region size 2048K, 12 young (24576K), 2 survivors (4096K)
 Metaspace       used 78956K, committed 79616K, reserved 1179648K
  class space    used 10727K, committed 11072K, reserved 1048576K
}
Event: 117.391 GC heap after
{Heap after GC invocations=23 (full 0):
 garbage-first heap   total 81920K, used 40800K [0x000000070a400000, 0x0000000800000000)
  region size 2048K, 1 young (2048K), 1 survivors (2048K)
 Metaspace       used 78956K, committed 79616K, reserved 1179648K
  class space    used 10727K, committed 11072K, reserved 1048576K
}
Event: 117.625 GC heap before
{Heap before GC invocations=24 (full 0):
 garbage-first heap   total 96256K, used 63328K [0x000000070a400000, 0x0000000800000000)
  region size 2048K, 12 young (24576K), 1 survivors (2048K)
 Metaspace       used 78956K, committed 79616K, reserved 1179648K
  class space    used 10727K, committed 11072K, reserved 1048576K
}
Event: 117.628 GC heap after
{Heap after GC invocations=25 (full 0):
 garbage-first heap   total 96256K, used 42559K [0x000000070a400000, 0x0000000800000000)
  region size 2048K, 2 young (4096K), 2 survivors (4096K)
 Metaspace       used 78956K, committed 79616K, reserved 1179648K
  class space    used 10727K, committed 11072K, reserved 1048576K
}
Event: 118.473 GC heap before
{Heap before GC invocations=25 (full 0):
 garbage-first heap   total 96256K, used 75327K [0x000000070a400000, 0x0000000800000000)
  region size 2048K, 18 young (36864K), 2 survivors (4096K)
 Metaspace       used 79229K, committed 79872K, reserved 1179648K
  class space    used 10861K, committed 11200K, reserved 1048576K
}
Event: 118.475 GC heap after
{Heap after GC invocations=26 (full 0):
 garbage-first heap   total 96256K, used 41211K [0x000000070a400000, 0x0000000800000000)
  region size 2048K, 1 young (2048K), 1 survivors (2048K)
 Metaspace       used 79229K, committed 79872K, reserved 1179648K
  class space    used 10861K, committed 11200K, reserved 1048576K
}
Event: 152.643 GC heap before
{Heap before GC invocations=26 (full 0):
 garbage-first heap   total 96256K, used 73979K [0x000000070a400000, 0x0000000800000000)
  region size 2048K, 18 young (36864K), 1 survivors (2048K)
 Metaspace       used 80917K, committed 81664K, reserved 1179648K
  class space    used 10956K, committed 11328K, reserved 1048576K
}
Event: 152.645 GC heap after
{Heap after GC invocations=27 (full 0):
 garbage-first heap   total 96256K, used 41742K [0x000000070a400000, 0x0000000800000000)
  region size 2048K, 1 young (2048K), 1 survivors (2048K)
 Metaspace       used 80917K, committed 81664K, reserved 1179648K
  class space    used 10956K, committed 11328K, reserved 1048576K
}
Event: 363.599 GC heap before
{Heap before GC invocations=27 (full 0):
 garbage-first heap   total 96256K, used 76558K [0x000000070a400000, 0x0000000800000000)
  region size 2048K, 19 young (38912K), 1 survivors (2048K)
 Metaspace       used 82007K, committed 82688K, reserved 1179648K
  class space    used 10988K, committed 11328K, reserved 1048576K
}
Event: 363.602 GC heap after
{Heap after GC invocations=28 (full 0):
 garbage-first heap   total 96256K, used 41955K [0x000000070a400000, 0x0000000800000000)
  region size 2048K, 1 young (2048K), 1 survivors (2048K)
 Metaspace       used 82007K, committed 82688K, reserved 1179648K
  class space    used 10988K, committed 11328K, reserved 1048576K
}

Deoptimization events (20 events):
Event: 364.733 Thread 0x0000015f6d4ec6e0 DEOPT PACKING pc=0x0000015f536077e0 sp=0x000000242bdf7a70
Event: 364.733 Thread 0x0000015f6d4ec6e0 DEOPT UNPACKING pc=0x0000015f52f323a3 sp=0x000000242bdf7a18 mode 2
Event: 364.734 Thread 0x0000015f6d4ec6e0 Uncommon trap: trap_request=0xffffff45 fr.pc=0x0000015f53595b00 relative=0x0000000000000720
Event: 364.734 Thread 0x0000015f6d4ec6e0 Uncommon trap: reason=unstable_if action=reinterpret pc=0x0000015f53595b00 method=java.util.Properties.load0(Ljava/util/Properties$LineReader;)V @ 32 c2
Event: 364.734 Thread 0x0000015f6d4ec6e0 DEOPT PACKING pc=0x0000015f53595b00 sp=0x000000242bdf7a70
Event: 364.734 Thread 0x0000015f6d4ec6e0 DEOPT UNPACKING pc=0x0000015f52f323a3 sp=0x000000242bdf7a18 mode 2
Event: 364.748 Thread 0x0000015f6d4ec6e0 Uncommon trap: trap_request=0xffffff45 fr.pc=0x0000015f534b3658 relative=0x00000000000000d8
Event: 364.748 Thread 0x0000015f6d4ec6e0 Uncommon trap: reason=unstable_if action=reinterpret pc=0x0000015f534b3658 method=java.util.EnumSet.typeCheck(Ljava/lang/Enum;)V @ 10 c2
Event: 364.748 Thread 0x0000015f6d4ec6e0 DEOPT PACKING pc=0x0000015f534b3658 sp=0x000000242bdf7f40
Event: 364.748 Thread 0x0000015f6d4ec6e0 DEOPT UNPACKING pc=0x0000015f52f323a3 sp=0x000000242bdf7e00 mode 2
Event: 364.990 Thread 0x0000015f6d4ec6e0 DEOPT PACKING pc=0x0000015f4baebbf1 sp=0x000000242bdf87e0
Event: 364.990 Thread 0x0000015f6d4ec6e0 DEOPT UNPACKING pc=0x0000015f52f32b43 sp=0x000000242bdf7c10 mode 0
Event: 365.729 Thread 0x0000015f6d4ec6e0 Uncommon trap: trap_request=0xffffff45 fr.pc=0x0000015f53944b20 relative=0x0000000000000460
Event: 365.729 Thread 0x0000015f6d4ec6e0 Uncommon trap: reason=unstable_if action=reinterpret pc=0x0000015f53944b20 method=sun.nio.cs.SingleByte$Encoder.encodeArrayLoop(Ljava/nio/CharBuffer;Ljava/nio/ByteBuffer;)Ljava/nio/charset/CoderResult; @ 74 c2
Event: 365.729 Thread 0x0000015f6d4ec6e0 DEOPT PACKING pc=0x0000015f53944b20 sp=0x000000242bdf91d0
Event: 365.729 Thread 0x0000015f6d4ec6e0 DEOPT UNPACKING pc=0x0000015f52f323a3 sp=0x000000242bdf9150 mode 2
Event: 367.527 Thread 0x0000015f6d4ec6e0 Uncommon trap: trap_request=0xffffff45 fr.pc=0x0000015f538021e0 relative=0x0000000000000060
Event: 367.527 Thread 0x0000015f6d4ec6e0 Uncommon trap: reason=unstable_if action=reinterpret pc=0x0000015f538021e0 method=org.hibernate.type.AbstractStandardBasicType.isEqual(Ljava/lang/Object;Ljava/lang/Object;)Z @ 2 c2
Event: 367.527 Thread 0x0000015f6d4ec6e0 DEOPT PACKING pc=0x0000015f538021e0 sp=0x000000242bdf9880
Event: 367.527 Thread 0x0000015f6d4ec6e0 DEOPT UNPACKING pc=0x0000015f52f323a3 sp=0x000000242bdf9810 mode 2

Classes unloaded (0 events):
No events

Classes redefined (0 events):
No events

Internal exceptions (20 events):
Event: 187.280 Thread 0x0000015f6d4ec6e0 Exception <a 'java/lang/reflect/InvocationTargetException'{0x000000070e16ce78}> (0x000000070e16ce78) 
thrown [s\open\src\hotspot\share\runtime\reflection.cpp, line 1121]
Event: 190.260 Thread 0x0000015f6d4ec1d0 Exception <a 'java/lang/reflect/InvocationTargetException'{0x000000070e1c3fc0}> (0x000000070e1c3fc0) 
thrown [s\open\src\hotspot\share\runtime\reflection.cpp, line 1121]
Event: 357.154 Thread 0x0000015f6d4ecbf0 Exception <a 'java/lang/reflect/InvocationTargetException'{0x000000070dc323d8}> (0x000000070dc323d8) 
thrown [s\open\src\hotspot\share\runtime\reflection.cpp, line 1121]
Event: 359.763 Thread 0x0000015f716292d0 Exception <a 'java/lang/reflect/InvocationTargetException'{0x000000070dc8a0f0}> (0x000000070dc8a0f0) 
thrown [s\open\src\hotspot\share\runtime\reflection.cpp, line 1121]
Event: 363.596 Thread 0x0000015f6d4ec6e0 Implicit null exception at 0x0000015f539953fc to 0x0000015f539959b8
Event: 363.630 Thread 0x0000015f6d4ec6e0 Exception <a 'java/io/FileNotFoundException'{0x00000007198c1360}> (0x00000007198c1360) 
thrown [s\open\src\hotspot\share\prims\jni.cpp, line 516]
Event: 363.661 Thread 0x0000015f6d4ec6e0 Exception <a 'java/lang/NullPointerException'{0x00000007199e44d8}> (0x00000007199e44d8) 
thrown [s\open\src\hotspot\share\interpreter\linkResolver.cpp, line 1350]
Event: 363.661 Thread 0x0000015f6d4ec6e0 Exception <a 'java/lang/NullPointerException'{0x00000007199e4fd8}> (0x00000007199e4fd8) 
thrown [s\open\src\hotspot\share\interpreter\linkResolver.cpp, line 1350]
Event: 363.661 Thread 0x0000015f6d4ec6e0 Exception <a 'java/lang/NullPointerException'{0x00000007199e5ad8}> (0x00000007199e5ad8) 
thrown [s\open\src\hotspot\share\interpreter\linkResolver.cpp, line 1350]
Event: 363.668 Thread 0x0000015f6d4ec6e0 Exception <a 'java/lang/NullPointerException'{0x0000000711c22db0}> (0x0000000711c22db0) 
thrown [s\open\src\hotspot\share\interpreter\linkResolver.cpp, line 1350]
Event: 363.668 Thread 0x0000015f6d4ec6e0 Exception <a 'java/lang/NullPointerException'{0x0000000711c238b0}> (0x0000000711c238b0) 
thrown [s\open\src\hotspot\share\interpreter\linkResolver.cpp, line 1350]
Event: 363.668 Thread 0x0000015f6d4ec6e0 Exception <a 'java/lang/NullPointerException'{0x0000000711c243b0}> (0x0000000711c243b0) 
thrown [s\open\src\hotspot\share\interpreter\linkResolver.cpp, line 1350]
Event: 363.671 Thread 0x0000015f6d4ec6e0 Exception <a 'java/io/FileNotFoundException'{0x0000000711c32ff8}> (0x0000000711c32ff8) 
thrown [s\open\src\hotspot\share\prims\jni.cpp, line 516]
Event: 363.722 Thread 0x0000015f6d4ec6e0 Implicit null exception at 0x0000015f5349ecd5 to 0x0000015f5349f2a0
Event: 364.558 Thread 0x0000015f6d4ec6e0 Implicit null exception at 0x0000015f534a74d2 to 0x0000015f534a7a90
Event: 365.740 Thread 0x0000015f6d4ec6e0 Exception <a 'java/io/FileNotFoundException'{0x000000070f8c6c08}> (0x000000070f8c6c08) 
thrown [s\open\src\hotspot\share\prims\jni.cpp, line 516]
Event: 365.740 Thread 0x0000015f6d4ec6e0 Exception <a 'java/io/FileNotFoundException'{0x000000070f8c7f10}> (0x000000070f8c7f10) 
thrown [s\open\src\hotspot\share\prims\jni.cpp, line 516]
Event: 367.541 Thread 0x0000015f6d4ec6e0 Exception <a 'java/lang/NoSuchMethodError'{0x000000070f9be748}: 'java.lang.Object java.lang.invoke.Invokers$Holder.linkToTargetMethod(java.lang.Object, int, java.lang.Object, java.lang.Object, java.lang.Object, java.lang.Object)'> (0x000000070f9be748) 
thrown [s\open\src\hotspot\share\interpreter\linkResolver.cpp, line 759]
Event: 367.543 Thread 0x0000015f6d4ec6e0 Exception <a 'java/lang/NoSuchMethodError'{0x000000070f9cb908}: 'int java.lang.invoke.DirectMethodHandle$Holder.invokeStatic(java.lang.Object, java.lang.Object, int, java.lang.Object)'> (0x000000070f9cb908) 
thrown [s\open\src\hotspot\share\interpreter\linkResolver.cpp, line 759]
Event: 367.554 Thread 0x0000015f6d4ec6e0 Exception <a 'java/lang/NoSuchMethodError'{0x000000070f6158a0}: 'java.lang.Object java.lang.invoke.DirectMethodHandle$Holder.invokeStatic(java.lang.Object, int, java.lang.Object)'> (0x000000070f6158a0) 
thrown [s\open\src\hotspot\share\interpreter\linkResolver.cpp, line 759]

VM Operations (20 events):
Event: 363.558 Executing VM operation: HandshakeAllThreads
Event: 363.558 Executing VM operation: HandshakeAllThreads done
Event: 363.558 Executing VM operation: Cleanup
Event: 363.558 Executing VM operation: Cleanup done
Event: 363.593 Executing VM operation: HandshakeAllThreads
Event: 363.593 Executing VM operation: HandshakeAllThreads done
Event: 363.598 Executing VM operation: G1CollectForAllocation
Event: 363.602 Executing VM operation: G1CollectForAllocation done
Event: 363.619 Executing VM operation: HandshakeAllThreads
Event: 363.619 Executing VM operation: HandshakeAllThreads done
Event: 364.634 Executing VM operation: Cleanup
Event: 364.650 Executing VM operation: Cleanup done
Event: 365.662 Executing VM operation: Cleanup
Event: 365.662 Executing VM operation: Cleanup done
Event: 366.674 Executing VM operation: Cleanup
Event: 366.675 Executing VM operation: Cleanup done
Event: 367.573 Executing VM operation: HandshakeAllThreads
Event: 367.573 Executing VM operation: HandshakeAllThreads done
Event: 368.579 Executing VM operation: Cleanup
Event: 368.579 Executing VM operation: Cleanup done

Events (20 events):
Event: 364.749 loading class sun/security/ssl/CertificateVerify$T13CertificateVerifyMessage
Event: 364.750 loading class sun/security/ssl/CertificateVerify$T13CertificateVerifyMessage done
Event: 364.760 loading class sun/security/ssl/SSLBasicKeyDerivation
Event: 364.761 loading class sun/security/ssl/SSLBasicKeyDerivation done
Event: 364.761 loading class sun/security/ssl/SSLBasicKeyDerivation$SecretSizeSpec
Event: 364.761 loading class sun/security/ssl/SSLBasicKeyDerivation$SecretSizeSpec done
Event: 364.990 Thread 0x0000015f6fb77540 Thread exited: 0x0000015f6fb77540
Event: 364.990 loading class sun/security/ssl/PostHandshakeContext
Event: 364.990 loading class sun/security/ssl/PostHandshakeContext done
Event: 364.990 loading class sun/security/ssl/NewSessionTicket$T13NewSessionTicketMessage
Event: 364.993 loading class sun/security/ssl/NewSessionTicket$NewSessionTicketMessage
Event: 364.993 loading class sun/security/ssl/NewSessionTicket$NewSessionTicketMessage done
Event: 364.993 loading class sun/security/ssl/NewSessionTicket$T13NewSessionTicketMessage done
Event: 364.994 Thread 0x0000015f6fb7aa60 Thread exited: 0x0000015f6fb7aa60
Event: 367.570 loading class sun/util/calendar/JulianCalendar
Event: 367.571 loading class sun/util/calendar/JulianCalendar done
Event: 367.573 loading class sun/util/calendar/Era
Event: 367.573 loading class sun/util/calendar/Era done
Event: 367.573 loading class sun/util/calendar/ImmutableGregorianDate
Event: 367.573 loading class sun/util/calendar/ImmutableGregorianDate done


Dynamic libraries:
0x00007ff735020000 - 0x00007ff735030000 	C:\Program Files\Java\jdk-17\bin\java.exe
0x00007ffdc9210000 - 0x00007ffdc9427000 	C:\WINDOWS\SYSTEM32\ntdll.dll
0x00007ffdc8220000 - 0x00007ffdc82e4000 	C:\WINDOWS\System32\KERNEL32.DLL
0x00007ffdc6790000 - 0x00007ffdc6b61000 	C:\WINDOWS\System32\KERNELBASE.dll
0x00007ffdc6ce0000 - 0x00007ffdc6df1000 	C:\WINDOWS\System32\ucrtbase.dll
0x00007ffd95ba0000 - 0x00007ffd95bb9000 	C:\Program Files\Java\jdk-17\bin\jli.dll
0x00007ffdc9110000 - 0x00007ffdc91c1000 	C:\WINDOWS\System32\ADVAPI32.dll
0x00007ffdc74e0000 - 0x00007ffdc7587000 	C:\WINDOWS\System32\msvcrt.dll
0x00007ffdc8140000 - 0x00007ffdc81e7000 	C:\WINDOWS\System32\sechost.dll
0x00007ffdc6eb0000 - 0x00007ffdc6ed8000 	C:\WINDOWS\System32\bcrypt.dll
0x00007ffdc8b80000 - 0x00007ffdc8c94000 	C:\WINDOWS\System32\RPCRT4.dll
0x00007ffdc8d20000 - 0x00007ffdc8ed1000 	C:\WINDOWS\System32\USER32.dll
0x00007ffdc6e80000 - 0x00007ffdc6ea6000 	C:\WINDOWS\System32\win32u.dll
0x00007ffda8870000 - 0x00007ffda8b02000 	C:\WINDOWS\WinSxS\amd64_microsoft.windows.common-controls_6595b64144ccf1df_6.0.22621.4830_none_270fe7d773858e80\COMCTL32.dll
0x00007ffdc81f0000 - 0x00007ffdc8219000 	C:\WINDOWS\System32\GDI32.dll
0x00007ffdc6670000 - 0x00007ffdc678b000 	C:\WINDOWS\System32\gdi32full.dll
0x00007ffdc6410000 - 0x00007ffdc64aa000 	C:\WINDOWS\System32\msvcp_win.dll
0x00007ffdc2380000 - 0x00007ffdc238a000 	C:\WINDOWS\SYSTEM32\VERSION.dll
0x00007ffd997e0000 - 0x00007ffd997fb000 	C:\Program Files\Java\jdk-17\bin\VCRUNTIME140.dll
0x00007ffdc7d30000 - 0x00007ffdc7d61000 	C:\WINDOWS\System32\IMM32.DLL
0x00007ffdb5570000 - 0x00007ffdb557c000 	C:\Program Files\Java\jdk-17\bin\vcruntime140_1.dll
0x00007ffd6ccb0000 - 0x00007ffd6cd3e000 	C:\Program Files\Java\jdk-17\bin\msvcp140.dll
0x00007ffd01910000 - 0x00007ffd024f1000 	C:\Program Files\Java\jdk-17\bin\server\jvm.dll
0x00007ffdc7180000 - 0x00007ffdc7188000 	C:\WINDOWS\System32\PSAPI.DLL
0x00007ffdc2070000 - 0x00007ffdc2079000 	C:\WINDOWS\SYSTEM32\WSOCK32.dll
0x00007ffdc2390000 - 0x00007ffdc23c4000 	C:\WINDOWS\SYSTEM32\WINMM.dll
0x00007ffdc8ca0000 - 0x00007ffdc8d11000 	C:\WINDOWS\System32\WS2_32.dll
0x00007ffdc5300000 - 0x00007ffdc5318000 	C:\WINDOWS\SYSTEM32\kernel.appcore.dll
0x00007ffdb1f20000 - 0x00007ffdb1f2a000 	C:\Program Files\Java\jdk-17\bin\jimage.dll
0x00007ffdc36a0000 - 0x00007ffdc38d2000 	C:\WINDOWS\SYSTEM32\DBGHELP.DLL
0x00007ffdc7da0000 - 0x00007ffdc8130000 	C:\WINDOWS\System32\combase.dll
0x00007ffdc6ee0000 - 0x00007ffdc6fb7000 	C:\WINDOWS\System32\OLEAUT32.dll
0x00007ffdc2680000 - 0x00007ffdc26b2000 	C:\WINDOWS\SYSTEM32\dbgcore.DLL
0x00007ffdc6e00000 - 0x00007ffdc6e7b000 	C:\WINDOWS\System32\bcryptPrimitives.dll
0x00007ffd6d1e0000 - 0x00007ffd6d205000 	C:\Program Files\Java\jdk-17\bin\java.dll
0x00007ffd4df40000 - 0x00007ffd4e017000 	C:\Program Files\Java\jdk-17\bin\jsvml.dll
0x00007ffdc82f0000 - 0x00007ffdc8b78000 	C:\WINDOWS\System32\SHELL32.dll
0x00007ffdc64b0000 - 0x00007ffdc65ef000 	C:\WINDOWS\System32\wintypes.dll
0x00007ffdc4260000 - 0x00007ffdc4b6c000 	C:\WINDOWS\SYSTEM32\windows.storage.dll
0x00007ffdc73d0000 - 0x00007ffdc74da000 	C:\WINDOWS\System32\SHCORE.dll
0x00007ffdc8ee0000 - 0x00007ffdc8f3e000 	C:\WINDOWS\System32\shlwapi.dll
0x00007ffdc6280000 - 0x00007ffdc62ab000 	C:\WINDOWS\SYSTEM32\profapi.dll
0x00007ffd90c50000 - 0x00007ffd90c69000 	C:\Program Files\Java\jdk-17\bin\net.dll
0x00007ffdbd140000 - 0x00007ffdbd26c000 	C:\WINDOWS\SYSTEM32\WINHTTP.dll
0x00007ffdc57d0000 - 0x00007ffdc583a000 	C:\WINDOWS\system32\mswsock.dll
0x00007ffd771d0000 - 0x00007ffd771e6000 	C:\Program Files\Java\jdk-17\bin\nio.dll
0x00007ffd753e0000 - 0x00007ffd753f8000 	C:\Program Files\Java\jdk-17\bin\zip.dll
0x00007ffdb19b0000 - 0x00007ffdb19be000 	C:\Program Files\Java\jdk-17\bin\sunmscapi.dll
0x00007ffdc6b70000 - 0x00007ffdc6cd6000 	C:\WINDOWS\System32\CRYPT32.dll
0x00007ffdc5c90000 - 0x00007ffdc5cbd000 	C:\WINDOWS\SYSTEM32\ncrypt.dll
0x00007ffdc5be0000 - 0x00007ffdc5c17000 	C:\WINDOWS\SYSTEM32\NTASN1.dll
0x00007ffdc59f0000 - 0x00007ffdc5a0b000 	C:\WINDOWS\SYSTEM32\CRYPTSP.dll
0x00007ffdc52c0000 - 0x00007ffdc52f7000 	C:\WINDOWS\system32\rsaenh.dll
0x00007ffdc5890000 - 0x00007ffdc58b8000 	C:\WINDOWS\SYSTEM32\USERENV.dll
0x00007ffdc5a20000 - 0x00007ffdc5a2c000 	C:\WINDOWS\SYSTEM32\CRYPTBASE.dll
0x00007ffdc4e10000 - 0x00007ffdc4e3d000 	C:\WINDOWS\SYSTEM32\IPHLPAPI.DLL
0x00007ffdc7d70000 - 0x00007ffdc7d79000 	C:\WINDOWS\System32\NSI.dll
0x00007ffdc22e0000 - 0x00007ffdc22f9000 	C:\WINDOWS\SYSTEM32\dhcpcsvc6.DLL
0x00007ffdc22c0000 - 0x00007ffdc22df000 	C:\WINDOWS\SYSTEM32\dhcpcsvc.DLL
0x00007ffdc4e40000 - 0x00007ffdc4f42000 	C:\WINDOWS\SYSTEM32\DNSAPI.dll
0x00007ffdb1e00000 - 0x00007ffdb1e0a000 	C:\Program Files\Java\jdk-17\bin\management.dll
0x00007ffdb1dd0000 - 0x00007ffdb1ddb000 	C:\Program Files\Java\jdk-17\bin\management_ext.dll
0x00007ffda34e0000 - 0x00007ffda34f0000 	C:\Program Files\Java\jdk-17\bin\verify.dll
0x00007ffd990c0000 - 0x00007ffd990d7000 	C:\WINDOWS\system32\napinsp.dll
0x00007ffd990a0000 - 0x00007ffd990bb000 	C:\WINDOWS\system32\pnrpnsp.dll
0x00007ffd98ee0000 - 0x00007ffd98ef1000 	C:\WINDOWS\System32\winrnr.dll
0x00007ffdbca20000 - 0x00007ffdbca35000 	C:\WINDOWS\system32\wshbth.dll
0x00007ffd98c70000 - 0x00007ffd98c97000 	C:\WINDOWS\system32\nlansp_c.dll
0x00007ffdb5eb0000 - 0x00007ffdb5eba000 	C:\Windows\System32\rasadhlp.dll
0x00007ffdbaed0000 - 0x00007ffdbaf53000 	C:\WINDOWS\System32\fwpuclnt.dll
0x00007ffd90c30000 - 0x00007ffd90c38000 	C:\WINDOWS\system32\wshunix.dll

dbghelp: loaded successfully - version: 4.0.5 - missing functions: none
symbol engine: initialized successfully - sym options: 0x614 - pdb path: .;C:\Program Files\Java\jdk-17\bin;C:\WINDOWS\SYSTEM32;C:\WINDOWS\WinSxS\amd64_microsoft.windows.common-controls_6595b64144ccf1df_6.0.22621.4830_none_270fe7d773858e80;C:\Program Files\Java\jdk-17\bin\server

VM Arguments:
jvm_args: -XX:+ShowCodeDetailsInExceptionMessages 
java_command: com.example.thuan.ThuanApplication
java_class_path (initial): D:\swp\SWP391_GR5_SE1812\ReadHasha_BackEnd\thuan\build\resources\main;D:\swp\SWP391_GR5_SE1812\ReadHasha_BackEnd\thuan\build\classes\java\main;C:\Users\tinhu\.gradle\caches\modules-2\files-2.1\com.fasterxml.jackson.datatype\jackson-datatype-jdk8\2.18.2\9ed6d538ebcc66864e114a7040953dce6ab6ea53\jackson-datatype-jdk8-2.18.2.jar;C:\Users\tinhu\.gradle\caches\modules-2\files-2.1\com.fasterxml.jackson.core\jackson-annotations\2.15.0\89b0fd554928425a776a6e97ed010034312af21d\jackson-annotations-2.15.0.jar;C:\Users\tinhu\.gradle\caches\modules-2\files-2.1\org.springframework\spring-tx\6.2.2\91a2e378d0e457b9c500f2b30aaf8a7a422ba522\spring-tx-6.2.2.jar;C:\Users\tinhu\.gradle\caches\modules-2\files-2.1\com.sun.activation\jakarta.activation\2.0.1\828b80e886a52bb09fe41ff410b10b342f533ce1\jakarta.activation-2.0.1.jar;C:\Users\tinhu\.gradle\caches\modules-2\files-2.1\org.glassfish.jaxb\jaxb-core\4.0.5\7b4b11ea5542eea4ad55e1080b23be436795b3\jaxb-core-4.0.5.jar;C:\Users\tinhu\.gradle\caches\modules-2\files-2.1\org.hibernate.common\hibernate-commons-annotations\7.0.3.Final\e183c4be8bb41d12e9f19b374e00c34a0a85f439\hibernate-commons-annotations-7.0.3.Final.jar;C:\Users\tinhu\.gradle\caches\modules-2\files-2.1\com.fasterxml\classmate\1.7.0\e98374da1f2143ac8e6e0a95036994bb19137a3\classmate-1.7.0.jar;C:\Users\tinhu\.gradle\caches\modules-2\files-2.1\org.springframework\spring-expression\6.2.2\20164dd3a70d0048185cf02bb1b097b22e73d820\spring-expression-6.2.2.jar;C:\Users\tinhu\.gradle\caches\modules-2\files-2.1\org.apache.logging.log4j\log4j-to-slf4j\2.24.3\da1143e2a2531ee1c2d90baa98eb50a28a39d5a7\log4j-to-slf4j-2.24.3.jar;C:\Users\tinhu\.gradle\caches\modules-2\files-2.1\io.jsonwebtoken\jjwt-impl\0.11.5\40a599f0e8a8e4e0701596fbb15e67bfda64fdf0\jjwt-impl-0.11.5.jar;C:\Users\tinhu\.gradle\caches\modules-2\files-2.1\org.springframework.security\spring-security-crypto\6.4.2\a4d5bf27ca449200fc39e07de6ae016eb1ad21da\spring-security-crypto-6.4.2.jar;C:\Users\tinhu\.gra
Launcher Type: SUN_STANDARD

[Global flags]
     intx CICompilerCount                          = 4                                         {product} {ergonomic}
     uint ConcGCThreads                            = 3                                         {product} {ergonomic}
     uint G1ConcRefinementThreads                  = 10                                        {product} {ergonomic}
   size_t G1HeapRegionSize                         = 2097152                                   {product} {ergonomic}
    uintx GCDrainStackTargetSize                   = 64                                        {product} {ergonomic}
   size_t InitialHeapSize                          = 257949696                                 {product} {ergonomic}
   size_t MarkStackSize                            = 4194304                                   {product} {ergonomic}
   size_t MaxHeapSize                              = 4123000832                                {product} {ergonomic}
   size_t MaxNewSize                               = 2472542208                                {product} {ergonomic}
   size_t MinHeapDeltaBytes                        = 2097152                                   {product} {ergonomic}
   size_t MinHeapSize                              = 8388608                                   {product} {ergonomic}
    uintx NonNMethodCodeHeapSize                   = 5839372                                {pd product} {ergonomic}
    uintx NonProfiledCodeHeapSize                  = 122909434                              {pd product} {ergonomic}
    uintx ProfiledCodeHeapSize                     = 122909434                              {pd product} {ergonomic}
    uintx ReservedCodeCacheSize                    = 251658240                              {pd product} {ergonomic}
     bool SegmentedCodeCache                       = true                                      {product} {ergonomic}
     bool ShowCodeDetailsInExceptionMessages       = true                                   {manageable} {command line}
   size_t SoftMaxHeapSize                          = 4123000832                             {manageable} {ergonomic}
     bool UseCompressedClassPointers               = true                           {product lp64_product} {ergonomic}
     bool UseCompressedOops                        = true                           {product lp64_product} {ergonomic}
     bool UseG1GC                                  = true                                      {product} {ergonomic}
     bool UseLargePagesIndividualAllocation        = false                                  {pd product} {ergonomic}

Logging:
Log output configuration:
 #0: stdout all=warning uptime,level,tags
 #1: stderr all=off uptime,level,tags

Environment Variables:
JAVA_HOME=C:\Program Files\Java\jdk-17
PATH=C:\Program Files\Common Files\Oracle\Java\javapath;C:\Program Files (x86)\Common Files\Oracle\Java\javapath;C:\WINDOWS\system32;C:\WINDOWS;C:\WINDOWS\System32\Wbem;C:\WINDOWS\System32\WindowsPowerShell\v1.0\;C:\WINDOWS\System32\OpenSSH\;C:\Program Files (x86)\Microsoft SQL Server\160\Tools\Binn\;C:\Program Files\Microsoft SQL Server\160\Tools\Binn\;C:\Program Files\Microsoft SQL Server\Client SDK\ODBC\170\Tools\Binn\;C:\Program Files\Microsoft SQL Server\160\DTS\Binn\;C:\Program Files (x86)\Microsoft SQL Server\160\DTS\Binn\;C:\Program Files (x86)\Yarn\bin\;C:\Program Files\Git\cmd;C:\Users\tinhu\.foundry\bin;C:\Users\tinhu\.aiken\bin;C:\Program Files\cardano-node-10.1.3-win64\bin;C:\Users\tinhu\AppData\Roaming\nvm;C:\Program Files\nodejs;C:\Users\tinhu\AppData\Roaming\npm;D:\app\tin@269204\sui-testnet-v1.38.3-windows-x86_64;C:\Users\tinhu\AppData\Roaming\npm;C:\Program Files\Java\jdk-17\bin;C:\Users\tinhu\AppData\Local\scarb-v2.10.1-x86_64-pc-windows-msvc\bin;C:\Users\tinhu\.cargo\bin;C:\Users\tinhu\AppData\Local\starkli-x86_64-pc-windows-msvc;C:\Program Files\Cloudflare\Cloudflare WARP\;c:\Users\tinhu\AppData\Local\Programs\Trae\bin;C:\Users\tinhu\.cargo\bin;C:\Users\tinhu\AppData\Local\Programs\Python\Python311\Scripts\;C:\Users\tinhu\AppData\Local\Programs\Python\Python311\;C:\Users\tinhu\AppData\Local\Programs\Python\Python313\Scripts\;C:\Users\tinhu\AppData\Local\Programs\Python\Python313\;C:\Users\tinhu\AppData\Local\Microsoft\WindowsApps;C:\Users\tinhu\AppData\Local\Programs\Microsoft VS Code\bin;C:\Users\tinhu\AppData\Roaming\npm;C:\Users\tinhu\AppData\Local\Yarn\bin;D:\heroku\bin;C:\Users\tinhu\AppData\Roaming\nvm;C:\Program Files\nodejs;C:\Users\tinhu\AppData\Local\Programs\cursor\resources\app\bin
USERNAME=tins
LANG=en_US.UTF-8
OS=Windows_NT
PROCESSOR_IDENTIFIER=AMD64 Family 23 Model 104 Stepping 1, AuthenticAMD



---------------  S Y S T E M  ---------------

OS:
 Windows 11 , 64 bit Build 22621 (10.0.22621.4974)
OS uptime: 3 days 10:44 hours
Hyper-V role detected

CPU: total 12 (initial active 12) (12 cores per cpu, 2 threads per core) family 23 model 104 stepping 1 microcode 0x0, cx8, cmov, fxsr, ht, mmx, 3dnowpref, sse, sse2, sse3, ssse3, sse4a, sse4.1, sse4.2, popcnt, lzcnt, tsc, tscinvbit, avx, avx2, aes, clmul, bmi1, bmi2, adx, sha, fma, vzeroupper, clflush, clflushopt, hv

Memory: 4k page, system-wide physical 15722M (543M free)
TotalPageFile size 31722M (AvailPageFile size 18M)
current process WorkingSet (physical memory assigned to process): 291M, peak: 322M
current process commit charge ("private bytes"): 331M, peak: 407M

vm_info: Java HotSpot(TM) 64-Bit Server VM (17.0.9+11-LTS-201) for windows-amd64 JRE (17.0.9+11-LTS-201), built on Oct 10 2023 23:16:06 by "mach5one" with MS VC++ 17.1 (VS2022)

END.
