#
# There is insufficient memory for the Java Runtime Environment to continue.
# Native memory allocation (malloc) failed to allocate 603856 bytes for Chunk::new
# Possible reasons:
#   The system is out of physical RAM or swap space
#   The process is running with CompressedOops enabled, and the Java Heap may be blocking the growth of the native heap
# Possible solutions:
#   Reduce memory load on the system
#   Increase physical memory or swap space
#   Check if swap backing store is full
#   Decrease Java heap size (-Xmx/-Xms)
#   Decrease number of Java threads
#   Decrease Java thread stack sizes (-Xss)
#   Set larger code cache with -XX:ReservedCodeCacheSize=
#   JVM is running with Zero Based Compressed Oops mode in which the Java heap is
#     placed in the first 32GB address space. The Java Heap base address is the
#     maximum limit for the native heap growth. Please use -XX:HeapBaseMinAddress
#     to set the Java Heap base and to place the Java Heap above 32GB virtual address.
# This output file may be truncated or incomplete.
#
#  Out of Memory Error (arena.cpp:189), pid=11388, tid=36068
#
# JRE version: Java(TM) SE Runtime Environment (17.0.9+11) (build 17.0.9+11-LTS-201)
# Java VM: Java HotSpot(TM) 64-Bit Server VM (17.0.9+11-LTS-201, mixed mode, sharing, tiered, compressed oops, compressed class ptrs, g1 gc, windows-amd64)
# No core dump will be written. Minidumps are not enabled by default on client versions of Windows
#

---------------  S U M M A R Y ------------

Command Line: -agentlib:jdwp=transport=dt_socket,server=n,suspend=y,address=localhost:53182 -Dcom.sun.management.jmxremote -Dcom.sun.management.jmxremote.port=61119 -Dcom.sun.management.jmxremote.authenticate=false -Dcom.sun.management.jmxremote.ssl=false -Dspring.jmx.enabled=true -Djava.rmi.server.hostname=localhost -Dspring.application.admin.enabled=true -Dspring.boot.project.name=thuan -XX:+ShowCodeDetailsInExceptionMessages com.example.thuan.ThuanApplication

Host: AMD Ryzen 7 6800H with Radeon Graphics         , 16 cores, 15G,  Windows 11 , 64 bit Build 22621 (10.0.22621.4830)
Time: Sun Mar  2 04:17:38 2025 SE Asia Standard Time elapsed time: 2.842213 seconds (0d 0h 0m 2s)

---------------  T H R E A D  ---------------

Current thread (0x000002946f025b60):  JavaThread "C2 CompilerThread1" daemon [_thread_in_native, id=36068, stack(0x000000d77ce00000,0x000000d77cf00000)]


Current CompileTask:
C2:   2842 4470   !   4       org.springframework.core.annotation.AnnotationsScanner::processMethodHierarchy (276 bytes)

Stack: [0x000000d77ce00000,0x000000d77cf00000]
Native frames: (J=compiled Java code, j=interpreted, Vv=VM code, C=native code)
V  [jvm.dll+0x678a4a]
V  [jvm.dll+0x7d9cfd]
V  [jvm.dll+0x7db60e]
V  [jvm.dll+0x7dbc73]
V  [jvm.dll+0x245e1f]
V  [jvm.dll+0xaaafb]
V  [jvm.dll+0xab09c]
V  [jvm.dll+0x11d5c4]
V  [jvm.dll+0x60c6b3]
V  [jvm.dll+0x60ad74]
V  [jvm.dll+0x217fae]
V  [jvm.dll+0x217561]
V  [jvm.dll+0x1a3bc0]
V  [jvm.dll+0x2272de]
V  [jvm.dll+0x22548b]
V  [jvm.dll+0x78f58c]
V  [jvm.dll+0x78998a]
V  [jvm.dll+0x677875]
C  [ucrtbase.dll+0x29333]
C  [KERNEL32.DLL+0x1259d]
C  [ntdll.dll+0x5af38]


---------------  P R O C E S S  ---------------

Threads class SMR info:
_java_thread_list=0x0000029473732fc0, length=31, elements={
0x0000029405f10600, 0x00000294291a0bb0, 0x00000294291a1830, 0x00000294291b6920,
0x00000294291b8200, 0x00000294291b8ad0, 0x00000294291b93a0, 0x00000294291b9fa0,
0x00000294291c5130, 0x00000294291cc7b0, 0x000002942890d810, 0x00000294292e1810,
0x00000294293b7590, 0x00000294293b9250, 0x00000294293b9740, 0x00000294293ba010,
0x000002946f025b60, 0x000002946f026080, 0x000002946f3f1a10, 0x000002946f431d90,
0x000002946f42fea0, 0x000002946f41c4c0, 0x000002946fe6a430, 0x000002947236fab0,
0x0000029470744820, 0x0000029471bb57f0, 0x0000029472663c70, 0x00000294724f2970,
0x0000029471244f90, 0x00000294712454a0, 0x0000029471246df0
}

Java Threads: ( => current thread )
  0x0000029405f10600 JavaThread "main" [_thread_in_vm, id=32908, stack(0x000000d77b800000,0x000000d77b900000)]
  0x00000294291a0bb0 JavaThread "Reference Handler" daemon [_thread_blocked, id=37284, stack(0x000000d77bf00000,0x000000d77c000000)]
  0x00000294291a1830 JavaThread "Finalizer" daemon [_thread_blocked, id=36420, stack(0x000000d77c000000,0x000000d77c100000)]
  0x00000294291b6920 JavaThread "Signal Dispatcher" daemon [_thread_blocked, id=9104, stack(0x000000d77c100000,0x000000d77c200000)]
  0x00000294291b8200 JavaThread "Attach Listener" daemon [_thread_blocked, id=19504, stack(0x000000d77c200000,0x000000d77c300000)]
  0x00000294291b8ad0 JavaThread "Service Thread" daemon [_thread_blocked, id=28572, stack(0x000000d77c300000,0x000000d77c400000)]
  0x00000294291b93a0 JavaThread "Monitor Deflation Thread" daemon [_thread_blocked, id=31616, stack(0x000000d77c400000,0x000000d77c500000)]
  0x00000294291b9fa0 JavaThread "C2 CompilerThread0" daemon [_thread_in_native, id=25960, stack(0x000000d77c500000,0x000000d77c600000)]
  0x00000294291c5130 JavaThread "C1 CompilerThread0" daemon [_thread_in_native, id=9648, stack(0x000000d77c600000,0x000000d77c700000)]
  0x00000294291cc7b0 JavaThread "Sweeper thread" daemon [_thread_blocked, id=37416, stack(0x000000d77c700000,0x000000d77c800000)]
  0x000002942890d810 JavaThread "Common-Cleaner" daemon [_thread_blocked, id=26472, stack(0x000000d77c800000,0x000000d77c900000)]
  0x00000294292e1810 JavaThread "C1 CompilerThread1" daemon [_thread_in_native, id=31852, stack(0x000000d77c900000,0x000000d77ca00000)]
  0x00000294293b7590 JavaThread "JDWP Transport Listener: dt_socket" daemon [_thread_blocked, id=28108, stack(0x000000d77ca00000,0x000000d77cb00000)]
  0x00000294293b9250 JavaThread "JDWP Event Helper Thread" daemon [_thread_blocked, id=37360, stack(0x000000d77cb00000,0x000000d77cc00000)]
  0x00000294293b9740 JavaThread "JDWP Command Reader" daemon [_thread_in_native, id=10392, stack(0x000000d77cc00000,0x000000d77cd00000)]
  0x00000294293ba010 JavaThread "Notification Thread" daemon [_thread_blocked, id=34968, stack(0x000000d77cd00000,0x000000d77ce00000)]
=>0x000002946f025b60 JavaThread "C2 CompilerThread1" daemon [_thread_in_native, id=36068, stack(0x000000d77ce00000,0x000000d77cf00000)]
  0x000002946f026080 JavaThread "C2 CompilerThread2" daemon [_thread_in_native, id=26212, stack(0x000000d77cf00000,0x000000d77d000000)]
  0x000002946f3f1a10 JavaThread "C1 CompilerThread2" daemon [_thread_blocked, id=388, stack(0x000000d77d000000,0x000000d77d100000)]
  0x000002946f431d90 JavaThread "RMI TCP Accept-0" daemon [_thread_in_native, id=32512, stack(0x000000d77d100000,0x000000d77d200000)]
  0x000002946f42fea0 JavaThread "RMI TCP Accept-61119" daemon [_thread_in_native, id=34672, stack(0x000000d77d200000,0x000000d77d300000)]
  0x000002946f41c4c0 JavaThread "RMI TCP Accept-0" daemon [_thread_in_native, id=24956, stack(0x000000d77d300000,0x000000d77d400000)]
  0x000002946fe6a430 JavaThread "C2 CompilerThread3" daemon [_thread_in_native, id=8656, stack(0x000000d77e200000,0x000000d77e300000)]
  0x000002947236fab0 JavaThread "C1 CompilerThread3" daemon [_thread_in_vm, id=35100, stack(0x000000d77e300000,0x000000d77e400000)]
  0x0000029470744820 JavaThread "C2 CompilerThread4" daemon [_thread_in_native, id=26608, stack(0x000000d77e400000,0x000000d77e500000)]
  0x0000029471bb57f0 JavaThread "C2 CompilerThread5" daemon [_thread_in_native, id=37580, stack(0x000000d77e500000,0x000000d77e600000)]
  0x0000029472663c70 JavaThread "C2 CompilerThread6" daemon [_thread_in_native, id=7444, stack(0x000000d77e800000,0x000000d77e900000)]
  0x00000294724f2970 JavaThread "C2 CompilerThread7" daemon [_thread_in_native, id=29956, stack(0x000000d77e900000,0x000000d77ea00000)]
  0x0000029471244f90 JavaThread "Catalina-utility-1" [_thread_blocked, id=28788, stack(0x000000d77dd00000,0x000000d77de00000)]
  0x00000294712454a0 JavaThread "Catalina-utility-2" [_thread_blocked, id=37088, stack(0x000000d77ea00000,0x000000d77eb00000)]
  0x0000029471246df0 JavaThread "container-0" [_thread_blocked, id=13976, stack(0x000000d77eb00000,0x000000d77ec00000)]

Other Threads:
  0x000002942919b090 VMThread "VM Thread" [stack: 0x000000d77be00000,0x000000d77bf00000] [id=5144]
  0x00000294292dc480 WatcherThread [stack: 0x000000d77d400000,0x000000d77d500000] [id=776]
  0x0000029405f81a90 GCTaskThread "GC Thread#0" [stack: 0x000000d77b900000,0x000000d77ba00000] [id=33832]
  0x000002946fea64c0 GCTaskThread "GC Thread#1" [stack: 0x000000d77d500000,0x000000d77d600000] [id=37320]
  0x000002946fcc8150 GCTaskThread "GC Thread#2" [stack: 0x000000d77d600000,0x000000d77d700000] [id=35684]
  0x000002946fcc8820 GCTaskThread "GC Thread#3" [stack: 0x000000d77d700000,0x000000d77d800000] [id=15084]
  0x000002946fcc8ae0 GCTaskThread "GC Thread#4" [stack: 0x000000d77d800000,0x000000d77d900000] [id=32484]
  0x000002946f817680 GCTaskThread "GC Thread#5" [stack: 0x000000d77d900000,0x000000d77da00000] [id=23616]
  0x000002946f817d50 GCTaskThread "GC Thread#6" [stack: 0x000000d77da00000,0x000000d77db00000] [id=28100]
  0x000002946f818830 GCTaskThread "GC Thread#7" [stack: 0x000000d77db00000,0x000000d77dc00000] [id=21928]
  0x000002946fb6c780 GCTaskThread "GC Thread#8" [stack: 0x000000d77dc00000,0x000000d77dd00000] [id=21104]
  0x000002946fc6e170 GCTaskThread "GC Thread#9" [stack: 0x000000d77de00000,0x000000d77df00000] [id=5224]
  0x0000029470e19610 GCTaskThread "GC Thread#10" [stack: 0x000000d77df00000,0x000000d77e000000] [id=7608]
  0x0000029470c35bc0 GCTaskThread "GC Thread#11" [stack: 0x000000d77e000000,0x000000d77e100000] [id=29892]
  0x000002947005adb0 GCTaskThread "GC Thread#12" [stack: 0x000000d77e100000,0x000000d77e200000] [id=12144]
  0x0000029405f91de0 ConcurrentGCThread "G1 Main Marker" [stack: 0x000000d77ba00000,0x000000d77bb00000] [id=4688]
  0x0000029405f93fa0 ConcurrentGCThread "G1 Conc#0" [stack: 0x000000d77bb00000,0x000000d77bc00000] [id=27836]
  0x000002947005b330 ConcurrentGCThread "G1 Conc#1" [stack: 0x000000d77e600000,0x000000d77e700000] [id=31236]
  0x000002947005a570 ConcurrentGCThread "G1 Conc#2" [stack: 0x000000d77e700000,0x000000d77e800000] [id=5468]
  0x00000294287d6850 ConcurrentGCThread "G1 Refine#0" [stack: 0x000000d77bc00000,0x000000d77bd00000] [id=33264]
  0x00000294287d7190 ConcurrentGCThread "G1 Service" [stack: 0x000000d77bd00000,0x000000d77be00000] [id=28712]

Threads with active compile tasks:
C2 CompilerThread0     2889 4351       4       org.springframework.core.annotation.TypeMappedAnnotations$MergedAnnotationFinder::doWithAnnotations (75 bytes)
C1 CompilerThread0     2889 4594       3       org.springframework.boot.context.properties.source.SpringIterableConfigurationPropertySource::getConfigurationPropertyNames (53 bytes)
C1 CompilerThread1     2890 4598       1       org.springframework.core.convert.TypeDescriptor::getResolvableType (5 bytes)
C2 CompilerThread1     2890 4470   !   4       org.springframework.core.annotation.AnnotationsScanner::processMethodHierarchy (276 bytes)
C2 CompilerThread2     2890 4350       4       org.springframework.core.annotation.TypeMappedAnnotations$MergedAnnotationFinder::doWithAnnotations (10 bytes)
C2 CompilerThread3     2890 4354       4       org.springframework.core.annotation.TypeMappedAnnotations::get (52 bytes)
C1 CompilerThread3     2890 4596       1       org.springframework.context.support.GenericApplicationContext::getBeanFactory (5 bytes)
C2 CompilerThread4     2890 4582       4       java.lang.Class::annotationData (44 bytes)
C2 CompilerThread5     2890 4357   !   4       org.springframework.util.ReflectionUtils::doWithMethods (186 bytes)
C2 CompilerThread6     2890 4356   !   4       org.springframework.core.annotation.AnnotationsScanner::processClassHierarchy (234 bytes)
C2 CompilerThread7     2890 4401       4       java.lang.invoke.LambdaForm$Name::replaceNames (175 bytes)

VM state: not at safepoint (normal execution)

VM Mutex/Monitor currently owned by a thread: None

Heap address: 0x000000070c000000, size: 3904 MB, Compressed Oops mode: Zero based, Oop shift amount: 3

CDS archive(s) mapped at: [0x000002942a000000-0x000002942abd0000-0x000002942abd0000), size 12386304, SharedBaseAddress: 0x000002942a000000, ArchiveRelocationMode: 1.
Compressed class space mapped at: 0x000002942b000000-0x000002946b000000, reserved size: 1073741824
Narrow klass base: 0x000002942a000000, Narrow klass shift: 0, Narrow klass range: 0x100000000

GC Precious Log:
 CPUs: 16 total, 16 available
 Memory: 15613M
 Large Page Support: Disabled
 NUMA Support: Disabled
 Compressed Oops: Enabled (Zero based)
 Heap Region Size: 2M
 Heap Min Capacity: 8M
 Heap Initial Capacity: 244M
 Heap Max Capacity: 3904M
 Pre-touch: Disabled
 Parallel Workers: 13
 Concurrent Workers: 3
 Concurrent Refinement Workers: 13
 Periodic GC: Disabled

Heap:
 garbage-first heap   total 155648K, used 41558K [0x000000070c000000, 0x0000000800000000)
  region size 2048K, 14 young (28672K), 2 survivors (4096K)
 Metaspace       used 35416K, committed 35840K, reserved 1114112K
  class space    used 4526K, committed 4736K, reserved 1048576K

Heap Regions: E=young(eden), S=young(survivor), O=old, HS=humongous(starts), HC=humongous(continues), CS=collection set, F=free, OA=open archive, CA=closed archive, TAMS=top-at-mark-start (previous, next)
|   0|0x000000070c000000, 0x000000070c200000, 0x000000070c200000|100%| O|  |TAMS 0x000000070c200000, 0x000000070c000000| Untracked 
|   1|0x000000070c200000, 0x000000070c400000, 0x000000070c400000|100%| O|  |TAMS 0x000000070c400000, 0x000000070c200000| Untracked 
|   2|0x000000070c400000, 0x000000070c600000, 0x000000070c600000|100%| O|  |TAMS 0x000000070c600000, 0x000000070c400000| Untracked 
|   3|0x000000070c600000, 0x000000070c800000, 0x000000070c800000|100%| O|  |TAMS 0x000000070c800000, 0x000000070c600000| Untracked 
|   4|0x000000070c800000, 0x000000070c831400, 0x000000070ca00000|  9%| O|  |TAMS 0x000000070c831400, 0x000000070c800000| Untracked 
|   5|0x000000070ca00000, 0x000000070cc00000, 0x000000070cc00000|100%| O|  |TAMS 0x000000070ca00000, 0x000000070ca00000| Untracked 
|   6|0x000000070cc00000, 0x000000070ce00000, 0x000000070ce00000|100%| O|  |TAMS 0x000000070cc00000, 0x000000070cc00000| Untracked 
|   7|0x000000070ce00000, 0x000000070d000000, 0x000000070d000000|100%| O|  |TAMS 0x000000070ce00000, 0x000000070ce00000| Untracked 
|   8|0x000000070d000000, 0x000000070d10fa00, 0x000000070d200000| 53%| O|  |TAMS 0x000000070d000000, 0x000000070d000000| Untracked 
|   9|0x000000070d200000, 0x000000070d200000, 0x000000070d400000|  0%| F|  |TAMS 0x000000070d200000, 0x000000070d200000| Untracked 
|  10|0x000000070d400000, 0x000000070d400000, 0x000000070d600000|  0%| F|  |TAMS 0x000000070d400000, 0x000000070d400000| Untracked 
|  11|0x000000070d600000, 0x000000070d600000, 0x000000070d800000|  0%| F|  |TAMS 0x000000070d600000, 0x000000070d600000| Untracked 
|  12|0x000000070d800000, 0x000000070d800000, 0x000000070da00000|  0%| F|  |TAMS 0x000000070d800000, 0x000000070d800000| Untracked 
|  13|0x000000070da00000, 0x000000070da00000, 0x000000070dc00000|  0%| F|  |TAMS 0x000000070da00000, 0x000000070da00000| Untracked 
|  14|0x000000070dc00000, 0x000000070dc00000, 0x000000070de00000|  0%| F|  |TAMS 0x000000070dc00000, 0x000000070dc00000| Untracked 
|  15|0x000000070de00000, 0x000000070de00000, 0x000000070e000000|  0%| F|  |TAMS 0x000000070de00000, 0x000000070de00000| Untracked 
|  16|0x000000070e000000, 0x000000070e154d00, 0x000000070e200000| 66%| S|CS|TAMS 0x000000070e000000, 0x000000070e000000| Complete 
|  17|0x000000070e200000, 0x000000070e400000, 0x000000070e400000|100%| S|CS|TAMS 0x000000070e200000, 0x000000070e200000| Complete 
|  18|0x000000070e400000, 0x000000070e400000, 0x000000070e600000|  0%| F|  |TAMS 0x000000070e400000, 0x000000070e400000| Untracked 
|  19|0x000000070e600000, 0x000000070e600000, 0x000000070e800000|  0%| F|  |TAMS 0x000000070e600000, 0x000000070e600000| Untracked 
|  20|0x000000070e800000, 0x000000070e800000, 0x000000070ea00000|  0%| F|  |TAMS 0x000000070e800000, 0x000000070e800000| Untracked 
|  21|0x000000070ea00000, 0x000000070ea00000, 0x000000070ec00000|  0%| F|  |TAMS 0x000000070ea00000, 0x000000070ea00000| Untracked 
|  22|0x000000070ec00000, 0x000000070ec00000, 0x000000070ee00000|  0%| F|  |TAMS 0x000000070ec00000, 0x000000070ec00000| Untracked 
|  23|0x000000070ee00000, 0x000000070ee00000, 0x000000070f000000|  0%| F|  |TAMS 0x000000070ee00000, 0x000000070ee00000| Untracked 
|  24|0x000000070f000000, 0x000000070f000000, 0x000000070f200000|  0%| F|  |TAMS 0x000000070f000000, 0x000000070f000000| Untracked 
|  25|0x000000070f200000, 0x000000070f200000, 0x000000070f400000|  0%| F|  |TAMS 0x000000070f200000, 0x000000070f200000| Untracked 
|  26|0x000000070f400000, 0x000000070f400000, 0x000000070f600000|  0%| F|  |TAMS 0x000000070f400000, 0x000000070f400000| Untracked 
|  27|0x000000070f600000, 0x000000070f600000, 0x000000070f800000|  0%| F|  |TAMS 0x000000070f600000, 0x000000070f600000| Untracked 
|  28|0x000000070f800000, 0x000000070f800000, 0x000000070fa00000|  0%| F|  |TAMS 0x000000070f800000, 0x000000070f800000| Untracked 
|  29|0x000000070fa00000, 0x000000070fa00000, 0x000000070fc00000|  0%| F|  |TAMS 0x000000070fa00000, 0x000000070fa00000| Untracked 
|  30|0x000000070fc00000, 0x000000070fc00000, 0x000000070fe00000|  0%| F|  |TAMS 0x000000070fc00000, 0x000000070fc00000| Untracked 
|  31|0x000000070fe00000, 0x000000070fe00000, 0x0000000710000000|  0%| F|  |TAMS 0x000000070fe00000, 0x000000070fe00000| Untracked 
|  32|0x0000000710000000, 0x0000000710000000, 0x0000000710200000|  0%| F|  |TAMS 0x0000000710000000, 0x0000000710000000| Untracked 
|  33|0x0000000710200000, 0x0000000710200000, 0x0000000710400000|  0%| F|  |TAMS 0x0000000710200000, 0x0000000710200000| Untracked 
|  34|0x0000000710400000, 0x0000000710400000, 0x0000000710600000|  0%| F|  |TAMS 0x0000000710400000, 0x0000000710400000| Untracked 
|  35|0x0000000710600000, 0x0000000710600000, 0x0000000710800000|  0%| F|  |TAMS 0x0000000710600000, 0x0000000710600000| Untracked 
|  36|0x0000000710800000, 0x0000000710800000, 0x0000000710a00000|  0%| F|  |TAMS 0x0000000710800000, 0x0000000710800000| Untracked 
|  37|0x0000000710a00000, 0x0000000710a00000, 0x0000000710c00000|  0%| F|  |TAMS 0x0000000710a00000, 0x0000000710a00000| Untracked 
|  38|0x0000000710c00000, 0x0000000710c00000, 0x0000000710e00000|  0%| F|  |TAMS 0x0000000710c00000, 0x0000000710c00000| Untracked 
|  39|0x0000000710e00000, 0x0000000710e00000, 0x0000000711000000|  0%| F|  |TAMS 0x0000000710e00000, 0x0000000710e00000| Untracked 
|  40|0x0000000711000000, 0x0000000711000000, 0x0000000711200000|  0%| F|  |TAMS 0x0000000711000000, 0x0000000711000000| Untracked 
|  41|0x0000000711200000, 0x0000000711200000, 0x0000000711400000|  0%| F|  |TAMS 0x0000000711200000, 0x0000000711200000| Untracked 
|  42|0x0000000711400000, 0x0000000711400000, 0x0000000711600000|  0%| F|  |TAMS 0x0000000711400000, 0x0000000711400000| Untracked 
|  43|0x0000000711600000, 0x0000000711600000, 0x0000000711800000|  0%| F|  |TAMS 0x0000000711600000, 0x0000000711600000| Untracked 
|  44|0x0000000711800000, 0x0000000711800000, 0x0000000711a00000|  0%| F|  |TAMS 0x0000000711800000, 0x0000000711800000| Untracked 
|  45|0x0000000711a00000, 0x0000000711a00000, 0x0000000711c00000|  0%| F|  |TAMS 0x0000000711a00000, 0x0000000711a00000| Untracked 
|  46|0x0000000711c00000, 0x0000000711c00000, 0x0000000711e00000|  0%| F|  |TAMS 0x0000000711c00000, 0x0000000711c00000| Untracked 
|  47|0x0000000711e00000, 0x0000000711e00000, 0x0000000712000000|  0%| F|  |TAMS 0x0000000711e00000, 0x0000000711e00000| Untracked 
|  48|0x0000000712000000, 0x0000000712000000, 0x0000000712200000|  0%| F|  |TAMS 0x0000000712000000, 0x0000000712000000| Untracked 
|  49|0x0000000712200000, 0x0000000712200000, 0x0000000712400000|  0%| F|  |TAMS 0x0000000712200000, 0x0000000712200000| Untracked 
|  50|0x0000000712400000, 0x0000000712400000, 0x0000000712600000|  0%| F|  |TAMS 0x0000000712400000, 0x0000000712400000| Untracked 
|  51|0x0000000712600000, 0x0000000712600000, 0x0000000712800000|  0%| F|  |TAMS 0x0000000712600000, 0x0000000712600000| Untracked 
|  52|0x0000000712800000, 0x0000000712800000, 0x0000000712a00000|  0%| F|  |TAMS 0x0000000712800000, 0x0000000712800000| Untracked 
|  53|0x0000000712a00000, 0x0000000712a00000, 0x0000000712c00000|  0%| F|  |TAMS 0x0000000712a00000, 0x0000000712a00000| Untracked 
|  54|0x0000000712c00000, 0x0000000712c00000, 0x0000000712e00000|  0%| F|  |TAMS 0x0000000712c00000, 0x0000000712c00000| Untracked 
|  55|0x0000000712e00000, 0x0000000712e00000, 0x0000000713000000|  0%| F|  |TAMS 0x0000000712e00000, 0x0000000712e00000| Untracked 
|  56|0x0000000713000000, 0x0000000713000000, 0x0000000713200000|  0%| F|  |TAMS 0x0000000713000000, 0x0000000713000000| Untracked 
|  57|0x0000000713200000, 0x0000000713200000, 0x0000000713400000|  0%| F|  |TAMS 0x0000000713200000, 0x0000000713200000| Untracked 
|  58|0x0000000713400000, 0x0000000713400000, 0x0000000713600000|  0%| F|  |TAMS 0x0000000713400000, 0x0000000713400000| Untracked 
|  59|0x0000000713600000, 0x0000000713600000, 0x0000000713800000|  0%| F|  |TAMS 0x0000000713600000, 0x0000000713600000| Untracked 
|  60|0x0000000713800000, 0x0000000713800000, 0x0000000713a00000|  0%| F|  |TAMS 0x0000000713800000, 0x0000000713800000| Untracked 
|  61|0x0000000713a00000, 0x0000000713a00000, 0x0000000713c00000|  0%| F|  |TAMS 0x0000000713a00000, 0x0000000713a00000| Untracked 
|  62|0x0000000713c00000, 0x0000000713c00000, 0x0000000713e00000|  0%| F|  |TAMS 0x0000000713c00000, 0x0000000713c00000| Untracked 
|  63|0x0000000713e00000, 0x0000000713e00000, 0x0000000714000000|  0%| F|  |TAMS 0x0000000713e00000, 0x0000000713e00000| Untracked 
|  64|0x0000000714000000, 0x0000000714200000, 0x0000000714200000|100%| E|  |TAMS 0x0000000714000000, 0x0000000714000000| Complete 
|  65|0x0000000714200000, 0x0000000714400000, 0x0000000714400000|100%| E|CS|TAMS 0x0000000714200000, 0x0000000714200000| Complete 
|  66|0x0000000714400000, 0x0000000714600000, 0x0000000714600000|100%| E|CS|TAMS 0x0000000714400000, 0x0000000714400000| Complete 
|  67|0x0000000714600000, 0x0000000714800000, 0x0000000714800000|100%| E|CS|TAMS 0x0000000714600000, 0x0000000714600000| Complete 
|  68|0x0000000714800000, 0x0000000714a00000, 0x0000000714a00000|100%| E|CS|TAMS 0x0000000714800000, 0x0000000714800000| Complete 
|  69|0x0000000714a00000, 0x0000000714c00000, 0x0000000714c00000|100%| E|CS|TAMS 0x0000000714a00000, 0x0000000714a00000| Complete 
|  70|0x0000000714c00000, 0x0000000714e00000, 0x0000000714e00000|100%| E|CS|TAMS 0x0000000714c00000, 0x0000000714c00000| Complete 
|  71|0x0000000714e00000, 0x0000000715000000, 0x0000000715000000|100%| E|CS|TAMS 0x0000000714e00000, 0x0000000714e00000| Complete 
|  94|0x0000000717c00000, 0x0000000717e00000, 0x0000000717e00000|100%| E|CS|TAMS 0x0000000717c00000, 0x0000000717c00000| Complete 
|  95|0x0000000717e00000, 0x0000000718000000, 0x0000000718000000|100%| E|CS|TAMS 0x0000000717e00000, 0x0000000717e00000| Complete 
|  96|0x0000000718000000, 0x0000000718200000, 0x0000000718200000|100%| E|CS|TAMS 0x0000000718000000, 0x0000000718000000| Complete 
| 121|0x000000071b200000, 0x000000071b400000, 0x000000071b400000|100%| E|CS|TAMS 0x000000071b200000, 0x000000071b200000| Complete 

Card table byte_map: [0x000002941d7c0000,0x000002941df60000] _byte_map_base: 0x0000029419f60000

Marking Bits (Prev, Next): (CMBitMap*) 0x0000029405f820f0, (CMBitMap*) 0x0000029405f820b0
 Prev Bits: [0x0000029422400000, 0x0000029426100000)
 Next Bits: [0x000002941e700000, 0x0000029422400000)

Polling page: 0x00000294056c0000

Metaspace:

Usage:
  Non-class:     30.18 MB used.
      Class:      4.42 MB used.
       Both:     34.61 MB used.

Virtual space:
  Non-class space:       64.00 MB reserved,      30.38 MB ( 47%) committed,  1 nodes.
      Class space:        1.00 GB reserved,       4.62 MB ( <1%) committed,  1 nodes.
             Both:        1.06 GB reserved,      35.00 MB (  3%) committed. 

Chunk freelists:
   Non-Class:  1.56 MB
       Class:  11.41 MB
        Both:  12.97 MB

MaxMetaspaceSize: unlimited
CompressedClassSpaceSize: 1.00 GB
Initial GC threshold: 21.00 MB
Current GC threshold: 35.31 MB
CDS: on
MetaspaceReclaimPolicy: balanced
 - commit_granule_bytes: 65536.
 - commit_granule_words: 8192.
 - virtual_space_node_default_size: 8388608.
 - enlarge_chunks_in_place: 1.
 - new_chunks_are_fully_committed: 0.
 - uncommit_free_chunks: 1.
 - use_allocation_guard: 0.
 - handle_deallocations: 1.


Internal statistics:

num_allocs_failed_limit: 3.
num_arena_births: 580.
num_arena_deaths: 0.
num_vsnodes_births: 2.
num_vsnodes_deaths: 0.
num_space_committed: 560.
num_space_uncommitted: 0.
num_chunks_returned_to_freelist: 3.
num_chunks_taken_from_freelist: 1756.
num_chunk_merges: 3.
num_chunk_splits: 1218.
num_chunks_enlarged: 907.
num_inconsistent_stats: 0.

CodeHeap 'non-profiled nmethods': size=119168Kb used=2873Kb max_used=2873Kb free=116294Kb
 bounds [0x0000029415330000, 0x0000029415600000, 0x000002941c790000]
CodeHeap 'profiled nmethods': size=119104Kb used=10318Kb max_used=10318Kb free=108785Kb
 bounds [0x000002940d790000, 0x000002940e1b0000, 0x0000029414be0000]
CodeHeap 'non-nmethods': size=7488Kb used=3001Kb max_used=3085Kb free=4486Kb
 bounds [0x0000029414be0000, 0x0000029414f00000, 0x0000029415330000]
 total_blobs=5154 nmethods=4598 adapters=465
 compilation: enabled
              stopped_count=0, restarted_count=0
 full_count=0

Compilation events (20 events):
Event: 2.828 Thread 0x00000294291c5130 4577       3       org.springframework.boot.context.properties.bind.AbstractBindHandler::onFinish (15 bytes)
Event: 2.828 Thread 0x00000294291c5130 nmethod 4577 0x000002940e188810 code [0x000002940e1889c0, 0x000002940e188bc8]
Event: 2.831 Thread 0x00000294291c5130 4583       3       java.util.concurrent.locks.AbstractQueuedSynchronizer::signalNext (34 bytes)
Event: 2.832 Thread 0x00000294291c5130 nmethod 4583 0x000002940e188c90 code [0x000002940e188e60, 0x000002940e189138]
Event: 2.834 Thread 0x00000294291c5130 4584       1       org.apache.catalina.core.StandardContext::getTldValidation (5 bytes)
Event: 2.834 Thread 0x000002947236fab0 4585       1       org.apache.catalina.core.StandardContext::getXmlBlockExternal (5 bytes)
Event: 2.834 Thread 0x000002947236fab0 nmethod 4585 0x00000294155f9710 code [0x00000294155f98a0, 0x00000294155f9978]
Event: 2.834 Thread 0x00000294291c5130 nmethod 4584 0x00000294155f9a10 code [0x00000294155f9ba0, 0x00000294155f9c78]
Event: 2.836 Thread 0x000002947236fab0 4586       3       java.lang.invoke.LambdaFormEditor$TransformKey::of (51 bytes)
Event: 2.836 Thread 0x00000294292e1810 4587       3       java.lang.invoke.LambdaFormEditor$TransformKey::packedBytes (39 bytes)
Event: 2.836 Thread 0x00000294292e1810 nmethod 4587 0x000002940e189290 code [0x000002940e189420, 0x000002940e189538]
Event: 2.836 Thread 0x000002947236fab0 nmethod 4586 0x000002940e189610 code [0x000002940e189800, 0x000002940e189dc8]
Event: 2.837 Thread 0x0000029470744820 nmethod 4563 0x00000294155f9d10 code [0x00000294155f9ec0, 0x00000294155fab58]
Event: 2.837 Thread 0x0000029470744820 4582       4       java.lang.Class::annotationData (44 bytes)
Event: 2.837 Thread 0x000002947236fab0 4588       3       org.springframework.core.io.support.PathMatchingResourcePatternResolver$$Lambda$365/0x000002942b1a2b18::test (8 bytes)
Event: 2.837 Thread 0x00000294292e1810 4589       3       org.springframework.core.io.support.PathMatchingResourcePatternResolver::lambda$static$1 (21 bytes)
Event: 2.837 Thread 0x00000294292e1810 nmethod 4589 0x000002940e189f90 code [0x000002940e18a160, 0x000002940e18a528]
Event: 2.837 Thread 0x000002947236fab0 nmethod 4588 0x000002940e18a710 code [0x000002940e18a8e0, 0x000002940e18ae28]
Event: 2.839 Thread 0x00000294291c5130 4591       3       java.util.AbstractList$Itr::hasNext (20 bytes)
Event: 2.839 Thread 0x00000294291c5130 nmethod 4591 0x000002940e18b090 code [0x000002940e18b240, 0x000002940e18b488]

GC Heap History (12 events):
Event: 0.631 GC heap before
{Heap before GC invocations=0 (full 0):
 garbage-first heap   total 249856K, used 22528K [0x000000070c000000, 0x0000000800000000)
  region size 2048K, 11 young (22528K), 0 survivors (0K)
 Metaspace       used 7087K, committed 7296K, reserved 1114112K
  class space    used 783K, committed 896K, reserved 1048576K
}
Event: 0.635 GC heap after
{Heap after GC invocations=1 (full 0):
 garbage-first heap   total 249856K, used 8113K [0x000000070c000000, 0x0000000800000000)
  region size 2048K, 2 young (4096K), 2 survivors (4096K)
 Metaspace       used 7087K, committed 7296K, reserved 1114112K
  class space    used 783K, committed 896K, reserved 1048576K
}
Event: 0.953 GC heap before
{Heap before GC invocations=1 (full 0):
 garbage-first heap   total 249856K, used 30641K [0x000000070c000000, 0x0000000800000000)
  region size 2048K, 13 young (26624K), 2 survivors (4096K)
 Metaspace       used 11854K, committed 12096K, reserved 1114112K
  class space    used 1463K, committed 1600K, reserved 1048576K
}
Event: 0.957 GC heap after
{Heap after GC invocations=2 (full 0):
 garbage-first heap   total 249856K, used 10050K [0x000000070c000000, 0x0000000800000000)
  region size 2048K, 1 young (2048K), 1 survivors (2048K)
 Metaspace       used 11854K, committed 12096K, reserved 1114112K
  class space    used 1463K, committed 1600K, reserved 1048576K
}
Event: 1.303 GC heap before
{Heap before GC invocations=2 (full 0):
 garbage-first heap   total 249856K, used 55106K [0x000000070c000000, 0x0000000800000000)
  region size 2048K, 25 young (51200K), 1 survivors (2048K)
 Metaspace       used 21286K, committed 21504K, reserved 1114112K
  class space    used 2660K, committed 2752K, reserved 1048576K
}
Event: 1.307 GC heap after
{Heap after GC invocations=3 (full 0):
 garbage-first heap   total 249856K, used 13293K [0x000000070c000000, 0x0000000800000000)
  region size 2048K, 3 young (6144K), 3 survivors (6144K)
 Metaspace       used 21286K, committed 21504K, reserved 1114112K
  class space    used 2660K, committed 2752K, reserved 1048576K
}
Event: 1.641 GC heap before
{Heap before GC invocations=4 (full 0):
 garbage-first heap   total 61440K, used 41965K [0x000000070c000000, 0x0000000800000000)
  region size 2048K, 18 young (36864K), 3 survivors (6144K)
 Metaspace       used 24762K, committed 25088K, reserved 1114112K
  class space    used 3118K, committed 3264K, reserved 1048576K
}
Event: 1.648 GC heap after
{Heap after GC invocations=5 (full 0):
 garbage-first heap   total 61440K, used 15801K [0x000000070c000000, 0x0000000800000000)
  region size 2048K, 2 young (4096K), 2 survivors (4096K)
 Metaspace       used 24762K, committed 25088K, reserved 1114112K
  class space    used 3118K, committed 3264K, reserved 1048576K
}
Event: 2.027 GC heap before
{Heap before GC invocations=5 (full 0):
 garbage-first heap   total 61440K, used 36281K [0x000000070c000000, 0x0000000800000000)
  region size 2048K, 12 young (24576K), 2 survivors (4096K)
 Metaspace       used 27424K, committed 27776K, reserved 1114112K
  class space    used 3483K, committed 3648K, reserved 1048576K
}
Event: 2.031 GC heap after
{Heap after GC invocations=6 (full 0):
 garbage-first heap   total 61440K, used 17175K [0x000000070c000000, 0x0000000800000000)
  region size 2048K, 1 young (2048K), 1 survivors (2048K)
 Metaspace       used 27424K, committed 27776K, reserved 1114112K
  class space    used 3483K, committed 3648K, reserved 1048576K
}
Event: 2.400 GC heap before
{Heap before GC invocations=6 (full 0):
 garbage-first heap   total 61440K, used 39703K [0x000000070c000000, 0x0000000800000000)
  region size 2048K, 12 young (24576K), 1 survivors (2048K)
 Metaspace       used 31040K, committed 31488K, reserved 1114112K
  class space    used 4022K, committed 4224K, reserved 1048576K
}
Event: 2.407 GC heap after
{Heap after GC invocations=7 (full 0):
 garbage-first heap   total 155648K, used 19030K [0x000000070c000000, 0x0000000800000000)
  region size 2048K, 2 young (4096K), 2 survivors (4096K)
 Metaspace       used 31040K, committed 31488K, reserved 1114112K
  class space    used 4022K, committed 4224K, reserved 1048576K
}

Deoptimization events (20 events):
Event: 2.811 Thread 0x0000029405f10600 DEOPT PACKING pc=0x000002940d9c635c sp=0x000000d77b8fbb20
Event: 2.811 Thread 0x0000029405f10600 DEOPT UNPACKING pc=0x0000029414c32b43 sp=0x000000d77b8fafd8 mode 1
Event: 2.811 Thread 0x0000029405f10600 DEOPT PACKING pc=0x000002940d9c7ef4 sp=0x000000d77b8fbb20
Event: 2.811 Thread 0x0000029405f10600 DEOPT UNPACKING pc=0x0000029414c32b43 sp=0x000000d77b8fafb8 mode 1
Event: 2.811 Thread 0x0000029405f10600 DEOPT PACKING pc=0x000002940d9c635c sp=0x000000d77b8fbbf0
Event: 2.811 Thread 0x0000029405f10600 DEOPT UNPACKING pc=0x0000029414c32b43 sp=0x000000d77b8fb0a8 mode 1
Event: 2.815 Thread 0x0000029405f10600 DEOPT PACKING pc=0x000002940e171f54 sp=0x000000d77b8faa70
Event: 2.815 Thread 0x0000029405f10600 DEOPT UNPACKING pc=0x0000029414c32b43 sp=0x000000d77b8f9ed8 mode 0
Event: 2.823 Thread 0x0000029405f10600 Uncommon trap: trap_request=0xfffffff4 fr.pc=0x00000294155bf830 relative=0x0000000000000b10
Event: 2.823 Thread 0x0000029405f10600 Uncommon trap: reason=null_check action=make_not_entrant pc=0x00000294155bf830 method=java.lang.Class.createAnnotationData(I)Ljava/lang/Class$AnnotationData; @ 14 c2
Event: 2.823 Thread 0x0000029405f10600 DEOPT PACKING pc=0x00000294155bf830 sp=0x000000d77b8fc880
Event: 2.823 Thread 0x0000029405f10600 DEOPT UNPACKING pc=0x0000029414c323a3 sp=0x000000d77b8fc7a0 mode 2
Event: 2.826 Thread 0x0000029405f10600 Uncommon trap: trap_request=0xfffffff4 fr.pc=0x00000294155bdfb0 relative=0x0000000000000850
Event: 2.826 Thread 0x0000029405f10600 Uncommon trap: reason=null_check action=make_not_entrant pc=0x00000294155bdfb0 method=java.lang.Class.createAnnotationData(I)Ljava/lang/Class$AnnotationData; @ 14 c2
Event: 2.826 Thread 0x0000029405f10600 DEOPT PACKING pc=0x00000294155bdfb0 sp=0x000000d77b8fc820
Event: 2.826 Thread 0x0000029405f10600 DEOPT UNPACKING pc=0x0000029414c323a3 sp=0x000000d77b8fc798 mode 2
Event: 2.839 Thread 0x0000029405f10600 DEOPT PACKING pc=0x000002940dc8186c sp=0x000000d77b8fe670
Event: 2.839 Thread 0x0000029405f10600 DEOPT UNPACKING pc=0x0000029414c32b43 sp=0x000000d77b8fdbd8 mode 1
Event: 2.839 Thread 0x0000029405f10600 DEOPT PACKING pc=0x000002940dc8186c sp=0x000000d77b8fe670
Event: 2.839 Thread 0x0000029405f10600 DEOPT UNPACKING pc=0x0000029414c32b43 sp=0x000000d77b8fdbd8 mode 1

Classes unloaded (0 events):
No events

Classes redefined (0 events):
No events

Internal exceptions (20 events):
Event: 2.152 Thread 0x0000029405f10600 Exception <a 'java/lang/NoClassDefFoundError'{0x0000000717db7d58}: org/jooq/DSLContext> (0x0000000717db7d58) 
thrown [s\open\src\hotspot\share\classfile\systemDictionary.cpp, line 245]
Event: 2.173 Thread 0x0000029405f10600 Exception <a 'java/lang/NoSuchMethodError'{0x000000070f2c9ea8}: 'void java.lang.invoke.DirectMethodHandle$Holder.invokeSpecial(java.lang.Object, java.lang.Object, java.lang.Object, java.lang.Object, java.lang.Object, java.lang.Object)'> (0x000000070f2c9ea8) 
thrown [s\open\src\hotspot\share\interpreter\linkResolver.cpp, line 759]
Event: 2.183 Thread 0x0000029405f10600 Exception <a 'java/lang/IncompatibleClassChangeError'{0x000000070f361268}: Found class java.lang.Object, but interface was expected> (0x000000070f361268) 
thrown [s\open\src\hotspot\share\interpreter\linkResolver.cpp, line 826]
Event: 2.216 Thread 0x0000029405f10600 Implicit null exception at 0x000002941548dc4c to 0x000002941548de30
Event: 2.245 Thread 0x0000029405f10600 Exception <a 'java/lang/NoSuchMethodError'{0x000000070ef2ac28}: 'java.lang.Object java.lang.invoke.DirectMethodHandle$Holder.invokeSpecialIFC(java.lang.Object, java.lang.Object, java.lang.Object)'> (0x000000070ef2ac28) 
thrown [s\open\src\hotspot\share\interpreter\linkResolver.cpp, line 759]
Event: 2.335 Thread 0x0000029405f10600 Exception <a 'java/lang/NoSuchMethodError'{0x000000070ebc0950}: 'void java.lang.invoke.DirectMethodHandle$Holder.invokeInterface(java.lang.Object, java.lang.Object, int)'> (0x000000070ebc0950) 
thrown [s\open\src\hotspot\share\interpreter\linkResolver.cpp, line 759]
Event: 2.338 Thread 0x0000029405f10600 Exception <a 'java/lang/IncompatibleClassChangeError'{0x000000070e811178}: Found class java.lang.Object, but interface was expected> (0x000000070e811178) 
thrown [s\open\src\hotspot\share\interpreter\linkResolver.cpp, line 826]
Event: 2.340 Thread 0x0000029405f10600 Exception <a 'java/lang/NoSuchMethodError'{0x000000070e8345b8}: 'void java.lang.invoke.DirectMethodHandle$Holder.invokeStatic(java.lang.Object, int, java.lang.Object)'> (0x000000070e8345b8) 
thrown [s\open\src\hotspot\share\interpreter\linkResolver.cpp, line 759]
Event: 2.344 Thread 0x0000029405f10600 Exception <a 'java/lang/NoSuchMethodError'{0x000000070e871238}: 'void java.lang.invoke.DirectMethodHandle$Holder.invokeVirtual(java.lang.Object, java.lang.Object, int)'> (0x000000070e871238) 
thrown [s\open\src\hotspot\share\interpreter\linkResolver.cpp, line 759]
Event: 2.344 Thread 0x0000029405f10600 Exception <a 'java/lang/NoSuchMethodError'{0x000000070e877480}: 'void java.lang.invoke.DirectMethodHandle$Holder.invokeStatic(java.lang.Object, java.lang.Object, java.lang.Object, int, java.lang.Object)'> (0x000000070e877480) 
thrown [s\open\src\hotspot\share\interpreter\linkResolver.cpp, line 759]
Event: 2.345 Thread 0x0000029405f10600 Exception <a 'java/lang/NoSuchMethodError'{0x000000070e87e900}: 'java.lang.Object java.lang.invoke.DirectMethodHandle$Holder.newInvokeSpecial(java.lang.Object, java.lang.Object, java.lang.Object, int)'> (0x000000070e87e900) 
thrown [s\open\src\hotspot\share\interpreter\linkResolver.cpp, line 759]
Event: 2.345 Thread 0x0000029405f10600 Exception <a 'java/lang/NoSuchMethodError'{0x000000070e882be8}: 'java.lang.Object java.lang.invoke.DirectMethodHandle$Holder.invokeSpecial(java.lang.Object, java.lang.Object, java.lang.Object, java.lang.Object, int)'> (0x000000070e882be8) 
thrown [s\open\src\hotspot\share\interpreter\linkResolver.cpp, line 759]
Event: 2.345 Thread 0x0000029405f10600 Exception <a 'java/lang/NoSuchMethodError'{0x000000070e8867b0}: 'java.lang.Object java.lang.invoke.Invokers$Holder.linkToTargetMethod(java.lang.Object, java.lang.Object, int, java.lang.Object)'> (0x000000070e8867b0) 
thrown [s\open\src\hotspot\share\interpreter\linkResolver.cpp, line 759]
Event: 2.573 Thread 0x0000029405f10600 Exception <a 'java/io/FileNotFoundException'{0x0000000717d74aa0}> (0x0000000717d74aa0) 
thrown [s\open\src\hotspot\share\prims\jni.cpp, line 516]
Event: 2.573 Thread 0x0000029405f10600 Exception <a 'java/io/FileNotFoundException'{0x0000000717d75ca8}> (0x0000000717d75ca8) 
thrown [s\open\src\hotspot\share\prims\jni.cpp, line 516]
Event: 2.574 Thread 0x0000029405f10600 Exception <a 'java/io/FileNotFoundException'{0x0000000717d76ed0}> (0x0000000717d76ed0) 
thrown [s\open\src\hotspot\share\prims\jni.cpp, line 516]
Event: 2.604 Thread 0x0000029405f10600 Exception <a 'java/lang/NoSuchMethodError'{0x0000000714f7ffb8}: 'int java.lang.invoke.DirectMethodHandle$Holder.invokeInterface(java.lang.Object, java.lang.Object, java.lang.Object, java.lang.Object)'> (0x0000000714f7ffb8) 
thrown [s\open\src\hotspot\share\interpreter\linkResolver.cpp, line 759]
Event: 2.663 Thread 0x0000029405f10600 Exception <a 'java/lang/NoSuchMethodError'{0x0000000714de8130}: 'long java.lang.invoke.DirectMethodHandle$Holder.invokeVirtual(java.lang.Object, java.lang.Object)'> (0x0000000714de8130) 
thrown [s\open\src\hotspot\share\interpreter\linkResolver.cpp, line 759]
Event: 2.823 Thread 0x0000029405f10600 Implicit null exception at 0x00000294155bee3a to 0x00000294155bf810
Event: 2.826 Thread 0x0000029405f10600 Implicit null exception at 0x00000294155bd816 to 0x00000294155bdf90

VM Operations (20 events):
Event: 2.490 Executing VM operation: HandshakeAllThreads
Event: 2.490 Executing VM operation: HandshakeAllThreads done
Event: 2.497 Executing VM operation: HandshakeAllThreads
Event: 2.497 Executing VM operation: HandshakeAllThreads done
Event: 2.499 Executing VM operation: HandshakeAllThreads
Event: 2.499 Executing VM operation: HandshakeAllThreads done
Event: 2.545 Executing VM operation: HandshakeAllThreads
Event: 2.545 Executing VM operation: HandshakeAllThreads done
Event: 2.564 Executing VM operation: HandshakeAllThreads
Event: 2.564 Executing VM operation: HandshakeAllThreads done
Event: 2.635 Executing VM operation: HandshakeAllThreads
Event: 2.635 Executing VM operation: HandshakeAllThreads done
Event: 2.637 Executing VM operation: HandshakeAllThreads
Event: 2.637 Executing VM operation: HandshakeAllThreads done
Event: 2.671 Executing VM operation: HandshakeAllThreads
Event: 2.671 Executing VM operation: HandshakeAllThreads done
Event: 2.745 Executing VM operation: HandshakeAllThreads
Event: 2.745 Executing VM operation: HandshakeAllThreads done
Event: 2.768 Executing VM operation: HandshakeAllThreads
Event: 2.768 Executing VM operation: HandshakeAllThreads done

Events (20 events):
Event: 2.789 loading class sun/security/util/KeyUtil
Event: 2.789 loading class sun/security/util/KeyUtil done
Event: 2.789 loading class sun/security/util/Length
Event: 2.789 loading class sun/security/util/Length done
Event: 2.789 loading class javax/crypto/SecretKey
Event: 2.789 loading class javax/crypto/SecretKey done
Event: 2.791 loading class java/util/Base64
Event: 2.791 loading class java/util/Base64 done
Event: 2.791 loading class java/util/Base64$Decoder
Event: 2.791 loading class java/util/Base64$Decoder done
Event: 2.791 loading class java/util/Base64$Encoder
Event: 2.791 loading class java/util/Base64$Encoder done
Event: 2.793 loading class java/util/jar/JarVerifier$VerifierStream
Event: 2.793 loading class java/util/jar/JarVerifier$VerifierStream done
Event: 2.793 loading class sun/security/util/ManifestEntryVerifier$SunProviderHolder
Event: 2.793 loading class sun/security/util/ManifestEntryVerifier$SunProviderHolder done
Event: 2.810 loading class java/util/ResourceBundle$Control$1
Event: 2.810 loading class java/util/ResourceBundle$Control$1 done
Event: 2.817 loading class java/net/SocketImplFactory
Event: 2.817 loading class java/net/SocketImplFactory done


Dynamic libraries:
0x00007ff76bb40000 - 0x00007ff76bb50000 	C:\Program Files\Java\jdk-17\bin\java.exe
0x00007fff3ee50000 - 0x00007fff3f067000 	C:\WINDOWS\SYSTEM32\ntdll.dll
0x00007fff3d930000 - 0x00007fff3d9f4000 	C:\WINDOWS\System32\KERNEL32.DLL
0x00007fff3c430000 - 0x00007fff3c800000 	C:\WINDOWS\System32\KERNELBASE.dll
0x00007fff3ca20000 - 0x00007fff3cb31000 	C:\WINDOWS\System32\ucrtbase.dll
0x00007fff33100000 - 0x00007fff3311b000 	C:\Program Files\Java\jdk-17\bin\VCRUNTIME140.dll
0x00007fff33120000 - 0x00007fff33139000 	C:\Program Files\Java\jdk-17\bin\jli.dll
0x00007fff3e8e0000 - 0x00007fff3e991000 	C:\WINDOWS\System32\ADVAPI32.dll
0x00007fff3d250000 - 0x00007fff3d2f7000 	C:\WINDOWS\System32\msvcrt.dll
0x00007fff3eb60000 - 0x00007fff3ec07000 	C:\WINDOWS\System32\sechost.dll
0x00007fff3c340000 - 0x00007fff3c368000 	C:\WINDOWS\System32\bcrypt.dll
0x00007fff3ea40000 - 0x00007fff3eb54000 	C:\WINDOWS\System32\RPCRT4.dll
0x00007fff3da20000 - 0x00007fff3dbce000 	C:\WINDOWS\System32\USER32.dll
0x00007fff3c880000 - 0x00007fff3c8a6000 	C:\WINDOWS\System32\win32u.dll
0x00007fff3d300000 - 0x00007fff3d329000 	C:\WINDOWS\System32\GDI32.dll
0x00007fff2de30000 - 0x00007fff2e0c2000 	C:\WINDOWS\WinSxS\amd64_microsoft.windows.common-controls_6595b64144ccf1df_6.0.22621.4830_none_270fe7d773858e80\COMCTL32.dll
0x00007fff3c220000 - 0x00007fff3c33b000 	C:\WINDOWS\System32\gdi32full.dll
0x00007fff3c100000 - 0x00007fff3c19a000 	C:\WINDOWS\System32\msvcp_win.dll
0x00007fff363f0000 - 0x00007fff363fa000 	C:\WINDOWS\SYSTEM32\VERSION.dll
0x00007fff3e9a0000 - 0x00007fff3e9d1000 	C:\WINDOWS\System32\IMM32.DLL
0x00007fff367c0000 - 0x00007fff367cc000 	C:\Program Files\Java\jdk-17\bin\vcruntime140_1.dll
0x00007fff17950000 - 0x00007fff179de000 	C:\Program Files\Java\jdk-17\bin\msvcp140.dll
0x00007ffecc6d0000 - 0x00007ffecd2b1000 	C:\Program Files\Java\jdk-17\bin\server\jvm.dll
0x00007fff3d240000 - 0x00007fff3d248000 	C:\WINDOWS\System32\PSAPI.DLL
0x00007fff33270000 - 0x00007fff332a4000 	C:\WINDOWS\SYSTEM32\WINMM.dll
0x00007fff28d20000 - 0x00007fff28d29000 	C:\WINDOWS\SYSTEM32\WSOCK32.dll
0x00007fff3ed90000 - 0x00007fff3ee01000 	C:\WINDOWS\System32\WS2_32.dll
0x00007fff3b140000 - 0x00007fff3b158000 	C:\WINDOWS\SYSTEM32\kernel.appcore.dll
0x00007fff32f80000 - 0x00007fff32f8a000 	C:\Program Files\Java\jdk-17\bin\jimage.dll
0x00007fff35710000 - 0x00007fff35942000 	C:\WINDOWS\SYSTEM32\DBGHELP.DLL
0x00007fff3d330000 - 0x00007fff3d6c0000 	C:\WINDOWS\System32\combase.dll
0x00007fff3e780000 - 0x00007fff3e857000 	C:\WINDOWS\System32\OLEAUT32.dll
0x00007fff32a50000 - 0x00007fff32a82000 	C:\WINDOWS\SYSTEM32\dbgcore.DLL
0x00007fff3c1a0000 - 0x00007fff3c21b000 	C:\WINDOWS\System32\bcryptPrimitives.dll
0x00007fff32f40000 - 0x00007fff32f7b000 	C:\Program Files\Java\jdk-17\bin\jdwp.dll
0x00007fff32f10000 - 0x00007fff32f35000 	C:\Program Files\Java\jdk-17\bin\java.dll
0x00007ffef2e20000 - 0x00007ffef2ef7000 	C:\Program Files\Java\jdk-17\bin\jsvml.dll
0x00007fff3df00000 - 0x00007fff3e778000 	C:\WINDOWS\System32\SHELL32.dll
0x00007fff3a050000 - 0x00007fff3a960000 	C:\WINDOWS\SYSTEM32\windows.storage.dll
0x00007fff39f10000 - 0x00007fff3a04f000 	C:\WINDOWS\SYSTEM32\wintypes.dll
0x00007fff3dd80000 - 0x00007fff3de8a000 	C:\WINDOWS\System32\SHCORE.dll
0x00007fff3cc50000 - 0x00007fff3ccae000 	C:\WINDOWS\System32\shlwapi.dll
0x00007fff3c030000 - 0x00007fff3c05b000 	C:\WINDOWS\SYSTEM32\profapi.dll
0x00007fff30db0000 - 0x00007fff30dbc000 	C:\Program Files\Java\jdk-17\bin\dt_socket.dll
0x00007fff3abc0000 - 0x00007fff3abed000 	C:\WINDOWS\SYSTEM32\IPHLPAPI.DLL
0x00007fff3b5c0000 - 0x00007fff3b62a000 	C:\WINDOWS\system32\mswsock.dll
0x00007fff3abf0000 - 0x00007fff3acf2000 	C:\WINDOWS\SYSTEM32\DNSAPI.dll
0x00007fff3def0000 - 0x00007fff3def9000 	C:\WINDOWS\System32\NSI.dll
0x00007fff38580000 - 0x00007fff3858a000 	C:\Windows\System32\rasadhlp.dll
0x00007fff38470000 - 0x00007fff384f3000 	C:\WINDOWS\System32\fwpuclnt.dll
0x00007fff2f490000 - 0x00007fff2f4a9000 	C:\Program Files\Java\jdk-17\bin\net.dll
0x00007fff390a0000 - 0x00007fff391cc000 	C:\WINDOWS\SYSTEM32\WINHTTP.dll
0x00007fff2e840000 - 0x00007fff2e856000 	C:\Program Files\Java\jdk-17\bin\nio.dll
0x00007fff2e820000 - 0x00007fff2e838000 	C:\Program Files\Java\jdk-17\bin\zip.dll
0x00007fff2f7e0000 - 0x00007fff2f7ea000 	C:\Program Files\Java\jdk-17\bin\management.dll
0x00007fff2f430000 - 0x00007fff2f43b000 	C:\Program Files\Java\jdk-17\bin\management_ext.dll
0x00007fff17480000 - 0x00007fff17497000 	C:\WINDOWS\system32\napinsp.dll
0x00007fff17460000 - 0x00007fff1747b000 	C:\WINDOWS\system32\pnrpnsp.dll
0x00007fff17440000 - 0x00007fff17451000 	C:\WINDOWS\System32\winrnr.dll
0x00007fff17420000 - 0x00007fff17435000 	C:\WINDOWS\system32\wshbth.dll
0x00007fff173f0000 - 0x00007fff17417000 	C:\WINDOWS\system32\nlansp_c.dll
0x00007fff3b810000 - 0x00007fff3b82b000 	C:\WINDOWS\SYSTEM32\CRYPTSP.dll
0x00007fff3b0a0000 - 0x00007fff3b0d5000 	C:\WINDOWS\system32\rsaenh.dll
0x00007fff3b6b0000 - 0x00007fff3b6d8000 	C:\WINDOWS\SYSTEM32\USERENV.dll
0x00007fff3b830000 - 0x00007fff3b83c000 	C:\WINDOWS\SYSTEM32\CRYPTBASE.dll
0x00007fff387a0000 - 0x00007fff387b9000 	C:\WINDOWS\SYSTEM32\dhcpcsvc6.DLL
0x00007fff38780000 - 0x00007fff3879f000 	C:\WINDOWS\SYSTEM32\dhcpcsvc.DLL
0x00007fff2f410000 - 0x00007fff2f41e000 	C:\Program Files\Java\jdk-17\bin\sunmscapi.dll
0x00007fff3c8b0000 - 0x00007fff3ca16000 	C:\WINDOWS\System32\CRYPT32.dll
0x00007fff3b9d0000 - 0x00007fff3b9fd000 	C:\WINDOWS\SYSTEM32\ncrypt.dll
0x00007fff3b990000 - 0x00007fff3b9c7000 	C:\WINDOWS\SYSTEM32\NTASN1.dll

dbghelp: loaded successfully - version: 4.0.5 - missing functions: none
symbol engine: initialized successfully - sym options: 0x614 - pdb path: .;C:\Program Files\Java\jdk-17\bin;C:\WINDOWS\SYSTEM32;C:\WINDOWS\WinSxS\amd64_microsoft.windows.common-controls_6595b64144ccf1df_6.0.22621.4830_none_270fe7d773858e80;C:\Program Files\Java\jdk-17\bin\server

VM Arguments:
jvm_args: -agentlib:jdwp=transport=dt_socket,server=n,suspend=y,address=localhost:53182 -Dcom.sun.management.jmxremote -Dcom.sun.management.jmxremote.port=61119 -Dcom.sun.management.jmxremote.authenticate=false -Dcom.sun.management.jmxremote.ssl=false -Dspring.jmx.enabled=true -Djava.rmi.server.hostname=localhost -Dspring.application.admin.enabled=true -Dspring.boot.project.name=thuan -XX:+ShowCodeDetailsInExceptionMessages 
java_command: com.example.thuan.ThuanApplication
java_class_path (initial): E:\SWP391_GR5_SE1812\ReadHasha_BackEnd\thuan\bin\main;E:\SWP391_GR5_SE1812\ReadHasha_BackEnd\thuan\bin\test;E:\SWP391_GR5_SE1812\ReadHasha_BackEnd\thuan\bin\default;C:\Users\ASUS\.gradle\caches\modules-2\files-2.1\org.projectlombok\lombok\1.18.24\13a394eed5c4f9efb2a6d956e2086f1d81e857d9\lombok-1.18.24.jar;C:\Users\ASUS\.gradle\caches\modules-2\files-2.1\org.springframework.boot\spring-boot-starter-web\3.4.2\cf1c8efe77dccf221acf5f0ce9cc24c718c0ca44\spring-boot-starter-web-3.4.2.jar;C:\Users\ASUS\.gradle\caches\modules-2\files-2.1\org.springframework.boot\spring-boot-starter-security\3.4.2\b3102ed745b5e71f61bb5174c6a12275f0154dbb\spring-boot-starter-security-3.4.2.jar;C:\Users\ASUS\.gradle\caches\modules-2\files-2.1\org.springframework.boot\spring-boot-starter-oauth2-resource-server\3.4.2\8ecba5fcece1409be2109ced33a3a4047f0739f7\spring-boot-starter-oauth2-resource-server-3.4.2.jar;C:\Users\ASUS\.gradle\caches\modules-2\files-2.1\org.springframework.boot\spring-boot-starter-data-jpa\3.4.2\b65a304b493807dff48bf114135dc4aa5f267927\spring-boot-starter-data-jpa-3.4.2.jar;C:\Users\ASUS\.gradle\caches\modules-2\files-2.1\com.microsoft.sqlserver\mssql-jdbc\12.2.0.jre8\24230b89715e4a101e1f2263293a2343a710ecd1\mssql-jdbc-12.2.0.jre8.jar;C:\Users\ASUS\.gradle\caches\modules-2\files-2.1\org.springframework.security\spring-security-config\6.4.2\5ed985329eb14b1c61045160c8dcbbcab179ddd3\spring-security-config-6.4.2.jar;C:\Users\ASUS\.gradle\caches\modules-2\files-2.1\org.springframework.security\spring-security-oauth2-resource-server\6.4.2\7b1d8e78f8aef21c6fda8588c6acc3b85e25771f\spring-security-oauth2-resource-server-6.4.2.jar;C:\Users\ASUS\.gradle\caches\modules-2\files-2.1\org.springframework.security\spring-security-web\6.4.2\733a3bbbdca56225676fb7f4e3f317c2075fc383\spring-security-web-6.4.2.jar;C:\Users\ASUS\.gradle\caches\modules-2\files-2.1\org.springframework.security\spring-security-oauth2-jose\6.4.2\274482eaffe0f5e7d978be7cbf7dc1817037efa5\spri
Launcher Type: SUN_STANDARD

[Global flags]
     intx CICompilerCount                          = 12                                        {product} {ergonomic}
     uint ConcGCThreads                            = 3                                         {product} {ergonomic}
     uint G1ConcRefinementThreads                  = 13                                        {product} {ergonomic}
   size_t G1HeapRegionSize                         = 2097152                                   {product} {ergonomic}
    uintx GCDrainStackTargetSize                   = 64                                        {product} {ergonomic}
   size_t InitialHeapSize                          = 255852544                                 {product} {ergonomic}
     bool ManagementServer                         = true                                      {product} {command line}
   size_t MarkStackSize                            = 4194304                                   {product} {ergonomic}
   size_t MaxHeapSize                              = 4093640704                                {product} {ergonomic}
   size_t MaxNewSize                               = 2455764992                                {product} {ergonomic}
   size_t MinHeapDeltaBytes                        = 2097152                                   {product} {ergonomic}
   size_t MinHeapSize                              = 8388608                                   {product} {ergonomic}
    uintx NonNMethodCodeHeapSize                   = 7602480                                {pd product} {ergonomic}
    uintx NonProfiledCodeHeapSize                  = 122027880                              {pd product} {ergonomic}
    uintx ProfiledCodeHeapSize                     = 122027880                              {pd product} {ergonomic}
    uintx ReservedCodeCacheSize                    = 251658240                              {pd product} {ergonomic}
     bool SegmentedCodeCache                       = true                                      {product} {ergonomic}
     bool ShowCodeDetailsInExceptionMessages       = true                                   {manageable} {command line}
   size_t SoftMaxHeapSize                          = 4093640704                             {manageable} {ergonomic}
     bool UseCompressedClassPointers               = true                           {product lp64_product} {ergonomic}
     bool UseCompressedOops                        = true                           {product lp64_product} {ergonomic}
     bool UseG1GC                                  = true                                      {product} {ergonomic}
     bool UseLargePagesIndividualAllocation        = false                                  {pd product} {ergonomic}

Logging:
Log output configuration:
 #0: stdout all=warning uptime,level,tags
 #1: stderr all=off uptime,level,tags

Environment Variables:
PATH=C:\Program Files\Common Files\Oracle\Java\javapath;C:\Program Files (x86)\Common Files\Oracle\Java\java8path;C:\Program Files (x86)\Common Files\Oracle\Java\javapath;C:\ProgramData\Oracle\Java\javapath;C:\Windows\system32;C:\Windows;C:\Windows\System32\Wbem;C:\Windows\System32\WindowsPowerShell\v1.0\;C:\Windows\System32\OpenSSH\;C:\Program Files (x86)\NVIDIA Corporation\PhysX\Common;C:\WINDOWS\system32;C:\WINDOWS;C:\WINDOWS\System32\Wbem;C:\WINDOWS\System32\WindowsPowerShell\v1.0\;C:\WINDOWS\System32\OpenSSH\;C:\Program Files (x86)\Microsoft SQL Server\160\Tools\Binn\;C:\Program Files\Microsoft SQL Server\160\Tools\Binn\;C:\Program Files\Microsoft SQL Server\Client SDK\ODBC\170\Tools\Binn\;C:\Program Files\Microsoft SQL Server\160\DTS\Binn\;C:\Program Files (x86)\Microsoft SQL Server\160\DTS\Binn\;C:\Program Files\Azure Data Studio\bin;C:\Program Files\dotnet\;C:\Program Files\nodejs\;C:\Program Files\Git\cmd;C:\Program Files\NVIDIA Corporation\NVIDIA app\NvDLISR;C:\Program Files\Cloudflare\Cloudflare WARP\;C:\Program Files\MySQL\MySQL Shell 8.0\bin\;C:\Users\ASUS\AppData\Local\Microsoft\WindowsApps;C:\Program Files\Azure Data Studio\bin;C:\Users\ASUS\AppData\Local\Programs\Microsoft VS Code\bin;C:\Users\ASUS\AppData\Roaming\npm;C:\Program Files\Git\mingw64\bin\;
USERNAME=ASUS
LANG=en_US.UTF-8
OS=Windows_NT
PROCESSOR_IDENTIFIER=AMD64 Family 25 Model 68 Stepping 1, AuthenticAMD



---------------  S Y S T E M  ---------------

OS:
 Windows 11 , 64 bit Build 22621 (10.0.22621.4830)
OS uptime: 5 days 11:45 hours

CPU: total 16 (initial active 16) (16 cores per cpu, 2 threads per core) family 25 model 68 stepping 1 microcode 0x0, cx8, cmov, fxsr, ht, mmx, 3dnowpref, sse, sse2, sse3, ssse3, sse4a, sse4.1, sse4.2, popcnt, lzcnt, tsc, tscinvbit, avx, avx2, aes, clmul, bmi1, bmi2, adx, sha, fma, vzeroupper, clflush, clflushopt

Memory: 4k page, system-wide physical 15613M (2660M free)
TotalPageFile size 19709M (AvailPageFile size 5M)
current process WorkingSet (physical memory assigned to process): 381M, peak: 386M
current process commit charge ("private bytes"): 525M, peak: 529M

vm_info: Java HotSpot(TM) 64-Bit Server VM (17.0.9+11-LTS-201) for windows-amd64 JRE (17.0.9+11-LTS-201), built on Oct 10 2023 23:16:06 by "mach5one" with MS VC++ 17.1 (VS2022)

END.
