#
# There is insufficient memory for the Java Runtime Environment to continue.
# Native memory allocation (malloc) failed to allocate 327296 bytes. Error detail: Chunk::new
# Possible reasons:
#   The system is out of physical RAM or swap space
#   This process is running with CompressedOops enabled, and the Java Heap may be blocking the growth of the native heap
# Possible solutions:
#   Reduce memory load on the system
#   Increase physical memory or swap space
#   Check if swap backing store is full
#   Decrease Java heap size (-Xmx/-Xms)
#   Decrease number of Java threads
#   Decrease Java thread stack sizes (-Xss)
#   Set larger code cache with -XX:ReservedCodeCacheSize=
#   JVM is running with Unscaled Compressed Oops mode in which the Java heap is
#     placed in the first 4GB address space. The Java Heap base address is the
#     maximum limit for the native heap growth. Please use -XX:HeapBaseMinAddress
#     to set the Java Heap base and to place the Java Heap above 4GB virtual address.
# This output file may be truncated or incomplete.
#
#  Out of Memory Error (arena.cpp:168), pid=4460, tid=27388
#
# JRE version: OpenJDK Runtime Environment Temurin-21.0.5+11 (21.0.5+11) (build 21.0.5+11-LTS)
# Java VM: OpenJDK 64-Bit Server VM Temurin-21.0.5+11 (21.0.5+11-LTS, mixed mode, sharing, tiered, compressed oops, compressed class ptrs, parallel gc, windows-amd64)
# No core dump will be written. Minidumps are not enabled by default on client versions of Windows
#

---------------  S U M M A R Y ------------

Command Line: --add-modules=ALL-SYSTEM --add-opens=java.base/java.util=ALL-UNNAMED --add-opens=java.base/java.lang=ALL-UNNAMED --add-opens=java.base/sun.nio.fs=ALL-UNNAMED -Declipse.application=org.eclipse.jdt.ls.core.id1 -Dosgi.bundles.defaultStartLevel=4 -Declipse.product=org.eclipse.jdt.ls.core.product -Djava.import.generatesMetadataFilesAtProjectRoot=false -DDetectVMInstallationsJob.disabled=true -Dfile.encoding=utf8 -XX:+UseParallelGC -XX:GCTimeRatio=4 -XX:AdaptiveSizePolicyWeight=90 -Dsun.zip.disableMemoryMapping=true -Xmx1G -Xms100m -Xlog:disable -javaagent:c:\Users\ASUS\.vscode\extensions\redhat.java-1.39.0-win32-x64\lombok\lombok-1.18.34.jar c:\Users\ASUS\.vscode\extensions\redhat.java-1.39.0-win32-x64\server\plugins\org.eclipse.equinox.launcher_1.6.900.v20240613-2009.jar -configuration c:\Users\ASUS\AppData\Roaming\Code\User\globalStorage\redhat.java\1.39.0\config_ss_win -data c:\Users\ASUS\AppData\Roaming\Code\User\workspaceStorage\a26ced7fe018b66e12da886babd7af56\redhat.java\ss_ws --pipe=\\.\pipe\lsp-89da456ea197e268c90c7a9e5d181d63-sock

Host: AMD Ryzen 7 6800H with Radeon Graphics         , 16 cores, 15G,  Windows 11 , 64 bit Build 22621 (10.0.22621.4830)
Time: Fri Feb 21 21:22:53 2025 SE Asia Standard Time elapsed time: 13.948719 seconds (0d 0h 0m 13s)

---------------  T H R E A D  ---------------

Current thread (0x0000027ae6fe3270):  JavaThread "C2 CompilerThread2" daemon [_thread_in_native, id=27388, stack(0x00000091b2400000,0x00000091b2500000) (1024K)]


Current CompileTask:
C2:13948 8380       4       org.eclipse.osgi.internal.loader.BundleLoader::addExportedProvidersFor (167 bytes)

Stack: [0x00000091b2400000,0x00000091b2500000]
Native frames: (J=compiled Java code, j=interpreted, Vv=VM code, C=native code)
V  [jvm.dll+0x6cd4e9]
V  [jvm.dll+0x8a7941]
V  [jvm.dll+0x8a9e6e]
V  [jvm.dll+0x8aa543]
V  [jvm.dll+0x27f6d6]
V  [jvm.dll+0xc500d]
V  [jvm.dll+0xc5543]
V  [jvm.dll+0x2f2a9d]
V  [jvm.dll+0x5f67ea]
V  [jvm.dll+0x250b82]
V  [jvm.dll+0x24906e]
V  [jvm.dll+0x246ea4]
V  [jvm.dll+0x1c75ce]
V  [jvm.dll+0x25682a]
V  [jvm.dll+0x254dca]
V  [jvm.dll+0x3f00d6]
V  [jvm.dll+0x8514fb]
V  [jvm.dll+0x6cbbed]
C  [ucrtbase.dll+0x29333]
C  [KERNEL32.DLL+0x1259d]
C  [ntdll.dll+0x5af38]


---------------  P R O C E S S  ---------------

Threads class SMR info:
_java_thread_list=0x0000027af577a340, length=52, elements={
0x0000027acabcaca0, 0x0000027ae07e83c0, 0x0000027adf11cc10, 0x0000027ae07e9560,
0x0000027ae07ea840, 0x0000027ae07eb880, 0x0000027ae07ed900, 0x0000027ae07f3010,
0x0000027ae07f6340, 0x0000027ae091c300, 0x0000027ae091bc70, 0x0000027ae0919510,
0x0000027ae091a230, 0x0000027ae0918e80, 0x0000027ae0919ba0, 0x0000027ae091af50,
0x0000027ae091b5e0, 0x0000027ae7078800, 0x0000027ae7078e90, 0x0000027ae7072c20,
0x0000027ae7075380, 0x0000027ae7074660, 0x0000027ae7073940, 0x0000027ae7074cf0,
0x0000027ae70760a0, 0x0000027ae7076dc0, 0x0000027ae7075a10, 0x0000027ae7077450,
0x0000027ae7076730, 0x0000027ae7078170, 0x0000027ae7079520, 0x0000027ae7077ae0,
0x0000027ae7073fd0, 0x0000027ae7079bb0, 0x0000027ae707a240, 0x0000027ae70732b0,
0x0000027ae8e6e380, 0x0000027ae8e6f730, 0x0000027ae8e6d660, 0x0000027ae8e6dcf0,
0x0000027ae8e6bc20, 0x0000027ae8e6ea10, 0x0000027ae8e6f0a0, 0x0000027ae093afe0,
0x0000027ae80c7f30, 0x0000027ae6fe3270, 0x0000027ae8e6b590, 0x0000027ae8e6fdc0,
0x0000027ae8e6a870, 0x0000027af38ee8f0, 0x0000027ae8e6cfd0, 0x0000027ae8e70450
}

Java Threads: ( => current thread )
  0x0000027acabcaca0 JavaThread "main"                              [_thread_blocked, id=22804, stack(0x00000091b1500000,0x00000091b1600000) (1024K)]
  0x0000027ae07e83c0 JavaThread "Reference Handler"          daemon [_thread_blocked, id=31180, stack(0x00000091b1900000,0x00000091b1a00000) (1024K)]
  0x0000027adf11cc10 JavaThread "Finalizer"                  daemon [_thread_blocked, id=16752, stack(0x00000091b1a00000,0x00000091b1b00000) (1024K)]
  0x0000027ae07e9560 JavaThread "Signal Dispatcher"          daemon [_thread_blocked, id=8648, stack(0x00000091b1b00000,0x00000091b1c00000) (1024K)]
  0x0000027ae07ea840 JavaThread "Attach Listener"            daemon [_thread_blocked, id=21804, stack(0x00000091b1c00000,0x00000091b1d00000) (1024K)]
  0x0000027ae07eb880 JavaThread "Service Thread"             daemon [_thread_blocked, id=14620, stack(0x00000091b1d00000,0x00000091b1e00000) (1024K)]
  0x0000027ae07ed900 JavaThread "Monitor Deflation Thread"   daemon [_thread_blocked, id=20720, stack(0x00000091b1e00000,0x00000091b1f00000) (1024K)]
  0x0000027ae07f3010 JavaThread "C2 CompilerThread0"         daemon [_thread_in_native, id=19164, stack(0x00000091b1f00000,0x00000091b2000000) (1024K)]
  0x0000027ae07f6340 JavaThread "C1 CompilerThread0"         daemon [_thread_blocked, id=29356, stack(0x00000091b2000000,0x00000091b2100000) (1024K)]
  0x0000027ae091c300 JavaThread "Common-Cleaner"             daemon [_thread_blocked, id=34348, stack(0x00000091b2100000,0x00000091b2200000) (1024K)]
  0x0000027ae091bc70 JavaThread "Notification Thread"        daemon [_thread_blocked, id=32212, stack(0x00000091b2600000,0x00000091b2700000) (1024K)]
  0x0000027ae0919510 JavaThread "Active Thread: Equinox Container: cdee77ec-f8ae-4942-aa72-eef5cd4b1eb6"        [_thread_blocked, id=33112, stack(0x00000091b2f00000,0x00000091b3000000) (1024K)]
  0x0000027ae091a230 JavaThread "Framework Event Dispatcher: Equinox Container: cdee77ec-f8ae-4942-aa72-eef5cd4b1eb6" daemon [_thread_blocked, id=13884, stack(0x00000091b3000000,0x00000091b3100000) (1024K)]
  0x0000027ae0918e80 JavaThread "Start Level: Equinox Container: cdee77ec-f8ae-4942-aa72-eef5cd4b1eb6" daemon [_thread_blocked, id=23208, stack(0x00000091b3100000,0x00000091b3200000) (1024K)]
  0x0000027ae0919ba0 JavaThread "SCR Component Actor"        daemon [_thread_blocked, id=7280, stack(0x00000091b3300000,0x00000091b3400000) (1024K)]
  0x0000027ae091af50 JavaThread "Worker-JM"                         [_thread_blocked, id=26432, stack(0x00000091b3400000,0x00000091b3500000) (1024K)]
  0x0000027ae091b5e0 JavaThread "JNA Cleaner"                daemon [_thread_blocked, id=14436, stack(0x00000091b3800000,0x00000091b3900000) (1024K)]
  0x0000027ae7078800 JavaThread "Worker-0"                          [_thread_blocked, id=28988, stack(0x00000091b3900000,0x00000091b3a00000) (1024K)]
  0x0000027ae7078e90 JavaThread "Worker-1: Shutdown..."             [_thread_in_Java, id=34344, stack(0x00000091b3a00000,0x00000091b3b00000) (1024K)]
  0x0000027ae7072c20 JavaThread "Thread-2"                   daemon [_thread_in_native, id=22824, stack(0x00000091b3f00000,0x00000091b4000000) (1024K)]
  0x0000027ae7075380 JavaThread "Thread-3"                   daemon [_thread_in_native, id=24728, stack(0x00000091b4000000,0x00000091b4100000) (1024K)]
  0x0000027ae7074660 JavaThread "Thread-4"                   daemon [_thread_in_native, id=28104, stack(0x00000091b4100000,0x00000091b4200000) (1024K)]
  0x0000027ae7073940 JavaThread "Thread-5"                   daemon [_thread_in_native, id=14696, stack(0x00000091b4200000,0x00000091b4300000) (1024K)]
  0x0000027ae7074cf0 JavaThread "Thread-6"                   daemon [_thread_in_native, id=12380, stack(0x00000091b4300000,0x00000091b4400000) (1024K)]
  0x0000027ae70760a0 JavaThread "Thread-7"                   daemon [_thread_in_native, id=6660, stack(0x00000091b4400000,0x00000091b4500000) (1024K)]
  0x0000027ae7076dc0 JavaThread "Thread-8"                   daemon [_thread_in_native, id=14568, stack(0x00000091b4500000,0x00000091b4600000) (1024K)]
  0x0000027ae7075a10 JavaThread "Thread-9"                   daemon [_thread_in_native, id=24132, stack(0x00000091b4600000,0x00000091b4700000) (1024K)]
  0x0000027ae7077450 JavaThread "Thread-10"                  daemon [_thread_in_native, id=20316, stack(0x00000091b4700000,0x00000091b4800000) (1024K)]
  0x0000027ae7076730 JavaThread "Thread-11"                  daemon [_thread_in_native, id=2224, stack(0x00000091b4800000,0x00000091b4900000) (1024K)]
  0x0000027ae7078170 JavaThread "Thread-12"                  daemon [_thread_in_native, id=23440, stack(0x00000091b4900000,0x00000091b4a00000) (1024K)]
  0x0000027ae7079520 JavaThread "Thread-13"                  daemon [_thread_in_native, id=17972, stack(0x00000091b4a00000,0x00000091b4b00000) (1024K)]
  0x0000027ae7077ae0 JavaThread "Thread-14"                  daemon [_thread_in_native, id=33436, stack(0x00000091b4b00000,0x00000091b4c00000) (1024K)]
  0x0000027ae7073fd0 JavaThread "Thread-15"                  daemon [_thread_in_native, id=19272, stack(0x00000091b4c00000,0x00000091b4d00000) (1024K)]
  0x0000027ae7079bb0 JavaThread "Thread-16"                  daemon [_thread_in_native, id=27132, stack(0x00000091b4d00000,0x00000091b4e00000) (1024K)]
  0x0000027ae707a240 JavaThread "Thread-17"                  daemon [_thread_in_native, id=28292, stack(0x00000091b4e00000,0x00000091b4f00000) (1024K)]
  0x0000027ae70732b0 JavaThread "Thread-18"                  daemon [_thread_in_native, id=11936, stack(0x00000091b4f00000,0x00000091b5000000) (1024K)]
  0x0000027ae8e6e380 JavaThread "pool-2-thread-1"                   [_thread_blocked, id=15768, stack(0x00000091b5000000,0x00000091b5100000) (1024K)]
  0x0000027ae8e6f730 JavaThread "WorkspaceEventsHandler"            [_thread_blocked, id=2584, stack(0x00000091b5100000,0x00000091b5200000) (1024K)]
  0x0000027ae8e6d660 JavaThread "pool-1-thread-1"                   [_thread_blocked, id=14116, stack(0x00000091b5200000,0x00000091b5300000) (1024K)]
  0x0000027ae8e6dcf0 JavaThread "ForkJoinPool.commonPool-worker-1" daemon [_thread_blocked, id=25540, stack(0x00000091b5300000,0x00000091b5400000) (1024K)]
  0x0000027ae8e6bc20 JavaThread "ForkJoinPool.commonPool-worker-2" daemon [_thread_blocked, id=11668, stack(0x00000091b5400000,0x00000091b5500000) (1024K)]
  0x0000027ae8e6ea10 JavaThread "ForkJoinPool.commonPool-worker-3" daemon [_thread_blocked, id=9024, stack(0x00000091b5500000,0x00000091b5600000) (1024K)]
  0x0000027ae8e6f0a0 JavaThread "ForkJoinPool.commonPool-worker-4" daemon [_thread_blocked, id=24760, stack(0x00000091b5600000,0x00000091b5700000) (1024K)]
  0x0000027ae093afe0 JavaThread "C2 CompilerThread1"         daemon [_thread_in_native, id=18152, stack(0x00000091b2300000,0x00000091b2400000) (1024K)]
  0x0000027ae80c7f30 JavaThread "C1 CompilerThread1"         daemon [_thread_blocked, id=25688, stack(0x00000091b2200000,0x00000091b2300000) (1024K)]
=>0x0000027ae6fe3270 JavaThread "C2 CompilerThread2"         daemon [_thread_in_native, id=27388, stack(0x00000091b2400000,0x00000091b2500000) (1024K)]
  0x0000027ae8e6b590 JavaThread "Compiler Source File Reader" daemon [_thread_blocked, id=14960, stack(0x00000091b2500000,0x00000091b2600000) (1024K)]
  0x0000027ae8e6fdc0 JavaThread "Compiler Processing Task"   daemon [_thread_blocked, id=32044, stack(0x00000091b2700000,0x00000091b2800000) (1024K)]
  0x0000027ae8e6a870 JavaThread "Compiler Source File Reader" daemon [_thread_blocked, id=12340, stack(0x00000091b3700000,0x00000091b3800000) (1024K)]
  0x0000027af38ee8f0 JavaThread "C1 CompilerThread2"         daemon [_thread_in_native, id=12540, stack(0x00000091b5800000,0x00000091b5900000) (1024K)]
  0x0000027ae8e6cfd0 JavaThread "pool-3-thread-1"                   [_thread_blocked, id=13828, stack(0x00000091b2800000,0x00000091b2900000) (1024K)]
  0x0000027ae8e70450 JavaThread "Worker-2"                          [_thread_blocked, id=11080, stack(0x00000091b3e00000,0x00000091b3f00000) (1024K)]
Total: 52

Other Threads:
  0x0000027ae07e32d0 VMThread "VM Thread"                           [id=33584, stack(0x00000091b1800000,0x00000091b1900000) (1024K)]
  0x0000027acac35270 WatcherThread "VM Periodic Task Thread"        [id=32616, stack(0x00000091b1700000,0x00000091b1800000) (1024K)]
  0x0000027acabea3c0 WorkerThread "GC Thread#0"                     [id=19816, stack(0x00000091b1600000,0x00000091b1700000) (1024K)]
  0x0000027ae68e2e80 WorkerThread "GC Thread#1"                     [id=27500, stack(0x00000091b2900000,0x00000091b2a00000) (1024K)]
  0x0000027ae696eee0 WorkerThread "GC Thread#2"                     [id=13356, stack(0x00000091b2a00000,0x00000091b2b00000) (1024K)]
  0x0000027ae68e3220 WorkerThread "GC Thread#3"                     [id=18016, stack(0x00000091b2b00000,0x00000091b2c00000) (1024K)]
  0x0000027ae68e35c0 WorkerThread "GC Thread#4"                     [id=28068, stack(0x00000091b2c00000,0x00000091b2d00000) (1024K)]
  0x0000027ae62fc480 WorkerThread "GC Thread#5"                     [id=31296, stack(0x00000091b2d00000,0x00000091b2e00000) (1024K)]
  0x0000027ae62fc820 WorkerThread "GC Thread#6"                     [id=14220, stack(0x00000091b2e00000,0x00000091b2f00000) (1024K)]
  0x0000027ae698dd50 WorkerThread "GC Thread#7"                     [id=15664, stack(0x00000091b3200000,0x00000091b3300000) (1024K)]
  0x0000027ae6c06fd0 WorkerThread "GC Thread#8"                     [id=29904, stack(0x00000091b3500000,0x00000091b3600000) (1024K)]
  0x0000027ae6c07ab0 WorkerThread "GC Thread#9"                     [id=15272, stack(0x00000091b3600000,0x00000091b3700000) (1024K)]
  0x0000027ae6c08590 WorkerThread "GC Thread#10"                    [id=2120, stack(0x00000091b3b00000,0x00000091b3c00000) (1024K)]
  0x0000027ae6c07e50 WorkerThread "GC Thread#11"                    [id=17076, stack(0x00000091b3c00000,0x00000091b3d00000) (1024K)]
  0x0000027ae6c08930 WorkerThread "GC Thread#12"                    [id=30880, stack(0x00000091b3d00000,0x00000091b3e00000) (1024K)]
Total: 15

Threads with active compile tasks:
C2 CompilerThread0  13975 8201 %     4       org.lombokweb.asm.ClassReader::readCode @ 2186 (5117 bytes)
C2 CompilerThread1  13975 8423   !   4       org.eclipse.core.internal.localstore.SafeFileOutputStream::write (20 bytes)
C2 CompilerThread2  13975 8380       4       org.eclipse.osgi.internal.loader.BundleLoader::addExportedProvidersFor (167 bytes)
Total: 3

VM state: not at safepoint (normal execution)

VM Mutex/Monitor currently owned by a thread: None

Heap address: 0x00000000c0000000, size: 1024 MB, Compressed Oops mode: 32-bit

CDS archive(s) mapped at: [0x0000027a80000000-0x0000027a80ba0000-0x0000027a80ba0000), size 12189696, SharedBaseAddress: 0x0000027a80000000, ArchiveRelocationMode: 1.
Compressed class space mapped at: 0x0000027a81000000-0x0000027ac1000000, reserved size: 1073741824
Narrow klass base: 0x0000027a80000000, Narrow klass shift: 0, Narrow klass range: 0x100000000

GC Precious Log:
 CardTable entry size: 512
 CPUs: 16 total, 16 available
 Memory: 15613M
 Large Page Support: Disabled
 NUMA Support: Disabled
 Compressed Oops: Enabled (32-bit)
 Alignments: Space 512K, Generation 512K, Heap 2M
 Heap Min Capacity: 100M
 Heap Initial Capacity: 100M
 Heap Max Capacity: 1G
 Pre-touch: Disabled
 Parallel Workers: 13

Heap:
 PSYoungGen      total 22016K, used 19769K [0x00000000eab00000, 0x00000000ec480000, 0x0000000100000000)
  eden space 19968K, 90% used [0x00000000eab00000,0x00000000ebca26c8,0x00000000ebe80000)
  from space 2048K, 83% used [0x00000000ec000000,0x00000000ec1ac010,0x00000000ec200000)
  to   space 2048K, 0% used [0x00000000ec280000,0x00000000ec280000,0x00000000ec480000)
 ParOldGen       total 68608K, used 40242K [0x00000000c0000000, 0x00000000c4300000, 0x00000000eab00000)
  object space 68608K, 58% used [0x00000000c0000000,0x00000000c274c920,0x00000000c4300000)
 Metaspace       used 46681K, committed 47808K, reserved 1114112K
  class space    used 4563K, committed 5056K, reserved 1048576K

Card table byte_map: [0x0000027aca570000,0x0000027aca780000] _byte_map_base: 0x0000027ac9f70000

Marking Bits: (ParMarkBitMap*) 0x00007ffb790e2250
 Begin Bits: [0x0000027adcf20000, 0x0000027addf20000)
 End Bits:   [0x0000027addf20000, 0x0000027adef20000)

Polling page: 0x0000027ac8b30000

Metaspace:

Usage:
  Non-class:     41.13 MB used.
      Class:      4.46 MB used.
       Both:     45.59 MB used.

Virtual space:
  Non-class space:       64.00 MB reserved,      41.75 MB ( 65%) committed,  1 nodes.
      Class space:        1.00 GB reserved,       4.94 MB ( <1%) committed,  1 nodes.
             Both:        1.06 GB reserved,      46.69 MB (  4%) committed. 

Chunk freelists:
   Non-Class:  5.88 MB
       Class:  10.94 MB
        Both:  16.81 MB

MaxMetaspaceSize: unlimited
CompressedClassSpaceSize: 1.00 GB
Initial GC threshold: 21.00 MB
Current GC threshold: 58.38 MB
CDS: on
 - commit_granule_bytes: 65536.
 - commit_granule_words: 8192.
 - virtual_space_node_default_size: 8388608.
 - enlarge_chunks_in_place: 1.
 - use_allocation_guard: 0.


Internal statistics:

num_allocs_failed_limit: 6.
num_arena_births: 1232.
num_arena_deaths: 202.
num_vsnodes_births: 2.
num_vsnodes_deaths: 0.
num_space_committed: 747.
num_space_uncommitted: 0.
num_chunks_returned_to_freelist: 290.
num_chunks_taken_from_freelist: 3449.
num_chunk_merges: 110.
num_chunk_splits: 2058.
num_chunks_enlarged: 1143.
num_inconsistent_stats: 0.

CodeHeap 'non-profiled nmethods': size=119168Kb used=6577Kb max_used=6577Kb free=112591Kb
 bounds [0x0000027ad5ac0000, 0x0000027ad6130000, 0x0000027adcf20000]
CodeHeap 'profiled nmethods': size=119104Kb used=19063Kb max_used=19063Kb free=100040Kb
 bounds [0x0000027acdf20000, 0x0000027acf1c0000, 0x0000027ad5370000]
CodeHeap 'non-nmethods': size=7488Kb used=2552Kb max_used=3203Kb free=4935Kb
 bounds [0x0000027ad5370000, 0x0000027ad56b0000, 0x0000027ad5ac0000]
 total_blobs=8741 nmethods=8004 adapters=639
 compilation: enabled
              stopped_count=0, restarted_count=0
 full_count=0

Compilation events (20 events):
Event: 13.916 Thread 0x0000027ae80c7f30 8377       3       java.util.Locale::isUnicodeExtensionKey (21 bytes)
Event: 13.917 Thread 0x0000027ae07f6340 nmethod 8376 0x0000027acf197590 code [0x0000027acf197820, 0x0000027acf198178]
Event: 13.917 Thread 0x0000027ae80c7f30 nmethod 8377 0x0000027acf198510 code [0x0000027acf198780, 0x0000027acf199288]
Event: 13.918 Thread 0x0000027ae07f6340 8379       1       jdk.xml.internal.XMLSecurityManager$Limit::systemProperty (5 bytes)
Event: 13.918 Thread 0x0000027ae07f6340 nmethod 8379 0x0000027ad6128910 code [0x0000027ad6128aa0, 0x0000027ad6128b68]
Event: 13.918 Thread 0x0000027ae6fe3270 8380       4       org.eclipse.osgi.internal.loader.BundleLoader::addExportedProvidersFor (167 bytes)
Event: 13.925 Thread 0x0000027af38ee8f0 8381       3       java.util.Collections$SynchronizedCollection::iterator (10 bytes)
Event: 13.925 Thread 0x0000027af38ee8f0 nmethod 8381 0x0000027acf199710 code [0x0000027acf1998c0, 0x0000027acf199a98]
Event: 13.926 Thread 0x0000027ae80c7f30 8382       3       java.util.concurrent.ConcurrentLinkedQueue::poll (84 bytes)
Event: 13.927 Thread 0x0000027af38ee8f0 8383       3       java.lang.StringCoding::implEncodeAsciiArray (47 bytes)
Event: 13.927 Thread 0x0000027af38ee8f0 nmethod 8383 0x0000027acf199b90 code [0x0000027acf199d40, 0x0000027acf199f78]
Event: 13.929 Thread 0x0000027ae80c7f30 nmethod 8382 0x0000027acf19a110 code [0x0000027acf19a720, 0x0000027acf19dbd0]
Event: 13.933 Thread 0x0000027ae80c7f30 8384       3       java.lang.invoke.LambdaForm::identityForm (27 bytes)
Event: 13.933 Thread 0x0000027ae80c7f30 nmethod 8384 0x0000027acf19eb90 code [0x0000027acf19ed40, 0x0000027acf19ef18]
Event: 13.935 Thread 0x0000027ae07f6340 8385       3       java.lang.invoke.MethodHandles::constant (88 bytes)
Event: 13.935 Thread 0x0000027ae80c7f30 8386       3       java.lang.invoke.MethodHandleImpl::makeIntrinsic (14 bytes)
Event: 13.935 Thread 0x0000027af38ee8f0 8387       3       java.lang.invoke.MethodHandleImpl$IntrinsicMethodHandle::<init> (8 bytes)
Event: 13.935 Thread 0x0000027af38ee8f0 nmethod 8387 0x0000027acf19f010 code [0x0000027acf19f200, 0x0000027acf19f7b0]
Event: 13.935 Thread 0x0000027ae80c7f30 nmethod 8386 0x0000027acf19f990 code [0x0000027acf19fb80, 0x0000027acf1a01c8]
Event: 13.936 Thread 0x0000027ae07f6340 nmethod 8385 0x0000027acf1a0410 code [0x0000027acf1a0720, 0x0000027acf1a1600]

GC Heap History (20 events):
Event: 5.965 GC heap before
{Heap before GC invocations=20 (full 2):
 PSYoungGen      total 23040K, used 21536K [0x00000000eab00000, 0x00000000ec300000, 0x0000000100000000)
  eden space 20992K, 100% used [0x00000000eab00000,0x00000000ebf80000,0x00000000ebf80000)
  from space 2048K, 26% used [0x00000000ebf80000,0x00000000ec008000,0x00000000ec180000)
  to   space 1024K, 0% used [0x00000000ec200000,0x00000000ec200000,0x00000000ec300000)
 ParOldGen       total 68608K, used 22878K [0x00000000c0000000, 0x00000000c4300000, 0x00000000eab00000)
  object space 68608K, 33% used [0x00000000c0000000,0x00000000c1657958,0x00000000c4300000)
 Metaspace       used 39524K, committed 40512K, reserved 1114112K
  class space    used 3862K, committed 4288K, reserved 1048576K
}
Event: 5.966 GC heap after
{Heap after GC invocations=20 (full 2):
 PSYoungGen      total 22016K, used 1024K [0x00000000eab00000, 0x00000000ec380000, 0x0000000100000000)
  eden space 20992K, 0% used [0x00000000eab00000,0x00000000eab00000,0x00000000ebf80000)
  from space 1024K, 100% used [0x00000000ec200000,0x00000000ec300000,0x00000000ec300000)
  to   space 2048K, 0% used [0x00000000ebf80000,0x00000000ebf80000,0x00000000ec180000)
 ParOldGen       total 68608K, used 23406K [0x00000000c0000000, 0x00000000c4300000, 0x00000000eab00000)
  object space 68608K, 34% used [0x00000000c0000000,0x00000000c16db978,0x00000000c4300000)
 Metaspace       used 39524K, committed 40512K, reserved 1114112K
  class space    used 3862K, committed 4288K, reserved 1048576K
}
Event: 5.990 GC heap before
{Heap before GC invocations=21 (full 2):
 PSYoungGen      total 22016K, used 22016K [0x00000000eab00000, 0x00000000ec380000, 0x0000000100000000)
  eden space 20992K, 100% used [0x00000000eab00000,0x00000000ebf80000,0x00000000ebf80000)
  from space 1024K, 100% used [0x00000000ec200000,0x00000000ec300000,0x00000000ec300000)
  to   space 2048K, 0% used [0x00000000ebf80000,0x00000000ebf80000,0x00000000ec180000)
 ParOldGen       total 68608K, used 23406K [0x00000000c0000000, 0x00000000c4300000, 0x00000000eab00000)
  object space 68608K, 34% used [0x00000000c0000000,0x00000000c16db978,0x00000000c4300000)
 Metaspace       used 39531K, committed 40512K, reserved 1114112K
  class space    used 3862K, committed 4288K, reserved 1048576K
}
Event: 5.992 GC heap after
{Heap after GC invocations=21 (full 2):
 PSYoungGen      total 23040K, used 2048K [0x00000000eab00000, 0x00000000ec680000, 0x0000000100000000)
  eden space 20992K, 0% used [0x00000000eab00000,0x00000000eab00000,0x00000000ebf80000)
  from space 2048K, 100% used [0x00000000ebf80000,0x00000000ec180000,0x00000000ec180000)
  to   space 3584K, 0% used [0x00000000ec300000,0x00000000ec300000,0x00000000ec680000)
 ParOldGen       total 68608K, used 24606K [0x00000000c0000000, 0x00000000c4300000, 0x00000000eab00000)
  object space 68608K, 35% used [0x00000000c0000000,0x00000000c18078f8,0x00000000c4300000)
 Metaspace       used 39531K, committed 40512K, reserved 1114112K
  class space    used 3862K, committed 4288K, reserved 1048576K
}
Event: 6.029 GC heap before
{Heap before GC invocations=22 (full 2):
 PSYoungGen      total 23040K, used 23040K [0x00000000eab00000, 0x00000000ec680000, 0x0000000100000000)
  eden space 20992K, 100% used [0x00000000eab00000,0x00000000ebf80000,0x00000000ebf80000)
  from space 2048K, 100% used [0x00000000ebf80000,0x00000000ec180000,0x00000000ec180000)
  to   space 3584K, 0% used [0x00000000ec300000,0x00000000ec300000,0x00000000ec680000)
 ParOldGen       total 68608K, used 24606K [0x00000000c0000000, 0x00000000c4300000, 0x00000000eab00000)
  object space 68608K, 35% used [0x00000000c0000000,0x00000000c18078f8,0x00000000c4300000)
 Metaspace       used 39541K, committed 40512K, reserved 1114112K
  class space    used 3862K, committed 4288K, reserved 1048576K
}
Event: 6.032 GC heap after
{Heap after GC invocations=22 (full 2):
 PSYoungGen      total 24576K, used 3012K [0x00000000eab00000, 0x00000000ec680000, 0x0000000100000000)
  eden space 20992K, 0% used [0x00000000eab00000,0x00000000eab00000,0x00000000ebf80000)
  from space 3584K, 84% used [0x00000000ec300000,0x00000000ec5f1010,0x00000000ec680000)
  to   space 3584K, 0% used [0x00000000ebf80000,0x00000000ebf80000,0x00000000ec300000)
 ParOldGen       total 68608K, used 26610K [0x00000000c0000000, 0x00000000c4300000, 0x00000000eab00000)
  object space 68608K, 38% used [0x00000000c0000000,0x00000000c19fc9f8,0x00000000c4300000)
 Metaspace       used 39541K, committed 40512K, reserved 1114112K
  class space    used 3862K, committed 4288K, reserved 1048576K
}
Event: 6.104 GC heap before
{Heap before GC invocations=23 (full 2):
 PSYoungGen      total 24576K, used 24004K [0x00000000eab00000, 0x00000000ec680000, 0x0000000100000000)
  eden space 20992K, 100% used [0x00000000eab00000,0x00000000ebf80000,0x00000000ebf80000)
  from space 3584K, 84% used [0x00000000ec300000,0x00000000ec5f1010,0x00000000ec680000)
  to   space 3584K, 0% used [0x00000000ebf80000,0x00000000ebf80000,0x00000000ec300000)
 ParOldGen       total 68608K, used 26610K [0x00000000c0000000, 0x00000000c4300000, 0x00000000eab00000)
  object space 68608K, 38% used [0x00000000c0000000,0x00000000c19fc9f8,0x00000000c4300000)
 Metaspace       used 39821K, committed 40768K, reserved 1114112K
  class space    used 3880K, committed 4288K, reserved 1048576K
}
Event: 6.108 GC heap after
{Heap after GC invocations=23 (full 2):
 PSYoungGen      total 23552K, used 2315K [0x00000000eab00000, 0x00000000ec580000, 0x0000000100000000)
  eden space 20992K, 0% used [0x00000000eab00000,0x00000000eab00000,0x00000000ebf80000)
  from space 2560K, 90% used [0x00000000ebf80000,0x00000000ec1c2eb8,0x00000000ec200000)
  to   space 3072K, 0% used [0x00000000ec280000,0x00000000ec280000,0x00000000ec580000)
 ParOldGen       total 68608K, used 29398K [0x00000000c0000000, 0x00000000c4300000, 0x00000000eab00000)
  object space 68608K, 42% used [0x00000000c0000000,0x00000000c1cb5a08,0x00000000c4300000)
 Metaspace       used 39821K, committed 40768K, reserved 1114112K
  class space    used 3880K, committed 4288K, reserved 1048576K
}
Event: 6.475 GC heap before
{Heap before GC invocations=24 (full 2):
 PSYoungGen      total 23552K, used 23307K [0x00000000eab00000, 0x00000000ec580000, 0x0000000100000000)
  eden space 20992K, 100% used [0x00000000eab00000,0x00000000ebf80000,0x00000000ebf80000)
  from space 2560K, 90% used [0x00000000ebf80000,0x00000000ec1c2eb8,0x00000000ec200000)
  to   space 3072K, 0% used [0x00000000ec280000,0x00000000ec280000,0x00000000ec580000)
 ParOldGen       total 68608K, used 29398K [0x00000000c0000000, 0x00000000c4300000, 0x00000000eab00000)
  object space 68608K, 42% used [0x00000000c0000000,0x00000000c1cb5a08,0x00000000c4300000)
 Metaspace       used 41210K, committed 42176K, reserved 1114112K
  class space    used 4027K, committed 4480K, reserved 1048576K
}
Event: 6.480 GC heap after
{Heap after GC invocations=24 (full 2):
 PSYoungGen      total 22528K, used 1456K [0x00000000eab00000, 0x00000000ec400000, 0x0000000100000000)
  eden space 20992K, 0% used [0x00000000eab00000,0x00000000eab00000,0x00000000ebf80000)
  from space 1536K, 94% used [0x00000000ec280000,0x00000000ec3ec010,0x00000000ec400000)
  to   space 2048K, 0% used [0x00000000ec000000,0x00000000ec000000,0x00000000ec200000)
 ParOldGen       total 68608K, used 31498K [0x00000000c0000000, 0x00000000c4300000, 0x00000000eab00000)
  object space 68608K, 45% used [0x00000000c0000000,0x00000000c1ec2ac8,0x00000000c4300000)
 Metaspace       used 41210K, committed 42176K, reserved 1114112K
  class space    used 4027K, committed 4480K, reserved 1048576K
}
Event: 6.825 GC heap before
{Heap before GC invocations=25 (full 2):
 PSYoungGen      total 22528K, used 22446K [0x00000000eab00000, 0x00000000ec400000, 0x0000000100000000)
  eden space 20992K, 99% used [0x00000000eab00000,0x00000000ebf7f868,0x00000000ebf80000)
  from space 1536K, 94% used [0x00000000ec280000,0x00000000ec3ec010,0x00000000ec400000)
  to   space 2048K, 0% used [0x00000000ec000000,0x00000000ec000000,0x00000000ec200000)
 ParOldGen       total 68608K, used 31498K [0x00000000c0000000, 0x00000000c4300000, 0x00000000eab00000)
  object space 68608K, 45% used [0x00000000c0000000,0x00000000c1ec2ac8,0x00000000c4300000)
 Metaspace       used 42506K, committed 43584K, reserved 1114112K
  class space    used 4141K, committed 4608K, reserved 1048576K
}
Event: 6.828 GC heap after
{Heap after GC invocations=25 (full 2):
 PSYoungGen      total 23040K, used 1603K [0x00000000eab00000, 0x00000000ec380000, 0x0000000100000000)
  eden space 20992K, 0% used [0x00000000eab00000,0x00000000eab00000,0x00000000ebf80000)
  from space 2048K, 78% used [0x00000000ec000000,0x00000000ec190e78,0x00000000ec200000)
  to   space 1536K, 0% used [0x00000000ec200000,0x00000000ec200000,0x00000000ec380000)
 ParOldGen       total 68608K, used 32482K [0x00000000c0000000, 0x00000000c4300000, 0x00000000eab00000)
  object space 68608K, 47% used [0x00000000c0000000,0x00000000c1fb8b18,0x00000000c4300000)
 Metaspace       used 42506K, committed 43584K, reserved 1114112K
  class space    used 4141K, committed 4608K, reserved 1048576K
}
Event: 8.554 GC heap before
{Heap before GC invocations=26 (full 2):
 PSYoungGen      total 23040K, used 22595K [0x00000000eab00000, 0x00000000ec380000, 0x0000000100000000)
  eden space 20992K, 100% used [0x00000000eab00000,0x00000000ebf80000,0x00000000ebf80000)
  from space 2048K, 78% used [0x00000000ec000000,0x00000000ec190e78,0x00000000ec200000)
  to   space 1536K, 0% used [0x00000000ec200000,0x00000000ec200000,0x00000000ec380000)
 ParOldGen       total 68608K, used 32482K [0x00000000c0000000, 0x00000000c4300000, 0x00000000eab00000)
  object space 68608K, 47% used [0x00000000c0000000,0x00000000c1fb8b18,0x00000000c4300000)
 Metaspace       used 43925K, committed 44928K, reserved 1114112K
  class space    used 4283K, committed 4736K, reserved 1048576K
}
Event: 8.558 GC heap after
{Heap after GC invocations=26 (full 2):
 PSYoungGen      total 21504K, used 1529K [0x00000000eab00000, 0x00000000ec680000, 0x0000000100000000)
  eden space 19968K, 0% used [0x00000000eab00000,0x00000000eab00000,0x00000000ebe80000)
  from space 1536K, 99% used [0x00000000ec200000,0x00000000ec37e470,0x00000000ec380000)
  to   space 3584K, 0% used [0x00000000ebe80000,0x00000000ebe80000,0x00000000ec200000)
 ParOldGen       total 68608K, used 33841K [0x00000000c0000000, 0x00000000c4300000, 0x00000000eab00000)
  object space 68608K, 49% used [0x00000000c0000000,0x00000000c210c738,0x00000000c4300000)
 Metaspace       used 43925K, committed 44928K, reserved 1114112K
  class space    used 4283K, committed 4736K, reserved 1048576K
}
Event: 9.615 GC heap before
{Heap before GC invocations=27 (full 2):
 PSYoungGen      total 21504K, used 21497K [0x00000000eab00000, 0x00000000ec680000, 0x0000000100000000)
  eden space 19968K, 100% used [0x00000000eab00000,0x00000000ebe80000,0x00000000ebe80000)
  from space 1536K, 99% used [0x00000000ec200000,0x00000000ec37e470,0x00000000ec380000)
  to   space 3584K, 0% used [0x00000000ebe80000,0x00000000ebe80000,0x00000000ec200000)
 ParOldGen       total 68608K, used 33841K [0x00000000c0000000, 0x00000000c4300000, 0x00000000eab00000)
  object space 68608K, 49% used [0x00000000c0000000,0x00000000c210c738,0x00000000c4300000)
 Metaspace       used 44388K, committed 45504K, reserved 1114112K
  class space    used 4311K, committed 4800K, reserved 1048576K
}
Event: 9.618 GC heap after
{Heap after GC invocations=27 (full 2):
 PSYoungGen      total 23552K, used 3576K [0x00000000eab00000, 0x00000000ec980000, 0x0000000100000000)
  eden space 19968K, 0% used [0x00000000eab00000,0x00000000eab00000,0x00000000ebe80000)
  from space 3584K, 99% used [0x00000000ebe80000,0x00000000ec1fe030,0x00000000ec200000)
  to   space 5632K, 0% used [0x00000000ec400000,0x00000000ec400000,0x00000000ec980000)
 ParOldGen       total 68608K, used 35354K [0x00000000c0000000, 0x00000000c4300000, 0x00000000eab00000)
  object space 68608K, 51% used [0x00000000c0000000,0x00000000c2286918,0x00000000c4300000)
 Metaspace       used 44388K, committed 45504K, reserved 1114112K
  class space    used 4311K, committed 4800K, reserved 1048576K
}
Event: 10.534 GC heap before
{Heap before GC invocations=28 (full 2):
 PSYoungGen      total 23552K, used 23544K [0x00000000eab00000, 0x00000000ec980000, 0x0000000100000000)
  eden space 19968K, 100% used [0x00000000eab00000,0x00000000ebe80000,0x00000000ebe80000)
  from space 3584K, 99% used [0x00000000ebe80000,0x00000000ec1fe030,0x00000000ec200000)
  to   space 5632K, 0% used [0x00000000ec400000,0x00000000ec400000,0x00000000ec980000)
 ParOldGen       total 68608K, used 35354K [0x00000000c0000000, 0x00000000c4300000, 0x00000000eab00000)
  object space 68608K, 51% used [0x00000000c0000000,0x00000000c2286918,0x00000000c4300000)
 Metaspace       used 44605K, committed 45696K, reserved 1114112K
  class space    used 4318K, committed 4800K, reserved 1048576K
}
Event: 10.540 GC heap after
{Heap after GC invocations=28 (full 2):
 PSYoungGen      total 22016K, used 1632K [0x00000000eab00000, 0x00000000ec600000, 0x0000000100000000)
  eden space 19968K, 0% used [0x00000000eab00000,0x00000000eab00000,0x00000000ebe80000)
  from space 2048K, 79% used [0x00000000ec400000,0x00000000ec598000,0x00000000ec600000)
  to   space 3072K, 0% used [0x00000000ec000000,0x00000000ec000000,0x00000000ec300000)
 ParOldGen       total 68608K, used 38848K [0x00000000c0000000, 0x00000000c4300000, 0x00000000eab00000)
  object space 68608K, 56% used [0x00000000c0000000,0x00000000c25f0340,0x00000000c4300000)
 Metaspace       used 44605K, committed 45696K, reserved 1114112K
  class space    used 4318K, committed 4800K, reserved 1048576K
}
Event: 12.655 GC heap before
{Heap before GC invocations=29 (full 2):
 PSYoungGen      total 22016K, used 21600K [0x00000000eab00000, 0x00000000ec600000, 0x0000000100000000)
  eden space 19968K, 100% used [0x00000000eab00000,0x00000000ebe80000,0x00000000ebe80000)
  from space 2048K, 79% used [0x00000000ec400000,0x00000000ec598000,0x00000000ec600000)
  to   space 3072K, 0% used [0x00000000ec000000,0x00000000ec000000,0x00000000ec300000)
 ParOldGen       total 68608K, used 38848K [0x00000000c0000000, 0x00000000c4300000, 0x00000000eab00000)
  object space 68608K, 56% used [0x00000000c0000000,0x00000000c25f0340,0x00000000c4300000)
 Metaspace       used 44923K, committed 46016K, reserved 1114112K
  class space    used 4343K, committed 4800K, reserved 1048576K
}
Event: 12.657 GC heap after
{Heap after GC invocations=29 (full 2):
 PSYoungGen      total 22016K, used 1712K [0x00000000eab00000, 0x00000000ec480000, 0x0000000100000000)
  eden space 19968K, 0% used [0x00000000eab00000,0x00000000eab00000,0x00000000ebe80000)
  from space 2048K, 83% used [0x00000000ec000000,0x00000000ec1ac010,0x00000000ec200000)
  to   space 2048K, 0% used [0x00000000ec280000,0x00000000ec280000,0x00000000ec480000)
 ParOldGen       total 68608K, used 40242K [0x00000000c0000000, 0x00000000c4300000, 0x00000000eab00000)
  object space 68608K, 58% used [0x00000000c0000000,0x00000000c274c920,0x00000000c4300000)
 Metaspace       used 44923K, committed 46016K, reserved 1114112K
  class space    used 4343K, committed 4800K, reserved 1048576K
}

Dll operation events (10 events):
Event: 0.007 Loaded shared library c:\Users\ASUS\.vscode\extensions\redhat.java-1.39.0-win32-x64\jre\21.0.5-win32-x86_64\bin\java.dll
Event: 0.056 Loaded shared library c:\Users\ASUS\.vscode\extensions\redhat.java-1.39.0-win32-x64\jre\21.0.5-win32-x86_64\bin\zip.dll
Event: 0.069 Loaded shared library C:\Users\ASUS\.vscode\extensions\redhat.java-1.39.0-win32-x64\jre\21.0.5-win32-x86_64\bin\instrument.dll
Event: 0.072 Loaded shared library C:\Users\ASUS\.vscode\extensions\redhat.java-1.39.0-win32-x64\jre\21.0.5-win32-x86_64\bin\net.dll
Event: 0.074 Loaded shared library C:\Users\ASUS\.vscode\extensions\redhat.java-1.39.0-win32-x64\jre\21.0.5-win32-x86_64\bin\nio.dll
Event: 0.076 Loaded shared library C:\Users\ASUS\.vscode\extensions\redhat.java-1.39.0-win32-x64\jre\21.0.5-win32-x86_64\bin\zip.dll
Event: 0.087 Loaded shared library C:\Users\ASUS\.vscode\extensions\redhat.java-1.39.0-win32-x64\jre\21.0.5-win32-x86_64\bin\jimage.dll
Event: 0.132 Loaded shared library c:\Users\ASUS\.vscode\extensions\redhat.java-1.39.0-win32-x64\jre\21.0.5-win32-x86_64\bin\verify.dll
Event: 0.945 Loaded shared library C:\Users\ASUS\AppData\Roaming\Code\User\globalStorage\redhat.java\1.39.0\config_ss_win\org.eclipse.equinox.launcher\org.eclipse.equinox.launcher.win32.win32.x86_64_1.2.1100.v20240722-2106\eclipse_11904.dll
Event: 1.808 Loaded shared library C:\Users\ASUS\AppData\Local\Temp\jna-2018896\jna16366774267976649665.dll

Deoptimization events (20 events):
Event: 13.918 Thread 0x0000027ae7078e90 DEOPT UNPACKING pc=0x0000027ad53c3aa2 sp=0x00000091b3afe868 mode 2
Event: 13.918 Thread 0x0000027ae7078e90 Uncommon trap: trap_request=0xffffffde fr.pc=0x0000027ad5cdec2c relative=0x00000000000005ec
Event: 13.918 Thread 0x0000027ae7078e90 Uncommon trap: reason=class_check action=maybe_recompile pc=0x0000027ad5cdec2c method=java.util.Spliterators$1Adapter.hasNext()Z @ 12 c2
Event: 13.918 Thread 0x0000027ae7078e90 DEOPT PACKING pc=0x0000027ad5cdec2c sp=0x00000091b3afe8c0
Event: 13.918 Thread 0x0000027ae7078e90 DEOPT UNPACKING pc=0x0000027ad53c3aa2 sp=0x00000091b3afe878 mode 2
Event: 13.918 Thread 0x0000027ae7078e90 Uncommon trap: trap_request=0xffffffde fr.pc=0x0000027ad5cdec2c relative=0x00000000000005ec
Event: 13.918 Thread 0x0000027ae7078e90 Uncommon trap: reason=class_check action=maybe_recompile pc=0x0000027ad5cdec2c method=java.util.Spliterators$1Adapter.hasNext()Z @ 12 c2
Event: 13.918 Thread 0x0000027ae7078e90 DEOPT PACKING pc=0x0000027ad5cdec2c sp=0x00000091b3afe8c0
Event: 13.918 Thread 0x0000027ae7078e90 DEOPT UNPACKING pc=0x0000027ad53c3aa2 sp=0x00000091b3afe878 mode 2
Event: 13.925 Thread 0x0000027ae7078e90 Uncommon trap: trap_request=0xffffff45 fr.pc=0x0000027ad60e5a4c relative=0x0000000000000f4c
Event: 13.925 Thread 0x0000027ae7078e90 Uncommon trap: reason=unstable_if action=reinterpret pc=0x0000027ad60e5a4c method=org.eclipse.core.runtime.Path.toOSString()Ljava/lang/String; @ 66 c2
Event: 13.925 Thread 0x0000027ae7078e90 DEOPT PACKING pc=0x0000027ad60e5a4c sp=0x00000091b3afece0
Event: 13.925 Thread 0x0000027ae7078e90 DEOPT UNPACKING pc=0x0000027ad53c3aa2 sp=0x00000091b3afeca0 mode 2
Event: 13.933 Thread 0x0000027ae8e694c0 Uncommon trap: trap_request=0xffffff45 fr.pc=0x0000027ad602f9ec relative=0x00000000000000cc
Event: 13.933 Thread 0x0000027ae8e694c0 Uncommon trap: reason=unstable_if action=reinterpret pc=0x0000027ad602f9ec method=java.util.stream.AbstractPipeline.sourceSpliterator(I)Ljava/util/Spliterator; @ 82 c2
Event: 13.933 Thread 0x0000027ae8e694c0 DEOPT PACKING pc=0x0000027ad602f9ec sp=0x00000091b57feea0
Event: 13.933 Thread 0x0000027ae8e694c0 DEOPT UNPACKING pc=0x0000027ad53c3aa2 sp=0x00000091b57fee00 mode 2
Event: 13.940 Thread 0x0000027ae8e694c0 Uncommon trap: trap_request=0xffffff45 fr.pc=0x0000027ad5f504f0 relative=0x00000000000005d0
Event: 13.940 Thread 0x0000027ae8e694c0 Uncommon trap: reason=unstable_if action=reinterpret pc=0x0000027ad5f504f0 method=java.util.HashMap.putVal(ILjava/lang/Object;Ljava/lang/Object;ZZ)Ljava/lang/Object; @ 236 c2
Event: 13.940 Thread 0x0000027ae8e694c0 DEOPT PACKING pc=0x0000027ad5f504f0 sp=0x00000091b57fe200

Classes loaded (20 events):
Event: 13.920 Loading class java/io/DataOutputStream
Event: 13.920 Loading class java/io/DataOutputStream done
Event: 13.923 Loading class java/util/concurrent/ConcurrentHashMap$EntrySpliterator
Event: 13.923 Loading class java/util/concurrent/ConcurrentHashMap$EntrySpliterator done
Event: 13.930 Loading class java/util/concurrent/ForkJoinTask$AdaptedCallable
Event: 13.930 Loading class java/util/concurrent/ForkJoinTask$AdaptedCallable done
Event: 13.933 Loading class java/util/stream/Nodes$CollectorTask$OfRef
Event: 13.933 Loading class java/util/stream/Nodes$CollectorTask
Event: 13.934 Loading class java/util/stream/Nodes$CollectorTask done
Event: 13.934 Loading class java/util/stream/Nodes$CollectorTask$OfRef done
Event: 13.934 Loading class java/util/function/LongFunction
Event: 13.934 Loading class java/util/function/LongFunction done
Event: 13.934 Loading class java/util/stream/Nodes$ConcNode
Event: 13.934 Loading class java/util/stream/Nodes$AbstractConcNode
Event: 13.935 Loading class java/util/stream/Nodes$AbstractConcNode done
Event: 13.935 Loading class java/util/stream/Nodes$ConcNode done
Event: 13.937 Loading class java/util/zip/Deflater
Event: 13.937 Loading class java/util/zip/Deflater done
Event: 13.938 Loading class java/util/zip/Deflater$DeflaterZStreamRef
Event: 13.938 Loading class java/util/zip/Deflater$DeflaterZStreamRef done

Classes unloaded (20 events):
Event: 4.280 Thread 0x0000027ae07e32d0 Unloading class 0x0000027a81345400 'java/lang/invoke/LambdaForm$MH+0x0000027a81345400'
Event: 4.280 Thread 0x0000027ae07e32d0 Unloading class 0x0000027a81345000 'java/lang/invoke/LambdaForm$MH+0x0000027a81345000'
Event: 4.280 Thread 0x0000027ae07e32d0 Unloading class 0x0000027a81344c00 'java/lang/invoke/LambdaForm$MH+0x0000027a81344c00'
Event: 4.280 Thread 0x0000027ae07e32d0 Unloading class 0x0000027a81344800 'java/lang/invoke/LambdaForm$MH+0x0000027a81344800'
Event: 4.280 Thread 0x0000027ae07e32d0 Unloading class 0x0000027a81344000 'java/lang/invoke/LambdaForm$MH+0x0000027a81344000'
Event: 4.280 Thread 0x0000027ae07e32d0 Unloading class 0x0000027a81343c00 'java/lang/invoke/LambdaForm$MH+0x0000027a81343c00'
Event: 4.280 Thread 0x0000027ae07e32d0 Unloading class 0x0000027a81343800 'java/lang/invoke/LambdaForm$MH+0x0000027a81343800'
Event: 4.280 Thread 0x0000027ae07e32d0 Unloading class 0x0000027a81343400 'java/lang/invoke/LambdaForm$MH+0x0000027a81343400'
Event: 4.280 Thread 0x0000027ae07e32d0 Unloading class 0x0000027a81343000 'java/lang/invoke/LambdaForm$MH+0x0000027a81343000'
Event: 4.280 Thread 0x0000027ae07e32d0 Unloading class 0x0000027a81342000 'java/lang/invoke/LambdaForm$MH+0x0000027a81342000'
Event: 4.280 Thread 0x0000027ae07e32d0 Unloading class 0x0000027a81342800 'java/lang/invoke/LambdaForm$MH+0x0000027a81342800'
Event: 4.280 Thread 0x0000027ae07e32d0 Unloading class 0x0000027a81342400 'java/lang/invoke/LambdaForm$MH+0x0000027a81342400'
Event: 4.280 Thread 0x0000027ae07e32d0 Unloading class 0x0000027a81341c00 'java/lang/invoke/LambdaForm$MH+0x0000027a81341c00'
Event: 4.280 Thread 0x0000027ae07e32d0 Unloading class 0x0000027a81341800 'java/lang/invoke/LambdaForm$MH+0x0000027a81341800'
Event: 4.280 Thread 0x0000027ae07e32d0 Unloading class 0x0000027a81341400 'java/lang/invoke/LambdaForm$MH+0x0000027a81341400'
Event: 4.280 Thread 0x0000027ae07e32d0 Unloading class 0x0000027a81341000 'java/lang/invoke/LambdaForm$MH+0x0000027a81341000'
Event: 4.280 Thread 0x0000027ae07e32d0 Unloading class 0x0000027a81340800 'java/lang/invoke/LambdaForm$DMH+0x0000027a81340800'
Event: 4.280 Thread 0x0000027ae07e32d0 Unloading class 0x0000027a81340000 'java/lang/invoke/LambdaForm$DMH+0x0000027a81340000'
Event: 4.280 Thread 0x0000027ae07e32d0 Unloading class 0x0000027a81340400 'java/lang/invoke/LambdaForm$DMH+0x0000027a81340400'
Event: 4.280 Thread 0x0000027ae07e32d0 Unloading class 0x0000027a8133cc00 'java/lang/invoke/LambdaForm$DMH+0x0000027a8133cc00'

Classes redefined (0 events):
No events

Internal exceptions (20 events):
Event: 11.862 Thread 0x0000027ae8e6ea10 Exception <a 'java/lang/NullPointerException'{0x00000000eb194268}> (0x00000000eb194268) 
thrown [s\src\hotspot\share\runtime\sharedRuntime.cpp, line 625]
Event: 11.862 Thread 0x0000027ae8e6ea10 Implicit null exception at 0x0000027aceda6df3 to 0x0000027aceda8214
Event: 11.862 Thread 0x0000027ae8e6ea10 Exception <a 'java/lang/NullPointerException'{0x00000000eb195908}> (0x00000000eb195908) 
thrown [s\src\hotspot\share\runtime\sharedRuntime.cpp, line 625]
Event: 11.862 Thread 0x0000027ae8e6ea10 Implicit null exception at 0x0000027aceda6df3 to 0x0000027aceda8214
Event: 11.862 Thread 0x0000027ae8e6ea10 Exception <a 'java/lang/NullPointerException'{0x00000000eb19be58}> (0x00000000eb19be58) 
thrown [s\src\hotspot\share\runtime\sharedRuntime.cpp, line 625]
Event: 11.862 Thread 0x0000027ae8e6ea10 Implicit null exception at 0x0000027aceda6df3 to 0x0000027aceda8214
Event: 11.862 Thread 0x0000027ae8e6ea10 Exception <a 'java/lang/NullPointerException'{0x00000000eb19d510}> (0x00000000eb19d510) 
thrown [s\src\hotspot\share\runtime\sharedRuntime.cpp, line 625]
Event: 11.862 Thread 0x0000027ae8e6ea10 Implicit null exception at 0x0000027aceda6df3 to 0x0000027aceda8214
Event: 11.862 Thread 0x0000027ae8e6ea10 Exception <a 'java/lang/NullPointerException'{0x00000000eb1a3ab8}> (0x00000000eb1a3ab8) 
thrown [s\src\hotspot\share\runtime\sharedRuntime.cpp, line 625]
Event: 11.862 Thread 0x0000027ae8e6ea10 Implicit null exception at 0x0000027aceda6df3 to 0x0000027aceda8214
Event: 11.862 Thread 0x0000027ae8e6ea10 Exception <a 'java/lang/NullPointerException'{0x00000000eb1a5170}> (0x00000000eb1a5170) 
thrown [s\src\hotspot\share\runtime\sharedRuntime.cpp, line 625]
Event: 12.038 Thread 0x0000027ae8e6d660 Exception <a 'java/lang/IncompatibleClassChangeError'{0x00000000eb508110}: Found class java.lang.Object, but interface was expected> (0x00000000eb508110) 
thrown [s\src\hotspot\share\interpreter\linkResolver.cpp, line 840]
Event: 12.107 Thread 0x0000027ae8e6bc20 Exception <a 'java/lang/ArrayIndexOutOfBoundsException'{0x00000000ebe09e30}> (0x00000000ebe09e30) 
thrown [s\src\hotspot\share\runtime\sharedRuntime.cpp, line 625]
Event: 12.659 Thread 0x0000027ae8e6d660 Exception <a 'java/lang/IncompatibleClassChangeError'{0x00000000eab0f6e8}: Found class java.lang.Object, but interface was expected> (0x00000000eab0f6e8) 
thrown [s\src\hotspot\share\interpreter\linkResolver.cpp, line 840]
Event: 12.664 Thread 0x0000027ae8e6ea10 Exception <a 'java/lang/NoSuchMethodError'{0x00000000eab632c0}: 'void java.lang.invoke.DirectMethodHandle$Holder.invokeSpecial(java.lang.Object, java.lang.Object, int)'> (0x00000000eab632c0) 
thrown [s\src\hotspot\share\interpreter\linkResolver.cpp, line 773]
Event: 12.778 Thread 0x0000027ae8e6d660 Exception <a 'java/io/FileNotFoundException'{0x00000000eaf471a8}> (0x00000000eaf471a8) 
thrown [s\src\hotspot\share\prims\jni.cpp, line 520]
Event: 12.778 Thread 0x0000027ae8e6d660 Exception <a 'java/io/FileNotFoundException'{0x00000000eaf486b0}> (0x00000000eaf486b0) 
thrown [s\src\hotspot\share\prims\jni.cpp, line 520]
Event: 12.778 Thread 0x0000027ae8e6d660 Exception <a 'java/io/FileNotFoundException'{0x00000000eaf496c8}> (0x00000000eaf496c8) 
thrown [s\src\hotspot\share\prims\jni.cpp, line 520]
Event: 13.082 Thread 0x0000027ae8e6fdc0 Exception <a 'java/lang/NoSuchMethodError'{0x00000000eb633120}: 'void java.lang.invoke.DirectMethodHandle$Holder.invokeVirtual(java.lang.Object, java.lang.Object, java.lang.Object, java.lang.Object, java.lang.Object)'> (0x00000000eb633120) 
thrown [s\src\hotspot\share\interpreter\linkResolver.cpp, line 773]
Event: 13.916 Thread 0x0000027ae8e6d660 Exception <a 'java/lang/NoSuchMethodError'{0x00000000ebb19f18}: 'void java.lang.invoke.DirectMethodHandle$Holder.invokeInterface(java.lang.Object, java.lang.Object)'> (0x00000000ebb19f18) 
thrown [s\src\hotspot\share\interpreter\linkResolver.cpp, line 773]

ZGC Phase Switch (0 events):
No events

VM Operations (20 events):
Event: 12.568 Executing VM operation: Cleanup
Event: 12.568 Executing VM operation: Cleanup done
Event: 12.655 Executing VM operation: ParallelGCFailedAllocation (Allocation Failure)
Event: 12.657 Executing VM operation: ParallelGCFailedAllocation (Allocation Failure) done
Event: 12.706 Executing VM operation: HandshakeAllThreads (Deoptimize)
Event: 12.706 Executing VM operation: HandshakeAllThreads (Deoptimize) done
Event: 12.771 Executing VM operation: HandshakeAllThreads (Deoptimize)
Event: 12.771 Executing VM operation: HandshakeAllThreads (Deoptimize) done
Event: 12.949 Executing VM operation: HandshakeAllThreads (Deoptimize)
Event: 12.949 Executing VM operation: HandshakeAllThreads (Deoptimize) done
Event: 12.954 Executing VM operation: HandshakeAllThreads (Deoptimize)
Event: 12.954 Executing VM operation: HandshakeAllThreads (Deoptimize) done
Event: 13.017 Executing VM operation: ICBufferFull
Event: 13.017 Executing VM operation: ICBufferFull done
Event: 13.096 Executing VM operation: HandshakeAllThreads (Deoptimize)
Event: 13.096 Executing VM operation: HandshakeAllThreads (Deoptimize) done
Event: 13.223 Executing VM operation: HandshakeAllThreads (Deoptimize)
Event: 13.224 Executing VM operation: HandshakeAllThreads (Deoptimize) done
Event: 13.833 Executing VM operation: HandshakeAllThreads (Deoptimize)
Event: 13.833 Executing VM operation: HandshakeAllThreads (Deoptimize) done

Memory protections (0 events):
No events

Nmethod flushes (20 events):
Event: 4.297 Thread 0x0000027ae07e32d0 flushing  nmethod 0x0000027ace38d610
Event: 4.297 Thread 0x0000027ae07e32d0 flushing  nmethod 0x0000027ace3e2090
Event: 4.297 Thread 0x0000027ae07e32d0 flushing  nmethod 0x0000027ace3e3410
Event: 4.297 Thread 0x0000027ae07e32d0 flushing  nmethod 0x0000027ace402c90
Event: 4.297 Thread 0x0000027ae07e32d0 flushing  nmethod 0x0000027ace40a290
Event: 4.297 Thread 0x0000027ae07e32d0 flushing  nmethod 0x0000027ace43b210
Event: 4.297 Thread 0x0000027ae07e32d0 flushing  nmethod 0x0000027ace43b610
Event: 4.297 Thread 0x0000027ae07e32d0 flushing  nmethod 0x0000027ace43c010
Event: 4.297 Thread 0x0000027ae07e32d0 flushing  nmethod 0x0000027ace440910
Event: 4.297 Thread 0x0000027ae07e32d0 flushing  nmethod 0x0000027ace45c790
Event: 4.297 Thread 0x0000027ae07e32d0 flushing  nmethod 0x0000027ace45d210
Event: 4.297 Thread 0x0000027ae07e32d0 flushing  nmethod 0x0000027ace45df90
Event: 4.297 Thread 0x0000027ae07e32d0 flushing  nmethod 0x0000027ace45ed90
Event: 4.297 Thread 0x0000027ae07e32d0 flushing  nmethod 0x0000027ace45f310
Event: 4.297 Thread 0x0000027ae07e32d0 flushing  nmethod 0x0000027ace460990
Event: 4.297 Thread 0x0000027ae07e32d0 flushing  nmethod 0x0000027ace46dc10
Event: 4.297 Thread 0x0000027ae07e32d0 flushing  nmethod 0x0000027ace46e110
Event: 4.297 Thread 0x0000027ae07e32d0 flushing  nmethod 0x0000027ace46ec10
Event: 4.297 Thread 0x0000027ae07e32d0 flushing  nmethod 0x0000027ace471e90
Event: 4.297 Thread 0x0000027ae07e32d0 flushing  nmethod 0x0000027ace472c10

Events (20 events):
Event: 11.840 Thread 0x0000027ae80c7f30 Thread exited: 0x0000027ae80c7f30
Event: 12.072 Thread 0x0000027ae093afe0 Thread added: 0x0000027ae80c7f30
Event: 12.655 Thread 0x0000027afa2d1f80 Thread exited: 0x0000027afa2d1f80
Event: 12.655 Thread 0x0000027aea7b0fe0 Thread exited: 0x0000027aea7b0fe0
Event: 12.655 Thread 0x0000027ae6fe3270 Thread exited: 0x0000027ae6fe3270
Event: 12.725 Thread 0x0000027ae80c7f30 Thread added: 0x0000027ae6fe3270
Event: 12.997 Thread 0x0000027ae7078800 Thread added: 0x0000027ae8e6b590
Event: 13.050 Thread 0x0000027ae7078800 Thread added: 0x0000027ae8e6fdc0
Event: 13.058 Thread 0x0000027ae80c7f30 Thread added: 0x0000027aea7b0fe0
Event: 13.156 Thread 0x0000027ae7078800 Thread added: 0x0000027ae8e6a870
Event: 13.158 Thread 0x0000027ae80c7f30 Thread added: 0x0000027ae9a817c0
Event: 13.165 Thread 0x0000027ae80c7f30 Thread added: 0x0000027ae723df90
Event: 13.196 Thread 0x0000027ae07f6340 Thread added: 0x0000027af38ee8f0
Event: 13.912 Thread 0x0000027ae723df90 Thread exited: 0x0000027ae723df90
Event: 13.912 Thread 0x0000027ae9a817c0 Thread exited: 0x0000027ae9a817c0
Event: 13.914 Thread 0x0000027aea7b0fe0 Thread exited: 0x0000027aea7b0fe0
Event: 13.918 Thread 0x0000027ae8e6d660 Thread added: 0x0000027ae8e6cfd0
Event: 13.926 Thread 0x0000027ae7078800 Thread added: 0x0000027ae8e70450
Event: 13.931 Thread 0x0000027ae7078e90 Thread added: 0x0000027ae8e694c0
Event: 13.935 Thread 0x0000027ae8e694c0 Thread added: 0x0000027ae8e70ae0


Dynamic libraries:
0x00007ff7c1d40000 - 0x00007ff7c1d4e000 	c:\Users\ASUS\.vscode\extensions\redhat.java-1.39.0-win32-x64\jre\21.0.5-win32-x86_64\bin\java.exe
0x00007ffbddd10000 - 0x00007ffbddf27000 	C:\WINDOWS\SYSTEM32\ntdll.dll
0x00007ffbdcdf0000 - 0x00007ffbdceb4000 	C:\WINDOWS\System32\KERNEL32.DLL
0x00007ffbdb150000 - 0x00007ffbdb520000 	C:\WINDOWS\System32\KERNELBASE.dll
0x00007ffbdb520000 - 0x00007ffbdb631000 	C:\WINDOWS\System32\ucrtbase.dll
0x00007ffbcacd0000 - 0x00007ffbcace8000 	c:\Users\ASUS\.vscode\extensions\redhat.java-1.39.0-win32-x64\jre\21.0.5-win32-x86_64\bin\jli.dll
0x00007ffbca3e0000 - 0x00007ffbca3fe000 	c:\Users\ASUS\.vscode\extensions\redhat.java-1.39.0-win32-x64\jre\21.0.5-win32-x86_64\bin\VCRUNTIME140.dll
0x00007ffbdbdf0000 - 0x00007ffbdbf9e000 	C:\WINDOWS\System32\USER32.dll
0x00007ffbdb950000 - 0x00007ffbdb976000 	C:\WINDOWS\System32\win32u.dll
0x00007ffbbbb10000 - 0x00007ffbbbda2000 	C:\WINDOWS\WinSxS\amd64_microsoft.windows.common-controls_6595b64144ccf1df_6.0.22621.4830_none_270fe7d773858e80\COMCTL32.dll
0x00007ffbdc8f0000 - 0x00007ffbdc919000 	C:\WINDOWS\System32\GDI32.dll
0x00007ffbdb6c0000 - 0x00007ffbdb7db000 	C:\WINDOWS\System32\gdi32full.dll
0x00007ffbddc10000 - 0x00007ffbddcb7000 	C:\WINDOWS\System32\msvcrt.dll
0x00007ffbdb0b0000 - 0x00007ffbdb14a000 	C:\WINDOWS\System32\msvcp_win.dll
0x00007ffbdbdb0000 - 0x00007ffbdbde1000 	C:\WINDOWS\System32\IMM32.DLL
0x00007ffbd7460000 - 0x00007ffbd746c000 	c:\Users\ASUS\.vscode\extensions\redhat.java-1.39.0-win32-x64\jre\21.0.5-win32-x86_64\bin\vcruntime140_1.dll
0x00007ffbb4b20000 - 0x00007ffbb4bad000 	c:\Users\ASUS\.vscode\extensions\redhat.java-1.39.0-win32-x64\jre\21.0.5-win32-x86_64\bin\msvcp140.dll
0x00007ffb78430000 - 0x00007ffb791bf000 	c:\Users\ASUS\.vscode\extensions\redhat.java-1.39.0-win32-x64\jre\21.0.5-win32-x86_64\bin\server\jvm.dll
0x00007ffbdbfb0000 - 0x00007ffbdc061000 	C:\WINDOWS\System32\ADVAPI32.dll
0x00007ffbdcfd0000 - 0x00007ffbdd077000 	C:\WINDOWS\System32\sechost.dll
0x00007ffbdafc0000 - 0x00007ffbdafe8000 	C:\WINDOWS\System32\bcrypt.dll
0x00007ffbddac0000 - 0x00007ffbddbd4000 	C:\WINDOWS\System32\RPCRT4.dll
0x00007ffbdcca0000 - 0x00007ffbdcd11000 	C:\WINDOWS\System32\WS2_32.dll
0x00007ffbdae90000 - 0x00007ffbdaedd000 	C:\WINDOWS\SYSTEM32\POWRPROF.dll
0x00007ffbd0920000 - 0x00007ffbd0954000 	C:\WINDOWS\SYSTEM32\WINMM.dll
0x00007ffbd7110000 - 0x00007ffbd711a000 	C:\WINDOWS\SYSTEM32\VERSION.dll
0x00007ffbdae70000 - 0x00007ffbdae83000 	C:\WINDOWS\SYSTEM32\UMPDC.dll
0x00007ffbda000000 - 0x00007ffbda018000 	C:\WINDOWS\SYSTEM32\kernel.appcore.dll
0x00007ffbd6ea0000 - 0x00007ffbd6eaa000 	c:\Users\ASUS\.vscode\extensions\redhat.java-1.39.0-win32-x64\jre\21.0.5-win32-x86_64\bin\jimage.dll
0x00007ffbd4af0000 - 0x00007ffbd4d22000 	C:\WINDOWS\SYSTEM32\DBGHELP.DLL
0x00007ffbdd690000 - 0x00007ffbdda20000 	C:\WINDOWS\System32\combase.dll
0x00007ffbdbbc0000 - 0x00007ffbdbc97000 	C:\WINDOWS\System32\OLEAUT32.dll
0x00007ffbd3730000 - 0x00007ffbd3762000 	C:\WINDOWS\SYSTEM32\dbgcore.DLL
0x00007ffbdb980000 - 0x00007ffbdb9fb000 	C:\WINDOWS\System32\bcryptPrimitives.dll
0x00007ffbd6e60000 - 0x00007ffbd6e6f000 	c:\Users\ASUS\.vscode\extensions\redhat.java-1.39.0-win32-x64\jre\21.0.5-win32-x86_64\bin\instrument.dll
0x00007ffbc2c60000 - 0x00007ffbc2c7f000 	c:\Users\ASUS\.vscode\extensions\redhat.java-1.39.0-win32-x64\jre\21.0.5-win32-x86_64\bin\java.dll
0x00007ffbdc070000 - 0x00007ffbdc8e8000 	C:\WINDOWS\System32\SHELL32.dll
0x00007ffbd8f10000 - 0x00007ffbd9820000 	C:\WINDOWS\SYSTEM32\windows.storage.dll
0x00007ffbd8dd0000 - 0x00007ffbd8f0f000 	C:\WINDOWS\SYSTEM32\wintypes.dll
0x00007ffbdbca0000 - 0x00007ffbdbdaa000 	C:\WINDOWS\System32\SHCORE.dll
0x00007ffbdd0e0000 - 0x00007ffbdd13e000 	C:\WINDOWS\System32\shlwapi.dll
0x00007ffbdaef0000 - 0x00007ffbdaf1b000 	C:\WINDOWS\SYSTEM32\profapi.dll
0x00007ffbc00f0000 - 0x00007ffbc0108000 	c:\Users\ASUS\.vscode\extensions\redhat.java-1.39.0-win32-x64\jre\21.0.5-win32-x86_64\bin\zip.dll
0x00007ffbd4990000 - 0x00007ffbd49a0000 	C:\Users\ASUS\.vscode\extensions\redhat.java-1.39.0-win32-x64\jre\21.0.5-win32-x86_64\bin\net.dll
0x00007ffbd7ed0000 - 0x00007ffbd7ffc000 	C:\WINDOWS\SYSTEM32\WINHTTP.dll
0x00007ffbda480000 - 0x00007ffbda4ea000 	C:\WINDOWS\system32\mswsock.dll
0x00007ffbc00d0000 - 0x00007ffbc00e6000 	C:\Users\ASUS\.vscode\extensions\redhat.java-1.39.0-win32-x64\jre\21.0.5-win32-x86_64\bin\nio.dll
0x00007ffbd4960000 - 0x00007ffbd4970000 	c:\Users\ASUS\.vscode\extensions\redhat.java-1.39.0-win32-x64\jre\21.0.5-win32-x86_64\bin\verify.dll
0x00007ffbba3f0000 - 0x00007ffbba435000 	C:\Users\ASUS\AppData\Roaming\Code\User\globalStorage\redhat.java\1.39.0\config_ss_win\org.eclipse.equinox.launcher\org.eclipse.equinox.launcher.win32.win32.x86_64_1.2.1100.v20240722-2106\eclipse_11904.dll
0x00007ffbdc990000 - 0x00007ffbdcb31000 	C:\WINDOWS\System32\ole32.dll
0x00007ffbda6e0000 - 0x00007ffbda6fb000 	C:\WINDOWS\SYSTEM32\CRYPTSP.dll
0x00007ffbd9f60000 - 0x00007ffbd9f95000 	C:\WINDOWS\system32\rsaenh.dll
0x00007ffbda570000 - 0x00007ffbda598000 	C:\WINDOWS\SYSTEM32\USERENV.dll
0x00007ffbda6d0000 - 0x00007ffbda6dc000 	C:\WINDOWS\SYSTEM32\CRYPTBASE.dll
0x00007ffbd9a80000 - 0x00007ffbd9aad000 	C:\WINDOWS\SYSTEM32\IPHLPAPI.DLL
0x00007ffbdbfa0000 - 0x00007ffbdbfa9000 	C:\WINDOWS\System32\NSI.dll
0x00007ffbb4e70000 - 0x00007ffbb4eb9000 	C:\Users\ASUS\AppData\Local\Temp\jna-2018896\jna16366774267976649665.dll
0x00007ffbddbe0000 - 0x00007ffbddbe8000 	C:\WINDOWS\System32\PSAPI.DLL
0x00007ffbd76a0000 - 0x00007ffbd76b9000 	C:\WINDOWS\SYSTEM32\dhcpcsvc6.DLL
0x00007ffbd7680000 - 0x00007ffbd769f000 	C:\WINDOWS\SYSTEM32\dhcpcsvc.DLL

dbghelp: loaded successfully - version: 4.0.5 - missing functions: none
symbol engine: initialized successfully - sym options: 0x614 - pdb path: .;c:\Users\ASUS\.vscode\extensions\redhat.java-1.39.0-win32-x64\jre\21.0.5-win32-x86_64\bin;C:\WINDOWS\SYSTEM32;C:\WINDOWS\WinSxS\amd64_microsoft.windows.common-controls_6595b64144ccf1df_6.0.22621.4830_none_270fe7d773858e80;c:\Users\ASUS\.vscode\extensions\redhat.java-1.39.0-win32-x64\jre\21.0.5-win32-x86_64\bin\server;C:\Users\ASUS\AppData\Roaming\Code\User\globalStorage\redhat.java\1.39.0\config_ss_win\org.eclipse.equinox.launcher\org.eclipse.equinox.launcher.win32.win32.x86_64_1.2.1100.v20240722-2106;C:\Users\ASUS\AppData\Local\Temp\jna-2018896

VM Arguments:
jvm_args: --add-modules=ALL-SYSTEM --add-opens=java.base/java.util=ALL-UNNAMED --add-opens=java.base/java.lang=ALL-UNNAMED --add-opens=java.base/sun.nio.fs=ALL-UNNAMED -Declipse.application=org.eclipse.jdt.ls.core.id1 -Dosgi.bundles.defaultStartLevel=4 -Declipse.product=org.eclipse.jdt.ls.core.product -Djava.import.generatesMetadataFilesAtProjectRoot=false -DDetectVMInstallationsJob.disabled=true -Dfile.encoding=utf8 -XX:+UseParallelGC -XX:GCTimeRatio=4 -XX:AdaptiveSizePolicyWeight=90 -Dsun.zip.disableMemoryMapping=true -Xmx1G -Xms100m -Xlog:disable -javaagent:c:\Users\ASUS\.vscode\extensions\redhat.java-1.39.0-win32-x64\lombok\lombok-1.18.34.jar 
java_command: c:\Users\ASUS\.vscode\extensions\redhat.java-1.39.0-win32-x64\server\plugins\org.eclipse.equinox.launcher_1.6.900.v20240613-2009.jar -configuration c:\Users\ASUS\AppData\Roaming\Code\User\globalStorage\redhat.java\1.39.0\config_ss_win -data c:\Users\ASUS\AppData\Roaming\Code\User\workspaceStorage\a26ced7fe018b66e12da886babd7af56\redhat.java\ss_ws --pipe=\\.\pipe\lsp-89da456ea197e268c90c7a9e5d181d63-sock
java_class_path (initial): c:\Users\ASUS\.vscode\extensions\redhat.java-1.39.0-win32-x64\server\plugins\org.eclipse.equinox.launcher_1.6.900.v20240613-2009.jar
Launcher Type: SUN_STANDARD

[Global flags]
    uintx AdaptiveSizePolicyWeight                 = 90                                        {product} {command line}
     intx CICompilerCount                          = 12                                        {product} {ergonomic}
    uintx GCTimeRatio                              = 4                                         {product} {command line}
   size_t InitialHeapSize                          = 104857600                                 {product} {command line}
   size_t MaxHeapSize                              = 1073741824                                {product} {command line}
   size_t MaxNewSize                               = 357564416                                 {product} {ergonomic}
   size_t MinHeapDeltaBytes                        = 524288                                    {product} {ergonomic}
   size_t MinHeapSize                              = 104857600                                 {product} {command line}
   size_t NewSize                                  = 34603008                                  {product} {ergonomic}
    uintx NonNMethodCodeHeapSize                   = 7602480                                {pd product} {ergonomic}
    uintx NonProfiledCodeHeapSize                  = 122027880                              {pd product} {ergonomic}
   size_t OldSize                                  = 70254592                                  {product} {ergonomic}
    uintx ProfiledCodeHeapSize                     = 122027880                              {pd product} {ergonomic}
    uintx ReservedCodeCacheSize                    = 251658240                              {pd product} {ergonomic}
     bool SegmentedCodeCache                       = true                                      {product} {ergonomic}
   size_t SoftMaxHeapSize                          = 1073741824                             {manageable} {ergonomic}
     bool UseCompressedOops                        = true                           {product lp64_product} {ergonomic}
     bool UseLargePagesIndividualAllocation        = false                                  {pd product} {ergonomic}
     bool UseParallelGC                            = true                                      {product} {command line}

Logging:
Log output configuration:
 #0: stdout all=off uptime,level,tags foldmultilines=false
 #1: stderr all=off uptime,level,tags foldmultilines=false

Environment Variables:
PATH=C:\Program Files\Common Files\Oracle\Java\javapath;C:\Program Files (x86)\Common Files\Oracle\Java\java8path;C:\Program Files (x86)\Common Files\Oracle\Java\javapath;C:\ProgramData\Oracle\Java\javapath;C:\Windows\system32;C:\Windows;C:\Windows\System32\Wbem;C:\Windows\System32\WindowsPowerShell\v1.0\;C:\Windows\System32\OpenSSH\;C:\Program Files (x86)\NVIDIA Corporation\PhysX\Common;C:\WINDOWS\system32;C:\WINDOWS;C:\WINDOWS\System32\Wbem;C:\WINDOWS\System32\WindowsPowerShell\v1.0\;C:\WINDOWS\System32\OpenSSH\;C:\Program Files (x86)\Microsoft SQL Server\160\Tools\Binn\;C:\Program Files\Microsoft SQL Server\160\Tools\Binn\;C:\Program Files\Microsoft SQL Server\Client SDK\ODBC\170\Tools\Binn\;C:\Program Files\Microsoft SQL Server\160\DTS\Binn\;C:\Program Files (x86)\Microsoft SQL Server\160\DTS\Binn\;C:\Program Files\Azure Data Studio\bin;C:\Program Files\dotnet\;C:\Program Files\nodejs\;C:\Program Files\Git\cmd;C:\Program Files\Cloudflare\Cloudflare WARP\;C:\Program Files\NVIDIA Corporation\NVIDIA app\NvDLISR;C:\Program Files\MySQL\MySQL Shell 8.0\bin\;C:\Users\ASUS\AppData\Local\Microsoft\WindowsApps;;C:\Program Files\Azure Data Studio\bin;C:\Users\ASUS\AppData\Local\Programs\Microsoft VS Code\bin;C:\Users\ASUS\AppData\Roaming\npm
USERNAME=ASUS
OS=Windows_NT
PROCESSOR_IDENTIFIER=AMD64 Family 25 Model 68 Stepping 1, AuthenticAMD
TMP=C:\Users\ASUS\AppData\Local\Temp
TEMP=C:\Users\ASUS\AppData\Local\Temp




Periodic native trim disabled

---------------  S Y S T E M  ---------------

OS:
 Windows 11 , 64 bit Build 22621 (10.0.22621.4830)
OS uptime: 2 days 8:25 hours

CPU: total 16 (initial active 16) (16 cores per cpu, 2 threads per core) family 25 model 68 stepping 1 microcode 0x0, cx8, cmov, fxsr, ht, mmx, 3dnowpref, sse, sse2, sse3, ssse3, sse4a, sse4.1, sse4.2, popcnt, lzcnt, tsc, tscinvbit, avx, avx2, aes, clmul, bmi1, bmi2, adx, sha, fma, vzeroupper, clflush, clflushopt, rdtscp, rdpid, f16c, pku, cet_ss
Processor Information for all 16 processors :
  Max Mhz: 3201, Current Mhz: 3201, Mhz Limit: 3201

Memory: 4k page, system-wide physical 15613M (2184M free)
TotalPageFile size 19709M (AvailPageFile size 2M)
current process WorkingSet (physical memory assigned to process): 285M, peak: 375M
current process commit charge ("private bytes"): 372M, peak: 469M

vm_info: OpenJDK 64-Bit Server VM (21.0.5+11-LTS) for windows-amd64 JRE (21.0.5+11-LTS), built on 2024-10-15T00:00:00Z by "admin" with MS VC++ 17.7 (VS2022)

END.
