#
# There is insufficient memory for the Java Runtime Environment to continue.
# Native memory allocation (malloc) failed to allocate 2107088 bytes for Chunk::new
# Possible reasons:
#   The system is out of physical RAM or swap space
#   The process is running with CompressedOops enabled, and the Java Heap may be blocking the growth of the native heap
# Possible solutions:
#   Reduce memory load on the system
#   Increase physical memory or swap space
#   Check if swap backing store is full
#   Decrease Java heap size (-Xmx/-Xms)
#   Decrease number of Java threads
#   Decrease Java thread stack sizes (-Xss)
#   Set larger code cache with -XX:ReservedCodeCacheSize=
#   JVM is running with Zero Based Compressed Oops mode in which the Java heap is
#     placed in the first 32GB address space. The Java Heap base address is the
#     maximum limit for the native heap growth. Please use -XX:HeapBaseMinAddress
#     to set the Java Heap base and to place the Java Heap above 32GB virtual address.
# This output file may be truncated or incomplete.
#
#  Out of Memory Error (arena.cpp:189), pid=3396, tid=24668
#
# JRE version: Java(TM) SE Runtime Environment (17.0.9+11) (build 17.0.9+11-LTS-201)
# Java VM: Java HotSpot(TM) 64-Bit Server VM (17.0.9+11-LTS-201, mixed mode, sharing, tiered, compressed oops, compressed class ptrs, g1 gc, windows-amd64)
# No core dump will be written. Minidumps are not enabled by default on client versions of Windows
#

---------------  S U M M A R Y ------------

Command Line: -agentlib:jdwp=transport=dt_socket,server=n,suspend=y,address=localhost:65358 -Dcom.sun.management.jmxremote -Dcom.sun.management.jmxremote.port=65355 -Dcom.sun.management.jmxremote.authenticate=false -Dcom.sun.management.jmxremote.ssl=false -Dspring.jmx.enabled=true -Djava.rmi.server.hostname=localhost -Dspring.application.admin.enabled=true -Dspring.boot.project.name=thuan -XX:+ShowCodeDetailsInExceptionMessages com.example.thuan.ThuanApplication

Host: AMD Ryzen 7 6800H with Radeon Graphics         , 16 cores, 15G,  Windows 11 , 64 bit Build 22621 (10.0.22621.4830)
Time: Tue Feb 11 23:10:29 2025 SE Asia Standard Time elapsed time: 2.531060 seconds (0d 0h 0m 2s)

---------------  T H R E A D  ---------------

Current thread (0x00000214f5c90010):  JavaThread "C2 CompilerThread3" daemon [_thread_in_native, id=24668, stack(0x0000003738000000,0x0000003738100000)]


Current CompileTask:
C2:   2531 4048       4       org.springframework.core.ResolvableType::forType (112 bytes)

Stack: [0x0000003738000000,0x0000003738100000]
Native frames: (J=compiled Java code, j=interpreted, Vv=VM code, C=native code)
V  [jvm.dll+0x678a4a]
V  [jvm.dll+0x7d9cfd]
V  [jvm.dll+0x7db60e]
V  [jvm.dll+0x7dbc73]
V  [jvm.dll+0x245e1f]
V  [jvm.dll+0xaaafb]
V  [jvm.dll+0xab09c]
V  [jvm.dll+0x36237e]
V  [jvm.dll+0x32ca01]
V  [jvm.dll+0x32be9a]
V  [jvm.dll+0x21812f]
V  [jvm.dll+0x217561]
V  [jvm.dll+0x1a3bc0]
V  [jvm.dll+0x2272de]
V  [jvm.dll+0x22548b]
V  [jvm.dll+0x78f58c]
V  [jvm.dll+0x78998a]
V  [jvm.dll+0x677875]
C  [ucrtbase.dll+0x29333]
C  [KERNEL32.DLL+0x1259d]
C  [ntdll.dll+0x5af38]


---------------  P R O C E S S  ---------------

Threads class SMR info:
_java_thread_list=0x00000214f6480340, length=26, elements={
0x000002148a16dc10, 0x00000214aeead800, 0x00000214aeeb0490, 0x00000214af40af00,
0x00000214af408b90, 0x00000214af4090a0, 0x00000214af40b410, 0x00000214af419c80,
0x00000214af422650, 0x00000214af409fd0, 0x00000214af40a9f0, 0x00000214af535010,
0x00000214af60b620, 0x00000214af69b8f0, 0x00000214af5da120, 0x00000214af40a4e0,
0x00000214af6cf660, 0x00000214f54e9460, 0x00000214af40b920, 0x00000214af40be30,
0x00000214af408680, 0x00000214f5c91550, 0x00000214f5c90010, 0x00000214f5c90560,
0x00000214f5a394d0, 0x00000214f5a38f80
}

Java Threads: ( => current thread )
  0x000002148a16dc10 JavaThread "main" [_thread_in_vm, id=14908, stack(0x0000003735600000,0x0000003735700000)]
  0x00000214aeead800 JavaThread "Reference Handler" daemon [_thread_blocked, id=28332, stack(0x0000003735d00000,0x0000003735e00000)]
  0x00000214aeeb0490 JavaThread "Finalizer" daemon [_thread_blocked, id=18012, stack(0x0000003735e00000,0x0000003735f00000)]
  0x00000214af40af00 JavaThread "Signal Dispatcher" daemon [_thread_blocked, id=13348, stack(0x0000003735f00000,0x0000003736000000)]
  0x00000214af408b90 JavaThread "Attach Listener" daemon [_thread_blocked, id=20088, stack(0x0000003736000000,0x0000003736100000)]
  0x00000214af4090a0 JavaThread "Service Thread" daemon [_thread_blocked, id=20948, stack(0x0000003736100000,0x0000003736200000)]
  0x00000214af40b410 JavaThread "Monitor Deflation Thread" daemon [_thread_blocked, id=31396, stack(0x0000003736200000,0x0000003736300000)]
  0x00000214af419c80 JavaThread "C2 CompilerThread0" daemon [_thread_in_native, id=20592, stack(0x0000003736300000,0x0000003736400000)]
  0x00000214af422650 JavaThread "C1 CompilerThread0" daemon [_thread_blocked, id=29804, stack(0x0000003736400000,0x0000003736500000)]
  0x00000214af409fd0 JavaThread "Sweeper thread" daemon [_thread_blocked, id=20632, stack(0x0000003736500000,0x0000003736600000)]
  0x00000214af40a9f0 JavaThread "Common-Cleaner" daemon [_thread_blocked, id=23668, stack(0x0000003736600000,0x0000003736700000)]
  0x00000214af535010 JavaThread "C1 CompilerThread1" daemon [_thread_blocked, id=14504, stack(0x0000003736700000,0x0000003736800000)]
  0x00000214af60b620 JavaThread "JDWP Transport Listener: dt_socket" daemon [_thread_blocked, id=11516, stack(0x0000003736800000,0x0000003736900000)]
  0x00000214af69b8f0 JavaThread "JDWP Event Helper Thread" daemon [_thread_blocked, id=20112, stack(0x0000003736900000,0x0000003736a00000)]
  0x00000214af5da120 JavaThread "JDWP Command Reader" daemon [_thread_in_native, id=13652, stack(0x0000003736a00000,0x0000003736b00000)]
  0x00000214af40a4e0 JavaThread "Notification Thread" daemon [_thread_blocked, id=31060, stack(0x0000003736b00000,0x0000003736c00000)]
  0x00000214af6cf660 JavaThread "C2 CompilerThread1" daemon [_thread_in_native, id=20392, stack(0x0000003736c00000,0x0000003736d00000)]
  0x00000214f54e9460 JavaThread "C1 CompilerThread2" daemon [_thread_blocked, id=28808, stack(0x0000003736d00000,0x0000003736e00000)]
  0x00000214af40b920 JavaThread "RMI TCP Accept-0" daemon [_thread_in_native, id=22296, stack(0x0000003736e00000,0x0000003736f00000)]
  0x00000214af40be30 JavaThread "RMI TCP Accept-65355" daemon [_thread_in_native, id=14304, stack(0x0000003736f00000,0x0000003737000000)]
  0x00000214af408680 JavaThread "RMI TCP Accept-0" daemon [_thread_in_native, id=2036, stack(0x0000003737000000,0x0000003737100000)]
  0x00000214f5c91550 JavaThread "C2 CompilerThread2" daemon [_thread_in_native, id=30856, stack(0x0000003737f00000,0x0000003738000000)]
=>0x00000214f5c90010 JavaThread "C2 CompilerThread3" daemon [_thread_in_native, id=24668, stack(0x0000003738000000,0x0000003738100000)]
  0x00000214f5c90560 JavaThread "C1 CompilerThread3" daemon [_thread_blocked, id=12072, stack(0x0000003738100000,0x0000003738200000)]
  0x00000214f5a394d0 JavaThread "C2 CompilerThread4" daemon [_thread_in_native, id=11600, stack(0x0000003737a00000,0x0000003737b00000)]
  0x00000214f5a38f80 JavaThread "C2 CompilerThread5" daemon [_thread_in_native, id=30992, stack(0x0000003738400000,0x0000003738500000)]

Other Threads:
  0x00000214aeea8cf0 VMThread "VM Thread" [stack: 0x0000003735c00000,0x0000003735d00000] [id=12792]
  0x00000214f52bd2d0 WatcherThread [stack: 0x0000003737100000,0x0000003737200000] [id=22112]
  0x000002148a1df770 GCTaskThread "GC Thread#0" [stack: 0x0000003735700000,0x0000003735800000] [id=18100]
  0x00000214f58c1370 GCTaskThread "GC Thread#1" [stack: 0x0000003737200000,0x0000003737300000] [id=29504]
  0x00000214f58c1630 GCTaskThread "GC Thread#2" [stack: 0x0000003737300000,0x0000003737400000] [id=22496]
  0x00000214f58c18f0 GCTaskThread "GC Thread#3" [stack: 0x0000003737400000,0x0000003737500000] [id=11936]
  0x00000214f5b12a80 GCTaskThread "GC Thread#4" [stack: 0x0000003737500000,0x0000003737600000] [id=27372]
  0x00000214f5adb860 GCTaskThread "GC Thread#5" [stack: 0x0000003737600000,0x0000003737700000] [id=6476]
  0x00000214f5567210 GCTaskThread "GC Thread#6" [stack: 0x0000003737700000,0x0000003737800000] [id=15040]
  0x00000214f58ba560 GCTaskThread "GC Thread#7" [stack: 0x0000003737800000,0x0000003737900000] [id=22228]
  0x00000214f58baa30 GCTaskThread "GC Thread#8" [stack: 0x0000003737900000,0x0000003737a00000] [id=13992]
  0x00000214f6246ff0 GCTaskThread "GC Thread#9" [stack: 0x0000003737b00000,0x0000003737c00000] [id=29892]
  0x00000214f613a740 GCTaskThread "GC Thread#10" [stack: 0x0000003737c00000,0x0000003737d00000] [id=1588]
  0x00000214f5cdec50 GCTaskThread "GC Thread#11" [stack: 0x0000003737d00000,0x0000003737e00000] [id=13636]
  0x00000214f60ede70 GCTaskThread "GC Thread#12" [stack: 0x0000003737e00000,0x0000003737f00000] [id=13596]
  0x000002148a1f0ad0 ConcurrentGCThread "G1 Main Marker" [stack: 0x0000003735800000,0x0000003735900000] [id=27772]
  0x000002148a1f1c80 ConcurrentGCThread "G1 Conc#0" [stack: 0x0000003735900000,0x0000003735a00000] [id=16792]
  0x00000214f60ee970 ConcurrentGCThread "G1 Conc#1" [stack: 0x0000003738200000,0x0000003738300000] [id=16012]
  0x00000214f60ed630 ConcurrentGCThread "G1 Conc#2" [stack: 0x0000003738300000,0x0000003738400000] [id=14164]
  0x000002148a21e680 ConcurrentGCThread "G1 Refine#0" [stack: 0x0000003735a00000,0x0000003735b00000] [id=9956]
  0x00000214aed66f60 ConcurrentGCThread "G1 Service" [stack: 0x0000003735b00000,0x0000003735c00000] [id=31556]

Threads with active compile tasks:
C2 CompilerThread0     2557 4099       4       java.io.WinNTFileSystem::isLetter (30 bytes)
C2 CompilerThread1     2557 4095       4       org.springframework.core.annotation.AnnotationsScanner::getDeclaredAnnotations (166 bytes)
C2 CompilerThread2     2558 3968       4       jdk.internal.org.objectweb.asm.Frame::execute (2305 bytes)
C2 CompilerThread3     2558 4048       4       org.springframework.core.ResolvableType::forType (112 bytes)
C2 CompilerThread4     2558 4073       4       org.springframework.beans.factory.support.AbstractBeanFactory::isTypeMatch (745 bytes)
C2 CompilerThread5     2558 3640   !   4       jdk.internal.loader.BuiltinClassLoader::loadClassOrNull (143 bytes)

VM state: not at safepoint (normal execution)

VM Mutex/Monitor currently owned by a thread:  ([mutex/lock_event])
[0x000002148a168760] SystemDictionary_lock - owner thread: 0x0000000000000000

Heap address: 0x000000070c000000, size: 3904 MB, Compressed Oops mode: Zero based, Oop shift amount: 3

CDS archive(s) mapped at: [0x00000214b0000000-0x00000214b0bd0000-0x00000214b0bd0000), size 12386304, SharedBaseAddress: 0x00000214b0000000, ArchiveRelocationMode: 1.
Compressed class space mapped at: 0x00000214b1000000-0x00000214f1000000, reserved size: 1073741824
Narrow klass base: 0x00000214b0000000, Narrow klass shift: 0, Narrow klass range: 0x100000000

GC Precious Log:
 CPUs: 16 total, 16 available
 Memory: 15613M
 Large Page Support: Disabled
 NUMA Support: Disabled
 Compressed Oops: Enabled (Zero based)
 Heap Region Size: 2M
 Heap Min Capacity: 8M
 Heap Initial Capacity: 244M
 Heap Max Capacity: 3904M
 Pre-touch: Disabled
 Parallel Workers: 13
 Concurrent Workers: 3
 Concurrent Refinement Workers: 13
 Periodic GC: Disabled

Heap:
 garbage-first heap   total 153600K, used 36796K [0x000000070c000000, 0x0000000800000000)
  region size 2048K, 12 young (24576K), 1 survivors (2048K)
 Metaspace       used 30635K, committed 31040K, reserved 1114112K
  class space    used 3959K, committed 4160K, reserved 1048576K

Heap Regions: E=young(eden), S=young(survivor), O=old, HS=humongous(starts), HC=humongous(continues), CS=collection set, F=free, OA=open archive, CA=closed archive, TAMS=top-at-mark-start (previous, next)
|   0|0x000000070c000000, 0x000000070c200000, 0x000000070c200000|100%| O|  |TAMS 0x000000070c200000, 0x000000070c000000| Untracked 
|   1|0x000000070c200000, 0x000000070c400000, 0x000000070c400000|100%| O|  |TAMS 0x000000070c400000, 0x000000070c200000| Untracked 
|   2|0x000000070c400000, 0x000000070c400000, 0x000000070c600000|  0%| F|  |TAMS 0x000000070c400000, 0x000000070c400000| Untracked 
|   3|0x000000070c600000, 0x000000070c7fbc00, 0x000000070c800000| 99%| O|  |TAMS 0x000000070c7fbc00, 0x000000070c600000| Untracked 
|   4|0x000000070c800000, 0x000000070ca00000, 0x000000070ca00000|100%| O|  |TAMS 0x000000070c800000, 0x000000070c800000| Untracked 
|   5|0x000000070ca00000, 0x000000070cc00000, 0x000000070cc00000|100%| O|  |TAMS 0x000000070ca00000, 0x000000070ca00000| Untracked 
|   6|0x000000070cc00000, 0x000000070ce00000, 0x000000070ce00000|100%| O|  |TAMS 0x000000070cc00000, 0x000000070cc00000| Untracked 
|   7|0x000000070ce00000, 0x000000070d000000, 0x000000070d000000|100%| O|  |TAMS 0x000000070ce00000, 0x000000070ce00000| Untracked 
|   8|0x000000070d000000, 0x000000070d0a0e00, 0x000000070d200000| 31%| O|  |TAMS 0x000000070d000000, 0x000000070d000000| Untracked 
|   9|0x000000070d200000, 0x000000070d200000, 0x000000070d400000|  0%| F|  |TAMS 0x000000070d200000, 0x000000070d200000| Untracked 
|  10|0x000000070d400000, 0x000000070d400000, 0x000000070d600000|  0%| F|  |TAMS 0x000000070d400000, 0x000000070d400000| Untracked 
|  11|0x000000070d600000, 0x000000070d600000, 0x000000070d800000|  0%| F|  |TAMS 0x000000070d600000, 0x000000070d600000| Untracked 
|  12|0x000000070d800000, 0x000000070d800000, 0x000000070da00000|  0%| F|  |TAMS 0x000000070d800000, 0x000000070d800000| Untracked 
|  13|0x000000070da00000, 0x000000070da00000, 0x000000070dc00000|  0%| F|  |TAMS 0x000000070da00000, 0x000000070da00000| Untracked 
|  14|0x000000070dc00000, 0x000000070dc00000, 0x000000070de00000|  0%| F|  |TAMS 0x000000070dc00000, 0x000000070dc00000| Untracked 
|  15|0x000000070de00000, 0x000000070de00000, 0x000000070e000000|  0%| F|  |TAMS 0x000000070de00000, 0x000000070de00000| Untracked 
|  16|0x000000070e000000, 0x000000070e152990, 0x000000070e200000| 66%| S|CS|TAMS 0x000000070e000000, 0x000000070e000000| Complete 
|  17|0x000000070e200000, 0x000000070e200000, 0x000000070e400000|  0%| F|  |TAMS 0x000000070e200000, 0x000000070e200000| Untracked 
|  18|0x000000070e400000, 0x000000070e400000, 0x000000070e600000|  0%| F|  |TAMS 0x000000070e400000, 0x000000070e400000| Untracked 
|  19|0x000000070e600000, 0x000000070e600000, 0x000000070e800000|  0%| F|  |TAMS 0x000000070e600000, 0x000000070e600000| Untracked 
|  20|0x000000070e800000, 0x000000070e800000, 0x000000070ea00000|  0%| F|  |TAMS 0x000000070e800000, 0x000000070e800000| Untracked 
|  21|0x000000070ea00000, 0x000000070ea00000, 0x000000070ec00000|  0%| F|  |TAMS 0x000000070ea00000, 0x000000070ea00000| Untracked 
|  22|0x000000070ec00000, 0x000000070ec00000, 0x000000070ee00000|  0%| F|  |TAMS 0x000000070ec00000, 0x000000070ec00000| Untracked 
|  23|0x000000070ee00000, 0x000000070ee00000, 0x000000070f000000|  0%| F|  |TAMS 0x000000070ee00000, 0x000000070ee00000| Untracked 
|  24|0x000000070f000000, 0x000000070f000000, 0x000000070f200000|  0%| F|  |TAMS 0x000000070f000000, 0x000000070f000000| Untracked 
|  25|0x000000070f200000, 0x000000070f200000, 0x000000070f400000|  0%| F|  |TAMS 0x000000070f200000, 0x000000070f200000| Untracked 
|  26|0x000000070f400000, 0x000000070f400000, 0x000000070f600000|  0%| F|  |TAMS 0x000000070f400000, 0x000000070f400000| Untracked 
|  27|0x000000070f600000, 0x000000070f600000, 0x000000070f800000|  0%| F|  |TAMS 0x000000070f600000, 0x000000070f600000| Untracked 
|  28|0x000000070f800000, 0x000000070f800000, 0x000000070fa00000|  0%| F|  |TAMS 0x000000070f800000, 0x000000070f800000| Untracked 
|  29|0x000000070fa00000, 0x000000070fa00000, 0x000000070fc00000|  0%| F|  |TAMS 0x000000070fa00000, 0x000000070fa00000| Untracked 
|  30|0x000000070fc00000, 0x000000070fc00000, 0x000000070fe00000|  0%| F|  |TAMS 0x000000070fc00000, 0x000000070fc00000| Untracked 
|  31|0x000000070fe00000, 0x000000070fe00000, 0x0000000710000000|  0%| F|  |TAMS 0x000000070fe00000, 0x000000070fe00000| Untracked 
|  32|0x0000000710000000, 0x0000000710000000, 0x0000000710200000|  0%| F|  |TAMS 0x0000000710000000, 0x0000000710000000| Untracked 
|  33|0x0000000710200000, 0x0000000710200000, 0x0000000710400000|  0%| F|  |TAMS 0x0000000710200000, 0x0000000710200000| Untracked 
|  34|0x0000000710400000, 0x0000000710400000, 0x0000000710600000|  0%| F|  |TAMS 0x0000000710400000, 0x0000000710400000| Untracked 
|  35|0x0000000710600000, 0x0000000710600000, 0x0000000710800000|  0%| F|  |TAMS 0x0000000710600000, 0x0000000710600000| Untracked 
|  36|0x0000000710800000, 0x0000000710800000, 0x0000000710a00000|  0%| F|  |TAMS 0x0000000710800000, 0x0000000710800000| Untracked 
|  37|0x0000000710a00000, 0x0000000710a00000, 0x0000000710c00000|  0%| F|  |TAMS 0x0000000710a00000, 0x0000000710a00000| Untracked 
|  38|0x0000000710c00000, 0x0000000710c00000, 0x0000000710e00000|  0%| F|  |TAMS 0x0000000710c00000, 0x0000000710c00000| Untracked 
|  39|0x0000000710e00000, 0x0000000710e00000, 0x0000000711000000|  0%| F|  |TAMS 0x0000000710e00000, 0x0000000710e00000| Untracked 
|  40|0x0000000711000000, 0x0000000711000000, 0x0000000711200000|  0%| F|  |TAMS 0x0000000711000000, 0x0000000711000000| Untracked 
|  41|0x0000000711200000, 0x0000000711200000, 0x0000000711400000|  0%| F|  |TAMS 0x0000000711200000, 0x0000000711200000| Untracked 
|  42|0x0000000711400000, 0x0000000711400000, 0x0000000711600000|  0%| F|  |TAMS 0x0000000711400000, 0x0000000711400000| Untracked 
|  43|0x0000000711600000, 0x0000000711600000, 0x0000000711800000|  0%| F|  |TAMS 0x0000000711600000, 0x0000000711600000| Untracked 
|  44|0x0000000711800000, 0x0000000711800000, 0x0000000711a00000|  0%| F|  |TAMS 0x0000000711800000, 0x0000000711800000| Untracked 
|  45|0x0000000711a00000, 0x0000000711a00000, 0x0000000711c00000|  0%| F|  |TAMS 0x0000000711a00000, 0x0000000711a00000| Untracked 
|  46|0x0000000711c00000, 0x0000000711c00000, 0x0000000711e00000|  0%| F|  |TAMS 0x0000000711c00000, 0x0000000711c00000| Untracked 
|  47|0x0000000711e00000, 0x0000000711e00000, 0x0000000712000000|  0%| F|  |TAMS 0x0000000711e00000, 0x0000000711e00000| Untracked 
|  48|0x0000000712000000, 0x0000000712000000, 0x0000000712200000|  0%| F|  |TAMS 0x0000000712000000, 0x0000000712000000| Untracked 
|  49|0x0000000712200000, 0x0000000712200000, 0x0000000712400000|  0%| F|  |TAMS 0x0000000712200000, 0x0000000712200000| Untracked 
|  50|0x0000000712400000, 0x0000000712400000, 0x0000000712600000|  0%| F|  |TAMS 0x0000000712400000, 0x0000000712400000| Untracked 
|  51|0x0000000712600000, 0x0000000712600000, 0x0000000712800000|  0%| F|  |TAMS 0x0000000712600000, 0x0000000712600000| Untracked 
|  52|0x0000000712800000, 0x0000000712800000, 0x0000000712a00000|  0%| F|  |TAMS 0x0000000712800000, 0x0000000712800000| Untracked 
|  53|0x0000000712a00000, 0x0000000712a00000, 0x0000000712c00000|  0%| F|  |TAMS 0x0000000712a00000, 0x0000000712a00000| Untracked 
|  54|0x0000000712c00000, 0x0000000712c00000, 0x0000000712e00000|  0%| F|  |TAMS 0x0000000712c00000, 0x0000000712c00000| Untracked 
|  55|0x0000000712e00000, 0x0000000712e00000, 0x0000000713000000|  0%| F|  |TAMS 0x0000000712e00000, 0x0000000712e00000| Untracked 
|  56|0x0000000713000000, 0x0000000713000000, 0x0000000713200000|  0%| F|  |TAMS 0x0000000713000000, 0x0000000713000000| Untracked 
|  57|0x0000000713200000, 0x0000000713200000, 0x0000000713400000|  0%| F|  |TAMS 0x0000000713200000, 0x0000000713200000| Untracked 
|  58|0x0000000713400000, 0x0000000713400000, 0x0000000713600000|  0%| F|  |TAMS 0x0000000713400000, 0x0000000713400000| Untracked 
|  59|0x0000000713600000, 0x0000000713600000, 0x0000000713800000|  0%| F|  |TAMS 0x0000000713600000, 0x0000000713600000| Untracked 
|  60|0x0000000713800000, 0x0000000713800000, 0x0000000713a00000|  0%| F|  |TAMS 0x0000000713800000, 0x0000000713800000| Untracked 
|  61|0x0000000713a00000, 0x0000000713a00000, 0x0000000713c00000|  0%| F|  |TAMS 0x0000000713a00000, 0x0000000713a00000| Untracked 
|  62|0x0000000713c00000, 0x0000000713c00000, 0x0000000713e00000|  0%| F|  |TAMS 0x0000000713c00000, 0x0000000713c00000| Untracked 
|  63|0x0000000713e00000, 0x0000000713e00000, 0x0000000714000000|  0%| F|  |TAMS 0x0000000713e00000, 0x0000000713e00000| Untracked 
|  64|0x0000000714000000, 0x0000000714200000, 0x0000000714200000|100%| E|  |TAMS 0x0000000714000000, 0x0000000714000000| Complete 
|  65|0x0000000714200000, 0x0000000714400000, 0x0000000714400000|100%| E|CS|TAMS 0x0000000714200000, 0x0000000714200000| Complete 
|  66|0x0000000714400000, 0x0000000714600000, 0x0000000714600000|100%| E|CS|TAMS 0x0000000714400000, 0x0000000714400000| Complete 
|  67|0x0000000714600000, 0x0000000714800000, 0x0000000714800000|100%| E|CS|TAMS 0x0000000714600000, 0x0000000714600000| Complete 
|  68|0x0000000714800000, 0x0000000714a00000, 0x0000000714a00000|100%| E|CS|TAMS 0x0000000714800000, 0x0000000714800000| Complete 
|  69|0x0000000714a00000, 0x0000000714c00000, 0x0000000714c00000|100%| E|CS|TAMS 0x0000000714a00000, 0x0000000714a00000| Complete 
|  70|0x0000000714c00000, 0x0000000714e00000, 0x0000000714e00000|100%| E|CS|TAMS 0x0000000714c00000, 0x0000000714c00000| Complete 
|  95|0x0000000717e00000, 0x0000000718000000, 0x0000000718000000|100%| E|CS|TAMS 0x0000000717e00000, 0x0000000717e00000| Complete 
|  96|0x0000000718000000, 0x0000000718200000, 0x0000000718200000|100%| E|CS|TAMS 0x0000000718000000, 0x0000000718000000| Complete 
|  97|0x0000000718200000, 0x0000000718400000, 0x0000000718400000|100%| E|CS|TAMS 0x0000000718200000, 0x0000000718200000| Complete 
| 121|0x000000071b200000, 0x000000071b400000, 0x000000071b400000|100%| E|CS|TAMS 0x000000071b200000, 0x000000071b200000| Complete 

Card table byte_map: [0x00000214a3930000,0x00000214a40d0000] _byte_map_base: 0x00000214a00d0000

Marking Bits (Prev, Next): (CMBitMap*) 0x000002148a1e0de0, (CMBitMap*) 0x000002148a1e0da0
 Prev Bits: [0x00000214a8570000, 0x00000214ac270000)
 Next Bits: [0x00000214a4870000, 0x00000214a8570000)

Polling page: 0x000002148a220000

Metaspace:

Usage:
  Non-class:     26.06 MB used.
      Class:      3.87 MB used.
       Both:     29.94 MB used.

Virtual space:
  Non-class space:       64.00 MB reserved,      26.31 MB ( 41%) committed,  1 nodes.
      Class space:        1.00 GB reserved,       4.06 MB ( <1%) committed,  1 nodes.
             Both:        1.06 GB reserved,      30.38 MB (  3%) committed. 

Chunk freelists:
   Non-Class:  4.97 MB
       Class:  11.88 MB
        Both:  16.84 MB

MaxMetaspaceSize: unlimited
CompressedClassSpaceSize: 1.00 GB
Initial GC threshold: 21.00 MB
Current GC threshold: 35.44 MB
CDS: on
MetaspaceReclaimPolicy: balanced
 - commit_granule_bytes: 65536.
 - commit_granule_words: 8192.
 - virtual_space_node_default_size: 8388608.
 - enlarge_chunks_in_place: 1.
 - new_chunks_are_fully_committed: 0.
 - uncommit_free_chunks: 1.
 - use_allocation_guard: 0.
 - handle_deallocations: 1.


Internal statistics:

num_allocs_failed_limit: 3.
num_arena_births: 510.
num_arena_deaths: 0.
num_vsnodes_births: 2.
num_vsnodes_deaths: 0.
num_space_committed: 486.
num_space_uncommitted: 0.
num_chunks_returned_to_freelist: 3.
num_chunks_taken_from_freelist: 1522.
num_chunk_merges: 3.
num_chunk_splits: 1047.
num_chunks_enlarged: 792.
num_inconsistent_stats: 0.

CodeHeap 'non-profiled nmethods': size=119168Kb used=2150Kb max_used=2150Kb free=117017Kb
 bounds [0x000002149ad60000, 0x000002149afd0000, 0x00000214a21c0000]
CodeHeap 'profiled nmethods': size=119104Kb used=9429Kb max_used=9429Kb free=109674Kb
 bounds [0x00000214931c0000, 0x0000021493b00000, 0x000002149a610000]
CodeHeap 'non-nmethods': size=7488Kb used=2989Kb max_used=3075Kb free=4498Kb
 bounds [0x000002149a610000, 0x000002149a920000, 0x000002149ad60000]
 total_blobs=4709 nmethods=4170 adapters=448
 compilation: enabled
              stopped_count=0, restarted_count=0
 full_count=0

Compilation events (20 events):
Event: 2.520 Thread 0x00000214af535010 nmethod 4158 0x0000021493aec590 code [0x0000021493aec7a0, 0x0000021493aece28]
Event: 2.520 Thread 0x00000214f5c90560 nmethod 4157 0x0000021493aed090 code [0x0000021493aed3a0, 0x0000021493aee898]
Event: 2.522 Thread 0x00000214f5c90560 4161   !   3       org.springframework.util.ReflectionUtils::doWithLocalMethods (68 bytes)
Event: 2.522 Thread 0x00000214af422650 4162       3       java.util.ArrayList::addAll (111 bytes)
Event: 2.522 Thread 0x00000214f54e9460 4163       3       java.lang.reflect.Field::getDeclaredAnnotations (8 bytes)
Event: 2.522 Thread 0x00000214f54e9460 nmethod 4163 0x0000021493aeef90 code [0x0000021493aef160, 0x0000021493aef5a8]
Event: 2.522 Thread 0x00000214f5c90560 nmethod 4161 0x0000021493aef710 code [0x0000021493aef900, 0x0000021493aefd78]
Event: 2.522 Thread 0x00000214af422650 nmethod 4162 0x0000021493af0090 code [0x0000021493af02c0, 0x0000021493af0a98]
Event: 2.522 Thread 0x00000214f5c90560 4164       3       org.springframework.transaction.annotation.AnnotationTransactionAttributeSource::determineTransactionAttribute (88 bytes)
Event: 2.522 Thread 0x00000214f54e9460 4165       3       org.springframework.transaction.annotation.SpringTransactionAnnotationParser::parseTransactionAnnotation (21 bytes)
Event: 2.522 Thread 0x00000214af422650 4166       3       org.springframework.transaction.annotation.JtaTransactionAnnotationParser::parseTransactionAnnotation (19 bytes)
Event: 2.522 Thread 0x00000214f54e9460 nmethod 4165 0x0000021493af0d90 code [0x0000021493af0f40, 0x0000021493af1158]
Event: 2.522 Thread 0x00000214af422650 nmethod 4166 0x0000021493af1210 code [0x0000021493af13c0, 0x0000021493af15d8]
Event: 2.522 Thread 0x00000214af422650 4167       1       org.springframework.transaction.annotation.AnnotationTransactionAttributeSource::allowPublicMethodsOnly (5 bytes)
Event: 2.523 Thread 0x00000214f5c90560 nmethod 4164 0x0000021493af1690 code [0x0000021493af18c0, 0x0000021493af2338]
Event: 2.523 Thread 0x00000214af422650 nmethod 4167 0x000002149af72110 code [0x000002149af722a0, 0x000002149af72378]
Event: 2.524 Thread 0x00000214f54e9460 4168       3       org.springframework.beans.factory.annotation.InjectionMetadata::needsRefresh (18 bytes)
Event: 2.525 Thread 0x00000214f54e9460 nmethod 4168 0x0000021493af2610 code [0x0000021493af27c0, 0x0000021493af2a28]
Event: 2.528 Thread 0x00000214af419c80 nmethod 4111 0x000002149af72410 code [0x000002149af72600, 0x000002149af73708]
Event: 2.528 Thread 0x00000214af419c80 4160       4       org.springframework.core.ResolvableType$1::isAssignableFrom (24 bytes)

GC Heap History (12 events):
Event: 0.706 GC heap before
{Heap before GC invocations=0 (full 0):
 garbage-first heap   total 249856K, used 22528K [0x000000070c000000, 0x0000000800000000)
  region size 2048K, 11 young (22528K), 0 survivors (0K)
 Metaspace       used 7203K, committed 7424K, reserved 1114112K
  class space    used 797K, committed 896K, reserved 1048576K
}
Event: 0.709 GC heap after
{Heap after GC invocations=1 (full 0):
 garbage-first heap   total 249856K, used 7858K [0x000000070c000000, 0x0000000800000000)
  region size 2048K, 2 young (4096K), 2 survivors (4096K)
 Metaspace       used 7203K, committed 7424K, reserved 1114112K
  class space    used 797K, committed 896K, reserved 1048576K
}
Event: 1.077 GC heap before
{Heap before GC invocations=1 (full 0):
 garbage-first heap   total 249856K, used 30386K [0x000000070c000000, 0x0000000800000000)
  region size 2048K, 13 young (26624K), 2 survivors (4096K)
 Metaspace       used 12127K, committed 12480K, reserved 1114112K
  class space    used 1490K, committed 1664K, reserved 1048576K
}
Event: 1.082 GC heap after
{Heap after GC invocations=2 (full 0):
 garbage-first heap   total 249856K, used 9818K [0x000000070c000000, 0x0000000800000000)
  region size 2048K, 1 young (2048K), 1 survivors (2048K)
 Metaspace       used 12127K, committed 12480K, reserved 1114112K
  class space    used 1490K, committed 1664K, reserved 1048576K
}
Event: 1.403 GC heap before
{Heap before GC invocations=2 (full 0):
 garbage-first heap   total 249856K, used 52826K [0x000000070c000000, 0x0000000800000000)
  region size 2048K, 24 young (49152K), 1 survivors (2048K)
 Metaspace       used 21273K, committed 21504K, reserved 1114112K
  class space    used 2664K, committed 2752K, reserved 1048576K
}
Event: 1.407 GC heap after
{Heap after GC invocations=3 (full 0):
 garbage-first heap   total 249856K, used 12971K [0x000000070c000000, 0x0000000800000000)
  region size 2048K, 3 young (6144K), 3 survivors (6144K)
 Metaspace       used 21273K, committed 21504K, reserved 1114112K
  class space    used 2664K, committed 2752K, reserved 1048576K
}
Event: 1.727 GC heap before
{Heap before GC invocations=4 (full 0):
 garbage-first heap   total 55296K, used 39595K [0x000000070c000000, 0x0000000800000000)
  region size 2048K, 16 young (32768K), 3 survivors (6144K)
 Metaspace       used 24263K, committed 24576K, reserved 1114112K
  class space    used 3056K, committed 3200K, reserved 1048576K
}
Event: 1.736 GC heap after
{Heap after GC invocations=5 (full 0):
 garbage-first heap   total 55296K, used 15399K [0x000000070c000000, 0x0000000800000000)
  region size 2048K, 2 young (4096K), 2 survivors (4096K)
 Metaspace       used 24263K, committed 24576K, reserved 1114112K
  class space    used 3056K, committed 3200K, reserved 1048576K
}
Event: 1.769 GC heap before
{Heap before GC invocations=5 (full 0):
 garbage-first heap   total 55296K, used 17447K [0x000000070c000000, 0x0000000800000000)
  region size 2048K, 3 young (6144K), 2 survivors (4096K)
 Metaspace       used 24360K, committed 24704K, reserved 1114112K
  class space    used 3065K, committed 3264K, reserved 1048576K
}
Event: 1.777 GC heap after
{Heap after GC invocations=6 (full 0):
 garbage-first heap   total 55296K, used 15525K [0x000000070c000000, 0x0000000800000000)
  region size 2048K, 1 young (2048K), 1 survivors (2048K)
 Metaspace       used 24360K, committed 24704K, reserved 1114112K
  class space    used 3065K, committed 3264K, reserved 1048576K
}
Event: 2.129 GC heap before
{Heap before GC invocations=6 (full 0):
 garbage-first heap   total 55296K, used 33957K [0x000000070c000000, 0x0000000800000000)
  region size 2048K, 10 young (20480K), 1 survivors (2048K)
 Metaspace       used 26911K, committed 27264K, reserved 1114112K
  class space    used 3409K, committed 3584K, reserved 1048576K
}
Event: 2.133 GC heap after
{Heap after GC invocations=7 (full 0):
 garbage-first heap   total 153600K, used 16316K [0x000000070c000000, 0x0000000800000000)
  region size 2048K, 1 young (2048K), 1 survivors (2048K)
 Metaspace       used 26911K, committed 27264K, reserved 1114112K
  class space    used 3409K, committed 3584K, reserved 1048576K
}

Deoptimization events (20 events):
Event: 2.516 Thread 0x000002148a16dc10 DEOPT PACKING pc=0x0000021493697e6c sp=0x00000037356fc940
Event: 2.516 Thread 0x000002148a16dc10 DEOPT UNPACKING pc=0x000002149a662b43 sp=0x00000037356fbea8 mode 1
Event: 2.516 Thread 0x000002148a16dc10 DEOPT PACKING pc=0x0000021493697e6c sp=0x00000037356fc940
Event: 2.516 Thread 0x000002148a16dc10 DEOPT UNPACKING pc=0x000002149a662b43 sp=0x00000037356fbea8 mode 1
Event: 2.517 Thread 0x000002148a16dc10 DEOPT PACKING pc=0x0000021493697e6c sp=0x00000037356fe010
Event: 2.517 Thread 0x000002148a16dc10 DEOPT UNPACKING pc=0x000002149a662b43 sp=0x00000037356fd578 mode 1
Event: 2.517 Thread 0x000002148a16dc10 DEOPT PACKING pc=0x0000021493697e6c sp=0x00000037356fe010
Event: 2.517 Thread 0x000002148a16dc10 DEOPT UNPACKING pc=0x000002149a662b43 sp=0x00000037356fd578 mode 1
Event: 2.518 Thread 0x000002148a16dc10 DEOPT PACKING pc=0x0000021493697e6c sp=0x00000037356fe010
Event: 2.518 Thread 0x000002148a16dc10 DEOPT UNPACKING pc=0x000002149a662b43 sp=0x00000037356fd578 mode 1
Event: 2.518 Thread 0x000002148a16dc10 DEOPT PACKING pc=0x0000021493697e6c sp=0x00000037356fe010
Event: 2.518 Thread 0x000002148a16dc10 DEOPT UNPACKING pc=0x000002149a662b43 sp=0x00000037356fd578 mode 1
Event: 2.523 Thread 0x000002148a16dc10 DEOPT PACKING pc=0x0000021493697e6c sp=0x00000037356fe010
Event: 2.523 Thread 0x000002148a16dc10 DEOPT UNPACKING pc=0x000002149a662b43 sp=0x00000037356fd578 mode 1
Event: 2.523 Thread 0x000002148a16dc10 DEOPT PACKING pc=0x0000021493697e6c sp=0x00000037356fe010
Event: 2.523 Thread 0x000002148a16dc10 DEOPT UNPACKING pc=0x000002149a662b43 sp=0x00000037356fd578 mode 1
Event: 2.525 Thread 0x000002148a16dc10 DEOPT PACKING pc=0x0000021493697e6c sp=0x00000037356fe010
Event: 2.525 Thread 0x000002148a16dc10 DEOPT UNPACKING pc=0x000002149a662b43 sp=0x00000037356fd578 mode 1
Event: 2.525 Thread 0x000002148a16dc10 DEOPT PACKING pc=0x0000021493697e6c sp=0x00000037356fe010
Event: 2.525 Thread 0x000002148a16dc10 DEOPT UNPACKING pc=0x000002149a662b43 sp=0x00000037356fd578 mode 1

Classes unloaded (0 events):
No events

Classes redefined (0 events):
No events

Internal exceptions (20 events):
Event: 2.208 Thread 0x000002148a16dc10 Exception <a 'java/lang/NoSuchMethodError'{0x0000000718076c68}: 'int java.lang.invoke.DirectMethodHandle$Holder.invokeStaticInit(java.lang.Object, float, float)'> (0x0000000718076c68) 
thrown [s\open\src\hotspot\share\interpreter\linkResolver.cpp, line 759]
Event: 2.208 Thread 0x000002148a16dc10 Exception <a 'java/lang/NoSuchMethodError'{0x000000071807dac0}: 'int java.lang.invoke.DirectMethodHandle$Holder.invokeStaticInit(java.lang.Object, double, double)'> (0x000000071807dac0) 
thrown [s\open\src\hotspot\share\interpreter\linkResolver.cpp, line 759]
Event: 2.208 Thread 0x000002148a16dc10 Exception <a 'java/lang/NoSuchMethodError'{0x0000000718081fb0}: 'int java.lang.invoke.DirectMethodHandle$Holder.invokeStatic(java.lang.Object, long)'> (0x0000000718081fb0) 
thrown [s\open\src\hotspot\share\interpreter\linkResolver.cpp, line 759]
Event: 2.211 Thread 0x000002148a16dc10 Exception <a 'java/lang/NoSuchMethodError'{0x00000007180ac978}: 'int java.lang.invoke.DirectMethodHandle$Holder.invokeSpecial(java.lang.Object, java.lang.Object, int)'> (0x00000007180ac978) 
thrown [s\open\src\hotspot\share\interpreter\linkResolver.cpp, line 759]
Event: 2.211 Thread 0x000002148a16dc10 Exception <a 'java/lang/NoSuchMethodError'{0x00000007180b42d8}: 'int java.lang.invoke.Invokers$Holder.linkToTargetMethod(java.lang.Object, java.lang.Object)'> (0x00000007180b42d8) 
thrown [s\open\src\hotspot\share\interpreter\linkResolver.cpp, line 759]
Event: 2.222 Thread 0x000002148a16dc10 Exception <a 'java/lang/NoSuchMethodError'{0x000000071814d6f8}: 'java.lang.Object java.lang.invoke.DirectMethodHandle$Holder.invokeSpecial(java.lang.Object, java.lang.Object, java.lang.Object, java.lang.Object, java.lang.Object, java.lang.Object, java.lang.Object, java.lang.Object, java.lang.Object, java.lang.Object)'> (0x000000071814d6f8) 
thrown [s\open\src\hotspot\share\interpreter\linkResolver.cpp, line 759]
Event: 2.222 Thread 0x000002148a16dc10 Exception <a 'java/lang/NoSuchMethodError'{0x0000000718151ce0}: 'java.lang.Object java.lang.invoke.Invokers$Holder.invoke_MT(java.lang.Object, java.lang.Object, java.lang.Object, java.lang.Object, java.lang.Object, java.lang.Object, java.lang.Object, java.lang.Object, java.lang.Object, java.lang.Object)'> (0x0000000718151ce0) 
thrown [s\open\src\hotspot\share\interpreter\linkResolver.cpp, line 759]
Event: 2.227 Thread 0x000002148a16dc10 Exception <a 'java/lang/NoSuchMethodError'{0x0000000718192d58}: 'java.lang.Object java.lang.invoke.DirectMethodHandle$Holder.invokeSpecial(java.lang.Object, java.lang.Object, int, java.lang.Object, java.lang.Object)'> (0x0000000718192d58) 
thrown [s\open\src\hotspot\share\interpreter\linkResolver.cpp, line 759]
Event: 2.227 Thread 0x000002148a16dc10 Exception <a 'java/lang/NoSuchMethodError'{0x0000000718196a00}: 'java.lang.Object java.lang.invoke.DelegatingMethodHandle$Holder.delegate(java.lang.Object, int, java.lang.Object, java.lang.Object)'> (0x0000000718196a00) 
thrown [s\open\src\hotspot\share\interpreter\linkResolver.cpp, line 759]
Event: 2.228 Thread 0x000002148a16dc10 Exception <a 'java/lang/NoSuchMethodError'{0x00000007181a7888}: 'int java.lang.invoke.Invokers$Holder.linkToTargetMethod(java.lang.Object, java.lang.Object, java.lang.Object)'> (0x00000007181a7888) 
thrown [s\open\src\hotspot\share\interpreter\linkResolver.cpp, line 759]
Event: 2.277 Thread 0x000002148a16dc10 Exception <a 'java/lang/NoClassDefFoundError'{0x0000000714c0a7a8}: org/flywaydb/core/Flyway> (0x0000000714c0a7a8) 
thrown [s\open\src\hotspot\share\classfile\systemDictionary.cpp, line 245]
Event: 2.277 Thread 0x000002148a16dc10 Exception <a 'java/lang/NoClassDefFoundError'{0x0000000714c0c7d8}: liquibase/integration/spring/SpringLiquibase> (0x0000000714c0c7d8) 
thrown [s\open\src\hotspot\share\classfile\systemDictionary.cpp, line 245]
Event: 2.281 Thread 0x000002148a16dc10 Exception <a 'java/lang/NoClassDefFoundError'{0x0000000714c50070}: org/springframework/batch/core/repository/JobRepository> (0x0000000714c50070) 
thrown [s\open\src\hotspot\share\classfile\systemDictionary.cpp, line 245]
Event: 2.281 Thread 0x000002148a16dc10 Exception <a 'java/lang/NoClassDefFoundError'{0x0000000714c51d38}: org/quartz/Scheduler> (0x0000000714c51d38) 
thrown [s\open\src\hotspot\share\classfile\systemDictionary.cpp, line 245]
Event: 2.282 Thread 0x000002148a16dc10 Exception <a 'java/lang/NoClassDefFoundError'{0x0000000714c53fb0}: org/springframework/session/jdbc/JdbcIndexedSessionRepository> (0x0000000714c53fb0) 
thrown [s\open\src\hotspot\share\classfile\systemDictionary.cpp, line 245]
Event: 2.302 Thread 0x000002148a16dc10 Exception <a 'java/lang/NoClassDefFoundError'{0x0000000714a3b430}: org/jooq/DSLContext> (0x0000000714a3b430) 
thrown [s\open\src\hotspot\share\classfile\systemDictionary.cpp, line 245]
Event: 2.325 Thread 0x000002148a16dc10 Exception <a 'java/lang/NoSuchMethodError'{0x0000000714b64cf8}: 'void java.lang.invoke.DirectMethodHandle$Holder.invokeSpecial(java.lang.Object, java.lang.Object, java.lang.Object, java.lang.Object, java.lang.Object, java.lang.Object)'> (0x0000000714b64cf8) 
thrown [s\open\src\hotspot\share\interpreter\linkResolver.cpp, line 759]
Event: 2.337 Thread 0x000002148a16dc10 Exception <a 'java/lang/IncompatibleClassChangeError'{0x0000000714bfbc80}: Found class java.lang.Object, but interface was expected> (0x0000000714bfbc80) 
thrown [s\open\src\hotspot\share\interpreter\linkResolver.cpp, line 826]
Event: 2.380 Thread 0x000002148a16dc10 Implicit null exception at 0x000002149af2a77b to 0x000002149af2bb3c
Event: 2.417 Thread 0x000002148a16dc10 Exception <a 'java/lang/NoSuchMethodError'{0x00000007147b66a8}: 'java.lang.Object java.lang.invoke.DirectMethodHandle$Holder.invokeSpecialIFC(java.lang.Object, java.lang.Object, java.lang.Object)'> (0x00000007147b66a8) 
thrown [s\open\src\hotspot\share\interpreter\linkResolver.cpp, line 759]

VM Operations (20 events):
Event: 2.035 Executing VM operation: HandshakeAllThreads
Event: 2.035 Executing VM operation: HandshakeAllThreads done
Event: 2.045 Executing VM operation: HandshakeAllThreads
Event: 2.045 Executing VM operation: HandshakeAllThreads done
Event: 2.045 Executing VM operation: HandshakeAllThreads
Event: 2.045 Executing VM operation: HandshakeAllThreads done
Event: 2.047 Executing VM operation: HandshakeAllThreads
Event: 2.047 Executing VM operation: HandshakeAllThreads done
Event: 2.129 Executing VM operation: G1CollectForAllocation
Event: 2.133 Executing VM operation: G1CollectForAllocation done
Event: 2.214 Executing VM operation: HandshakeAllThreads
Event: 2.214 Executing VM operation: HandshakeAllThreads done
Event: 2.217 Executing VM operation: HandshakeAllThreads
Event: 2.217 Executing VM operation: HandshakeAllThreads done
Event: 2.331 Executing VM operation: HandshakeAllThreads
Event: 2.331 Executing VM operation: HandshakeAllThreads done
Event: 2.366 Executing VM operation: HandshakeAllThreads
Event: 2.366 Executing VM operation: HandshakeAllThreads done
Event: 2.368 Executing VM operation: ICBufferFull
Event: 2.369 Executing VM operation: ICBufferFull done

Events (20 events):
Event: 2.309 loading class java/security/interfaces/RSAKey done
Event: 2.309 loading class java/security/interfaces/RSAPublicKey done
Event: 2.310 loading class java/security/interfaces/RSAPrivateKey
Event: 2.310 loading class java/security/PrivateKey
Event: 2.310 loading class javax/security/auth/Destroyable
Event: 2.310 loading class javax/security/auth/Destroyable done
Event: 2.310 loading class java/security/PrivateKey done
Event: 2.310 loading class java/security/interfaces/RSAPrivateKey done
Event: 2.319 loading class javax/naming/NameNotFoundException
Event: 2.319 loading class javax/naming/NameNotFoundException done
Event: 2.328 loading class java/lang/Class$EnclosingMethodInfo
Event: 2.328 loading class java/lang/Class$EnclosingMethodInfo done
Event: 2.430 loading class java/net/URLClassLoader
Event: 2.430 loading class java/net/URLClassLoader done
Event: 2.437 loading class java/nio/file/InvalidPathException
Event: 2.437 loading class java/nio/file/InvalidPathException done
Event: 2.439 loading class java/lang/UnsatisfiedLinkError
Event: 2.439 loading class java/lang/UnsatisfiedLinkError done
Event: 2.521 loading class java/util/function/ObjIntConsumer
Event: 2.521 loading class java/util/function/ObjIntConsumer done


Dynamic libraries:
0x00007ff7aa0d0000 - 0x00007ff7aa0e0000 	C:\Program Files\Java\jdk-17\bin\java.exe
0x00007ffaae450000 - 0x00007ffaae667000 	C:\WINDOWS\SYSTEM32\ntdll.dll
0x00007ffaadc20000 - 0x00007ffaadce4000 	C:\WINDOWS\System32\KERNEL32.DLL
0x00007ffaabc00000 - 0x00007ffaabfd0000 	C:\WINDOWS\System32\KERNELBASE.dll
0x00007ffaab700000 - 0x00007ffaab811000 	C:\WINDOWS\System32\ucrtbase.dll
0x00007ffa93ce0000 - 0x00007ffa93cf9000 	C:\Program Files\Java\jdk-17\bin\jli.dll
0x00007ffa9d1b0000 - 0x00007ffa9d1cb000 	C:\Program Files\Java\jdk-17\bin\VCRUNTIME140.dll
0x00007ffaacc60000 - 0x00007ffaacd11000 	C:\WINDOWS\System32\ADVAPI32.dll
0x00007ffaadb70000 - 0x00007ffaadc17000 	C:\WINDOWS\System32\msvcrt.dll
0x00007ffaae1b0000 - 0x00007ffaae257000 	C:\WINDOWS\System32\sechost.dll
0x00007ffaab940000 - 0x00007ffaab968000 	C:\WINDOWS\System32\bcrypt.dll
0x00007ffaad940000 - 0x00007ffaada54000 	C:\WINDOWS\System32\RPCRT4.dll
0x00007ffaac4a0000 - 0x00007ffaac64e000 	C:\WINDOWS\System32\USER32.dll
0x00007ffaab9f0000 - 0x00007ffaaba16000 	C:\WINDOWS\System32\win32u.dll
0x00007ffa9dcf0000 - 0x00007ffa9df82000 	C:\WINDOWS\WinSxS\amd64_microsoft.windows.common-controls_6595b64144ccf1df_6.0.22621.4830_none_270fe7d773858e80\COMCTL32.dll
0x00007ffaac7a0000 - 0x00007ffaac7c9000 	C:\WINDOWS\System32\GDI32.dll
0x00007ffaab820000 - 0x00007ffaab93b000 	C:\WINDOWS\System32\gdi32full.dll
0x00007ffaabae0000 - 0x00007ffaabb7a000 	C:\WINDOWS\System32\msvcp_win.dll
0x00007ffaa5380000 - 0x00007ffaa538a000 	C:\WINDOWS\SYSTEM32\VERSION.dll
0x00007ffaac360000 - 0x00007ffaac391000 	C:\WINDOWS\System32\IMM32.DLL
0x00007ffaa7ca0000 - 0x00007ffaa7cac000 	C:\Program Files\Java\jdk-17\bin\vcruntime140_1.dll
0x00007ffa90cd0000 - 0x00007ffa90d5e000 	C:\Program Files\Java\jdk-17\bin\msvcp140.dll
0x00007ffa2ae60000 - 0x00007ffa2ba41000 	C:\Program Files\Java\jdk-17\bin\server\jvm.dll
0x00007ffaad0b0000 - 0x00007ffaad0b8000 	C:\WINDOWS\System32\PSAPI.DLL
0x00007ffa98440000 - 0x00007ffa98449000 	C:\WINDOWS\SYSTEM32\WSOCK32.dll
0x00007ffaa28b0000 - 0x00007ffaa28e4000 	C:\WINDOWS\SYSTEM32\WINMM.dll
0x00007ffaac720000 - 0x00007ffaac791000 	C:\WINDOWS\System32\WS2_32.dll
0x00007ffaaa740000 - 0x00007ffaaa758000 	C:\WINDOWS\SYSTEM32\kernel.appcore.dll
0x00007ffaa7c20000 - 0x00007ffaa7c2a000 	C:\Program Files\Java\jdk-17\bin\jimage.dll
0x00007ffaa4690000 - 0x00007ffaa48c2000 	C:\WINDOWS\SYSTEM32\DBGHELP.DLL
0x00007ffaacd20000 - 0x00007ffaad0b0000 	C:\WINDOWS\System32\combase.dll
0x00007ffaac3c0000 - 0x00007ffaac497000 	C:\WINDOWS\System32\OLEAUT32.dll
0x00007ffaa06d0000 - 0x00007ffaa0702000 	C:\WINDOWS\SYSTEM32\dbgcore.DLL
0x00007ffaab970000 - 0x00007ffaab9eb000 	C:\WINDOWS\System32\bcryptPrimitives.dll
0x00007ffa93ca0000 - 0x00007ffa93cdb000 	C:\Program Files\Java\jdk-17\bin\jdwp.dll
0x00007ffa90ca0000 - 0x00007ffa90cc5000 	C:\Program Files\Java\jdk-17\bin\java.dll
0x00007ffa8c930000 - 0x00007ffa8ca07000 	C:\Program Files\Java\jdk-17\bin\jsvml.dll
0x00007ffaad0c0000 - 0x00007ffaad938000 	C:\WINDOWS\System32\SHELL32.dll
0x00007ffaa9650000 - 0x00007ffaa9f60000 	C:\WINDOWS\SYSTEM32\windows.storage.dll
0x00007ffaa9510000 - 0x00007ffaa964f000 	C:\WINDOWS\SYSTEM32\wintypes.dll
0x00007ffaada60000 - 0x00007ffaadb6a000 	C:\WINDOWS\System32\SHCORE.dll
0x00007ffaac650000 - 0x00007ffaac6ae000 	C:\WINDOWS\System32\shlwapi.dll
0x00007ffaab630000 - 0x00007ffaab65b000 	C:\WINDOWS\SYSTEM32\profapi.dll
0x00007ffaa77c0000 - 0x00007ffaa77cc000 	C:\Program Files\Java\jdk-17\bin\dt_socket.dll
0x00007ffaaa1c0000 - 0x00007ffaaa1ed000 	C:\WINDOWS\SYSTEM32\IPHLPAPI.DLL
0x00007ffaaabc0000 - 0x00007ffaaac29000 	C:\WINDOWS\system32\mswsock.dll
0x00007ffaaa1f0000 - 0x00007ffaaa2f2000 	C:\WINDOWS\SYSTEM32\DNSAPI.dll
0x00007ffaac710000 - 0x00007ffaac719000 	C:\WINDOWS\System32\NSI.dll
0x00007ffaa7dd0000 - 0x00007ffaa7dda000 	C:\Windows\System32\rasadhlp.dll
0x00007ffaa7410000 - 0x00007ffaa7493000 	C:\WINDOWS\System32\fwpuclnt.dll
0x00007ffa90c80000 - 0x00007ffa90c99000 	C:\Program Files\Java\jdk-17\bin\net.dll
0x00007ffaa86a0000 - 0x00007ffaa87cc000 	C:\WINDOWS\SYSTEM32\WINHTTP.dll
0x00007ffa90c60000 - 0x00007ffa90c76000 	C:\Program Files\Java\jdk-17\bin\nio.dll
0x00007ffa90c40000 - 0x00007ffa90c58000 	C:\Program Files\Java\jdk-17\bin\zip.dll
0x00007ffaa0200000 - 0x00007ffaa020a000 	C:\Program Files\Java\jdk-17\bin\management.dll
0x00007ffa9f0d0000 - 0x00007ffa9f0db000 	C:\Program Files\Java\jdk-17\bin\management_ext.dll
0x00007ffa877a0000 - 0x00007ffa877b7000 	C:\WINDOWS\system32\napinsp.dll
0x00007ffa87780000 - 0x00007ffa8779b000 	C:\WINDOWS\system32\pnrpnsp.dll
0x00007ffa876a0000 - 0x00007ffa876b1000 	C:\WINDOWS\System32\winrnr.dll
0x00007ffa874f0000 - 0x00007ffa87505000 	C:\WINDOWS\system32\wshbth.dll
0x00007ffa874c0000 - 0x00007ffa874e7000 	C:\WINDOWS\system32\nlansp_c.dll
0x00007ffaaae10000 - 0x00007ffaaae2b000 	C:\WINDOWS\SYSTEM32\CRYPTSP.dll
0x00007ffaaa6a0000 - 0x00007ffaaa6d5000 	C:\WINDOWS\system32\rsaenh.dll
0x00007ffaaacb0000 - 0x00007ffaaacd8000 	C:\WINDOWS\SYSTEM32\USERENV.dll
0x00007ffaaae30000 - 0x00007ffaaae3c000 	C:\WINDOWS\SYSTEM32\CRYPTBASE.dll
0x00007ffaa7d80000 - 0x00007ffaa7d99000 	C:\WINDOWS\SYSTEM32\dhcpcsvc6.DLL
0x00007ffaa7d60000 - 0x00007ffaa7d7f000 	C:\WINDOWS\SYSTEM32\dhcpcsvc.DLL
0x00007ffa9eff0000 - 0x00007ffa9effe000 	C:\Program Files\Java\jdk-17\bin\sunmscapi.dll
0x00007ffaabfd0000 - 0x00007ffaac136000 	C:\WINDOWS\System32\CRYPT32.dll
0x00007ffaaafd0000 - 0x00007ffaaaffd000 	C:\WINDOWS\SYSTEM32\ncrypt.dll
0x00007ffaaaf90000 - 0x00007ffaaafc7000 	C:\WINDOWS\SYSTEM32\NTASN1.dll

dbghelp: loaded successfully - version: 4.0.5 - missing functions: none
symbol engine: initialized successfully - sym options: 0x614 - pdb path: .;C:\Program Files\Java\jdk-17\bin;C:\WINDOWS\SYSTEM32;C:\WINDOWS\WinSxS\amd64_microsoft.windows.common-controls_6595b64144ccf1df_6.0.22621.4830_none_270fe7d773858e80;C:\Program Files\Java\jdk-17\bin\server

VM Arguments:
jvm_args: -agentlib:jdwp=transport=dt_socket,server=n,suspend=y,address=localhost:65358 -Dcom.sun.management.jmxremote -Dcom.sun.management.jmxremote.port=65355 -Dcom.sun.management.jmxremote.authenticate=false -Dcom.sun.management.jmxremote.ssl=false -Dspring.jmx.enabled=true -Djava.rmi.server.hostname=localhost -Dspring.application.admin.enabled=true -Dspring.boot.project.name=thuan -XX:+ShowCodeDetailsInExceptionMessages 
java_command: com.example.thuan.ThuanApplication
java_class_path (initial): E:\SWP391_GR5_SE1812\ReadHasha_BackEnd\thuan\bin\main;E:\SWP391_GR5_SE1812\ReadHasha_BackEnd\thuan\bin\test;E:\SWP391_GR5_SE1812\ReadHasha_BackEnd\thuan\bin\default;C:\Users\ASUS\.gradle\caches\modules-2\files-2.1\org.projectlombok\lombok\1.18.24\13a394eed5c4f9efb2a6d956e2086f1d81e857d9\lombok-1.18.24.jar;C:\Users\ASUS\.gradle\caches\modules-2\files-2.1\org.springframework.boot\spring-boot-starter-web\3.4.2\cf1c8efe77dccf221acf5f0ce9cc24c718c0ca44\spring-boot-starter-web-3.4.2.jar;C:\Users\ASUS\.gradle\caches\modules-2\files-2.1\org.springframework.boot\spring-boot-starter-security\3.4.2\b3102ed745b5e71f61bb5174c6a12275f0154dbb\spring-boot-starter-security-3.4.2.jar;C:\Users\ASUS\.gradle\caches\modules-2\files-2.1\org.springframework.boot\spring-boot-starter-data-jpa\3.4.2\b65a304b493807dff48bf114135dc4aa5f267927\spring-boot-starter-data-jpa-3.4.2.jar;C:\Users\ASUS\.gradle\caches\modules-2\files-2.1\com.microsoft.sqlserver\mssql-jdbc\12.2.0.jre8\24230b89715e4a101e1f2263293a2343a710ecd1\mssql-jdbc-12.2.0.jre8.jar;C:\Users\ASUS\.gradle\caches\modules-2\files-2.1\org.springframework.security\spring-security-config\6.4.2\5ed985329eb14b1c61045160c8dcbbcab179ddd3\spring-security-config-6.4.2.jar;C:\Users\ASUS\.gradle\caches\modules-2\files-2.1\org.springframework.security\spring-security-web\6.4.2\733a3bbbdca56225676fb7f4e3f317c2075fc383\spring-security-web-6.4.2.jar;C:\Users\ASUS\.gradle\caches\modules-2\files-2.1\org.springframework.security\spring-security-core\6.4.2\51302b2af3f01eb79fdc7164a4cc3a3aa7e3b541\spring-security-core-6.4.2.jar;C:\Users\ASUS\.gradle\caches\modules-2\files-2.1\org.springframework.security\spring-security-crypto\6.4.2\a4d5bf27ca449200fc39e07de6ae016eb1ad21da\spring-security-crypto-6.4.2.jar;C:\Users\ASUS\.gradle\caches\modules-2\files-2.1\io.jsonwebtoken\jjwt-impl\0.11.5\40a599f0e8a8e4e0701596fbb15e67bfda64fdf0\jjwt-impl-0.11.5.jar;C:\Users\ASUS\.gradle\caches\modules-2\files-2.1\io.jsonwebtoken\jjwt-jackson\0.11.5\
Launcher Type: SUN_STANDARD

[Global flags]
     intx CICompilerCount                          = 12                                        {product} {ergonomic}
     uint ConcGCThreads                            = 3                                         {product} {ergonomic}
     uint G1ConcRefinementThreads                  = 13                                        {product} {ergonomic}
   size_t G1HeapRegionSize                         = 2097152                                   {product} {ergonomic}
    uintx GCDrainStackTargetSize                   = 64                                        {product} {ergonomic}
   size_t InitialHeapSize                          = 255852544                                 {product} {ergonomic}
     bool ManagementServer                         = true                                      {product} {command line}
   size_t MarkStackSize                            = 4194304                                   {product} {ergonomic}
   size_t MaxHeapSize                              = 4093640704                                {product} {ergonomic}
   size_t MaxNewSize                               = 2455764992                                {product} {ergonomic}
   size_t MinHeapDeltaBytes                        = 2097152                                   {product} {ergonomic}
   size_t MinHeapSize                              = 8388608                                   {product} {ergonomic}
    uintx NonNMethodCodeHeapSize                   = 7602480                                {pd product} {ergonomic}
    uintx NonProfiledCodeHeapSize                  = 122027880                              {pd product} {ergonomic}
    uintx ProfiledCodeHeapSize                     = 122027880                              {pd product} {ergonomic}
    uintx ReservedCodeCacheSize                    = 251658240                              {pd product} {ergonomic}
     bool SegmentedCodeCache                       = true                                      {product} {ergonomic}
     bool ShowCodeDetailsInExceptionMessages       = true                                   {manageable} {command line}
   size_t SoftMaxHeapSize                          = 4093640704                             {manageable} {ergonomic}
     bool UseCompressedClassPointers               = true                           {product lp64_product} {ergonomic}
     bool UseCompressedOops                        = true                           {product lp64_product} {ergonomic}
     bool UseG1GC                                  = true                                      {product} {ergonomic}
     bool UseLargePagesIndividualAllocation        = false                                  {pd product} {ergonomic}

Logging:
Log output configuration:
 #0: stdout all=warning uptime,level,tags
 #1: stderr all=off uptime,level,tags

Environment Variables:
PATH=C:\Program Files\Common Files\Oracle\Java\javapath;C:\Program Files (x86)\Common Files\Oracle\Java\java8path;C:\Program Files (x86)\Common Files\Oracle\Java\javapath;C:\ProgramData\Oracle\Java\javapath;C:\Windows\system32;C:\Windows;C:\Windows\System32\Wbem;C:\Windows\System32\WindowsPowerShell\v1.0\;C:\Windows\System32\OpenSSH\;C:\Program Files (x86)\NVIDIA Corporation\PhysX\Common;C:\WINDOWS\system32;C:\WINDOWS;C:\WINDOWS\System32\Wbem;C:\WINDOWS\System32\WindowsPowerShell\v1.0\;C:\WINDOWS\System32\OpenSSH\;C:\Program Files (x86)\Microsoft SQL Server\160\Tools\Binn\;C:\Program Files\Microsoft SQL Server\160\Tools\Binn\;C:\Program Files\Microsoft SQL Server\Client SDK\ODBC\170\Tools\Binn\;C:\Program Files\Microsoft SQL Server\160\DTS\Binn\;C:\Program Files (x86)\Microsoft SQL Server\160\DTS\Binn\;C:\Program Files\Azure Data Studio\bin;C:\Program Files\dotnet\;C:\Program Files\nodejs\;C:\Program Files\Git\cmd;C:\Program Files\Cloudflare\Cloudflare WARP\;C:\Program Files\NVIDIA Corporation\NVIDIA app\NvDLISR;C:\Program Files\MySQL\MySQL Shell 8.0\bin\;C:\Users\ASUS\AppData\Local\Microsoft\WindowsApps;;C:\Program Files\Azure Data Studio\bin;C:\Users\ASUS\AppData\Local\Programs\Microsoft VS Code\bin;C:\Users\ASUS\AppData\Roaming\npm
USERNAME=ASUS
LANG=en_US.UTF-8
OS=Windows_NT
PROCESSOR_IDENTIFIER=AMD64 Family 25 Model 68 Stepping 1, AuthenticAMD



---------------  S Y S T E M  ---------------

OS:
 Windows 11 , 64 bit Build 22621 (10.0.22621.4830)
OS uptime: 1 days 5:57 hours

CPU: total 16 (initial active 16) (16 cores per cpu, 2 threads per core) family 25 model 68 stepping 1 microcode 0x0, cx8, cmov, fxsr, ht, mmx, 3dnowpref, sse, sse2, sse3, ssse3, sse4a, sse4.1, sse4.2, popcnt, lzcnt, tsc, tscinvbit, avx, avx2, aes, clmul, bmi1, bmi2, adx, sha, fma, vzeroupper, clflush, clflushopt

Memory: 4k page, system-wide physical 15613M (2400M free)
TotalPageFile size 19709M (AvailPageFile size 64M)
current process WorkingSet (physical memory assigned to process): 262M, peak: 263M
current process commit charge ("private bytes"): 402M, peak: 416M

vm_info: Java HotSpot(TM) 64-Bit Server VM (17.0.9+11-LTS-201) for windows-amd64 JRE (17.0.9+11-LTS-201), built on Oct 10 2023 23:16:06 by "mach5one" with MS VC++ 17.1 (VS2022)

END.
