#
# There is insufficient memory for the Java Runtime Environment to continue.
# Native memory allocation (malloc) failed to allocate 1380096 bytes. Error detail: Chunk::new
# Possible reasons:
#   The system is out of physical RAM or swap space
#   This process is running with CompressedOops enabled, and the Java Heap may be blocking the growth of the native heap
# Possible solutions:
#   Reduce memory load on the system
#   Increase physical memory or swap space
#   Check if swap backing store is full
#   Decrease Java heap size (-Xmx/-Xms)
#   Decrease number of Java threads
#   Decrease Java thread stack sizes (-Xss)
#   Set larger code cache with -XX:ReservedCodeCacheSize=
#   JVM is running with Unscaled Compressed Oops mode in which the Java heap is
#     placed in the first 4GB address space. The Java Heap base address is the
#     maximum limit for the native heap growth. Please use -XX:HeapBaseMinAddress
#     to set the Java Heap base and to place the Java Heap above 4GB virtual address.
# This output file may be truncated or incomplete.
#
#  Out of Memory Error (arena.cpp:168), pid=6108, tid=20232
#
# JRE version: OpenJDK Runtime Environment Temurin-21.0.6+7 (21.0.6+7) (build 21.0.6+7-LTS)
# Java VM: OpenJDK 64-Bit Server VM Temurin-21.0.6+7 (21.0.6+7-LTS, mixed mode, sharing, tiered, compressed oops, compressed class ptrs, parallel gc, windows-amd64)
# No core dump will be written. Minidumps are not enabled by default on client versions of Windows
#

---------------  S U M M A R Y ------------

Command Line: --add-modules=ALL-SYSTEM --add-opens=java.base/java.util=ALL-UNNAMED --add-opens=java.base/java.lang=ALL-UNNAMED --add-opens=java.base/sun.nio.fs=ALL-UNNAMED -Declipse.application=org.eclipse.jdt.ls.core.id1 -Dosgi.bundles.defaultStartLevel=4 -Declipse.product=org.eclipse.jdt.ls.core.product -Djava.import.generatesMetadataFilesAtProjectRoot=false -DDetectVMInstallationsJob.disabled=true -Dfile.encoding=utf8 -XX:+UseParallelGC -XX:GCTimeRatio=4 -XX:AdaptiveSizePolicyWeight=90 -Dsun.zip.disableMemoryMapping=true -Xmx1G -Xms100m -Xlog:disable -javaagent:c:\Users\ASUS\.vscode\extensions\redhat.java-1.40.0-win32-x64\lombok\lombok-1.18.36.jar -XX:+HeapDumpOnOutOfMemoryError -XX:HeapDumpPath=c:\Users\ASUS\AppData\Roaming\Code\User\workspaceStorage\a26ced7fe018b66e12da886babd7af56\redhat.java -Daether.dependencyCollector.impl=bf c:\Users\ASUS\.vscode\extensions\redhat.java-1.40.0-win32-x64\server\plugins\org.eclipse.equinox.launcher_1.6.1000.v20250131-0606.jar -configuration c:\Users\ASUS\AppData\Roaming\Code\User\globalStorage\redhat.java\1.40.0\config_win -data c:\Users\ASUS\AppData\Roaming\Code\User\workspaceStorage\a26ced7fe018b66e12da886babd7af56\redhat.java\jdt_ws --pipe=\\.\pipe\lsp-d583a8f90abdcd3fa1e57264ba169f72-sock

Host: AMD Ryzen 7 6800H with Radeon Graphics         , 16 cores, 15G,  Windows 11 , 64 bit Build 22621 (10.0.22621.4830)
Time: Sun Mar  9 01:30:05 2025 SE Asia Standard Time elapsed time: 8.016168 seconds (0d 0h 0m 8s)

---------------  T H R E A D  ---------------

Current thread (0x00000295c8a0ade0):  JavaThread "C2 CompilerThread5" daemon [_thread_in_native, id=20232, stack(0x000000b887000000,0x000000b887100000) (1024K)]


Current CompileTask:
C2:8016 10205   !   4       org.eclipse.jdt.internal.compiler.classfmt.ClassFileReader::<init> (2135 bytes)

Stack: [0x000000b887000000,0x000000b887100000]
Native frames: (J=compiled Java code, j=interpreted, Vv=VM code, C=native code)
V  [jvm.dll+0x6cdee9]
V  [jvm.dll+0x8a83d1]
V  [jvm.dll+0x8aa8fe]
V  [jvm.dll+0x8aafe3]
V  [jvm.dll+0x27f706]
V  [jvm.dll+0xc500d]
V  [jvm.dll+0xc5543]
V  [jvm.dll+0x2f2acd]
V  [jvm.dll+0x5f6a2a]
V  [jvm.dll+0x250bb2]
V  [jvm.dll+0x250f6f]
V  [jvm.dll+0x249834]
V  [jvm.dll+0x246ec4]
V  [jvm.dll+0x1c75ee]
V  [jvm.dll+0x25685a]
V  [jvm.dll+0x254dfa]
V  [jvm.dll+0x3f0256]
V  [jvm.dll+0x851f8b]
V  [jvm.dll+0x6cc5ed]
C  [ucrtbase.dll+0x29333]
C  [KERNEL32.DLL+0x1259d]
C  [ntdll.dll+0x5af38]


---------------  P R O C E S S  ---------------

Threads class SMR info:
_java_thread_list=0x00000295cb12b870, length=85, elements={
0x00000295e4d8d830, 0x00000295fa8483c0, 0x00000295f917cd60, 0x00000295fa84a240,
0x00000295fa84af50, 0x00000295fa84df60, 0x00000295fa853d90, 0x00000295fa85aa90,
0x00000295fa85bce0, 0x00000295fa91b370, 0x00000295fa91de00, 0x00000295fa9b8040,
0x00000295faafcef0, 0x00000295faaf7790, 0x00000295fabc9a10, 0x00000295c509dbc0,
0x00000295c5452bc0, 0x00000295c5b56230, 0x00000295c593a810, 0x00000295c5addcd0,
0x00000295c5ade740, 0x00000295c60c0550, 0x00000295c6372d80, 0x00000295c5cfb3d0,
0x00000295c5cf7f50, 0x00000295c5cf85e0, 0x00000295c5cfad40, 0x00000295c5cfa020,
0x00000295c5cf8c70, 0x00000295c5cf9300, 0x00000295c5cf9990, 0x00000295c5cfa6b0,
0x00000295c7ed9fd0, 0x00000295c7ed9940, 0x00000295c7eda660, 0x00000295c7edacf0,
0x00000295c7edba10, 0x00000295c7edcdc0, 0x00000295c7edc0a0, 0x00000295c7edc730,
0x00000295c7edb380, 0x00000295c5d25a20, 0x00000295c5d21880, 0x00000295c5d24670,
0x00000295c5d26dd0, 0x00000295c5d27af0, 0x00000295c5d232c0, 0x00000295c89b6f90,
0x00000295c8a0ade0, 0x00000295c885b870, 0x00000295c5d23950, 0x00000295c5d22c30,
0x00000295c5d28ea0, 0x00000295c5d23fe0, 0x00000295c5d28810, 0x00000295c5d21f10,
0x00000295c89aedc0, 0x00000295c89aac20, 0x00000295c89ab2b0, 0x00000295c89abfd0,
0x00000295c89b0800, 0x00000295c89ab940, 0x00000295c89afae0, 0x00000295c89af450,
0x00000295c89ac660, 0x00000295c89b0e90, 0x00000295c89accf0, 0x00000295c89ae730,
0x00000295c89b1520, 0x00000295c89ae0a0, 0x00000295c89b1bb0, 0x00000295c89ad380,
0x00000295c89b0170, 0x00000295c89b2240, 0x00000295c89ada10, 0x00000295caa05970,
0x00000295caa02b80, 0x00000295caa06000, 0x00000295caa07a40, 0x00000295caa06690,
0x00000295caa03210, 0x00000295caa08df0, 0x00000295caa04c50, 0x00000295caa06d20,
0x00000295caa09480
}

Java Threads: ( => current thread )
  0x00000295e4d8d830 JavaThread "main"                              [_thread_blocked, id=25168, stack(0x000000b883000000,0x000000b883100000) (1024K)]
  0x00000295fa8483c0 JavaThread "Reference Handler"          daemon [_thread_blocked, id=23104, stack(0x000000b883400000,0x000000b883500000) (1024K)]
  0x00000295f917cd60 JavaThread "Finalizer"                  daemon [_thread_blocked, id=22568, stack(0x000000b883500000,0x000000b883600000) (1024K)]
  0x00000295fa84a240 JavaThread "Signal Dispatcher"          daemon [_thread_blocked, id=5212, stack(0x000000b883600000,0x000000b883700000) (1024K)]
  0x00000295fa84af50 JavaThread "Attach Listener"            daemon [_thread_blocked, id=23176, stack(0x000000b883700000,0x000000b883800000) (1024K)]
  0x00000295fa84df60 JavaThread "Service Thread"             daemon [_thread_blocked, id=4760, stack(0x000000b883800000,0x000000b883900000) (1024K)]
  0x00000295fa853d90 JavaThread "Monitor Deflation Thread"   daemon [_thread_blocked, id=25664, stack(0x000000b883900000,0x000000b883a00000) (1024K)]
  0x00000295fa85aa90 JavaThread "C2 CompilerThread0"         daemon [_thread_in_native, id=27168, stack(0x000000b883a00000,0x000000b883b00000) (1024K)]
  0x00000295fa85bce0 JavaThread "C1 CompilerThread0"         daemon [_thread_blocked, id=23612, stack(0x000000b883b00000,0x000000b883c00000) (1024K)]
  0x00000295fa91b370 JavaThread "C1 CompilerThread1"         daemon [_thread_in_native, id=22928, stack(0x000000b883c00000,0x000000b883d00000) (1024K)]
  0x00000295fa91de00 JavaThread "Common-Cleaner"             daemon [_thread_blocked, id=21588, stack(0x000000b883d00000,0x000000b883e00000) (1024K)]
  0x00000295fa9b8040 JavaThread "C2 CompilerThread1"         daemon [_thread_in_native, id=12816, stack(0x000000b883e00000,0x000000b883f00000) (1024K)]
  0x00000295faafcef0 JavaThread "C1 CompilerThread2"         daemon [_thread_blocked, id=29540, stack(0x000000b883f00000,0x000000b884000000) (1024K)]
  0x00000295faaf7790 JavaThread "C1 CompilerThread3"         daemon [_thread_in_native, id=22636, stack(0x000000b884000000,0x000000b884100000) (1024K)]
  0x00000295fabc9a10 JavaThread "Notification Thread"        daemon [_thread_blocked, id=2256, stack(0x000000b884100000,0x000000b884200000) (1024K)]
  0x00000295c509dbc0 JavaThread "C2 CompilerThread2"         daemon [_thread_in_native, id=10672, stack(0x000000b884200000,0x000000b884300000) (1024K)]
  0x00000295c5452bc0 JavaThread "C2 CompilerThread3"         daemon [_thread_in_native, id=17016, stack(0x000000b884800000,0x000000b884900000) (1024K)]
  0x00000295c5b56230 JavaThread "Active Thread: Equinox Container: 9ea27ed4-fa0c-4a33-8619-8b007521271f"        [_thread_blocked, id=22160, stack(0x000000b884900000,0x000000b884a00000) (1024K)]
  0x00000295c593a810 JavaThread "Refresh Thread: Equinox Container: 9ea27ed4-fa0c-4a33-8619-8b007521271f" daemon [_thread_blocked, id=1584, stack(0x000000b884c00000,0x000000b884d00000) (1024K)]
  0x00000295c5addcd0 JavaThread "Framework Event Dispatcher: Equinox Container: 9ea27ed4-fa0c-4a33-8619-8b007521271f" daemon [_thread_blocked, id=22684, stack(0x000000b884d00000,0x000000b884e00000) (1024K)]
  0x00000295c5ade740 JavaThread "Start Level: Equinox Container: 9ea27ed4-fa0c-4a33-8619-8b007521271f" daemon [_thread_blocked, id=22424, stack(0x000000b884e00000,0x000000b884f00000) (1024K)]
  0x00000295c60c0550 JavaThread "Bundle File Closer"         daemon [_thread_blocked, id=21120, stack(0x000000b884f00000,0x000000b885000000) (1024K)]
  0x00000295c6372d80 JavaThread "SCR Component Actor"        daemon [_thread_blocked, id=9812, stack(0x000000b885200000,0x000000b885300000) (1024K)]
  0x00000295c5cfb3d0 JavaThread "Worker-JM"                         [_thread_blocked, id=27404, stack(0x000000b885700000,0x000000b885800000) (1024K)]
  0x00000295c5cf7f50 JavaThread "JNA Cleaner"                daemon [_thread_blocked, id=29484, stack(0x000000b885800000,0x000000b885900000) (1024K)]
  0x00000295c5cf85e0 JavaThread "Worker-0: Java indexing... "        [_thread_blocked, id=29016, stack(0x000000b885900000,0x000000b885a00000) (1024K)]
  0x00000295c5cfad40 JavaThread "Worker-1"                          [_thread_blocked, id=25484, stack(0x000000b885a00000,0x000000b885b00000) (1024K)]
  0x00000295c5cfa020 JavaThread "Java indexing"              daemon [_thread_blocked, id=3756, stack(0x000000b885b00000,0x000000b885c00000) (1024K)]
  0x00000295c5cf8c70 JavaThread "Worker-2: Building"                [_thread_blocked, id=28992, stack(0x000000b885c00000,0x000000b885d00000) (1024K)]
  0x00000295c5cf9300 JavaThread "Worker-3"                          [_thread_blocked, id=27612, stack(0x000000b885d00000,0x000000b885e00000) (1024K)]
  0x00000295c5cf9990 JavaThread "Thread-2"                   daemon [_thread_in_native, id=19564, stack(0x000000b885e00000,0x000000b885f00000) (1024K)]
  0x00000295c5cfa6b0 JavaThread "Thread-3"                   daemon [_thread_in_native, id=4672, stack(0x000000b885f00000,0x000000b886000000) (1024K)]
  0x00000295c7ed9fd0 JavaThread "Thread-4"                   daemon [_thread_in_native, id=15584, stack(0x000000b886000000,0x000000b886100000) (1024K)]
  0x00000295c7ed9940 JavaThread "Thread-5"                   daemon [_thread_in_native, id=15008, stack(0x000000b886100000,0x000000b886200000) (1024K)]
  0x00000295c7eda660 JavaThread "Thread-6"                   daemon [_thread_in_native, id=2156, stack(0x000000b886200000,0x000000b886300000) (1024K)]
  0x00000295c7edacf0 JavaThread "Thread-7"                   daemon [_thread_in_native, id=22640, stack(0x000000b886300000,0x000000b886400000) (1024K)]
  0x00000295c7edba10 JavaThread "Thread-8"                   daemon [_thread_in_native, id=14188, stack(0x000000b886400000,0x000000b886500000) (1024K)]
  0x00000295c7edcdc0 JavaThread "Thread-9"                   daemon [_thread_in_native, id=19704, stack(0x000000b886500000,0x000000b886600000) (1024K)]
  0x00000295c7edc0a0 JavaThread "Thread-10"                  daemon [_thread_in_native, id=5228, stack(0x000000b886600000,0x000000b886700000) (1024K)]
  0x00000295c7edc730 JavaThread "Thread-11"                  daemon [_thread_in_native, id=25212, stack(0x000000b886700000,0x000000b886800000) (1024K)]
  0x00000295c7edb380 JavaThread "Thread-12"                  daemon [_thread_in_native, id=29136, stack(0x000000b886800000,0x000000b886900000) (1024K)]
  0x00000295c5d25a20 JavaThread "Thread-13"                  daemon [_thread_in_native, id=22444, stack(0x000000b886900000,0x000000b886a00000) (1024K)]
  0x00000295c5d21880 JavaThread "Thread-14"                  daemon [_thread_in_native, id=4060, stack(0x000000b886a00000,0x000000b886b00000) (1024K)]
  0x00000295c5d24670 JavaThread "Thread-15"                  daemon [_thread_in_native, id=24168, stack(0x000000b886b00000,0x000000b886c00000) (1024K)]
  0x00000295c5d26dd0 JavaThread "Thread-16"                  daemon [_thread_in_native, id=18464, stack(0x000000b886c00000,0x000000b886d00000) (1024K)]
  0x00000295c5d27af0 JavaThread "Thread-17"                  daemon [_thread_in_native, id=22824, stack(0x000000b886d00000,0x000000b886e00000) (1024K)]
  0x00000295c5d232c0 JavaThread "Thread-18"                  daemon [_thread_in_native, id=8580, stack(0x000000b886e00000,0x000000b886f00000) (1024K)]
  0x00000295c89b6f90 JavaThread "C2 CompilerThread4"         daemon [_thread_in_native, id=8888, stack(0x000000b886f00000,0x000000b887000000) (1024K)]
=>0x00000295c8a0ade0 JavaThread "C2 CompilerThread5"         daemon [_thread_in_native, id=20232, stack(0x000000b887000000,0x000000b887100000) (1024K)]
  0x00000295c885b870 JavaThread "C2 CompilerThread6"         daemon [_thread_in_native, id=22588, stack(0x000000b887100000,0x000000b887200000) (1024K)]
  0x00000295c5d23950 JavaThread "pool-2-thread-1"                   [_thread_blocked, id=26444, stack(0x000000b887300000,0x000000b887400000) (1024K)]
  0x00000295c5d22c30 JavaThread "WorkspaceEventsHandler"            [_thread_blocked, id=13988, stack(0x000000b887400000,0x000000b887500000) (1024K)]
  0x00000295c5d28ea0 JavaThread "pool-1-thread-1"                   [_thread_blocked, id=23692, stack(0x000000b887500000,0x000000b887600000) (1024K)]
  0x00000295c5d23fe0 JavaThread "Worker-4"                          [_thread_blocked, id=23836, stack(0x000000b887600000,0x000000b887700000) (1024K)]
  0x00000295c5d28810 JavaThread "LocalFile Deleter"          daemon [_thread_blocked, id=1748, stack(0x000000b887700000,0x000000b887800000) (1024K)]
  0x00000295c5d21f10 JavaThread "LocalFile Deleter"          daemon [_thread_blocked, id=15500, stack(0x000000b887800000,0x000000b887900000) (1024K)]
  0x00000295c89aedc0 JavaThread "LocalFile Deleter"          daemon [_thread_blocked, id=15884, stack(0x000000b887900000,0x000000b887a00000) (1024K)]
  0x00000295c89aac20 JavaThread "LocalFile Deleter"          daemon [_thread_blocked, id=28996, stack(0x000000b887a00000,0x000000b887b00000) (1024K)]
  0x00000295c89ab2b0 JavaThread "LocalFile Deleter"          daemon [_thread_blocked, id=27828, stack(0x000000b887b00000,0x000000b887c00000) (1024K)]
  0x00000295c89abfd0 JavaThread "LocalFile Deleter"          daemon [_thread_blocked, id=3684, stack(0x000000b887c00000,0x000000b887d00000) (1024K)]
  0x00000295c89b0800 JavaThread "LocalFile Deleter"          daemon [_thread_blocked, id=14708, stack(0x000000b887d00000,0x000000b887e00000) (1024K)]
  0x00000295c89ab940 JavaThread "LocalFile Deleter"          daemon [_thread_blocked, id=12540, stack(0x000000b887e00000,0x000000b887f00000) (1024K)]
  0x00000295c89afae0 JavaThread "LocalFile Deleter"          daemon [_thread_blocked, id=6716, stack(0x000000b887f00000,0x000000b888000000) (1024K)]
  0x00000295c89af450 JavaThread "LocalFile Deleter"          daemon [_thread_blocked, id=25172, stack(0x000000b888000000,0x000000b888100000) (1024K)]
  0x00000295c89ac660 JavaThread "Compiler Source File Reader" daemon [_thread_blocked, id=25356, stack(0x000000b888100000,0x000000b888200000) (1024K)]
  0x00000295c89b0e90 JavaThread "Compiler Source File Reader" daemon [_thread_blocked, id=24772, stack(0x000000b888200000,0x000000b888300000) (1024K)]
  0x00000295c89accf0 JavaThread "Compiler Source File Reader" daemon [_thread_blocked, id=24820, stack(0x000000b888300000,0x000000b888400000) (1024K)]
  0x00000295c89ae730 JavaThread "Compiler Source File Reader" daemon [_thread_blocked, id=13560, stack(0x000000b888400000,0x000000b888500000) (1024K)]
  0x00000295c89b1520 JavaThread "Compiler Source File Reader" daemon [_thread_blocked, id=11740, stack(0x000000b888500000,0x000000b888600000) (1024K)]
  0x00000295c89ae0a0 JavaThread "Compiler Source File Reader" daemon [_thread_blocked, id=4012, stack(0x000000b888600000,0x000000b888700000) (1024K)]
  0x00000295c89b1bb0 JavaThread "Compiler Source File Reader" daemon [_thread_blocked, id=22068, stack(0x000000b888700000,0x000000b888800000) (1024K)]
  0x00000295c89ad380 JavaThread "Compiler Source File Reader" daemon [_thread_blocked, id=29244, stack(0x000000b888800000,0x000000b888900000) (1024K)]
  0x00000295c89b0170 JavaThread "Compiler Source File Reader" daemon [_thread_blocked, id=11672, stack(0x000000b888900000,0x000000b888a00000) (1024K)]
  0x00000295c89b2240 JavaThread "Compiler Source File Reader" daemon [_thread_blocked, id=19924, stack(0x000000b888a00000,0x000000b888b00000) (1024K)]
  0x00000295c89ada10 JavaThread "Compiler Source File Reader" daemon [_thread_blocked, id=22980, stack(0x000000b888b00000,0x000000b888c00000) (1024K)]
  0x00000295caa05970 JavaThread "Compiler Source File Reader" daemon [_thread_blocked, id=9068, stack(0x000000b888c00000,0x000000b888d00000) (1024K)]
  0x00000295caa02b80 JavaThread "Compiler Source File Reader" daemon [_thread_blocked, id=27604, stack(0x000000b888d00000,0x000000b888e00000) (1024K)]
  0x00000295caa06000 JavaThread "Compiler Source File Reader" daemon [_thread_blocked, id=24932, stack(0x000000b888e00000,0x000000b888f00000) (1024K)]
  0x00000295caa07a40 JavaThread "Compiler Processing Task"   daemon [_thread_blocked, id=27684, stack(0x000000b885300000,0x000000b885400000) (1024K)]
  0x00000295caa06690 JavaThread "Compiler Class File Writer" daemon [_thread_blocked, id=22984, stack(0x000000b887200000,0x000000b887300000) (1024K)]
  0x00000295caa03210 JavaThread "Compiler Class File Writer" daemon [_thread_blocked, id=12044, stack(0x000000b888f00000,0x000000b889000000) (1024K)]
  0x00000295caa08df0 JavaThread "Compiler Class File Writer" daemon [_thread_blocked, id=2060, stack(0x000000b889000000,0x000000b889100000) (1024K)]
  0x00000295caa04c50 JavaThread "Compiler Class File Writer" daemon [_thread_blocked, id=9696, stack(0x000000b889100000,0x000000b889200000) (1024K)]
  0x00000295caa06d20 JavaThread "Compiler Class File Writer" daemon [_thread_blocked, id=6360, stack(0x000000b889200000,0x000000b889300000) (1024K)]
  0x00000295caa09480 JavaThread "Compiler Class File Writer" daemon [_thread_blocked, id=3040, stack(0x000000b889300000,0x000000b889400000) (1024K)]
Total: 85

Other Threads:
  0x00000295f9164b90 VMThread "VM Thread"                           [id=26568, stack(0x000000b883300000,0x000000b883400000) (1024K)]
  0x00000295f905ca00 WatcherThread "VM Periodic Task Thread"        [id=19472, stack(0x000000b883200000,0x000000b883300000) (1024K)]
  0x00000295e4dab9c0 WorkerThread "GC Thread#0"                     [id=24216, stack(0x000000b883100000,0x000000b883200000) (1024K)]
  0x00000295c5b69bf0 WorkerThread "GC Thread#1"                     [id=23168, stack(0x000000b884300000,0x000000b884400000) (1024K)]
  0x00000295c559e7f0 WorkerThread "GC Thread#2"                     [id=9960, stack(0x000000b884400000,0x000000b884500000) (1024K)]
  0x00000295c5980fb0 WorkerThread "GC Thread#3"                     [id=23352, stack(0x000000b884500000,0x000000b884600000) (1024K)]
  0x00000295c5981760 WorkerThread "GC Thread#4"                     [id=26980, stack(0x000000b884600000,0x000000b884700000) (1024K)]
  0x00000295c5981b00 WorkerThread "GC Thread#5"                     [id=11980, stack(0x000000b884700000,0x000000b884800000) (1024K)]
  0x00000295c59687e0 WorkerThread "GC Thread#6"                     [id=2224, stack(0x000000b884a00000,0x000000b884b00000) (1024K)]
  0x00000295c58e4a10 WorkerThread "GC Thread#7"                     [id=29048, stack(0x000000b884b00000,0x000000b884c00000) (1024K)]
  0x00000295c5967600 WorkerThread "GC Thread#8"                     [id=25476, stack(0x000000b885000000,0x000000b885100000) (1024K)]
  0x00000295c5955250 WorkerThread "GC Thread#9"                     [id=3432, stack(0x000000b885100000,0x000000b885200000) (1024K)]
  0x00000295c5954770 WorkerThread "GC Thread#10"                    [id=24700, stack(0x000000b885400000,0x000000b885500000) (1024K)]
  0x00000295c5955d30 WorkerThread "GC Thread#11"                    [id=24564, stack(0x000000b885500000,0x000000b885600000) (1024K)]
  0x00000295c59555f0 WorkerThread "GC Thread#12"                    [id=8856, stack(0x000000b885600000,0x000000b885700000) (1024K)]
Total: 15

Threads with active compile tasks:
C2 CompilerThread0  8053 10327 %     4       org.eclipse.jdt.internal.compiler.lookup.BinaryTypeBinding::createMethod @ 370 (1724 bytes)
C2 CompilerThread1  8067 10181       4       org.eclipse.jdt.internal.compiler.lookup.Scope::getTypeOrPackage (1787 bytes)
C1 CompilerThread3  8067 10472       3       org.eclipse.jdt.internal.compiler.lookup.SignatureWrapper::atEnd (23 bytes)
C2 CompilerThread2  8067 10311       4       org.eclipse.jdt.internal.compiler.parser.Parser::consumeRule (7755 bytes)
C2 CompilerThread3  8067 9320       4       lombok.eclipse.handlers.EclipseHandlerUtil::setGeneratedBy (10 bytes)
C2 CompilerThread4  8067 10452       4       org.eclipse.jdt.internal.compiler.parser.Scanner::internalScanIdentifierOrKeyword (4939 bytes)
C2 CompilerThread5  8067 10205   !   4       org.eclipse.jdt.internal.compiler.classfmt.ClassFileReader::<init> (2135 bytes)
C2 CompilerThread6  8067 9319   !   4       lombok.core.FieldAugment$ReflectionFieldAugment::getAndSet (80 bytes)
Total: 8

VM state: at safepoint (normal execution)

VM Mutex/Monitor currently owned by a thread:  ([mutex/lock_event])
[0x00007fff55e8e380] Threads_lock - owner thread: 0x00000295f9164b90
[0x00007fff55e8e480] Heap_lock - owner thread: 0x00000295caa07a40

Heap address: 0x00000000c0000000, size: 1024 MB, Compressed Oops mode: 32-bit

CDS archive(s) mapped at: [0x0000029580000000-0x0000029580ba0000-0x0000029580ba0000), size 12189696, SharedBaseAddress: 0x0000029580000000, ArchiveRelocationMode: 1.
Compressed class space mapped at: 0x0000029581000000-0x00000295c1000000, reserved size: 1073741824
Narrow klass base: 0x0000029580000000, Narrow klass shift: 0, Narrow klass range: 0x100000000

GC Precious Log:
 CardTable entry size: 512
 CPUs: 16 total, 16 available
 Memory: 15613M
 Large Page Support: Disabled
 NUMA Support: Disabled
 Compressed Oops: Enabled (32-bit)
 Alignments: Space 512K, Generation 512K, Heap 2M
 Heap Min Capacity: 100M
 Heap Initial Capacity: 100M
 Heap Max Capacity: 1G
 Pre-touch: Disabled
 Parallel Workers: 13

Heap:
 PSYoungGen      total 6144K, used 5829K [0x00000000eab00000, 0x00000000eb280000, 0x0000000100000000)
  eden space 4608K, 100% used [0x00000000eab00000,0x00000000eaf80000,0x00000000eaf80000)
  from space 1536K, 79% used [0x00000000eb100000,0x00000000eb2316b0,0x00000000eb280000)
  to   space 1536K, 86% used [0x00000000eaf80000,0x00000000eb0cdbc8,0x00000000eb100000)
 ParOldGen       total 252416K, used 252037K [0x00000000c0000000, 0x00000000cf680000, 0x00000000eab00000)
  object space 252416K, 99% used [0x00000000c0000000,0x00000000cf621460,0x00000000cf680000)
 Metaspace       used 58401K, committed 59712K, reserved 1114112K
  class space    used 5989K, committed 6592K, reserved 1048576K

Card table byte_map: [0x00000295e4750000,0x00000295e4960000] _byte_map_base: 0x00000295e4150000

Marking Bits: (ParMarkBitMap*) 0x00007fff55e93260
 Begin Bits: [0x00000295f6f80000, 0x00000295f7f80000)
 End Bits:   [0x00000295f7f80000, 0x00000295f8f80000)

Polling page: 0x00000295e2d90000

Metaspace:

Usage:
  Non-class:     51.18 MB used.
      Class:      5.85 MB used.
       Both:     57.03 MB used.

Virtual space:
  Non-class space:       64.00 MB reserved,      51.88 MB ( 81%) committed,  1 nodes.
      Class space:        1.00 GB reserved,       6.44 MB ( <1%) committed,  1 nodes.
             Both:        1.06 GB reserved,      58.31 MB (  5%) committed. 

Chunk freelists:
   Non-Class:  11.70 MB
       Class:  9.45 MB
        Both:  21.15 MB

MaxMetaspaceSize: unlimited
CompressedClassSpaceSize: 1.00 GB
Initial GC threshold: 21.00 MB
Current GC threshold: 58.38 MB
CDS: on
 - commit_granule_bytes: 65536.
 - commit_granule_words: 8192.
 - virtual_space_node_default_size: 8388608.
 - enlarge_chunks_in_place: 1.
 - use_allocation_guard: 0.


Internal statistics:

num_allocs_failed_limit: 6.
num_arena_births: 972.
num_arena_deaths: 14.
num_vsnodes_births: 2.
num_vsnodes_deaths: 0.
num_space_committed: 933.
num_space_uncommitted: 0.
num_chunks_returned_to_freelist: 20.
num_chunks_taken_from_freelist: 3551.
num_chunk_merges: 9.
num_chunk_splits: 2261.
num_chunks_enlarged: 1410.
num_inconsistent_stats: 0.

CodeHeap 'non-profiled nmethods': size=119168Kb used=7603Kb max_used=7603Kb free=111564Kb
 bounds [0x00000295efb20000, 0x00000295f0290000, 0x00000295f6f80000]
CodeHeap 'profiled nmethods': size=119104Kb used=22993Kb max_used=22993Kb free=96110Kb
 bounds [0x00000295e7f80000, 0x00000295e9600000, 0x00000295ef3d0000]
CodeHeap 'non-nmethods': size=7488Kb used=3108Kb max_used=3210Kb free=4380Kb
 bounds [0x00000295ef3d0000, 0x00000295ef700000, 0x00000295efb20000]
 total_blobs=10588 nmethods=9856 adapters=634
 compilation: enabled
              stopped_count=0, restarted_count=0
 full_count=0

Compilation events (20 events):
Event: 8.009 Thread 0x00000295fa85bce0 10390       1       org.eclipse.jdt.internal.compiler.lookup.MethodBinding::typeVariables (5 bytes)
Event: 8.009 Thread 0x00000295fa85bce0 nmethod 10390 0x00000295f0285910 code [0x00000295f0285aa0, 0x00000295f0285b68]
Event: 8.009 Thread 0x00000295faaf7790 10391       3       org.eclipse.jdt.internal.compiler.lookup.BinaryTypeBinding::typeVariables (81 bytes)
Event: 8.010 Thread 0x00000295faafcef0 10392       1       org.eclipse.jdt.internal.compiler.ast.Expression::isPolyExpression (2 bytes)
Event: 8.010 Thread 0x00000295faaf7790 nmethod 10391 0x00000295e95bd610 code [0x00000295e95bd800, 0x00000295e95bdd20]
Event: 8.010 Thread 0x00000295faafcef0 nmethod 10392 0x00000295f0285c10 code [0x00000295f0285da0, 0x00000295f0285e68]
Event: 8.010 Thread 0x00000295fa91b370 nmethod 10389 0x00000295e95bdf10 code [0x00000295e95be140, 0x00000295e95be988]
Event: 8.012 Thread 0x00000295fa91b370 10393       3       org.eclipse.jdt.internal.compiler.lookup.TypeBinding::isCompatibleWith (7 bytes)
Event: 8.013 Thread 0x00000295fa91b370 nmethod 10393 0x00000295e95bec90 code [0x00000295e95bee40, 0x00000295e95bf018]
Event: 8.013 Thread 0x00000295fa91b370 10394       3       org.eclipse.jdt.internal.compiler.lookup.CompilationUnitScope::recordTypeReferences (74 bytes)
Event: 8.013 Thread 0x00000295faaf7790 10395       3       org.eclipse.jdt.internal.compiler.lookup.ConstraintTypeFormula::reduce (752 bytes)
Event: 8.013 Thread 0x00000295faafcef0 10396       1       org.eclipse.jdt.internal.compiler.ast.Expression::isPertinentToApplicability (2 bytes)
Event: 8.013 Thread 0x00000295fa91b370 nmethod 10394 0x00000295e95bf110 code [0x00000295e95bf320, 0x00000295e95bfa08]
Event: 8.013 Thread 0x00000295faafcef0 nmethod 10396 0x00000295f0285f10 code [0x00000295f02860a0, 0x00000295f0286168]
Event: 8.014 Thread 0x00000295faafcef0 10397       3       org.eclipse.jdt.internal.compiler.lookup.TypeBinding::isPrimitiveType (35 bytes)
Event: 8.014 Thread 0x00000295faafcef0 nmethod 10397 0x00000295e95bfc90 code [0x00000295e95bfe40, 0x00000295e95c0020]
Event: 8.014 Thread 0x00000295fa85bce0 10398       3       org.eclipse.jdt.internal.compiler.lookup.InferenceSubstitution::isSameParameter (6 bytes)
Event: 8.014 Thread 0x00000295fa91b370 10399       3       org.eclipse.jdt.internal.compiler.lookup.TypeBound::hashCode (21 bytes)
Event: 8.014 Thread 0x00000295fa85bce0 nmethod 10398 0x00000295e95c0090 code [0x00000295e95c0240, 0x00000295e95c0380]
Event: 8.014 Thread 0x00000295fa91b370 nmethod 10399 0x00000295e95c0410 code [0x00000295e95c05e0, 0x00000295e95c0830]

GC Heap History (20 events):
Event: 7.869 GC heap before
{Heap before GC invocations=187 (full 2):
 PSYoungGen      total 6144K, used 5694K [0x00000000eab00000, 0x00000000eb280000, 0x0000000100000000)
  eden space 4608K, 100% used [0x00000000eab00000,0x00000000eaf80000,0x00000000eaf80000)
  from space 1536K, 70% used [0x00000000eb100000,0x00000000eb20fba8,0x00000000eb280000)
  to   space 1536K, 0% used [0x00000000eaf80000,0x00000000eaf80000,0x00000000eb100000)
 ParOldGen       total 239104K, used 238697K [0x00000000c0000000, 0x00000000ce980000, 0x00000000eab00000)
  object space 239104K, 99% used [0x00000000c0000000,0x00000000ce91a7c8,0x00000000ce980000)
 Metaspace       used 57831K, committed 59136K, reserved 1114112K
  class space    used 5928K, committed 6528K, reserved 1048576K
}
Event: 7.872 GC heap after
{Heap after GC invocations=187 (full 2):
 PSYoungGen      total 6144K, used 1184K [0x00000000eab00000, 0x00000000eb280000, 0x0000000100000000)
  eden space 4608K, 0% used [0x00000000eab00000,0x00000000eab00000,0x00000000eaf80000)
  from space 1536K, 77% used [0x00000000eaf80000,0x00000000eb0a8000,0x00000000eb100000)
  to   space 1536K, 0% used [0x00000000eb100000,0x00000000eb100000,0x00000000eb280000)
 ParOldGen       total 240128K, used 239639K [0x00000000c0000000, 0x00000000cea80000, 0x00000000eab00000)
  object space 240128K, 99% used [0x00000000c0000000,0x00000000cea05c58,0x00000000cea80000)
 Metaspace       used 57831K, committed 59136K, reserved 1114112K
  class space    used 5928K, committed 6528K, reserved 1048576K
}
Event: 7.885 GC heap before
{Heap before GC invocations=188 (full 2):
 PSYoungGen      total 6144K, used 5792K [0x00000000eab00000, 0x00000000eb280000, 0x0000000100000000)
  eden space 4608K, 100% used [0x00000000eab00000,0x00000000eaf80000,0x00000000eaf80000)
  from space 1536K, 77% used [0x00000000eaf80000,0x00000000eb0a8000,0x00000000eb100000)
  to   space 1536K, 0% used [0x00000000eb100000,0x00000000eb100000,0x00000000eb280000)
 ParOldGen       total 240128K, used 239639K [0x00000000c0000000, 0x00000000cea80000, 0x00000000eab00000)
  object space 240128K, 99% used [0x00000000c0000000,0x00000000cea05c58,0x00000000cea80000)
 Metaspace       used 57883K, committed 59200K, reserved 1114112K
  class space    used 5935K, committed 6528K, reserved 1048576K
}
Event: 7.887 GC heap after
{Heap after GC invocations=188 (full 2):
 PSYoungGen      total 6144K, used 1152K [0x00000000eab00000, 0x00000000eb280000, 0x0000000100000000)
  eden space 4608K, 0% used [0x00000000eab00000,0x00000000eab00000,0x00000000eaf80000)
  from space 1536K, 75% used [0x00000000eb100000,0x00000000eb220000,0x00000000eb280000)
  to   space 1536K, 0% used [0x00000000eaf80000,0x00000000eaf80000,0x00000000eb100000)
 ParOldGen       total 240640K, used 240608K [0x00000000c0000000, 0x00000000ceb00000, 0x00000000eab00000)
  object space 240640K, 99% used [0x00000000c0000000,0x00000000ceaf8178,0x00000000ceb00000)
 Metaspace       used 57883K, committed 59200K, reserved 1114112K
  class space    used 5935K, committed 6528K, reserved 1048576K
}
Event: 7.900 GC heap before
{Heap before GC invocations=189 (full 2):
 PSYoungGen      total 6144K, used 5760K [0x00000000eab00000, 0x00000000eb280000, 0x0000000100000000)
  eden space 4608K, 100% used [0x00000000eab00000,0x00000000eaf80000,0x00000000eaf80000)
  from space 1536K, 75% used [0x00000000eb100000,0x00000000eb220000,0x00000000eb280000)
  to   space 1536K, 0% used [0x00000000eaf80000,0x00000000eaf80000,0x00000000eb100000)
 ParOldGen       total 240640K, used 240608K [0x00000000c0000000, 0x00000000ceb00000, 0x00000000eab00000)
  object space 240640K, 99% used [0x00000000c0000000,0x00000000ceaf8178,0x00000000ceb00000)
 Metaspace       used 57930K, committed 59264K, reserved 1114112K
  class space    used 5947K, committed 6592K, reserved 1048576K
}
Event: 7.902 GC heap after
{Heap after GC invocations=189 (full 2):
 PSYoungGen      total 6144K, used 1456K [0x00000000eab00000, 0x00000000eb280000, 0x0000000100000000)
  eden space 4608K, 0% used [0x00000000eab00000,0x00000000eab00000,0x00000000eaf80000)
  from space 1536K, 94% used [0x00000000eaf80000,0x00000000eb0ec010,0x00000000eb100000)
  to   space 1536K, 0% used [0x00000000eb100000,0x00000000eb100000,0x00000000eb280000)
 ParOldGen       total 241664K, used 241585K [0x00000000c0000000, 0x00000000cec00000, 0x00000000eab00000)
  object space 241664K, 99% used [0x00000000c0000000,0x00000000cebec508,0x00000000cec00000)
 Metaspace       used 57930K, committed 59264K, reserved 1114112K
  class space    used 5947K, committed 6592K, reserved 1048576K
}
Event: 7.910 GC heap before
{Heap before GC invocations=190 (full 2):
 PSYoungGen      total 6144K, used 6064K [0x00000000eab00000, 0x00000000eb280000, 0x0000000100000000)
  eden space 4608K, 99% used [0x00000000eab00000,0x00000000eaf7fff0,0x00000000eaf80000)
  from space 1536K, 94% used [0x00000000eaf80000,0x00000000eb0ec010,0x00000000eb100000)
  to   space 1536K, 0% used [0x00000000eb100000,0x00000000eb100000,0x00000000eb280000)
 ParOldGen       total 241664K, used 241585K [0x00000000c0000000, 0x00000000cec00000, 0x00000000eab00000)
  object space 241664K, 99% used [0x00000000c0000000,0x00000000cebec508,0x00000000cec00000)
 Metaspace       used 57939K, committed 59264K, reserved 1114112K
  class space    used 5948K, committed 6592K, reserved 1048576K
}
Event: 7.912 GC heap after
{Heap after GC invocations=190 (full 2):
 PSYoungGen      total 6144K, used 1137K [0x00000000eab00000, 0x00000000eb280000, 0x0000000100000000)
  eden space 4608K, 0% used [0x00000000eab00000,0x00000000eab00000,0x00000000eaf80000)
  from space 1536K, 74% used [0x00000000eb100000,0x00000000eb21c580,0x00000000eb280000)
  to   space 1536K, 0% used [0x00000000eaf80000,0x00000000eaf80000,0x00000000eb100000)
 ParOldGen       total 243200K, used 242849K [0x00000000c0000000, 0x00000000ced80000, 0x00000000eab00000)
  object space 243200K, 99% used [0x00000000c0000000,0x00000000ced287d0,0x00000000ced80000)
 Metaspace       used 57939K, committed 59264K, reserved 1114112K
  class space    used 5948K, committed 6592K, reserved 1048576K
}
Event: 7.922 GC heap before
{Heap before GC invocations=191 (full 2):
 PSYoungGen      total 6144K, used 5745K [0x00000000eab00000, 0x00000000eb280000, 0x0000000100000000)
  eden space 4608K, 100% used [0x00000000eab00000,0x00000000eaf80000,0x00000000eaf80000)
  from space 1536K, 74% used [0x00000000eb100000,0x00000000eb21c580,0x00000000eb280000)
  to   space 1536K, 0% used [0x00000000eaf80000,0x00000000eaf80000,0x00000000eb100000)
 ParOldGen       total 243200K, used 242849K [0x00000000c0000000, 0x00000000ced80000, 0x00000000eab00000)
  object space 243200K, 99% used [0x00000000c0000000,0x00000000ced287d0,0x00000000ced80000)
 Metaspace       used 58027K, committed 59392K, reserved 1114112K
  class space    used 5954K, committed 6592K, reserved 1048576K
}
Event: 7.924 GC heap after
{Heap after GC invocations=191 (full 2):
 PSYoungGen      total 6144K, used 1180K [0x00000000eab00000, 0x00000000eb280000, 0x0000000100000000)
  eden space 4608K, 0% used [0x00000000eab00000,0x00000000eab00000,0x00000000eaf80000)
  from space 1536K, 76% used [0x00000000eaf80000,0x00000000eb0a70f8,0x00000000eb100000)
  to   space 1536K, 0% used [0x00000000eb100000,0x00000000eb100000,0x00000000eb280000)
 ParOldGen       total 244224K, used 243842K [0x00000000c0000000, 0x00000000cee80000, 0x00000000eab00000)
  object space 244224K, 99% used [0x00000000c0000000,0x00000000cee20b40,0x00000000cee80000)
 Metaspace       used 58027K, committed 59392K, reserved 1114112K
  class space    used 5954K, committed 6592K, reserved 1048576K
}
Event: 7.935 GC heap before
{Heap before GC invocations=192 (full 2):
 PSYoungGen      total 6144K, used 5788K [0x00000000eab00000, 0x00000000eb280000, 0x0000000100000000)
  eden space 4608K, 100% used [0x00000000eab00000,0x00000000eaf80000,0x00000000eaf80000)
  from space 1536K, 76% used [0x00000000eaf80000,0x00000000eb0a70f8,0x00000000eb100000)
  to   space 1536K, 0% used [0x00000000eb100000,0x00000000eb100000,0x00000000eb280000)
 ParOldGen       total 244224K, used 243842K [0x00000000c0000000, 0x00000000cee80000, 0x00000000eab00000)
  object space 244224K, 99% used [0x00000000c0000000,0x00000000cee20b40,0x00000000cee80000)
 Metaspace       used 58071K, committed 59392K, reserved 1114112K
  class space    used 5962K, committed 6592K, reserved 1048576K
}
Event: 7.937 GC heap after
{Heap after GC invocations=192 (full 2):
 PSYoungGen      total 6144K, used 1299K [0x00000000eab00000, 0x00000000eb280000, 0x0000000100000000)
  eden space 4608K, 0% used [0x00000000eab00000,0x00000000eab00000,0x00000000eaf80000)
  from space 1536K, 84% used [0x00000000eb100000,0x00000000eb244e58,0x00000000eb280000)
  to   space 1536K, 0% used [0x00000000eaf80000,0x00000000eaf80000,0x00000000eb100000)
 ParOldGen       total 245248K, used 244784K [0x00000000c0000000, 0x00000000cef80000, 0x00000000eab00000)
  object space 245248K, 99% used [0x00000000c0000000,0x00000000cef0c028,0x00000000cef80000)
 Metaspace       used 58071K, committed 59392K, reserved 1114112K
  class space    used 5962K, committed 6592K, reserved 1048576K
}
Event: 7.950 GC heap before
{Heap before GC invocations=193 (full 2):
 PSYoungGen      total 6144K, used 5907K [0x00000000eab00000, 0x00000000eb280000, 0x0000000100000000)
  eden space 4608K, 100% used [0x00000000eab00000,0x00000000eaf80000,0x00000000eaf80000)
  from space 1536K, 84% used [0x00000000eb100000,0x00000000eb244e58,0x00000000eb280000)
  to   space 1536K, 0% used [0x00000000eaf80000,0x00000000eaf80000,0x00000000eb100000)
 ParOldGen       total 245248K, used 244784K [0x00000000c0000000, 0x00000000cef80000, 0x00000000eab00000)
  object space 245248K, 99% used [0x00000000c0000000,0x00000000cef0c028,0x00000000cef80000)
 Metaspace       used 58160K, committed 59520K, reserved 1114112K
  class space    used 5973K, committed 6592K, reserved 1048576K
}
Event: 7.951 GC heap after
{Heap after GC invocations=193 (full 2):
 PSYoungGen      total 6144K, used 1178K [0x00000000eab00000, 0x00000000eb280000, 0x0000000100000000)
  eden space 4608K, 0% used [0x00000000eab00000,0x00000000eab00000,0x00000000eaf80000)
  from space 1536K, 76% used [0x00000000eaf80000,0x00000000eb0a6aa0,0x00000000eb100000)
  to   space 1536K, 0% used [0x00000000eb100000,0x00000000eb100000,0x00000000eb280000)
 ParOldGen       total 246272K, used 245867K [0x00000000c0000000, 0x00000000cf080000, 0x00000000eab00000)
  object space 246272K, 99% used [0x00000000c0000000,0x00000000cf01ae20,0x00000000cf080000)
 Metaspace       used 58160K, committed 59520K, reserved 1114112K
  class space    used 5973K, committed 6592K, reserved 1048576K
}
Event: 7.963 GC heap before
{Heap before GC invocations=194 (full 2):
 PSYoungGen      total 6144K, used 5786K [0x00000000eab00000, 0x00000000eb280000, 0x0000000100000000)
  eden space 4608K, 100% used [0x00000000eab00000,0x00000000eaf80000,0x00000000eaf80000)
  from space 1536K, 76% used [0x00000000eaf80000,0x00000000eb0a6aa0,0x00000000eb100000)
  to   space 1536K, 0% used [0x00000000eb100000,0x00000000eb100000,0x00000000eb280000)
 ParOldGen       total 246272K, used 245867K [0x00000000c0000000, 0x00000000cf080000, 0x00000000eab00000)
  object space 246272K, 99% used [0x00000000c0000000,0x00000000cf01ae20,0x00000000cf080000)
 Metaspace       used 58216K, committed 59520K, reserved 1114112K
  class space    used 5976K, committed 6592K, reserved 1048576K
}
Event: 7.964 GC heap after
{Heap after GC invocations=194 (full 2):
 PSYoungGen      total 6144K, used 1266K [0x00000000eab00000, 0x00000000eb280000, 0x0000000100000000)
  eden space 4608K, 0% used [0x00000000eab00000,0x00000000eab00000,0x00000000eaf80000)
  from space 1536K, 82% used [0x00000000eb100000,0x00000000eb23c800,0x00000000eb280000)
  to   space 1536K, 0% used [0x00000000eaf80000,0x00000000eaf80000,0x00000000eb100000)
 ParOldGen       total 247296K, used 246889K [0x00000000c0000000, 0x00000000cf180000, 0x00000000eab00000)
  object space 247296K, 99% used [0x00000000c0000000,0x00000000cf11a6a0,0x00000000cf180000)
 Metaspace       used 58216K, committed 59520K, reserved 1114112K
  class space    used 5976K, committed 6592K, reserved 1048576K
}
Event: 7.978 GC heap before
{Heap before GC invocations=195 (full 2):
 PSYoungGen      total 6144K, used 5874K [0x00000000eab00000, 0x00000000eb280000, 0x0000000100000000)
  eden space 4608K, 100% used [0x00000000eab00000,0x00000000eaf80000,0x00000000eaf80000)
  from space 1536K, 82% used [0x00000000eb100000,0x00000000eb23c800,0x00000000eb280000)
  to   space 1536K, 0% used [0x00000000eaf80000,0x00000000eaf80000,0x00000000eb100000)
 ParOldGen       total 247296K, used 246889K [0x00000000c0000000, 0x00000000cf180000, 0x00000000eab00000)
  object space 247296K, 99% used [0x00000000c0000000,0x00000000cf11a6a0,0x00000000cf180000)
 Metaspace       used 58227K, committed 59584K, reserved 1114112K
  class space    used 5977K, committed 6592K, reserved 1048576K
}
Event: 7.980 GC heap after
{Heap after GC invocations=195 (full 2):
 PSYoungGen      total 6144K, used 1444K [0x00000000eab00000, 0x00000000eb280000, 0x0000000100000000)
  eden space 4608K, 0% used [0x00000000eab00000,0x00000000eab00000,0x00000000eaf80000)
  from space 1536K, 94% used [0x00000000eaf80000,0x00000000eb0e9060,0x00000000eb100000)
  to   space 1536K, 0% used [0x00000000eb100000,0x00000000eb100000,0x00000000eb280000)
 ParOldGen       total 248320K, used 247934K [0x00000000c0000000, 0x00000000cf280000, 0x00000000eab00000)
  object space 248320K, 99% used [0x00000000c0000000,0x00000000cf21fa80,0x00000000cf280000)
 Metaspace       used 58227K, committed 59584K, reserved 1114112K
  class space    used 5977K, committed 6592K, reserved 1048576K
}
Event: 8.000 GC heap before
{Heap before GC invocations=196 (full 2):
 PSYoungGen      total 6144K, used 6052K [0x00000000eab00000, 0x00000000eb280000, 0x0000000100000000)
  eden space 4608K, 100% used [0x00000000eab00000,0x00000000eaf80000,0x00000000eaf80000)
  from space 1536K, 94% used [0x00000000eaf80000,0x00000000eb0e9060,0x00000000eb100000)
  to   space 1536K, 0% used [0x00000000eb100000,0x00000000eb100000,0x00000000eb280000)
 ParOldGen       total 248320K, used 247934K [0x00000000c0000000, 0x00000000cf280000, 0x00000000eab00000)
  object space 248320K, 99% used [0x00000000c0000000,0x00000000cf21fa80,0x00000000cf280000)
 Metaspace       used 58272K, committed 59584K, reserved 1114112K
  class space    used 5982K, committed 6592K, reserved 1048576K
}
Event: 8.003 GC heap after
{Heap after GC invocations=196 (full 2):
 PSYoungGen      total 6144K, used 1191K [0x00000000eab00000, 0x00000000eb280000, 0x0000000100000000)
  eden space 4608K, 0% used [0x00000000eab00000,0x00000000eab00000,0x00000000eaf80000)
  from space 1536K, 77% used [0x00000000eb100000,0x00000000eb229ec0,0x00000000eb280000)
  to   space 1536K, 0% used [0x00000000eaf80000,0x00000000eaf80000,0x00000000eb100000)
 ParOldGen       total 249344K, used 249039K [0x00000000c0000000, 0x00000000cf380000, 0x00000000eab00000)
  object space 249344K, 99% used [0x00000000c0000000,0x00000000cf333f80,0x00000000cf380000)
 Metaspace       used 58272K, committed 59584K, reserved 1114112K
  class space    used 5982K, committed 6592K, reserved 1048576K
}

Dll operation events (10 events):
Event: 0.009 Loaded shared library c:\Users\ASUS\.vscode\extensions\redhat.java-1.40.0-win32-x64\jre\21.0.6-win32-x86_64\bin\java.dll
Event: 0.060 Loaded shared library c:\Users\ASUS\.vscode\extensions\redhat.java-1.40.0-win32-x64\jre\21.0.6-win32-x86_64\bin\zip.dll
Event: 0.074 Loaded shared library C:\Users\ASUS\.vscode\extensions\redhat.java-1.40.0-win32-x64\jre\21.0.6-win32-x86_64\bin\instrument.dll
Event: 0.078 Loaded shared library C:\Users\ASUS\.vscode\extensions\redhat.java-1.40.0-win32-x64\jre\21.0.6-win32-x86_64\bin\net.dll
Event: 0.082 Loaded shared library C:\Users\ASUS\.vscode\extensions\redhat.java-1.40.0-win32-x64\jre\21.0.6-win32-x86_64\bin\nio.dll
Event: 0.084 Loaded shared library C:\Users\ASUS\.vscode\extensions\redhat.java-1.40.0-win32-x64\jre\21.0.6-win32-x86_64\bin\zip.dll
Event: 0.097 Loaded shared library C:\Users\ASUS\.vscode\extensions\redhat.java-1.40.0-win32-x64\jre\21.0.6-win32-x86_64\bin\jimage.dll
Event: 0.155 Loaded shared library c:\Users\ASUS\.vscode\extensions\redhat.java-1.40.0-win32-x64\jre\21.0.6-win32-x86_64\bin\verify.dll
Event: 0.781 Loaded shared library C:\Users\ASUS\AppData\Roaming\Code\User\globalStorage\redhat.java\1.40.0\config_win\org.eclipse.equinox.launcher\org.eclipse.equinox.launcher.win32.win32.x86_64_1.2.1200.v20250212-0927\eclipse_11909.dll
Event: 1.747 Loaded shared library C:\Users\ASUS\AppData\Local\Temp\jna-2018896\jna3950522784304196381.dll

Deoptimization events (20 events):
Event: 7.959 Thread 0x00000295caa07a40 Uncommon trap: trap_request=0xffffffc6 fr.pc=0x00000295f0269e30 relative=0x0000000000000370
Event: 7.959 Thread 0x00000295caa07a40 Uncommon trap: reason=bimorphic_or_optimized_type_check action=maybe_recompile pc=0x00000295f0269e30 method=lombok.eclipse.EclipseNode.traverse(Llombok/eclipse/EclipseASTVisitor;)V @ 591 c2
Event: 7.959 Thread 0x00000295caa07a40 DEOPT PACKING pc=0x00000295f0269e30 sp=0x000000b8853fe8c0
Event: 7.959 Thread 0x00000295caa07a40 DEOPT UNPACKING pc=0x00000295ef423aa2 sp=0x000000b8853fe848 mode 2
Event: 7.965 Thread 0x00000295caa07a40 DEOPT PACKING pc=0x00000295e9524eaa sp=0x000000b8853fde90
Event: 7.965 Thread 0x00000295caa07a40 DEOPT UNPACKING pc=0x00000295ef424242 sp=0x000000b8853fd418 mode 0
Event: 7.972 Thread 0x00000295c5cfa020 DEOPT PACKING pc=0x00000295e9524eaa sp=0x000000b885bfeeb0
Event: 7.972 Thread 0x00000295c5cfa020 DEOPT UNPACKING pc=0x00000295ef424242 sp=0x000000b885bfe438 mode 0
Event: 7.983 Thread 0x00000295c5cfa020 DEOPT PACKING pc=0x00000295e9524eaa sp=0x000000b885bfeeb0
Event: 7.983 Thread 0x00000295c5cfa020 DEOPT UNPACKING pc=0x00000295ef424242 sp=0x000000b885bfe438 mode 0
Event: 7.985 Thread 0x00000295caa07a40 Uncommon trap: trap_request=0xffffff6e fr.pc=0x00000295f02612fc relative=0x000000000000015c
Event: 7.985 Thread 0x00000295caa07a40 Uncommon trap: reason=loop_limit_check action=maybe_recompile pc=0x00000295f02612fc method=org.eclipse.jdt.internal.compiler.lookup.ReferenceBinding.compare([C[CII)I @ 46 c2
Event: 7.985 Thread 0x00000295caa07a40 DEOPT PACKING pc=0x00000295f02612fc sp=0x000000b8853fe820
Event: 7.985 Thread 0x00000295caa07a40 DEOPT UNPACKING pc=0x00000295ef423aa2 sp=0x000000b8853fe790 mode 2
Event: 7.993 Thread 0x00000295c5cfa020 DEOPT PACKING pc=0x00000295e9524eaa sp=0x000000b885bfeeb0
Event: 7.993 Thread 0x00000295c5cfa020 DEOPT UNPACKING pc=0x00000295ef424242 sp=0x000000b885bfe438 mode 0
Event: 8.005 Thread 0x00000295c5cfa020 DEOPT PACKING pc=0x00000295e9524eaa sp=0x000000b885bfeeb0
Event: 8.005 Thread 0x00000295c5cfa020 DEOPT UNPACKING pc=0x00000295ef424242 sp=0x000000b885bfe438 mode 0
Event: 8.012 Thread 0x00000295c5cfa020 DEOPT PACKING pc=0x00000295e9524eaa sp=0x000000b885bfeeb0
Event: 8.012 Thread 0x00000295c5cfa020 DEOPT UNPACKING pc=0x00000295ef424242 sp=0x000000b885bfe438 mode 0

Classes loaded (20 events):
Event: 7.844 Loading class sun/nio/ch/ChannelOutputStream
Event: 7.844 Loading class sun/nio/ch/ChannelOutputStream done
Event: 7.946 Loading class java/util/stream/ReferencePipeline$4
Event: 7.947 Loading class java/util/stream/IntPipeline$StatelessOp
Event: 7.947 Loading class java/util/stream/IntPipeline
Event: 7.947 Loading class java/util/stream/IntStream
Event: 7.947 Loading class java/util/stream/IntStream done
Event: 7.947 Loading class java/util/stream/IntPipeline done
Event: 7.947 Loading class java/util/stream/IntPipeline$StatelessOp done
Event: 7.947 Loading class java/util/stream/ReferencePipeline$4 done
Event: 7.948 Loading class java/util/stream/Nodes$IntFixedNodeBuilder
Event: 7.949 Loading class java/util/stream/Node$Builder$OfInt
Event: 7.949 Loading class java/util/stream/Sink$OfInt
Event: 7.949 Loading class java/util/stream/Sink$OfInt done
Event: 7.949 Loading class java/util/stream/Node$Builder$OfInt done
Event: 7.949 Loading class java/util/stream/Nodes$IntArrayNode
Event: 7.949 Loading class java/util/stream/Nodes$IntArrayNode done
Event: 7.949 Loading class java/util/stream/Nodes$IntFixedNodeBuilder done
Event: 7.949 Loading class java/util/stream/ReferencePipeline$4$1
Event: 7.949 Loading class java/util/stream/ReferencePipeline$4$1 done

Classes unloaded (7 events):
Event: 2.097 Thread 0x00000295f9164b90 Unloading class 0x000002958119cc00 'java/lang/invoke/LambdaForm$MH+0x000002958119cc00'
Event: 2.097 Thread 0x00000295f9164b90 Unloading class 0x000002958119c800 'java/lang/invoke/LambdaForm$MH+0x000002958119c800'
Event: 2.097 Thread 0x00000295f9164b90 Unloading class 0x000002958119c400 'java/lang/invoke/LambdaForm$MH+0x000002958119c400'
Event: 2.097 Thread 0x00000295f9164b90 Unloading class 0x000002958119c000 'java/lang/invoke/LambdaForm$MH+0x000002958119c000'
Event: 2.097 Thread 0x00000295f9164b90 Unloading class 0x000002958119bc00 'java/lang/invoke/LambdaForm$BMH+0x000002958119bc00'
Event: 2.097 Thread 0x00000295f9164b90 Unloading class 0x000002958119b800 'java/lang/invoke/LambdaForm$DMH+0x000002958119b800'
Event: 2.097 Thread 0x00000295f9164b90 Unloading class 0x000002958119a400 'java/lang/invoke/LambdaForm$DMH+0x000002958119a400'

Classes redefined (0 events):
No events

Internal exceptions (20 events):
Event: 5.284 Thread 0x00000295c5cf8c70 Exception <a 'java/io/FileNotFoundException'{0x00000000eb645b50}> (0x00000000eb645b50) 
thrown [s\src\hotspot\share\prims\jni.cpp, line 520]
Event: 5.285 Thread 0x00000295c5cf8c70 Exception <a 'java/io/FileNotFoundException'{0x00000000eb71b128}> (0x00000000eb71b128) 
thrown [s\src\hotspot\share\prims\jni.cpp, line 520]
Event: 5.289 Thread 0x00000295c5cf8c70 Exception <a 'java/io/FileNotFoundException'{0x00000000eb771d20}> (0x00000000eb771d20) 
thrown [s\src\hotspot\share\prims\jni.cpp, line 520]
Event: 5.289 Thread 0x00000295c5cf8c70 Exception <a 'java/io/FileNotFoundException'{0x00000000eb772fd8}> (0x00000000eb772fd8) 
thrown [s\src\hotspot\share\prims\jni.cpp, line 520]
Event: 5.290 Thread 0x00000295c5cf8c70 Exception <a 'java/io/FileNotFoundException'{0x00000000eb773fe8}> (0x00000000eb773fe8) 
thrown [s\src\hotspot\share\prims\jni.cpp, line 520]
Event: 5.668 Thread 0x00000295c5cf8c70 Exception <a 'sun/nio/fs/WindowsException'{0x00000000eac25530}> (0x00000000eac25530) 
thrown [s\src\hotspot\share\prims\jni.cpp, line 520]
Event: 5.671 Thread 0x00000295c5d28810 Exception <a 'sun/nio/fs/WindowsException'{0x00000000eadbfb68}> (0x00000000eadbfb68) 
thrown [s\src\hotspot\share\prims\jni.cpp, line 520]
Event: 5.671 Thread 0x00000295c5d21f10 Exception <a 'sun/nio/fs/WindowsException'{0x00000000eae44620}> (0x00000000eae44620) 
thrown [s\src\hotspot\share\prims\jni.cpp, line 520]
Event: 5.682 Thread 0x00000295c5cf8c70 Exception <a 'sun/nio/fs/WindowsException'{0x00000000eb18ae50}> (0x00000000eb18ae50) 
thrown [s\src\hotspot\share\prims\jni.cpp, line 520]
Event: 5.686 Thread 0x00000295c5cf8c70 Exception <a 'sun/nio/fs/WindowsException'{0x00000000eb2c38f0}> (0x00000000eb2c38f0) 
thrown [s\src\hotspot\share\prims\jni.cpp, line 520]
Event: 5.927 Thread 0x00000295c5cfa020 Implicit null exception at 0x00000295f007ea50 to 0x00000295f0082cf0
Event: 7.092 Thread 0x00000295c5cf8c70 Exception <a 'java/lang/NoSuchMethodError'{0x00000000eab911f8}: 'java.lang.Object java.lang.invoke.DirectMethodHandle$Holder.invokeStatic(java.lang.Object, java.lang.Object, int, int)'> (0x00000000eab911f8) 
thrown [s\src\hotspot\share\interpreter\linkResolver.cpp, line 773]
Event: 7.093 Thread 0x00000295c5cf8c70 Exception <a 'java/lang/NoSuchMethodError'{0x00000000eaba7ac8}: 'java.lang.Object java.lang.invoke.DirectMethodHandle$Holder.invokeSpecial(java.lang.Object, java.lang.Object, java.lang.Object, int, int)'> (0x00000000eaba7ac8) 
thrown [s\src\hotspot\share\interpreter\linkResolver.cpp, line 773]
Event: 7.186 Thread 0x00000295c5cf8c70 Implicit null exception at 0x00000295f017d9a3 to 0x00000295f017dd08
Event: 7.210 Thread 0x00000295c5cf8c70 Exception <a 'java/lang/NoSuchMethodError'{0x00000000eafc0d50}: 'int java.lang.invoke.DirectMethodHandle$Holder.invokeSpecialIFC(java.lang.Object, java.lang.Object, java.lang.Object)'> (0x00000000eafc0d50) 
thrown [s\src\hotspot\share\interpreter\linkResolver.cpp, line 773]
Event: 7.221 Thread 0x00000295c5cf8c70 Implicit null exception at 0x00000295f009e363 to 0x00000295f009e9a0
Event: 7.376 Thread 0x00000295c5cf8c70 Implicit null exception at 0x00000295efeec0d7 to 0x00000295efeec112
Event: 7.782 Thread 0x00000295caa07a40 Exception <a 'java/lang/NoSuchMethodError'{0x00000000eabb1a80}: 'void java.lang.invoke.DirectMethodHandle$Holder.invokeStatic(java.lang.Object, int, java.lang.Object)'> (0x00000000eabb1a80) 
thrown [s\src\hotspot\share\interpreter\linkResolver.cpp, line 773]
Event: 7.832 Thread 0x00000295c5cf8c70 Exception <a 'java/lang/NoSuchMethodError'{0x00000000eab7db18}: 'java.lang.Object java.lang.invoke.DirectMethodHandle$Holder.newInvokeSpecial(java.lang.Object, java.lang.Object, int, int, java.lang.Object)'> (0x00000000eab7db18) 
thrown [s\src\hotspot\share\interpreter\linkResolver.cpp, line 773]
Event: 7.903 Thread 0x00000295caa07a40 Implicit null exception at 0x00000295f016ae47 to 0x00000295f016b514

ZGC Phase Switch (0 events):
No events

VM Operations (20 events):
Event: 7.885 Executing VM operation: ParallelGCFailedAllocation (Allocation Failure)
Event: 7.888 Executing VM operation: ParallelGCFailedAllocation (Allocation Failure) done
Event: 7.900 Executing VM operation: ParallelGCFailedAllocation (Allocation Failure)
Event: 7.902 Executing VM operation: ParallelGCFailedAllocation (Allocation Failure) done
Event: 7.910 Executing VM operation: ParallelGCFailedAllocation (Allocation Failure)
Event: 7.912 Executing VM operation: ParallelGCFailedAllocation (Allocation Failure) done
Event: 7.922 Executing VM operation: ParallelGCFailedAllocation (Allocation Failure)
Event: 7.924 Executing VM operation: ParallelGCFailedAllocation (Allocation Failure) done
Event: 7.935 Executing VM operation: ParallelGCFailedAllocation (Allocation Failure)
Event: 7.938 Executing VM operation: ParallelGCFailedAllocation (Allocation Failure) done
Event: 7.950 Executing VM operation: ParallelGCFailedAllocation (Allocation Failure)
Event: 7.952 Executing VM operation: ParallelGCFailedAllocation (Allocation Failure) done
Event: 7.963 Executing VM operation: ParallelGCFailedAllocation (Allocation Failure)
Event: 7.964 Executing VM operation: ParallelGCFailedAllocation (Allocation Failure) done
Event: 7.978 Executing VM operation: ParallelGCFailedAllocation (Allocation Failure)
Event: 7.980 Executing VM operation: ParallelGCFailedAllocation (Allocation Failure) done
Event: 8.000 Executing VM operation: ParallelGCFailedAllocation (Allocation Failure)
Event: 8.003 Executing VM operation: ParallelGCFailedAllocation (Allocation Failure) done
Event: 8.007 Executing VM operation: HandshakeAllThreads (Deoptimize)
Event: 8.007 Executing VM operation: HandshakeAllThreads (Deoptimize) done

Memory protections (0 events):
No events

Nmethod flushes (20 events):
Event: 3.100 Thread 0x00000295f9164b90 flushing  nmethod 0x00000295e867db10
Event: 3.100 Thread 0x00000295f9164b90 flushing  nmethod 0x00000295e86a0d90
Event: 3.100 Thread 0x00000295f9164b90 flushing  nmethod 0x00000295e86a1190
Event: 3.100 Thread 0x00000295f9164b90 flushing  nmethod 0x00000295e86a1a90
Event: 3.100 Thread 0x00000295f9164b90 flushing  nmethod 0x00000295e86a2c90
Event: 3.100 Thread 0x00000295f9164b90 flushing  nmethod 0x00000295e86a3490
Event: 3.100 Thread 0x00000295f9164b90 flushing  nmethod 0x00000295e86a5190
Event: 3.100 Thread 0x00000295f9164b90 flushing  nmethod 0x00000295e86a5690
Event: 3.100 Thread 0x00000295f9164b90 flushing  nmethod 0x00000295e86a5f90
Event: 3.100 Thread 0x00000295f9164b90 flushing  nmethod 0x00000295e86a6810
Event: 3.100 Thread 0x00000295f9164b90 flushing  nmethod 0x00000295e86a7390
Event: 3.100 Thread 0x00000295f9164b90 flushing  nmethod 0x00000295e86a8890
Event: 3.100 Thread 0x00000295f9164b90 flushing  nmethod 0x00000295e86a9790
Event: 3.100 Thread 0x00000295f9164b90 flushing  nmethod 0x00000295e86aa890
Event: 3.100 Thread 0x00000295f9164b90 flushing  nmethod 0x00000295e86af090
Event: 3.100 Thread 0x00000295f9164b90 flushing  nmethod 0x00000295e86e9f10
Event: 3.100 Thread 0x00000295f9164b90 flushing  nmethod 0x00000295e86f0690
Event: 3.100 Thread 0x00000295f9164b90 flushing  nmethod 0x00000295e86f6990
Event: 3.100 Thread 0x00000295f9164b90 flushing  nmethod 0x00000295e87af510
Event: 3.100 Thread 0x00000295f9164b90 flushing  nmethod 0x00000295e87e1610

Events (20 events):
Event: 5.717 Thread 0x00000295c5cf8c70 Thread added: 0x00000295c89accf0
Event: 5.717 Thread 0x00000295c5cf8c70 Thread added: 0x00000295c89ae730
Event: 5.717 Thread 0x00000295c89accf0 Thread added: 0x00000295c89b1520
Event: 5.717 Thread 0x00000295c89ae730 Thread added: 0x00000295c89ae0a0
Event: 5.717 Thread 0x00000295c89b1520 Thread added: 0x00000295c89b1bb0
Event: 5.717 Thread 0x00000295c89b0e90 Thread added: 0x00000295c89ad380
Event: 5.717 Thread 0x00000295c89ac660 Thread added: 0x00000295c89b0170
Event: 5.718 Thread 0x00000295c89ae0a0 Thread added: 0x00000295c89b2240
Event: 5.718 Thread 0x00000295c89b1bb0 Thread added: 0x00000295c89ada10
Event: 5.719 Thread 0x00000295c5cf8c70 Thread added: 0x00000295caa05970
Event: 5.719 Thread 0x00000295c5cf8c70 Thread added: 0x00000295caa02b80
Event: 5.719 Thread 0x00000295c5cf8c70 Thread added: 0x00000295caa06000
Event: 6.258 Thread 0x00000295ca9d7b90 Thread exited: 0x00000295ca9d7b90
Event: 7.091 Thread 0x00000295c6079c90 Thread exited: 0x00000295c6079c90
Event: 7.707 Thread 0x00000295c5cf8c70 Thread added: 0x00000295caa07a40
Event: 7.837 Thread 0x00000295c5cf8c70 Thread added: 0x00000295caa06690
Event: 7.891 Thread 0x00000295c5cf8c70 Thread added: 0x00000295caa03210
Event: 7.896 Thread 0x00000295c5cf8c70 Thread added: 0x00000295caa08df0
Event: 7.940 Thread 0x00000295c5cf8c70 Thread added: 0x00000295caa04c50
Event: 7.946 Thread 0x00000295c5cf8c70 Thread added: 0x00000295caa06d20


Dynamic libraries:
0x00007ff7e7640000 - 0x00007ff7e764e000 	c:\Users\ASUS\.vscode\extensions\redhat.java-1.40.0-win32-x64\jre\21.0.6-win32-x86_64\bin\java.exe
0x00007fffc38b0000 - 0x00007fffc3ac7000 	C:\WINDOWS\SYSTEM32\ntdll.dll
0x00007fffc26d0000 - 0x00007fffc2794000 	C:\WINDOWS\System32\KERNEL32.DLL
0x00007fffc0b60000 - 0x00007fffc0f30000 	C:\WINDOWS\System32\KERNELBASE.dll
0x00007fffc1220000 - 0x00007fffc1331000 	C:\WINDOWS\System32\ucrtbase.dll
0x00007fffb5600000 - 0x00007fffb561e000 	c:\Users\ASUS\.vscode\extensions\redhat.java-1.40.0-win32-x64\jre\21.0.6-win32-x86_64\bin\VCRUNTIME140.dll
0x00007fffb5300000 - 0x00007fffb5318000 	c:\Users\ASUS\.vscode\extensions\redhat.java-1.40.0-win32-x64\jre\21.0.6-win32-x86_64\bin\jli.dll
0x00007fffc2b30000 - 0x00007fffc2cde000 	C:\WINDOWS\System32\USER32.dll
0x00007fffc0fe0000 - 0x00007fffc1006000 	C:\WINDOWS\System32\win32u.dll
0x00007fffb0460000 - 0x00007fffb06f2000 	C:\WINDOWS\WinSxS\amd64_microsoft.windows.common-controls_6595b64144ccf1df_6.0.22621.4830_none_270fe7d773858e80\COMCTL32.dll
0x00007fffc2870000 - 0x00007fffc2899000 	C:\WINDOWS\System32\GDI32.dll
0x00007fffc2a80000 - 0x00007fffc2b27000 	C:\WINDOWS\System32\msvcrt.dll
0x00007fffc1480000 - 0x00007fffc159b000 	C:\WINDOWS\System32\gdi32full.dll
0x00007fffc1010000 - 0x00007fffc10aa000 	C:\WINDOWS\System32\msvcp_win.dll
0x00007fffc27a0000 - 0x00007fffc27d1000 	C:\WINDOWS\System32\IMM32.DLL
0x00007fffb97f0000 - 0x00007fffb97fc000 	c:\Users\ASUS\.vscode\extensions\redhat.java-1.40.0-win32-x64\jre\21.0.6-win32-x86_64\bin\vcruntime140_1.dll
0x00007fffad510000 - 0x00007fffad59d000 	c:\Users\ASUS\.vscode\extensions\redhat.java-1.40.0-win32-x64\jre\21.0.6-win32-x86_64\bin\msvcp140.dll
0x00007fff551e0000 - 0x00007fff55f70000 	c:\Users\ASUS\.vscode\extensions\redhat.java-1.40.0-win32-x64\jre\21.0.6-win32-x86_64\bin\server\jvm.dll
0x00007fffc17e0000 - 0x00007fffc1891000 	C:\WINDOWS\System32\ADVAPI32.dll
0x00007fffc3390000 - 0x00007fffc3437000 	C:\WINDOWS\System32\sechost.dll
0x00007fffc0fb0000 - 0x00007fffc0fd8000 	C:\WINDOWS\System32\bcrypt.dll
0x00007fffc3270000 - 0x00007fffc3384000 	C:\WINDOWS\System32\RPCRT4.dll
0x00007fffc1dd0000 - 0x00007fffc1e41000 	C:\WINDOWS\System32\WS2_32.dll
0x00007fffc0880000 - 0x00007fffc08cd000 	C:\WINDOWS\SYSTEM32\POWRPROF.dll
0x00007fffb7bd0000 - 0x00007fffb7c04000 	C:\WINDOWS\SYSTEM32\WINMM.dll
0x00007fffbab60000 - 0x00007fffbab6a000 	C:\WINDOWS\SYSTEM32\VERSION.dll
0x00007fffc0860000 - 0x00007fffc0873000 	C:\WINDOWS\SYSTEM32\UMPDC.dll
0x00007fffbfba0000 - 0x00007fffbfbb8000 	C:\WINDOWS\SYSTEM32\kernel.appcore.dll
0x00007fffb5b30000 - 0x00007fffb5b3a000 	c:\Users\ASUS\.vscode\extensions\redhat.java-1.40.0-win32-x64\jre\21.0.6-win32-x86_64\bin\jimage.dll
0x00007fffb9ec0000 - 0x00007fffba0f2000 	C:\WINDOWS\SYSTEM32\DBGHELP.DLL
0x00007fffc3440000 - 0x00007fffc37d0000 	C:\WINDOWS\System32\combase.dll
0x00007fffc1a90000 - 0x00007fffc1b67000 	C:\WINDOWS\System32\OLEAUT32.dll
0x00007fffb9390000 - 0x00007fffb93c2000 	C:\WINDOWS\SYSTEM32\dbgcore.DLL
0x00007fffc1400000 - 0x00007fffc147b000 	C:\WINDOWS\System32\bcryptPrimitives.dll
0x00007fffb57e0000 - 0x00007fffb57ef000 	c:\Users\ASUS\.vscode\extensions\redhat.java-1.40.0-win32-x64\jre\21.0.6-win32-x86_64\bin\instrument.dll
0x00007fffb1260000 - 0x00007fffb127f000 	c:\Users\ASUS\.vscode\extensions\redhat.java-1.40.0-win32-x64\jre\21.0.6-win32-x86_64\bin\java.dll
0x00007fffc1e50000 - 0x00007fffc26c8000 	C:\WINDOWS\System32\SHELL32.dll
0x00007fffbeab0000 - 0x00007fffbf3c0000 	C:\WINDOWS\SYSTEM32\windows.storage.dll
0x00007fffbe970000 - 0x00007fffbeaaf000 	C:\WINDOWS\SYSTEM32\wintypes.dll
0x00007fffc28a0000 - 0x00007fffc29aa000 	C:\WINDOWS\System32\SHCORE.dll
0x00007fffc15d0000 - 0x00007fffc162e000 	C:\WINDOWS\System32\shlwapi.dll
0x00007fffc0a90000 - 0x00007fffc0abb000 	C:\WINDOWS\SYSTEM32\profapi.dll
0x00007fffb0e50000 - 0x00007fffb0e68000 	c:\Users\ASUS\.vscode\extensions\redhat.java-1.40.0-win32-x64\jre\21.0.6-win32-x86_64\bin\zip.dll
0x00007fffb5790000 - 0x00007fffb57a0000 	C:\Users\ASUS\.vscode\extensions\redhat.java-1.40.0-win32-x64\jre\21.0.6-win32-x86_64\bin\net.dll
0x00007fffbdb00000 - 0x00007fffbdc2c000 	C:\WINDOWS\SYSTEM32\WINHTTP.dll
0x00007fffc0020000 - 0x00007fffc008a000 	C:\WINDOWS\system32\mswsock.dll
0x00007fffb1220000 - 0x00007fffb1236000 	C:\Users\ASUS\.vscode\extensions\redhat.java-1.40.0-win32-x64\jre\21.0.6-win32-x86_64\bin\nio.dll
0x00007fffb52f0000 - 0x00007fffb5300000 	c:\Users\ASUS\.vscode\extensions\redhat.java-1.40.0-win32-x64\jre\21.0.6-win32-x86_64\bin\verify.dll
0x00007fffb1090000 - 0x00007fffb10d5000 	C:\Users\ASUS\AppData\Roaming\Code\User\globalStorage\redhat.java\1.40.0\config_win\org.eclipse.equinox.launcher\org.eclipse.equinox.launcher.win32.win32.x86_64_1.2.1200.v20250212-0927\eclipse_11909.dll
0x00007fffc1630000 - 0x00007fffc17d1000 	C:\WINDOWS\System32\ole32.dll
0x00007fffc0270000 - 0x00007fffc028b000 	C:\WINDOWS\SYSTEM32\CRYPTSP.dll
0x00007fffbfb00000 - 0x00007fffbfb35000 	C:\WINDOWS\system32\rsaenh.dll
0x00007fffc0110000 - 0x00007fffc0138000 	C:\WINDOWS\SYSTEM32\USERENV.dll
0x00007fffc0290000 - 0x00007fffc029c000 	C:\WINDOWS\SYSTEM32\CRYPTBASE.dll
0x00007fffbf610000 - 0x00007fffbf63d000 	C:\WINDOWS\SYSTEM32\IPHLPAPI.DLL
0x00007fffc15a0000 - 0x00007fffc15a9000 	C:\WINDOWS\System32\NSI.dll
0x00007fffad4c0000 - 0x00007fffad509000 	C:\Users\ASUS\AppData\Local\Temp\jna-2018896\jna3950522784304196381.dll
0x00007fffc3850000 - 0x00007fffc3858000 	C:\WINDOWS\System32\PSAPI.DLL
0x00007fffbd1f0000 - 0x00007fffbd209000 	C:\WINDOWS\SYSTEM32\dhcpcsvc6.DLL
0x00007fffbd1d0000 - 0x00007fffbd1ef000 	C:\WINDOWS\SYSTEM32\dhcpcsvc.DLL

dbghelp: loaded successfully - version: 4.0.5 - missing functions: none
symbol engine: initialized successfully - sym options: 0x614 - pdb path: .;c:\Users\ASUS\.vscode\extensions\redhat.java-1.40.0-win32-x64\jre\21.0.6-win32-x86_64\bin;C:\WINDOWS\SYSTEM32;C:\WINDOWS\WinSxS\amd64_microsoft.windows.common-controls_6595b64144ccf1df_6.0.22621.4830_none_270fe7d773858e80;c:\Users\ASUS\.vscode\extensions\redhat.java-1.40.0-win32-x64\jre\21.0.6-win32-x86_64\bin\server;C:\Users\ASUS\AppData\Roaming\Code\User\globalStorage\redhat.java\1.40.0\config_win\org.eclipse.equinox.launcher\org.eclipse.equinox.launcher.win32.win32.x86_64_1.2.1200.v20250212-0927;C:\Users\ASUS\AppData\Local\Temp\jna-2018896

VM Arguments:
jvm_args: --add-modules=ALL-SYSTEM --add-opens=java.base/java.util=ALL-UNNAMED --add-opens=java.base/java.lang=ALL-UNNAMED --add-opens=java.base/sun.nio.fs=ALL-UNNAMED -Declipse.application=org.eclipse.jdt.ls.core.id1 -Dosgi.bundles.defaultStartLevel=4 -Declipse.product=org.eclipse.jdt.ls.core.product -Djava.import.generatesMetadataFilesAtProjectRoot=false -DDetectVMInstallationsJob.disabled=true -Dfile.encoding=utf8 -XX:+UseParallelGC -XX:GCTimeRatio=4 -XX:AdaptiveSizePolicyWeight=90 -Dsun.zip.disableMemoryMapping=true -Xmx1G -Xms100m -Xlog:disable -javaagent:c:\Users\ASUS\.vscode\extensions\redhat.java-1.40.0-win32-x64\lombok\lombok-1.18.36.jar -XX:+HeapDumpOnOutOfMemoryError -XX:HeapDumpPath=c:\Users\ASUS\AppData\Roaming\Code\User\workspaceStorage\a26ced7fe018b66e12da886babd7af56\redhat.java -Daether.dependencyCollector.impl=bf 
java_command: c:\Users\ASUS\.vscode\extensions\redhat.java-1.40.0-win32-x64\server\plugins\org.eclipse.equinox.launcher_1.6.1000.v20250131-0606.jar -configuration c:\Users\ASUS\AppData\Roaming\Code\User\globalStorage\redhat.java\1.40.0\config_win -data c:\Users\ASUS\AppData\Roaming\Code\User\workspaceStorage\a26ced7fe018b66e12da886babd7af56\redhat.java\jdt_ws --pipe=\\.\pipe\lsp-d583a8f90abdcd3fa1e57264ba169f72-sock
java_class_path (initial): c:\Users\ASUS\.vscode\extensions\redhat.java-1.40.0-win32-x64\server\plugins\org.eclipse.equinox.launcher_1.6.1000.v20250131-0606.jar
Launcher Type: SUN_STANDARD

[Global flags]
    uintx AdaptiveSizePolicyWeight                 = 90                                        {product} {command line}
     intx CICompilerCount                          = 12                                        {product} {ergonomic}
    uintx GCTimeRatio                              = 4                                         {product} {command line}
     bool HeapDumpOnOutOfMemoryError               = true                                   {manageable} {command line}
    ccstr HeapDumpPath                             = c:\Users\ASUS\AppData\Roaming\Code\User\workspaceStorage\a26ced7fe018b66e12da886babd7af56\redhat.java         {manageable} {command line}
   size_t InitialHeapSize                          = 104857600                                 {product} {command line}
   size_t MaxHeapSize                              = 1073741824                                {product} {command line}
   size_t MaxNewSize                               = 357564416                                 {product} {ergonomic}
   size_t MinHeapDeltaBytes                        = 524288                                    {product} {ergonomic}
   size_t MinHeapSize                              = 104857600                                 {product} {command line}
   size_t NewSize                                  = 34603008                                  {product} {ergonomic}
    uintx NonNMethodCodeHeapSize                   = 7602480                                {pd product} {ergonomic}
    uintx NonProfiledCodeHeapSize                  = 122027880                              {pd product} {ergonomic}
   size_t OldSize                                  = 70254592                                  {product} {ergonomic}
    uintx ProfiledCodeHeapSize                     = 122027880                              {pd product} {ergonomic}
    uintx ReservedCodeCacheSize                    = 251658240                              {pd product} {ergonomic}
     bool SegmentedCodeCache                       = true                                      {product} {ergonomic}
   size_t SoftMaxHeapSize                          = 1073741824                             {manageable} {ergonomic}
     bool UseCompressedOops                        = true                           {product lp64_product} {ergonomic}
     bool UseLargePagesIndividualAllocation        = false                                  {pd product} {ergonomic}
     bool UseParallelGC                            = true                                      {product} {command line}

Logging:
Log output configuration:
 #0: stdout all=off uptime,level,tags foldmultilines=false
 #1: stderr all=off uptime,level,tags foldmultilines=false

Environment Variables:
PATH=C:\Program Files\Common Files\Oracle\Java\javapath;C:\Program Files (x86)\Common Files\Oracle\Java\java8path;C:\Program Files (x86)\Common Files\Oracle\Java\javapath;C:\ProgramData\Oracle\Java\javapath;C:\Windows\system32;C:\Windows;C:\Windows\System32\Wbem;C:\Windows\System32\WindowsPowerShell\v1.0\;C:\Windows\System32\OpenSSH\;C:\Program Files (x86)\NVIDIA Corporation\PhysX\Common;C:\WINDOWS\system32;C:\WINDOWS;C:\WINDOWS\System32\Wbem;C:\WINDOWS\System32\WindowsPowerShell\v1.0\;C:\WINDOWS\System32\OpenSSH\;C:\Program Files (x86)\Microsoft SQL Server\160\Tools\Binn\;C:\Program Files\Microsoft SQL Server\160\Tools\Binn\;C:\Program Files\Microsoft SQL Server\Client SDK\ODBC\170\Tools\Binn\;C:\Program Files\Microsoft SQL Server\160\DTS\Binn\;C:\Program Files (x86)\Microsoft SQL Server\160\DTS\Binn\;C:\Program Files\Azure Data Studio\bin;C:\Program Files\dotnet\;C:\Program Files\nodejs\;C:\Program Files\Git\cmd;C:\Program Files\NVIDIA Corporation\NVIDIA app\NvDLISR;C:\Program Files\Cloudflare\Cloudflare WARP\;C:\Program Files\MySQL\MySQL Shell 8.0\bin\;C:\Users\ASUS\AppData\Local\Microsoft\WindowsApps;C:\Program Files\Azure Data Studio\bin;C:\Users\ASUS\AppData\Local\Programs\Microsoft VS Code\bin;C:\Users\ASUS\AppData\Roaming\npm;C:\Program Files\Git\mingw64\bin\;
USERNAME=ASUS
OS=Windows_NT
PROCESSOR_IDENTIFIER=AMD64 Family 25 Model 68 Stepping 1, AuthenticAMD
TMP=C:\Users\ASUS\AppData\Local\Temp
TEMP=C:\Users\ASUS\AppData\Local\Temp




Periodic native trim disabled

---------------  S Y S T E M  ---------------

OS:
 Windows 11 , 64 bit Build 22621 (10.0.22621.4830)
OS uptime: 0 days 1:28 hours

CPU: total 16 (initial active 16) (16 cores per cpu, 2 threads per core) family 25 model 68 stepping 1 microcode 0x0, cx8, cmov, fxsr, ht, mmx, 3dnowpref, sse, sse2, sse3, ssse3, sse4a, sse4.1, sse4.2, popcnt, lzcnt, tsc, tscinvbit, avx, avx2, aes, clmul, bmi1, bmi2, adx, sha, fma, vzeroupper, clflush, clflushopt, rdtscp, rdpid, f16c, pku, cet_ss
Processor Information for the first 16 processors :
  Max Mhz: 3201, Current Mhz: 3201, Mhz Limit: 3201

Memory: 4k page, system-wide physical 15613M (2550M free)
TotalPageFile size 19709M (AvailPageFile size 4M)
current process WorkingSet (physical memory assigned to process): 683M, peak: 685M
current process commit charge ("private bytes"): 664M, peak: 1103M

vm_info: OpenJDK 64-Bit Server VM (21.0.6+7-LTS) for windows-amd64 JRE (21.0.6+7-LTS), built on 2025-01-21T00:00:00Z by "admin" with MS VC++ 17.7 (VS2022)

END.
