#
# There is insufficient memory for the Java Runtime Environment to continue.
# Native memory allocation (malloc) failed to allocate 875616 bytes for Chunk::new
# Possible reasons:
#   The system is out of physical RAM or swap space
#   The process is running with CompressedOops enabled, and the Java Heap may be blocking the growth of the native heap
# Possible solutions:
#   Reduce memory load on the system
#   Increase physical memory or swap space
#   Check if swap backing store is full
#   Decrease Java heap size (-Xmx/-Xms)
#   Decrease number of Java threads
#   Decrease Java thread stack sizes (-Xss)
#   Set larger code cache with -XX:ReservedCodeCacheSize=
#   JVM is running with Zero Based Compressed Oops mode in which the Java heap is
#     placed in the first 32GB address space. The Java Heap base address is the
#     maximum limit for the native heap growth. Please use -XX:HeapBaseMinAddress
#     to set the Java Heap base and to place the Java Heap above 32GB virtual address.
# This output file may be truncated or incomplete.
#
#  Out of Memory Error (arena.cpp:189), pid=20132, tid=7488
#
# JRE version: Java(TM) SE Runtime Environment (17.0.9+11) (build 17.0.9+11-LTS-201)
# Java VM: Java HotSpot(TM) 64-Bit Server VM (17.0.9+11-LTS-201, mixed mode, sharing, tiered, compressed oops, compressed class ptrs, g1 gc, windows-amd64)
# No core dump will be written. Minidumps are not enabled by default on client versions of Windows
#

---------------  S U M M A R Y ------------

Command Line: -agentlib:jdwp=transport=dt_socket,server=n,suspend=y,address=localhost:52987 -Dcom.sun.management.jmxremote -Dcom.sun.management.jmxremote.port=52965 -Dcom.sun.management.jmxremote.authenticate=false -Dcom.sun.management.jmxremote.ssl=false -Dspring.jmx.enabled=true -Djava.rmi.server.hostname=localhost -Dspring.application.admin.enabled=true -Dspring.boot.project.name=thuan -XX:+ShowCodeDetailsInExceptionMessages com.example.thuan.ThuanApplication

Host: AMD Ryzen 7 6800H with Radeon Graphics         , 16 cores, 15G,  Windows 11 , 64 bit Build 22621 (10.0.22621.4391)
Time: Wed Feb  5 13:44:38 2025 SE Asia Standard Time elapsed time: 1.160131 seconds (0d 0h 0m 1s)

---------------  T H R E A D  ---------------

Current thread (0x00000222ff38a420):  JavaThread "C2 CompilerThread2" daemon [_thread_in_native, id=7488, stack(0x00000048c4e00000,0x00000048c4f00000)]


Current CompileTask:
C2:   1160 1921       4       jdk.internal.org.objectweb.asm.Frame::execute (2305 bytes)

Stack: [0x00000048c4e00000,0x00000048c4f00000]
Native frames: (J=compiled Java code, j=interpreted, Vv=VM code, C=native code)
V  [jvm.dll+0x678a4a]
V  [jvm.dll+0x7d9cfd]
V  [jvm.dll+0x7db60e]
V  [jvm.dll+0x7dbc73]
V  [jvm.dll+0x245e1f]
V  [jvm.dll+0xaaafb]
V  [jvm.dll+0xab09c]
V  [jvm.dll+0x36237e]
V  [jvm.dll+0x1bb7c5]
V  [jvm.dll+0x218287]
V  [jvm.dll+0x217561]
V  [jvm.dll+0x1a3bc0]
V  [jvm.dll+0x2272de]
V  [jvm.dll+0x22548b]
V  [jvm.dll+0x78f58c]
V  [jvm.dll+0x78998a]
V  [jvm.dll+0x677875]
C  [ucrtbase.dll+0x29333]
C  [KERNEL32.DLL+0x1259d]
C  [ntdll.dll+0x5af38]


---------------  P R O C E S S  ---------------

Threads class SMR info:
_java_thread_list=0x00000222feea89d0, length=25, elements={
0x00000222978cdfd0, 0x00000222fe0031c0, 0x00000222fe003e40, 0x00000222fe01c480,
0x00000222fe01dd60, 0x00000222fe01e630, 0x00000222fe01ef00, 0x00000222fe02c860,
0x00000222fe035640, 0x00000222fe049b60, 0x00000222fe146a70, 0x00000222fe149600,
0x00000222fe0ff1e0, 0x00000222fe22c0c0, 0x00000222fe22e160, 0x00000222fe24cb90,
0x00000222fe24f000, 0x00000222fe2720f0, 0x00000222feaa88e0, 0x00000222fed02eb0,
0x00000222feaca890, 0x00000222ff38a420, 0x00000222ff0af3b0, 0x00000222ff006060,
0x00000222ff003090
}

Java Threads: ( => current thread )
  0x00000222978cdfd0 JavaThread "main" [_thread_in_Java, id=3948, stack(0x00000048c3200000,0x00000048c3300000)]
  0x00000222fe0031c0 JavaThread "Reference Handler" daemon [_thread_blocked, id=28324, stack(0x00000048c3900000,0x00000048c3a00000)]
  0x00000222fe003e40 JavaThread "Finalizer" daemon [_thread_blocked, id=30676, stack(0x00000048c3a00000,0x00000048c3b00000)]
  0x00000222fe01c480 JavaThread "Signal Dispatcher" daemon [_thread_blocked, id=34192, stack(0x00000048c3b00000,0x00000048c3c00000)]
  0x00000222fe01dd60 JavaThread "Attach Listener" daemon [_thread_blocked, id=26180, stack(0x00000048c3c00000,0x00000048c3d00000)]
  0x00000222fe01e630 JavaThread "Service Thread" daemon [_thread_blocked, id=7448, stack(0x00000048c3d00000,0x00000048c3e00000)]
  0x00000222fe01ef00 JavaThread "Monitor Deflation Thread" daemon [_thread_blocked, id=26056, stack(0x00000048c3e00000,0x00000048c3f00000)]
  0x00000222fe02c860 JavaThread "C2 CompilerThread0" daemon [_thread_in_native, id=980, stack(0x00000048c3f00000,0x00000048c4000000)]
  0x00000222fe035640 JavaThread "C1 CompilerThread0" daemon [_thread_in_native, id=13960, stack(0x00000048c4000000,0x00000048c4100000)]
  0x00000222fe049b60 JavaThread "Sweeper thread" daemon [_thread_blocked, id=19708, stack(0x00000048c4100000,0x00000048c4200000)]
  0x00000222fe146a70 JavaThread "Common-Cleaner" daemon [_thread_blocked, id=23340, stack(0x00000048c4200000,0x00000048c4300000)]
  0x00000222fe149600 JavaThread "C1 CompilerThread1" daemon [_thread_blocked, id=35284, stack(0x00000048c4300000,0x00000048c4400000)]
  0x00000222fe0ff1e0 JavaThread "C1 CompilerThread2" daemon [_thread_blocked, id=21424, stack(0x00000048c4400000,0x00000048c4500000)]
  0x00000222fe22c0c0 JavaThread "JDWP Transport Listener: dt_socket" daemon [_thread_blocked, id=23616, stack(0x00000048c4600000,0x00000048c4700000)]
  0x00000222fe22e160 JavaThread "JDWP Event Helper Thread" daemon [_thread_blocked, id=5328, stack(0x00000048c4700000,0x00000048c4800000)]
  0x00000222fe24cb90 JavaThread "JDWP Command Reader" daemon [_thread_in_native, id=29672, stack(0x00000048c4800000,0x00000048c4900000)]
  0x00000222fe24f000 JavaThread "Notification Thread" daemon [_thread_blocked, id=28080, stack(0x00000048c4900000,0x00000048c4a00000)]
  0x00000222fe2720f0 JavaThread "C2 CompilerThread1" daemon [_thread_in_native, id=19488, stack(0x00000048c4500000,0x00000048c4600000)]
  0x00000222feaa88e0 JavaThread "RMI TCP Accept-0" daemon [_thread_in_native, id=21044, stack(0x00000048c4a00000,0x00000048c4b00000)]
  0x00000222fed02eb0 JavaThread "RMI TCP Accept-52965" daemon [_thread_in_native, id=22188, stack(0x00000048c4b00000,0x00000048c4c00000)]
  0x00000222feaca890 JavaThread "RMI TCP Accept-0" daemon [_thread_in_native, id=1288, stack(0x00000048c4c00000,0x00000048c4d00000)]
=>0x00000222ff38a420 JavaThread "C2 CompilerThread2" daemon [_thread_in_native, id=7488, stack(0x00000048c4e00000,0x00000048c4f00000)]
  0x00000222ff0af3b0 JavaThread "background-preinit" [_thread_in_Java, id=25072, stack(0x00000048c5700000,0x00000048c5800000)]
  0x00000222ff006060 JavaThread "C1 CompilerThread3" daemon [_thread_blocked, id=33680, stack(0x00000048c5c00000,0x00000048c5d00000)]
  0x00000222ff003090 JavaThread "C2 CompilerThread3" daemon [_thread_in_native, id=16956, stack(0x00000048c5d00000,0x00000048c5e00000)]

Other Threads:
  0x00000222bc22b5a0 VMThread "VM Thread" [stack: 0x00000048c3800000,0x00000048c3900000] [id=18056]
  0x00000222fea1aff0 WatcherThread [stack: 0x00000048c4d00000,0x00000048c4e00000] [id=17116]
  0x0000022299b8b9c0 GCTaskThread "GC Thread#0" [stack: 0x00000048c3300000,0x00000048c3400000] [id=33840]
  0x00000222ff3ab9c0 GCTaskThread "GC Thread#1" [stack: 0x00000048c4f00000,0x00000048c5000000] [id=24040]
  0x00000222ff08fcd0 GCTaskThread "GC Thread#2" [stack: 0x00000048c5000000,0x00000048c5100000] [id=29164]
  0x00000222ff38ad50 GCTaskThread "GC Thread#3" [stack: 0x00000048c5100000,0x00000048c5200000] [id=34416]
  0x00000222ff81e010 GCTaskThread "GC Thread#4" [stack: 0x00000048c5200000,0x00000048c5300000] [id=3608]
  0x00000222ff8556f0 GCTaskThread "GC Thread#5" [stack: 0x00000048c5300000,0x00000048c5400000] [id=5128]
  0x00000222ff290620 GCTaskThread "GC Thread#6" [stack: 0x00000048c5400000,0x00000048c5500000] [id=26244]
  0x00000222ff471200 GCTaskThread "GC Thread#7" [stack: 0x00000048c5500000,0x00000048c5600000] [id=28312]
  0x00000222ffba6030 GCTaskThread "GC Thread#8" [stack: 0x00000048c5600000,0x00000048c5700000] [id=28540]
  0x00000222ffac5030 GCTaskThread "GC Thread#9" [stack: 0x00000048c5800000,0x00000048c5900000] [id=33896]
  0x00000222ffadb360 GCTaskThread "GC Thread#10" [stack: 0x00000048c5900000,0x00000048c5a00000] [id=3412]
  0x00000222ffb99d10 GCTaskThread "GC Thread#11" [stack: 0x00000048c5a00000,0x00000048c5b00000] [id=27212]
  0x00000222ff5ee260 GCTaskThread "GC Thread#12" [stack: 0x00000048c5b00000,0x00000048c5c00000] [id=29280]
  0x0000022299b9cc20 ConcurrentGCThread "G1 Main Marker" [stack: 0x00000048c3400000,0x00000048c3500000] [id=29040]
  0x0000022299b9dcd0 ConcurrentGCThread "G1 Conc#0" [stack: 0x00000048c3500000,0x00000048c3600000] [id=32716]
  0x00000222bc0f6fe0 ConcurrentGCThread "G1 Refine#0" [stack: 0x00000048c3600000,0x00000048c3700000] [id=34328]
  0x00000222bc0f7910 ConcurrentGCThread "G1 Service" [stack: 0x00000048c3700000,0x00000048c3800000] [id=31852]

Threads with active compile tasks:
C2 CompilerThread0     1203 2228   !   4       java.net.URL::<init> (543 bytes)
C2 CompilerThread1     1203 2226       4       jdk.internal.org.objectweb.asm.Frame::push (109 bytes)
C2 CompilerThread2     1203 1921       4       jdk.internal.org.objectweb.asm.Frame::execute (2305 bytes)
C2 CompilerThread3     1203 2182 % !   4       java.util.concurrent.ConcurrentHashMap::transfer @ 96 (849 bytes)

VM state: not at safepoint (normal execution)

VM Mutex/Monitor currently owned by a thread: None

Heap address: 0x000000070c000000, size: 3904 MB, Compressed Oops mode: Zero based, Oop shift amount: 3

CDS archive(s) mapped at: [0x00000222bd000000-0x00000222bdbd0000-0x00000222bdbd0000), size 12386304, SharedBaseAddress: 0x00000222bd000000, ArchiveRelocationMode: 1.
Compressed class space mapped at: 0x00000222be000000-0x00000222fe000000, reserved size: 1073741824
Narrow klass base: 0x00000222bd000000, Narrow klass shift: 0, Narrow klass range: 0x100000000

GC Precious Log:
 CPUs: 16 total, 16 available
 Memory: 15613M
 Large Page Support: Disabled
 NUMA Support: Disabled
 Compressed Oops: Enabled (Zero based)
 Heap Region Size: 2M
 Heap Min Capacity: 8M
 Heap Initial Capacity: 244M
 Heap Max Capacity: 3904M
 Pre-touch: Disabled
 Parallel Workers: 13
 Concurrent Workers: 3
 Concurrent Refinement Workers: 13
 Periodic GC: Disabled

Heap:
 garbage-first heap   total 249856K, used 21942K [0x000000070c000000, 0x0000000800000000)
  region size 2048K, 9 young (18432K), 1 survivors (2048K)
 Metaspace       used 15748K, committed 16000K, reserved 1114112K
  class space    used 1874K, committed 1984K, reserved 1048576K

Heap Regions: E=young(eden), S=young(survivor), O=old, HS=humongous(starts), HC=humongous(continues), CS=collection set, F=free, OA=open archive, CA=closed archive, TAMS=top-at-mark-start (previous, next)
|   0|0x000000070c000000, 0x000000070c200000, 0x000000070c200000|100%| O|  |TAMS 0x000000070c000000, 0x000000070c000000| Untracked 
|   1|0x000000070c200000, 0x000000070c400000, 0x000000070c400000|100%| O|  |TAMS 0x000000070c200000, 0x000000070c200000| Untracked 
|   2|0x000000070c400000, 0x000000070c600000, 0x000000070c600000|100%| O|  |TAMS 0x000000070c400000, 0x000000070c400000| Untracked 
|   3|0x000000070c600000, 0x000000070c7c2200, 0x000000070c800000| 87%| O|  |TAMS 0x000000070c600000, 0x000000070c600000| Untracked 
|   4|0x000000070c800000, 0x000000070c800000, 0x000000070ca00000|  0%| F|  |TAMS 0x000000070c800000, 0x000000070c800000| Untracked 
|   5|0x000000070ca00000, 0x000000070ca00000, 0x000000070cc00000|  0%| F|  |TAMS 0x000000070ca00000, 0x000000070ca00000| Untracked 
|   6|0x000000070cc00000, 0x000000070cc00000, 0x000000070ce00000|  0%| F|  |TAMS 0x000000070cc00000, 0x000000070cc00000| Untracked 
|   7|0x000000070ce00000, 0x000000070ce00000, 0x000000070d000000|  0%| F|  |TAMS 0x000000070ce00000, 0x000000070ce00000| Untracked 
|   8|0x000000070d000000, 0x000000070d000000, 0x000000070d200000|  0%| F|  |TAMS 0x000000070d000000, 0x000000070d000000| Untracked 
|   9|0x000000070d200000, 0x000000070d200000, 0x000000070d400000|  0%| F|  |TAMS 0x000000070d200000, 0x000000070d200000| Untracked 
|  10|0x000000070d400000, 0x000000070d400000, 0x000000070d600000|  0%| F|  |TAMS 0x000000070d400000, 0x000000070d400000| Untracked 
|  11|0x000000070d600000, 0x000000070d600000, 0x000000070d800000|  0%| F|  |TAMS 0x000000070d600000, 0x000000070d600000| Untracked 
|  12|0x000000070d800000, 0x000000070d800000, 0x000000070da00000|  0%| F|  |TAMS 0x000000070d800000, 0x000000070d800000| Untracked 
|  13|0x000000070da00000, 0x000000070da00000, 0x000000070dc00000|  0%| F|  |TAMS 0x000000070da00000, 0x000000070da00000| Untracked 
|  14|0x000000070dc00000, 0x000000070dc00000, 0x000000070de00000|  0%| F|  |TAMS 0x000000070dc00000, 0x000000070dc00000| Untracked 
|  15|0x000000070de00000, 0x000000070de00000, 0x000000070e000000|  0%| F|  |TAMS 0x000000070de00000, 0x000000070de00000| Untracked 
|  16|0x000000070e000000, 0x000000070e000000, 0x000000070e200000|  0%| F|  |TAMS 0x000000070e000000, 0x000000070e000000| Untracked 
|  17|0x000000070e200000, 0x000000070e200000, 0x000000070e400000|  0%| F|  |TAMS 0x000000070e200000, 0x000000070e200000| Untracked 
|  18|0x000000070e400000, 0x000000070e400000, 0x000000070e600000|  0%| F|  |TAMS 0x000000070e400000, 0x000000070e400000| Untracked 
|  19|0x000000070e600000, 0x000000070e600000, 0x000000070e800000|  0%| F|  |TAMS 0x000000070e600000, 0x000000070e600000| Untracked 
|  20|0x000000070e800000, 0x000000070e800000, 0x000000070ea00000|  0%| F|  |TAMS 0x000000070e800000, 0x000000070e800000| Untracked 
|  21|0x000000070ea00000, 0x000000070ea00000, 0x000000070ec00000|  0%| F|  |TAMS 0x000000070ea00000, 0x000000070ea00000| Untracked 
|  22|0x000000070ec00000, 0x000000070ec00000, 0x000000070ee00000|  0%| F|  |TAMS 0x000000070ec00000, 0x000000070ec00000| Untracked 
|  23|0x000000070ee00000, 0x000000070ee00000, 0x000000070f000000|  0%| F|  |TAMS 0x000000070ee00000, 0x000000070ee00000| Untracked 
|  24|0x000000070f000000, 0x000000070f000000, 0x000000070f200000|  0%| F|  |TAMS 0x000000070f000000, 0x000000070f000000| Untracked 
|  25|0x000000070f200000, 0x000000070f200000, 0x000000070f400000|  0%| F|  |TAMS 0x000000070f200000, 0x000000070f200000| Untracked 
|  26|0x000000070f400000, 0x000000070f400000, 0x000000070f600000|  0%| F|  |TAMS 0x000000070f400000, 0x000000070f400000| Untracked 
|  27|0x000000070f600000, 0x000000070f600000, 0x000000070f800000|  0%| F|  |TAMS 0x000000070f600000, 0x000000070f600000| Untracked 
|  28|0x000000070f800000, 0x000000070f800000, 0x000000070fa00000|  0%| F|  |TAMS 0x000000070f800000, 0x000000070f800000| Untracked 
|  29|0x000000070fa00000, 0x000000070fa00000, 0x000000070fc00000|  0%| F|  |TAMS 0x000000070fa00000, 0x000000070fa00000| Untracked 
|  30|0x000000070fc00000, 0x000000070fc00000, 0x000000070fe00000|  0%| F|  |TAMS 0x000000070fc00000, 0x000000070fc00000| Untracked 
|  31|0x000000070fe00000, 0x000000070fe00000, 0x0000000710000000|  0%| F|  |TAMS 0x000000070fe00000, 0x000000070fe00000| Untracked 
|  32|0x0000000710000000, 0x0000000710000000, 0x0000000710200000|  0%| F|  |TAMS 0x0000000710000000, 0x0000000710000000| Untracked 
|  33|0x0000000710200000, 0x0000000710200000, 0x0000000710400000|  0%| F|  |TAMS 0x0000000710200000, 0x0000000710200000| Untracked 
|  34|0x0000000710400000, 0x0000000710400000, 0x0000000710600000|  0%| F|  |TAMS 0x0000000710400000, 0x0000000710400000| Untracked 
|  35|0x0000000710600000, 0x0000000710600000, 0x0000000710800000|  0%| F|  |TAMS 0x0000000710600000, 0x0000000710600000| Untracked 
|  36|0x0000000710800000, 0x0000000710800000, 0x0000000710a00000|  0%| F|  |TAMS 0x0000000710800000, 0x0000000710800000| Untracked 
|  37|0x0000000710a00000, 0x0000000710a00000, 0x0000000710c00000|  0%| F|  |TAMS 0x0000000710a00000, 0x0000000710a00000| Untracked 
|  38|0x0000000710c00000, 0x0000000710c00000, 0x0000000710e00000|  0%| F|  |TAMS 0x0000000710c00000, 0x0000000710c00000| Untracked 
|  39|0x0000000710e00000, 0x0000000710e00000, 0x0000000711000000|  0%| F|  |TAMS 0x0000000710e00000, 0x0000000710e00000| Untracked 
|  40|0x0000000711000000, 0x0000000711000000, 0x0000000711200000|  0%| F|  |TAMS 0x0000000711000000, 0x0000000711000000| Untracked 
|  41|0x0000000711200000, 0x0000000711200000, 0x0000000711400000|  0%| F|  |TAMS 0x0000000711200000, 0x0000000711200000| Untracked 
|  42|0x0000000711400000, 0x0000000711400000, 0x0000000711600000|  0%| F|  |TAMS 0x0000000711400000, 0x0000000711400000| Untracked 
|  43|0x0000000711600000, 0x0000000711600000, 0x0000000711800000|  0%| F|  |TAMS 0x0000000711600000, 0x0000000711600000| Untracked 
|  44|0x0000000711800000, 0x0000000711800000, 0x0000000711a00000|  0%| F|  |TAMS 0x0000000711800000, 0x0000000711800000| Untracked 
|  45|0x0000000711a00000, 0x0000000711a00000, 0x0000000711c00000|  0%| F|  |TAMS 0x0000000711a00000, 0x0000000711a00000| Untracked 
|  46|0x0000000711c00000, 0x0000000711c00000, 0x0000000711e00000|  0%| F|  |TAMS 0x0000000711c00000, 0x0000000711c00000| Untracked 
|  47|0x0000000711e00000, 0x0000000711e00000, 0x0000000712000000|  0%| F|  |TAMS 0x0000000711e00000, 0x0000000711e00000| Untracked 
|  48|0x0000000712000000, 0x0000000712000000, 0x0000000712200000|  0%| F|  |TAMS 0x0000000712000000, 0x0000000712000000| Untracked 
|  49|0x0000000712200000, 0x0000000712200000, 0x0000000712400000|  0%| F|  |TAMS 0x0000000712200000, 0x0000000712200000| Untracked 
|  50|0x0000000712400000, 0x0000000712400000, 0x0000000712600000|  0%| F|  |TAMS 0x0000000712400000, 0x0000000712400000| Untracked 
|  51|0x0000000712600000, 0x0000000712600000, 0x0000000712800000|  0%| F|  |TAMS 0x0000000712600000, 0x0000000712600000| Untracked 
|  52|0x0000000712800000, 0x0000000712800000, 0x0000000712a00000|  0%| F|  |TAMS 0x0000000712800000, 0x0000000712800000| Untracked 
|  53|0x0000000712a00000, 0x0000000712a00000, 0x0000000712c00000|  0%| F|  |TAMS 0x0000000712a00000, 0x0000000712a00000| Untracked 
|  54|0x0000000712c00000, 0x0000000712c00000, 0x0000000712e00000|  0%| F|  |TAMS 0x0000000712c00000, 0x0000000712c00000| Untracked 
|  55|0x0000000712e00000, 0x0000000712e00000, 0x0000000713000000|  0%| F|  |TAMS 0x0000000712e00000, 0x0000000712e00000| Untracked 
|  56|0x0000000713000000, 0x0000000713000000, 0x0000000713200000|  0%| F|  |TAMS 0x0000000713000000, 0x0000000713000000| Untracked 
|  57|0x0000000713200000, 0x0000000713200000, 0x0000000713400000|  0%| F|  |TAMS 0x0000000713200000, 0x0000000713200000| Untracked 
|  58|0x0000000713400000, 0x0000000713400000, 0x0000000713600000|  0%| F|  |TAMS 0x0000000713400000, 0x0000000713400000| Untracked 
|  59|0x0000000713600000, 0x0000000713600000, 0x0000000713800000|  0%| F|  |TAMS 0x0000000713600000, 0x0000000713600000| Untracked 
|  60|0x0000000713800000, 0x0000000713800000, 0x0000000713a00000|  0%| F|  |TAMS 0x0000000713800000, 0x0000000713800000| Untracked 
|  61|0x0000000713a00000, 0x0000000713a00000, 0x0000000713c00000|  0%| F|  |TAMS 0x0000000713a00000, 0x0000000713a00000| Untracked 
|  62|0x0000000713c00000, 0x0000000713c00000, 0x0000000713e00000|  0%| F|  |TAMS 0x0000000713c00000, 0x0000000713c00000| Untracked 
|  63|0x0000000713e00000, 0x0000000713e00000, 0x0000000714000000|  0%| F|  |TAMS 0x0000000713e00000, 0x0000000713e00000| Untracked 
|  64|0x0000000714000000, 0x0000000714000000, 0x0000000714200000|  0%| F|  |TAMS 0x0000000714000000, 0x0000000714000000| Untracked 
|  65|0x0000000714200000, 0x0000000714200000, 0x0000000714400000|  0%| F|  |TAMS 0x0000000714200000, 0x0000000714200000| Untracked 
|  66|0x0000000714400000, 0x0000000714400000, 0x0000000714600000|  0%| F|  |TAMS 0x0000000714400000, 0x0000000714400000| Untracked 
|  67|0x0000000714600000, 0x0000000714600000, 0x0000000714800000|  0%| F|  |TAMS 0x0000000714600000, 0x0000000714600000| Untracked 
|  68|0x0000000714800000, 0x0000000714800000, 0x0000000714a00000|  0%| F|  |TAMS 0x0000000714800000, 0x0000000714800000| Untracked 
|  69|0x0000000714a00000, 0x0000000714a00000, 0x0000000714c00000|  0%| F|  |TAMS 0x0000000714a00000, 0x0000000714a00000| Untracked 
|  70|0x0000000714c00000, 0x0000000714c00000, 0x0000000714e00000|  0%| F|  |TAMS 0x0000000714c00000, 0x0000000714c00000| Untracked 
|  71|0x0000000714e00000, 0x0000000714e00000, 0x0000000715000000|  0%| F|  |TAMS 0x0000000714e00000, 0x0000000714e00000| Untracked 
|  72|0x0000000715000000, 0x0000000715000000, 0x0000000715200000|  0%| F|  |TAMS 0x0000000715000000, 0x0000000715000000| Untracked 
|  73|0x0000000715200000, 0x0000000715200000, 0x0000000715400000|  0%| F|  |TAMS 0x0000000715200000, 0x0000000715200000| Untracked 
|  74|0x0000000715400000, 0x0000000715400000, 0x0000000715600000|  0%| F|  |TAMS 0x0000000715400000, 0x0000000715400000| Untracked 
|  75|0x0000000715600000, 0x0000000715600000, 0x0000000715800000|  0%| F|  |TAMS 0x0000000715600000, 0x0000000715600000| Untracked 
|  76|0x0000000715800000, 0x0000000715800000, 0x0000000715a00000|  0%| F|  |TAMS 0x0000000715800000, 0x0000000715800000| Untracked 
|  77|0x0000000715a00000, 0x0000000715a00000, 0x0000000715c00000|  0%| F|  |TAMS 0x0000000715a00000, 0x0000000715a00000| Untracked 
|  78|0x0000000715c00000, 0x0000000715c00000, 0x0000000715e00000|  0%| F|  |TAMS 0x0000000715c00000, 0x0000000715c00000| Untracked 
|  79|0x0000000715e00000, 0x0000000715e00000, 0x0000000716000000|  0%| F|  |TAMS 0x0000000715e00000, 0x0000000715e00000| Untracked 
|  80|0x0000000716000000, 0x0000000716000000, 0x0000000716200000|  0%| F|  |TAMS 0x0000000716000000, 0x0000000716000000| Untracked 
|  81|0x0000000716200000, 0x0000000716200000, 0x0000000716400000|  0%| F|  |TAMS 0x0000000716200000, 0x0000000716200000| Untracked 
|  82|0x0000000716400000, 0x0000000716400000, 0x0000000716600000|  0%| F|  |TAMS 0x0000000716400000, 0x0000000716400000| Untracked 
|  83|0x0000000716600000, 0x0000000716600000, 0x0000000716800000|  0%| F|  |TAMS 0x0000000716600000, 0x0000000716600000| Untracked 
|  84|0x0000000716800000, 0x0000000716800000, 0x0000000716a00000|  0%| F|  |TAMS 0x0000000716800000, 0x0000000716800000| Untracked 
|  85|0x0000000716a00000, 0x0000000716a00000, 0x0000000716c00000|  0%| F|  |TAMS 0x0000000716a00000, 0x0000000716a00000| Untracked 
|  86|0x0000000716c00000, 0x0000000716c00000, 0x0000000716e00000|  0%| F|  |TAMS 0x0000000716c00000, 0x0000000716c00000| Untracked 
|  87|0x0000000716e00000, 0x0000000716e00000, 0x0000000717000000|  0%| F|  |TAMS 0x0000000716e00000, 0x0000000716e00000| Untracked 
|  88|0x0000000717000000, 0x0000000717000000, 0x0000000717200000|  0%| F|  |TAMS 0x0000000717000000, 0x0000000717000000| Untracked 
|  89|0x0000000717200000, 0x0000000717200000, 0x0000000717400000|  0%| F|  |TAMS 0x0000000717200000, 0x0000000717200000| Untracked 
|  90|0x0000000717400000, 0x0000000717400000, 0x0000000717600000|  0%| F|  |TAMS 0x0000000717400000, 0x0000000717400000| Untracked 
|  91|0x0000000717600000, 0x0000000717600000, 0x0000000717800000|  0%| F|  |TAMS 0x0000000717600000, 0x0000000717600000| Untracked 
|  92|0x0000000717800000, 0x0000000717800000, 0x0000000717a00000|  0%| F|  |TAMS 0x0000000717800000, 0x0000000717800000| Untracked 
|  93|0x0000000717a00000, 0x0000000717a00000, 0x0000000717c00000|  0%| F|  |TAMS 0x0000000717a00000, 0x0000000717a00000| Untracked 
|  94|0x0000000717c00000, 0x0000000717c00000, 0x0000000717e00000|  0%| F|  |TAMS 0x0000000717c00000, 0x0000000717c00000| Untracked 
|  95|0x0000000717e00000, 0x0000000717e00000, 0x0000000718000000|  0%| F|  |TAMS 0x0000000717e00000, 0x0000000717e00000| Untracked 
|  96|0x0000000718000000, 0x0000000718000000, 0x0000000718200000|  0%| F|  |TAMS 0x0000000718000000, 0x0000000718000000| Untracked 
|  97|0x0000000718200000, 0x0000000718200000, 0x0000000718400000|  0%| F|  |TAMS 0x0000000718200000, 0x0000000718200000| Untracked 
|  98|0x0000000718400000, 0x0000000718400000, 0x0000000718600000|  0%| F|  |TAMS 0x0000000718400000, 0x0000000718400000| Untracked 
|  99|0x0000000718600000, 0x0000000718600000, 0x0000000718800000|  0%| F|  |TAMS 0x0000000718600000, 0x0000000718600000| Untracked 
| 100|0x0000000718800000, 0x0000000718800000, 0x0000000718a00000|  0%| F|  |TAMS 0x0000000718800000, 0x0000000718800000| Untracked 
| 101|0x0000000718a00000, 0x0000000718a00000, 0x0000000718c00000|  0%| F|  |TAMS 0x0000000718a00000, 0x0000000718a00000| Untracked 
| 102|0x0000000718c00000, 0x0000000718c00000, 0x0000000718e00000|  0%| F|  |TAMS 0x0000000718c00000, 0x0000000718c00000| Untracked 
| 103|0x0000000718e00000, 0x0000000718e00000, 0x0000000719000000|  0%| F|  |TAMS 0x0000000718e00000, 0x0000000718e00000| Untracked 
| 104|0x0000000719000000, 0x0000000719000000, 0x0000000719200000|  0%| F|  |TAMS 0x0000000719000000, 0x0000000719000000| Untracked 
| 105|0x0000000719200000, 0x0000000719200000, 0x0000000719400000|  0%| F|  |TAMS 0x0000000719200000, 0x0000000719200000| Untracked 
| 106|0x0000000719400000, 0x0000000719400000, 0x0000000719600000|  0%| F|  |TAMS 0x0000000719400000, 0x0000000719400000| Untracked 
| 107|0x0000000719600000, 0x0000000719600000, 0x0000000719800000|  0%| F|  |TAMS 0x0000000719600000, 0x0000000719600000| Untracked 
| 108|0x0000000719800000, 0x00000007199ab9a8, 0x0000000719a00000| 83%| S|CS|TAMS 0x0000000719800000, 0x0000000719800000| Complete 
| 109|0x0000000719a00000, 0x0000000719a00000, 0x0000000719c00000|  0%| F|  |TAMS 0x0000000719a00000, 0x0000000719a00000| Untracked 
| 110|0x0000000719c00000, 0x0000000719c00000, 0x0000000719e00000|  0%| F|  |TAMS 0x0000000719c00000, 0x0000000719c00000| Untracked 
| 111|0x0000000719e00000, 0x0000000719e00000, 0x000000071a000000|  0%| F|  |TAMS 0x0000000719e00000, 0x0000000719e00000| Untracked 
| 112|0x000000071a000000, 0x000000071a000000, 0x000000071a200000|  0%| F|  |TAMS 0x000000071a000000, 0x000000071a000000| Untracked 
| 113|0x000000071a200000, 0x000000071a200000, 0x000000071a400000|  0%| F|  |TAMS 0x000000071a200000, 0x000000071a200000| Untracked 
| 114|0x000000071a400000, 0x000000071a4c8e00, 0x000000071a600000| 39%| E|  |TAMS 0x000000071a400000, 0x000000071a400000| Complete 
| 115|0x000000071a600000, 0x000000071a800000, 0x000000071a800000|100%| E|CS|TAMS 0x000000071a600000, 0x000000071a600000| Complete 
| 116|0x000000071a800000, 0x000000071aa00000, 0x000000071aa00000|100%| E|CS|TAMS 0x000000071a800000, 0x000000071a800000| Complete 
| 117|0x000000071aa00000, 0x000000071ac00000, 0x000000071ac00000|100%| E|CS|TAMS 0x000000071aa00000, 0x000000071aa00000| Complete 
| 118|0x000000071ac00000, 0x000000071ae00000, 0x000000071ae00000|100%| E|CS|TAMS 0x000000071ac00000, 0x000000071ac00000| Complete 
| 119|0x000000071ae00000, 0x000000071b000000, 0x000000071b000000|100%| E|CS|TAMS 0x000000071ae00000, 0x000000071ae00000| Complete 
| 120|0x000000071b000000, 0x000000071b200000, 0x000000071b200000|100%| E|CS|TAMS 0x000000071b000000, 0x000000071b000000| Complete 
| 121|0x000000071b200000, 0x000000071b400000, 0x000000071b400000|100%| E|  |TAMS 0x000000071b200000, 0x000000071b200000| Complete 

Card table byte_map: [0x00000222b13c0000,0x00000222b1b60000] _byte_map_base: 0x00000222adb60000

Marking Bits (Prev, Next): (CMBitMap*) 0x0000022299b8cef0, (CMBitMap*) 0x0000022299b8cf30
 Prev Bits: [0x00000222b2300000, 0x00000222b6000000)
 Next Bits: [0x00000222b6000000, 0x00000222b9d00000)

Polling page: 0x0000022297b00000

Metaspace:

Usage:
  Non-class:     13.63 MB used.
      Class:      1.84 MB used.
       Both:     15.47 MB used.

Virtual space:
  Non-class space:       64.00 MB reserved,      13.75 MB ( 21%) committed,  1 nodes.
      Class space:        1.00 GB reserved,       1.94 MB ( <1%) committed,  1 nodes.
             Both:        1.06 GB reserved,      15.69 MB (  1%) committed. 

Chunk freelists:
   Non-Class:  2.14 MB
       Class:  14.06 MB
        Both:  16.20 MB

MaxMetaspaceSize: unlimited
CompressedClassSpaceSize: 1.00 GB
Initial GC threshold: 21.00 MB
Current GC threshold: 21.00 MB
CDS: on
MetaspaceReclaimPolicy: balanced
 - commit_granule_bytes: 65536.
 - commit_granule_words: 8192.
 - virtual_space_node_default_size: 8388608.
 - enlarge_chunks_in_place: 1.
 - new_chunks_are_fully_committed: 0.
 - uncommit_free_chunks: 1.
 - use_allocation_guard: 0.
 - handle_deallocations: 1.


Internal statistics:

num_allocs_failed_limit: 0.
num_arena_births: 286.
num_arena_deaths: 0.
num_vsnodes_births: 2.
num_vsnodes_deaths: 0.
num_space_committed: 251.
num_space_uncommitted: 0.
num_chunks_returned_to_freelist: 0.
num_chunks_taken_from_freelist: 711.
num_chunk_merges: 0.
num_chunk_splits: 473.
num_chunks_enlarged: 340.
num_inconsistent_stats: 0.

CodeHeap 'non-profiled nmethods': size=119168Kb used=795Kb max_used=795Kb free=118372Kb
 bounds [0x00000222a8f40000, 0x00000222a91b0000, 0x00000222b03a0000]
CodeHeap 'profiled nmethods': size=119104Kb used=4646Kb max_used=4646Kb free=114457Kb
 bounds [0x00000222a13a0000, 0x00000222a1830000, 0x00000222a87f0000]
CodeHeap 'non-nmethods': size=7488Kb used=2966Kb max_used=3014Kb free=4521Kb
 bounds [0x00000222a87f0000, 0x00000222a8af0000, 0x00000222a8f40000]
 total_blobs=2768 nmethods=2256 adapters=421
 compilation: enabled
              stopped_count=0, restarted_count=0
 full_count=0

Compilation events (20 events):
Event: 1.155 Thread 0x00000222fe149600 2117       3       sun.util.locale.LocaleUtils::isLower (18 bytes)
Event: 1.155 Thread 0x00000222fe149600 nmethod 2117 0x00000222a17cc390 code [0x00000222a17cc520, 0x00000222a17cc698]
Event: 1.155 Thread 0x00000222fe149600 2118       3       sun.util.locale.ParseStatus::isError (13 bytes)
Event: 1.155 Thread 0x00000222fe0ff1e0 2119       3       sun.util.locale.BaseLocale::hashCode (67 bytes)
Event: 1.155 Thread 0x00000222fe149600 nmethod 2118 0x00000222a17cc710 code [0x00000222a17cc8a0, 0x00000222a17cca18]
Event: 1.155 Thread 0x00000222fe035640 nmethod 2115 0x00000222a17cca90 code [0x00000222a17ccd80, 0x00000222a17cdf88]
Event: 1.156 Thread 0x00000222fe0ff1e0 nmethod 2119 0x00000222a17ce690 code [0x00000222a17ce860, 0x00000222a17ceb58]
Event: 1.156 Thread 0x00000222fe0ff1e0 2120       1       sun.reflect.generics.repository.AbstractRepository::getFactory (5 bytes)
Event: 1.156 Thread 0x00000222fe0ff1e0 nmethod 2120 0x00000222a8ff7c90 code [0x00000222a8ff7e20, 0x00000222a8ff7ef8]
Event: 1.157 Thread 0x00000222fe0ff1e0 2121       3       sun.util.locale.StringTokenIterator::nextDelimiter (116 bytes)
Event: 1.157 Thread 0x00000222fe149600 2122       3       sun.util.locale.StringTokenIterator::next (74 bytes)
Event: 1.157 Thread 0x00000222fe035640 2123       3       sun.util.locale.StringTokenIterator::hasNext (20 bytes)
Event: 1.157 Thread 0x00000222fe035640 nmethod 2123 0x00000222a17ced10 code [0x00000222a17ceec0, 0x00000222a17cf138]
Event: 1.157 Thread 0x00000222fe035640 2124       3       sun.util.locale.LocaleUtils::isAlphaString (33 bytes)
Event: 1.157 Thread 0x00000222fe149600 nmethod 2122 0x00000222a17cf290 code [0x00000222a17cf460, 0x00000222a17cf8d8]
Event: 1.157 Thread 0x00000222fe149600 2125       3       sun.util.locale.BaseLocale::<init> (76 bytes)
Event: 1.157 Thread 0x00000222fe149600 nmethod 2125 0x00000222a17cfa90 code [0x00000222a17cfcc0, 0x00000222a17d0328]
Event: 1.157 Thread 0x00000222fe149600 2126       3       sun.util.locale.LocaleObjectCache::get (126 bytes)
Event: 1.157 Thread 0x00000222fe035640 nmethod 2124 0x00000222a17d0510 code [0x00000222a17d0740, 0x00000222a17d1058]
Event: 1.157 Thread 0x00000222fe035640 2127       3       sun.util.locale.LocaleObjectCache::cleanStaleEntries (34 bytes)

GC Heap History (4 events):
Event: 0.737 GC heap before
{Heap before GC invocations=0 (full 0):
 garbage-first heap   total 249856K, used 20480K [0x000000070c000000, 0x0000000800000000)
  region size 2048K, 11 young (22528K), 0 survivors (0K)
 Metaspace       used 7470K, committed 7616K, reserved 1114112K
  class space    used 839K, committed 896K, reserved 1048576K
}
Event: 0.743 GC heap after
{Heap after GC invocations=1 (full 0):
 garbage-first heap   total 249856K, used 8275K [0x000000070c000000, 0x0000000800000000)
  region size 2048K, 2 young (4096K), 2 survivors (4096K)
 Metaspace       used 7470K, committed 7616K, reserved 1114112K
  class space    used 839K, committed 896K, reserved 1048576K
}
Event: 1.104 GC heap before
{Heap before GC invocations=1 (full 0):
 garbage-first heap   total 249856K, used 30803K [0x000000070c000000, 0x0000000800000000)
  region size 2048K, 13 young (26624K), 2 survivors (4096K)
 Metaspace       used 12609K, committed 12864K, reserved 1114112K
  class space    used 1562K, committed 1664K, reserved 1048576K
}
Event: 1.108 GC heap after
{Heap after GC invocations=2 (full 0):
 garbage-first heap   total 249856K, used 9654K [0x000000070c000000, 0x0000000800000000)
  region size 2048K, 1 young (2048K), 1 survivors (2048K)
 Metaspace       used 12609K, committed 12864K, reserved 1114112K
  class space    used 1562K, committed 1664K, reserved 1048576K
}

Deoptimization events (20 events):
Event: 1.131 Thread 0x00000222978cdfd0 DEOPT PACKING pc=0x00000222a1578fbc sp=0x00000048c32fe1f0
Event: 1.131 Thread 0x00000222978cdfd0 DEOPT UNPACKING pc=0x00000222a8842b43 sp=0x00000048c32fd6e0 mode 1
Event: 1.134 Thread 0x00000222978cdfd0 DEOPT PACKING pc=0x00000222a15bc574 sp=0x00000048c32fe120
Event: 1.134 Thread 0x00000222978cdfd0 DEOPT UNPACKING pc=0x00000222a8842b43 sp=0x00000048c32fd5b8 mode 1
Event: 1.134 Thread 0x00000222978cdfd0 DEOPT PACKING pc=0x00000222a15bae5c sp=0x00000048c32fe1f0
Event: 1.134 Thread 0x00000222978cdfd0 DEOPT UNPACKING pc=0x00000222a8842b43 sp=0x00000048c32fd6a8 mode 1
Event: 1.135 Thread 0x00000222978cdfd0 DEOPT PACKING pc=0x00000222a1578fbc sp=0x00000048c32feb80
Event: 1.135 Thread 0x00000222978cdfd0 DEOPT UNPACKING pc=0x00000222a8842b43 sp=0x00000048c32fe070 mode 1
Event: 1.147 Thread 0x00000222978cdfd0 DEOPT PACKING pc=0x00000222a15bc574 sp=0x00000048c32fe160
Event: 1.147 Thread 0x00000222978cdfd0 DEOPT UNPACKING pc=0x00000222a8842b43 sp=0x00000048c32fd5f8 mode 1
Event: 1.147 Thread 0x00000222978cdfd0 DEOPT PACKING pc=0x00000222a15bae5c sp=0x00000048c32fe230
Event: 1.147 Thread 0x00000222978cdfd0 DEOPT UNPACKING pc=0x00000222a8842b43 sp=0x00000048c32fd6e8 mode 1
Event: 1.147 Thread 0x00000222978cdfd0 DEOPT PACKING pc=0x00000222a1578fbc sp=0x00000048c32febc0
Event: 1.147 Thread 0x00000222978cdfd0 DEOPT UNPACKING pc=0x00000222a8842b43 sp=0x00000048c32fe0b0 mode 1
Event: 1.148 Thread 0x00000222978cdfd0 DEOPT PACKING pc=0x00000222a15bc574 sp=0x00000048c32fe160
Event: 1.148 Thread 0x00000222978cdfd0 DEOPT UNPACKING pc=0x00000222a8842b43 sp=0x00000048c32fd5f8 mode 1
Event: 1.148 Thread 0x00000222978cdfd0 DEOPT PACKING pc=0x00000222a15bae5c sp=0x00000048c32fe230
Event: 1.148 Thread 0x00000222978cdfd0 DEOPT UNPACKING pc=0x00000222a8842b43 sp=0x00000048c32fd6e8 mode 1
Event: 1.148 Thread 0x00000222978cdfd0 DEOPT PACKING pc=0x00000222a1578fbc sp=0x00000048c32febc0
Event: 1.148 Thread 0x00000222978cdfd0 DEOPT UNPACKING pc=0x00000222a8842b43 sp=0x00000048c32fe0b0 mode 1

Classes unloaded (0 events):
No events

Classes redefined (0 events):
No events

Internal exceptions (20 events):
Event: 0.924 Thread 0x00000222978cdfd0 Exception <a 'java/lang/NoSuchMethodError'{0x000000071abe0790}: 'java.lang.Object java.lang.invoke.DirectMethodHandle$Holder.newInvokeSpecial(java.lang.Object, java.lang.Object, java.lang.Object, java.lang.Object, java.lang.Object, java.lang.Object, int)'> (0x000000071abe0790) 
thrown [s\open\src\hotspot\share\interpreter\linkResolver.cpp, line 759]
Event: 0.925 Thread 0x00000222978cdfd0 Exception <a 'java/lang/NoSuchMethodError'{0x000000071abe57d0}: 'java.lang.Object java.lang.invoke.DirectMethodHandle$Holder.invokeSpecial(java.lang.Object, java.lang.Object, java.lang.Object, java.lang.Object, java.lang.Object, java.lang.Object, java.lang.Object, int)'> (0x000000071abe57d0) 
thrown [s\open\src\hotspot\share\interpreter\linkResolver.cpp, line 759]
Event: 0.950 Thread 0x00000222978cdfd0 Exception <a 'java/lang/NoSuchMethodError'{0x000000071a9571e0}: 'void java.lang.invoke.DirectMethodHandle$Holder.invokeSpecial(java.lang.Object, java.lang.Object, java.lang.Object, java.lang.Object, java.lang.Object)'> (0x000000071a9571e0) 
thrown [s\open\src\hotspot\share\interpreter\linkResolver.cpp, line 759]
Event: 0.958 Thread 0x00000222978cdfd0 Exception <a 'java/lang/NoSuchMethodError'{0x000000071a9a97d0}: 'int java.lang.invoke.DirectMethodHandle$Holder.invokeVirtual(java.lang.Object, java.lang.Object)'> (0x000000071a9a97d0) 
thrown [s\open\src\hotspot\share\interpreter\linkResolver.cpp, line 759]
Event: 0.971 Thread 0x00000222978cdfd0 Exception <a 'java/lang/NoSuchMethodError'{0x000000071a650740}: 'java.lang.Object java.lang.invoke.DirectMethodHandle$Holder.invokeSpecial(java.lang.Object, java.lang.Object, java.lang.Object, int, java.lang.Object)'> (0x000000071a650740) 
thrown [s\open\src\hotspot\share\interpreter\linkResolver.cpp, line 759]
Event: 0.971 Thread 0x00000222978cdfd0 Exception <a 'java/lang/NoSuchMethodError'{0x000000071a658da0}: 'java.lang.Object java.lang.invoke.DirectMethodHandle$Holder.newInvokeSpecial(java.lang.Object, java.lang.Object, java.lang.Object, int, java.lang.Object)'> (0x000000071a658da0) 
thrown [s\open\src\hotspot\share\interpreter\linkResolver.cpp, line 759]
Event: 0.972 Thread 0x00000222978cdfd0 Exception <a 'java/lang/NoSuchMethodError'{0x000000071a660770}: 'java.lang.Object java.lang.invoke.Invokers$Holder.linkToTargetMethod(java.lang.Object, java.lang.Object, int, java.lang.Object, java.lang.Object)'> (0x000000071a660770) 
thrown [s\open\src\hotspot\share\interpreter\linkResolver.cpp, line 759]
Event: 0.972 Thread 0x00000222978cdfd0 Exception <a 'java/lang/NoSuchMethodError'{0x000000071a670348}: 'java.lang.Object java.lang.invoke.DirectMethodHandle$Holder.newInvokeSpecial(java.lang.Object, int, java.lang.Object)'> (0x000000071a670348) 
thrown [s\open\src\hotspot\share\interpreter\linkResolver.cpp, line 759]
Event: 0.973 Thread 0x00000222978cdfd0 Exception <a 'java/lang/NoSuchMethodError'{0x000000071a674318}: 'int java.lang.invoke.DirectMethodHandle$Holder.invokeSpecialIFC(java.lang.Object, java.lang.Object, java.lang.Object, java.lang.Object)'> (0x000000071a674318) 
thrown [s\open\src\hotspot\share\interpreter\linkResolver.cpp, line 759]
Event: 0.988 Thread 0x00000222978cdfd0 Exception <a 'java/lang/NoSuchMethodError'{0x000000071a769ea8}: 'void java.lang.invoke.DirectMethodHandle$Holder.invokeInterface(java.lang.Object, java.lang.Object, java.lang.Object)'> (0x000000071a769ea8) 
thrown [s\open\src\hotspot\share\interpreter\linkResolver.cpp, line 759]
Event: 1.004 Thread 0x00000222978cdfd0 Exception <a 'java/lang/NoSuchMethodError'{0x000000071a7f8df0}: 'void java.lang.invoke.DirectMethodHandle$Holder.invokeStaticInit(java.lang.Object, java.lang.Object, java.lang.Object)'> (0x000000071a7f8df0) 
thrown [s\open\src\hotspot\share\interpreter\linkResolver.cpp, line 759]
Event: 1.011 Thread 0x00000222978cdfd0 Exception <a 'java/lang/NoSuchMethodError'{0x000000071a448dd8}: 'java.lang.Object java.lang.invoke.DirectMethodHandle$Holder.invokeVirtual(java.lang.Object, java.lang.Object, java.lang.Object)'> (0x000000071a448dd8) 
thrown [s\open\src\hotspot\share\interpreter\linkResolver.cpp, line 759]
Event: 1.026 Thread 0x00000222978cdfd0 Exception <a 'java/lang/NoSuchMethodError'{0x000000071a4e77e0}: 'void java.lang.invoke.DirectMethodHandle$Holder.invokeVirtual(java.lang.Object, java.lang.Object, java.lang.Object, java.lang.Object)'> (0x000000071a4e77e0) 
thrown [s\open\src\hotspot\share\interpreter\linkResolver.cpp, line 759]
Event: 1.037 Thread 0x00000222978cdfd0 Exception <a 'java/lang/NoSuchMethodError'{0x000000071a5a0c28}: 'java.lang.Object java.lang.invoke.DirectMethodHandle$Holder.invokeSpecial(java.lang.Object, java.lang.Object, long, java.lang.Object, java.lang.Object, java.lang.Object, java.lang.Object, java.lang.Object, java.lang.Object)'> (0x000000071a5a0c28) 
thrown [s\open\src\hotspot\share\interpreter\linkResolver.cpp, line 759]
Event: 1.037 Thread 0x00000222978cdfd0 Exception <a 'java/lang/NoSuchMethodError'{0x000000071a5a5ea0}: 'java.lang.Object java.lang.invoke.DelegatingMethodHandle$Holder.reinvoke_L(java.lang.Object, long, java.lang.Object, java.lang.Object, java.lang.Object, java.lang.Object, java.lang.Object, java.lang.Object)'> (0x000000071a5a5ea0) 
thrown [s\open\src\hotspot\share\interpreter\linkResolver.cpp, line 759]
Event: 1.072 Thread 0x00000222978cdfd0 Exception <a 'java/lang/NoSuchMethodError'{0x000000071a39b638}: 'void java.lang.invoke.DirectMethodHandle$Holder.invokeSpecial(java.lang.Object, java.lang.Object, java.lang.Object)'> (0x000000071a39b638) 
thrown [s\open\src\hotspot\share\interpreter\linkResolver.cpp, line 759]
Event: 1.077 Thread 0x00000222ff0af3b0 Exception <a 'java/lang/NoClassDefFoundError'{0x000000071a0188c8}: jakarta/validation/Validation> (0x000000071a0188c8) 
thrown [s\open\src\hotspot\share\classfile\systemDictionary.cpp, line 245]
Event: 1.078 Thread 0x00000222978cdfd0 Exception <a 'java/lang/NoSuchMethodError'{0x000000071a3ea0b8}: 'java.lang.Object java.lang.invoke.DirectMethodHandle$Holder.invokeStatic(java.lang.Object, java.lang.Object, int)'> (0x000000071a3ea0b8) 
thrown [s\open\src\hotspot\share\interpreter\linkResolver.cpp, line 759]
Event: 1.079 Thread 0x00000222978cdfd0 Exception <a 'java/lang/NoSuchMethodError'{0x000000071a3f5828}: 'void java.lang.invoke.DelegatingMethodHandle$Holder.delegate(java.lang.Object, java.lang.Object, int, java.lang.Object)'> (0x000000071a3f5828) 
thrown [s\open\src\hotspot\share\interpreter\linkResolver.cpp, line 759]
Event: 1.086 Thread 0x00000222978cdfd0 Exception <a 'java/lang/IncompatibleClassChangeError'{0x000000071a172fa0}: Found class java.lang.Object, but interface was expected> (0x000000071a172fa0) 
thrown [s\open\src\hotspot\share\interpreter\linkResolver.cpp, line 826]

VM Operations (20 events):
Event: 0.545 Executing VM operation: HandshakeAllThreads
Event: 0.545 Executing VM operation: HandshakeAllThreads done
Event: 0.596 Executing VM operation: HandshakeAllThreads
Event: 0.596 Executing VM operation: HandshakeAllThreads done
Event: 0.600 Executing VM operation: HandshakeAllThreads
Event: 0.600 Executing VM operation: HandshakeAllThreads done
Event: 0.737 Executing VM operation: G1CollectForAllocation
Event: 0.743 Executing VM operation: G1CollectForAllocation done
Event: 0.802 Executing VM operation: HandshakeAllThreads
Event: 0.802 Executing VM operation: HandshakeAllThreads done
Event: 0.956 Executing VM operation: HandshakeAllThreads
Event: 0.956 Executing VM operation: HandshakeAllThreads done
Event: 1.015 Executing VM operation: ICBufferFull
Event: 1.015 Executing VM operation: ICBufferFull done
Event: 1.070 Executing VM operation: HandshakeAllThreads
Event: 1.070 Executing VM operation: HandshakeAllThreads done
Event: 1.070 Executing VM operation: HandshakeAllThreads
Event: 1.070 Executing VM operation: HandshakeAllThreads done
Event: 1.104 Executing VM operation: G1CollectForAllocation
Event: 1.108 Executing VM operation: G1CollectForAllocation done

Events (20 events):
Event: 1.128 loading class java/util/RegularEnumSet$EnumSetIterator
Event: 1.128 loading class java/util/RegularEnumSet$EnumSetIterator done
Event: 1.138 loading class java/beans/Transient
Event: 1.138 loading class java/beans/Transient done
Event: 1.138 loading class java/beans/ConstructorProperties
Event: 1.138 loading class java/beans/ConstructorProperties done
Event: 1.140 loading class java/io/InvalidObjectException
Event: 1.140 loading class java/io/InvalidObjectException done
Event: 1.141 loading class java/util/concurrent/ConcurrentLinkedQueue
Event: 1.142 loading class java/util/concurrent/ConcurrentLinkedQueue done
Event: 1.142 loading class java/util/concurrent/ConcurrentLinkedQueue$Node
Event: 1.142 loading class java/util/concurrent/ConcurrentLinkedQueue$Node done
Event: 1.143 loading class java/util/concurrent/atomic/AtomicLongArray
Event: 1.143 loading class java/util/concurrent/atomic/AtomicLongArray done
Event: 1.143 loading class java/lang/invoke/VarHandleLongs$Array
Event: 1.143 loading class java/lang/invoke/VarHandleLongs$Array done
Event: 1.143 loading class java/util/concurrent/atomic/AtomicReferenceArray
Event: 1.143 loading class java/util/concurrent/atomic/AtomicReferenceArray done
Event: 1.150 loading class jdk/internal/module/ModulePatcher$PatchedModuleReader
Event: 1.151 loading class jdk/internal/module/ModulePatcher$PatchedModuleReader done


Dynamic libraries:
0x00007ff7a54d0000 - 0x00007ff7a54e0000 	C:\Program Files\Java\jdk-17\bin\java.exe
0x00007ffb23e30000 - 0x00007ffb24047000 	C:\WINDOWS\SYSTEM32\ntdll.dll
0x00007ffb22170000 - 0x00007ffb22234000 	C:\WINDOWS\System32\KERNEL32.DLL
0x00007ffb215c0000 - 0x00007ffb2197a000 	C:\WINDOWS\System32\KERNELBASE.dll
0x00007ffb21210000 - 0x00007ffb21321000 	C:\WINDOWS\System32\ucrtbase.dll
0x00007ffb18d50000 - 0x00007ffb18d69000 	C:\Program Files\Java\jdk-17\bin\jli.dll
0x00007ffb13890000 - 0x00007ffb138ab000 	C:\Program Files\Java\jdk-17\bin\VCRUNTIME140.dll
0x00007ffb22840000 - 0x00007ffb228f2000 	C:\WINDOWS\System32\ADVAPI32.dll
0x00007ffb233b0000 - 0x00007ffb23457000 	C:\WINDOWS\System32\msvcrt.dll
0x00007ffb23850000 - 0x00007ffb238f7000 	C:\WINDOWS\System32\sechost.dll
0x00007ffb21590000 - 0x00007ffb215b8000 	C:\WINDOWS\System32\bcrypt.dll
0x00007ffb23730000 - 0x00007ffb23844000 	C:\WINDOWS\System32\RPCRT4.dll
0x00007ffb234a0000 - 0x00007ffb2364e000 	C:\WINDOWS\System32\USER32.dll
0x00007ffb213f0000 - 0x00007ffb21416000 	C:\WINDOWS\System32\win32u.dll
0x00007ffb13340000 - 0x00007ffb135d2000 	C:\WINDOWS\WinSxS\amd64_microsoft.windows.common-controls_6595b64144ccf1df_6.0.22621.4541_none_2710d1c57384c085\COMCTL32.dll
0x00007ffb222f0000 - 0x00007ffb22319000 	C:\WINDOWS\System32\GDI32.dll
0x00007ffb210f0000 - 0x00007ffb2120b000 	C:\WINDOWS\System32\gdi32full.dll
0x00007ffb21980000 - 0x00007ffb21a1a000 	C:\WINDOWS\System32\msvcp_win.dll
0x00007ffb1b790000 - 0x00007ffb1b79a000 	C:\WINDOWS\SYSTEM32\VERSION.dll
0x00007ffb23460000 - 0x00007ffb23491000 	C:\WINDOWS\System32\IMM32.DLL
0x00007ffb1d6f0000 - 0x00007ffb1d6fc000 	C:\Program Files\Java\jdk-17\bin\vcruntime140_1.dll
0x00007ffadd0f0000 - 0x00007ffadd17e000 	C:\Program Files\Java\jdk-17\bin\msvcp140.dll
0x00007ffaccc80000 - 0x00007ffacd861000 	C:\Program Files\Java\jdk-17\bin\server\jvm.dll
0x00007ffb22a00000 - 0x00007ffb22a08000 	C:\WINDOWS\System32\PSAPI.DLL
0x00007ffb17210000 - 0x00007ffb17244000 	C:\WINDOWS\SYSTEM32\WINMM.dll
0x00007ffb0dd30000 - 0x00007ffb0dd39000 	C:\WINDOWS\SYSTEM32\WSOCK32.dll
0x00007ffb22090000 - 0x00007ffb22101000 	C:\WINDOWS\System32\WS2_32.dll
0x00007ffb20130000 - 0x00007ffb20148000 	C:\WINDOWS\SYSTEM32\kernel.appcore.dll
0x00007ffb1cb50000 - 0x00007ffb1cb5a000 	C:\Program Files\Java\jdk-17\bin\jimage.dll
0x00007ffb1a6e0000 - 0x00007ffb1a912000 	C:\WINDOWS\SYSTEM32\DBGHELP.DLL
0x00007ffb22320000 - 0x00007ffb226b1000 	C:\WINDOWS\System32\combase.dll
0x00007ffb23650000 - 0x00007ffb23727000 	C:\WINDOWS\System32\OLEAUT32.dll
0x00007ffb19b80000 - 0x00007ffb19bb2000 	C:\WINDOWS\SYSTEM32\dbgcore.DLL
0x00007ffb21aa0000 - 0x00007ffb21b1b000 	C:\WINDOWS\System32\bcryptPrimitives.dll
0x00007ffaf51f0000 - 0x00007ffaf522b000 	C:\Program Files\Java\jdk-17\bin\jdwp.dll
0x00007ffb0f390000 - 0x00007ffb0f3b5000 	C:\Program Files\Java\jdk-17\bin\java.dll
0x00007ffad4600000 - 0x00007ffad46d7000 	C:\Program Files\Java\jdk-17\bin\jsvml.dll
0x00007ffb22a90000 - 0x00007ffb23309000 	C:\WINDOWS\System32\SHELL32.dll
0x00007ffb1f030000 - 0x00007ffb1f939000 	C:\WINDOWS\SYSTEM32\windows.storage.dll
0x00007ffb1eef0000 - 0x00007ffb1f02f000 	C:\WINDOWS\SYSTEM32\wintypes.dll
0x00007ffb22720000 - 0x00007ffb2281a000 	C:\WINDOWS\System32\SHCORE.dll
0x00007ffb226c0000 - 0x00007ffb2271e000 	C:\WINDOWS\System32\shlwapi.dll
0x00007ffb21020000 - 0x00007ffb2104b000 	C:\WINDOWS\SYSTEM32\profapi.dll
0x00007ffb15890000 - 0x00007ffb1589c000 	C:\Program Files\Java\jdk-17\bin\dt_socket.dll
0x00007ffb1fba0000 - 0x00007ffb1fbcd000 	C:\WINDOWS\SYSTEM32\IPHLPAPI.DLL
0x00007ffb205b0000 - 0x00007ffb20619000 	C:\WINDOWS\system32\mswsock.dll
0x00007ffb1fbd0000 - 0x00007ffb1fcd2000 	C:\WINDOWS\SYSTEM32\DNSAPI.dll
0x00007ffb233a0000 - 0x00007ffb233a9000 	C:\WINDOWS\System32\NSI.dll
0x00007ffb1d540000 - 0x00007ffb1d54a000 	C:\Windows\System32\rasadhlp.dll
0x00007ffb1d430000 - 0x00007ffb1d4b3000 	C:\WINDOWS\System32\fwpuclnt.dll
0x00007ffafc830000 - 0x00007ffafc849000 	C:\Program Files\Java\jdk-17\bin\net.dll
0x00007ffb1dfd0000 - 0x00007ffb1e106000 	C:\WINDOWS\SYSTEM32\WINHTTP.dll
0x00007ffaf71d0000 - 0x00007ffaf71e6000 	C:\Program Files\Java\jdk-17\bin\nio.dll
0x00007ffb0fb40000 - 0x00007ffb0fb58000 	C:\Program Files\Java\jdk-17\bin\zip.dll
0x00007ffb1d150000 - 0x00007ffb1d15a000 	C:\Program Files\Java\jdk-17\bin\management.dll
0x00007ffb1cc90000 - 0x00007ffb1cc9b000 	C:\Program Files\Java\jdk-17\bin\management_ext.dll
0x00007ffafa180000 - 0x00007ffafa197000 	C:\WINDOWS\system32\napinsp.dll
0x00007ffafa160000 - 0x00007ffafa17b000 	C:\WINDOWS\system32\pnrpnsp.dll
0x00007ffafa140000 - 0x00007ffafa151000 	C:\WINDOWS\System32\winrnr.dll
0x00007ffafa120000 - 0x00007ffafa135000 	C:\WINDOWS\system32\wshbth.dll
0x00007ffafa0c0000 - 0x00007ffafa0e7000 	C:\WINDOWS\system32\nlansp_c.dll
0x00007ffb20800000 - 0x00007ffb2081b000 	C:\WINDOWS\SYSTEM32\CRYPTSP.dll
0x00007ffb20090000 - 0x00007ffb200c5000 	C:\WINDOWS\system32\rsaenh.dll
0x00007ffb206a0000 - 0x00007ffb206c8000 	C:\WINDOWS\SYSTEM32\USERENV.dll
0x00007ffb20820000 - 0x00007ffb2082c000 	C:\WINDOWS\SYSTEM32\CRYPTBASE.dll
0x00007ffb1d760000 - 0x00007ffb1d779000 	C:\WINDOWS\SYSTEM32\dhcpcsvc6.DLL
0x00007ffb1d740000 - 0x00007ffb1d75f000 	C:\WINDOWS\SYSTEM32\dhcpcsvc.DLL

dbghelp: loaded successfully - version: 4.0.5 - missing functions: none
symbol engine: initialized successfully - sym options: 0x614 - pdb path: .;C:\Program Files\Java\jdk-17\bin;C:\WINDOWS\SYSTEM32;C:\WINDOWS\WinSxS\amd64_microsoft.windows.common-controls_6595b64144ccf1df_6.0.22621.4541_none_2710d1c57384c085;C:\Program Files\Java\jdk-17\bin\server

VM Arguments:
jvm_args: -agentlib:jdwp=transport=dt_socket,server=n,suspend=y,address=localhost:52987 -Dcom.sun.management.jmxremote -Dcom.sun.management.jmxremote.port=52965 -Dcom.sun.management.jmxremote.authenticate=false -Dcom.sun.management.jmxremote.ssl=false -Dspring.jmx.enabled=true -Djava.rmi.server.hostname=localhost -Dspring.application.admin.enabled=true -Dspring.boot.project.name=thuan -XX:+ShowCodeDetailsInExceptionMessages 
java_command: com.example.thuan.ThuanApplication
java_class_path (initial): E:\SWP391_GR5_SE1812\ReadHasha_BackEnd\thuan\build\resources\main;E:\SWP391_GR5_SE1812\ReadHasha_BackEnd\thuan\build\classes\java\main;C:\Users\ASUS\.gradle\caches\modules-2\files-2.1\org.apache.tomcat.embed\tomcat-embed-el\10.1.34\d2b2daca3bc999c62e58ae36b45ba0582530fb25\tomcat-embed-el-10.1.34.jar;C:\Users\ASUS\.gradle\caches\modules-2\files-2.1\io.micrometer\micrometer-commons\1.14.3\bf17f05dd6343d36ecc31076197a962cfdf46131\micrometer-commons-1.14.3.jar;C:\Users\ASUS\.gradle\caches\modules-2\files-2.1\org.hibernate.orm\hibernate-core\6.6.5.Final\c81deca40ebdb823d9f8a9e5dc5798a6a205626a\hibernate-core-6.6.5.Final.jar;C:\Users\ASUS\.gradle\caches\modules-2\files-2.1\com.fasterxml.jackson.core\jackson-annotations\2.15.0\89b0fd554928425a776a6e97ed010034312af21d\jackson-annotations-2.15.0.jar;C:\Users\ASUS\.gradle\caches\modules-2\files-2.1\org.glassfish.jaxb\jaxb-core\4.0.5\7b4b11ea5542eea4ad55e1080b23be436795b3\jaxb-core-4.0.5.jar;C:\Users\ASUS\.gradle\caches\modules-2\files-2.1\org.springframework.boot\spring-boot-starter-logging\3.4.2\be7631ab8d3cb2a6a3c9981dcaa6d0867c964772\spring-boot-starter-logging-3.4.2.jar;C:\Users\ASUS\.gradle\caches\modules-2\files-2.1\ch.qos.logback\logback-core\1.5.16\4f17700f046900aea2fadf115e2d67fec921f7fd\logback-core-1.5.16.jar;C:\Users\ASUS\.gradle\caches\modules-2\files-2.1\org.springframework.data\spring-data-jpa\3.4.2\4213f2d185b49447057823f5ef9de41e931f4f2e\spring-data-jpa-3.4.2.jar;C:\Users\ASUS\.gradle\caches\modules-2\files-2.1\org.apache.logging.log4j\log4j-api\2.24.3\b02c125db8b6d295adf72ae6e71af5d83bce2370\log4j-api-2.24.3.jar;C:\Users\ASUS\.gradle\caches\modules-2\files-2.1\com.zaxxer\HikariCP\5.1.0\8c96e36c14461fc436bb02b264b96ef3ca5dca8c\HikariCP-5.1.0.jar;C:\Users\ASUS\.gradle\caches\modules-2\files-2.1\org.springframework\spring-beans\6.2.2\ec8ee520ff7b147de8ac04d330848d468253f84d\spring-beans-6.2.2.jar;C:\Users\ASUS\.gradle\caches\modules-2\files-2.1\org.springframework\spring-jcl\6.2.2\1
Launcher Type: SUN_STANDARD

[Global flags]
     intx CICompilerCount                          = 12                                        {product} {ergonomic}
     uint ConcGCThreads                            = 3                                         {product} {ergonomic}
     uint G1ConcRefinementThreads                  = 13                                        {product} {ergonomic}
   size_t G1HeapRegionSize                         = 2097152                                   {product} {ergonomic}
    uintx GCDrainStackTargetSize                   = 64                                        {product} {ergonomic}
   size_t InitialHeapSize                          = 255852544                                 {product} {ergonomic}
     bool ManagementServer                         = true                                      {product} {command line}
   size_t MarkStackSize                            = 4194304                                   {product} {ergonomic}
   size_t MaxHeapSize                              = 4093640704                                {product} {ergonomic}
   size_t MaxNewSize                               = 2455764992                                {product} {ergonomic}
   size_t MinHeapDeltaBytes                        = 2097152                                   {product} {ergonomic}
   size_t MinHeapSize                              = 8388608                                   {product} {ergonomic}
    uintx NonNMethodCodeHeapSize                   = 7602480                                {pd product} {ergonomic}
    uintx NonProfiledCodeHeapSize                  = 122027880                              {pd product} {ergonomic}
    uintx ProfiledCodeHeapSize                     = 122027880                              {pd product} {ergonomic}
    uintx ReservedCodeCacheSize                    = 251658240                              {pd product} {ergonomic}
     bool SegmentedCodeCache                       = true                                      {product} {ergonomic}
     bool ShowCodeDetailsInExceptionMessages       = true                                   {manageable} {command line}
   size_t SoftMaxHeapSize                          = 4093640704                             {manageable} {ergonomic}
     bool UseCompressedClassPointers               = true                           {product lp64_product} {ergonomic}
     bool UseCompressedOops                        = true                           {product lp64_product} {ergonomic}
     bool UseG1GC                                  = true                                      {product} {ergonomic}
     bool UseLargePagesIndividualAllocation        = false                                  {pd product} {ergonomic}

Logging:
Log output configuration:
 #0: stdout all=warning uptime,level,tags
 #1: stderr all=off uptime,level,tags

Environment Variables:
PATH=C:\Program Files\Common Files\Oracle\Java\javapath;C:\Program Files (x86)\Common Files\Oracle\Java\java8path;C:\Program Files (x86)\Common Files\Oracle\Java\javapath;C:\ProgramData\Oracle\Java\javapath;C:\Windows\system32;C:\Windows;C:\Windows\System32\Wbem;C:\Windows\System32\WindowsPowerShell\v1.0\;C:\Windows\System32\OpenSSH\;C:\Program Files (x86)\NVIDIA Corporation\PhysX\Common;C:\WINDOWS\system32;C:\WINDOWS;C:\WINDOWS\System32\Wbem;C:\WINDOWS\System32\WindowsPowerShell\v1.0\;C:\WINDOWS\System32\OpenSSH\;C:\Program Files (x86)\Microsoft SQL Server\160\Tools\Binn\;C:\Program Files\Microsoft SQL Server\160\Tools\Binn\;C:\Program Files\Microsoft SQL Server\Client SDK\ODBC\170\Tools\Binn\;C:\Program Files\Microsoft SQL Server\160\DTS\Binn\;C:\Program Files (x86)\Microsoft SQL Server\160\DTS\Binn\;C:\Program Files\Azure Data Studio\bin;C:\Program Files\dotnet\;C:\Program Files\nodejs\;C:\Program Files\Git\cmd;C:\Program Files\Cloudflare\Cloudflare WARP\;C:\Program Files\NVIDIA Corporation\NVIDIA app\NvDLISR;C:\Program Files\MySQL\MySQL Shell 8.0\bin\;C:\Users\ASUS\AppData\Local\Microsoft\WindowsApps;;C:\Program Files\Azure Data Studio\bin;C:\Users\ASUS\AppData\Local\Programs\Microsoft VS Code\bin;C:\Users\ASUS\AppData\Roaming\npm
USERNAME=ASUS
LANG=en_US.UTF-8
OS=Windows_NT
PROCESSOR_IDENTIFIER=AMD64 Family 25 Model 68 Stepping 1, AuthenticAMD



---------------  S Y S T E M  ---------------

OS:
 Windows 11 , 64 bit Build 22621 (10.0.22621.4391)
OS uptime: 10 days 14:17 hours

CPU: total 16 (initial active 16) (16 cores per cpu, 2 threads per core) family 25 model 68 stepping 1 microcode 0x0, cx8, cmov, fxsr, ht, mmx, 3dnowpref, sse, sse2, sse3, ssse3, sse4a, sse4.1, sse4.2, popcnt, lzcnt, tsc, tscinvbit, avx, avx2, aes, clmul, bmi1, bmi2, adx, sha, fma, vzeroupper, clflush, clflushopt

Memory: 4k page, system-wide physical 15613M (1809M free)
TotalPageFile size 19709M (AvailPageFile size 8M)
current process WorkingSet (physical memory assigned to process): 129M, peak: 130M
current process commit charge ("private bytes"): 396M, peak: 398M

vm_info: Java HotSpot(TM) 64-Bit Server VM (17.0.9+11-LTS-201) for windows-amd64 JRE (17.0.9+11-LTS-201), built on Oct 10 2023 23:16:06 by "mach5one" with MS VC++ 17.1 (VS2022)

END.
