#
# There is insufficient memory for the Java Runtime Environment to continue.
# Native memory allocation (malloc) failed to allocate 1192656 bytes. Error detail: Chunk::new
# Possible reasons:
#   The system is out of physical RAM or swap space
#   This process is running with CompressedOops enabled, and the Java Heap may be blocking the growth of the native heap
# Possible solutions:
#   Reduce memory load on the system
#   Increase physical memory or swap space
#   Check if swap backing store is full
#   Decrease Java heap size (-Xmx/-Xms)
#   Decrease number of Java threads
#   Decrease Java thread stack sizes (-Xss)
#   Set larger code cache with -XX:ReservedCodeCacheSize=
#   JVM is running with Unscaled Compressed Oops mode in which the Java heap is
#     placed in the first 4GB address space. The Java Heap base address is the
#     maximum limit for the native heap growth. Please use -XX:HeapBaseMinAddress
#     to set the Java Heap base and to place the Java Heap above 4GB virtual address.
# This output file may be truncated or incomplete.
#
#  Out of Memory Error (arena.cpp:168), pid=25360, tid=27144
#
# JRE version: OpenJDK Runtime Environment Temurin-21.0.5+11 (21.0.5+11) (build 21.0.5+11-LTS)
# Java VM: OpenJDK 64-Bit Server VM Temurin-21.0.5+11 (21.0.5+11-LTS, mixed mode, sharing, tiered, compressed oops, compressed class ptrs, parallel gc, windows-amd64)
# No core dump will be written. Minidumps are not enabled by default on client versions of Windows
#

---------------  S U M M A R Y ------------

Command Line: --add-modules=ALL-SYSTEM --add-opens=java.base/java.util=ALL-UNNAMED --add-opens=java.base/java.lang=ALL-UNNAMED --add-opens=java.base/sun.nio.fs=ALL-UNNAMED -Declipse.application=org.eclipse.jdt.ls.core.id1 -Dosgi.bundles.defaultStartLevel=4 -Declipse.product=org.eclipse.jdt.ls.core.product -Djava.import.generatesMetadataFilesAtProjectRoot=false -DDetectVMInstallationsJob.disabled=true -Dfile.encoding=utf8 -XX:+UseParallelGC -XX:GCTimeRatio=4 -XX:AdaptiveSizePolicyWeight=90 -Dsun.zip.disableMemoryMapping=true -Xmx1G -Xms100m -Xlog:disable -javaagent:c:\Users\ASUS\.vscode\extensions\redhat.java-1.39.0-win32-x64\lombok\lombok-1.18.34.jar -XX:+HeapDumpOnOutOfMemoryError -XX:HeapDumpPath=c:\Users\ASUS\AppData\Roaming\Code\User\workspaceStorage\a26ced7fe018b66e12da886babd7af56\redhat.java -Daether.dependencyCollector.impl=bf c:\Users\ASUS\.vscode\extensions\redhat.java-1.39.0-win32-x64\server\plugins\org.eclipse.equinox.launcher_1.6.900.v20240613-2009.jar -configuration c:\Users\ASUS\AppData\Roaming\Code\User\globalStorage\redhat.java\1.39.0\config_win -data c:\Users\ASUS\AppData\Roaming\Code\User\workspaceStorage\a26ced7fe018b66e12da886babd7af56\redhat.java\jdt_ws --pipe=\\.\pipe\lsp-d9c465d18a5722f91fc80640ab9daa20-sock

Host: AMD Ryzen 7 6800H with Radeon Graphics         , 16 cores, 15G,  Windows 11 , 64 bit Build 22621 (10.0.22621.4391)
Time: Wed Feb  5 15:59:35 2025 SE Asia Standard Time elapsed time: 5627.810709 seconds (0d 1h 33m 47s)

---------------  T H R E A D  ---------------

Current thread (0x0000021f8aac4b90):  JavaThread "C2 CompilerThread3" daemon [_thread_in_native, id=27144, stack(0x000000c17ce00000,0x000000c17cf00000) (1024K)]


Current CompileTask:
C2:5627810 18771   !   4       org.eclipse.jdt.internal.core.JarPackageFragmentRoot::computeChildren (605 bytes)

Stack: [0x000000c17ce00000,0x000000c17cf00000]
Native frames: (J=compiled Java code, j=interpreted, Vv=VM code, C=native code)
V  [jvm.dll+0x6cd4e9]
V  [jvm.dll+0x8a7941]
V  [jvm.dll+0x8a9e6e]
V  [jvm.dll+0x8aa543]
V  [jvm.dll+0x27f6d6]
V  [jvm.dll+0xc500d]
V  [jvm.dll+0xc5543]
V  [jvm.dll+0x2f2a9d]
V  [jvm.dll+0x5f67ea]
V  [jvm.dll+0x250b82]
V  [jvm.dll+0x250f3f]
V  [jvm.dll+0x249814]
V  [jvm.dll+0x246ea4]
V  [jvm.dll+0x1c75ce]
V  [jvm.dll+0x25682a]
V  [jvm.dll+0x254dca]
V  [jvm.dll+0x3f00d6]
V  [jvm.dll+0x8514fb]
V  [jvm.dll+0x6cbbed]
C  [ucrtbase.dll+0x29333]
C  [KERNEL32.DLL+0x1259d]
C  [ntdll.dll+0x5af38]


---------------  P R O C E S S  ---------------

Threads class SMR info:
_java_thread_list=0x0000021f832cbe70, length=76, elements={
0x0000021f2c4723f0, 0x0000021f831743c0, 0x0000021f83175bc0, 0x0000021f83178e70,
0x0000021f83179fd0, 0x0000021f8317da50, 0x0000021f831816a0, 0x0000021f8318b800,
0x0000021f8318df60, 0x0000021f83288140, 0x0000021f83286d90, 0x0000021f83288e60,
0x0000021f83287420, 0x0000021f83286070, 0x0000021f83287ab0, 0x0000021f832887d0,
0x0000021f832894f0, 0x0000021f898a4150, 0x0000021f898a9010, 0x0000021f898a47e0,
0x0000021f898aaa50, 0x0000021f898a96a0, 0x0000021f898a3ac0, 0x0000021f898a6220,
0x0000021f898a82f0, 0x0000021f898a68b0, 0x0000021f898a8980, 0x0000021f898a6f40,
0x0000021f83286700, 0x0000021f8cda4b20, 0x0000021f8cda5ed0, 0x0000021f8cda6bf0,
0x0000021f8cda7910, 0x0000021f8cda6560, 0x0000021f8cda7280, 0x0000021f8cda5840,
0x0000021f8cda7fa0, 0x0000021f8cda51b0, 0x0000021f8b8eb840, 0x0000021f8b8e83c0,
0x0000021f8b8e7010, 0x0000021f8e5f2110, 0x0000021f8e5f62b0, 0x0000021f8e5f3b50,
0x0000021f8e5f27a0, 0x0000021f8e5f41e0, 0x0000021f8e5f4870, 0x0000021f8e5f5590,
0x0000021f8e5f6940, 0x0000021f8e5f0040, 0x0000021f8e5f06d0, 0x0000021f8e5f0d60,
0x0000021f8b8ed280, 0x0000021f9050aff0, 0x0000021f90506e50, 0x0000021f8b8ed910,
0x0000021f8b8e7d30, 0x0000021f8b8ebed0, 0x0000021f8e5f6fd0, 0x0000021f8e5f2e30,
0x0000021f90508890, 0x0000021f8e5f34c0, 0x0000021f8f7a3ea0, 0x0000021f8f7a3180,
0x0000021f8f7a10b0, 0x0000021f8f7a2460, 0x0000021f8f7a2af0, 0x0000021f8f7a3810,
0x0000021f9050a2d0, 0x0000021f90507b70, 0x0000021f9050b680, 0x0000021f905074e0,
0x0000021f8aac2980, 0x0000021f905095b0, 0x0000021f8aac5260, 0x0000021f8aac4b90
}

Java Threads: ( => current thread )
  0x0000021f2c4723f0 JavaThread "main"                              [_thread_blocked, id=25764, stack(0x000000c177700000,0x000000c177800000) (1024K)]
  0x0000021f831743c0 JavaThread "Reference Handler"          daemon [_thread_blocked, id=31588, stack(0x000000c177b00000,0x000000c177c00000) (1024K)]
  0x0000021f83175bc0 JavaThread "Finalizer"                  daemon [_thread_blocked, id=14400, stack(0x000000c177c00000,0x000000c177d00000) (1024K)]
  0x0000021f83178e70 JavaThread "Signal Dispatcher"          daemon [_thread_blocked, id=22556, stack(0x000000c177d00000,0x000000c177e00000) (1024K)]
  0x0000021f83179fd0 JavaThread "Attach Listener"            daemon [_thread_blocked, id=34016, stack(0x000000c177e00000,0x000000c177f00000) (1024K)]
  0x0000021f8317da50 JavaThread "Service Thread"             daemon [_thread_blocked, id=27212, stack(0x000000c177f00000,0x000000c178000000) (1024K)]
  0x0000021f831816a0 JavaThread "Monitor Deflation Thread"   daemon [_thread_blocked, id=35536, stack(0x000000c178000000,0x000000c178100000) (1024K)]
  0x0000021f8318b800 JavaThread "C2 CompilerThread0"         daemon [_thread_in_native, id=4740, stack(0x000000c178100000,0x000000c178200000) (1024K)]
  0x0000021f8318df60 JavaThread "C1 CompilerThread0"         daemon [_thread_blocked, id=35760, stack(0x000000c178200000,0x000000c178300000) (1024K)]
  0x0000021f83288140 JavaThread "Common-Cleaner"             daemon [_thread_blocked, id=35564, stack(0x000000c178300000,0x000000c178400000) (1024K)]
  0x0000021f83286d90 JavaThread "Notification Thread"        daemon [_thread_blocked, id=14688, stack(0x000000c178800000,0x000000c178900000) (1024K)]
  0x0000021f83288e60 JavaThread "Active Thread: Equinox Container: 7eaf5705-1db4-4103-8a71-744d668cd78e"        [_thread_blocked, id=15504, stack(0x000000c179100000,0x000000c179200000) (1024K)]
  0x0000021f83287420 JavaThread "Refresh Thread: Equinox Container: 7eaf5705-1db4-4103-8a71-744d668cd78e" daemon [_thread_blocked, id=34732, stack(0x000000c178700000,0x000000c178800000) (1024K)]
  0x0000021f83286070 JavaThread "Framework Event Dispatcher: Equinox Container: 7eaf5705-1db4-4103-8a71-744d668cd78e" daemon [_thread_blocked, id=25556, stack(0x000000c178900000,0x000000c178a00000) (1024K)]
  0x0000021f83287ab0 JavaThread "Start Level: Equinox Container: 7eaf5705-1db4-4103-8a71-744d668cd78e" daemon [_thread_blocked, id=31768, stack(0x000000c178a00000,0x000000c178b00000) (1024K)]
  0x0000021f832887d0 JavaThread "Bundle File Closer"         daemon [_thread_blocked, id=25656, stack(0x000000c178b00000,0x000000c178c00000) (1024K)]
  0x0000021f832894f0 JavaThread "SCR Component Actor"        daemon [_thread_blocked, id=23684, stack(0x000000c179400000,0x000000c179500000) (1024K)]
  0x0000021f898a4150 JavaThread "Worker-JM"                         [_thread_blocked, id=5700, stack(0x000000c179d00000,0x000000c179e00000) (1024K)]
  0x0000021f898a9010 JavaThread "JNA Cleaner"                daemon [_thread_blocked, id=12552, stack(0x000000c179e00000,0x000000c179f00000) (1024K)]
  0x0000021f898a47e0 JavaThread "Java indexing"              daemon [_thread_in_Java, id=22444, stack(0x000000c179500000,0x000000c179600000) (1024K)]
  0x0000021f898aaa50 JavaThread "Thread-2"                   daemon [_thread_in_native, id=6900, stack(0x000000c17a200000,0x000000c17a300000) (1024K)]
  0x0000021f898a96a0 JavaThread "Thread-3"                   daemon [_thread_in_native, id=19288, stack(0x000000c17a300000,0x000000c17a400000) (1024K)]
  0x0000021f898a3ac0 JavaThread "Thread-4"                   daemon [_thread_in_native, id=21344, stack(0x000000c17a400000,0x000000c17a500000) (1024K)]
  0x0000021f898a6220 JavaThread "Thread-5"                   daemon [_thread_in_native, id=2424, stack(0x000000c17a500000,0x000000c17a600000) (1024K)]
  0x0000021f898a82f0 JavaThread "Thread-6"                   daemon [_thread_in_native, id=2124, stack(0x000000c17a600000,0x000000c17a700000) (1024K)]
  0x0000021f898a68b0 JavaThread "Thread-7"                   daemon [_thread_in_native, id=3164, stack(0x000000c17a700000,0x000000c17a800000) (1024K)]
  0x0000021f898a8980 JavaThread "Thread-8"                   daemon [_thread_in_native, id=22996, stack(0x000000c17a800000,0x000000c17a900000) (1024K)]
  0x0000021f898a6f40 JavaThread "Thread-9"                   daemon [_thread_in_native, id=32140, stack(0x000000c17a900000,0x000000c17aa00000) (1024K)]
  0x0000021f83286700 JavaThread "Thread-10"                  daemon [_thread_in_native, id=12800, stack(0x000000c17aa00000,0x000000c17ab00000) (1024K)]
  0x0000021f8cda4b20 JavaThread "Thread-11"                  daemon [_thread_in_native, id=7052, stack(0x000000c17ab00000,0x000000c17ac00000) (1024K)]
  0x0000021f8cda5ed0 JavaThread "Thread-12"                  daemon [_thread_in_native, id=31452, stack(0x000000c17ac00000,0x000000c17ad00000) (1024K)]
  0x0000021f8cda6bf0 JavaThread "Thread-13"                  daemon [_thread_in_native, id=33112, stack(0x000000c17ad00000,0x000000c17ae00000) (1024K)]
  0x0000021f8cda7910 JavaThread "Thread-14"                  daemon [_thread_in_native, id=10836, stack(0x000000c17ae00000,0x000000c17af00000) (1024K)]
  0x0000021f8cda6560 JavaThread "Thread-15"                  daemon [_thread_in_native, id=25240, stack(0x000000c17af00000,0x000000c17b000000) (1024K)]
  0x0000021f8cda7280 JavaThread "Thread-16"                  daemon [_thread_in_native, id=29768, stack(0x000000c17b000000,0x000000c17b100000) (1024K)]
  0x0000021f8cda5840 JavaThread "Thread-17"                  daemon [_thread_in_native, id=9472, stack(0x000000c17b100000,0x000000c17b200000) (1024K)]
  0x0000021f8cda7fa0 JavaThread "Thread-18"                  daemon [_thread_in_native, id=20676, stack(0x000000c17b200000,0x000000c17b300000) (1024K)]
  0x0000021f8cda51b0 JavaThread "pool-2-thread-1"                   [_thread_blocked, id=32164, stack(0x000000c17b700000,0x000000c17b800000) (1024K)]
  0x0000021f8b8eb840 JavaThread "WorkspaceEventsHandler"            [_thread_blocked, id=15232, stack(0x000000c17b800000,0x000000c17b900000) (1024K)]
  0x0000021f8b8e83c0 JavaThread "pool-1-thread-1"                   [_thread_blocked, id=16480, stack(0x000000c17b900000,0x000000c17ba00000) (1024K)]
  0x0000021f8b8e7010 JavaThread "pool-3-thread-1"                   [_thread_blocked, id=31244, stack(0x000000c179700000,0x000000c179800000) (1024K)]
  0x0000021f8e5f2110 JavaThread "Cleaner-0"                  daemon [_thread_blocked, id=23836, stack(0x000000c17cd00000,0x000000c17ce00000) (1024K)]
  0x0000021f8e5f62b0 JavaThread "ForkJoinPool.commonPool-worker-26" daemon [_thread_blocked, id=31596, stack(0x000000c177500000,0x000000c177600000) (1024K)]
  0x0000021f8e5f3b50 JavaThread "ForkJoinPool.commonPool-worker-27" daemon [_thread_blocked, id=24172, stack(0x000000c17b300000,0x000000c17b400000) (1024K)]
  0x0000021f8e5f27a0 JavaThread "ForkJoinPool.commonPool-worker-28" daemon [_thread_blocked, id=21304, stack(0x000000c17b400000,0x000000c17b500000) (1024K)]
  0x0000021f8e5f41e0 JavaThread "ForkJoinPool.commonPool-worker-30" daemon [_thread_blocked, id=9940, stack(0x000000c17b600000,0x000000c17b700000) (1024K)]
  0x0000021f8e5f4870 JavaThread "ForkJoinPool.commonPool-worker-31" daemon [_thread_blocked, id=26472, stack(0x000000c17bb00000,0x000000c17bc00000) (1024K)]
  0x0000021f8e5f5590 JavaThread "ForkJoinPool.commonPool-worker-33" daemon [_thread_blocked, id=21888, stack(0x000000c17bc00000,0x000000c17bd00000) (1024K)]
  0x0000021f8e5f6940 JavaThread "ForkJoinPool.commonPool-worker-34" daemon [_thread_blocked, id=11484, stack(0x000000c17bd00000,0x000000c17be00000) (1024K)]
  0x0000021f8e5f0040 JavaThread "ForkJoinPool.commonPool-worker-36" daemon [_thread_blocked, id=21108, stack(0x000000c17bf00000,0x000000c17c000000) (1024K)]
  0x0000021f8e5f06d0 JavaThread "ForkJoinPool.commonPool-worker-37" daemon [_thread_blocked, id=31464, stack(0x000000c17c000000,0x000000c17c100000) (1024K)]
  0x0000021f8e5f0d60 JavaThread "ForkJoinPool.commonPool-worker-38" daemon [_thread_blocked, id=36024, stack(0x000000c17c100000,0x000000c17c200000) (1024K)]
  0x0000021f8b8ed280 JavaThread "ForkJoinPool.commonPool-worker-39" daemon [_thread_blocked, id=7564, stack(0x000000c17c200000,0x000000c17c300000) (1024K)]
  0x0000021f9050aff0 JavaThread "Worker-10: Building"               [_thread_in_Java, id=7072, stack(0x000000c179600000,0x000000c179700000) (1024K)]
  0x0000021f90506e50 JavaThread "Worker-13: Java indexing... "        [_thread_blocked, id=21640, stack(0x000000c17ba00000,0x000000c17bb00000) (1024K)]
  0x0000021f8b8ed910 JavaThread "ForkJoinPool.commonPool-worker-42" daemon [_thread_blocked, id=13520, stack(0x000000c17c800000,0x000000c17c900000) (1024K)]
  0x0000021f8b8e7d30 JavaThread "ForkJoinPool.commonPool-worker-41" daemon [_thread_blocked, id=30600, stack(0x000000c17c900000,0x000000c17ca00000) (1024K)]
  0x0000021f8b8ebed0 JavaThread "ForkJoinPool.commonPool-worker-40" daemon [_thread_blocked, id=33580, stack(0x000000c17ca00000,0x000000c17cb00000) (1024K)]
  0x0000021f8e5f6fd0 JavaThread "Compiler Source File Reader" daemon [_thread_blocked, id=24216, stack(0x000000c17c300000,0x000000c17c400000) (1024K)]
  0x0000021f8e5f2e30 JavaThread "Compiler Source File Reader" daemon [_thread_blocked, id=22908, stack(0x000000c17c500000,0x000000c17c600000) (1024K)]
  0x0000021f90508890 JavaThread "ForkJoinPool.commonPool-worker-43" daemon [_thread_blocked, id=11944, stack(0x000000c177400000,0x000000c177500000) (1024K)]
  0x0000021f8e5f34c0 JavaThread "Worker-14"                         [_thread_blocked, id=1556, stack(0x000000c177600000,0x000000c177700000) (1024K)]
  0x0000021f8f7a3ea0 JavaThread "Worker-16"                         [_thread_blocked, id=24596, stack(0x000000c179a00000,0x000000c179b00000) (1024K)]
  0x0000021f8f7a3180 JavaThread "Java Debug Server"          daemon [_thread_in_native, id=3740, stack(0x000000c179f00000,0x000000c17a000000) (1024K)]
  0x0000021f8f7a10b0 JavaThread "pool-4-thread-1"                   [_thread_in_native, id=17172, stack(0x000000c17b500000,0x000000c17b600000) (1024K)]
  0x0000021f8f7a2460 JavaThread "RxSchedulerPurge-1"         daemon [_thread_blocked, id=5600, stack(0x000000c17c400000,0x000000c17c500000) (1024K)]
  0x0000021f8f7a2af0 JavaThread "RxCachedWorkerPoolEvictor-1" daemon [_thread_blocked, id=36224, stack(0x000000c17cb00000,0x000000c17cc00000) (1024K)]
  0x0000021f8f7a3810 JavaThread "RxNewThreadScheduler-5"     daemon [_thread_blocked, id=23372, stack(0x000000c179800000,0x000000c179900000) (1024K)]
  0x0000021f9050a2d0 JavaThread "Packet Receive Manager"     daemon [_thread_in_native, id=14488, stack(0x000000c179900000,0x000000c179a00000) (1024K)]
  0x0000021f90507b70 JavaThread "Packet Send Manager"        daemon [_thread_blocked, id=36828, stack(0x000000c17a100000,0x000000c17a200000) (1024K)]
  0x0000021f9050b680 JavaThread "Event Hub"                  daemon [_thread_blocked, id=32516, stack(0x000000c17a000000,0x000000c17a100000) (1024K)]
  0x0000021f905074e0 JavaThread "Worker-17: Processing JDT Change Events"        [_thread_blocked, id=29080, stack(0x000000c17be00000,0x000000c17bf00000) (1024K)]
  0x0000021f8aac2980 JavaThread "C2 CompilerThread1"         daemon [_thread_in_native, id=28952, stack(0x000000c17c600000,0x000000c17c700000) (1024K)]
  0x0000021f905095b0 JavaThread "Worker-18"                         [_thread_blocked, id=31252, stack(0x000000c17c700000,0x000000c17c800000) (1024K)]
  0x0000021f8aac5260 JavaThread "C2 CompilerThread2"         daemon [_thread_in_native, id=26268, stack(0x000000c17cc00000,0x000000c17cd00000) (1024K)]
=>0x0000021f8aac4b90 JavaThread "C2 CompilerThread3"         daemon [_thread_in_native, id=27144, stack(0x000000c17ce00000,0x000000c17cf00000) (1024K)]
Total: 76

Other Threads:
  0x0000021f2a1deb30 VMThread "VM Thread"                           [id=25772, stack(0x000000c177a00000,0x000000c177b00000) (1024K)]
  0x0000021f4089ca00 WatcherThread "VM Periodic Task Thread"        [id=1704, stack(0x000000c177900000,0x000000c177a00000) (1024K)]
  0x0000021f2c4918b0 WorkerThread "GC Thread#0"                     [id=15944, stack(0x000000c177800000,0x000000c177900000) (1024K)]
  0x0000021f89c7fa60 WorkerThread "GC Thread#1"                     [id=17104, stack(0x000000c178c00000,0x000000c178d00000) (1024K)]
  0x0000021f89dc5cc0 WorkerThread "GC Thread#2"                     [id=36692, stack(0x000000c178d00000,0x000000c178e00000) (1024K)]
  0x0000021f89b76690 WorkerThread "GC Thread#3"                     [id=22404, stack(0x000000c178e00000,0x000000c178f00000) (1024K)]
  0x0000021f8985b3a0 WorkerThread "GC Thread#4"                     [id=35024, stack(0x000000c178f00000,0x000000c179000000) (1024K)]
  0x0000021f89aca360 WorkerThread "GC Thread#5"                     [id=2236, stack(0x000000c179000000,0x000000c179100000) (1024K)]
  0x0000021f89852440 WorkerThread "GC Thread#6"                     [id=25396, stack(0x000000c178500000,0x000000c178600000) (1024K)]
  0x0000021f89fa8640 WorkerThread "GC Thread#7"                     [id=32344, stack(0x000000c178600000,0x000000c178700000) (1024K)]
  0x0000021f89cd9ac0 WorkerThread "GC Thread#8"                     [id=11564, stack(0x000000c178400000,0x000000c178500000) (1024K)]
  0x0000021f8a409130 WorkerThread "GC Thread#9"                     [id=21700, stack(0x000000c179200000,0x000000c179300000) (1024K)]
  0x0000021f8a4094d0 WorkerThread "GC Thread#10"                    [id=21192, stack(0x000000c179300000,0x000000c179400000) (1024K)]
  0x0000021f8a5a32e0 WorkerThread "GC Thread#11"                    [id=9684, stack(0x000000c179b00000,0x000000c179c00000) (1024K)]
  0x0000021f8a5a3a20 WorkerThread "GC Thread#12"                    [id=34852, stack(0x000000c179c00000,0x000000c179d00000) (1024K)]
Total: 15

Threads with active compile tasks:
C2 CompilerThread0  5627843 18780   !   4       org.eclipse.jdt.internal.core.search.indexing.AddJrtToIndex$JrtIndexer::visitFile (133 bytes)
C2 CompilerThread1  5627843 18772       4       org.eclipse.jdt.internal.compiler.util.JrtFileSystem$2::visitFile (10 bytes)
C2 CompilerThread2  5627843 18779       4       org.eclipse.jdt.internal.core.search.indexing.AddJrtToIndex$JrtTraverser::visitFile (14 bytes)
C2 CompilerThread3  5627843 18771   !   4       org.eclipse.jdt.internal.core.JarPackageFragmentRoot::computeChildren (605 bytes)
Total: 4

VM state: at safepoint (normal execution)

VM Mutex/Monitor currently owned by a thread:  ([mutex/lock_event])
[0x00007ffac543d380] Threads_lock - owner thread: 0x0000021f2a1deb30
[0x00007ffac543d480] Heap_lock - owner thread: 0x0000021f898a47e0

Heap address: 0x00000000c0000000, size: 1024 MB, Compressed Oops mode: 32-bit

CDS archive(s) mapped at: [0x0000021f41000000-0x0000021f41ba0000-0x0000021f41ba0000), size 12189696, SharedBaseAddress: 0x0000021f41000000, ArchiveRelocationMode: 1.
Compressed class space mapped at: 0x0000021f42000000-0x0000021f82000000, reserved size: 1073741824
Narrow klass base: 0x0000021f41000000, Narrow klass shift: 0, Narrow klass range: 0x100000000

GC Precious Log:
 CardTable entry size: 512
 CPUs: 16 total, 16 available
 Memory: 15613M
 Large Page Support: Disabled
 NUMA Support: Disabled
 Compressed Oops: Enabled (32-bit)
 Alignments: Space 512K, Generation 512K, Heap 2M
 Heap Min Capacity: 100M
 Heap Initial Capacity: 100M
 Heap Max Capacity: 1G
 Pre-touch: Disabled
 Parallel Workers: 13

Heap:
 PSYoungGen      total 14336K, used 14226K [0x00000000eab00000, 0x00000000eba80000, 0x0000000100000000)
  eden space 12800K, 100% used [0x00000000eab00000,0x00000000eb780000,0x00000000eb780000)
  from space 1536K, 92% used [0x00000000eb900000,0x00000000eba64870,0x00000000eba80000)
  to   space 1024K, 50% used [0x00000000eb780000,0x00000000eb800000,0x00000000eb880000)
 ParOldGen       total 500736K, used 500310K [0x00000000c0000000, 0x00000000de900000, 0x00000000eab00000)
  object space 500736K, 99% used [0x00000000c0000000,0x00000000de899b90,0x00000000de900000)
 Metaspace       used 81300K, committed 82880K, reserved 1179648K
  class space    used 8279K, committed 9024K, reserved 1048576K

Card table byte_map: [0x0000021f2be10000,0x0000021f2c020000] _byte_map_base: 0x0000021f2b810000

Marking Bits: (ParMarkBitMap*) 0x00007ffac5442250
 Begin Bits: [0x0000021f3e7c0000, 0x0000021f3f7c0000)
 End Bits:   [0x0000021f3f7c0000, 0x0000021f407c0000)

Polling page: 0x0000021f2a390000

Metaspace:

Usage:
  Non-class:     71.31 MB used.
      Class:      8.09 MB used.
       Both:     79.39 MB used.

Virtual space:
  Non-class space:      128.00 MB reserved,      72.12 MB ( 56%) committed,  2 nodes.
      Class space:        1.00 GB reserved,       8.81 MB ( <1%) committed,  1 nodes.
             Both:        1.12 GB reserved,      80.94 MB (  7%) committed. 

Chunk freelists:
   Non-Class:  7.84 MB
       Class:  7.08 MB
        Both:  14.92 MB

MaxMetaspaceSize: unlimited
CompressedClassSpaceSize: 1.00 GB
Initial GC threshold: 21.00 MB
Current GC threshold: 125.31 MB
CDS: on
 - commit_granule_bytes: 65536.
 - commit_granule_words: 8192.
 - virtual_space_node_default_size: 8388608.
 - enlarge_chunks_in_place: 1.
 - use_allocation_guard: 0.


Internal statistics:

num_allocs_failed_limit: 6.
num_arena_births: 1562.
num_arena_deaths: 302.
num_vsnodes_births: 3.
num_vsnodes_deaths: 0.
num_space_committed: 1295.
num_space_uncommitted: 0.
num_chunks_returned_to_freelist: 343.
num_chunks_taken_from_freelist: 5685.
num_chunk_merges: 84.
num_chunk_splits: 3374.
num_chunks_enlarged: 1948.
num_inconsistent_stats: 0.

CodeHeap 'non-profiled nmethods': size=119168Kb used=19313Kb max_used=19313Kb free=99854Kb
 bounds [0x0000021f37360000, 0x0000021f38640000, 0x0000021f3e7c0000]
CodeHeap 'profiled nmethods': size=119104Kb used=40913Kb max_used=40913Kb free=78190Kb
 bounds [0x0000021f2f7c0000, 0x0000021f31fc0000, 0x0000021f36c10000]
CodeHeap 'non-nmethods': size=7488Kb used=1510Kb max_used=3259Kb free=5977Kb
 bounds [0x0000021f36c10000, 0x0000021f36f50000, 0x0000021f37360000]
 total_blobs=17433 nmethods=16604 adapters=727
 compilation: enabled
              stopped_count=0, restarted_count=0
 full_count=0

Compilation events (20 events):
Event: 5627.514 Thread 0x0000021f8318df60 nmethod 18768 0x0000021f31faf310 code [0x0000021f31faf500, 0x0000021f31fafd00]
Event: 5627.522 Thread 0x0000021f8aac2980 nmethod 18654% 0x0000021f385f5f90 code [0x0000021f385f68c0, 0x0000021f385feff0]
Event: 5627.524 Thread 0x0000021f8aac2980 18769       4       org.eclipse.jdt.internal.compiler.parser.Scanner::internalScanIdentifierOrKeyword (4943 bytes)
Event: 5627.536 Thread 0x0000021f8aac4b90 nmethod 18762 0x0000021f38604890 code [0x0000021f38604ba0, 0x0000021f38606da8]
Event: 5627.537 Thread 0x0000021f8aac4b90 18767       4       java.lang.invoke.DirectMethodHandle$Holder::invokeStatic (14 bytes)
Event: 5627.537 Thread 0x0000021f8aac4b90 nmethod 18767 0x0000021f38608310 code [0x0000021f386084a0, 0x0000021f38608580]
Event: 5627.542 Thread 0x0000021f8aac5260 nmethod 18661 0x0000021f38608690 code [0x0000021f386091c0, 0x0000021f38612e48]
Event: 5627.549 Thread 0x0000021f8aac5260 18770       4       org.eclipse.jdt.internal.compiler.util.JrtFileSystem$2::visitFile (72 bytes)
Event: 5627.550 Thread 0x0000021f8aac4b90 18771   !   4       org.eclipse.jdt.internal.core.JarPackageFragmentRoot::computeChildren (605 bytes)
Event: 5627.600 Thread 0x0000021f8318df60 18775       3       java.lang.invoke.MethodHandles$Lookup::getDirectMethod (18 bytes)
Event: 5627.600 Thread 0x0000021f8318df60 nmethod 18775 0x0000021f31fafe90 code [0x0000021f31fb0040, 0x0000021f31fb0190]
Event: 5627.651 Thread 0x0000021f8aac2980 nmethod 18769 0x0000021f38616910 code [0x0000021f38617180, 0x0000021f3861bb60]
Event: 5627.651 Thread 0x0000021f8aac2980 18772       4       org.eclipse.jdt.internal.compiler.util.JrtFileSystem$2::visitFile (10 bytes)
Event: 5627.711 Thread 0x0000021f8318df60 18781       1       java.util.ImmutableCollections$Map1::size (2 bytes)
Event: 5627.711 Thread 0x0000021f8318df60 nmethod 18781 0x0000021f3861dc90 code [0x0000021f3861de20, 0x0000021f3861dee8]
Event: 5627.786 Thread 0x0000021f8318b800 nmethod 18761% 0x0000021f3861df90 code [0x0000021f3861e980, 0x0000021f386258f8]
Event: 5627.788 Thread 0x0000021f8318b800 18778       4       org.eclipse.jdt.internal.core.JavaModelCache::getInfo (156 bytes)
Event: 5627.793 Thread 0x0000021f8aac5260 nmethod 18770 0x0000021f3862ac90 code [0x0000021f3862b480, 0x0000021f386304e0]
Event: 5627.794 Thread 0x0000021f8aac5260 18776       4       org.eclipse.jdt.internal.core.search.JavaSearchParticipant::indexDocument (89 bytes)
Event: 5627.808 Thread 0x0000021f8318df60 18782       3       org.eclipse.jdt.internal.core.JarPackageFragmentRoot::createElementInfo (5 bytes)

GC Heap History (20 events):
Event: 5627.672 GC heap before
{Heap before GC invocations=1967 (full 4):
 PSYoungGen      total 14848K, used 14458K [0x00000000eab00000, 0x00000000ebc00000, 0x0000000100000000)
  eden space 12800K, 100% used [0x00000000eab00000,0x00000000eb780000,0x00000000eb780000)
  from space 2048K, 80% used [0x00000000eba00000,0x00000000ebb9e878,0x00000000ebc00000)
  to   space 2048K, 0% used [0x00000000eb780000,0x00000000eb780000,0x00000000eb980000)
 ParOldGen       total 491520K, used 483510K [0x00000000c0000000, 0x00000000de000000, 0x00000000eab00000)
  object space 491520K, 98% used [0x00000000c0000000,0x00000000dd82da60,0x00000000de000000)
 Metaspace       used 81296K, committed 82880K, reserved 1179648K
  class space    used 8279K, committed 9024K, reserved 1048576K
}
Event: 5627.674 GC heap after
{Heap after GC invocations=1967 (full 4):
 PSYoungGen      total 14848K, used 1800K [0x00000000eab00000, 0x00000000ebb80000, 0x0000000100000000)
  eden space 12800K, 0% used [0x00000000eab00000,0x00000000eab00000,0x00000000eb780000)
  from space 2048K, 87% used [0x00000000eb780000,0x00000000eb9422b0,0x00000000eb980000)
  to   space 2048K, 0% used [0x00000000eb980000,0x00000000eb980000,0x00000000ebb80000)
 ParOldGen       total 491520K, used 484882K [0x00000000c0000000, 0x00000000de000000, 0x00000000eab00000)
  object space 491520K, 98% used [0x00000000c0000000,0x00000000dd984ae8,0x00000000de000000)
 Metaspace       used 81296K, committed 82880K, reserved 1179648K
  class space    used 8279K, committed 9024K, reserved 1048576K
}
Event: 5627.683 GC heap before
{Heap before GC invocations=1968 (full 4):
 PSYoungGen      total 14848K, used 14600K [0x00000000eab00000, 0x00000000ebb80000, 0x0000000100000000)
  eden space 12800K, 100% used [0x00000000eab00000,0x00000000eb780000,0x00000000eb780000)
  from space 2048K, 87% used [0x00000000eb780000,0x00000000eb9422b0,0x00000000eb980000)
  to   space 2048K, 0% used [0x00000000eb980000,0x00000000eb980000,0x00000000ebb80000)
 ParOldGen       total 491520K, used 484882K [0x00000000c0000000, 0x00000000de000000, 0x00000000eab00000)
  object space 491520K, 98% used [0x00000000c0000000,0x00000000dd984ae8,0x00000000de000000)
 Metaspace       used 81296K, committed 82880K, reserved 1179648K
  class space    used 8279K, committed 9024K, reserved 1048576K
}
Event: 5627.685 GC heap after
{Heap after GC invocations=1968 (full 4):
 PSYoungGen      total 14848K, used 1659K [0x00000000eab00000, 0x00000000ebb80000, 0x0000000100000000)
  eden space 12800K, 0% used [0x00000000eab00000,0x00000000eab00000,0x00000000eb780000)
  from space 2048K, 81% used [0x00000000eb980000,0x00000000ebb1ed50,0x00000000ebb80000)
  to   space 2048K, 0% used [0x00000000eb780000,0x00000000eb780000,0x00000000eb980000)
 ParOldGen       total 491520K, used 486345K [0x00000000c0000000, 0x00000000de000000, 0x00000000eab00000)
  object space 491520K, 98% used [0x00000000c0000000,0x00000000ddaf2778,0x00000000de000000)
 Metaspace       used 81296K, committed 82880K, reserved 1179648K
  class space    used 8279K, committed 9024K, reserved 1048576K
}
Event: 5627.694 GC heap before
{Heap before GC invocations=1969 (full 4):
 PSYoungGen      total 14848K, used 14459K [0x00000000eab00000, 0x00000000ebb80000, 0x0000000100000000)
  eden space 12800K, 100% used [0x00000000eab00000,0x00000000eb780000,0x00000000eb780000)
  from space 2048K, 81% used [0x00000000eb980000,0x00000000ebb1ed50,0x00000000ebb80000)
  to   space 2048K, 0% used [0x00000000eb780000,0x00000000eb780000,0x00000000eb980000)
 ParOldGen       total 491520K, used 486345K [0x00000000c0000000, 0x00000000de000000, 0x00000000eab00000)
  object space 491520K, 98% used [0x00000000c0000000,0x00000000ddaf2778,0x00000000de000000)
 Metaspace       used 81296K, committed 82880K, reserved 1179648K
  class space    used 8279K, committed 9024K, reserved 1048576K
}
Event: 5627.696 GC heap after
{Heap after GC invocations=1969 (full 4):
 PSYoungGen      total 14848K, used 1484K [0x00000000eab00000, 0x00000000ebb80000, 0x0000000100000000)
  eden space 12800K, 0% used [0x00000000eab00000,0x00000000eab00000,0x00000000eb780000)
  from space 2048K, 72% used [0x00000000eb780000,0x00000000eb8f33e0,0x00000000eb980000)
  to   space 2048K, 0% used [0x00000000eb980000,0x00000000eb980000,0x00000000ebb80000)
 ParOldGen       total 491520K, used 487715K [0x00000000c0000000, 0x00000000de000000, 0x00000000eab00000)
  object space 491520K, 99% used [0x00000000c0000000,0x00000000ddc48f90,0x00000000de000000)
 Metaspace       used 81296K, committed 82880K, reserved 1179648K
  class space    used 8279K, committed 9024K, reserved 1048576K
}
Event: 5627.708 GC heap before
{Heap before GC invocations=1970 (full 4):
 PSYoungGen      total 14848K, used 14284K [0x00000000eab00000, 0x00000000ebb80000, 0x0000000100000000)
  eden space 12800K, 100% used [0x00000000eab00000,0x00000000eb780000,0x00000000eb780000)
  from space 2048K, 72% used [0x00000000eb780000,0x00000000eb8f33e0,0x00000000eb980000)
  to   space 2048K, 0% used [0x00000000eb980000,0x00000000eb980000,0x00000000ebb80000)
 ParOldGen       total 491520K, used 487715K [0x00000000c0000000, 0x00000000de000000, 0x00000000eab00000)
  object space 491520K, 99% used [0x00000000c0000000,0x00000000ddc48f90,0x00000000de000000)
 Metaspace       used 81296K, committed 82880K, reserved 1179648K
  class space    used 8279K, committed 9024K, reserved 1048576K
}
Event: 5627.710 GC heap after
{Heap after GC invocations=1970 (full 4):
 PSYoungGen      total 14848K, used 1575K [0x00000000eab00000, 0x00000000ebb80000, 0x0000000100000000)
  eden space 12800K, 0% used [0x00000000eab00000,0x00000000eab00000,0x00000000eb780000)
  from space 2048K, 76% used [0x00000000eb980000,0x00000000ebb09ca0,0x00000000ebb80000)
  to   space 2048K, 0% used [0x00000000eb780000,0x00000000eb780000,0x00000000eb980000)
 ParOldGen       total 491520K, used 488996K [0x00000000c0000000, 0x00000000de000000, 0x00000000eab00000)
  object space 491520K, 99% used [0x00000000c0000000,0x00000000ddd892c8,0x00000000de000000)
 Metaspace       used 81296K, committed 82880K, reserved 1179648K
  class space    used 8279K, committed 9024K, reserved 1048576K
}
Event: 5627.721 GC heap before
{Heap before GC invocations=1971 (full 4):
 PSYoungGen      total 14848K, used 14375K [0x00000000eab00000, 0x00000000ebb80000, 0x0000000100000000)
  eden space 12800K, 100% used [0x00000000eab00000,0x00000000eb780000,0x00000000eb780000)
  from space 2048K, 76% used [0x00000000eb980000,0x00000000ebb09ca0,0x00000000ebb80000)
  to   space 2048K, 0% used [0x00000000eb780000,0x00000000eb780000,0x00000000eb980000)
 ParOldGen       total 491520K, used 488996K [0x00000000c0000000, 0x00000000de000000, 0x00000000eab00000)
  object space 491520K, 99% used [0x00000000c0000000,0x00000000ddd892c8,0x00000000de000000)
 Metaspace       used 81296K, committed 82880K, reserved 1179648K
  class space    used 8279K, committed 9024K, reserved 1048576K
}
Event: 5627.723 GC heap after
{Heap after GC invocations=1971 (full 4):
 PSYoungGen      total 14848K, used 1663K [0x00000000eab00000, 0x00000000ebb80000, 0x0000000100000000)
  eden space 12800K, 0% used [0x00000000eab00000,0x00000000eab00000,0x00000000eb780000)
  from space 2048K, 81% used [0x00000000eb780000,0x00000000eb91fe00,0x00000000eb980000)
  to   space 2048K, 0% used [0x00000000eb980000,0x00000000eb980000,0x00000000ebb80000)
 ParOldGen       total 491520K, used 490379K [0x00000000c0000000, 0x00000000de000000, 0x00000000eab00000)
  object space 491520K, 99% used [0x00000000c0000000,0x00000000ddee2d08,0x00000000de000000)
 Metaspace       used 81296K, committed 82880K, reserved 1179648K
  class space    used 8279K, committed 9024K, reserved 1048576K
}
Event: 5627.733 GC heap before
{Heap before GC invocations=1972 (full 4):
 PSYoungGen      total 14848K, used 14463K [0x00000000eab00000, 0x00000000ebb80000, 0x0000000100000000)
  eden space 12800K, 100% used [0x00000000eab00000,0x00000000eb780000,0x00000000eb780000)
  from space 2048K, 81% used [0x00000000eb780000,0x00000000eb91fe00,0x00000000eb980000)
  to   space 2048K, 0% used [0x00000000eb980000,0x00000000eb980000,0x00000000ebb80000)
 ParOldGen       total 491520K, used 490379K [0x00000000c0000000, 0x00000000de000000, 0x00000000eab00000)
  object space 491520K, 99% used [0x00000000c0000000,0x00000000ddee2d08,0x00000000de000000)
 Metaspace       used 81296K, committed 82880K, reserved 1179648K
  class space    used 8279K, committed 9024K, reserved 1048576K
}
Event: 5627.735 GC heap after
{Heap after GC invocations=1972 (full 4):
 PSYoungGen      total 14336K, used 1247K [0x00000000eab00000, 0x00000000ebb00000, 0x0000000100000000)
  eden space 12800K, 0% used [0x00000000eab00000,0x00000000eab00000,0x00000000eb780000)
  from space 1536K, 81% used [0x00000000eb980000,0x00000000ebab7e88,0x00000000ebb00000)
  to   space 1536K, 0% used [0x00000000eb800000,0x00000000eb800000,0x00000000eb980000)
 ParOldGen       total 492032K, used 491692K [0x00000000c0000000, 0x00000000de080000, 0x00000000eab00000)
  object space 492032K, 99% used [0x00000000c0000000,0x00000000de02b3a0,0x00000000de080000)
 Metaspace       used 81296K, committed 82880K, reserved 1179648K
  class space    used 8279K, committed 9024K, reserved 1048576K
}
Event: 5627.748 GC heap before
{Heap before GC invocations=1973 (full 4):
 PSYoungGen      total 14336K, used 14047K [0x00000000eab00000, 0x00000000ebb00000, 0x0000000100000000)
  eden space 12800K, 100% used [0x00000000eab00000,0x00000000eb780000,0x00000000eb780000)
  from space 1536K, 81% used [0x00000000eb980000,0x00000000ebab7e88,0x00000000ebb00000)
  to   space 1536K, 0% used [0x00000000eb800000,0x00000000eb800000,0x00000000eb980000)
 ParOldGen       total 492032K, used 491692K [0x00000000c0000000, 0x00000000de080000, 0x00000000eab00000)
  object space 492032K, 99% used [0x00000000c0000000,0x00000000de02b3a0,0x00000000de080000)
 Metaspace       used 81296K, committed 82880K, reserved 1179648K
  class space    used 8279K, committed 9024K, reserved 1048576K
}
Event: 5627.752 GC heap after
{Heap after GC invocations=1973 (full 4):
 PSYoungGen      total 13824K, used 904K [0x00000000eab00000, 0x00000000eba80000, 0x0000000100000000)
  eden space 12800K, 0% used [0x00000000eab00000,0x00000000eab00000,0x00000000eb780000)
  from space 1024K, 88% used [0x00000000eb800000,0x00000000eb8e2128,0x00000000eb900000)
  to   space 1536K, 0% used [0x00000000eb900000,0x00000000eb900000,0x00000000eba80000)
 ParOldGen       total 494592K, used 494440K [0x00000000c0000000, 0x00000000de300000, 0x00000000eab00000)
  object space 494592K, 99% used [0x00000000c0000000,0x00000000de2da020,0x00000000de300000)
 Metaspace       used 81296K, committed 82880K, reserved 1179648K
  class space    used 8279K, committed 9024K, reserved 1048576K
}
Event: 5627.775 GC heap before
{Heap before GC invocations=1974 (full 4):
 PSYoungGen      total 13824K, used 13704K [0x00000000eab00000, 0x00000000eba80000, 0x0000000100000000)
  eden space 12800K, 100% used [0x00000000eab00000,0x00000000eb780000,0x00000000eb780000)
  from space 1024K, 88% used [0x00000000eb800000,0x00000000eb8e2128,0x00000000eb900000)
  to   space 1536K, 0% used [0x00000000eb900000,0x00000000eb900000,0x00000000eba80000)
 ParOldGen       total 494592K, used 494440K [0x00000000c0000000, 0x00000000de300000, 0x00000000eab00000)
  object space 494592K, 99% used [0x00000000c0000000,0x00000000de2da020,0x00000000de300000)
 Metaspace       used 81296K, committed 82880K, reserved 1179648K
  class space    used 8279K, committed 9024K, reserved 1048576K
}
Event: 5627.778 GC heap after
{Heap after GC invocations=1974 (full 4):
 PSYoungGen      total 13312K, used 421K [0x00000000eab00000, 0x00000000eb980000, 0x0000000100000000)
  eden space 12800K, 0% used [0x00000000eab00000,0x00000000eab00000,0x00000000eb780000)
  from space 512K, 82% used [0x00000000eb900000,0x00000000eb9696d0,0x00000000eb980000)
  to   space 1024K, 0% used [0x00000000eb780000,0x00000000eb780000,0x00000000eb880000)
 ParOldGen       total 495104K, used 494914K [0x00000000c0000000, 0x00000000de380000, 0x00000000eab00000)
  object space 495104K, 99% used [0x00000000c0000000,0x00000000de350bb8,0x00000000de380000)
 Metaspace       used 81296K, committed 82880K, reserved 1179648K
  class space    used 8279K, committed 9024K, reserved 1048576K
}
Event: 5627.789 GC heap before
{Heap before GC invocations=1975 (full 4):
 PSYoungGen      total 13312K, used 13221K [0x00000000eab00000, 0x00000000eb980000, 0x0000000100000000)
  eden space 12800K, 100% used [0x00000000eab00000,0x00000000eb780000,0x00000000eb780000)
  from space 512K, 82% used [0x00000000eb900000,0x00000000eb9696d0,0x00000000eb980000)
  to   space 1024K, 0% used [0x00000000eb780000,0x00000000eb780000,0x00000000eb880000)
 ParOldGen       total 495104K, used 494914K [0x00000000c0000000, 0x00000000de380000, 0x00000000eab00000)
  object space 495104K, 99% used [0x00000000c0000000,0x00000000de350bb8,0x00000000de380000)
 Metaspace       used 81296K, committed 82880K, reserved 1179648K
  class space    used 8279K, committed 9024K, reserved 1048576K
}
Event: 5627.792 GC heap after
{Heap after GC invocations=1975 (full 4):
 PSYoungGen      total 13824K, used 1002K [0x00000000eab00000, 0x00000000eba80000, 0x0000000100000000)
  eden space 12800K, 0% used [0x00000000eab00000,0x00000000eab00000,0x00000000eb780000)
  from space 1024K, 97% used [0x00000000eb780000,0x00000000eb87aa90,0x00000000eb880000)
  to   space 1536K, 0% used [0x00000000eb900000,0x00000000eb900000,0x00000000eba80000)
 ParOldGen       total 495616K, used 495230K [0x00000000c0000000, 0x00000000de400000, 0x00000000eab00000)
  object space 495616K, 99% used [0x00000000c0000000,0x00000000de39f9d8,0x00000000de400000)
 Metaspace       used 81296K, committed 82880K, reserved 1179648K
  class space    used 8279K, committed 9024K, reserved 1048576K
}
Event: 5627.803 GC heap before
{Heap before GC invocations=1976 (full 4):
 PSYoungGen      total 13824K, used 13802K [0x00000000eab00000, 0x00000000eba80000, 0x0000000100000000)
  eden space 12800K, 100% used [0x00000000eab00000,0x00000000eb780000,0x00000000eb780000)
  from space 1024K, 97% used [0x00000000eb780000,0x00000000eb87aa90,0x00000000eb880000)
  to   space 1536K, 0% used [0x00000000eb900000,0x00000000eb900000,0x00000000eba80000)
 ParOldGen       total 495616K, used 495230K [0x00000000c0000000, 0x00000000de400000, 0x00000000eab00000)
  object space 495616K, 99% used [0x00000000c0000000,0x00000000de39f9d8,0x00000000de400000)
 Metaspace       used 81296K, committed 82880K, reserved 1179648K
  class space    used 8279K, committed 9024K, reserved 1048576K
}
Event: 5627.805 GC heap after
{Heap after GC invocations=1976 (full 4):
 PSYoungGen      total 14336K, used 1519K [0x00000000eab00000, 0x00000000eba80000, 0x0000000100000000)
  eden space 12800K, 0% used [0x00000000eab00000,0x00000000eab00000,0x00000000eb780000)
  from space 1536K, 98% used [0x00000000eb900000,0x00000000eba7bf90,0x00000000eba80000)
  to   space 1024K, 0% used [0x00000000eb780000,0x00000000eb780000,0x00000000eb880000)
 ParOldGen       total 496128K, used 496052K [0x00000000c0000000, 0x00000000de480000, 0x00000000eab00000)
  object space 496128K, 99% used [0x00000000c0000000,0x00000000de46d038,0x00000000de480000)
 Metaspace       used 81296K, committed 82880K, reserved 1179648K
  class space    used 8279K, committed 9024K, reserved 1048576K
}

Dll operation events (12 events):
Event: 0.548 Loaded shared library c:\Users\ASUS\.vscode\extensions\redhat.java-1.39.0-win32-x64\jre\21.0.5-win32-x86_64\bin\java.dll
Event: 0.612 Loaded shared library c:\Users\ASUS\.vscode\extensions\redhat.java-1.39.0-win32-x64\jre\21.0.5-win32-x86_64\bin\zip.dll
Event: 0.631 Loaded shared library C:\Users\ASUS\.vscode\extensions\redhat.java-1.39.0-win32-x64\jre\21.0.5-win32-x86_64\bin\instrument.dll
Event: 0.635 Loaded shared library C:\Users\ASUS\.vscode\extensions\redhat.java-1.39.0-win32-x64\jre\21.0.5-win32-x86_64\bin\net.dll
Event: 0.637 Loaded shared library C:\Users\ASUS\.vscode\extensions\redhat.java-1.39.0-win32-x64\jre\21.0.5-win32-x86_64\bin\nio.dll
Event: 0.640 Loaded shared library C:\Users\ASUS\.vscode\extensions\redhat.java-1.39.0-win32-x64\jre\21.0.5-win32-x86_64\bin\zip.dll
Event: 0.654 Loaded shared library C:\Users\ASUS\.vscode\extensions\redhat.java-1.39.0-win32-x64\jre\21.0.5-win32-x86_64\bin\jimage.dll
Event: 0.724 Loaded shared library c:\Users\ASUS\.vscode\extensions\redhat.java-1.39.0-win32-x64\jre\21.0.5-win32-x86_64\bin\verify.dll
Event: 2.739 Loaded shared library C:\Users\ASUS\AppData\Roaming\Code\User\globalStorage\redhat.java\1.39.0\config_win\org.eclipse.equinox.launcher\org.eclipse.equinox.launcher.win32.win32.x86_64_1.2.1100.v20240722-2106\eclipse_11904.dll
Event: 7.718 Loaded shared library C:\Users\ASUS\AppData\Local\Temp\jna-2018896\jna4358214543284064584.dll
Event: 41.903 Loaded shared library C:\Users\ASUS\.vscode\extensions\redhat.java-1.39.0-win32-x64\jre\21.0.5-win32-x86_64\bin\sunmscapi.dll
Event: 5541.261 Loaded shared library C:\Users\ASUS\.vscode\extensions\redhat.java-1.39.0-win32-x64\jre\21.0.5-win32-x86_64\bin\extnet.dll

Deoptimization events (20 events):
Event: 5627.558 Thread 0x0000021f9050aff0 DEOPT PACKING pc=0x0000021f385fcf8c sp=0x000000c1796fe0e0
Event: 5627.558 Thread 0x0000021f9050aff0 DEOPT UNPACKING pc=0x0000021f36c63aa2 sp=0x000000c1796fe0c8 mode 2
Event: 5627.566 Thread 0x0000021f9050aff0 Uncommon trap: trap_request=0xffffffbe fr.pc=0x0000021f385fcf8c relative=0x00000000000066cc
Event: 5627.566 Thread 0x0000021f9050aff0 Uncommon trap: reason=profile_predicate action=maybe_recompile pc=0x0000021f385fcf8c method=org.eclipse.jdt.internal.core.JarPackageFragmentRoot.computeChildren(Lorg/eclipse/jdt/internal/core/OpenableElementInfo;Lorg/eclipse/core/resources/IResource;)Z @ 
Event: 5627.566 Thread 0x0000021f9050aff0 DEOPT PACKING pc=0x0000021f385fcf8c sp=0x000000c1796fe0e0
Event: 5627.566 Thread 0x0000021f9050aff0 DEOPT UNPACKING pc=0x0000021f36c63aa2 sp=0x000000c1796fe0c8 mode 2
Event: 5627.576 Thread 0x0000021f9050aff0 Uncommon trap: trap_request=0xffffffbe fr.pc=0x0000021f385fcf8c relative=0x00000000000066cc
Event: 5627.576 Thread 0x0000021f9050aff0 Uncommon trap: reason=profile_predicate action=maybe_recompile pc=0x0000021f385fcf8c method=org.eclipse.jdt.internal.core.JarPackageFragmentRoot.computeChildren(Lorg/eclipse/jdt/internal/core/OpenableElementInfo;Lorg/eclipse/core/resources/IResource;)Z @ 
Event: 5627.576 Thread 0x0000021f9050aff0 DEOPT PACKING pc=0x0000021f385fcf8c sp=0x000000c1796fe0e0
Event: 5627.576 Thread 0x0000021f9050aff0 DEOPT UNPACKING pc=0x0000021f36c63aa2 sp=0x000000c1796fe0c8 mode 2
Event: 5627.598 Thread 0x0000021f8e5f0d60 Uncommon trap: trap_request=0xffffff45 fr.pc=0x0000021f37b299b8 relative=0x00000000000002d8
Event: 5627.598 Thread 0x0000021f8e5f0d60 Uncommon trap: reason=unstable_if action=reinterpret pc=0x0000021f37b299b8 method=org.eclipse.jdt.internal.core.Openable.getResource()Lorg/eclipse/core/resources/IResource; @ 6 c2
Event: 5627.598 Thread 0x0000021f8e5f0d60 DEOPT PACKING pc=0x0000021f37b299b8 sp=0x000000c17c1fe840
Event: 5627.598 Thread 0x0000021f8e5f0d60 DEOPT UNPACKING pc=0x0000021f36c63aa2 sp=0x000000c17c1fe7f8 mode 2
Event: 5627.632 Thread 0x0000021f9050aff0 DEOPT PACKING pc=0x0000021f30829cda sp=0x000000c1796fe010
Event: 5627.632 Thread 0x0000021f9050aff0 DEOPT UNPACKING pc=0x0000021f36c64242 sp=0x000000c1796fd5b0 mode 0
Event: 5627.639 Thread 0x0000021f9050aff0 Uncommon trap: trap_request=0xffffffbe fr.pc=0x0000021f385fcf8c relative=0x00000000000066cc
Event: 5627.639 Thread 0x0000021f9050aff0 Uncommon trap: reason=profile_predicate action=maybe_recompile pc=0x0000021f385fcf8c method=org.eclipse.jdt.internal.core.JarPackageFragmentRoot.computeChildren(Lorg/eclipse/jdt/internal/core/OpenableElementInfo;Lorg/eclipse/core/resources/IResource;)Z @ 
Event: 5627.639 Thread 0x0000021f9050aff0 DEOPT PACKING pc=0x0000021f385fcf8c sp=0x000000c1796fe0e0
Event: 5627.639 Thread 0x0000021f9050aff0 DEOPT UNPACKING pc=0x0000021f36c63aa2 sp=0x000000c1796fe0c8 mode 2

Classes loaded (20 events):
Event: 5562.755 Loading class java/lang/Throwable$WrappedPrintWriter
Event: 5562.755 Loading class java/lang/Throwable$PrintStreamOrWriter
Event: 5562.755 Loading class java/lang/Throwable$PrintStreamOrWriter done
Event: 5562.755 Loading class java/lang/Throwable$WrappedPrintWriter done
Event: 5562.757 Loading class jdk/internal/reflect/MethodHandleByteFieldAccessorImpl
Event: 5562.758 Loading class jdk/internal/reflect/MethodHandleByteFieldAccessorImpl done
Event: 5617.687 Loading class java/util/stream/Streams$RangeIntSpliterator
Event: 5617.688 Loading class java/util/stream/Streams$RangeIntSpliterator done
Event: 5617.688 Loading class java/util/stream/IntPipeline$Head
Event: 5617.688 Loading class java/util/stream/IntPipeline$Head done
Event: 5617.688 Loading class java/util/stream/IntPipeline$1
Event: 5617.688 Loading class java/util/stream/IntPipeline$1 done
Event: 5617.688 Loading class java/util/stream/IntPipeline$1$1
Event: 5617.688 Loading class java/util/stream/Sink$ChainedInt
Event: 5617.689 Loading class java/util/stream/Sink$ChainedInt done
Event: 5617.689 Loading class java/util/stream/IntPipeline$1$1 done
Event: 5626.358 Loading class java/util/concurrent/CompletableFuture$AsyncRun
Event: 5626.358 Loading class java/util/concurrent/CompletableFuture$AsyncRun done
Event: 5626.396 Loading class java/lang/invoke/MethodHandleImpl$CountingWrapper$1
Event: 5626.397 Loading class java/lang/invoke/MethodHandleImpl$CountingWrapper$1 done

Classes unloaded (20 events):
Event: 5340.331 Thread 0x0000021f2a1deb30 Unloading class 0x0000021f42019c00 'java/lang/invoke/LambdaForm$MH+0x0000021f42019c00'
Event: 5340.331 Thread 0x0000021f2a1deb30 Unloading class 0x0000021f42019400 'java/lang/invoke/LambdaForm$MH+0x0000021f42019400'
Event: 5340.331 Thread 0x0000021f2a1deb30 Unloading class 0x0000021f4200d800 'java/lang/invoke/LambdaForm$MH+0x0000021f4200d800'
Event: 5340.331 Thread 0x0000021f2a1deb30 Unloading class 0x0000021f4200d400 'java/lang/invoke/LambdaForm$MH+0x0000021f4200d400'
Event: 5340.331 Thread 0x0000021f2a1deb30 Unloading class 0x0000021f4200d000 'java/lang/invoke/LambdaForm$MH+0x0000021f4200d000'
Event: 5340.331 Thread 0x0000021f2a1deb30 Unloading class 0x0000021f4200cc00 'java/lang/invoke/LambdaForm$MH+0x0000021f4200cc00'
Event: 5340.331 Thread 0x0000021f2a1deb30 Unloading class 0x0000021f4200c800 'java/lang/invoke/LambdaForm$BMH+0x0000021f4200c800'
Event: 5340.331 Thread 0x0000021f2a1deb30 Unloading class 0x0000021f4200c000 'java/lang/invoke/LambdaForm$DMH+0x0000021f4200c000'
Event: 5340.331 Thread 0x0000021f2a1deb30 Unloading class 0x0000021f42008400 'java/lang/invoke/LambdaForm$MH+0x0000021f42008400'
Event: 5340.331 Thread 0x0000021f2a1deb30 Unloading class 0x0000021f42008000 'java/lang/invoke/LambdaForm$MH+0x0000021f42008000'
Event: 5340.331 Thread 0x0000021f2a1deb30 Unloading class 0x0000021f42007c00 'java/lang/invoke/LambdaForm$MH+0x0000021f42007c00'
Event: 5340.331 Thread 0x0000021f2a1deb30 Unloading class 0x0000021f42006800 'java/lang/invoke/LambdaForm$MH+0x0000021f42006800'
Event: 5340.331 Thread 0x0000021f2a1deb30 Unloading class 0x0000021f42006000 'java/lang/invoke/LambdaForm$MH+0x0000021f42006000'
Event: 5340.331 Thread 0x0000021f2a1deb30 Unloading class 0x0000021f42005c00 'java/lang/invoke/LambdaForm$MH+0x0000021f42005c00'
Event: 5340.331 Thread 0x0000021f2a1deb30 Unloading class 0x0000021f42005800 'java/lang/invoke/LambdaForm$MH+0x0000021f42005800'
Event: 5340.331 Thread 0x0000021f2a1deb30 Unloading class 0x0000021f42005400 'java/lang/invoke/LambdaForm$BMH+0x0000021f42005400'
Event: 5340.331 Thread 0x0000021f2a1deb30 Unloading class 0x0000021f42004000 'java/lang/invoke/LambdaForm$DMH+0x0000021f42004000'
Event: 5340.331 Thread 0x0000021f2a1deb30 Unloading class 0x0000021f42002400 'java/lang/invoke/LambdaForm$MH+0x0000021f42002400'
Event: 5340.331 Thread 0x0000021f2a1deb30 Unloading class 0x0000021f42002000 'java/lang/invoke/LambdaForm$MH+0x0000021f42002000'
Event: 5340.331 Thread 0x0000021f2a1deb30 Unloading class 0x0000021f42001800 'java/lang/invoke/LambdaForm$MH+0x0000021f42001800'

Classes redefined (0 events):
No events

Internal exceptions (20 events):
Event: 5627.268 Thread 0x0000021f905095b0 Exception <a 'sun/nio/fs/WindowsException'{0x00000000eab1fdd8}> (0x00000000eab1fdd8) 
thrown [s\src\hotspot\share\prims\jni.cpp, line 520]
Event: 5627.268 Thread 0x0000021f905095b0 Exception <a 'sun/nio/fs/WindowsException'{0x00000000eab20408}> (0x00000000eab20408) 
thrown [s\src\hotspot\share\prims\jni.cpp, line 520]
Event: 5627.278 Thread 0x0000021f905095b0 Exception <a 'sun/nio/fs/WindowsException'{0x00000000eb0c3140}> (0x00000000eb0c3140) 
thrown [s\src\hotspot\share\prims\jni.cpp, line 520]
Event: 5627.278 Thread 0x0000021f905095b0 Exception <a 'sun/nio/fs/WindowsException'{0x00000000eb0c3770}> (0x00000000eb0c3770) 
thrown [s\src\hotspot\share\prims\jni.cpp, line 520]
Event: 5627.287 Thread 0x0000021f905095b0 Exception <a 'sun/nio/fs/WindowsException'{0x00000000ead75988}> (0x00000000ead75988) 
thrown [s\src\hotspot\share\prims\jni.cpp, line 520]
Event: 5627.287 Thread 0x0000021f905095b0 Exception <a 'sun/nio/fs/WindowsException'{0x00000000eadb07a8}> (0x00000000eadb07a8) 
thrown [s\src\hotspot\share\prims\jni.cpp, line 520]
Event: 5627.287 Thread 0x0000021f905095b0 Exception <a 'sun/nio/fs/WindowsException'{0x00000000eadb1248}> (0x00000000eadb1248) 
thrown [s\src\hotspot\share\prims\jni.cpp, line 520]
Event: 5627.287 Thread 0x0000021f905095b0 Exception <a 'sun/nio/fs/WindowsException'{0x00000000eadb1878}> (0x00000000eadb1878) 
thrown [s\src\hotspot\share\prims\jni.cpp, line 520]
Event: 5627.296 Thread 0x0000021f905095b0 Exception <a 'sun/nio/fs/WindowsException'{0x00000000eb21c660}> (0x00000000eb21c660) 
thrown [s\src\hotspot\share\prims\jni.cpp, line 520]
Event: 5627.296 Thread 0x0000021f905095b0 Exception <a 'sun/nio/fs/WindowsException'{0x00000000eb21cc90}> (0x00000000eb21cc90) 
thrown [s\src\hotspot\share\prims\jni.cpp, line 520]
Event: 5627.319 Thread 0x0000021f8e5f0d60 Exception <a 'sun/nio/fs/WindowsException'{0x00000000ead08688}> (0x00000000ead08688) 
thrown [s\src\hotspot\share\prims\jni.cpp, line 520]
Event: 5627.319 Thread 0x0000021f8e5f0d60 Exception <a 'sun/nio/fs/WindowsException'{0x00000000ead08f68}> (0x00000000ead08f68) 
thrown [s\src\hotspot\share\prims\jni.cpp, line 520]
Event: 5627.325 Thread 0x0000021f8e5f0d60 Exception <a 'sun/nio/fs/WindowsException'{0x00000000eb0e5110}> (0x00000000eb0e5110) 
thrown [s\src\hotspot\share\prims\jni.cpp, line 520]
Event: 5627.326 Thread 0x0000021f8e5f0d60 Exception <a 'sun/nio/fs/WindowsException'{0x00000000eb0e59f0}> (0x00000000eb0e59f0) 
thrown [s\src\hotspot\share\prims\jni.cpp, line 520]
Event: 5627.331 Thread 0x0000021f8e5f0d60 Exception <a 'sun/nio/fs/WindowsException'{0x00000000eab521e0}> (0x00000000eab521e0) 
thrown [s\src\hotspot\share\prims\jni.cpp, line 520]
Event: 5627.331 Thread 0x0000021f8e5f0d60 Exception <a 'sun/nio/fs/WindowsException'{0x00000000eab52ac0}> (0x00000000eab52ac0) 
thrown [s\src\hotspot\share\prims\jni.cpp, line 520]
Event: 5627.499 Thread 0x0000021f9050aff0 Exception <a 'sun/nio/fs/WindowsException'{0x00000000eaf75f38}> (0x00000000eaf75f38) 
thrown [s\src\hotspot\share\prims\jni.cpp, line 520]
Event: 5627.499 Thread 0x0000021f9050aff0 Exception <a 'sun/nio/fs/WindowsException'{0x00000000eaf76820}> (0x00000000eaf76820) 
thrown [s\src\hotspot\share\prims\jni.cpp, line 520]
Event: 5627.508 Thread 0x0000021f9050aff0 Exception <a 'sun/nio/fs/WindowsException'{0x00000000eac46278}> (0x00000000eac46278) 
thrown [s\src\hotspot\share\prims\jni.cpp, line 520]
Event: 5627.509 Thread 0x0000021f9050aff0 Exception <a 'sun/nio/fs/WindowsException'{0x00000000eac6c580}> (0x00000000eac6c580) 
thrown [s\src\hotspot\share\prims\jni.cpp, line 520]

ZGC Phase Switch (0 events):
No events

VM Operations (20 events):
Event: 5627.672 Executing VM operation: ParallelGCFailedAllocation (Allocation Failure)
Event: 5627.674 Executing VM operation: ParallelGCFailedAllocation (Allocation Failure) done
Event: 5627.683 Executing VM operation: ParallelGCFailedAllocation (Allocation Failure)
Event: 5627.685 Executing VM operation: ParallelGCFailedAllocation (Allocation Failure) done
Event: 5627.694 Executing VM operation: ParallelGCFailedAllocation (Allocation Failure)
Event: 5627.696 Executing VM operation: ParallelGCFailedAllocation (Allocation Failure) done
Event: 5627.708 Executing VM operation: ParallelGCFailedAllocation (Allocation Failure)
Event: 5627.710 Executing VM operation: ParallelGCFailedAllocation (Allocation Failure) done
Event: 5627.721 Executing VM operation: ParallelGCFailedAllocation (Allocation Failure)
Event: 5627.723 Executing VM operation: ParallelGCFailedAllocation (Allocation Failure) done
Event: 5627.733 Executing VM operation: ParallelGCFailedAllocation (Allocation Failure)
Event: 5627.735 Executing VM operation: ParallelGCFailedAllocation (Allocation Failure) done
Event: 5627.748 Executing VM operation: ParallelGCFailedAllocation (Allocation Failure)
Event: 5627.752 Executing VM operation: ParallelGCFailedAllocation (Allocation Failure) done
Event: 5627.775 Executing VM operation: ParallelGCFailedAllocation (Allocation Failure)
Event: 5627.778 Executing VM operation: ParallelGCFailedAllocation (Allocation Failure) done
Event: 5627.789 Executing VM operation: ParallelGCFailedAllocation (Allocation Failure)
Event: 5627.792 Executing VM operation: ParallelGCFailedAllocation (Allocation Failure) done
Event: 5627.803 Executing VM operation: ParallelGCFailedAllocation (Allocation Failure)
Event: 5627.805 Executing VM operation: ParallelGCFailedAllocation (Allocation Failure) done

Memory protections (0 events):
No events

Nmethod flushes (20 events):
Event: 5340.411 Thread 0x0000021f2a1deb30 flushing  nmethod 0x0000021f30ac0b10
Event: 5340.411 Thread 0x0000021f2a1deb30 flushing  nmethod 0x0000021f30ac2c90
Event: 5340.411 Thread 0x0000021f2a1deb30 flushing osr nmethod 0x0000021f30ac7a90
Event: 5340.411 Thread 0x0000021f2a1deb30 flushing  nmethod 0x0000021f30ad9310
Event: 5340.411 Thread 0x0000021f2a1deb30 flushing  nmethod 0x0000021f30ad9b90
Event: 5340.411 Thread 0x0000021f2a1deb30 flushing  nmethod 0x0000021f30ae3390
Event: 5340.411 Thread 0x0000021f2a1deb30 flushing  nmethod 0x0000021f30aecd10
Event: 5340.411 Thread 0x0000021f2a1deb30 flushing  nmethod 0x0000021f30af1e90
Event: 5340.411 Thread 0x0000021f2a1deb30 flushing  nmethod 0x0000021f30b12290
Event: 5340.411 Thread 0x0000021f2a1deb30 flushing  nmethod 0x0000021f30b15310
Event: 5340.411 Thread 0x0000021f2a1deb30 flushing  nmethod 0x0000021f30b15b90
Event: 5340.411 Thread 0x0000021f2a1deb30 flushing osr nmethod 0x0000021f30b1e210
Event: 5340.411 Thread 0x0000021f2a1deb30 flushing  nmethod 0x0000021f30b1f710
Event: 5340.411 Thread 0x0000021f2a1deb30 flushing  nmethod 0x0000021f30b3af10
Event: 5340.411 Thread 0x0000021f2a1deb30 flushing  nmethod 0x0000021f30b6cc10
Event: 5340.411 Thread 0x0000021f2a1deb30 flushing  nmethod 0x0000021f30b77b90
Event: 5340.411 Thread 0x0000021f2a1deb30 flushing  nmethod 0x0000021f30b85e90
Event: 5340.411 Thread 0x0000021f2a1deb30 flushing  nmethod 0x0000021f30bb0b90
Event: 5340.411 Thread 0x0000021f2a1deb30 flushing  nmethod 0x0000021f30bd9710
Event: 5340.411 Thread 0x0000021f2a1deb30 flushing  nmethod 0x0000021f30c11610

Events (20 events):
Event: 5606.641 Thread 0x0000021f905074e0 Thread exited: 0x0000021f905074e0
Event: 5606.656 Thread 0x0000021f9050a2d0 Thread exited: 0x0000021f9050a2d0
Event: 5606.656 Thread 0x0000021f90507b70 Thread exited: 0x0000021f90507b70
Event: 5617.192 Thread 0x0000021f8f7a10b0 Thread added: 0x0000021f8f7a3810
Event: 5617.200 Thread 0x0000021f8f7a3810 Thread added: 0x0000021f8f7a1dd0
Event: 5617.420 Thread 0x0000021f8f7a10b0 Thread added: 0x0000021f90508f20
Event: 5617.420 Thread 0x0000021f8f7a1dd0 Thread exited: 0x0000021f8f7a1dd0
Event: 5617.639 Thread 0x0000021f90508f20 Thread added: 0x0000021f90507b70
Event: 5617.639 Thread 0x0000021f90507b70 Thread exited: 0x0000021f90507b70
Event: 5617.655 Thread 0x0000021f90508f20 Thread added: 0x0000021f9050a2d0
Event: 5617.656 Thread 0x0000021f90508f20 Thread added: 0x0000021f90507b70
Event: 5617.692 Thread 0x0000021f90508f20 Thread added: 0x0000021f905074e0
Event: 5617.693 Thread 0x0000021f90508f20 Thread exited: 0x0000021f90508f20
Event: 5617.750 Thread 0x0000021f8f7a3810 Thread added: 0x0000021f9050b680
Event: 5617.829 Thread 0x0000021f905074e0 Thread exited: 0x0000021f905074e0
Event: 5626.378 Thread 0x0000021f90506e50 Thread added: 0x0000021f905074e0
Event: 5626.395 Thread 0x0000021f8318b800 Thread added: 0x0000021f8aac2980
Event: 5626.590 Thread 0x0000021f90506e50 Thread added: 0x0000021f905095b0
Event: 5627.038 Thread 0x0000021f8318df60 Thread added: 0x0000021f8aac5260
Event: 5627.149 Thread 0x0000021f8318df60 Thread added: 0x0000021f8aac4b90


Dynamic libraries:
0x00007ff747060000 - 0x00007ff74706e000 	c:\Users\ASUS\.vscode\extensions\redhat.java-1.39.0-win32-x64\jre\21.0.5-win32-x86_64\bin\java.exe
0x00007ffb23e30000 - 0x00007ffb24047000 	C:\WINDOWS\SYSTEM32\ntdll.dll
0x00007ffb22170000 - 0x00007ffb22234000 	C:\WINDOWS\System32\KERNEL32.DLL
0x00007ffb215c0000 - 0x00007ffb2197a000 	C:\WINDOWS\System32\KERNELBASE.dll
0x00007ffb21210000 - 0x00007ffb21321000 	C:\WINDOWS\System32\ucrtbase.dll
0x00007ffb0ef50000 - 0x00007ffb0ef68000 	c:\Users\ASUS\.vscode\extensions\redhat.java-1.39.0-win32-x64\jre\21.0.5-win32-x86_64\bin\jli.dll
0x00007ffb066c0000 - 0x00007ffb066de000 	c:\Users\ASUS\.vscode\extensions\redhat.java-1.39.0-win32-x64\jre\21.0.5-win32-x86_64\bin\VCRUNTIME140.dll
0x00007ffb234a0000 - 0x00007ffb2364e000 	C:\WINDOWS\System32\USER32.dll
0x00007ffb213f0000 - 0x00007ffb21416000 	C:\WINDOWS\System32\win32u.dll
0x00007ffb13340000 - 0x00007ffb135d2000 	C:\WINDOWS\WinSxS\amd64_microsoft.windows.common-controls_6595b64144ccf1df_6.0.22621.4541_none_2710d1c57384c085\COMCTL32.dll
0x00007ffb222f0000 - 0x00007ffb22319000 	C:\WINDOWS\System32\GDI32.dll
0x00007ffb233b0000 - 0x00007ffb23457000 	C:\WINDOWS\System32\msvcrt.dll
0x00007ffb210f0000 - 0x00007ffb2120b000 	C:\WINDOWS\System32\gdi32full.dll
0x00007ffb21980000 - 0x00007ffb21a1a000 	C:\WINDOWS\System32\msvcp_win.dll
0x00007ffb23460000 - 0x00007ffb23491000 	C:\WINDOWS\System32\IMM32.DLL
0x00007ffb1d6f0000 - 0x00007ffb1d6fc000 	c:\Users\ASUS\.vscode\extensions\redhat.java-1.39.0-win32-x64\jre\21.0.5-win32-x86_64\bin\vcruntime140_1.dll
0x00007ffadd0f0000 - 0x00007ffadd17d000 	c:\Users\ASUS\.vscode\extensions\redhat.java-1.39.0-win32-x64\jre\21.0.5-win32-x86_64\bin\msvcp140.dll
0x00007ffac4790000 - 0x00007ffac551f000 	c:\Users\ASUS\.vscode\extensions\redhat.java-1.39.0-win32-x64\jre\21.0.5-win32-x86_64\bin\server\jvm.dll
0x00007ffb22840000 - 0x00007ffb228f2000 	C:\WINDOWS\System32\ADVAPI32.dll
0x00007ffb23850000 - 0x00007ffb238f7000 	C:\WINDOWS\System32\sechost.dll
0x00007ffb21590000 - 0x00007ffb215b8000 	C:\WINDOWS\System32\bcrypt.dll
0x00007ffb23730000 - 0x00007ffb23844000 	C:\WINDOWS\System32\RPCRT4.dll
0x00007ffb22090000 - 0x00007ffb22101000 	C:\WINDOWS\System32\WS2_32.dll
0x00007ffb20fc0000 - 0x00007ffb2100d000 	C:\WINDOWS\SYSTEM32\POWRPROF.dll
0x00007ffb17210000 - 0x00007ffb17244000 	C:\WINDOWS\SYSTEM32\WINMM.dll
0x00007ffb1b790000 - 0x00007ffb1b79a000 	C:\WINDOWS\SYSTEM32\VERSION.dll
0x00007ffb20fa0000 - 0x00007ffb20fb3000 	C:\WINDOWS\SYSTEM32\UMPDC.dll
0x00007ffb20130000 - 0x00007ffb20148000 	C:\WINDOWS\SYSTEM32\kernel.appcore.dll
0x00007ffb1d150000 - 0x00007ffb1d15a000 	c:\Users\ASUS\.vscode\extensions\redhat.java-1.39.0-win32-x64\jre\21.0.5-win32-x86_64\bin\jimage.dll
0x00007ffb1a6e0000 - 0x00007ffb1a912000 	C:\WINDOWS\SYSTEM32\DBGHELP.DLL
0x00007ffb22320000 - 0x00007ffb226b1000 	C:\WINDOWS\System32\combase.dll
0x00007ffb23650000 - 0x00007ffb23727000 	C:\WINDOWS\System32\OLEAUT32.dll
0x00007ffb19b80000 - 0x00007ffb19bb2000 	C:\WINDOWS\SYSTEM32\dbgcore.DLL
0x00007ffb21aa0000 - 0x00007ffb21b1b000 	C:\WINDOWS\System32\bcryptPrimitives.dll
0x00007ffb1cbc0000 - 0x00007ffb1cbcf000 	c:\Users\ASUS\.vscode\extensions\redhat.java-1.39.0-win32-x64\jre\21.0.5-win32-x86_64\bin\instrument.dll
0x00007ffb01f50000 - 0x00007ffb01f6f000 	c:\Users\ASUS\.vscode\extensions\redhat.java-1.39.0-win32-x64\jre\21.0.5-win32-x86_64\bin\java.dll
0x00007ffb22a90000 - 0x00007ffb23309000 	C:\WINDOWS\System32\SHELL32.dll
0x00007ffb1f030000 - 0x00007ffb1f939000 	C:\WINDOWS\SYSTEM32\windows.storage.dll
0x00007ffb1eef0000 - 0x00007ffb1f02f000 	C:\WINDOWS\SYSTEM32\wintypes.dll
0x00007ffb22720000 - 0x00007ffb2281a000 	C:\WINDOWS\System32\SHCORE.dll
0x00007ffb226c0000 - 0x00007ffb2271e000 	C:\WINDOWS\System32\shlwapi.dll
0x00007ffb21020000 - 0x00007ffb2104b000 	C:\WINDOWS\SYSTEM32\profapi.dll
0x00007ffaf4e20000 - 0x00007ffaf4e38000 	c:\Users\ASUS\.vscode\extensions\redhat.java-1.39.0-win32-x64\jre\21.0.5-win32-x86_64\bin\zip.dll
0x00007ffb15890000 - 0x00007ffb158a0000 	C:\Users\ASUS\.vscode\extensions\redhat.java-1.39.0-win32-x64\jre\21.0.5-win32-x86_64\bin\net.dll
0x00007ffb1dfd0000 - 0x00007ffb1e106000 	C:\WINDOWS\SYSTEM32\WINHTTP.dll
0x00007ffb205b0000 - 0x00007ffb20619000 	C:\WINDOWS\system32\mswsock.dll
0x00007ffaef2d0000 - 0x00007ffaef2e6000 	C:\Users\ASUS\.vscode\extensions\redhat.java-1.39.0-win32-x64\jre\21.0.5-win32-x86_64\bin\nio.dll
0x00007ffb14dd0000 - 0x00007ffb14de0000 	c:\Users\ASUS\.vscode\extensions\redhat.java-1.39.0-win32-x64\jre\21.0.5-win32-x86_64\bin\verify.dll
0x00007ffad8ff0000 - 0x00007ffad9035000 	C:\Users\ASUS\AppData\Roaming\Code\User\globalStorage\redhat.java\1.39.0\config_win\org.eclipse.equinox.launcher\org.eclipse.equinox.launcher.win32.win32.x86_64_1.2.1100.v20240722-2106\eclipse_11904.dll
0x00007ffb21bb0000 - 0x00007ffb21d55000 	C:\WINDOWS\System32\ole32.dll
0x00007ffb20800000 - 0x00007ffb2081b000 	C:\WINDOWS\SYSTEM32\CRYPTSP.dll
0x00007ffb20090000 - 0x00007ffb200c5000 	C:\WINDOWS\system32\rsaenh.dll
0x00007ffb206a0000 - 0x00007ffb206c8000 	C:\WINDOWS\SYSTEM32\USERENV.dll
0x00007ffb20820000 - 0x00007ffb2082c000 	C:\WINDOWS\SYSTEM32\CRYPTBASE.dll
0x00007ffb1fba0000 - 0x00007ffb1fbcd000 	C:\WINDOWS\SYSTEM32\IPHLPAPI.DLL
0x00007ffb233a0000 - 0x00007ffb233a9000 	C:\WINDOWS\System32\NSI.dll
0x00007ffad25a0000 - 0x00007ffad25e9000 	C:\Users\ASUS\AppData\Local\Temp\jna-2018896\jna4358214543284064584.dll
0x00007ffb22a00000 - 0x00007ffb22a08000 	C:\WINDOWS\System32\PSAPI.DLL
0x00007ffb1d760000 - 0x00007ffb1d779000 	C:\WINDOWS\SYSTEM32\dhcpcsvc6.DLL
0x00007ffb1d740000 - 0x00007ffb1d75f000 	C:\WINDOWS\SYSTEM32\dhcpcsvc.DLL
0x00007ffb0f320000 - 0x00007ffb0f32e000 	C:\Users\ASUS\.vscode\extensions\redhat.java-1.39.0-win32-x64\jre\21.0.5-win32-x86_64\bin\sunmscapi.dll
0x00007ffb21420000 - 0x00007ffb21586000 	C:\WINDOWS\System32\CRYPT32.dll
0x00007ffb20a30000 - 0x00007ffb20a5d000 	C:\WINDOWS\SYSTEM32\ncrypt.dll
0x00007ffb20980000 - 0x00007ffb209b7000 	C:\WINDOWS\SYSTEM32\NTASN1.dll
0x00007ffb0f070000 - 0x00007ffb0f079000 	C:\Users\ASUS\.vscode\extensions\redhat.java-1.39.0-win32-x64\jre\21.0.5-win32-x86_64\bin\extnet.dll

dbghelp: loaded successfully - version: 4.0.5 - missing functions: none
symbol engine: initialized successfully - sym options: 0x614 - pdb path: .;c:\Users\ASUS\.vscode\extensions\redhat.java-1.39.0-win32-x64\jre\21.0.5-win32-x86_64\bin;C:\WINDOWS\SYSTEM32;C:\WINDOWS\WinSxS\amd64_microsoft.windows.common-controls_6595b64144ccf1df_6.0.22621.4541_none_2710d1c57384c085;c:\Users\ASUS\.vscode\extensions\redhat.java-1.39.0-win32-x64\jre\21.0.5-win32-x86_64\bin\server;C:\Users\ASUS\AppData\Roaming\Code\User\globalStorage\redhat.java\1.39.0\config_win\org.eclipse.equinox.launcher\org.eclipse.equinox.launcher.win32.win32.x86_64_1.2.1100.v20240722-2106;C:\Users\ASUS\AppData\Local\Temp\jna-2018896

VM Arguments:
jvm_args: --add-modules=ALL-SYSTEM --add-opens=java.base/java.util=ALL-UNNAMED --add-opens=java.base/java.lang=ALL-UNNAMED --add-opens=java.base/sun.nio.fs=ALL-UNNAMED -Declipse.application=org.eclipse.jdt.ls.core.id1 -Dosgi.bundles.defaultStartLevel=4 -Declipse.product=org.eclipse.jdt.ls.core.product -Djava.import.generatesMetadataFilesAtProjectRoot=false -DDetectVMInstallationsJob.disabled=true -Dfile.encoding=utf8 -XX:+UseParallelGC -XX:GCTimeRatio=4 -XX:AdaptiveSizePolicyWeight=90 -Dsun.zip.disableMemoryMapping=true -Xmx1G -Xms100m -Xlog:disable -javaagent:c:\Users\ASUS\.vscode\extensions\redhat.java-1.39.0-win32-x64\lombok\lombok-1.18.34.jar -XX:+HeapDumpOnOutOfMemoryError -XX:HeapDumpPath=c:\Users\ASUS\AppData\Roaming\Code\User\workspaceStorage\a26ced7fe018b66e12da886babd7af56\redhat.java -Daether.dependencyCollector.impl=bf 
java_command: c:\Users\ASUS\.vscode\extensions\redhat.java-1.39.0-win32-x64\server\plugins\org.eclipse.equinox.launcher_1.6.900.v20240613-2009.jar -configuration c:\Users\ASUS\AppData\Roaming\Code\User\globalStorage\redhat.java\1.39.0\config_win -data c:\Users\ASUS\AppData\Roaming\Code\User\workspaceStorage\a26ced7fe018b66e12da886babd7af56\redhat.java\jdt_ws --pipe=\\.\pipe\lsp-d9c465d18a5722f91fc80640ab9daa20-sock
java_class_path (initial): c:\Users\ASUS\.vscode\extensions\redhat.java-1.39.0-win32-x64\server\plugins\org.eclipse.equinox.launcher_1.6.900.v20240613-2009.jar
Launcher Type: SUN_STANDARD

[Global flags]
    uintx AdaptiveSizePolicyWeight                 = 90                                        {product} {command line}
     intx CICompilerCount                          = 12                                        {product} {ergonomic}
    uintx GCTimeRatio                              = 4                                         {product} {command line}
     bool HeapDumpOnOutOfMemoryError               = true                                   {manageable} {command line}
    ccstr HeapDumpPath                             = c:\Users\ASUS\AppData\Roaming\Code\User\workspaceStorage\a26ced7fe018b66e12da886babd7af56\redhat.java         {manageable} {command line}
   size_t InitialHeapSize                          = 104857600                                 {product} {command line}
   size_t MaxHeapSize                              = 1073741824                                {product} {command line}
   size_t MaxNewSize                               = 357564416                                 {product} {ergonomic}
   size_t MinHeapDeltaBytes                        = 524288                                    {product} {ergonomic}
   size_t MinHeapSize                              = 104857600                                 {product} {command line}
   size_t NewSize                                  = 34603008                                  {product} {ergonomic}
    uintx NonNMethodCodeHeapSize                   = 7602480                                {pd product} {ergonomic}
    uintx NonProfiledCodeHeapSize                  = 122027880                              {pd product} {ergonomic}
   size_t OldSize                                  = 70254592                                  {product} {ergonomic}
    uintx ProfiledCodeHeapSize                     = 122027880                              {pd product} {ergonomic}
    uintx ReservedCodeCacheSize                    = 251658240                              {pd product} {ergonomic}
     bool SegmentedCodeCache                       = true                                      {product} {ergonomic}
   size_t SoftMaxHeapSize                          = 1073741824                             {manageable} {ergonomic}
     bool UseCompressedOops                        = true                           {product lp64_product} {ergonomic}
     bool UseLargePagesIndividualAllocation        = false                                  {pd product} {ergonomic}
     bool UseParallelGC                            = true                                      {product} {command line}

Logging:
Log output configuration:
 #0: stdout all=off uptime,level,tags foldmultilines=false
 #1: stderr all=off uptime,level,tags foldmultilines=false

Environment Variables:
PATH=C:\Program Files\Common Files\Oracle\Java\javapath;C:\Program Files (x86)\Common Files\Oracle\Java\java8path;C:\Program Files (x86)\Common Files\Oracle\Java\javapath;C:\ProgramData\Oracle\Java\javapath;C:\Windows\system32;C:\Windows;C:\Windows\System32\Wbem;C:\Windows\System32\WindowsPowerShell\v1.0\;C:\Windows\System32\OpenSSH\;C:\Program Files (x86)\NVIDIA Corporation\PhysX\Common;C:\WINDOWS\system32;C:\WINDOWS;C:\WINDOWS\System32\Wbem;C:\WINDOWS\System32\WindowsPowerShell\v1.0\;C:\WINDOWS\System32\OpenSSH\;C:\Program Files (x86)\Microsoft SQL Server\160\Tools\Binn\;C:\Program Files\Microsoft SQL Server\160\Tools\Binn\;C:\Program Files\Microsoft SQL Server\Client SDK\ODBC\170\Tools\Binn\;C:\Program Files\Microsoft SQL Server\160\DTS\Binn\;C:\Program Files (x86)\Microsoft SQL Server\160\DTS\Binn\;C:\Program Files\Azure Data Studio\bin;C:\Program Files\dotnet\;C:\Program Files\nodejs\;C:\Program Files\Git\cmd;C:\Program Files\Cloudflare\Cloudflare WARP\;C:\Program Files\NVIDIA Corporation\NVIDIA app\NvDLISR;C:\Program Files\MySQL\MySQL Shell 8.0\bin\;C:\Users\ASUS\AppData\Local\Microsoft\WindowsApps;;C:\Program Files\Azure Data Studio\bin;C:\Users\ASUS\AppData\Local\Programs\Microsoft VS Code\bin;C:\Users\ASUS\AppData\Roaming\npm
USERNAME=ASUS
OS=Windows_NT
PROCESSOR_IDENTIFIER=AMD64 Family 25 Model 68 Stepping 1, AuthenticAMD
TMP=C:\Users\ASUS\AppData\Local\Temp
TEMP=C:\Users\ASUS\AppData\Local\Temp




Periodic native trim disabled

---------------  S Y S T E M  ---------------

OS:
 Windows 11 , 64 bit Build 22621 (10.0.22621.4391)
OS uptime: 10 days 16:32 hours

CPU: total 16 (initial active 16) (16 cores per cpu, 2 threads per core) family 25 model 68 stepping 1 microcode 0x0, cx8, cmov, fxsr, ht, mmx, 3dnowpref, sse, sse2, sse3, ssse3, sse4a, sse4.1, sse4.2, popcnt, lzcnt, tsc, tscinvbit, avx, avx2, aes, clmul, bmi1, bmi2, adx, sha, fma, vzeroupper, clflush, clflushopt, rdtscp, rdpid, f16c, pku, cet_ss
Processor Information for all 16 processors :
  Max Mhz: 3201, Current Mhz: 3201, Mhz Limit: 3201

Memory: 4k page, system-wide physical 15613M (2152M free)
TotalPageFile size 19709M (AvailPageFile size 3M)
current process WorkingSet (physical memory assigned to process): 979M, peak: 1051M
current process commit charge ("private bytes"): 915M, peak: 1108M

vm_info: OpenJDK 64-Bit Server VM (21.0.5+11-LTS) for windows-amd64 JRE (21.0.5+11-LTS), built on 2024-10-15T00:00:00Z by "admin" with MS VC++ 17.7 (VS2022)

END.
