#
# There is insufficient memory for the Java Runtime Environment to continue.
# Native memory allocation (malloc) failed to allocate 1247056 bytes. Error detail: Chunk::new
# Possible reasons:
#   The system is out of physical RAM or swap space
#   This process is running with CompressedOops enabled, and the Java Heap may be blocking the growth of the native heap
# Possible solutions:
#   Reduce memory load on the system
#   Increase physical memory or swap space
#   Check if swap backing store is full
#   Decrease Java heap size (-Xmx/-Xms)
#   Decrease number of Java threads
#   Decrease Java thread stack sizes (-Xss)
#   Set larger code cache with -XX:ReservedCodeCacheSize=
#   JVM is running with Unscaled Compressed Oops mode in which the Java heap is
#     placed in the first 4GB address space. The Java Heap base address is the
#     maximum limit for the native heap growth. Please use -XX:HeapBaseMinAddress
#     to set the Java Heap base and to place the Java Heap above 4GB virtual address.
# This output file may be truncated or incomplete.
#
#  Out of Memory Error (arena.cpp:168), pid=8824, tid=6332
#
# JRE version: OpenJDK Runtime Environment Temurin-21.0.5+11 (21.0.5+11) (build 21.0.5+11-LTS)
# Java VM: OpenJDK 64-Bit Server VM Temurin-21.0.5+11 (21.0.5+11-LTS, mixed mode, sharing, tiered, compressed oops, compressed class ptrs, parallel gc, windows-amd64)
# No core dump will be written. Minidumps are not enabled by default on client versions of Windows
#

---------------  S U M M A R Y ------------

Command Line: --add-modules=ALL-SYSTEM --add-opens=java.base/java.util=ALL-UNNAMED --add-opens=java.base/java.lang=ALL-UNNAMED --add-opens=java.base/sun.nio.fs=ALL-UNNAMED -Declipse.application=org.eclipse.jdt.ls.core.id1 -Dosgi.bundles.defaultStartLevel=4 -Declipse.product=org.eclipse.jdt.ls.core.product -Djava.import.generatesMetadataFilesAtProjectRoot=false -DDetectVMInstallationsJob.disabled=true -Dfile.encoding=utf8 -XX:+UseParallelGC -XX:GCTimeRatio=4 -XX:AdaptiveSizePolicyWeight=90 -Dsun.zip.disableMemoryMapping=true -Xmx1G -Xms100m -Xlog:disable -javaagent:c:\Users\ASUS\.vscode\extensions\redhat.java-1.39.0-win32-x64\lombok\lombok-1.18.34.jar -XX:+HeapDumpOnOutOfMemoryError -XX:HeapDumpPath=c:\Users\ASUS\AppData\Roaming\Code\User\workspaceStorage\a26ced7fe018b66e12da886babd7af56\redhat.java -Daether.dependencyCollector.impl=bf c:\Users\ASUS\.vscode\extensions\redhat.java-1.39.0-win32-x64\server\plugins\org.eclipse.equinox.launcher_1.6.900.v20240613-2009.jar -configuration c:\Users\ASUS\AppData\Roaming\Code\User\globalStorage\redhat.java\1.39.0\config_win -data c:\Users\ASUS\AppData\Roaming\Code\User\workspaceStorage\a26ced7fe018b66e12da886babd7af56\redhat.java\jdt_ws --pipe=\\.\pipe\lsp-2606e0b50ae06eeba68b81f64f851860-sock

Host: AMD Ryzen 7 6800H with Radeon Graphics         , 16 cores, 15G,  Windows 11 , 64 bit Build 22621 (10.0.22621.4830)
Time: Mon Feb 10 18:11:18 2025 SE Asia Standard Time elapsed time: 429.708830 seconds (0d 0h 7m 9s)

---------------  T H R E A D  ---------------

Current thread (0x0000028aef7104c0):  JavaThread "C2 CompilerThread3" daemon [_thread_in_native, id=6332, stack(0x0000009997a00000,0x0000009997b00000) (1024K)]


Current CompileTask:
C2:429708 11676   !   4       org.eclipse.jdt.internal.core.util.DeduplicationUtil::intern (149 bytes)

Stack: [0x0000009997a00000,0x0000009997b00000]
Native frames: (J=compiled Java code, j=interpreted, Vv=VM code, C=native code)
V  [jvm.dll+0x6cd4e9]
V  [jvm.dll+0x8a7941]
V  [jvm.dll+0x8a9e6e]
V  [jvm.dll+0x8aa543]
V  [jvm.dll+0x27f6d6]
V  [jvm.dll+0xc500d]
V  [jvm.dll+0xc5543]
V  [jvm.dll+0x3b65d2]
V  [jvm.dll+0x382835]
V  [jvm.dll+0x381c9a]
V  [jvm.dll+0x2479d0]
V  [jvm.dll+0x246faf]
V  [jvm.dll+0x1c75ce]
V  [jvm.dll+0x25682a]
V  [jvm.dll+0x254dca]
V  [jvm.dll+0x3f00d6]
V  [jvm.dll+0x8514fb]
V  [jvm.dll+0x6cbbed]
C  [ucrtbase.dll+0x29333]
C  [KERNEL32.DLL+0x1259d]
C  [ntdll.dll+0x5af38]


---------------  P R O C E S S  ---------------

Threads class SMR info:
_java_thread_list=0x0000028aeb5b4430, length=115, elements={
0x0000028a8ebf0f90, 0x0000028ae58c83b0, 0x0000028ae41fe2d0, 0x0000028ae58cbde0,
0x0000028ae58cccf0, 0x0000028ae58d6bf0, 0x0000028ae58dac70, 0x0000028ae58dbfe0,
0x0000028ae58dec80, 0x0000028ae59d5230, 0x0000028ae5c5df40, 0x0000028aeb834230,
0x0000028aeba767c0, 0x0000028aeb6c6580, 0x0000028aebbc2ff0, 0x0000028aebf02bb0,
0x0000028aebe03170, 0x0000028aec080db0, 0x0000028aec081440, 0x0000028aec083510,
0x0000028aec0827f0, 0x0000028aec082e80, 0x0000028aec081ad0, 0x0000028aec082160,
0x0000028aec080720, 0x0000028aec3aeb90, 0x0000028aec3af220, 0x0000028aec3b2010,
0x0000028aec3ae500, 0x0000028aec3aff40, 0x0000028aec3ab710, 0x0000028aec3b05d0,
0x0000028aec3ab080, 0x0000028aec3acac0, 0x0000028aec3af8b0, 0x0000028aec3b0c60,
0x0000028aec3b12f0, 0x0000028aec3b1980, 0x0000028aec3ad150, 0x0000028aec3b26a0,
0x0000028aec3abda0, 0x0000028aec3ac430, 0x0000028aec3ad7e0, 0x0000028aec3ade70,
0x0000028aed7f71d0, 0x0000028aed7f4a70, 0x0000028aed7f5e20, 0x0000028aee0b3cd0,
0x0000028ae5a09730, 0x0000028aeda99f00, 0x0000028aebc13250, 0x0000028aed7f0f60,
0x0000028aed788f00, 0x0000028aed7f5790, 0x0000028aed7f7860, 0x0000028aed7f6b40,
0x0000028aed7f15f0, 0x0000028aed7f5100, 0x0000028aed7f08d0, 0x0000028aed7f3d50,
0x0000028aed7f7ef0, 0x0000028aed7f2310, 0x0000028aed7f29a0, 0x0000028aed7f3030,
0x0000028aed7f36c0, 0x0000028aed7f43e0, 0x0000028af28e69b0, 0x0000028af28e4250,
0x0000028af28e1460, 0x0000028af28e7040, 0x0000028af28e48e0, 0x0000028af28e76d0,
0x0000028af28e3bc0, 0x0000028af28e7d60, 0x0000028af28e83f0, 0x0000028af28e4f70,
0x0000028af28e8a80, 0x0000028af28e5600, 0x0000028af28e5c90, 0x0000028af28e2810,
0x0000028af28e1af0, 0x0000028af28e2180, 0x0000028af28e2ea0, 0x0000028af28e3530,
0x0000028afe748280, 0x0000028afe748910, 0x0000028afe745490, 0x0000028afe749cc0,
0x0000028afe745b20, 0x0000028afe74a350, 0x0000028afe747bf0, 0x0000028afe746ed0,
0x0000028afe748fa0, 0x0000028afe74a9e0, 0x0000028afe7461b0, 0x0000028afe74bd90,
0x0000028afe749630, 0x0000028afe74b070, 0x0000028afe74b700, 0x0000028afe744e00,
0x0000028aef7104c0, 0x0000028aef711260, 0x0000028aef7148e0, 0x0000028afe746840,
0x0000028aef717890, 0x0000028aef7171c0, 0x0000028a807865f0, 0x0000028a80785240,
0x0000028a80781dc0, 0x0000028a807858d0, 0x0000028a80782450, 0x0000028a80785f60,
0x0000028a80784bb0, 0x0000028a8077f660, 0x0000028a80786c80
}

Java Threads: ( => current thread )
  0x0000028a8ebf0f90 JavaThread "main"                              [_thread_blocked, id=22932, stack(0x0000009995700000,0x0000009995800000) (1024K)]
  0x0000028ae58c83b0 JavaThread "Reference Handler"          daemon [_thread_blocked, id=8428, stack(0x0000009995b00000,0x0000009995c00000) (1024K)]
  0x0000028ae41fe2d0 JavaThread "Finalizer"                  daemon [_thread_blocked, id=18420, stack(0x0000009995c00000,0x0000009995d00000) (1024K)]
  0x0000028ae58cbde0 JavaThread "Signal Dispatcher"          daemon [_thread_blocked, id=12204, stack(0x0000009995d00000,0x0000009995e00000) (1024K)]
  0x0000028ae58cccf0 JavaThread "Attach Listener"            daemon [_thread_blocked, id=26652, stack(0x0000009995e00000,0x0000009995f00000) (1024K)]
  0x0000028ae58d6bf0 JavaThread "Service Thread"             daemon [_thread_blocked, id=14616, stack(0x0000009995f00000,0x0000009996000000) (1024K)]
  0x0000028ae58dac70 JavaThread "Monitor Deflation Thread"   daemon [_thread_blocked, id=26164, stack(0x0000009996000000,0x0000009996100000) (1024K)]
  0x0000028ae58dbfe0 JavaThread "C2 CompilerThread0"         daemon [_thread_blocked, id=14584, stack(0x0000009996100000,0x0000009996200000) (1024K)]
  0x0000028ae58dec80 JavaThread "C1 CompilerThread0"         daemon [_thread_blocked, id=5984, stack(0x0000009996200000,0x0000009996300000) (1024K)]
  0x0000028ae59d5230 JavaThread "Common-Cleaner"             daemon [_thread_blocked, id=27180, stack(0x0000009996300000,0x0000009996400000) (1024K)]
  0x0000028ae5c5df40 JavaThread "Notification Thread"        daemon [_thread_blocked, id=9140, stack(0x0000009996700000,0x0000009996800000) (1024K)]
  0x0000028aeb834230 JavaThread "Active Thread: Equinox Container: 9088052d-09de-48bf-803b-d88670fd1307"        [_thread_blocked, id=27228, stack(0x0000009997000000,0x0000009997100000) (1024K)]
  0x0000028aeba767c0 JavaThread "Refresh Thread: Equinox Container: 9088052d-09de-48bf-803b-d88670fd1307" daemon [_thread_blocked, id=18028, stack(0x0000009997100000,0x0000009997200000) (1024K)]
  0x0000028aeb6c6580 JavaThread "Framework Event Dispatcher: Equinox Container: 9088052d-09de-48bf-803b-d88670fd1307" daemon [_thread_blocked, id=12756, stack(0x0000009997300000,0x0000009997400000) (1024K)]
  0x0000028aebbc2ff0 JavaThread "Start Level: Equinox Container: 9088052d-09de-48bf-803b-d88670fd1307" daemon [_thread_blocked, id=25416, stack(0x0000009997400000,0x0000009997500000) (1024K)]
  0x0000028aebf02bb0 JavaThread "Bundle File Closer"         daemon [_thread_blocked, id=22104, stack(0x0000009997500000,0x0000009997600000) (1024K)]
  0x0000028aebe03170 JavaThread "SCR Component Actor"        daemon [_thread_blocked, id=24488, stack(0x0000009997900000,0x0000009997a00000) (1024K)]
  0x0000028aec080db0 JavaThread "Worker-JM"                         [_thread_blocked, id=7452, stack(0x0000009997d00000,0x0000009997e00000) (1024K)]
  0x0000028aec081440 JavaThread "JNA Cleaner"                daemon [_thread_blocked, id=23220, stack(0x0000009997f00000,0x0000009998000000) (1024K)]
  0x0000028aec083510 JavaThread "Worker-0"                          [_thread_blocked, id=18180, stack(0x0000009998000000,0x0000009998100000) (1024K)]
  0x0000028aec0827f0 JavaThread "Worker-1: Initialize workspace"        [_thread_blocked, id=24888, stack(0x0000009998100000,0x0000009998200000) (1024K)]
  0x0000028aec082e80 JavaThread "Worker-2"                          [_thread_blocked, id=28568, stack(0x0000009998200000,0x0000009998300000) (1024K)]
  0x0000028aec081ad0 JavaThread "Java indexing"              daemon [_thread_blocked, id=4132, stack(0x0000009996800000,0x0000009996900000) (1024K)]
  0x0000028aec082160 JavaThread "Worker-3: Initialize Workspace"        [_thread_blocked, id=4032, stack(0x0000009998300000,0x0000009998400000) (1024K)]
  0x0000028aec080720 JavaThread "Worker-4: Java indexing... "        [_thread_blocked, id=9580, stack(0x0000009998400000,0x0000009998500000) (1024K)]
  0x0000028aec3aeb90 JavaThread "Worker-5"                          [_thread_blocked, id=19164, stack(0x0000009998500000,0x0000009998600000) (1024K)]
  0x0000028aec3af220 JavaThread "Thread-2"                   daemon [_thread_in_native, id=16540, stack(0x0000009998600000,0x0000009998700000) (1024K)]
  0x0000028aec3b2010 JavaThread "Thread-3"                   daemon [_thread_in_native, id=5976, stack(0x0000009998700000,0x0000009998800000) (1024K)]
  0x0000028aec3ae500 JavaThread "Thread-4"                   daemon [_thread_in_native, id=8232, stack(0x0000009998800000,0x0000009998900000) (1024K)]
  0x0000028aec3aff40 JavaThread "Thread-5"                   daemon [_thread_in_native, id=14624, stack(0x0000009998900000,0x0000009998a00000) (1024K)]
  0x0000028aec3ab710 JavaThread "Thread-6"                   daemon [_thread_in_native, id=8072, stack(0x0000009998a00000,0x0000009998b00000) (1024K)]
  0x0000028aec3b05d0 JavaThread "Thread-7"                   daemon [_thread_in_native, id=3448, stack(0x0000009998b00000,0x0000009998c00000) (1024K)]
  0x0000028aec3ab080 JavaThread "Thread-8"                   daemon [_thread_in_native, id=22836, stack(0x0000009998c00000,0x0000009998d00000) (1024K)]
  0x0000028aec3acac0 JavaThread "Thread-9"                   daemon [_thread_in_native, id=22176, stack(0x0000009998d00000,0x0000009998e00000) (1024K)]
  0x0000028aec3af8b0 JavaThread "Thread-10"                  daemon [_thread_in_native, id=25592, stack(0x0000009998e00000,0x0000009998f00000) (1024K)]
  0x0000028aec3b0c60 JavaThread "Thread-11"                  daemon [_thread_in_native, id=27440, stack(0x0000009998f00000,0x0000009999000000) (1024K)]
  0x0000028aec3b12f0 JavaThread "Thread-12"                  daemon [_thread_in_native, id=12268, stack(0x0000009999000000,0x0000009999100000) (1024K)]
  0x0000028aec3b1980 JavaThread "Thread-13"                  daemon [_thread_in_native, id=9064, stack(0x0000009999100000,0x0000009999200000) (1024K)]
  0x0000028aec3ad150 JavaThread "Thread-14"                  daemon [_thread_in_native, id=11148, stack(0x0000009999200000,0x0000009999300000) (1024K)]
  0x0000028aec3b26a0 JavaThread "Thread-15"                  daemon [_thread_in_native, id=760, stack(0x0000009999300000,0x0000009999400000) (1024K)]
  0x0000028aec3abda0 JavaThread "Thread-16"                  daemon [_thread_in_native, id=24836, stack(0x0000009999400000,0x0000009999500000) (1024K)]
  0x0000028aec3ac430 JavaThread "Thread-17"                  daemon [_thread_in_native, id=6444, stack(0x0000009999500000,0x0000009999600000) (1024K)]
  0x0000028aec3ad7e0 JavaThread "Thread-18"                  daemon [_thread_in_native, id=23656, stack(0x0000009999600000,0x0000009999700000) (1024K)]
  0x0000028aec3ade70 JavaThread "pool-2-thread-1"                   [_thread_blocked, id=25604, stack(0x0000009999700000,0x0000009999800000) (1024K)]
  0x0000028aed7f71d0 JavaThread "Worker-6"                          [_thread_blocked, id=23684, stack(0x0000009999900000,0x0000009999a00000) (1024K)]
  0x0000028aed7f4a70 JavaThread "WorkspaceEventsHandler"            [_thread_blocked, id=27916, stack(0x0000009999b00000,0x0000009999c00000) (1024K)]
  0x0000028aed7f5e20 JavaThread "pool-1-thread-1"                   [_thread_blocked, id=10392, stack(0x0000009999c00000,0x0000009999d00000) (1024K)]
  0x0000028aee0b3cd0 JavaThread "C2 CompilerThread1"         daemon [_thread_blocked, id=26572, stack(0x0000009995400000,0x0000009995500000) (1024K)]
  0x0000028ae5a09730 JavaThread "C2 CompilerThread2"         daemon [_thread_blocked, id=4832, stack(0x0000009995500000,0x0000009995600000) (1024K)]
  0x0000028aeda99f00 JavaThread "C1 CompilerThread1"         daemon [_thread_blocked, id=15016, stack(0x0000009995600000,0x0000009995700000) (1024K)]
  0x0000028aebc13250 JavaThread "C1 CompilerThread2"         daemon [_thread_blocked, id=24788, stack(0x0000009996400000,0x0000009996500000) (1024K)]
  0x0000028aed7f0f60 JavaThread "Worker-8: Building"                [_thread_blocked, id=2640, stack(0x0000009996500000,0x0000009996600000) (1024K)]
  0x0000028aed788f00 JavaThread "C1 CompilerThread3"         daemon [_thread_blocked, id=7888, stack(0x0000009996600000,0x0000009996700000) (1024K)]
  0x0000028aed7f5790 JavaThread "Worker-9"                          [_thread_blocked, id=16216, stack(0x0000009996f00000,0x0000009997000000) (1024K)]
  0x0000028aed7f7860 
[error occurred during error reporting (printing all threads), id 0xc0000005, EXCEPTION_ACCESS_VIOLATION (0xc0000005) at pc=0x00007ffa07b72be0]
VM state: at safepoint (normal execution)

VM Mutex/Monitor currently owned by a thread:  ([mutex/lock_event])
[0x00007ffa086dd380] Threads_lock - owner thread: 0x0000028ae41e4060
[0x00007ffa086dd480] Heap_lock - owner thread: 0x0000028a80786c80

Heap address: 0x00000000c0000000, size: 1024 MB, Compressed Oops mode: 32-bit

CDS archive(s) mapped at: [0x0000028aa3000000-0x0000028aa3ba0000-0x0000028aa3ba0000), size 12189696, SharedBaseAddress: 0x0000028aa3000000, ArchiveRelocationMode: 1.
Compressed class space mapped at: 0x0000028aa4000000-0x0000028ae4000000, reserved size: 1073741824
Narrow klass base: 0x0000028aa3000000, Narrow klass shift: 0, Narrow klass range: 0x100000000

GC Precious Log:
 CardTable entry size: 512
 CPUs: 16 total, 16 available
 Memory: 15613M
 Large Page Support: Disabled
 NUMA Support: Disabled
 Compressed Oops: Enabled (32-bit)
 Alignments: Space 512K, Generation 512K, Heap 2M
 Heap Min Capacity: 100M
 Heap Initial Capacity: 100M
 Heap Max Capacity: 1G
 Pre-touch: Disabled
 Parallel Workers: 13

Heap:
 PSYoungGen      total 8704K, used 0K [0x00000000eab00000, 0x00000000eb500000, 0x0000000100000000)
  eden space 8192K, 0% used [0x00000000eab00000,0x00000000eab00000,0x00000000eb300000)
  from space 512K, 0% used [0x00000000eb480000,0x00000000eb480000,0x00000000eb500000)
  to   space 512K, 0% used [0x00000000eb300000,0x00000000eb300000,0x00000000eb380000)
 ParOldGen       total 442880K, used 442417K [0x00000000c0000000, 0x00000000db080000, 0x00000000eab00000)
  object space 442880K, 99% used [0x00000000c0000000,0x00000000db00c588,0x00000000db080000)
 Metaspace       used 71579K, committed 73216K, reserved 1114112K
  class space    used 7860K, committed 8576K, reserved 1048576K

Card table byte_map: [0x0000028a8e590000,0x0000028a8e7a0000] _byte_map_base: 0x0000028a8df90000

Marking Bits: (ParMarkBitMap*) 0x00007ffa086e2250
 Begin Bits: [0x0000028aa0f40000, 0x0000028aa1f40000)
 End Bits:   [0x0000028aa1f40000, 0x0000028aa2f40000)

Polling page: 0x0000028a8cbc0000

Metaspace:

Usage:
  Non-class:     62.23 MB used.
      Class:      7.68 MB used.
       Both:     69.90 MB used.

Virtual space:
  Non-class space:       64.00 MB reserved,      63.12 MB ( 99%) committed,  1 nodes.
      Class space:        1.00 GB reserved,       8.38 MB ( <1%) committed,  1 nodes.
             Both:        1.06 GB reserved,      71.50 MB (  7%) committed. 

Chunk freelists:
   Non-Class:  359.00 KB
       Class:  7.60 MB
        Both:  7.96 MB

MaxMetaspaceSize: unlimited
CompressedClassSpaceSize: 1.00 GB
Initial GC threshold: 21.00 MB
Current GC threshold: 97.31 MB
CDS: on
 - commit_granule_bytes: 65536.
 - commit_granule_words: 8192.
 - virtual_space_node_default_size: 8388608.
 - enlarge_chunks_in_place: 1.
 - use_allocation_guard: 0.


Internal statistics:

num_allocs_failed_limit: 9.
num_arena_births: 1248.
num_arena_deaths: 26.
num_vsnodes_births: 2.
num_vsnodes_deaths: 0.
num_space_committed: 1144.
num_space_uncommitted: 0.
num_chunks_returned_to_freelist: 40.
num_chunks_taken_from_freelist: 4467.
num_chunk_merges: 16.
num_chunk_splits: 2852.
num_chunks_enlarged: 1791.
num_inconsistent_stats: 0.

CodeHeap 'non-profiled nmethods': size=119168Kb used=8376Kb max_used=10142Kb free=110791Kb
 bounds [0x0000028a99ae0000, 0x0000028a9a4d0000, 0x0000028aa0f40000]
CodeHeap 'profiled nmethods': size=119104Kb used=19664Kb max_used=25465Kb free=99439Kb
 bounds [0x0000028a91f40000, 0x0000028a93820000, 0x0000028a99390000]
CodeHeap 'non-nmethods': size=7488Kb used=3140Kb max_used=3272Kb free=4348Kb
 bounds [0x0000028a99390000, 0x0000028a996d0000, 0x0000028a99ae0000]
 total_blobs=9743 nmethods=8973 adapters=672
 compilation: enabled
              stopped_count=0, restarted_count=0
 full_count=0

Compilation events (20 events):
Event: 429.679 Thread 0x0000028ae5a09730 nmethod 11883 0x0000028a9a4c3490 code [0x0000028a9a4c3780, 0x0000028a9a4c47f0]
Event: 429.681 Thread 0x0000028ae5a09730 11862       4       org.eclipse.core.runtime.Path::computeSegmentCount (86 bytes)
Event: 429.687 Thread 0x0000028aeda99f00 11896       3       java.util.Map::ofEntries (114 bytes)
Event: 429.688 Thread 0x0000028aeda99f00 nmethod 11896 0x0000028a93817f90 code [0x0000028a93818240, 0x0000028a93819168]
Event: 429.695 Thread 0x0000028aed788f00 11898       3       java.util.Spliterators$IteratorSpliterator::forEachRemaining (58 bytes)
Event: 429.695 Thread 0x0000028ae5a09730 nmethod 11862 0x0000028a9a4c5490 code [0x0000028a9a4c5680, 0x0000028a9a4c5d10]
Event: 429.695 Thread 0x0000028aed788f00 nmethod 11898 0x0000028a93819690 code [0x0000028a93819880, 0x0000028a93819d68]
Event: 429.696 Thread 0x0000028ae58dec80 11899       3       java.lang.invoke.DelegatingMethodHandle$Holder::reinvoke_L (18 bytes)
Event: 429.696 Thread 0x0000028ae5a09730 11863       4       java.util.HashMap::putVal (300 bytes)
Event: 429.697 Thread 0x0000028ae58dec80 nmethod 11899 0x0000028a93819f10 code [0x0000028a9381a0e0, 0x0000028a9381a568]
Event: 429.697 Thread 0x0000028aeda99f00 11900       3       org.eclipse.jdt.internal.core.JavaModelCache::getExistingElement (101 bytes)
Event: 429.697 Thread 0x0000028aed788f00 11901       3       org.eclipse.jdt.internal.core.util.LRUCache::getKey (23 bytes)
Event: 429.697 Thread 0x0000028aebc13250 11902       3       org.eclipse.jdt.internal.core.util.HashSetOfArray::<init> (7 bytes)
Event: 429.697 Thread 0x0000028aebc13250 nmethod 11902 0x0000028a9381a690 code [0x0000028a9381a840, 0x0000028a9381a980]
Event: 429.697 Thread 0x0000028aed788f00 nmethod 11901 0x0000028a9381aa10 code [0x0000028a9381abe0, 0x0000028a9381af20]
Event: 429.698 Thread 0x0000028aeda99f00 nmethod 11900 0x0000028a9381b010 code [0x0000028a9381b2c0, 0x0000028a9381c5e8]
Event: 429.704 Thread 0x0000028aed788f00 11905       3       org.eclipse.jdt.internal.core.JarPackageFragmentRoot::unmodifiableCopy (108 bytes)
Event: 429.704 Thread 0x0000028aeda99f00 11906  s    3       org.eclipse.jdt.internal.core.JavaModelManager::getExistingElement (9 bytes)
Event: 429.705 Thread 0x0000028aeda99f00 nmethod 11906 0x0000028a9381c990 code [0x0000028a9381cb40, 0x0000028a9381cd60]
Event: 429.705 Thread 0x0000028aed788f00 nmethod 11905 0x0000028a9381ce90 code [0x0000028a9381d160, 0x0000028a9381dff8]

GC Heap History (20 events):
Event: 429.621 GC heap before
{Heap before GC invocations=356 (full 3):
 PSYoungGen      total 5632K, used 5472K [0x00000000eab00000, 0x00000000eb100000, 0x0000000100000000)
  eden space 5120K, 100% used [0x00000000eab00000,0x00000000eb000000,0x00000000eb000000)
  from space 512K, 68% used [0x00000000eb080000,0x00000000eb0d8000,0x00000000eb100000)
  to   space 512K, 0% used [0x00000000eb000000,0x00000000eb000000,0x00000000eb080000)
 ParOldGen       total 405504K, used 404994K [0x00000000c0000000, 0x00000000d8c00000, 0x00000000eab00000)
  object space 405504K, 99% used [0x00000000c0000000,0x00000000d8b80b70,0x00000000d8c00000)
 Metaspace       used 71556K, committed 73216K, reserved 1114112K
  class space    used 7858K, committed 8576K, reserved 1048576K
}
Event: 429.623 GC heap after
{Heap after GC invocations=356 (full 3):
 PSYoungGen      total 5632K, used 507K [0x00000000eab00000, 0x00000000eb200000, 0x0000000100000000)
  eden space 5120K, 0% used [0x00000000eab00000,0x00000000eab00000,0x00000000eb000000)
  from space 512K, 99% used [0x00000000eb000000,0x00000000eb07ed80,0x00000000eb080000)
  to   space 1024K, 0% used [0x00000000eb100000,0x00000000eb100000,0x00000000eb200000)
 ParOldGen       total 405504K, used 405194K [0x00000000c0000000, 0x00000000d8c00000, 0x00000000eab00000)
  object space 405504K, 99% used [0x00000000c0000000,0x00000000d8bb2b70,0x00000000d8c00000)
 Metaspace       used 71556K, committed 73216K, reserved 1114112K
  class space    used 7858K, committed 8576K, reserved 1048576K
}
Event: 429.626 GC heap before
{Heap before GC invocations=357 (full 3):
 PSYoungGen      total 5632K, used 5627K [0x00000000eab00000, 0x00000000eb200000, 0x0000000100000000)
  eden space 5120K, 99% used [0x00000000eab00000,0x00000000eafffff8,0x00000000eb000000)
  from space 512K, 99% used [0x00000000eb000000,0x00000000eb07ed80,0x00000000eb080000)
  to   space 1024K, 0% used [0x00000000eb100000,0x00000000eb100000,0x00000000eb200000)
 ParOldGen       total 405504K, used 405199K [0x00000000c0000000, 0x00000000d8c00000, 0x00000000eab00000)
  object space 405504K, 99% used [0x00000000c0000000,0x00000000d8bb3ea0,0x00000000d8c00000)
 Metaspace       used 71556K, committed 73216K, reserved 1114112K
  class space    used 7858K, committed 8576K, reserved 1048576K
}
Event: 429.628 GC heap after
{Heap after GC invocations=357 (full 3):
 PSYoungGen      total 5632K, used 416K [0x00000000eab00000, 0x00000000eb180000, 0x0000000100000000)
  eden space 5120K, 0% used [0x00000000eab00000,0x00000000eab00000,0x00000000eb000000)
  from space 512K, 81% used [0x00000000eb100000,0x00000000eb168000,0x00000000eb180000)
  to   space 512K, 0% used [0x00000000eb000000,0x00000000eb000000,0x00000000eb080000)
 ParOldGen       total 405504K, used 405467K [0x00000000c0000000, 0x00000000d8c00000, 0x00000000eab00000)
  object space 405504K, 99% used [0x00000000c0000000,0x00000000d8bf6c20,0x00000000d8c00000)
 Metaspace       used 71556K, committed 73216K, reserved 1114112K
  class space    used 7858K, committed 8576K, reserved 1048576K
}
Event: 429.637 GC heap before
{Heap before GC invocations=358 (full 3):
 PSYoungGen      total 5632K, used 5536K [0x00000000eab00000, 0x00000000eb180000, 0x0000000100000000)
  eden space 5120K, 100% used [0x00000000eab00000,0x00000000eb000000,0x00000000eb000000)
  from space 512K, 81% used [0x00000000eb100000,0x00000000eb168000,0x00000000eb180000)
  to   space 512K, 0% used [0x00000000eb000000,0x00000000eb000000,0x00000000eb080000)
 ParOldGen       total 413184K, used 413129K [0x00000000c0000000, 0x00000000d9380000, 0x00000000eab00000)
  object space 413184K, 99% used [0x00000000c0000000,0x00000000d93724b0,0x00000000d9380000)
 Metaspace       used 71556K, committed 73216K, reserved 1114112K
  class space    used 7858K, committed 8576K, reserved 1048576K
}
Event: 429.638 GC heap after
{Heap after GC invocations=358 (full 3):
 PSYoungGen      total 5632K, used 384K [0x00000000eab00000, 0x00000000eb200000, 0x0000000100000000)
  eden space 5120K, 0% used [0x00000000eab00000,0x00000000eab00000,0x00000000eb000000)
  from space 512K, 75% used [0x00000000eb000000,0x00000000eb060000,0x00000000eb080000)
  to   space 512K, 0% used [0x00000000eb180000,0x00000000eb180000,0x00000000eb200000)
 ParOldGen       total 413696K, used 413345K [0x00000000c0000000, 0x00000000d9400000, 0x00000000eab00000)
  object space 413696K, 99% used [0x00000000c0000000,0x00000000d93a84b0,0x00000000d9400000)
 Metaspace       used 71556K, committed 73216K, reserved 1114112K
  class space    used 7858K, committed 8576K, reserved 1048576K
}
Event: 429.645 GC heap before
{Heap before GC invocations=359 (full 3):
 PSYoungGen      total 5632K, used 5504K [0x00000000eab00000, 0x00000000eb200000, 0x0000000100000000)
  eden space 5120K, 100% used [0x00000000eab00000,0x00000000eb000000,0x00000000eb000000)
  from space 512K, 75% used [0x00000000eb000000,0x00000000eb060000,0x00000000eb080000)
  to   space 512K, 0% used [0x00000000eb180000,0x00000000eb180000,0x00000000eb200000)
 ParOldGen       total 413696K, used 413345K [0x00000000c0000000, 0x00000000d9400000, 0x00000000eab00000)
  object space 413696K, 99% used [0x00000000c0000000,0x00000000d93a84b0,0x00000000d9400000)
 Metaspace       used 71560K, committed 73216K, reserved 1114112K
  class space    used 7858K, committed 8576K, reserved 1048576K
}
Event: 429.646 GC heap after
{Heap after GC invocations=359 (full 3):
 PSYoungGen      total 6144K, used 494K [0x00000000eab00000, 0x00000000eb300000, 0x0000000100000000)
  eden space 5632K, 0% used [0x00000000eab00000,0x00000000eab00000,0x00000000eb080000)
  from space 512K, 96% used [0x00000000eb180000,0x00000000eb1fb938,0x00000000eb200000)
  to   space 1024K, 0% used [0x00000000eb080000,0x00000000eb080000,0x00000000eb180000)
 ParOldGen       total 413696K, used 413553K [0x00000000c0000000, 0x00000000d9400000, 0x00000000eab00000)
  object space 413696K, 99% used [0x00000000c0000000,0x00000000d93dc4b0,0x00000000d9400000)
 Metaspace       used 71560K, committed 73216K, reserved 1114112K
  class space    used 7858K, committed 8576K, reserved 1048576K
}
Event: 429.652 GC heap before
{Heap before GC invocations=360 (full 3):
 PSYoungGen      total 6144K, used 6126K [0x00000000eab00000, 0x00000000eb300000, 0x0000000100000000)
  eden space 5632K, 100% used [0x00000000eab00000,0x00000000eb080000,0x00000000eb080000)
  from space 512K, 96% used [0x00000000eb180000,0x00000000eb1fb938,0x00000000eb200000)
  to   space 1024K, 0% used [0x00000000eb080000,0x00000000eb080000,0x00000000eb180000)
 ParOldGen       total 413696K, used 413553K [0x00000000c0000000, 0x00000000d9400000, 0x00000000eab00000)
  object space 413696K, 99% used [0x00000000c0000000,0x00000000d93dc4e8,0x00000000d9400000)
 Metaspace       used 71560K, committed 73216K, reserved 1114112K
  class space    used 7858K, committed 8576K, reserved 1048576K
}
Event: 429.655 GC heap after
{Heap after GC invocations=360 (full 3):
 PSYoungGen      total 6656K, used 256K [0x00000000eab00000, 0x00000000eb200000, 0x0000000100000000)
  eden space 5632K, 0% used [0x00000000eab00000,0x00000000eab00000,0x00000000eb080000)
  from space 1024K, 25% used [0x00000000eb080000,0x00000000eb0c0000,0x00000000eb180000)
  to   space 512K, 0% used [0x00000000eb180000,0x00000000eb180000,0x00000000eb200000)
 ParOldGen       total 414208K, used 413884K [0x00000000c0000000, 0x00000000d9480000, 0x00000000eab00000)
  object space 414208K, 99% used [0x00000000c0000000,0x00000000d942f3d8,0x00000000d9480000)
 Metaspace       used 71560K, committed 73216K, reserved 1114112K
  class space    used 7858K, committed 8576K, reserved 1048576K
}
Event: 429.659 GC heap before
{Heap before GC invocations=361 (full 3):
 PSYoungGen      total 6656K, used 5888K [0x00000000eab00000, 0x00000000eb200000, 0x0000000100000000)
  eden space 5632K, 100% used [0x00000000eab00000,0x00000000eb080000,0x00000000eb080000)
  from space 1024K, 25% used [0x00000000eb080000,0x00000000eb0c0000,0x00000000eb180000)
  to   space 512K, 0% used [0x00000000eb180000,0x00000000eb180000,0x00000000eb200000)
 ParOldGen       total 414208K, used 413888K [0x00000000c0000000, 0x00000000d9480000, 0x00000000eab00000)
  object space 414208K, 99% used [0x00000000c0000000,0x00000000d9430048,0x00000000d9480000)
 Metaspace       used 71560K, committed 73216K, reserved 1114112K
  class space    used 7858K, committed 8576K, reserved 1048576K
}
Event: 429.661 GC heap after
{Heap after GC invocations=361 (full 3):
 PSYoungGen      total 6656K, used 438K [0x00000000eab00000, 0x00000000eb300000, 0x0000000100000000)
  eden space 6144K, 0% used [0x00000000eab00000,0x00000000eab00000,0x00000000eb100000)
  from space 512K, 85% used [0x00000000eb180000,0x00000000eb1ed840,0x00000000eb200000)
  to   space 512K, 0% used [0x00000000eb100000,0x00000000eb100000,0x00000000eb180000)
 ParOldGen       total 414208K, used 414016K [0x00000000c0000000, 0x00000000d9480000, 0x00000000eab00000)
  object space 414208K, 99% used [0x00000000c0000000,0x00000000d9450048,0x00000000d9480000)
 Metaspace       used 71560K, committed 73216K, reserved 1114112K
  class space    used 7858K, committed 8576K, reserved 1048576K
}
Event: 429.676 GC heap before
{Heap before GC invocations=362 (full 3):
 PSYoungGen      total 6656K, used 6582K [0x00000000eab00000, 0x00000000eb300000, 0x0000000100000000)
  eden space 6144K, 100% used [0x00000000eab00000,0x00000000eb100000,0x00000000eb100000)
  from space 512K, 85% used [0x00000000eb180000,0x00000000eb1ed840,0x00000000eb200000)
  to   space 512K, 0% used [0x00000000eb100000,0x00000000eb100000,0x00000000eb180000)
 ParOldGen       total 429568K, used 429336K [0x00000000c0000000, 0x00000000da380000, 0x00000000eab00000)
  object space 429568K, 99% used [0x00000000c0000000,0x00000000da346058,0x00000000da380000)
 Metaspace       used 71560K, committed 73216K, reserved 1114112K
  class space    used 7858K, committed 8576K, reserved 1048576K
}
Event: 429.677 GC heap after
{Heap after GC invocations=362 (full 3):
 PSYoungGen      total 6656K, used 339K [0x00000000eab00000, 0x00000000eb380000, 0x0000000100000000)
  eden space 6144K, 0% used [0x00000000eab00000,0x00000000eab00000,0x00000000eb100000)
  from space 512K, 66% used [0x00000000eb100000,0x00000000eb154f80,0x00000000eb180000)
  to   space 512K, 0% used [0x00000000eb300000,0x00000000eb300000,0x00000000eb380000)
 ParOldGen       total 430080K, used 429584K [0x00000000c0000000, 0x00000000da400000, 0x00000000eab00000)
  object space 430080K, 99% used [0x00000000c0000000,0x00000000da384058,0x00000000da400000)
 Metaspace       used 71560K, committed 73216K, reserved 1114112K
  class space    used 7858K, committed 8576K, reserved 1048576K
}
Event: 429.682 GC heap before
{Heap before GC invocations=363 (full 3):
 PSYoungGen      total 6656K, used 6483K [0x00000000eab00000, 0x00000000eb380000, 0x0000000100000000)
  eden space 6144K, 100% used [0x00000000eab00000,0x00000000eb100000,0x00000000eb100000)
  from space 512K, 66% used [0x00000000eb100000,0x00000000eb154f80,0x00000000eb180000)
  to   space 512K, 0% used [0x00000000eb300000,0x00000000eb300000,0x00000000eb380000)
 ParOldGen       total 430080K, used 429584K [0x00000000c0000000, 0x00000000da400000, 0x00000000eab00000)
  object space 430080K, 99% used [0x00000000c0000000,0x00000000da384068,0x00000000da400000)
 Metaspace       used 71560K, committed 73216K, reserved 1114112K
  class space    used 7858K, committed 8576K, reserved 1048576K
}
Event: 429.684 GC heap after
{Heap after GC invocations=363 (full 3):
 PSYoungGen      total 8192K, used 384K [0x00000000eab00000, 0x00000000eb380000, 0x0000000100000000)
  eden space 7680K, 0% used [0x00000000eab00000,0x00000000eab00000,0x00000000eb280000)
  from space 512K, 75% used [0x00000000eb300000,0x00000000eb360000,0x00000000eb380000)
  to   space 512K, 0% used [0x00000000eb280000,0x00000000eb280000,0x00000000eb300000)
 ParOldGen       total 430080K, used 429776K [0x00000000c0000000, 0x00000000da400000, 0x00000000eab00000)
  object space 430080K, 99% used [0x00000000c0000000,0x00000000da3b4068,0x00000000da400000)
 Metaspace       used 71560K, committed 73216K, reserved 1114112K
  class space    used 7858K, committed 8576K, reserved 1048576K
}
Event: 429.692 GC heap before
{Heap before GC invocations=364 (full 3):
 PSYoungGen      total 8192K, used 8064K [0x00000000eab00000, 0x00000000eb380000, 0x0000000100000000)
  eden space 7680K, 100% used [0x00000000eab00000,0x00000000eb280000,0x00000000eb280000)
  from space 512K, 75% used [0x00000000eb300000,0x00000000eb360000,0x00000000eb380000)
  to   space 512K, 0% used [0x00000000eb280000,0x00000000eb280000,0x00000000eb300000)
 ParOldGen       total 430080K, used 429779K [0x00000000c0000000, 0x00000000da400000, 0x00000000eab00000)
  object space 430080K, 99% used [0x00000000c0000000,0x00000000da3b4f70,0x00000000da400000)
 Metaspace       used 71561K, committed 73216K, reserved 1114112K
  class space    used 7858K, committed 8576K, reserved 1048576K
}
Event: 429.693 GC heap after
{Heap after GC invocations=364 (full 3):
 PSYoungGen      total 8192K, used 507K [0x00000000eab00000, 0x00000000eb480000, 0x0000000100000000)
  eden space 7680K, 0% used [0x00000000eab00000,0x00000000eab00000,0x00000000eb280000)
  from space 512K, 99% used [0x00000000eb280000,0x00000000eb2feee8,0x00000000eb300000)
  to   space 1024K, 0% used [0x00000000eb380000,0x00000000eb380000,0x00000000eb480000)
 ParOldGen       total 430080K, used 429979K [0x00000000c0000000, 0x00000000da400000, 0x00000000eab00000)
  object space 430080K, 99% used [0x00000000c0000000,0x00000000da3e6f70,0x00000000da400000)
 Metaspace       used 71561K, committed 73216K, reserved 1114112K
  class space    used 7858K, committed 8576K, reserved 1048576K
}
Event: 429.698 GC heap before
{Heap before GC invocations=365 (full 3):
 PSYoungGen      total 8192K, used 8187K [0x00000000eab00000, 0x00000000eb480000, 0x0000000100000000)
  eden space 7680K, 100% used [0x00000000eab00000,0x00000000eb280000,0x00000000eb280000)
  from space 512K, 99% used [0x00000000eb280000,0x00000000eb2feee8,0x00000000eb300000)
  to   space 1024K, 0% used [0x00000000eb380000,0x00000000eb380000,0x00000000eb480000)
 ParOldGen       total 430080K, used 429982K [0x00000000c0000000, 0x00000000da400000, 0x00000000eab00000)
  object space 430080K, 99% used [0x00000000c0000000,0x00000000da3e7948,0x00000000da400000)
 Metaspace       used 71564K, committed 73216K, reserved 1114112K
  class space    used 7858K, committed 8576K, reserved 1048576K
}
Event: 429.699 GC heap after
{Heap after GC invocations=365 (full 3):
 PSYoungGen      total 8704K, used 640K [0x00000000eab00000, 0x00000000eb480000, 0x0000000100000000)
  eden space 7680K, 0% used [0x00000000eab00000,0x00000000eab00000,0x00000000eb280000)
  from space 1024K, 62% used [0x00000000eb380000,0x00000000eb420288,0x00000000eb480000)
  to   space 1024K, 0% used [0x00000000eb280000,0x00000000eb280000,0x00000000eb380000)
 ParOldGen       total 430592K, used 430301K [0x00000000c0000000, 0x00000000da480000, 0x00000000eab00000)
  object space 430592K, 99% used [0x00000000c0000000,0x00000000da4375e8,0x00000000da480000)
 Metaspace       used 71564K, committed 73216K, reserved 1114112K
  class space    used 7858K, committed 8576K, reserved 1048576K
}

Dll operation events (13 events):
Event: 0.009 Loaded shared library c:\Users\ASUS\.vscode\extensions\redhat.java-1.39.0-win32-x64\jre\21.0.5-win32-x86_64\bin\java.dll
Event: 0.081 Loaded shared library c:\Users\ASUS\.vscode\extensions\redhat.java-1.39.0-win32-x64\jre\21.0.5-win32-x86_64\bin\zip.dll
Event: 0.104 Loaded shared library C:\Users\ASUS\.vscode\extensions\redhat.java-1.39.0-win32-x64\jre\21.0.5-win32-x86_64\bin\instrument.dll
Event: 0.109 Loaded shared library C:\Users\ASUS\.vscode\extensions\redhat.java-1.39.0-win32-x64\jre\21.0.5-win32-x86_64\bin\net.dll
Event: 0.112 Loaded shared library C:\Users\ASUS\.vscode\extensions\redhat.java-1.39.0-win32-x64\jre\21.0.5-win32-x86_64\bin\nio.dll
Event: 0.118 Loaded shared library C:\Users\ASUS\.vscode\extensions\redhat.java-1.39.0-win32-x64\jre\21.0.5-win32-x86_64\bin\zip.dll
Event: 0.135 Loaded shared library C:\Users\ASUS\.vscode\extensions\redhat.java-1.39.0-win32-x64\jre\21.0.5-win32-x86_64\bin\jimage.dll
Event: 0.214 Loaded shared library c:\Users\ASUS\.vscode\extensions\redhat.java-1.39.0-win32-x64\jre\21.0.5-win32-x86_64\bin\verify.dll
Event: 1.292 Loaded shared library C:\Users\ASUS\AppData\Roaming\Code\User\globalStorage\redhat.java\1.39.0\config_win\org.eclipse.equinox.launcher\org.eclipse.equinox.launcher.win32.win32.x86_64_1.2.1100.v20240722-2106\eclipse_11904.dll
Event: 2.396 Loaded shared library C:\Users\ASUS\AppData\Local\Temp\jna-2018896\jna12941492573691157081.dll
Event: 33.595 Loaded shared library C:\Users\ASUS\.vscode\extensions\redhat.java-1.39.0-win32-x64\jre\21.0.5-win32-x86_64\bin\management.dll
Event: 33.598 Loaded shared library C:\Users\ASUS\.vscode\extensions\redhat.java-1.39.0-win32-x64\jre\21.0.5-win32-x86_64\bin\management_ext.dll
Event: 427.739 Loaded shared library C:\Users\ASUS\.gradle\native\c067742578af261105cb4f569cf0c3c89f3d7b1fecec35dd04571415982c5e48\windows-amd64\native-platform.dll

Deoptimization events (20 events):
Event: 429.581 Thread 0x0000028aec0827f0 DEOPT PACKING pc=0x0000028a9a046eac sp=0x00000099981fe540
Event: 429.581 Thread 0x0000028aec0827f0 DEOPT UNPACKING pc=0x0000028a993e3aa2 sp=0x00000099981fe4d8 mode 2
Event: 429.593 Thread 0x0000028a80786c80 Uncommon trap: trap_request=0xffffffbe fr.pc=0x0000028a99dc57ec relative=0x00000000000013cc
Event: 429.593 Thread 0x0000028a80786c80 Uncommon trap: reason=profile_predicate action=maybe_recompile pc=0x0000028a99dc57ec method=java.util.zip.InflaterInputStream.read([BII)I @ 37 c2
Event: 429.593 Thread 0x0000028a80786c80 DEOPT PACKING pc=0x0000028a99dc57ec sp=0x000000999d5fef60
Event: 429.593 Thread 0x0000028a80786c80 DEOPT UNPACKING pc=0x0000028a993e3aa2 sp=0x000000999d5fefb0 mode 2
Event: 429.593 Thread 0x0000028a80786c80 Uncommon trap: trap_request=0xffffffbe fr.pc=0x0000028a99dc57ec relative=0x00000000000013cc
Event: 429.593 Thread 0x0000028a80786c80 Uncommon trap: reason=profile_predicate action=maybe_recompile pc=0x0000028a99dc57ec method=java.util.zip.InflaterInputStream.read([BII)I @ 37 c2
Event: 429.593 Thread 0x0000028a80786c80 DEOPT PACKING pc=0x0000028a99dc57ec sp=0x000000999d5fef60
Event: 429.594 Thread 0x0000028a80786c80 DEOPT UNPACKING pc=0x0000028a993e3aa2 sp=0x000000999d5fefb0 mode 2
Event: 429.594 Thread 0x0000028a80786c80 Uncommon trap: trap_request=0xffffffbe fr.pc=0x0000028a99dc57ec relative=0x00000000000013cc
Event: 429.594 Thread 0x0000028a80786c80 Uncommon trap: reason=profile_predicate action=maybe_recompile pc=0x0000028a99dc57ec method=java.util.zip.InflaterInputStream.read([BII)I @ 37 c2
Event: 429.594 Thread 0x0000028a80786c80 DEOPT PACKING pc=0x0000028a99dc57ec sp=0x000000999d5fef60
Event: 429.594 Thread 0x0000028a80786c80 DEOPT UNPACKING pc=0x0000028a993e3aa2 sp=0x000000999d5fefb0 mode 2
Event: 429.594 Thread 0x0000028a80786c80 Uncommon trap: trap_request=0xffffffbe fr.pc=0x0000028a99dc57ec relative=0x00000000000013cc
Event: 429.594 Thread 0x0000028a80786c80 Uncommon trap: reason=profile_predicate action=maybe_recompile pc=0x0000028a99dc57ec method=java.util.zip.InflaterInputStream.read([BII)I @ 37 c2
Event: 429.594 Thread 0x0000028a80786c80 DEOPT PACKING pc=0x0000028a99dc57ec sp=0x000000999d5fef60
Event: 429.594 Thread 0x0000028a80786c80 DEOPT UNPACKING pc=0x0000028a993e3aa2 sp=0x000000999d5fefb0 mode 2
Event: 429.698 Thread 0x0000028aec0827f0 DEOPT PACKING pc=0x0000028a93553667 sp=0x00000099981fdef0
Event: 429.698 Thread 0x0000028aec0827f0 DEOPT UNPACKING pc=0x0000028a993e4242 sp=0x00000099981fd460 mode 0

Classes loaded (20 events):
Event: 429.491 Loading class com/sun/crypto/provider/ElectronicCodeBook
Event: 429.491 Loading class com/sun/crypto/provider/FeedbackCipher
Event: 429.491 Loading class com/sun/crypto/provider/FeedbackCipher done
Event: 429.491 Loading class com/sun/crypto/provider/ElectronicCodeBook done
Event: 429.491 Loading class com/sun/crypto/provider/PKCS5Padding
Event: 429.492 Loading class com/sun/crypto/provider/Padding
Event: 429.492 Loading class com/sun/crypto/provider/Padding done
Event: 429.492 Loading class com/sun/crypto/provider/PKCS5Padding done
Event: 429.492 Loading class com/sun/crypto/provider/CipherBlockChaining
Event: 429.492 Loading class com/sun/crypto/provider/CipherBlockChaining done
Event: 429.493 Loading class javax/crypto/NullCipher
Event: 429.493 Loading class javax/crypto/NullCipher done
Event: 429.500 Loading class sun/security/util/ArrayUtil
Event: 429.500 Loading class sun/security/util/ArrayUtil done
Event: 429.593 Loading class java/util/zip/CheckedInputStream
Event: 429.593 Loading class java/util/zip/CheckedInputStream done
Event: 429.596 Loading class java/lang/invoke/MethodHandleImpl$CountingWrapper$1
Event: 429.596 Loading class java/lang/invoke/MethodHandleImpl$CountingWrapper$1 done
Event: 429.705 Loading class java/util/zip/GZIPInputStream$1
Event: 429.705 Loading class java/util/zip/GZIPInputStream$1 done

Classes unloaded (13 events):
Event: 2.796 Thread 0x0000028ae41e4060 Unloading class 0x0000028aa41a0c00 'java/lang/invoke/LambdaForm$MH+0x0000028aa41a0c00'
Event: 2.796 Thread 0x0000028ae41e4060 Unloading class 0x0000028aa41a0800 'java/lang/invoke/LambdaForm$MH+0x0000028aa41a0800'
Event: 2.796 Thread 0x0000028ae41e4060 Unloading class 0x0000028aa41a0400 'java/lang/invoke/LambdaForm$MH+0x0000028aa41a0400'
Event: 2.796 Thread 0x0000028ae41e4060 Unloading class 0x0000028aa41a0000 'java/lang/invoke/LambdaForm$MH+0x0000028aa41a0000'
Event: 2.796 Thread 0x0000028ae41e4060 Unloading class 0x0000028aa419fc00 'java/lang/invoke/LambdaForm$BMH+0x0000028aa419fc00'
Event: 2.796 Thread 0x0000028ae41e4060 Unloading class 0x0000028aa419f800 'java/lang/invoke/LambdaForm$DMH+0x0000028aa419f800'
Event: 2.796 Thread 0x0000028ae41e4060 Unloading class 0x0000028aa419e400 'java/lang/invoke/LambdaForm$DMH+0x0000028aa419e400'
Event: 3.935 Thread 0x0000028ae41e4060 Unloading class 0x0000028aa43d2800 'java/lang/invoke/LambdaForm$MH+0x0000028aa43d2800'
Event: 3.935 Thread 0x0000028ae41e4060 Unloading class 0x0000028aa43d2000 'java/lang/invoke/LambdaForm$MH+0x0000028aa43d2000'
Event: 3.935 Thread 0x0000028ae41e4060 Unloading class 0x0000028aa43d1800 'java/lang/invoke/LambdaForm$MH+0x0000028aa43d1800'
Event: 3.935 Thread 0x0000028ae41e4060 Unloading class 0x0000028aa43d1000 'java/lang/invoke/LambdaForm$MH+0x0000028aa43d1000'
Event: 3.935 Thread 0x0000028ae41e4060 Unloading class 0x0000028aa43d0c00 'java/lang/invoke/LambdaForm$DMH+0x0000028aa43d0c00'
Event: 3.935 Thread 0x0000028ae41e4060 Unloading class 0x0000028aa43d0400 'java/lang/invoke/LambdaForm$MH+0x0000028aa43d0400'

Classes redefined (0 events):
No events

Internal exceptions (20 events):
Event: 429.232 Thread 0x0000028aec0827f0 Exception <a 'sun/nio/fs/WindowsException'{0x00000000eaf57658}> (0x00000000eaf57658) 
thrown [s\src\hotspot\share\prims\jni.cpp, line 520]
Event: 429.232 Thread 0x0000028aec0827f0 Exception <a 'sun/nio/fs/WindowsException'{0x00000000eaf67d50}> (0x00000000eaf67d50) 
thrown [s\src\hotspot\share\prims\jni.cpp, line 520]
Event: 429.232 Thread 0x0000028aec0827f0 Exception <a 'sun/nio/fs/WindowsException'{0x00000000eaf68380}> (0x00000000eaf68380) 
thrown [s\src\hotspot\share\prims\jni.cpp, line 520]
Event: 429.234 Thread 0x0000028aec0827f0 Exception <a 'java/io/FileNotFoundException'{0x00000000eaf86990}> (0x00000000eaf86990) 
thrown [s\src\hotspot\share\prims\jni.cpp, line 520]
Event: 429.235 Thread 0x0000028aec0827f0 Exception <a 'java/io/FileNotFoundException'{0x00000000eaf87700}> (0x00000000eaf87700) 
thrown [s\src\hotspot\share\prims\jni.cpp, line 520]
Event: 429.248 Thread 0x0000028aec0827f0 Exception <a 'sun/nio/fs/WindowsException'{0x00000000eab75200}> (0x00000000eab75200) 
thrown [s\src\hotspot\share\prims\jni.cpp, line 520]
Event: 429.248 Thread 0x0000028aec0827f0 Exception <a 'sun/nio/fs/WindowsException'{0x00000000eab75830}> (0x00000000eab75830) 
thrown [s\src\hotspot\share\prims\jni.cpp, line 520]
Event: 429.255 Thread 0x0000028aec081ad0 Exception <a 'sun/nio/fs/WindowsException'{0x00000000eab99460}> (0x00000000eab99460) 
thrown [s\src\hotspot\share\prims\jni.cpp, line 520]
Event: 429.304 Thread 0x0000028aed7f5e20 Exception <a 'java/lang/IncompatibleClassChangeError'{0x00000000ead05f50}: Found class java.lang.Object, but interface was expected> (0x00000000ead05f50) 
thrown [s\src\hotspot\share\interpreter\linkResolver.cpp, line 840]
Event: 429.372 Thread 0x0000028aed7f71d0 Exception <a 'java/lang/NoSuchMethodError'{0x00000000eac2ec78}: 'java.lang.Object java.lang.invoke.DirectMethodHandle$Holder.invokeSpecial(java.lang.Object, java.lang.Object, int, long)'> (0x00000000eac2ec78) 
thrown [s\src\hotspot\share\interpreter\linkResolver.cpp, line 773]
Event: 429.434 Thread 0x0000028a80786c80 Exception <a 'sun/nio/fs/WindowsException'{0x00000000eac27340}> (0x00000000eac27340) 
thrown [s\src\hotspot\share\prims\jni.cpp, line 520]
Event: 429.447 Thread 0x0000028aed7f5e20 Exception <a 'java/lang/IncompatibleClassChangeError'{0x00000000eab2a7f0}: Found class java.lang.Object, but interface was expected> (0x00000000eab2a7f0) 
thrown [s\src\hotspot\share\interpreter\linkResolver.cpp, line 840]
Event: 429.451 Thread 0x0000028a80784bb0 Exception <a 'sun/nio/fs/WindowsException'{0x00000000eac536f8}> (0x00000000eac536f8) 
thrown [s\src\hotspot\share\prims\jni.cpp, line 520]
Event: 429.451 Thread 0x0000028a80784bb0 Exception <a 'sun/nio/fs/WindowsException'{0x00000000eac791d8}> (0x00000000eac791d8) 
thrown [s\src\hotspot\share\prims\jni.cpp, line 520]
Event: 429.451 Thread 0x0000028a80784bb0 Exception <a 'sun/nio/fs/WindowsException'{0x00000000eaca2b90}> (0x00000000eaca2b90) 
thrown [s\src\hotspot\share\prims\jni.cpp, line 520]
Event: 429.453 Thread 0x0000028a80784bb0 Exception <a 'sun/nio/fs/WindowsException'{0x00000000eace54d0}> (0x00000000eace54d0) 
thrown [s\src\hotspot\share\prims\jni.cpp, line 520]
Event: 429.453 Thread 0x0000028a80784bb0 Exception <a 'sun/nio/fs/WindowsException'{0x00000000ead44de8}> (0x00000000ead44de8) 
thrown [s\src\hotspot\share\prims\jni.cpp, line 520]
Event: 429.454 Thread 0x0000028a80784bb0 Exception <a 'sun/nio/fs/WindowsException'{0x00000000ead54450}> (0x00000000ead54450) 
thrown [s\src\hotspot\share\prims\jni.cpp, line 520]
Event: 429.501 Thread 0x0000028a80785240 Exception <a 'java/lang/ArrayIndexOutOfBoundsException'{0x00000000eacb2e68}> (0x00000000eacb2e68) 
thrown [s\src\hotspot\share\runtime\sharedRuntime.cpp, line 625]
Event: 429.507 Thread 0x0000028afe746840 Exception <a 'java/lang/NoSuchMethodError'{0x00000000eae3fc98}: 'int java.lang.invoke.Invokers$Holder.invokeExact_MT(java.lang.Object, java.lang.Object)'> (0x00000000eae3fc98) 
thrown [s\src\hotspot\share\interpreter\linkResolver.cpp, line 773]

ZGC Phase Switch (0 events):
No events

VM Operations (20 events):
Event: 429.652 Executing VM operation: ParallelGCFailedAllocation (Allocation Failure) done
Event: 429.652 Executing VM operation: ParallelGCSystemGC (GCLocker Initiated GC)
Event: 429.655 Executing VM operation: ParallelGCSystemGC (GCLocker Initiated GC) done
Event: 429.659 Executing VM operation: ParallelGCFailedAllocation (Allocation Failure)
Event: 429.659 Executing VM operation: ParallelGCFailedAllocation (Allocation Failure) done
Event: 429.659 Executing VM operation: ParallelGCFailedAllocation (Allocation Failure)
Event: 429.661 Executing VM operation: ParallelGCFailedAllocation (Allocation Failure) done
Event: 429.667 Executing VM operation: ParallelGCFailedAllocation (Allocation Failure)
Event: 429.677 Executing VM operation: ParallelGCFailedAllocation (Allocation Failure) done
Event: 429.682 Executing VM operation: ParallelGCFailedAllocation (Allocation Failure)
Event: 429.682 Executing VM operation: ParallelGCFailedAllocation (Allocation Failure) done
Event: 429.682 Executing VM operation: ParallelGCSystemGC (GCLocker Initiated GC)
Event: 429.684 Executing VM operation: ParallelGCSystemGC (GCLocker Initiated GC) done
Event: 429.691 Executing VM operation: ParallelGCFailedAllocation (Allocation Failure)
Event: 429.692 Executing VM operation: ParallelGCFailedAllocation (Allocation Failure) done
Event: 429.692 Executing VM operation: ParallelGCSystemGC (GCLocker Initiated GC)
Event: 429.693 Executing VM operation: ParallelGCSystemGC (GCLocker Initiated GC) done
Event: 429.698 Executing VM operation: ParallelGCFailedAllocation (Allocation Failure)
Event: 429.700 Executing VM operation: ParallelGCFailedAllocation (Allocation Failure) done
Event: 429.706 Executing VM operation: ParallelGCFailedAllocation (Allocation Failure)

Memory protections (0 events):
No events

Nmethod flushes (20 events):
Event: 426.930 Thread 0x0000028ae41e4060 flushing  nmethod 0x0000028a92923e10
Event: 426.930 Thread 0x0000028ae41e4060 flushing  nmethod 0x0000028a92948110
Event: 426.930 Thread 0x0000028ae41e4060 flushing  nmethod 0x0000028a92948710
Event: 426.930 Thread 0x0000028ae41e4060 flushing  nmethod 0x0000028a92949610
Event: 426.930 Thread 0x0000028ae41e4060 flushing  nmethod 0x0000028a92949e90
Event: 426.930 Thread 0x0000028ae41e4060 flushing  nmethod 0x0000028a9294a210
Event: 426.930 Thread 0x0000028ae41e4060 flushing  nmethod 0x0000028a9294c590
Event: 426.930 Thread 0x0000028ae41e4060 flushing  nmethod 0x0000028a9294c910
Event: 426.930 Thread 0x0000028ae41e4060 flushing  nmethod 0x0000028a92959890
Event: 426.930 Thread 0x0000028ae41e4060 flushing  nmethod 0x0000028a9295ed90
Event: 426.930 Thread 0x0000028ae41e4060 flushing  nmethod 0x0000028a9298f490
Event: 426.930 Thread 0x0000028ae41e4060 flushing  nmethod 0x0000028a9299ab10
Event: 426.930 Thread 0x0000028ae41e4060 flushing  nmethod 0x0000028a929dce10
Event: 426.930 Thread 0x0000028ae41e4060 flushing  nmethod 0x0000028a92a0ce10
Event: 426.930 Thread 0x0000028ae41e4060 flushing  nmethod 0x0000028a92a0d890
Event: 426.930 Thread 0x0000028ae41e4060 flushing  nmethod 0x0000028a92a38a90
Event: 426.930 Thread 0x0000028ae41e4060 flushing  nmethod 0x0000028a92a3a090
Event: 426.930 Thread 0x0000028ae41e4060 flushing  nmethod 0x0000028a92a40f10
Event: 426.930 Thread 0x0000028ae41e4060 flushing  nmethod 0x0000028a92a5cd90
Event: 426.930 Thread 0x0000028ae41e4060 flushing  nmethod 0x0000028a92a78610

Events (20 events):
Event: 428.189 Thread 0x0000028aed2631a0 Thread exited: 0x0000028aed2631a0
Event: 428.192 Thread 0x0000028aed262400 Thread exited: 0x0000028aed262400
Event: 428.590 Thread 0x0000028afe746840 Thread exited: 0x0000028afe746840
Event: 428.595 Thread 0x0000028ae58dec80 Thread added: 0x0000028aef7104c0
Event: 428.601 Thread 0x0000028ae58dec80 Thread added: 0x0000028aef711260
Event: 428.601 Thread 0x0000028ae58dec80 Thread added: 0x0000028aef7148e0
Event: 428.605 Thread 0x0000028aeda99f00 Thread added: 0x0000028aef7171c0
Event: 428.889 Thread 0x0000028aed7f5e20 Thread added: 0x0000028afe746840
Event: 428.999 Thread 0x0000028aef7171c0 Thread exited: 0x0000028aef7171c0
Event: 429.070 Thread 0x0000028aef711260 Thread added: 0x0000028aef717890
Event: 429.093 Thread 0x0000028ae58dbfe0 Thread added: 0x0000028aef7171c0
Event: 429.190 Thread 0x0000028aed7f5e20 Thread added: 0x0000028a807865f0
Event: 429.303 Thread 0x0000028aed7f5e20 Thread added: 0x0000028a80785240
Event: 429.304 Thread 0x0000028aed7f5e20 Thread added: 0x0000028a80781dc0
Event: 429.329 Thread 0x0000028aed7f5e20 Thread added: 0x0000028a807858d0
Event: 429.337 Thread 0x0000028a807858d0 Thread added: 0x0000028a80782450
Event: 429.338 Thread 0x0000028a80782450 Thread added: 0x0000028a80785f60
Event: 429.341 Thread 0x0000028a80785f60 Thread added: 0x0000028a80784bb0
Event: 429.343 Thread 0x0000028aed7f5e20 Thread added: 0x0000028a8077f660
Event: 429.389 Thread 0x0000028a80784bb0 Thread added: 0x0000028a80786c80


Dynamic libraries:
0x00007ff66e180000 - 0x00007ff66e18e000 	c:\Users\ASUS\.vscode\extensions\redhat.java-1.39.0-win32-x64\jre\21.0.5-win32-x86_64\bin\java.exe
0x00007ffaae450000 - 0x00007ffaae667000 	C:\WINDOWS\SYSTEM32\ntdll.dll
0x00007ffaadc20000 - 0x00007ffaadce4000 	C:\WINDOWS\System32\KERNEL32.DLL
0x00007ffaabc00000 - 0x00007ffaabfd0000 	C:\WINDOWS\System32\KERNELBASE.dll
0x00007ffaab700000 - 0x00007ffaab811000 	C:\WINDOWS\System32\ucrtbase.dll
0x00007ffa6de50000 - 0x00007ffa6de68000 	c:\Users\ASUS\.vscode\extensions\redhat.java-1.39.0-win32-x64\jre\21.0.5-win32-x86_64\bin\jli.dll
0x00007ffa609d0000 - 0x00007ffa609ee000 	c:\Users\ASUS\.vscode\extensions\redhat.java-1.39.0-win32-x64\jre\21.0.5-win32-x86_64\bin\VCRUNTIME140.dll
0x00007ffaac4a0000 - 0x00007ffaac64e000 	C:\WINDOWS\System32\USER32.dll
0x00007ffaab9f0000 - 0x00007ffaaba16000 	C:\WINDOWS\System32\win32u.dll
0x00007ffa9dcf0000 - 0x00007ffa9df82000 	C:\WINDOWS\WinSxS\amd64_microsoft.windows.common-controls_6595b64144ccf1df_6.0.22621.4830_none_270fe7d773858e80\COMCTL32.dll
0x00007ffaac7a0000 - 0x00007ffaac7c9000 	C:\WINDOWS\System32\GDI32.dll
0x00007ffaadb70000 - 0x00007ffaadc17000 	C:\WINDOWS\System32\msvcrt.dll
0x00007ffaab820000 - 0x00007ffaab93b000 	C:\WINDOWS\System32\gdi32full.dll
0x00007ffaabae0000 - 0x00007ffaabb7a000 	C:\WINDOWS\System32\msvcp_win.dll
0x00007ffaac360000 - 0x00007ffaac391000 	C:\WINDOWS\System32\IMM32.DLL
0x00007ffa75040000 - 0x00007ffa7504c000 	c:\Users\ASUS\.vscode\extensions\redhat.java-1.39.0-win32-x64\jre\21.0.5-win32-x86_64\bin\vcruntime140_1.dll
0x00007ffa0ac20000 - 0x00007ffa0acad000 	c:\Users\ASUS\.vscode\extensions\redhat.java-1.39.0-win32-x64\jre\21.0.5-win32-x86_64\bin\msvcp140.dll
0x00007ffa07a30000 - 0x00007ffa087bf000 	c:\Users\ASUS\.vscode\extensions\redhat.java-1.39.0-win32-x64\jre\21.0.5-win32-x86_64\bin\server\jvm.dll
0x00007ffaacc60000 - 0x00007ffaacd11000 	C:\WINDOWS\System32\ADVAPI32.dll
0x00007ffaae1b0000 - 0x00007ffaae257000 	C:\WINDOWS\System32\sechost.dll
0x00007ffaab940000 - 0x00007ffaab968000 	C:\WINDOWS\System32\bcrypt.dll
0x00007ffaad940000 - 0x00007ffaada54000 	C:\WINDOWS\System32\RPCRT4.dll
0x00007ffaac720000 - 0x00007ffaac791000 	C:\WINDOWS\System32\WS2_32.dll
0x00007ffaab5d0000 - 0x00007ffaab61d000 	C:\WINDOWS\SYSTEM32\POWRPROF.dll
0x00007ffaa5380000 - 0x00007ffaa538a000 	C:\WINDOWS\SYSTEM32\VERSION.dll
0x00007ffaa28b0000 - 0x00007ffaa28e4000 	C:\WINDOWS\SYSTEM32\WINMM.dll
0x00007ffaab5b0000 - 0x00007ffaab5c3000 	C:\WINDOWS\SYSTEM32\UMPDC.dll
0x00007ffaaa740000 - 0x00007ffaaa758000 	C:\WINDOWS\SYSTEM32\kernel.appcore.dll
0x00007ffa74f50000 - 0x00007ffa74f5a000 	c:\Users\ASUS\.vscode\extensions\redhat.java-1.39.0-win32-x64\jre\21.0.5-win32-x86_64\bin\jimage.dll
0x00007ffaa4690000 - 0x00007ffaa48c2000 	C:\WINDOWS\SYSTEM32\DBGHELP.DLL
0x00007ffaacd20000 - 0x00007ffaad0b0000 	C:\WINDOWS\System32\combase.dll
0x00007ffaac3c0000 - 0x00007ffaac497000 	C:\WINDOWS\System32\OLEAUT32.dll
0x00007ffaa06d0000 - 0x00007ffaa0702000 	C:\WINDOWS\SYSTEM32\dbgcore.DLL
0x00007ffaab970000 - 0x00007ffaab9eb000 	C:\WINDOWS\System32\bcryptPrimitives.dll
0x00007ffa74d10000 - 0x00007ffa74d1f000 	c:\Users\ASUS\.vscode\extensions\redhat.java-1.39.0-win32-x64\jre\21.0.5-win32-x86_64\bin\instrument.dll
0x00007ffa0ac00000 - 0x00007ffa0ac1f000 	c:\Users\ASUS\.vscode\extensions\redhat.java-1.39.0-win32-x64\jre\21.0.5-win32-x86_64\bin\java.dll
0x00007ffaad0c0000 - 0x00007ffaad938000 	C:\WINDOWS\System32\SHELL32.dll
0x00007ffaa9650000 - 0x00007ffaa9f60000 	C:\WINDOWS\SYSTEM32\windows.storage.dll
0x00007ffaa9510000 - 0x00007ffaa964f000 	C:\WINDOWS\SYSTEM32\wintypes.dll
0x00007ffaada60000 - 0x00007ffaadb6a000 	C:\WINDOWS\System32\SHCORE.dll
0x00007ffaac650000 - 0x00007ffaac6ae000 	C:\WINDOWS\System32\shlwapi.dll
0x00007ffaab630000 - 0x00007ffaab65b000 	C:\WINDOWS\SYSTEM32\profapi.dll
0x00007ffa0ad00000 - 0x00007ffa0ad18000 	c:\Users\ASUS\.vscode\extensions\redhat.java-1.39.0-win32-x64\jre\21.0.5-win32-x86_64\bin\zip.dll
0x00007ffa72040000 - 0x00007ffa72050000 	C:\Users\ASUS\.vscode\extensions\redhat.java-1.39.0-win32-x64\jre\21.0.5-win32-x86_64\bin\net.dll
0x00007ffaa86a0000 - 0x00007ffaa87cc000 	C:\WINDOWS\SYSTEM32\WINHTTP.dll
0x00007ffaaabc0000 - 0x00007ffaaac29000 	C:\WINDOWS\system32\mswsock.dll
0x00007ffa0ace0000 - 0x00007ffa0acf6000 	C:\Users\ASUS\.vscode\extensions\redhat.java-1.39.0-win32-x64\jre\21.0.5-win32-x86_64\bin\nio.dll
0x00007ffa0abf0000 - 0x00007ffa0ac00000 	c:\Users\ASUS\.vscode\extensions\redhat.java-1.39.0-win32-x64\jre\21.0.5-win32-x86_64\bin\verify.dll
0x00007ffa0a9f0000 - 0x00007ffa0aa35000 	C:\Users\ASUS\AppData\Roaming\Code\User\globalStorage\redhat.java\1.39.0\config_win\org.eclipse.equinox.launcher\org.eclipse.equinox.launcher.win32.win32.x86_64_1.2.1100.v20240722-2106\eclipse_11904.dll
0x00007ffaae260000 - 0x00007ffaae401000 	C:\WINDOWS\System32\ole32.dll
0x00007ffaaae10000 - 0x00007ffaaae2b000 	C:\WINDOWS\SYSTEM32\CRYPTSP.dll
0x00007ffaaa6a0000 - 0x00007ffaaa6d5000 	C:\WINDOWS\system32\rsaenh.dll
0x00007ffaaacb0000 - 0x00007ffaaacd8000 	C:\WINDOWS\SYSTEM32\USERENV.dll
0x00007ffaaae30000 - 0x00007ffaaae3c000 	C:\WINDOWS\SYSTEM32\CRYPTBASE.dll
0x00007ffaaa1c0000 - 0x00007ffaaa1ed000 	C:\WINDOWS\SYSTEM32\IPHLPAPI.DLL
0x00007ffaac710000 - 0x00007ffaac719000 	C:\WINDOWS\System32\NSI.dll
0x00007ffa93540000 - 0x00007ffa93589000 	C:\Users\ASUS\AppData\Local\Temp\jna-2018896\jna12941492573691157081.dll
0x00007ffaad0b0000 - 0x00007ffaad0b8000 	C:\WINDOWS\System32\PSAPI.DLL
0x00007ffaa7d80000 - 0x00007ffaa7d99000 	C:\WINDOWS\SYSTEM32\dhcpcsvc6.DLL
0x00007ffaa7d60000 - 0x00007ffaa7d7f000 	C:\WINDOWS\SYSTEM32\dhcpcsvc.DLL
0x00007ffa0a790000 - 0x00007ffa0a79a000 	C:\Users\ASUS\.vscode\extensions\redhat.java-1.39.0-win32-x64\jre\21.0.5-win32-x86_64\bin\management.dll
0x00007ffa0a780000 - 0x00007ffa0a78b000 	C:\Users\ASUS\.vscode\extensions\redhat.java-1.39.0-win32-x64\jre\21.0.5-win32-x86_64\bin\management_ext.dll
0x00007ffa0a970000 - 0x00007ffa0a997000 	C:\Users\ASUS\.gradle\native\c067742578af261105cb4f569cf0c3c89f3d7b1fecec35dd04571415982c5e48\windows-amd64\native-platform.dll

dbghelp: loaded successfully - version: 4.0.5 - missing functions: none
symbol engine: initialized successfully - sym options: 0x614 - pdb path: .;c:\Users\ASUS\.vscode\extensions\redhat.java-1.39.0-win32-x64\jre\21.0.5-win32-x86_64\bin;C:\WINDOWS\SYSTEM32;C:\WINDOWS\WinSxS\amd64_microsoft.windows.common-controls_6595b64144ccf1df_6.0.22621.4830_none_270fe7d773858e80;c:\Users\ASUS\.vscode\extensions\redhat.java-1.39.0-win32-x64\jre\21.0.5-win32-x86_64\bin\server;C:\Users\ASUS\AppData\Roaming\Code\User\globalStorage\redhat.java\1.39.0\config_win\org.eclipse.equinox.launcher\org.eclipse.equinox.launcher.win32.win32.x86_64_1.2.1100.v20240722-2106;C:\Users\ASUS\AppData\Local\Temp\jna-2018896;C:\Users\ASUS\.gradle\native\c067742578af261105cb4f569cf0c3c89f3d7b1fecec35dd04571415982c5e48\windows-amd64

VM Arguments:
jvm_args: --add-modules=ALL-SYSTEM --add-opens=java.base/java.util=ALL-UNNAMED --add-opens=java.base/java.lang=ALL-UNNAMED --add-opens=java.base/sun.nio.fs=ALL-UNNAMED -Declipse.application=org.eclipse.jdt.ls.core.id1 -Dosgi.bundles.defaultStartLevel=4 -Declipse.product=org.eclipse.jdt.ls.core.product -Djava.import.generatesMetadataFilesAtProjectRoot=false -DDetectVMInstallationsJob.disabled=true -Dfile.encoding=utf8 -XX:+UseParallelGC -XX:GCTimeRatio=4 -XX:AdaptiveSizePolicyWeight=90 -Dsun.zip.disableMemoryMapping=true -Xmx1G -Xms100m -Xlog:disable -javaagent:c:\Users\ASUS\.vscode\extensions\redhat.java-1.39.0-win32-x64\lombok\lombok-1.18.34.jar -XX:+HeapDumpOnOutOfMemoryError -XX:HeapDumpPath=c:\Users\ASUS\AppData\Roaming\Code\User\workspaceStorage\a26ced7fe018b66e12da886babd7af56\redhat.java -Daether.dependencyCollector.impl=bf 
java_command: c:\Users\ASUS\.vscode\extensions\redhat.java-1.39.0-win32-x64\server\plugins\org.eclipse.equinox.launcher_1.6.900.v20240613-2009.jar -configuration c:\Users\ASUS\AppData\Roaming\Code\User\globalStorage\redhat.java\1.39.0\config_win -data c:\Users\ASUS\AppData\Roaming\Code\User\workspaceStorage\a26ced7fe018b66e12da886babd7af56\redhat.java\jdt_ws --pipe=\\.\pipe\lsp-2606e0b50ae06eeba68b81f64f851860-sock
java_class_path (initial): c:\Users\ASUS\.vscode\extensions\redhat.java-1.39.0-win32-x64\server\plugins\org.eclipse.equinox.launcher_1.6.900.v20240613-2009.jar
Launcher Type: SUN_STANDARD

[Global flags]
    uintx AdaptiveSizePolicyWeight                 = 90                                        {product} {command line}
     intx CICompilerCount                          = 12                                        {product} {ergonomic}
    uintx GCTimeRatio                              = 4                                         {product} {command line}
     bool HeapDumpOnOutOfMemoryError               = true                                   {manageable} {command line}
    ccstr HeapDumpPath                             = c:\Users\ASUS\AppData\Roaming\Code\User\workspaceStorage\a26ced7fe018b66e12da886babd7af56\redhat.java         {manageable} {command line}
   size_t InitialHeapSize                          = 104857600                                 {product} {command line}
   size_t MaxHeapSize                              = 1073741824                                {product} {command line}
   size_t MaxNewSize                               = 357564416                                 {product} {ergonomic}
   size_t MinHeapDeltaBytes                        = 524288                                    {product} {ergonomic}
   size_t MinHeapSize                              = 104857600                                 {product} {command line}
   size_t NewSize                                  = 34603008                                  {product} {ergonomic}
    uintx NonNMethodCodeHeapSize                   = 7602480                                {pd product} {ergonomic}
    uintx NonProfiledCodeHeapSize                  = 122027880                              {pd product} {ergonomic}
   size_t OldSize                                  = 70254592                                  {product} {ergonomic}
    uintx ProfiledCodeHeapSize                     = 122027880                              {pd product} {ergonomic}
    uintx ReservedCodeCacheSize                    = 251658240                              {pd product} {ergonomic}
     bool SegmentedCodeCache                       = true                                      {product} {ergonomic}
   size_t SoftMaxHeapSize                          = 1073741824                             {manageable} {ergonomic}
     bool UseCompressedOops                        = true                           {product lp64_product} {ergonomic}
     bool UseLargePagesIndividualAllocation        = false                                  {pd product} {ergonomic}
     bool UseParallelGC                            = true                                      {product} {command line}

Logging:
Log output configuration:
 #0: stdout all=off uptime,level,tags foldmultilines=false
 #1: stderr all=off uptime,level,tags foldmultilines=false

Environment Variables:
PATH=C:\Program Files\Common Files\Oracle\Java\javapath;C:\Program Files (x86)\Common Files\Oracle\Java\java8path;C:\Program Files (x86)\Common Files\Oracle\Java\javapath;C:\ProgramData\Oracle\Java\javapath;C:\Windows\system32;C:\Windows;C:\Windows\System32\Wbem;C:\Windows\System32\WindowsPowerShell\v1.0\;C:\Windows\System32\OpenSSH\;C:\Program Files (x86)\NVIDIA Corporation\PhysX\Common;C:\WINDOWS\system32;C:\WINDOWS;C:\WINDOWS\System32\Wbem;C:\WINDOWS\System32\WindowsPowerShell\v1.0\;C:\WINDOWS\System32\OpenSSH\;C:\Program Files (x86)\Microsoft SQL Server\160\Tools\Binn\;C:\Program Files\Microsoft SQL Server\160\Tools\Binn\;C:\Program Files\Microsoft SQL Server\Client SDK\ODBC\170\Tools\Binn\;C:\Program Files\Microsoft SQL Server\160\DTS\Binn\;C:\Program Files (x86)\Microsoft SQL Server\160\DTS\Binn\;C:\Program Files\Azure Data Studio\bin;C:\Program Files\dotnet\;C:\Program Files\nodejs\;C:\Program Files\Git\cmd;C:\Program Files\Cloudflare\Cloudflare WARP\;C:\Program Files\NVIDIA Corporation\NVIDIA app\NvDLISR;C:\Program Files\MySQL\MySQL Shell 8.0\bin\;C:\Users\ASUS\AppData\Local\Microsoft\WindowsApps;;C:\Program Files\Azure Data Studio\bin;C:\Users\ASUS\AppData\Local\Programs\Microsoft VS Code\bin;C:\Users\ASUS\AppData\Roaming\npm
USERNAME=ASUS
OS=Windows_NT
PROCESSOR_IDENTIFIER=AMD64 Family 25 Model 68 Stepping 1, AuthenticAMD
TMP=C:\Users\ASUS\AppData\Local\Temp
TEMP=C:\Users\ASUS\AppData\Local\Temp




Periodic native trim disabled

---------------  S Y S T E M  ---------------

OS:
 Windows 11 , 64 bit Build 22621 (10.0.22621.4830)
OS uptime: 0 days 0:57 hours

CPU: total 16 (initial active 16) (16 cores per cpu, 2 threads per core) family 25 model 68 stepping 1 microcode 0x0, cx8, cmov, fxsr, ht, mmx, 3dnowpref, sse, sse2, sse3, ssse3, sse4a, sse4.1, sse4.2, popcnt, lzcnt, tsc, tscinvbit, avx, avx2, aes, clmul, bmi1, bmi2, adx, sha, fma, vzeroupper, clflush, clflushopt, rdtscp, rdpid, f16c, pku, cet_ss
Processor Information for all 16 processors :
  Max Mhz: 3201, Current Mhz: 3201, Mhz Limit: 3201

Memory: 4k page, system-wide physical 15613M (1862M free)
TotalPageFile size 19709M (AvailPageFile size 447M)
current process WorkingSet (physical memory assigned to process): 909M, peak: 909M
current process commit charge ("private bytes"): 843M, peak: 1093M

vm_info: OpenJDK 64-Bit Server VM (21.0.5+11-LTS) for windows-amd64 JRE (21.0.5+11-LTS), built on 2024-10-15T00:00:00Z by "admin" with MS VC++ 17.7 (VS2022)

END.
