#
# There is insufficient memory for the Java Runtime Environment to continue.
# Native memory allocation (malloc) failed to allocate 32744 bytes for ChunkPool::allocate
# Possible reasons:
#   The system is out of physical RAM or swap space
#   The process is running with CompressedOops enabled, and the Java Heap may be blocking the growth of the native heap
# Possible solutions:
#   Reduce memory load on the system
#   Increase physical memory or swap space
#   Check if swap backing store is full
#   Decrease Java heap size (-Xmx/-Xms)
#   Decrease number of Java threads
#   Decrease Java thread stack sizes (-Xss)
#   Set larger code cache with -XX:ReservedCodeCacheSize=
#   JVM is running with Zero Based Compressed Oops mode in which the Java heap is
#     placed in the first 32GB address space. The Java Heap base address is the
#     maximum limit for the native heap growth. Please use -XX:HeapBaseMinAddress
#     to set the Java Heap base and to place the Java Heap above 32GB virtual address.
# This output file may be truncated or incomplete.
#
#  Out of Memory Error (arena.cpp:78), pid=28916, tid=26748
#
# JRE version: Java(TM) SE Runtime Environment (17.0.9+11) (build 17.0.9+11-LTS-201)
# Java VM: Java HotSpot(TM) 64-Bit Server VM (17.0.9+11-LTS-201, mixed mode, sharing, tiered, compressed oops, compressed class ptrs, g1 gc, windows-amd64)
# No core dump will be written. Minidumps are not enabled by default on client versions of Windows
#

---------------  S U M M A R Y ------------

Command Line: -agentlib:jdwp=transport=dt_socket,server=n,suspend=y,address=localhost:51630 -Dcom.sun.management.jmxremote -Dcom.sun.management.jmxremote.port=64442 -Dcom.sun.management.jmxremote.authenticate=false -Dcom.sun.management.jmxremote.ssl=false -Dspring.jmx.enabled=true -Djava.rmi.server.hostname=localhost -Dspring.application.admin.enabled=true -Dspring.boot.project.name=thuan -XX:+ShowCodeDetailsInExceptionMessages com.example.thuan.ThuanApplication

Host: AMD Ryzen 7 6800H with Radeon Graphics         , 16 cores, 15G,  Windows 11 , 64 bit Build 22621 (10.0.22621.4830)
Time: Mon Feb 10 21:35:11 2025 SE Asia Standard Time elapsed time: 5.577030 seconds (0d 0h 0m 5s)

---------------  T H R E A D  ---------------

Current thread (0x00000201cca04190):  JavaThread "C2 CompilerThread0" daemon [_thread_in_native, id=26748, stack(0x000000f625100000,0x000000f625200000)]


Current CompileTask:
C2:   5577 6064       4       org.springframework.core.annotation.AnnotatedElementUtils::getMergedAnnotationAttributes (22 bytes)

Stack: [0x000000f625100000,0x000000f625200000]
Native frames: (J=compiled Java code, j=interpreted, Vv=VM code, C=native code)
V  [jvm.dll+0x678a4a]
V  [jvm.dll+0x7d9cfd]
V  [jvm.dll+0x7db60e]
V  [jvm.dll+0x7dbc73]
V  [jvm.dll+0x245e1f]
V  [jvm.dll+0xaad50]
V  [jvm.dll+0xab09c]
V  [jvm.dll+0x36754d]
V  [jvm.dll+0x562776]
V  [jvm.dll+0x32ca30]
V  [jvm.dll+0x32be9a]
V  [jvm.dll+0x21812f]
V  [jvm.dll+0x217561]
V  [jvm.dll+0x1a3bc0]
V  [jvm.dll+0x2272de]
V  [jvm.dll+0x22548b]
V  [jvm.dll+0x78f58c]
V  [jvm.dll+0x78998a]
V  [jvm.dll+0x677875]
C  [ucrtbase.dll+0x29333]
C  [KERNEL32.DLL+0x1259d]
C  [ntdll.dll+0x5af38]


---------------  P R O C E S S  ---------------

Threads class SMR info:
_java_thread_list=0x00000202231051d0, length=46, elements={
0x00000201cc9e58c0, 0x00000201cc9e6540, 0x00000201cc9fc550, 0x00000201cc9fee40,
0x00000201cc9ff710, 0x00000201cc9fffe0, 0x00000201cca04190, 0x00000201cca07ac0,
0x00000201cca0a3e0, 0x00000201cd130f80, 0x00000201cd221c80, 0x00000201cd22a950,
0x00000201cd22b110, 0x00000201cd3502c0, 0x00000201cd33ace0, 0x00000201cd33b9f0,
0x00000201cd352700, 0x00000202133cb190, 0x000002021346eb90, 0x0000020213415680,
0x0000020213ed75e0, 0x0000020213ed6bc0, 0x0000020213ed61a0, 0x0000020213ed66b0,
0x0000020213ed8510, 0x0000020213ed8000, 0x00000201cd2c9060, 0x0000020213dacff0,
0x0000020221322530, 0x000002021908c180, 0x0000020218377810, 0x00000202137dca30,
0x00000202233a0d40, 0x0000020213ed5780, 0x0000020213ed70d0, 0x0000020223a2fe20,
0x0000020223a30840, 0x0000020223a32190, 0x0000020223a31c80, 0x0000020223a30d50,
0x0000020223a31770, 0x0000020223a31260, 0x0000020223a2eef0, 0x0000020223a326a0,
0x0000020223a2f400, 0x0000020223a2f910
}

Java Threads: ( => current thread )
  0x00000201cc9e58c0 JavaThread "Reference Handler" daemon [_thread_blocked, id=19272, stack(0x000000f624b00000,0x000000f624c00000)]
  0x00000201cc9e6540 JavaThread "Finalizer" daemon [_thread_blocked, id=31180, stack(0x000000f624c00000,0x000000f624d00000)]
  0x00000201cc9fc550 JavaThread "Signal Dispatcher" daemon [_thread_blocked, id=18208, stack(0x000000f624d00000,0x000000f624e00000)]
  0x00000201cc9fee40 JavaThread "Attach Listener" daemon [_thread_blocked, id=30288, stack(0x000000f624e00000,0x000000f624f00000)]
  0x00000201cc9ff710 JavaThread "Service Thread" daemon [_thread_blocked, id=6400, stack(0x000000f624f00000,0x000000f625000000)]
  0x00000201cc9fffe0 JavaThread "Monitor Deflation Thread" daemon [_thread_blocked, id=18332, stack(0x000000f625000000,0x000000f625100000)]
=>0x00000201cca04190 JavaThread "C2 CompilerThread0" daemon [_thread_in_native, id=26748, stack(0x000000f625100000,0x000000f625200000)]
  0x00000201cca07ac0 JavaThread "C1 CompilerThread0" daemon [_thread_blocked, id=6544, stack(0x000000f625200000,0x000000f625300000)]
  0x00000201cca0a3e0 JavaThread "Sweeper thread" daemon [_thread_blocked, id=30664, stack(0x000000f625300000,0x000000f625400000)]
  0x00000201cd130f80 JavaThread "Common-Cleaner" daemon [_thread_blocked, id=3340, stack(0x000000f625400000,0x000000f625500000)]
  0x00000201cd221c80 JavaThread "C1 CompilerThread1" daemon [_thread_blocked, id=30764, stack(0x000000f625500000,0x000000f625600000)]
  0x00000201cd22a950 JavaThread "C1 CompilerThread2" daemon [_thread_blocked, id=4300, stack(0x000000f625600000,0x000000f625700000)]
  0x00000201cd22b110 JavaThread "C1 CompilerThread3" daemon [_thread_blocked, id=31048, stack(0x000000f625700000,0x000000f625800000)]
  0x00000201cd3502c0 JavaThread "JDWP Transport Listener: dt_socket" daemon [_thread_blocked, id=31580, stack(0x000000f625900000,0x000000f625a00000)]
  0x00000201cd33ace0 JavaThread "JDWP Event Helper Thread" daemon [_thread_blocked, id=27208, stack(0x000000f625a00000,0x000000f625b00000)]
  0x00000201cd33b9f0 JavaThread "JDWP Command Reader" daemon [_thread_in_native, id=24912, stack(0x000000f625b00000,0x000000f625c00000)]
  0x00000201cd352700 JavaThread "Notification Thread" daemon [_thread_blocked, id=27764, stack(0x000000f625c00000,0x000000f625d00000)]
  0x00000202133cb190 JavaThread "RMI TCP Accept-0" daemon [_thread_in_native, id=27048, stack(0x000000f625d00000,0x000000f625e00000)]
  0x000002021346eb90 JavaThread "RMI TCP Accept-64442" daemon [_thread_in_native, id=26908, stack(0x000000f625e00000,0x000000f625f00000)]
  0x0000020213415680 JavaThread "RMI TCP Accept-0" daemon [_thread_in_native, id=17220, stack(0x000000f625f00000,0x000000f626000000)]
  0x0000020213ed75e0 JavaThread "Catalina-utility-1" [_thread_blocked, id=12212, stack(0x000000f627300000,0x000000f627400000)]
  0x0000020213ed6bc0 JavaThread "Catalina-utility-2" [_thread_blocked, id=28060, stack(0x000000f627400000,0x000000f627500000)]
  0x0000020213ed61a0 JavaThread "container-0" [_thread_blocked, id=25380, stack(0x000000f627500000,0x000000f627600000)]
  0x0000020213ed66b0 JavaThread "mssql-jdbc-shared-timer-core-0" daemon [_thread_blocked, id=1700, stack(0x000000f627800000,0x000000f627900000)]
  0x0000020213ed8510 JavaThread "HikariPool-1 housekeeper" daemon [_thread_blocked, id=12064, stack(0x000000f627900000,0x000000f627a00000)]
  0x0000020213ed8000 JavaThread "HikariPool-1 connection adder" daemon [_thread_blocked, id=20752, stack(0x000000f627a00000,0x000000f627b00000)]
  0x00000201cd2c9060 JavaThread "C2 CompilerThread1" daemon [_thread_in_native, id=25336, stack(0x000000f625800000,0x000000f625900000)]
  0x0000020213dacff0 JavaThread "C2 CompilerThread2" daemon [_thread_in_native, id=11748, stack(0x000000f626100000,0x000000f626200000)]
  0x0000020221322530 JavaThread "C2 CompilerThread3" daemon [_thread_in_native, id=31140, stack(0x000000f626f00000,0x000000f627000000)]
  0x000002021908c180 JavaThread "C2 CompilerThread4" daemon [_thread_in_vm, id=12748, stack(0x000000f627000000,0x000000f627100000)]
  0x0000020218377810 JavaThread "C2 CompilerThread5" daemon [_thread_in_native, id=10212, stack(0x000000f627200000,0x000000f627300000)]
  0x00000202137dca30 JavaThread "C2 CompilerThread6" daemon [_thread_in_native, id=17532, stack(0x000000f627600000,0x000000f627700000)]
  0x00000202233a0d40 JavaThread "C2 CompilerThread7" daemon [_thread_in_native, id=27096, stack(0x000000f627b00000,0x000000f627c00000)]
  0x0000020213ed5780 JavaThread "http-nio-8080-exec-1" daemon [_thread_blocked, id=11800, stack(0x000000f627c00000,0x000000f627d00000)]
  0x0000020213ed70d0 JavaThread "http-nio-8080-exec-2" daemon [_thread_blocked, id=12968, stack(0x000000f627d00000,0x000000f627e00000)]
  0x0000020223a2fe20 JavaThread "http-nio-8080-exec-3" daemon [_thread_blocked, id=9540, stack(0x000000f627e00000,0x000000f627f00000)]
  0x0000020223a30840 JavaThread "http-nio-8080-exec-4" daemon [_thread_blocked, id=28448, stack(0x000000f627f00000,0x000000f628000000)]
  0x0000020223a32190 JavaThread "http-nio-8080-exec-5" daemon [_thread_blocked, id=15456, stack(0x000000f628000000,0x000000f628100000)]
  0x0000020223a31c80 JavaThread "http-nio-8080-exec-6" daemon [_thread_blocked, id=19356, stack(0x000000f628100000,0x000000f628200000)]
  0x0000020223a30d50 JavaThread "http-nio-8080-exec-7" daemon [_thread_blocked, id=28320, stack(0x000000f628200000,0x000000f628300000)]
  0x0000020223a31770 JavaThread "http-nio-8080-exec-8" daemon [_thread_blocked, id=3140, stack(0x000000f628300000,0x000000f628400000)]
  0x0000020223a31260 JavaThread "http-nio-8080-exec-9" daemon [_thread_blocked, id=2376, stack(0x000000f628400000,0x000000f628500000)]
  0x0000020223a2eef0 JavaThread "http-nio-8080-exec-10" daemon [_thread_blocked, id=15016, stack(0x000000f628500000,0x000000f628600000)]
  0x0000020223a326a0 JavaThread "http-nio-8080-Poller" daemon [_thread_in_native, id=12688, stack(0x000000f628600000,0x000000f628700000)]
  0x0000020223a2f400 JavaThread "http-nio-8080-Acceptor" daemon [_thread_in_native, id=30460, stack(0x000000f628700000,0x000000f628800000)]
  0x0000020223a2f910 JavaThread "DestroyJavaVM" [_thread_blocked, id=6820, stack(0x000000f624400000,0x000000f624500000)]

Other Threads:
  0x00000201cc9ddd90 VMThread "VM Thread" [stack: 0x000000f624a00000,0x000000f624b00000] [id=30248]
  0x00000201cd2c6290 WatcherThread [stack: 0x000000f626000000,0x000000f626100000] [id=1352]
  0x00000201a9f69a80 GCTaskThread "GC Thread#0" [stack: 0x000000f624500000,0x000000f624600000] [id=23296]
  0x0000020213a02870 GCTaskThread "GC Thread#1" [stack: 0x000000f626200000,0x000000f626300000] [id=25108]
  0x0000020213a02b30 GCTaskThread "GC Thread#2" [stack: 0x000000f626300000,0x000000f626400000] [id=7532]
  0x00000202137fdfc0 GCTaskThread "GC Thread#3" [stack: 0x000000f626400000,0x000000f626500000] [id=15888]
  0x00000202137fe280 GCTaskThread "GC Thread#4" [stack: 0x000000f626500000,0x000000f626600000] [id=10272]
  0x00000202139e3000 GCTaskThread "GC Thread#5" [stack: 0x000000f626600000,0x000000f626700000] [id=19528]
  0x00000202139eb6f0 GCTaskThread "GC Thread#6" [stack: 0x000000f626700000,0x000000f626800000] [id=30040]
  0x00000202139eb9b0 GCTaskThread "GC Thread#7" [stack: 0x000000f626800000,0x000000f626900000] [id=28012]
  0x00000202139ee6a0 GCTaskThread "GC Thread#8" [stack: 0x000000f626900000,0x000000f626a00000] [id=18236]
  0x0000020214579420 GCTaskThread "GC Thread#9" [stack: 0x000000f626b00000,0x000000f626c00000] [id=29300]
  0x0000020213f6bd90 GCTaskThread "GC Thread#10" [stack: 0x000000f626c00000,0x000000f626d00000] [id=684]
  0x0000020213daec70 GCTaskThread "GC Thread#11" [stack: 0x000000f626d00000,0x000000f626e00000] [id=22640]
  0x0000020213daf770 GCTaskThread "GC Thread#12" [stack: 0x000000f626e00000,0x000000f626f00000] [id=24676]
  0x00000201a9f7ade0 ConcurrentGCThread "G1 Main Marker" [stack: 0x000000f624600000,0x000000f624700000] [id=8968]
  0x00000201a9f7bf90 ConcurrentGCThread "G1 Conc#0" [stack: 0x000000f624700000,0x000000f624800000] [id=30152]
  0x0000020213dae6f0 ConcurrentGCThread "G1 Conc#1" [stack: 0x000000f626a00000,0x000000f626b00000] [id=25292]
  0x0000020213dafa30 ConcurrentGCThread "G1 Conc#2" [stack: 0x000000f627100000,0x000000f627200000] [id=29712]
  0x00000201cc917240 ConcurrentGCThread "G1 Refine#0" [stack: 0x000000f624800000,0x000000f624900000] [id=4844]
  0x00000201cc917c70 ConcurrentGCThread "G1 Service" [stack: 0x000000f624900000,0x000000f624a00000] [id=30832]

Threads with active compile tasks:
C2 CompilerThread0     5600 6064       4       org.springframework.core.annotation.AnnotatedElementUtils::getMergedAnnotationAttributes (22 bytes)
C2 CompilerThread1     5600 6061       4       org.springframework.core.annotation.AnnotatedElementUtils::findMergedAnnotationAttributes (24 bytes)
C2 CompilerThread2     5600 5759       4       org.springframework.core.annotation.AnnotationsScanner::process (55 bytes)
C2 CompilerThread3     5600 5950       4       org.springframework.core.annotation.AnnotationsScanner::processClass (92 bytes)
C2 CompilerThread4     5600 6066       4       org.springframework.transaction.annotation.SpringTransactionAnnotationParser::parseTransactionAnnotation (21 bytes)
C2 CompilerThread5     5600 6053       4       org.springframework.transaction.annotation.AnnotationTransactionAttributeSource::determineTransactionAttribute (88 bytes)
C2 CompilerThread6     5600 6082   !   4       org.springframework.util.ReflectionUtils::getDeclaredMethods (183 bytes)
C2 CompilerThread7     5601 5758       4       org.springframework.core.annotation.AnnotationsScanner::scan (21 bytes)

VM state: not at safepoint (normal execution)

VM Mutex/Monitor currently owned by a thread: None

Heap address: 0x000000070c000000, size: 3904 MB, Compressed Oops mode: Zero based, Oop shift amount: 3

CDS archive(s) mapped at: [0x00000201ce000000-0x00000201cebd0000-0x00000201cebd0000), size 12386304, SharedBaseAddress: 0x00000201ce000000, ArchiveRelocationMode: 1.
Compressed class space mapped at: 0x00000201cf000000-0x000002020f000000, reserved size: 1073741824
Narrow klass base: 0x00000201ce000000, Narrow klass shift: 0, Narrow klass range: 0x100000000

GC Precious Log:
 CPUs: 16 total, 16 available
 Memory: 15613M
 Large Page Support: Disabled
 NUMA Support: Disabled
 Compressed Oops: Enabled (Zero based)
 Heap Region Size: 2M
 Heap Min Capacity: 8M
 Heap Initial Capacity: 244M
 Heap Max Capacity: 3904M
 Pre-touch: Disabled
 Parallel Workers: 13
 Concurrent Workers: 3
 Concurrent Refinement Workers: 13
 Periodic GC: Disabled

Heap:
 garbage-first heap   total 75776K, used 39552K [0x000000070c000000, 0x0000000800000000)
  region size 2048K, 10 young (20480K), 3 survivors (6144K)
 Metaspace       used 65886K, committed 66496K, reserved 1114112K
  class space    used 8763K, committed 9088K, reserved 1048576K

Heap Regions: E=young(eden), S=young(survivor), O=old, HS=humongous(starts), HC=humongous(continues), CS=collection set, F=free, OA=open archive, CA=closed archive, TAMS=top-at-mark-start (previous, next)
|   0|0x000000070c000000, 0x000000070c200000, 0x000000070c200000|100%| O|  |TAMS 0x000000070c200000, 0x000000070c000000| Untracked 
|   1|0x000000070c200000, 0x000000070c400000, 0x000000070c400000|100%| O|  |TAMS 0x000000070c400000, 0x000000070c200000| Untracked 
|   2|0x000000070c400000, 0x000000070c600000, 0x000000070c600000|100%| O|  |TAMS 0x000000070c600000, 0x000000070c400000| Untracked 
|   3|0x000000070c600000, 0x000000070c800000, 0x000000070c800000|100%| O|  |TAMS 0x000000070c800000, 0x000000070c600000| Untracked 
|   4|0x000000070c800000, 0x000000070ca00000, 0x000000070ca00000|100%| O|  |TAMS 0x000000070ca00000, 0x000000070c800000| Untracked 
|   5|0x000000070ca00000, 0x000000070cc00000, 0x000000070cc00000|100%| O|  |TAMS 0x000000070cc00000, 0x000000070ca00000| Untracked 
|   6|0x000000070cc00000, 0x000000070ce00000, 0x000000070ce00000|100%| O|  |TAMS 0x000000070ce00000, 0x000000070cc00000| Untracked 
|   7|0x000000070ce00000, 0x000000070cf31000, 0x000000070d000000| 59%| O|  |TAMS 0x000000070ce00000, 0x000000070ce00000| Untracked 
|   8|0x000000070d000000, 0x000000070d000000, 0x000000070d200000|  0%| F|  |TAMS 0x000000070d000000, 0x000000070d000000| Untracked 
|   9|0x000000070d200000, 0x000000070d200000, 0x000000070d400000|  0%| F|  |TAMS 0x000000070d200000, 0x000000070d200000| Untracked 
|  10|0x000000070d400000, 0x000000070d600000, 0x000000070d600000|100%| O|  |TAMS 0x000000070d600000, 0x000000070d400000| Untracked 
|  11|0x000000070d600000, 0x000000070d7f8a00, 0x000000070d800000| 98%| O|  |TAMS 0x000000070d7f8a00, 0x000000070d600000| Untracked 
|  12|0x000000070d800000, 0x000000070d800000, 0x000000070da00000|  0%| F|  |TAMS 0x000000070d800000, 0x000000070d800000| Untracked 
|  13|0x000000070da00000, 0x000000070dc00000, 0x000000070dc00000|100%| O|  |TAMS 0x000000070dac5c00, 0x000000070da00000| Untracked 
|  14|0x000000070dc00000, 0x000000070dc00000, 0x000000070de00000|  0%| F|  |TAMS 0x000000070dc00000, 0x000000070dc00000| Untracked 
|  15|0x000000070de00000, 0x000000070de00000, 0x000000070e000000|  0%| F|  |TAMS 0x000000070de00000, 0x000000070de00000| Untracked 
|  16|0x000000070e000000, 0x000000070e176708, 0x000000070e200000| 73%| S|CS|TAMS 0x000000070e000000, 0x000000070e000000| Complete 
|  17|0x000000070e200000, 0x000000070e400000, 0x000000070e400000|100%| S|CS|TAMS 0x000000070e200000, 0x000000070e200000| Complete 
|  18|0x000000070e400000, 0x000000070e600000, 0x000000070e600000|100%| S|CS|TAMS 0x000000070e400000, 0x000000070e400000| Complete 
|  19|0x000000070e600000, 0x000000070e600000, 0x000000070e800000|  0%| F|  |TAMS 0x000000070e600000, 0x000000070e600000| Untracked 
|  20|0x000000070e800000, 0x000000070e800000, 0x000000070ea00000|  0%| F|  |TAMS 0x000000070e800000, 0x000000070e800000| Untracked 
|  21|0x000000070ea00000, 0x000000070ea00000, 0x000000070ec00000|  0%| F|  |TAMS 0x000000070ea00000, 0x000000070ea00000| Untracked 
|  22|0x000000070ec00000, 0x000000070ec00000, 0x000000070ee00000|  0%| F|  |TAMS 0x000000070ec00000, 0x000000070ec00000| Untracked 
|  23|0x000000070ee00000, 0x000000070ee00000, 0x000000070f000000|  0%| F|  |TAMS 0x000000070ee00000, 0x000000070ee00000| Untracked 
|  24|0x000000070f000000, 0x000000070f000000, 0x000000070f200000|  0%| F|  |TAMS 0x000000070f000000, 0x000000070f000000| Untracked 
|  25|0x000000070f200000, 0x000000070f200000, 0x000000070f400000|  0%| F|  |TAMS 0x000000070f200000, 0x000000070f200000| Untracked 
|  26|0x000000070f400000, 0x000000070f400000, 0x000000070f600000|  0%| F|  |TAMS 0x000000070f400000, 0x000000070f400000| Untracked 
|  27|0x000000070f600000, 0x000000070f600000, 0x000000070f800000|  0%| F|  |TAMS 0x000000070f600000, 0x000000070f600000| Untracked 
|  28|0x000000070f800000, 0x000000070f800000, 0x000000070fa00000|  0%| F|  |TAMS 0x000000070f800000, 0x000000070f800000| Untracked 
|  29|0x000000070fa00000, 0x000000070fa00000, 0x000000070fc00000|  0%| F|  |TAMS 0x000000070fa00000, 0x000000070fa00000| Untracked 
|  30|0x000000070fc00000, 0x000000070fe00000, 0x000000070fe00000|100%| E|  |TAMS 0x000000070fc00000, 0x000000070fc00000| Complete 
|  31|0x000000070fe00000, 0x0000000710000000, 0x0000000710000000|100%| E|CS|TAMS 0x000000070fe00000, 0x000000070fe00000| Complete 
|  32|0x0000000710000000, 0x0000000710200000, 0x0000000710200000|100%| E|CS|TAMS 0x0000000710000000, 0x0000000710000000| Complete 
|  50|0x0000000712400000, 0x0000000712600000, 0x0000000712600000|100%| E|CS|TAMS 0x0000000712400000, 0x0000000712400000| Complete 
|  51|0x0000000712600000, 0x0000000712800000, 0x0000000712800000|100%| E|CS|TAMS 0x0000000712600000, 0x0000000712600000| Complete 
|  52|0x0000000712800000, 0x0000000712a00000, 0x0000000712a00000|100%| E|CS|TAMS 0x0000000712800000, 0x0000000712800000| Complete 
| 121|0x000000071b200000, 0x000000071b400000, 0x000000071b400000|100%| E|CS|TAMS 0x000000071b200000, 0x000000071b200000| Complete 

Card table byte_map: [0x00000201c17a0000,0x00000201c1f40000] _byte_map_base: 0x00000201bdf40000

Marking Bits (Prev, Next): (CMBitMap*) 0x00000201a9f6b0f0, (CMBitMap*) 0x00000201a9f6b0b0
 Prev Bits: [0x00000201c63e0000, 0x00000201ca0e0000)
 Next Bits: [0x00000201c26e0000, 0x00000201c63e0000)

Polling page: 0x00000201a7e10000

Metaspace:

Usage:
  Non-class:     55.78 MB used.
      Class:      8.56 MB used.
       Both:     64.34 MB used.

Virtual space:
  Non-class space:       64.00 MB reserved,      56.06 MB ( 88%) committed,  1 nodes.
      Class space:        1.00 GB reserved,       8.88 MB ( <1%) committed,  1 nodes.
             Both:        1.06 GB reserved,      64.94 MB (  6%) committed. 

Chunk freelists:
   Non-Class:  7.53 MB
       Class:  7.17 MB
        Both:  14.70 MB

MaxMetaspaceSize: unlimited
CompressedClassSpaceSize: 1.00 GB
Initial GC threshold: 21.00 MB
Current GC threshold: 98.56 MB
CDS: on
MetaspaceReclaimPolicy: balanced
 - commit_granule_bytes: 65536.
 - commit_granule_words: 8192.
 - virtual_space_node_default_size: 8388608.
 - enlarge_chunks_in_place: 1.
 - new_chunks_are_fully_committed: 0.
 - uncommit_free_chunks: 1.
 - use_allocation_guard: 0.
 - handle_deallocations: 1.


Internal statistics:

num_allocs_failed_limit: 9.
num_arena_births: 790.
num_arena_deaths: 0.
num_vsnodes_births: 2.
num_vsnodes_deaths: 0.
num_space_committed: 1039.
num_space_uncommitted: 0.
num_chunks_returned_to_freelist: 9.
num_chunks_taken_from_freelist: 3023.
num_chunk_merges: 9.
num_chunk_splits: 2179.
num_chunks_enlarged: 1711.
num_inconsistent_stats: 0.

CodeHeap 'non-profiled nmethods': size=119168Kb used=4423Kb max_used=4423Kb free=114744Kb
 bounds [0x00000201b9320000, 0x00000201b9780000, 0x00000201c0780000]
CodeHeap 'profiled nmethods': size=119104Kb used=12002Kb max_used=12002Kb free=107101Kb
 bounds [0x00000201b1780000, 0x00000201b2340000, 0x00000201b8bd0000]
CodeHeap 'non-nmethods': size=7488Kb used=3126Kb max_used=3218Kb free=4361Kb
 bounds [0x00000201b8bd0000, 0x00000201b8f10000, 0x00000201b9320000]
 total_blobs=6258 nmethods=5552 adapters=615
 compilation: enabled
              stopped_count=0, restarted_count=0
 full_count=0

Compilation events (20 events):
Event: 5.368 Thread 0x00000201cca04190 nmethod 5850 0x00000201b9735c90 code [0x00000201b9735f20, 0x00000201b9737280]
Event: 5.368 Thread 0x00000201cca04190 5835       4       org.springframework.core.ResolvableType::isInstance (21 bytes)
Event: 5.374 Thread 0x0000020221322530 nmethod 6007 0x00000201b9738210 code [0x00000201b9738a80, 0x00000201b97434c0]
Event: 5.377 Thread 0x00000201cca04190 nmethod 5835 0x00000201b974c090 code [0x00000201b974c280, 0x00000201b974cab0]
Event: 5.377 Thread 0x00000201cca04190 5753       4       org.springframework.core.annotation.TypeMappedAnnotations::get (8 bytes)
Event: 5.377 Thread 0x0000020221322530 5860       4       java.util.LinkedHashMap$LinkedKeySet::iterator (12 bytes)
Event: 5.378 Thread 0x00000201cca04190 nmethod 5753 0x00000201b964b190 code [0x00000201b964b320, 0x00000201b964b3c8]
Event: 5.378 Thread 0x00000201cca04190 5870       4       java.lang.reflect.Method::getDeclaredAnnotations (5 bytes)
Event: 5.379 Thread 0x0000020221322530 nmethod 5860 0x00000201b974d010 code [0x00000201b974d1a0, 0x00000201b974d378]
Event: 5.379 Thread 0x0000020221322530 5950       4       org.springframework.core.annotation.AnnotationsScanner::processClass (92 bytes)
Event: 5.386 Thread 0x00000201cca04190 nmethod 5870 0x00000201b974d490 code [0x00000201b974d660, 0x00000201b974dce8]
Event: 5.386 Thread 0x00000201cca04190 5779       4       java.util.Objects::hashCode (13 bytes)
Event: 5.386 Thread 0x00000201cca04190 nmethod 5779 0x00000201b974e090 code [0x00000201b974e200, 0x00000201b974e2d8]
Event: 5.386 Thread 0x00000201cca04190 6088       4       org.springframework.core.annotation.AnnotationsScanner::processMethod (97 bytes)
Event: 5.391 Thread 0x00000201cca04190 nmethod 6088 0x00000201b974e390 code [0x00000201b974e580, 0x00000201b974e9c0]
Event: 5.391 Thread 0x00000201cca04190 6202       4       org.springframework.beans.factory.support.AbstractBeanDefinition::isLazyInit (23 bytes)
Event: 5.392 Thread 0x00000201cca04190 nmethod 6202 0x00000201b974f010 code [0x00000201b974f180, 0x00000201b974f238]
Event: 5.392 Thread 0x00000201cca04190 6064       4       org.springframework.core.annotation.AnnotatedElementUtils::getMergedAnnotationAttributes (22 bytes)
Event: 5.411 Thread 0x00000201cd2c9060 nmethod 6054 0x00000201b974f310 code [0x00000201b974fbe0, 0x00000201b97587f8]
Event: 5.412 Thread 0x00000201cd2c9060 6061       4       org.springframework.core.annotation.AnnotatedElementUtils::findMergedAnnotationAttributes (24 bytes)

GC Heap History (20 events):
Event: 0.821 GC heap before
{Heap before GC invocations=1 (full 0):
 garbage-first heap   total 249856K, used 29969K [0x000000070c000000, 0x0000000800000000)
  region size 2048K, 13 young (26624K), 2 survivors (4096K)
 Metaspace       used 11877K, committed 12160K, reserved 1114112K
  class space    used 1454K, committed 1600K, reserved 1048576K
}
Event: 0.825 GC heap after
{Heap after GC invocations=2 (full 0):
 garbage-first heap   total 249856K, used 9329K [0x000000070c000000, 0x0000000800000000)
  region size 2048K, 1 young (2048K), 1 survivors (2048K)
 Metaspace       used 11877K, committed 12160K, reserved 1114112K
  class space    used 1454K, committed 1600K, reserved 1048576K
}
Event: 1.175 GC heap before
{Heap before GC invocations=2 (full 0):
 garbage-first heap   total 249856K, used 54385K [0x000000070c000000, 0x0000000800000000)
  region size 2048K, 25 young (51200K), 1 survivors (2048K)
 Metaspace       used 21272K, committed 21504K, reserved 1114112K
  class space    used 2594K, committed 2688K, reserved 1048576K
}
Event: 1.180 GC heap after
{Heap after GC invocations=3 (full 0):
 garbage-first heap   total 249856K, used 13321K [0x000000070c000000, 0x0000000800000000)
  region size 2048K, 3 young (6144K), 3 survivors (6144K)
 Metaspace       used 21272K, committed 21504K, reserved 1114112K
  class space    used 2594K, committed 2688K, reserved 1048576K
}
Event: 1.512 GC heap before
{Heap before GC invocations=4 (full 0):
 garbage-first heap   total 55296K, used 39945K [0x000000070c000000, 0x0000000800000000)
  region size 2048K, 17 young (34816K), 3 survivors (6144K)
 Metaspace       used 24077K, committed 24384K, reserved 1114112K
  class space    used 2944K, committed 3072K, reserved 1048576K
}
Event: 1.518 GC heap after
{Heap after GC invocations=5 (full 0):
 garbage-first heap   total 55296K, used 15042K [0x000000070c000000, 0x0000000800000000)
  region size 2048K, 4 young (8192K), 4 survivors (8192K)
 Metaspace       used 24077K, committed 24384K, reserved 1114112K
  class space    used 2944K, committed 3072K, reserved 1048576K
}
Event: 1.551 GC heap before
{Heap before GC invocations=5 (full 0):
 garbage-first heap   total 55296K, used 17090K [0x000000070c000000, 0x0000000800000000)
  region size 2048K, 5 young (10240K), 4 survivors (8192K)
 Metaspace       used 24352K, committed 24704K, reserved 1114112K
  class space    used 2986K, committed 3136K, reserved 1048576K
}
Event: 1.558 GC heap after
{Heap after GC invocations=6 (full 0):
 garbage-first heap   total 55296K, used 15521K [0x000000070c000000, 0x0000000800000000)
  region size 2048K, 1 young (2048K), 1 survivors (2048K)
 Metaspace       used 24352K, committed 24704K, reserved 1114112K
  class space    used 2986K, committed 3136K, reserved 1048576K
}
Event: 1.841 GC heap before
{Heap before GC invocations=6 (full 0):
 garbage-first heap   total 55296K, used 36001K [0x000000070c000000, 0x0000000800000000)
  region size 2048K, 11 young (22528K), 1 survivors (2048K)
 Metaspace       used 27679K, committed 28096K, reserved 1114112K
  class space    used 3451K, committed 3648K, reserved 1048576K
}
Event: 1.845 GC heap after
{Heap after GC invocations=7 (full 0):
 garbage-first heap   total 153600K, used 16551K [0x000000070c000000, 0x0000000800000000)
  region size 2048K, 2 young (4096K), 2 survivors (4096K)
 Metaspace       used 27679K, committed 28096K, reserved 1114112K
  class space    used 3451K, committed 3648K, reserved 1048576K
}
Event: 2.563 GC heap before
{Heap before GC invocations=7 (full 0):
 garbage-first heap   total 153600K, used 57511K [0x000000070c000000, 0x0000000800000000)
  region size 2048K, 24 young (49152K), 2 survivors (4096K)
 Metaspace       used 35721K, committed 36096K, reserved 1114112K
  class space    used 4497K, committed 4672K, reserved 1048576K
}
Event: 2.567 GC heap after
{Heap after GC invocations=8 (full 0):
 garbage-first heap   total 153600K, used 19468K [0x000000070c000000, 0x0000000800000000)
  region size 2048K, 3 young (6144K), 3 survivors (6144K)
 Metaspace       used 35721K, committed 36096K, reserved 1114112K
  class space    used 4497K, committed 4672K, reserved 1048576K
}
Event: 3.339 GC heap before
{Heap before GC invocations=9 (full 0):
 garbage-first heap   total 75776K, used 60428K [0x000000070c000000, 0x0000000800000000)
  region size 2048K, 24 young (49152K), 3 survivors (6144K)
 Metaspace       used 47495K, committed 47872K, reserved 1114112K
  class space    used 6089K, committed 6272K, reserved 1048576K
}
Event: 3.342 GC heap after
{Heap after GC invocations=10 (full 0):
 garbage-first heap   total 75776K, used 21738K [0x000000070c000000, 0x0000000800000000)
  region size 2048K, 4 young (8192K), 4 survivors (8192K)
 Metaspace       used 47495K, committed 47872K, reserved 1114112K
  class space    used 6089K, committed 6272K, reserved 1048576K
}
Event: 3.779 GC heap before
{Heap before GC invocations=10 (full 0):
 garbage-first heap   total 75776K, used 56554K [0x000000070c000000, 0x0000000800000000)
  region size 2048K, 21 young (43008K), 4 survivors (8192K)
 Metaspace       used 55509K, committed 56000K, reserved 1114112K
  class space    used 7286K, committed 7552K, reserved 1048576K
}
Event: 3.782 GC heap after
{Heap after GC invocations=11 (full 0):
 garbage-first heap   total 75776K, used 23601K [0x000000070c000000, 0x0000000800000000)
  region size 2048K, 3 young (6144K), 3 survivors (6144K)
 Metaspace       used 55509K, committed 56000K, reserved 1114112K
  class space    used 7286K, committed 7552K, reserved 1048576K
}
Event: 4.037 GC heap before
{Heap before GC invocations=11 (full 0):
 garbage-first heap   total 75776K, used 44081K [0x000000070c000000, 0x0000000800000000)
  region size 2048K, 14 young (28672K), 3 survivors (6144K)
 Metaspace       used 59954K, committed 60480K, reserved 1114112K
  class space    used 7943K, committed 8192K, reserved 1048576K
}
Event: 4.039 GC heap after
{Heap after GC invocations=12 (full 0):
 garbage-first heap   total 75776K, used 24495K [0x000000070c000000, 0x0000000800000000)
  region size 2048K, 2 young (4096K), 2 survivors (4096K)
 Metaspace       used 59954K, committed 60480K, reserved 1114112K
  class space    used 7943K, committed 8192K, reserved 1048576K
}
Event: 4.807 GC heap before
{Heap before GC invocations=13 (full 0):
 garbage-first heap   total 75776K, used 57263K [0x000000070c000000, 0x0000000800000000)
  region size 2048K, 18 young (36864K), 2 survivors (4096K)
 Metaspace       used 64046K, committed 64576K, reserved 1114112K
  class space    used 8519K, committed 8768K, reserved 1048576K
}
Event: 4.812 GC heap after
{Heap after GC invocations=14 (full 0):
 garbage-first heap   total 75776K, used 27264K [0x000000070c000000, 0x0000000800000000)
  region size 2048K, 3 young (6144K), 3 survivors (6144K)
 Metaspace       used 64046K, committed 64576K, reserved 1114112K
  class space    used 8519K, committed 8768K, reserved 1048576K
}

Deoptimization events (20 events):
Event: 5.015 Thread 0x00000201a9ef7da0 DEOPT PACKING pc=0x00000201b22be48c sp=0x000000f6244fe770
Event: 5.015 Thread 0x00000201a9ef7da0 DEOPT UNPACKING pc=0x00000201b8c22b43 sp=0x000000f6244fdc40 mode 1
Event: 5.015 Thread 0x00000201a9ef7da0 DEOPT PACKING pc=0x00000201b1e8f6ec sp=0x000000f6244fe650
Event: 5.015 Thread 0x00000201a9ef7da0 DEOPT UNPACKING pc=0x00000201b8c22b43 sp=0x000000f6244fdbb8 mode 1
Event: 5.016 Thread 0x00000201a9ef7da0 DEOPT PACKING pc=0x00000201b1e8f6ec sp=0x000000f6244fee70
Event: 5.016 Thread 0x00000201a9ef7da0 DEOPT UNPACKING pc=0x00000201b8c22b43 sp=0x000000f6244fe3c0 mode 1
Event: 5.016 Thread 0x00000201a9ef7da0 DEOPT PACKING pc=0x00000201b2095a54 sp=0x000000f6244fef80
Event: 5.016 Thread 0x00000201a9ef7da0 DEOPT UNPACKING pc=0x00000201b8c22b43 sp=0x000000f6244fe450 mode 1
Event: 5.017 Thread 0x00000201a9ef7da0 DEOPT PACKING pc=0x00000201b1e8f6ec sp=0x000000f6244fee70
Event: 5.017 Thread 0x00000201a9ef7da0 DEOPT UNPACKING pc=0x00000201b8c22b43 sp=0x000000f6244fe3c0 mode 1
Event: 5.017 Thread 0x00000201a9ef7da0 DEOPT PACKING pc=0x00000201b2095a54 sp=0x000000f6244fef80
Event: 5.017 Thread 0x00000201a9ef7da0 DEOPT UNPACKING pc=0x00000201b8c22b43 sp=0x000000f6244fe450 mode 1
Event: 5.017 Thread 0x00000201a9ef7da0 DEOPT PACKING pc=0x00000201b1e8f6ec sp=0x000000f6244fee70
Event: 5.017 Thread 0x00000201a9ef7da0 DEOPT UNPACKING pc=0x00000201b8c22b43 sp=0x000000f6244fe3c0 mode 1
Event: 5.017 Thread 0x00000201a9ef7da0 DEOPT PACKING pc=0x00000201b2095a54 sp=0x000000f6244fef80
Event: 5.017 Thread 0x00000201a9ef7da0 DEOPT UNPACKING pc=0x00000201b8c22b43 sp=0x000000f6244fe450 mode 1
Event: 5.069 Thread 0x00000201a9ef7da0 Uncommon trap: trap_request=0xfffffff4 fr.pc=0x00000201b953696c relative=0x000000000000006c
Event: 5.069 Thread 0x00000201a9ef7da0 Uncommon trap: reason=null_check action=make_not_entrant pc=0x00000201b953696c method=java.lang.Class.isAnnotation()Z @ 1 c2
Event: 5.069 Thread 0x00000201a9ef7da0 DEOPT PACKING pc=0x00000201b953696c sp=0x000000f6244fe030
Event: 5.069 Thread 0x00000201a9ef7da0 DEOPT UNPACKING pc=0x00000201b8c223a3 sp=0x000000f6244fdfd0 mode 2

Classes unloaded (0 events):
No events

Classes redefined (0 events):
No events

Internal exceptions (20 events):
Event: 3.911 Thread 0x00000201a9ef7da0 Exception <a 'java/lang/NoSuchMethodError'{0x000000070ff0a8c8}: 'java.lang.Object java.lang.invoke.Invokers$Holder.linkToTargetMethod(java.lang.Object, java.lang.Object, java.lang.Object, java.lang.Object, java.lang.Object, java.lang.Object, java.lang.Object, java.lang.Object, java.lang.Object, java.lang.Object, java.lang.Object, java.lang.Object)'> (0x000000070ff0a8c8) 
thrown [s\open\src\hotspot\share\interpreter\linkResolver.cpp, line 759]
Event: 3.938 Thread 0x00000201a9ef7da0 Exception <a 'java/lang/IncompatibleClassChangeError'{0x000000070fd34350}: Found class java.lang.Object, but interface was expected> (0x000000070fd34350) 
thrown [s\open\src\hotspot\share\interpreter\linkResolver.cpp, line 826]
Event: 3.944 Thread 0x00000201a9ef7da0 Exception <a 'java/lang/NoSuchMethodError'{0x000000070fdc41a8}: 'java.lang.Object java.lang.invoke.DirectMethodHandle$Holder.newInvokeSpecial(java.lang.Object, java.lang.Object, java.lang.Object, java.lang.Object, java.lang.Object, java.lang.Object, java.lang.Object, int)'> (0x000000070fdc41a8) 
thrown [s\open\src\hotspot\share\interpreter\linkResolver.cpp, line 759]
Event: 3.945 Thread 0x00000201a9ef7da0 Exception <a 'java/lang/NoSuchMethodError'{0x000000070fdc91a0}: 'java.lang.Object java.lang.invoke.DirectMethodHandle$Holder.invokeSpecial(java.lang.Object, java.lang.Object, java.lang.Object, java.lang.Object, java.lang.Object, java.lang.Object, java.lang.Object, java.lang.Object, int)'> (0x000000070fdc91a0) 
thrown [s\open\src\hotspot\share\interpreter\linkResolver.cpp, line 759]
Event: 3.945 Thread 0x00000201a9ef7da0 Exception <a 'java/lang/NoSuchMethodError'{0x000000070fdcdc68}: 'java.lang.Object java.lang.invoke.Invokers$Holder.linkToTargetMethod(java.lang.Object, java.lang.Object, java.lang.Object, java.lang.Object, java.lang.Object, java.lang.Object, int, java.lang.Object)'> (0x000000070fdcdc68) 
thrown [s\open\src\hotspot\share\interpreter\linkResolver.cpp, line 759]
Event: 3.950 Thread 0x00000201a9ef7da0 Implicit null exception at 0x00000201b93f6f93 to 0x00000201b93f70d0
Event: 3.959 Thread 0x00000201a9ef7da0 Exception <a 'java/lang/NoSuchMethodError'{0x000000070faf1008}: 'java.lang.Object java.lang.invoke.DirectMethodHandle$Holder.newInvokeSpecial(java.lang.Object, java.lang.Object, int, java.lang.Object, int, java.lang.Object, java.lang.Object)'> (0x000000070faf1008) 
thrown [s\open\src\hotspot\share\interpreter\linkResolver.cpp, line 759]
Event: 3.964 Thread 0x00000201a9ef7da0 Exception <a 'java/lang/NoSuchMethodError'{0x000000070fb5bf70}: 'void java.lang.invoke.DirectMethodHandle$Holder.invokeInterface(java.lang.Object, java.lang.Object)'> (0x000000070fb5bf70) 
thrown [s\open\src\hotspot\share\interpreter\linkResolver.cpp, line 759]
Event: 4.303 Thread 0x00000201a9ef7da0 Exception <a 'java/io/FileNotFoundException'{0x000000071245d250}> (0x000000071245d250) 
thrown [s\open\src\hotspot\share\prims\jni.cpp, line 516]
Event: 4.303 Thread 0x00000201a9ef7da0 Exception <a 'java/io/FileNotFoundException'{0x000000071245dfb8}> (0x000000071245dfb8) 
thrown [s\open\src\hotspot\share\prims\jni.cpp, line 516]
Event: 4.320 Thread 0x00000201a9ef7da0 Exception <a 'java/lang/NoSuchMethodError'{0x0000000712553910}: 'int java.lang.invoke.DirectMethodHandle$Holder.invokeStaticInit(java.lang.Object, int, java.lang.Object, java.lang.Object, java.lang.Object, java.lang.Object)'> (0x0000000712553910) 
thrown [s\open\src\hotspot\share\interpreter\linkResolver.cpp, line 759]
Event: 4.686 Thread 0x00000201a9ef7da0 Exception <a 'sun/nio/fs/WindowsException'{0x000000070edea870}> (0x000000070edea870) 
thrown [s\open\src\hotspot\share\prims\jni.cpp, line 516]
Event: 4.690 Thread 0x00000201a9ef7da0 Exception <a 'sun/nio/fs/WindowsException'{0x000000070ea090e8}> (0x000000070ea090e8) 
thrown [s\open\src\hotspot\share\prims\jni.cpp, line 516]
Event: 4.743 Thread 0x00000201a9ef7da0 Exception <a 'java/lang/IncompatibleClassChangeError'{0x000000070e8a7398}: Found class java.lang.Object, but interface was expected> (0x000000070e8a7398) 
thrown [s\open\src\hotspot\share\interpreter\linkResolver.cpp, line 826]
Event: 4.790 Thread 0x00000201a9ef7da0 Exception <a 'java/lang/NoSuchMethodError'{0x000000070e6f0a78}: 'void java.lang.invoke.DirectMethodHandle$Holder.invokeVirtual(java.lang.Object, java.lang.Object, long)'> (0x000000070e6f0a78) 
thrown [s\open\src\hotspot\share\interpreter\linkResolver.cpp, line 759]
Event: 4.897 Thread 0x00000201a9ef7da0 Exception <a 'java/lang/IncompatibleClassChangeError'{0x000000071268bbb8}: Found class java.lang.Object, but interface was expected> (0x000000071268bbb8) 
thrown [s\open\src\hotspot\share\interpreter\linkResolver.cpp, line 826]
Event: 4.910 Thread 0x00000201a9ef7da0 Implicit null exception at 0x00000201b94a95da to 0x00000201b94a9864
Event: 4.930 Thread 0x00000201a9ef7da0 Exception <a 'java/lang/NoSuchMethodError'{0x00000007124769c0}: 'java.lang.Object java.lang.invoke.DirectMethodHandle$Holder.invokeSpecial(java.lang.Object, java.lang.Object, java.lang.Object, java.lang.Object, java.lang.Object, java.lang.Object, java.lang.Object, java.lang.Object, java.lang.Object, java.lang.Object, java.lang.Object)'> (0x00000007124769c0) 
thrown [s\open\src\hotspot\share\interpreter\linkResolver.cpp, line 759]
Event: 4.931 Thread 0x00000201a9ef7da0 Exception <a 'java/lang/NoSuchMethodError'{0x000000071247adf0}: 'java.lang.Object java.lang.invoke.Invokers$Holder.invoke_MT(java.lang.Object, java.lang.Object, java.lang.Object, java.lang.Object, java.lang.Object, java.lang.Object, java.lang.Object, java.lang.Object, java.lang.Object, java.lang.Object, java.lang.Object)'> (0x000000071247adf0) 
thrown [s\open\src\hotspot\share\interpreter\linkResolver.cpp, line 759]
Event: 5.032 Thread 0x00000201a9ef7da0 Exception <a 'java/lang/NoSuchMethodError'{0x000000070ff44d70}: 'java.lang.Object java.lang.invoke.DirectMethodHandle$Holder.newInvokeSpecial(java.lang.Object, java.lang.Object, int, java.lang.Object, java.lang.Object)'> (0x000000070ff44d70) 
thrown [s\open\src\hotspot\share\interpreter\linkResolver.cpp, line 759]

VM Operations (20 events):
Event: 4.037 Executing VM operation: CollectForMetadataAllocation
Event: 4.039 Executing VM operation: CollectForMetadataAllocation done
Event: 4.048 Executing VM operation: G1Concurrent
Event: 4.050 Executing VM operation: G1Concurrent done
Event: 4.053 Executing VM operation: G1Concurrent
Event: 4.053 Executing VM operation: G1Concurrent done
Event: 4.387 Executing VM operation: HandshakeAllThreads
Event: 4.387 Executing VM operation: HandshakeAllThreads done
Event: 4.431 Executing VM operation: HandshakeAllThreads
Event: 4.431 Executing VM operation: HandshakeAllThreads done
Event: 4.616 Executing VM operation: HandshakeAllThreads
Event: 4.616 Executing VM operation: HandshakeAllThreads done
Event: 4.638 Executing VM operation: HandshakeAllThreads
Event: 4.638 Executing VM operation: HandshakeAllThreads done
Event: 4.661 Executing VM operation: ICBufferFull
Event: 4.662 Executing VM operation: ICBufferFull done
Event: 4.807 Executing VM operation: G1CollectForAllocation
Event: 4.812 Executing VM operation: G1CollectForAllocation done
Event: 4.818 Executing VM operation: HandshakeAllThreads
Event: 4.818 Executing VM operation: HandshakeAllThreads done

Events (20 events):
Event: 5.053 loading class sun/nio/ch/SinkChannelImpl
Event: 5.053 loading class java/nio/channels/Pipe$SinkChannel
Event: 5.053 loading class java/nio/channels/Pipe$SinkChannel done
Event: 5.053 loading class sun/nio/ch/SinkChannelImpl done
Event: 5.054 Thread 0x0000020223a326a0 Thread added: 0x0000020223a326a0
Event: 5.054 loading class java/nio/channels/spi/AbstractSelector$1
Event: 5.055 loading class java/nio/channels/spi/AbstractSelector$1 done
Event: 5.056 Thread 0x0000020223a2f400 Thread added: 0x0000020223a2f400
Event: 5.056 loading class java/util/TreeMap$ValueSpliterator
Event: 5.056 loading class java/util/TreeMap$TreeMapSpliterator
Event: 5.056 loading class java/util/TreeMap$TreeMapSpliterator done
Event: 5.056 loading class java/util/TreeMap$ValueSpliterator done
Event: 5.070 loading class jdk/internal/math/FDBigInteger
Event: 5.070 loading class jdk/internal/math/FDBigInteger done
Event: 5.074 loading class java/util/IdentityHashMap$KeySpliterator
Event: 5.074 loading class java/util/IdentityHashMap$IdentityHashMapSpliterator
Event: 5.074 loading class java/util/IdentityHashMap$IdentityHashMapSpliterator done
Event: 5.074 loading class java/util/IdentityHashMap$KeySpliterator done
Event: 5.076 Thread 0x00000201a9ef7da0 Thread exited: 0x00000201a9ef7da0
Event: 5.076 Thread 0x0000020223a2f910 Thread added: 0x0000020223a2f910


Dynamic libraries:
0x00007ff71e550000 - 0x00007ff71e560000 	C:\Program Files\Java\jdk-17\bin\java.exe
0x00007ffaae450000 - 0x00007ffaae667000 	C:\WINDOWS\SYSTEM32\ntdll.dll
0x00007ffaadc20000 - 0x00007ffaadce4000 	C:\WINDOWS\System32\KERNEL32.DLL
0x00007ffaabc00000 - 0x00007ffaabfd0000 	C:\WINDOWS\System32\KERNELBASE.dll
0x00007ffaab700000 - 0x00007ffaab811000 	C:\WINDOWS\System32\ucrtbase.dll
0x00007ffaa7830000 - 0x00007ffaa784b000 	C:\Program Files\Java\jdk-17\bin\VCRUNTIME140.dll
0x00007ffaa7810000 - 0x00007ffaa7829000 	C:\Program Files\Java\jdk-17\bin\jli.dll
0x00007ffaacc60000 - 0x00007ffaacd11000 	C:\WINDOWS\System32\ADVAPI32.dll
0x00007ffaadb70000 - 0x00007ffaadc17000 	C:\WINDOWS\System32\msvcrt.dll
0x00007ffaae1b0000 - 0x00007ffaae257000 	C:\WINDOWS\System32\sechost.dll
0x00007ffaab940000 - 0x00007ffaab968000 	C:\WINDOWS\System32\bcrypt.dll
0x00007ffaad940000 - 0x00007ffaada54000 	C:\WINDOWS\System32\RPCRT4.dll
0x00007ffaac4a0000 - 0x00007ffaac64e000 	C:\WINDOWS\System32\USER32.dll
0x00007ffaab9f0000 - 0x00007ffaaba16000 	C:\WINDOWS\System32\win32u.dll
0x00007ffaac7a0000 - 0x00007ffaac7c9000 	C:\WINDOWS\System32\GDI32.dll
0x00007ffa9dcf0000 - 0x00007ffa9df82000 	C:\WINDOWS\WinSxS\amd64_microsoft.windows.common-controls_6595b64144ccf1df_6.0.22621.4830_none_270fe7d773858e80\COMCTL32.dll
0x00007ffaab820000 - 0x00007ffaab93b000 	C:\WINDOWS\System32\gdi32full.dll
0x00007ffaabae0000 - 0x00007ffaabb7a000 	C:\WINDOWS\System32\msvcp_win.dll
0x00007ffaa5380000 - 0x00007ffaa538a000 	C:\WINDOWS\SYSTEM32\VERSION.dll
0x00007ffaac360000 - 0x00007ffaac391000 	C:\WINDOWS\System32\IMM32.DLL
0x00007ffaa7da0000 - 0x00007ffaa7dac000 	C:\Program Files\Java\jdk-17\bin\vcruntime140_1.dll
0x00007ffa8e940000 - 0x00007ffa8e9ce000 	C:\Program Files\Java\jdk-17\bin\msvcp140.dll
0x00007ff9e69d0000 - 0x00007ff9e75b1000 	C:\Program Files\Java\jdk-17\bin\server\jvm.dll
0x00007ffaad0b0000 - 0x00007ffaad0b8000 	C:\WINDOWS\System32\PSAPI.DLL
0x00007ffa98440000 - 0x00007ffa98449000 	C:\WINDOWS\SYSTEM32\WSOCK32.dll
0x00007ffaa28b0000 - 0x00007ffaa28e4000 	C:\WINDOWS\SYSTEM32\WINMM.dll
0x00007ffaac720000 - 0x00007ffaac791000 	C:\WINDOWS\System32\WS2_32.dll
0x00007ffaaa740000 - 0x00007ffaaa758000 	C:\WINDOWS\SYSTEM32\kernel.appcore.dll
0x00007ffa99fa0000 - 0x00007ffa99faa000 	C:\Program Files\Java\jdk-17\bin\jimage.dll
0x00007ffaa4690000 - 0x00007ffaa48c2000 	C:\WINDOWS\SYSTEM32\DBGHELP.DLL
0x00007ffaacd20000 - 0x00007ffaad0b0000 	C:\WINDOWS\System32\combase.dll
0x00007ffaac3c0000 - 0x00007ffaac497000 	C:\WINDOWS\System32\OLEAUT32.dll
0x00007ffaa06d0000 - 0x00007ffaa0702000 	C:\WINDOWS\SYSTEM32\dbgcore.DLL
0x00007ffaab970000 - 0x00007ffaab9eb000 	C:\WINDOWS\System32\bcryptPrimitives.dll
0x00007ffa998e0000 - 0x00007ffa9991b000 	C:\Program Files\Java\jdk-17\bin\jdwp.dll
0x00007ffa99e90000 - 0x00007ffa99eb5000 	C:\Program Files\Java\jdk-17\bin\java.dll
0x00007ffa8d140000 - 0x00007ffa8d217000 	C:\Program Files\Java\jdk-17\bin\jsvml.dll
0x00007ffaad0c0000 - 0x00007ffaad938000 	C:\WINDOWS\System32\SHELL32.dll
0x00007ffaa9650000 - 0x00007ffaa9f60000 	C:\WINDOWS\SYSTEM32\windows.storage.dll
0x00007ffaa9510000 - 0x00007ffaa964f000 	C:\WINDOWS\SYSTEM32\wintypes.dll
0x00007ffaada60000 - 0x00007ffaadb6a000 	C:\WINDOWS\System32\SHCORE.dll
0x00007ffaac650000 - 0x00007ffaac6ae000 	C:\WINDOWS\System32\shlwapi.dll
0x00007ffaab630000 - 0x00007ffaab65b000 	C:\WINDOWS\SYSTEM32\profapi.dll
0x00007ffa99f10000 - 0x00007ffa99f1c000 	C:\Program Files\Java\jdk-17\bin\dt_socket.dll
0x00007ffaaa1c0000 - 0x00007ffaaa1ed000 	C:\WINDOWS\SYSTEM32\IPHLPAPI.DLL
0x00007ffaaabc0000 - 0x00007ffaaac29000 	C:\WINDOWS\system32\mswsock.dll
0x00007ffaaa1f0000 - 0x00007ffaaa2f2000 	C:\WINDOWS\SYSTEM32\DNSAPI.dll
0x00007ffaac710000 - 0x00007ffaac719000 	C:\WINDOWS\System32\NSI.dll
0x00007ffaa7dd0000 - 0x00007ffaa7dda000 	C:\Windows\System32\rasadhlp.dll
0x00007ffaa7410000 - 0x00007ffaa7493000 	C:\WINDOWS\System32\fwpuclnt.dll
0x00007ffa99800000 - 0x00007ffa99819000 	C:\Program Files\Java\jdk-17\bin\net.dll
0x00007ffaa86a0000 - 0x00007ffaa87cc000 	C:\WINDOWS\SYSTEM32\WINHTTP.dll
0x00007ffa99690000 - 0x00007ffa996a6000 	C:\Program Files\Java\jdk-17\bin\nio.dll
0x00007ffa99640000 - 0x00007ffa99658000 	C:\Program Files\Java\jdk-17\bin\zip.dll
0x00007ffa99ed0000 - 0x00007ffa99eda000 	C:\Program Files\Java\jdk-17\bin\management.dll
0x00007ffa99da0000 - 0x00007ffa99dab000 	C:\Program Files\Java\jdk-17\bin\management_ext.dll
0x00007ffa877a0000 - 0x00007ffa877b7000 	C:\WINDOWS\system32\napinsp.dll
0x00007ffa87780000 - 0x00007ffa8779b000 	C:\WINDOWS\system32\pnrpnsp.dll
0x00007ffa876a0000 - 0x00007ffa876b1000 	C:\WINDOWS\System32\winrnr.dll
0x00007ffa874f0000 - 0x00007ffa87505000 	C:\WINDOWS\system32\wshbth.dll
0x00007ffa874c0000 - 0x00007ffa874e7000 	C:\WINDOWS\system32\nlansp_c.dll
0x00007ffaaae10000 - 0x00007ffaaae2b000 	C:\WINDOWS\SYSTEM32\CRYPTSP.dll
0x00007ffaaa6a0000 - 0x00007ffaaa6d5000 	C:\WINDOWS\system32\rsaenh.dll
0x00007ffaaacb0000 - 0x00007ffaaacd8000 	C:\WINDOWS\SYSTEM32\USERENV.dll
0x00007ffaaae30000 - 0x00007ffaaae3c000 	C:\WINDOWS\SYSTEM32\CRYPTBASE.dll
0x00007ffaa7d80000 - 0x00007ffaa7d99000 	C:\WINDOWS\SYSTEM32\dhcpcsvc6.DLL
0x00007ffaa7d60000 - 0x00007ffaa7d7f000 	C:\WINDOWS\SYSTEM32\dhcpcsvc.DLL
0x00007ffa998d0000 - 0x00007ffa998de000 	C:\Program Files\Java\jdk-17\bin\sunmscapi.dll
0x00007ffaabfd0000 - 0x00007ffaac136000 	C:\WINDOWS\System32\CRYPT32.dll
0x00007ffaaafd0000 - 0x00007ffaaaffd000 	C:\WINDOWS\SYSTEM32\ncrypt.dll
0x00007ffaaaf90000 - 0x00007ffaaafc7000 	C:\WINDOWS\SYSTEM32\NTASN1.dll
0x00007ffa99680000 - 0x00007ffa99690000 	C:\Program Files\Java\jdk-17\bin\verify.dll
0x00007ffa0a760000 - 0x00007ffa0a768000 	C:\WINDOWS\system32\wshunix.dll

dbghelp: loaded successfully - version: 4.0.5 - missing functions: none
symbol engine: initialized successfully - sym options: 0x614 - pdb path: .;C:\Program Files\Java\jdk-17\bin;C:\WINDOWS\SYSTEM32;C:\WINDOWS\WinSxS\amd64_microsoft.windows.common-controls_6595b64144ccf1df_6.0.22621.4830_none_270fe7d773858e80;C:\Program Files\Java\jdk-17\bin\server

VM Arguments:
jvm_args: -agentlib:jdwp=transport=dt_socket,server=n,suspend=y,address=localhost:51630 -Dcom.sun.management.jmxremote -Dcom.sun.management.jmxremote.port=64442 -Dcom.sun.management.jmxremote.authenticate=false -Dcom.sun.management.jmxremote.ssl=false -Dspring.jmx.enabled=true -Djava.rmi.server.hostname=localhost -Dspring.application.admin.enabled=true -Dspring.boot.project.name=thuan -XX:+ShowCodeDetailsInExceptionMessages 
java_command: com.example.thuan.ThuanApplication
java_class_path (initial): E:\SWP391_GR5_SE1812\ReadHasha_BackEnd\thuan\bin\main;E:\SWP391_GR5_SE1812\ReadHasha_BackEnd\thuan\bin\test;E:\SWP391_GR5_SE1812\ReadHasha_BackEnd\thuan\bin\default;C:\Users\ASUS\.gradle\caches\modules-2\files-2.1\org.projectlombok\lombok\1.18.24\13a394eed5c4f9efb2a6d956e2086f1d81e857d9\lombok-1.18.24.jar;C:\Users\ASUS\.gradle\caches\modules-2\files-2.1\org.springframework.boot\spring-boot-starter-web\3.4.2\cf1c8efe77dccf221acf5f0ce9cc24c718c0ca44\spring-boot-starter-web-3.4.2.jar;C:\Users\ASUS\.gradle\caches\modules-2\files-2.1\org.springframework.boot\spring-boot-starter-security\3.4.2\b3102ed745b5e71f61bb5174c6a12275f0154dbb\spring-boot-starter-security-3.4.2.jar;C:\Users\ASUS\.gradle\caches\modules-2\files-2.1\org.springframework.boot\spring-boot-starter-data-jpa\3.4.2\b65a304b493807dff48bf114135dc4aa5f267927\spring-boot-starter-data-jpa-3.4.2.jar;C:\Users\ASUS\.gradle\caches\modules-2\files-2.1\com.microsoft.sqlserver\mssql-jdbc\12.2.0.jre8\24230b89715e4a101e1f2263293a2343a710ecd1\mssql-jdbc-12.2.0.jre8.jar;C:\Users\ASUS\.gradle\caches\modules-2\files-2.1\org.springframework.security\spring-security-config\6.4.2\5ed985329eb14b1c61045160c8dcbbcab179ddd3\spring-security-config-6.4.2.jar;C:\Users\ASUS\.gradle\caches\modules-2\files-2.1\org.springframework.security\spring-security-web\6.4.2\733a3bbbdca56225676fb7f4e3f317c2075fc383\spring-security-web-6.4.2.jar;C:\Users\ASUS\.gradle\caches\modules-2\files-2.1\org.springframework.security\spring-security-core\6.4.2\51302b2af3f01eb79fdc7164a4cc3a3aa7e3b541\spring-security-core-6.4.2.jar;C:\Users\ASUS\.gradle\caches\modules-2\files-2.1\org.springframework.security\spring-security-crypto\6.4.2\a4d5bf27ca449200fc39e07de6ae016eb1ad21da\spring-security-crypto-6.4.2.jar;C:\Users\ASUS\.gradle\caches\modules-2\files-2.1\io.jsonwebtoken\jjwt-impl\0.11.5\40a599f0e8a8e4e0701596fbb15e67bfda64fdf0\jjwt-impl-0.11.5.jar;C:\Users\ASUS\.gradle\caches\modules-2\files-2.1\io.jsonwebtoken\jjwt-jackson\0.11.5\
Launcher Type: SUN_STANDARD

[Global flags]
     intx CICompilerCount                          = 12                                        {product} {ergonomic}
     uint ConcGCThreads                            = 3                                         {product} {ergonomic}
     uint G1ConcRefinementThreads                  = 13                                        {product} {ergonomic}
   size_t G1HeapRegionSize                         = 2097152                                   {product} {ergonomic}
    uintx GCDrainStackTargetSize                   = 64                                        {product} {ergonomic}
   size_t InitialHeapSize                          = 255852544                                 {product} {ergonomic}
     bool ManagementServer                         = true                                      {product} {command line}
   size_t MarkStackSize                            = 4194304                                   {product} {ergonomic}
   size_t MaxHeapSize                              = 4093640704                                {product} {ergonomic}
   size_t MaxNewSize                               = 2455764992                                {product} {ergonomic}
   size_t MinHeapDeltaBytes                        = 2097152                                   {product} {ergonomic}
   size_t MinHeapSize                              = 8388608                                   {product} {ergonomic}
    uintx NonNMethodCodeHeapSize                   = 7602480                                {pd product} {ergonomic}
    uintx NonProfiledCodeHeapSize                  = 122027880                              {pd product} {ergonomic}
    uintx ProfiledCodeHeapSize                     = 122027880                              {pd product} {ergonomic}
    uintx ReservedCodeCacheSize                    = 251658240                              {pd product} {ergonomic}
     bool SegmentedCodeCache                       = true                                      {product} {ergonomic}
     bool ShowCodeDetailsInExceptionMessages       = true                                   {manageable} {command line}
   size_t SoftMaxHeapSize                          = 4093640704                             {manageable} {ergonomic}
     bool UseCompressedClassPointers               = true                           {product lp64_product} {ergonomic}
     bool UseCompressedOops                        = true                           {product lp64_product} {ergonomic}
     bool UseG1GC                                  = true                                      {product} {ergonomic}
     bool UseLargePagesIndividualAllocation        = false                                  {pd product} {ergonomic}

Logging:
Log output configuration:
 #0: stdout all=warning uptime,level,tags
 #1: stderr all=off uptime,level,tags

Environment Variables:
PATH=C:\Program Files\Common Files\Oracle\Java\javapath;C:\Program Files (x86)\Common Files\Oracle\Java\java8path;C:\Program Files (x86)\Common Files\Oracle\Java\javapath;C:\ProgramData\Oracle\Java\javapath;C:\Windows\system32;C:\Windows;C:\Windows\System32\Wbem;C:\Windows\System32\WindowsPowerShell\v1.0\;C:\Windows\System32\OpenSSH\;C:\Program Files (x86)\NVIDIA Corporation\PhysX\Common;C:\WINDOWS\system32;C:\WINDOWS;C:\WINDOWS\System32\Wbem;C:\WINDOWS\System32\WindowsPowerShell\v1.0\;C:\WINDOWS\System32\OpenSSH\;C:\Program Files (x86)\Microsoft SQL Server\160\Tools\Binn\;C:\Program Files\Microsoft SQL Server\160\Tools\Binn\;C:\Program Files\Microsoft SQL Server\Client SDK\ODBC\170\Tools\Binn\;C:\Program Files\Microsoft SQL Server\160\DTS\Binn\;C:\Program Files (x86)\Microsoft SQL Server\160\DTS\Binn\;C:\Program Files\Azure Data Studio\bin;C:\Program Files\dotnet\;C:\Program Files\nodejs\;C:\Program Files\Git\cmd;C:\Program Files\Cloudflare\Cloudflare WARP\;C:\Program Files\NVIDIA Corporation\NVIDIA app\NvDLISR;C:\Program Files\MySQL\MySQL Shell 8.0\bin\;C:\Users\ASUS\AppData\Local\Microsoft\WindowsApps;;C:\Program Files\Azure Data Studio\bin;C:\Users\ASUS\AppData\Local\Programs\Microsoft VS Code\bin;C:\Users\ASUS\AppData\Roaming\npm
USERNAME=ASUS
LANG=en_US.UTF-8
OS=Windows_NT
PROCESSOR_IDENTIFIER=AMD64 Family 25 Model 68 Stepping 1, AuthenticAMD



---------------  S Y S T E M  ---------------

OS:
 Windows 11 , 64 bit Build 22621 (10.0.22621.4830)
OS uptime: 0 days 4:21 hours

CPU: total 16 (initial active 16) (16 cores per cpu, 2 threads per core) family 25 model 68 stepping 1 microcode 0x0, cx8, cmov, fxsr, ht, mmx, 3dnowpref, sse, sse2, sse3, ssse3, sse4a, sse4.1, sse4.2, popcnt, lzcnt, tsc, tscinvbit, avx, avx2, aes, clmul, bmi1, bmi2, adx, sha, fma, vzeroupper, clflush, clflushopt

Memory: 4k page, system-wide physical 15613M (2819M free)
TotalPageFile size 19709M (AvailPageFile size 6M)
current process WorkingSet (physical memory assigned to process): 493M, peak: 498M
current process commit charge ("private bytes"): 543M, peak: 547M

vm_info: Java HotSpot(TM) 64-Bit Server VM (17.0.9+11-LTS-201) for windows-amd64 JRE (17.0.9+11-LTS-201), built on Oct 10 2023 23:16:06 by "mach5one" with MS VC++ 17.1 (VS2022)

END.
