#
# There is insufficient memory for the Java Runtime Environment to continue.
# Native memory allocation (malloc) failed to allocate 2650896 bytes for Chunk::new
# Possible reasons:
#   The system is out of physical RAM or swap space
#   The process is running with CompressedOops enabled, and the Java Heap may be blocking the growth of the native heap
# Possible solutions:
#   Reduce memory load on the system
#   Increase physical memory or swap space
#   Check if swap backing store is full
#   Decrease Java heap size (-Xmx/-Xms)
#   Decrease number of Java threads
#   Decrease Java thread stack sizes (-Xss)
#   Set larger code cache with -XX:ReservedCodeCacheSize=
#   JVM is running with Zero Based Compressed Oops mode in which the Java heap is
#     placed in the first 32GB address space. The Java Heap base address is the
#     maximum limit for the native heap growth. Please use -XX:HeapBaseMinAddress
#     to set the Java Heap base and to place the Java Heap above 32GB virtual address.
# This output file may be truncated or incomplete.
#
#  Out of Memory Error (arena.cpp:189), pid=27244, tid=28376
#
# JRE version: Java(TM) SE Runtime Environment (17.0.9+11) (build 17.0.9+11-LTS-201)
# Java VM: Java HotSpot(TM) 64-Bit Server VM (17.0.9+11-LTS-201, mixed mode, sharing, tiered, compressed oops, compressed class ptrs, g1 gc, windows-amd64)
# No core dump will be written. Minidumps are not enabled by default on client versions of Windows
#

---------------  S U M M A R Y ------------

Command Line: -agentlib:jdwp=transport=dt_socket,server=n,suspend=y,address=localhost:59704 -Dcom.sun.management.jmxremote -Dcom.sun.management.jmxremote.port=59701 -Dcom.sun.management.jmxremote.authenticate=false -Dcom.sun.management.jmxremote.ssl=false -Dspring.jmx.enabled=true -Djava.rmi.server.hostname=localhost -Dspring.application.admin.enabled=true -Dspring.boot.project.name=thuan -XX:+ShowCodeDetailsInExceptionMessages com.example.thuan.ThuanApplication

Host: AMD Ryzen 7 6800H with Radeon Graphics         , 16 cores, 15G,  Windows 11 , 64 bit Build 22621 (10.0.22621.4830)
Time: Wed Mar  5 14:58:03 2025 SE Asia Standard Time elapsed time: 7.300916 seconds (0d 0h 0m 7s)

---------------  T H R E A D  ---------------

Current thread (0x000002f45e7cb100):  JavaThread "C2 CompilerThread7" daemon [_thread_in_native, id=28376, stack(0x000000f8a2700000,0x000000f8a2800000)]


Current CompileTask:
C2:   7301 7426       4       org.springframework.transaction.annotation.AnnotationTransactionAttributeSource::determineTransactionAttribute (88 bytes)

Stack: [0x000000f8a2700000,0x000000f8a2800000]
Native frames: (J=compiled Java code, j=interpreted, Vv=VM code, C=native code)
V  [jvm.dll+0x678a4a]
V  [jvm.dll+0x7d9cfd]
V  [jvm.dll+0x7db60e]
V  [jvm.dll+0x7dbc73]
V  [jvm.dll+0x245e1f]
V  [jvm.dll+0xaaafb]
V  [jvm.dll+0xab09c]
V  [jvm.dll+0x36232f]
V  [jvm.dll+0x1bb94a]
V  [jvm.dll+0x218287]
V  [jvm.dll+0x217561]
V  [jvm.dll+0x1a3bc0]
V  [jvm.dll+0x2272de]
V  [jvm.dll+0x22548b]
V  [jvm.dll+0x78f58c]
V  [jvm.dll+0x78998a]
V  [jvm.dll+0x677875]
C  [ucrtbase.dll+0x29333]
C  [KERNEL32.DLL+0x1259d]
C  [ntdll.dll+0x5af38]


---------------  P R O C E S S  ---------------

Threads class SMR info:
_java_thread_list=0x000002f460d94e00, length=27, elements={
0x000002f47f500620, 0x000002f47f5012a0, 0x000002f416b19170, 0x000002f416b1aa50,
0x000002f416b1b320, 0x000002f416b1bce0, 0x000002f416b20df0, 0x000002f416b2c730,
0x000002f416b2f050, 0x000002f47f4ed1a0, 0x000002f416c3c520, 0x000002f416c3ce50,
0x000002f416c5d940, 0x000002f416d98d40, 0x000002f416d2d600, 0x000002f416d2daf0,
0x000002f416cf3e30, 0x000002f45c6f7500, 0x000002f45c7ebb70, 0x000002f45c7eff20,
0x000002f45e7cc640, 0x000002f45e7cabb0, 0x000002f45e7cc0f0, 0x000002f45e7cbba0,
0x000002f45e7c9bc0, 0x000002f45e7ccb90, 0x000002f45e7cb100
}

Java Threads: ( => current thread )
  0x000002f47f500620 JavaThread "Reference Handler" daemon [_thread_blocked, id=13712, stack(0x000000f89f500000,0x000000f89f600000)]
  0x000002f47f5012a0 JavaThread "Finalizer" daemon [_thread_blocked, id=31140, stack(0x000000f89f600000,0x000000f89f700000)]
  0x000002f416b19170 JavaThread "Signal Dispatcher" daemon [_thread_blocked, id=30416, stack(0x000000f89f700000,0x000000f89f800000)]
  0x000002f416b1aa50 JavaThread "Attach Listener" daemon [_thread_blocked, id=6032, stack(0x000000f89f800000,0x000000f89f900000)]
  0x000002f416b1b320 JavaThread "Service Thread" daemon [_thread_blocked, id=892, stack(0x000000f89f900000,0x000000f89fa00000)]
  0x000002f416b1bce0 JavaThread "Monitor Deflation Thread" daemon [_thread_blocked, id=25216, stack(0x000000f89fa00000,0x000000f89fb00000)]
  0x000002f416b20df0 JavaThread "C2 CompilerThread0" daemon [_thread_blocked, id=30808, stack(0x000000f89fb00000,0x000000f89fc00000)]
  0x000002f416b2c730 JavaThread "C1 CompilerThread0" daemon [_thread_blocked, id=22132, stack(0x000000f89fc00000,0x000000f89fd00000)]
  0x000002f416b2f050 JavaThread "Sweeper thread" daemon [_thread_blocked, id=13892, stack(0x000000f89fd00000,0x000000f89fe00000)]
  0x000002f47f4ed1a0 JavaThread "Common-Cleaner" daemon [_thread_blocked, id=25376, stack(0x000000f89fe00000,0x000000f89ff00000)]
  0x000002f416c3c520 JavaThread "C1 CompilerThread1" daemon [_thread_blocked, id=6968, stack(0x000000f89ff00000,0x000000f8a0000000)]
  0x000002f416c3ce50 JavaThread "C1 CompilerThread2" daemon [_thread_blocked, id=29920, stack(0x000000f8a0000000,0x000000f8a0100000)]
  0x000002f416c5d940 JavaThread "C1 CompilerThread3" daemon [_thread_blocked, id=15004, stack(0x000000f8a0100000,0x000000f8a0200000)]
  0x000002f416d98d40 JavaThread "JDWP Transport Listener: dt_socket" daemon [_thread_blocked, id=25996, stack(0x000000f8a0300000,0x000000f8a0400000)]
  0x000002f416d2d600 JavaThread "JDWP Event Helper Thread" daemon [_thread_blocked, id=14860, stack(0x000000f8a0400000,0x000000f8a0500000)]
  0x000002f416d2daf0 JavaThread "JDWP Command Reader" daemon [_thread_blocked, id=21676, stack(0x000000f8a0500000,0x000000f8a0600000)]
  0x000002f416cf3e30 JavaThread "Notification Thread" daemon [_thread_blocked, id=23752, stack(0x000000f8a0600000,0x000000f8a0700000)]
  0x000002f45c6f7500 JavaThread "RMI TCP Accept-0" daemon [_thread_in_native, id=22128, stack(0x000000f8a0700000,0x000000f8a0800000)]
  0x000002f45c7ebb70 JavaThread "RMI TCP Accept-59701" daemon [_thread_in_native, id=3380, stack(0x000000f8a0800000,0x000000f8a0900000)]
  0x000002f45c7eff20 JavaThread "RMI TCP Accept-0" daemon [_thread_in_native, id=10876, stack(0x000000f8a0900000,0x000000f8a0a00000)]
  0x000002f45e7cc640 JavaThread "C2 CompilerThread1" daemon [_thread_in_native, id=30028, stack(0x000000f8a0200000,0x000000f8a0300000)]
  0x000002f45e7cabb0 JavaThread "C2 CompilerThread2" daemon [_thread_blocked, id=26560, stack(0x000000f8a0b00000,0x000000f8a0c00000)]
  0x000002f45e7cc0f0 JavaThread "C2 CompilerThread3" daemon [_thread_blocked, id=27568, stack(0x000000f8a1900000,0x000000f8a1a00000)]
  0x000002f45e7cbba0 JavaThread "C2 CompilerThread4" daemon [_thread_blocked, id=11856, stack(0x000000f8a1a00000,0x000000f8a1b00000)]
  0x000002f45e7c9bc0 JavaThread "C2 CompilerThread5" daemon [_thread_in_native, id=14896, stack(0x000000f8a1b00000,0x000000f8a1c00000)]
  0x000002f45e7ccb90 JavaThread "C2 CompilerThread6" daemon [_thread_blocked, id=25572, stack(0x000000f8a2200000,0x000000f8a2300000)]
=>0x000002f45e7cb100 JavaThread "C2 CompilerThread7" daemon [_thread_in_native, id=28376, stack(0x000000f8a2700000,0x000000f8a2800000)]

Other Threads:
  0x000002f47f4f9b00 VMThread "VM Thread" [stack: 0x000000f89f400000,0x000000f89f500000] [id=22520] _threads_hazard_ptr=0x000002f460d94e00
  0x000002f4730eca00 GCTaskThread "GC Thread#0" [stack: 0x000000f89ef00000,0x000000f89f000000] [id=21008]
  0x000002f45cb3e680 GCTaskThread "GC Thread#1" [stack: 0x000000f8a0c00000,0x000000f8a0d00000] [id=11256]
  0x000002f45cb3e940 GCTaskThread "GC Thread#2" [stack: 0x000000f8a0d00000,0x000000f8a0e00000] [id=4828]
  0x000002f45cb3ec00 GCTaskThread "GC Thread#3" [stack: 0x000000f8a0e00000,0x000000f8a0f00000] [id=10860]
  0x000002f45d0d7d10 GCTaskThread "GC Thread#4" [stack: 0x000000f8a0f00000,0x000000f8a1000000] [id=21136]
  0x000002f45cde5d80 GCTaskThread "GC Thread#5" [stack: 0x000000f8a1000000,0x000000f8a1100000] [id=22020]
  0x000002f45cddc7e0 GCTaskThread "GC Thread#6" [stack: 0x000000f8a1100000,0x000000f8a1200000] [id=17216]
  0x000002f45d0d7fd0 GCTaskThread "GC Thread#7" [stack: 0x000000f8a1200000,0x000000f8a1300000] [id=15136]
  0x000002f45d0d8290 GCTaskThread "GC Thread#8" [stack: 0x000000f8a1300000,0x000000f8a1400000] [id=27776]
  0x000002f45d2ba080 GCTaskThread "GC Thread#9" [stack: 0x000000f8a1500000,0x000000f8a1600000] [id=15280]
  0x000002f45d390850 GCTaskThread "GC Thread#10" [stack: 0x000000f8a1600000,0x000000f8a1700000] [id=22736]
  0x000002f45d3c5a80 GCTaskThread "GC Thread#11" [stack: 0x000000f8a1700000,0x000000f8a1800000] [id=18032]
  0x000002f45d1e08b0 GCTaskThread "GC Thread#12" [stack: 0x000000f8a1800000,0x000000f8a1900000] [id=24220]
  0x000002f4730fcd50 ConcurrentGCThread "G1 Main Marker" terminated
  0x000002f4730fef10 ConcurrentGCThread "G1 Conc#0" [stack: 0x000000f89f100000,0x000000f89f200000] [id=22852]
  0x000002f45d1e13b0 ConcurrentGCThread "G1 Conc#1" [stack: 0x000000f8a1c00000,0x000000f8a1d00000] [id=16480]
  0x000002f45d1e0070 ConcurrentGCThread "G1 Conc#2" [stack: 0x000000f8a1d00000,0x000000f8a1e00000] [id=31556]
  0x000002f47f3b28c0 ConcurrentGCThread "G1 Refine#0" terminated
  0x000002f45f9fe080 ConcurrentGCThread "G1 Refine#1" terminated
  0x000002f45f9fcee0 ConcurrentGCThread "G1 Refine#2" terminated
  0x000002f47f3b2fa0 ConcurrentGCThread "G1 Service" terminated

Threads with active compile tasks:
C2 CompilerThread0     7359 7241       4       org.springframework.core.annotation.AnnotationsScanner::processClass (92 bytes)
C2 CompilerThread1     7359 7292   !   4       org.springframework.core.annotation.AnnotationsScanner::processClassHierarchy (234 bytes)
C2 CompilerThread2     7359 6941       4       org.springframework.core.annotation.AnnotationsScanner::process (55 bytes)
C2 CompilerThread3     7359 7455       4       org.springframework.core.BridgeMethodResolver::findBridgedMethod (9 bytes)
C2 CompilerThread4     7359 7562       4       org.springframework.core.BridgeMethodResolver::resolveBridgeMethod (180 bytes)
C2 CompilerThread5     7359 6930       4       org.springframework.core.annotation.AnnotationsScanner::scan (21 bytes)
C2 CompilerThread6     7359 6916       4       org.springframework.core.annotation.TypeMappedAnnotations::scan (66 bytes)
C2 CompilerThread7     7360 7426       4       org.springframework.transaction.annotation.AnnotationTransactionAttributeSource::determineTransactionAttribute (88 bytes)

VM state: at safepoint (normal execution)

VM Mutex/Monitor currently owned by a thread:  ([mutex/lock_event])
[0x000002f473076e80] Threads_lock - owner thread: 0x000002f47f4f9b00
[0x000002f473075ec0] Heap_lock - owner thread: 0x000002f45f17e0c0

Heap address: 0x000000070c000000, size: 3904 MB, Compressed Oops mode: Zero based, Oop shift amount: 3

CDS archive(s) mapped at: [0x000002f417000000-0x000002f417bd0000-0x000002f417bd0000), size 12386304, SharedBaseAddress: 0x000002f417000000, ArchiveRelocationMode: 1.
Compressed class space mapped at: 0x000002f418000000-0x000002f458000000, reserved size: 1073741824
Narrow klass base: 0x000002f417000000, Narrow klass shift: 0, Narrow klass range: 0x100000000

GC Precious Log:
 CPUs: 16 total, 16 available
 Memory: 15613M
 Large Page Support: Disabled
 NUMA Support: Disabled
 Compressed Oops: Enabled (Zero based)
 Heap Region Size: 2M
 Heap Min Capacity: 8M
 Heap Initial Capacity: 244M
 Heap Max Capacity: 3904M
 Pre-touch: Disabled
 Parallel Workers: 13
 Concurrent Workers: 3
 Concurrent Refinement Workers: 13
 Periodic GC: Disabled

Heap:
 garbage-first heap   total 81920K, used 33076K [0x000000070c000000, 0x0000000800000000)
  region size 2048K, 5 young (10240K), 3 survivors (6144K)
 Metaspace       used 70653K, committed 71168K, reserved 1114112K
  class space    used 9421K, committed 9664K, reserved 1048576K

Heap Regions: E=young(eden), S=young(survivor), O=old, HS=humongous(starts), HC=humongous(continues), CS=collection set, F=free, OA=open archive, CA=closed archive, TAMS=top-at-mark-start (previous, next)
|   0|0x000000070c000000, 0x000000070c200000, 0x000000070c200000|100%| O|  |TAMS 0x000000070c200000, 0x000000070c000000| Untracked 
|   1|0x000000070c200000, 0x000000070c400000, 0x000000070c400000|100%| O|  |TAMS 0x000000070c400000, 0x000000070c200000| Untracked 
|   2|0x000000070c400000, 0x000000070c600000, 0x000000070c600000|100%| O|  |TAMS 0x000000070c600000, 0x000000070c400000| Untracked 
|   3|0x000000070c600000, 0x000000070c800000, 0x000000070c800000|100%| O|  |TAMS 0x000000070c800000, 0x000000070c600000| Untracked 
|   4|0x000000070c800000, 0x000000070ca00000, 0x000000070ca00000|100%| O|  |TAMS 0x000000070ca00000, 0x000000070c800000| Untracked 
|   5|0x000000070ca00000, 0x000000070cc00000, 0x000000070cc00000|100%| O|  |TAMS 0x000000070cc00000, 0x000000070ca00000| Untracked 
|   6|0x000000070cc00000, 0x000000070ce00000, 0x000000070ce00000|100%| O|  |TAMS 0x000000070ce00000, 0x000000070cc00000| Untracked 
|   7|0x000000070ce00000, 0x000000070d000000, 0x000000070d000000|100%| O|  |TAMS 0x000000070d000000, 0x000000070ce00000| Untracked 
|   8|0x000000070d000000, 0x000000070d200000, 0x000000070d200000|100%| O|  |TAMS 0x000000070d200000, 0x000000070d000000| Untracked 
|   9|0x000000070d200000, 0x000000070d400000, 0x000000070d400000|100%| O|  |TAMS 0x000000070d400000, 0x000000070d200000| Untracked 
|  10|0x000000070d400000, 0x000000070d4d3200, 0x000000070d600000| 41%| O|  |TAMS 0x000000070d400000, 0x000000070d400000| Untracked 
|  11|0x000000070d600000, 0x000000070d800000, 0x000000070d800000|100%| O|  |TAMS 0x000000070d800000, 0x000000070d600000| Untracked 
|  12|0x000000070d800000, 0x000000070da00000, 0x000000070da00000|100%| O|  |TAMS 0x000000070d830a00, 0x000000070d800000| Untracked 
|  13|0x000000070da00000, 0x000000070da00000, 0x000000070dc00000|  0%| F|  |TAMS 0x000000070da00000, 0x000000070da00000| Untracked 
|  14|0x000000070dc00000, 0x000000070dc00000, 0x000000070de00000|  0%| F|  |TAMS 0x000000070dc00000, 0x000000070dc00000| Untracked 
|  15|0x000000070de00000, 0x000000070de00000, 0x000000070e000000|  0%| F|  |TAMS 0x000000070de00000, 0x000000070de00000| Untracked 
|  16|0x000000070e000000, 0x000000070e000000, 0x000000070e200000|  0%| F|  |TAMS 0x000000070e000000, 0x000000070e000000| Untracked 
|  17|0x000000070e200000, 0x000000070e37a150, 0x000000070e400000| 73%| S|CS|TAMS 0x000000070e200000, 0x000000070e200000| Complete 
|  18|0x000000070e400000, 0x000000070e400000, 0x000000070e600000|  0%| F|  |TAMS 0x000000070e400000, 0x000000070e400000| Untracked 
|  19|0x000000070e600000, 0x000000070e600000, 0x000000070e800000|  0%| F|  |TAMS 0x000000070e600000, 0x000000070e600000| Untracked 
|  20|0x000000070e800000, 0x000000070e800000, 0x000000070ea00000|  0%| F|  |TAMS 0x000000070e800000, 0x000000070e800000| Untracked 
|  21|0x000000070ea00000, 0x000000070ec00000, 0x000000070ec00000|100%| S|CS|TAMS 0x000000070ea00000, 0x000000070ea00000| Complete 
|  22|0x000000070ec00000, 0x000000070ee00000, 0x000000070ee00000|100%| S|CS|TAMS 0x000000070ec00000, 0x000000070ec00000| Complete 
|  23|0x000000070ee00000, 0x000000070ee00000, 0x000000070f000000|  0%| F|  |TAMS 0x000000070ee00000, 0x000000070ee00000| Untracked 
|  24|0x000000070f000000, 0x000000070f000000, 0x000000070f200000|  0%| F|  |TAMS 0x000000070f000000, 0x000000070f000000| Untracked 
|  25|0x000000070f200000, 0x000000070f200000, 0x000000070f400000|  0%| F|  |TAMS 0x000000070f200000, 0x000000070f200000| Untracked 
|  26|0x000000070f400000, 0x000000070f400000, 0x000000070f600000|  0%| F|  |TAMS 0x000000070f400000, 0x000000070f400000| Untracked 
|  27|0x000000070f600000, 0x000000070f600000, 0x000000070f800000|  0%| F|  |TAMS 0x000000070f600000, 0x000000070f600000| Untracked 
|  28|0x000000070f800000, 0x000000070f800000, 0x000000070fa00000|  0%| F|  |TAMS 0x000000070f800000, 0x000000070f800000| Untracked 
|  29|0x000000070fa00000, 0x000000070fa00000, 0x000000070fc00000|  0%| F|  |TAMS 0x000000070fa00000, 0x000000070fa00000| Untracked 
|  30|0x000000070fc00000, 0x000000070fc00000, 0x000000070fe00000|  0%| F|  |TAMS 0x000000070fc00000, 0x000000070fc00000| Untracked 
|  31|0x000000070fe00000, 0x000000070fe00000, 0x0000000710000000|  0%| F|  |TAMS 0x000000070fe00000, 0x000000070fe00000| Untracked 
|  32|0x0000000710000000, 0x0000000710000000, 0x0000000710200000|  0%| F|  |TAMS 0x0000000710000000, 0x0000000710000000| Untracked 
|  33|0x0000000710200000, 0x0000000710200000, 0x0000000710400000|  0%| F|  |TAMS 0x0000000710200000, 0x0000000710200000| Untracked 
|  34|0x0000000710400000, 0x0000000710400000, 0x0000000710600000|  0%| F|  |TAMS 0x0000000710400000, 0x0000000710400000| Untracked 
|  35|0x0000000710600000, 0x0000000710600000, 0x0000000710800000|  0%| F|  |TAMS 0x0000000710600000, 0x0000000710600000| Untracked 
|  47|0x0000000711e00000, 0x0000000711e00000, 0x0000000712000000|  0%| F|  |TAMS 0x0000000711e00000, 0x0000000711e00000| Untracked 
|  48|0x0000000712000000, 0x0000000712000000, 0x0000000712200000|  0%| F|  |TAMS 0x0000000712000000, 0x0000000712000000| Untracked 
|  49|0x0000000712200000, 0x000000071238c520, 0x0000000712400000| 77%| E|  |TAMS 0x0000000712200000, 0x0000000712200000| Complete 
| 121|0x000000071b200000, 0x000000071b400000, 0x000000071b400000|100%| E|CS|TAMS 0x000000071b200000, 0x000000071b200000| Complete 

Card table byte_map: [0x000002f47b930000,0x000002f47c0d0000] _byte_map_base: 0x000002f4780d0000

Marking Bits (Prev, Next): (CMBitMap*) 0x000002f4730ed060, (CMBitMap*) 0x000002f4730ed020
 Prev Bits: [0x000002f412d00000, 0x000002f416a00000)
 Next Bits: [0x000002f40f000000, 0x000002f412d00000)

Polling page: 0x000002f471030000

Metaspace:

Usage:
  Non-class:     59.80 MB used.
      Class:      9.20 MB used.
       Both:     69.00 MB used.

Virtual space:
  Non-class space:       64.00 MB reserved,      60.06 MB ( 94%) committed,  1 nodes.
      Class space:        1.00 GB reserved,       9.44 MB ( <1%) committed,  1 nodes.
             Both:        1.06 GB reserved,      69.50 MB (  6%) committed. 

Chunk freelists:
   Non-Class:  3.94 MB
       Class:  6.44 MB
        Both:  10.38 MB

MaxMetaspaceSize: unlimited
CompressedClassSpaceSize: 1.00 GB
Initial GC threshold: 21.00 MB
Current GC threshold: 99.19 MB
CDS: on
MetaspaceReclaimPolicy: balanced
 - commit_granule_bytes: 65536.
 - commit_granule_words: 8192.
 - virtual_space_node_default_size: 8388608.
 - enlarge_chunks_in_place: 1.
 - new_chunks_are_fully_committed: 0.
 - uncommit_free_chunks: 1.
 - use_allocation_guard: 0.
 - handle_deallocations: 1.


Internal statistics:

num_allocs_failed_limit: 9.
num_arena_births: 874.
num_arena_deaths: 0.
num_vsnodes_births: 2.
num_vsnodes_deaths: 0.
num_space_committed: 1112.
num_space_uncommitted: 0.
num_chunks_returned_to_freelist: 9.
num_chunks_taken_from_freelist: 3330.
num_chunk_merges: 9.
num_chunk_splits: 2383.
num_chunks_enlarged: 1842.
num_inconsistent_stats: 0.

CodeHeap 'non-profiled nmethods': size=119168Kb used=5480Kb max_used=5480Kb free=113687Kb
 bounds [0x000002f407ba0000, 0x000002f408100000, 0x000002f40f000000]
CodeHeap 'profiled nmethods': size=119104Kb used=14664Kb max_used=14664Kb free=104440Kb
 bounds [0x000002f400000000, 0x000002f400e60000, 0x000002f407450000]
CodeHeap 'non-nmethods': size=7488Kb used=3146Kb max_used=3263Kb free=4341Kb
 bounds [0x000002f407450000, 0x000002f4077a0000, 0x000002f407ba0000]
 total_blobs=7617 nmethods=6895 adapters=630
 compilation: enabled
              stopped_count=0, restarted_count=0
 full_count=0

Compilation events (20 events):
Event: 7.279 Thread 0x000002f416c3c520 nmethod 7675 0x000002f400e47b10 code [0x000002f400e47ce0, 0x000002f400e48088]
Event: 7.279 Thread 0x000002f416c3c520 7673       1       ch.qos.logback.classic.spi.LoggingEvent::getLevel (5 bytes)
Event: 7.279 Thread 0x000002f416c3c520 nmethod 7673 0x000002f4080fa090 code [0x000002f4080fa220, 0x000002f4080fa2f8]
Event: 7.279 Thread 0x000002f416b2c730 nmethod 7679 0x000002f400e48190 code [0x000002f400e483a0, 0x000002f400e48ae8]
Event: 7.279 Thread 0x000002f416c3ce50 nmethod 7678 0x000002f400e48d10 code [0x000002f400e48fa0, 0x000002f400e49f58]
Event: 7.281 Thread 0x000002f416c5d940 nmethod 7669 0x000002f400e4a410 code [0x000002f400e4a920, 0x000002f400e4cb68]
Event: 7.283 Thread 0x000002f416c5d940 7680       3       java.util.logging.LogManager::checkPermission (16 bytes)
Event: 7.283 Thread 0x000002f416c3c520 7681   !   3       java.util.logging.LogManager$LoggerContext::findLogger (113 bytes)
Event: 7.283 Thread 0x000002f416b2c730 7682       3       java.util.logging.Logger::updateEffectiveLevel (126 bytes)
Event: 7.283 Thread 0x000002f416c5d940 nmethod 7680 0x000002f400e4da90 code [0x000002f400e4dc60, 0x000002f400e4dfc8]
Event: 7.284 Thread 0x000002f416b2c730 nmethod 7682 0x000002f400e4e110 code [0x000002f400e4e340, 0x000002f400e4eee8]
Event: 7.284 Thread 0x000002f416c3c520 nmethod 7681 0x000002f400e4f310 code [0x000002f400e4f5c0, 0x000002f400e505e8]
Event: 7.284 Thread 0x000002f416b2c730 7683       3       ch.qos.logback.classic.Logger::recursiveReset (58 bytes)
Event: 7.284 Thread 0x000002f416c5d940 7684       3       ch.qos.logback.classic.Logger::detachAndStopAllAppenders (15 bytes)
Event: 7.284 Thread 0x000002f416c3ce50 7685       3       ch.qos.logback.classic.Logger::localLevelReset (30 bytes)
Event: 7.284 Thread 0x000002f416c3c520 7686       3       ch.qos.logback.classic.Logger::isRootLogger (13 bytes)
Event: 7.284 Thread 0x000002f416c3c520 nmethod 7686 0x000002f400e50b90 code [0x000002f400e50d20, 0x000002f400e50e98]
Event: 7.284 Thread 0x000002f416c5d940 nmethod 7684 0x000002f400e50f10 code [0x000002f400e510c0, 0x000002f400e51268]
Event: 7.284 Thread 0x000002f416c3ce50 nmethod 7685 0x000002f400e51310 code [0x000002f400e514c0, 0x000002f400e517b8]
Event: 7.284 Thread 0x000002f416b2c730 nmethod 7683 0x000002f400e51890 code [0x000002f400e51ac0, 0x000002f400e52388]

GC Heap History (20 events):
Event: 1.778 GC heap before
{Heap before GC invocations=4 (full 0):
 garbage-first heap   total 55296K, used 39509K [0x000000070c000000, 0x0000000800000000)
  region size 2048K, 17 young (34816K), 3 survivors (6144K)
 Metaspace       used 24490K, committed 24832K, reserved 1114112K
  class space    used 3084K, committed 3264K, reserved 1048576K
}
Event: 1.785 GC heap after
{Heap after GC invocations=5 (full 0):
 garbage-first heap   total 55296K, used 15773K [0x000000070c000000, 0x0000000800000000)
  region size 2048K, 2 young (4096K), 2 survivors (4096K)
 Metaspace       used 24490K, committed 24832K, reserved 1114112K
  class space    used 3084K, committed 3264K, reserved 1048576K
}
Event: 1.821 GC heap before
{Heap before GC invocations=5 (full 0):
 garbage-first heap   total 55296K, used 17821K [0x000000070c000000, 0x0000000800000000)
  region size 2048K, 3 young (6144K), 2 survivors (4096K)
 Metaspace       used 24721K, committed 25088K, reserved 1114112K
  class space    used 3111K, committed 3264K, reserved 1048576K
}
Event: 1.826 GC heap after
{Heap after GC invocations=6 (full 0):
 garbage-first heap   total 55296K, used 16220K [0x000000070c000000, 0x0000000800000000)
  region size 2048K, 1 young (2048K), 1 survivors (2048K)
 Metaspace       used 24721K, committed 25088K, reserved 1114112K
  class space    used 3111K, committed 3264K, reserved 1048576K
}
Event: 2.203 GC heap before
{Heap before GC invocations=6 (full 0):
 garbage-first heap   total 55296K, used 34652K [0x000000070c000000, 0x0000000800000000)
  region size 2048K, 10 young (20480K), 1 survivors (2048K)
 Metaspace       used 27139K, committed 27456K, reserved 1114112K
  class space    used 3438K, committed 3584K, reserved 1048576K
}
Event: 2.209 GC heap after
{Heap after GC invocations=7 (full 0):
 garbage-first heap   total 153600K, used 16915K [0x000000070c000000, 0x0000000800000000)
  region size 2048K, 1 young (2048K), 1 survivors (2048K)
 Metaspace       used 27139K, committed 27456K, reserved 1114112K
  class space    used 3438K, committed 3584K, reserved 1048576K
}
Event: 3.174 GC heap before
{Heap before GC invocations=7 (full 0):
 garbage-first heap   total 153600K, used 66067K [0x000000070c000000, 0x0000000800000000)
  region size 2048K, 26 young (53248K), 1 survivors (2048K)
 Metaspace       used 35805K, committed 36160K, reserved 1114112K
  class space    used 4555K, committed 4736K, reserved 1048576K
}
Event: 3.179 GC heap after
{Heap after GC invocations=8 (full 0):
 garbage-first heap   total 153600K, used 21154K [0x000000070c000000, 0x0000000800000000)
  region size 2048K, 3 young (6144K), 3 survivors (6144K)
 Metaspace       used 35805K, committed 36160K, reserved 1114112K
  class space    used 4555K, committed 4736K, reserved 1048576K
}
Event: 4.079 GC heap before
{Heap before GC invocations=9 (full 0):
 garbage-first heap   total 81920K, used 64162K [0x000000070c000000, 0x0000000800000000)
  region size 2048K, 24 young (49152K), 3 survivors (6144K)
 Metaspace       used 47399K, committed 47808K, reserved 1114112K
  class space    used 6127K, committed 6336K, reserved 1048576K
}
Event: 4.082 GC heap after
{Heap after GC invocations=10 (full 0):
 garbage-first heap   total 81920K, used 23639K [0x000000070c000000, 0x0000000800000000)
  region size 2048K, 2 young (4096K), 2 survivors (4096K)
 Metaspace       used 47399K, committed 47808K, reserved 1114112K
  class space    used 6127K, committed 6336K, reserved 1048576K
}
Event: 4.223 GC heap before
{Heap before GC invocations=10 (full 0):
 garbage-first heap   total 81920K, used 25687K [0x000000070c000000, 0x0000000800000000)
  region size 2048K, 3 young (6144K), 2 survivors (4096K)
 Metaspace       used 47899K, committed 48384K, reserved 1114112K
  class space    used 6182K, committed 6400K, reserved 1048576K
}
Event: 4.225 GC heap after
{Heap after GC invocations=11 (full 0):
 garbage-first heap   total 81920K, used 23237K [0x000000070c000000, 0x0000000800000000)
  region size 2048K, 1 young (2048K), 1 survivors (2048K)
 Metaspace       used 47899K, committed 48384K, reserved 1114112K
  class space    used 6182K, committed 6400K, reserved 1048576K
}
Event: 4.908 GC heap before
{Heap before GC invocations=11 (full 0):
 garbage-first heap   total 81920K, used 56005K [0x000000070c000000, 0x0000000800000000)
  region size 2048K, 18 young (36864K), 1 survivors (2048K)
 Metaspace       used 54286K, committed 54784K, reserved 1114112K
  class space    used 7003K, committed 7232K, reserved 1048576K
}
Event: 4.911 GC heap after
{Heap after GC invocations=12 (full 0):
 garbage-first heap   total 81920K, used 24940K [0x000000070c000000, 0x0000000800000000)
  region size 2048K, 2 young (4096K), 2 survivors (4096K)
 Metaspace       used 54286K, committed 54784K, reserved 1114112K
  class space    used 7003K, committed 7232K, reserved 1048576K
}
Event: 5.444 GC heap before
{Heap before GC invocations=12 (full 0):
 garbage-first heap   total 81920K, used 53612K [0x000000070c000000, 0x0000000800000000)
  region size 2048K, 18 young (36864K), 2 survivors (4096K)
 Metaspace       used 60323K, committed 60800K, reserved 1114112K
  class space    used 7968K, committed 8192K, reserved 1048576K
}
Event: 5.448 GC heap after
{Heap after GC invocations=13 (full 0):
 garbage-first heap   total 81920K, used 25656K [0x000000070c000000, 0x0000000800000000)
  region size 2048K, 2 young (4096K), 2 survivors (4096K)
 Metaspace       used 60323K, committed 60800K, reserved 1114112K
  class space    used 7968K, committed 8192K, reserved 1048576K
}
Event: 6.480 GC heap before
{Heap before GC invocations=14 (full 0):
 garbage-first heap   total 81920K, used 58424K [0x000000070c000000, 0x0000000800000000)
  region size 2048K, 19 young (38912K), 2 survivors (4096K)
 Metaspace       used 65858K, committed 66432K, reserved 1114112K
  class space    used 8732K, committed 9024K, reserved 1048576K
}
Event: 6.484 GC heap after
{Heap after GC invocations=15 (full 0):
 garbage-first heap   total 81920K, used 28059K [0x000000070c000000, 0x0000000800000000)
  region size 2048K, 3 young (6144K), 3 survivors (6144K)
 Metaspace       used 65858K, committed 66432K, reserved 1114112K
  class space    used 8732K, committed 9024K, reserved 1048576K
}
Event: 7.199 GC heap before
{Heap before GC invocations=15 (full 0):
 garbage-first heap   total 81920K, used 62875K [0x000000070c000000, 0x0000000800000000)
  region size 2048K, 20 young (40960K), 3 survivors (6144K)
 Metaspace       used 70198K, committed 70784K, reserved 1114112K
  class space    used 9349K, committed 9664K, reserved 1048576K
}
Event: 7.203 GC heap after
{Heap after GC invocations=16 (full 0):
 garbage-first heap   total 81920K, used 31028K [0x000000070c000000, 0x0000000800000000)
  region size 2048K, 3 young (6144K), 3 survivors (6144K)
 Metaspace       used 70198K, committed 70784K, reserved 1114112K
  class space    used 9349K, committed 9664K, reserved 1048576K
}

Deoptimization events (20 events):
Event: 7.177 Thread 0x000002f47307aea0 DEOPT PACKING pc=0x000002f4009678d4 sp=0x000000f89eefe790
Event: 7.177 Thread 0x000002f47307aea0 DEOPT UNPACKING pc=0x000002f4074a2b43 sp=0x000000f89eefdc60 mode 1
Event: 7.177 Thread 0x000002f47307aea0 DEOPT PACKING pc=0x000002f4004ec4ec sp=0x000000f89eefe680
Event: 7.177 Thread 0x000002f47307aea0 DEOPT UNPACKING pc=0x000002f4074a2b43 sp=0x000000f89eefdbd0 mode 1
Event: 7.177 Thread 0x000002f47307aea0 DEOPT PACKING pc=0x000002f4009678d4 sp=0x000000f89eefe790
Event: 7.177 Thread 0x000002f47307aea0 DEOPT UNPACKING pc=0x000002f4074a2b43 sp=0x000000f89eefdc60 mode 1
Event: 7.177 Thread 0x000002f47307aea0 DEOPT PACKING pc=0x000002f4004ec4ec sp=0x000000f89eefe680
Event: 7.177 Thread 0x000002f47307aea0 DEOPT UNPACKING pc=0x000002f4074a2b43 sp=0x000000f89eefdbd0 mode 1
Event: 7.177 Thread 0x000002f47307aea0 DEOPT PACKING pc=0x000002f4009678d4 sp=0x000000f89eefe790
Event: 7.177 Thread 0x000002f47307aea0 DEOPT UNPACKING pc=0x000002f4074a2b43 sp=0x000000f89eefdc60 mode 1
Event: 7.232 Thread 0x000002f47307aea0 Uncommon trap: trap_request=0xffffff45 fr.pc=0x000002f408018d70 relative=0x0000000000000070
Event: 7.232 Thread 0x000002f47307aea0 Uncommon trap: reason=unstable_if action=reinterpret pc=0x000002f408018d70 method=java.util.logging.Logger.isLoggable(Ljava/util/logging/Level;)Z @ 13 c2
Event: 7.232 Thread 0x000002f47307aea0 DEOPT PACKING pc=0x000002f408018d70 sp=0x000000f89eefea00
Event: 7.232 Thread 0x000002f47307aea0 DEOPT UNPACKING pc=0x000002f4074a23a3 sp=0x000000f89eefe9a0 mode 2
Event: 7.273 Thread 0x000002f47307aea0 DEOPT PACKING pc=0x000002f4002d3e94 sp=0x000000f89eefde30
Event: 7.273 Thread 0x000002f47307aea0 DEOPT UNPACKING pc=0x000002f4074a2b43 sp=0x000000f89eefd2d0 mode 1
Event: 7.275 Thread 0x000002f47307aea0 Uncommon trap: trap_request=0xfffffff4 fr.pc=0x000002f4080f7e6c relative=0x000000000000006c
Event: 7.275 Thread 0x000002f47307aea0 Uncommon trap: reason=null_check action=make_not_entrant pc=0x000002f4080f7e6c method=java.lang.Class.isAnnotation()Z @ 1 c2
Event: 7.275 Thread 0x000002f47307aea0 DEOPT PACKING pc=0x000002f4080f7e6c sp=0x000000f89eefd130
Event: 7.275 Thread 0x000002f47307aea0 DEOPT UNPACKING pc=0x000002f4074a23a3 sp=0x000000f89eefd0d0 mode 2

Classes unloaded (0 events):
No events

Classes redefined (0 events):
No events

Internal exceptions (20 events):
Event: 5.707 Thread 0x000002f47307aea0 Exception <a 'java/lang/NoSuchMethodError'{0x0000000710420b58}: 'java.lang.Object java.lang.invoke.DirectMethodHandle$Holder.invokeSpecial(java.lang.Object, java.lang.Object, java.lang.Object, java.lang.Object, java.lang.Object, java.lang.Object, java.lang.Object, java.lang.Object, int)'> (0x0000000710420b58) 
thrown [s\open\src\hotspot\share\interpreter\linkResolver.cpp, line 759]
Event: 5.707 Thread 0x000002f47307aea0 Exception <a 'java/lang/NoSuchMethodError'{0x0000000710425620}: 'java.lang.Object java.lang.invoke.Invokers$Holder.linkToTargetMethod(java.lang.Object, java.lang.Object, java.lang.Object, java.lang.Object, java.lang.Object, java.lang.Object, int, java.lang.Object)'> (0x0000000710425620) 
thrown [s\open\src\hotspot\share\interpreter\linkResolver.cpp, line 759]
Event: 5.732 Thread 0x000002f47307aea0 Exception <a 'java/lang/NoSuchMethodError'{0x0000000710535600}: 'void java.lang.invoke.DirectMethodHandle$Holder.invokeInterface(java.lang.Object, java.lang.Object)'> (0x0000000710535600) 
thrown [s\open\src\hotspot\share\interpreter\linkResolver.cpp, line 759]
Event: 6.262 Thread 0x000002f47307aea0 Exception <a 'java/lang/NoSuchMethodError'{0x000000070faa99a0}: 'int java.lang.invoke.DirectMethodHandle$Holder.invokeStaticInit(java.lang.Object, int, java.lang.Object, java.lang.Object, java.lang.Object, java.lang.Object)'> (0x000000070faa99a0) 
thrown [s\open\src\hotspot\share\interpreter\linkResolver.cpp, line 759]
Event: 6.323 Thread 0x000002f47307aea0 Exception <a 'java/io/FileNotFoundException'{0x000000070f7b2d80}> (0x000000070f7b2d80) 
thrown [s\open\src\hotspot\share\prims\jni.cpp, line 516]
Event: 6.323 Thread 0x000002f47307aea0 Exception <a 'java/io/FileNotFoundException'{0x000000070f7b3ae8}> (0x000000070f7b3ae8) 
thrown [s\open\src\hotspot\share\prims\jni.cpp, line 516]
Event: 6.409 Thread 0x000002f47307aea0 Exception <a 'sun/nio/fs/WindowsException'{0x000000070f0482f8}> (0x000000070f0482f8) 
thrown [s\open\src\hotspot\share\prims\jni.cpp, line 516]
Event: 6.414 Thread 0x000002f47307aea0 Exception <a 'sun/nio/fs/WindowsException'{0x000000070f09d7d8}> (0x000000070f09d7d8) 
thrown [s\open\src\hotspot\share\prims\jni.cpp, line 516]
Event: 6.831 Thread 0x000002f47307aea0 Exception <a 'java/lang/IncompatibleClassChangeError'{0x000000070ffb0140}: Found class java.lang.Object, but interface was expected> (0x000000070ffb0140) 
thrown [s\open\src\hotspot\share\interpreter\linkResolver.cpp, line 826]
Event: 6.900 Thread 0x000002f47307aea0 Exception <a 'java/lang/NoSuchMethodError'{0x000000070fa75938}: 'java.lang.Object java.lang.invoke.DirectMethodHandle$Holder.invokeInterface(java.lang.Object, java.lang.Object, java.lang.Object, java.lang.Object)'> (0x000000070fa75938) 
thrown [s\open\src\hotspot\share\interpreter\linkResolver.cpp, line 759]
Event: 6.955 Thread 0x000002f47307aea0 Exception <a 'java/lang/NoSuchMethodError'{0x000000070f8c0d60}: 'void java.lang.invoke.DirectMethodHandle$Holder.invokeVirtual(java.lang.Object, java.lang.Object, long)'> (0x000000070f8c0d60) 
thrown [s\open\src\hotspot\share\interpreter\linkResolver.cpp, line 759]
Event: 7.040 Thread 0x000002f47307aea0 Exception <a 'java/lang/NoSuchMethodError'{0x000000070f4e3c58}: 'java.lang.Object java.lang.invoke.Invokers$Holder.invoke_MT(java.lang.Object, java.lang.Object, java.lang.Object, java.lang.Object, java.lang.Object, java.lang.Object, java.lang.Object, java.lang.Object, java.lang.Object)'> (0x000000070f4e3c58) 
thrown [s\open\src\hotspot\share\interpreter\linkResolver.cpp, line 759]
Event: 7.086 Thread 0x000002f47307aea0 Exception <a 'java/lang/IncompatibleClassChangeError'{0x000000070f2d7758}: Found class java.lang.Object, but interface was expected> (0x000000070f2d7758) 
thrown [s\open\src\hotspot\share\interpreter\linkResolver.cpp, line 826]
Event: 7.105 Thread 0x000002f47307aea0 Implicit null exception at 0x000002f407d3b9da to 0x000002f407d3bc78
Event: 7.127 Thread 0x000002f47307aea0 Exception <a 'java/lang/NoSuchMethodError'{0x000000070f0c0d40}: 'java.lang.Object java.lang.invoke.DirectMethodHandle$Holder.invokeSpecial(java.lang.Object, java.lang.Object, java.lang.Object, java.lang.Object, java.lang.Object, java.lang.Object, java.lang.Object, java.lang.Object, java.lang.Object, java.lang.Object, java.lang.Object)'> (0x000000070f0c0d40) 
thrown [s\open\src\hotspot\share\interpreter\linkResolver.cpp, line 759]
Event: 7.128 Thread 0x000002f47307aea0 Exception <a 'java/lang/NoSuchMethodError'{0x000000070f0c5170}: 'java.lang.Object java.lang.invoke.Invokers$Holder.invoke_MT(java.lang.Object, java.lang.Object, java.lang.Object, java.lang.Object, java.lang.Object, java.lang.Object, java.lang.Object, java.lang.Object, java.lang.Object, java.lang.Object, java.lang.Object)'> (0x000000070f0c5170) 
thrown [s\open\src\hotspot\share\interpreter\linkResolver.cpp, line 759]
Event: 7.206 Thread 0x000002f47307aea0 Exception <a 'java/lang/NoSuchMethodError'{0x000000071b20a888}: 'java.lang.Object java.lang.invoke.DirectMethodHandle$Holder.newInvokeSpecial(java.lang.Object, java.lang.Object, int, java.lang.Object, java.lang.Object)'> (0x000000071b20a888) 
thrown [s\open\src\hotspot\share\interpreter\linkResolver.cpp, line 759]
Event: 7.212 Thread 0x000002f47307aea0 Exception <a 'java/net/BindException'{0x000000071b22a8d0}: Address already in use: bind> (0x000000071b22a8d0) 
thrown [s\open\src\hotspot\share\prims\jni.cpp, line 535]
Event: 7.238 Thread 0x000002f45d69e870 Exception <a 'java/lang/InterruptedException'{0x000000071b37d760}: sleep interrupted> (0x000000071b37d760) 
thrown [s\open\src\hotspot\share\prims\jvm.cpp, line 3064]
Event: 7.273 Thread 0x000002f47307aea0 Exception <a 'java/lang/NoClassDefFoundError'{0x0000000712262ce8}: liquibase/exception/ChangeLogParseException> (0x0000000712262ce8) 
thrown [s\open\src\hotspot\share\classfile\systemDictionary.cpp, line 245]

VM Operations (20 events):
Event: 6.480 Executing VM operation: G1CollectForAllocation
Event: 6.484 Executing VM operation: G1CollectForAllocation done
Event: 6.545 Executing VM operation: HandshakeAllThreads
Event: 6.545 Executing VM operation: HandshakeAllThreads done
Event: 6.652 Executing VM operation: HandshakeAllThreads
Event: 6.652 Executing VM operation: HandshakeAllThreads done
Event: 6.716 Executing VM operation: HandshakeAllThreads
Event: 6.716 Executing VM operation: HandshakeAllThreads done
Event: 6.740 Executing VM operation: HandshakeAllThreads
Event: 6.740 Executing VM operation: HandshakeAllThreads done
Event: 6.768 Executing VM operation: HandshakeAllThreads
Event: 6.768 Executing VM operation: HandshakeAllThreads done
Event: 6.768 Executing VM operation: HandshakeAllThreads
Event: 6.769 Executing VM operation: HandshakeAllThreads done
Event: 6.870 Executing VM operation: ICBufferFull
Event: 6.870 Executing VM operation: ICBufferFull done
Event: 6.979 Executing VM operation: HandshakeAllThreads
Event: 6.979 Executing VM operation: HandshakeAllThreads done
Event: 7.198 Executing VM operation: G1CollectForAllocation
Event: 7.203 Executing VM operation: G1CollectForAllocation done

Events (20 events):
Event: 7.236 loading class com/sun/beans/util/Cache$Kind$2
Event: 7.237 loading class com/sun/beans/util/Cache$Kind$2 done
Event: 7.237 loading class com/sun/beans/util/Cache$Kind$3
Event: 7.237 loading class com/sun/beans/util/Cache$Kind$3 done
Event: 7.237 loading class com/sun/beans/util/Cache$CacheEntry
Event: 7.237 loading class com/sun/beans/util/Cache$CacheEntry done
Event: 7.237 loading class java/util/WeakHashMap$KeyIterator
Event: 7.237 loading class java/util/WeakHashMap$HashIterator
Event: 7.237 loading class java/util/WeakHashMap$HashIterator done
Event: 7.237 loading class java/util/WeakHashMap$KeyIterator done
Event: 7.238 Thread 0x000002f45d69e870 Thread exited: 0x000002f45d69e870
Event: 7.240 Thread 0x000002f45d6a0be0 Thread exited: 0x000002f45d6a0be0
Event: 7.240 Thread 0x000002f45d6a06d0 Thread exited: 0x000002f45d6a06d0
Event: 7.282 Thread 0x000002f47307aea0 Thread exited: 0x000002f47307aea0
Event: 7.282 Thread 0x000002f45f17e0c0 Thread added: 0x000002f45f17e0c0
Event: 7.282 Thread 0x000002f45f17d6a0 Thread added: 0x000002f45f17d6a0
Event: 7.283 Thread 0x000002f45f17f500 Thread added: 0x000002f45f17f500
Event: 7.283 Thread 0x000002f45f17d6a0 Thread exited: 0x000002f45f17d6a0
Event: 7.284 Thread 0x000002f45f17f500 Thread exited: 0x000002f45f17f500
Event: 7.287 Thread 0x000002f45f17e0c0 Thread exited: 0x000002f45f17e0c0


Dynamic libraries:
0x00007ff79bed0000 - 0x00007ff79bee0000 	C:\Program Files\Java\jdk-17\bin\java.exe
0x00007ffa54df0000 - 0x00007ffa55007000 	C:\WINDOWS\SYSTEM32\ntdll.dll
0x00007ffa53560000 - 0x00007ffa53624000 	C:\WINDOWS\System32\KERNEL32.DLL
0x00007ffa52610000 - 0x00007ffa529e0000 	C:\WINDOWS\System32\KERNELBASE.dll
0x00007ffa52160000 - 0x00007ffa52271000 	C:\WINDOWS\System32\ucrtbase.dll
0x00007ffa4c490000 - 0x00007ffa4c4a9000 	C:\Program Files\Java\jdk-17\bin\jli.dll
0x00007ffa4c4b0000 - 0x00007ffa4c4cb000 	C:\Program Files\Java\jdk-17\bin\VCRUNTIME140.dll
0x00007ffa531a0000 - 0x00007ffa53251000 	C:\WINDOWS\System32\ADVAPI32.dll
0x00007ffa534b0000 - 0x00007ffa53557000 	C:\WINDOWS\System32\msvcrt.dll
0x00007ffa542d0000 - 0x00007ffa54377000 	C:\WINDOWS\System32\sechost.dll
0x00007ffa52470000 - 0x00007ffa52498000 	C:\WINDOWS\System32\bcrypt.dll
0x00007ffa53080000 - 0x00007ffa53194000 	C:\WINDOWS\System32\RPCRT4.dll
0x00007ffa52e70000 - 0x00007ffa5301e000 	C:\WINDOWS\System32\USER32.dll
0x00007ffa52320000 - 0x00007ffa52346000 	C:\WINDOWS\System32\win32u.dll
0x00007ffa440a0000 - 0x00007ffa44332000 	C:\WINDOWS\WinSxS\amd64_microsoft.windows.common-controls_6595b64144ccf1df_6.0.22621.4830_none_270fe7d773858e80\COMCTL32.dll
0x00007ffa52db0000 - 0x00007ffa52dd9000 	C:\WINDOWS\System32\GDI32.dll
0x00007ffa52350000 - 0x00007ffa5246b000 	C:\WINDOWS\System32\gdi32full.dll
0x00007ffa52280000 - 0x00007ffa5231a000 	C:\WINDOWS\System32\msvcp_win.dll
0x00007ffa4c0c0000 - 0x00007ffa4c0ca000 	C:\WINDOWS\SYSTEM32\VERSION.dll
0x00007ffa53040000 - 0x00007ffa53071000 	C:\WINDOWS\System32\IMM32.DLL
0x00007ffa4e5c0000 - 0x00007ffa4e5cc000 	C:\Program Files\Java\jdk-17\bin\vcruntime140_1.dll
0x00007ffa402a0000 - 0x00007ffa4032e000 	C:\Program Files\Java\jdk-17\bin\msvcp140.dll
0x00007ff9fed30000 - 0x00007ff9ff911000 	C:\Program Files\Java\jdk-17\bin\server\jvm.dll
0x00007ffa536b0000 - 0x00007ffa536b8000 	C:\WINDOWS\System32\PSAPI.DLL
0x00007ffa3ff40000 - 0x00007ffa3ff49000 	C:\WINDOWS\SYSTEM32\WSOCK32.dll
0x00007ffa49850000 - 0x00007ffa49884000 	C:\WINDOWS\SYSTEM32\WINMM.dll
0x00007ffa53630000 - 0x00007ffa536a1000 	C:\WINDOWS\System32\WS2_32.dll
0x00007ffa510e0000 - 0x00007ffa510f8000 	C:\WINDOWS\SYSTEM32\kernel.appcore.dll
0x00007ffa4c540000 - 0x00007ffa4c54a000 	C:\Program Files\Java\jdk-17\bin\jimage.dll
0x00007ffa4aef0000 - 0x00007ffa4b122000 	C:\WINDOWS\SYSTEM32\DBGHELP.DLL
0x00007ffa545a0000 - 0x00007ffa54930000 	C:\WINDOWS\System32\combase.dll
0x00007ffa54080000 - 0x00007ffa54157000 	C:\WINDOWS\System32\OLEAUT32.dll
0x00007ffa48c50000 - 0x00007ffa48c82000 	C:\WINDOWS\SYSTEM32\dbgcore.DLL
0x00007ffa529e0000 - 0x00007ffa52a5b000 	C:\WINDOWS\System32\bcryptPrimitives.dll
0x00007ffa44b90000 - 0x00007ffa44bcb000 	C:\Program Files\Java\jdk-17\bin\jdwp.dll
0x00007ffa4b570000 - 0x00007ffa4b595000 	C:\Program Files\Java\jdk-17\bin\java.dll
0x00007ffa3e890000 - 0x00007ffa3e967000 	C:\Program Files\Java\jdk-17\bin\jsvml.dll
0x00007ffa536d0000 - 0x00007ffa53f48000 	C:\WINDOWS\System32\SHELL32.dll
0x00007ffa4fff0000 - 0x00007ffa50900000 	C:\WINDOWS\SYSTEM32\windows.storage.dll
0x00007ffa4feb0000 - 0x00007ffa4ffef000 	C:\WINDOWS\SYSTEM32\wintypes.dll
0x00007ffa54490000 - 0x00007ffa5459a000 	C:\WINDOWS\System32\SHCORE.dll
0x00007ffa53f50000 - 0x00007ffa53fae000 	C:\WINDOWS\System32\shlwapi.dll
0x00007ffa51fd0000 - 0x00007ffa51ffb000 	C:\WINDOWS\SYSTEM32\profapi.dll
0x00007ffa4c4f0000 - 0x00007ffa4c4fc000 	C:\Program Files\Java\jdk-17\bin\dt_socket.dll
0x00007ffa50b50000 - 0x00007ffa50b7d000 	C:\WINDOWS\SYSTEM32\IPHLPAPI.DLL
0x00007ffa51560000 - 0x00007ffa515ca000 	C:\WINDOWS\system32\mswsock.dll
0x00007ffa50b80000 - 0x00007ffa50c82000 	C:\WINDOWS\SYSTEM32\DNSAPI.dll
0x00007ffa536c0000 - 0x00007ffa536c9000 	C:\WINDOWS\System32\NSI.dll
0x00007ffa4e550000 - 0x00007ffa4e55a000 	C:\Windows\System32\rasadhlp.dll
0x00007ffa4e3c0000 - 0x00007ffa4e443000 	C:\WINDOWS\System32\fwpuclnt.dll
0x00007ffa46f40000 - 0x00007ffa46f59000 	C:\Program Files\Java\jdk-17\bin\net.dll
0x00007ffa4f040000 - 0x00007ffa4f16c000 	C:\WINDOWS\SYSTEM32\WINHTTP.dll
0x00007ffa45e20000 - 0x00007ffa45e36000 	C:\Program Files\Java\jdk-17\bin\nio.dll
0x00007ffa44b70000 - 0x00007ffa44b88000 	C:\Program Files\Java\jdk-17\bin\zip.dll
0x00007ffa4c430000 - 0x00007ffa4c43a000 	C:\Program Files\Java\jdk-17\bin\management.dll
0x00007ffa46f10000 - 0x00007ffa46f1b000 	C:\Program Files\Java\jdk-17\bin\management_ext.dll
0x00007ffa2b810000 - 0x00007ffa2b827000 	C:\WINDOWS\system32\napinsp.dll
0x00007ffa2b7e0000 - 0x00007ffa2b7fb000 	C:\WINDOWS\system32\pnrpnsp.dll
0x00007ffa2b770000 - 0x00007ffa2b781000 	C:\WINDOWS\System32\winrnr.dll
0x00007ffa2b750000 - 0x00007ffa2b765000 	C:\WINDOWS\system32\wshbth.dll
0x00007ffa2b6f0000 - 0x00007ffa2b717000 	C:\WINDOWS\system32\nlansp_c.dll
0x00007ffa517c0000 - 0x00007ffa517db000 	C:\WINDOWS\SYSTEM32\CRYPTSP.dll
0x00007ffa51040000 - 0x00007ffa51075000 	C:\WINDOWS\system32\rsaenh.dll
0x00007ffa51650000 - 0x00007ffa51678000 	C:\WINDOWS\SYSTEM32\USERENV.dll
0x00007ffa517b0000 - 0x00007ffa517bc000 	C:\WINDOWS\SYSTEM32\CRYPTBASE.dll
0x00007ffa4e770000 - 0x00007ffa4e789000 	C:\WINDOWS\SYSTEM32\dhcpcsvc6.DLL
0x00007ffa4e710000 - 0x00007ffa4e72f000 	C:\WINDOWS\SYSTEM32\dhcpcsvc.DLL
0x00007ffa45df0000 - 0x00007ffa45dfe000 	C:\Program Files\Java\jdk-17\bin\sunmscapi.dll
0x00007ffa524a0000 - 0x00007ffa52606000 	C:\WINDOWS\System32\CRYPT32.dll
0x00007ffa519e0000 - 0x00007ffa51a0d000 	C:\WINDOWS\SYSTEM32\ncrypt.dll
0x00007ffa519a0000 - 0x00007ffa519d7000 	C:\WINDOWS\SYSTEM32\NTASN1.dll
0x00007ffa44ac0000 - 0x00007ffa44ad0000 	C:\Program Files\Java\jdk-17\bin\verify.dll

dbghelp: loaded successfully - version: 4.0.5 - missing functions: none
symbol engine: initialized successfully - sym options: 0x614 - pdb path: .;C:\Program Files\Java\jdk-17\bin;C:\WINDOWS\SYSTEM32;C:\WINDOWS\WinSxS\amd64_microsoft.windows.common-controls_6595b64144ccf1df_6.0.22621.4830_none_270fe7d773858e80;C:\Program Files\Java\jdk-17\bin\server

VM Arguments:
jvm_args: -agentlib:jdwp=transport=dt_socket,server=n,suspend=y,address=localhost:59704 -Dcom.sun.management.jmxremote -Dcom.sun.management.jmxremote.port=59701 -Dcom.sun.management.jmxremote.authenticate=false -Dcom.sun.management.jmxremote.ssl=false -Dspring.jmx.enabled=true -Djava.rmi.server.hostname=localhost -Dspring.application.admin.enabled=true -Dspring.boot.project.name=thuan -XX:+ShowCodeDetailsInExceptionMessages 
java_command: com.example.thuan.ThuanApplication
java_class_path (initial): E:\SWP391_GR5_SE1812\ReadHasha_BackEnd\thuan\bin\main;E:\SWP391_GR5_SE1812\ReadHasha_BackEnd\thuan\bin\test;E:\SWP391_GR5_SE1812\ReadHasha_BackEnd\thuan\bin\default;C:\Users\ASUS\.gradle\caches\modules-2\files-2.1\org.projectlombok\lombok\1.18.24\13a394eed5c4f9efb2a6d956e2086f1d81e857d9\lombok-1.18.24.jar;C:\Users\ASUS\.gradle\caches\modules-2\files-2.1\org.springframework.boot\spring-boot-starter-web\3.4.2\cf1c8efe77dccf221acf5f0ce9cc24c718c0ca44\spring-boot-starter-web-3.4.2.jar;C:\Users\ASUS\.gradle\caches\modules-2\files-2.1\org.springframework.boot\spring-boot-starter-security\3.4.2\b3102ed745b5e71f61bb5174c6a12275f0154dbb\spring-boot-starter-security-3.4.2.jar;C:\Users\ASUS\.gradle\caches\modules-2\files-2.1\org.springframework.boot\spring-boot-starter-oauth2-resource-server\3.4.2\8ecba5fcece1409be2109ced33a3a4047f0739f7\spring-boot-starter-oauth2-resource-server-3.4.2.jar;C:\Users\ASUS\.gradle\caches\modules-2\files-2.1\org.springframework.boot\spring-boot-starter-data-jpa\3.4.2\b65a304b493807dff48bf114135dc4aa5f267927\spring-boot-starter-data-jpa-3.4.2.jar;C:\Users\ASUS\.gradle\caches\modules-2\files-2.1\com.microsoft.sqlserver\mssql-jdbc\12.2.0.jre8\24230b89715e4a101e1f2263293a2343a710ecd1\mssql-jdbc-12.2.0.jre8.jar;C:\Users\ASUS\.gradle\caches\modules-2\files-2.1\org.springframework.security\spring-security-config\6.4.2\5ed985329eb14b1c61045160c8dcbbcab179ddd3\spring-security-config-6.4.2.jar;C:\Users\ASUS\.gradle\caches\modules-2\files-2.1\org.springframework.security\spring-security-oauth2-resource-server\6.4.2\7b1d8e78f8aef21c6fda8588c6acc3b85e25771f\spring-security-oauth2-resource-server-6.4.2.jar;C:\Users\ASUS\.gradle\caches\modules-2\files-2.1\org.springframework.security\spring-security-web\6.4.2\733a3bbbdca56225676fb7f4e3f317c2075fc383\spring-security-web-6.4.2.jar;C:\Users\ASUS\.gradle\caches\modules-2\files-2.1\org.springframework.security\spring-security-oauth2-jose\6.4.2\274482eaffe0f5e7d978be7cbf7dc1817037efa5\spri
Launcher Type: SUN_STANDARD

[Global flags]
     intx CICompilerCount                          = 12                                        {product} {ergonomic}
     uint ConcGCThreads                            = 3                                         {product} {ergonomic}
     uint G1ConcRefinementThreads                  = 13                                        {product} {ergonomic}
   size_t G1HeapRegionSize                         = 2097152                                   {product} {ergonomic}
    uintx GCDrainStackTargetSize                   = 64                                        {product} {ergonomic}
   size_t InitialHeapSize                          = 255852544                                 {product} {ergonomic}
     bool ManagementServer                         = true                                      {product} {command line}
   size_t MarkStackSize                            = 4194304                                   {product} {ergonomic}
   size_t MaxHeapSize                              = 4093640704                                {product} {ergonomic}
   size_t MaxNewSize                               = 2455764992                                {product} {ergonomic}
   size_t MinHeapDeltaBytes                        = 2097152                                   {product} {ergonomic}
   size_t MinHeapSize                              = 8388608                                   {product} {ergonomic}
    uintx NonNMethodCodeHeapSize                   = 7602480                                {pd product} {ergonomic}
    uintx NonProfiledCodeHeapSize                  = 122027880                              {pd product} {ergonomic}
    uintx ProfiledCodeHeapSize                     = 122027880                              {pd product} {ergonomic}
    uintx ReservedCodeCacheSize                    = 251658240                              {pd product} {ergonomic}
     bool SegmentedCodeCache                       = true                                      {product} {ergonomic}
     bool ShowCodeDetailsInExceptionMessages       = true                                   {manageable} {command line}
   size_t SoftMaxHeapSize                          = 4093640704                             {manageable} {ergonomic}
     bool UseCompressedClassPointers               = true                           {product lp64_product} {ergonomic}
     bool UseCompressedOops                        = true                           {product lp64_product} {ergonomic}
     bool UseG1GC                                  = true                                      {product} {ergonomic}
     bool UseLargePagesIndividualAllocation        = false                                  {pd product} {ergonomic}

Logging:
Log output configuration:
 #0: stdout all=warning uptime,level,tags
 #1: stderr all=off uptime,level,tags

Environment Variables:
PATH=C:\Program Files\Common Files\Oracle\Java\javapath;C:\Program Files (x86)\Common Files\Oracle\Java\java8path;C:\Program Files (x86)\Common Files\Oracle\Java\javapath;C:\ProgramData\Oracle\Java\javapath;C:\Windows\system32;C:\Windows;C:\Windows\System32\Wbem;C:\Windows\System32\WindowsPowerShell\v1.0\;C:\Windows\System32\OpenSSH\;C:\Program Files (x86)\NVIDIA Corporation\PhysX\Common;C:\WINDOWS\system32;C:\WINDOWS;C:\WINDOWS\System32\Wbem;C:\WINDOWS\System32\WindowsPowerShell\v1.0\;C:\WINDOWS\System32\OpenSSH\;C:\Program Files (x86)\Microsoft SQL Server\160\Tools\Binn\;C:\Program Files\Microsoft SQL Server\160\Tools\Binn\;C:\Program Files\Microsoft SQL Server\Client SDK\ODBC\170\Tools\Binn\;C:\Program Files\Microsoft SQL Server\160\DTS\Binn\;C:\Program Files (x86)\Microsoft SQL Server\160\DTS\Binn\;C:\Program Files\Azure Data Studio\bin;C:\Program Files\dotnet\;C:\Program Files\nodejs\;C:\Program Files\Git\cmd;C:\Program Files\NVIDIA Corporation\NVIDIA app\NvDLISR;C:\Program Files\Cloudflare\Cloudflare WARP\;C:\Program Files\MySQL\MySQL Shell 8.0\bin\;C:\Users\ASUS\AppData\Local\Microsoft\WindowsApps;C:\Program Files\Azure Data Studio\bin;C:\Users\ASUS\AppData\Local\Programs\Microsoft VS Code\bin;C:\Users\ASUS\AppData\Roaming\npm;C:\Program Files\Git\mingw64\bin\;
USERNAME=ASUS
LANG=en_US.UTF-8
OS=Windows_NT
PROCESSOR_IDENTIFIER=AMD64 Family 25 Model 68 Stepping 1, AuthenticAMD



---------------  S Y S T E M  ---------------

OS:
 Windows 11 , 64 bit Build 22621 (10.0.22621.4830)
OS uptime: 1 days 0:45 hours

CPU: total 16 (initial active 16) (16 cores per cpu, 2 threads per core) family 25 model 68 stepping 1 microcode 0x0, cx8, cmov, fxsr, ht, mmx, 3dnowpref, sse, sse2, sse3, ssse3, sse4a, sse4.1, sse4.2, popcnt, lzcnt, tsc, tscinvbit, avx, avx2, aes, clmul, bmi1, bmi2, adx, sha, fma, vzeroupper, clflush, clflushopt

Memory: 4k page, system-wide physical 15613M (2229M free)
TotalPageFile size 19709M (AvailPageFile size 7M)
current process WorkingSet (physical memory assigned to process): 452M, peak: 456M
current process commit charge ("private bytes"): 500M, peak: 508M

vm_info: Java HotSpot(TM) 64-Bit Server VM (17.0.9+11-LTS-201) for windows-amd64 JRE (17.0.9+11-LTS-201), built on Oct 10 2023 23:16:06 by "mach5one" with MS VC++ 17.1 (VS2022)

END.
