#
# There is insufficient memory for the Java Runtime Environment to continue.
# Native memory allocation (malloc) failed to allocate 2017296 bytes for Chunk::new
# Possible reasons:
#   The system is out of physical RAM or swap space
#   The process is running with CompressedOops enabled, and the Java Heap may be blocking the growth of the native heap
# Possible solutions:
#   Reduce memory load on the system
#   Increase physical memory or swap space
#   Check if swap backing store is full
#   Decrease Java heap size (-Xmx/-Xms)
#   Decrease number of Java threads
#   Decrease Java thread stack sizes (-Xss)
#   Set larger code cache with -XX:ReservedCodeCacheSize=
#   JVM is running with Zero Based Compressed Oops mode in which the Java heap is
#     placed in the first 32GB address space. The Java Heap base address is the
#     maximum limit for the native heap growth. Please use -XX:HeapBaseMinAddress
#     to set the Java Heap base and to place the Java Heap above 32GB virtual address.
# This output file may be truncated or incomplete.
#
#  Out of Memory Error (arena.cpp:189), pid=30324, tid=36152
#
# JRE version: Java(TM) SE Runtime Environment (17.0.9+11) (build 17.0.9+11-LTS-201)
# Java VM: Java HotSpot(TM) 64-Bit Server VM (17.0.9+11-LTS-201, mixed mode, sharing, tiered, compressed oops, compressed class ptrs, g1 gc, windows-amd64)
# No core dump will be written. Minidumps are not enabled by default on client versions of Windows
#

---------------  S U M M A R Y ------------

Command Line: -agentlib:jdwp=transport=dt_socket,server=n,suspend=y,address=localhost:53442 -Dcom.sun.management.jmxremote -Dcom.sun.management.jmxremote.port=53286 -Dcom.sun.management.jmxremote.authenticate=false -Dcom.sun.management.jmxremote.ssl=false -Dspring.jmx.enabled=true -Djava.rmi.server.hostname=localhost -Dspring.application.admin.enabled=true -Dspring.boot.project.name=thuan -XX:+ShowCodeDetailsInExceptionMessages com.example.thuan.ThuanApplication

Host: AMD Ryzen 7 6800H with Radeon Graphics         , 16 cores, 15G,  Windows 11 , 64 bit Build 22621 (10.0.22621.4830)
Time: Sun Mar  2 04:48:59 2025 SE Asia Standard Time elapsed time: 967.732035 seconds (0d 0h 16m 7s)

---------------  T H R E A D  ---------------

Current thread (0x000001edf8f77960):  JavaThread "C2 CompilerThread1" daemon [_thread_in_native, id=36152, stack(0x000000a1d1800000,0x000000a1d1900000)]


Current CompileTask:
C2: 967732 8081   !   4       org.antlr.v4.runtime.atn.ATNSimulator::getCachedContext (43 bytes)

Stack: [0x000000a1d1800000,0x000000a1d1900000]
Native frames: (J=compiled Java code, j=interpreted, Vv=VM code, C=native code)
V  [jvm.dll+0x678a4a]
V  [jvm.dll+0x7d9cfd]
V  [jvm.dll+0x7db60e]
V  [jvm.dll+0x7dbc73]
V  [jvm.dll+0x245e1f]
V  [jvm.dll+0xaaafb]
V  [jvm.dll+0xab09c]
V  [jvm.dll+0x36232f]
V  [jvm.dll+0x32ca01]
V  [jvm.dll+0x32be9a]
V  [jvm.dll+0x21812f]
V  [jvm.dll+0x217561]
V  [jvm.dll+0x1a3bc0]
V  [jvm.dll+0x2272de]
V  [jvm.dll+0x22548b]
V  [jvm.dll+0x78f58c]
V  [jvm.dll+0x78998a]
V  [jvm.dll+0x677875]
C  [ucrtbase.dll+0x29333]
C  [KERNEL32.DLL+0x1259d]
C  [ntdll.dll+0x5af38]


---------------  P R O C E S S  ---------------

Threads class SMR info:
_java_thread_list=0x000001edf2d6a860, length=38, elements={
0x000001ede6380230, 0x000001ede6380eb0, 0x000001ede67d83e0, 0x000001ede67d9db0,
0x000001ede67da770, 0x000001ede67db130, 0x000001ede67e0a50, 0x000001ede67eb430,
0x000001ede67fe510, 0x000001ede636cdc0, 0x000001ede69e2130, 0x000001ede6a62370,
0x000001ede6999960, 0x000001ede69a4020, 0x000001edeb446240, 0x000001edeb395c70,
0x000001edeb048110, 0x000001edec0160a0, 0x000001edec0174e0, 0x000001edec0179f0,
0x000001edec016fd0, 0x000001edec0165b0, 0x000001edf1f013a0, 0x000001edf1f00e90,
0x000001edf1f018b0, 0x000001edf1efff60, 0x000001edf1efd6e0, 0x000001edf1efccc0,
0x000001edf1efd1d0, 0x000001edf1f01dc0, 0x000001edf1efdbf0, 0x000001edf1f02cf0,
0x000001edf1eff030, 0x000001edf1f022d0, 0x000001edf1efeb20, 0x000001edf8f77410,
0x000001edf8f77960, 0x000001edf8f76ec0
}

Java Threads: ( => current thread )
  0x000001ede6380230 JavaThread "Reference Handler" daemon [_thread_blocked, id=35256, stack(0x000000a1d2100000,0x000000a1d2200000)]
  0x000001ede6380eb0 JavaThread "Finalizer" daemon [_thread_blocked, id=24816, stack(0x000000a1d2200000,0x000000a1d2300000)]
  0x000001ede67d83e0 JavaThread "Signal Dispatcher" daemon [_thread_blocked, id=34200, stack(0x000000a1d2300000,0x000000a1d2400000)]
  0x000001ede67d9db0 JavaThread "Attach Listener" daemon [_thread_blocked, id=25800, stack(0x000000a1d2400000,0x000000a1d2500000)]
  0x000001ede67da770 JavaThread "Service Thread" daemon [_thread_blocked, id=35332, stack(0x000000a1d2500000,0x000000a1d2600000)]
  0x000001ede67db130 JavaThread "Monitor Deflation Thread" daemon [_thread_blocked, id=22220, stack(0x000000a1d2600000,0x000000a1d2700000)]
  0x000001ede67e0a50 JavaThread "C2 CompilerThread0" daemon [_thread_in_native, id=33416, stack(0x000000a1d2700000,0x000000a1d2800000)]
  0x000001ede67eb430 JavaThread "C1 CompilerThread0" daemon [_thread_blocked, id=33684, stack(0x000000a1d2800000,0x000000a1d2900000)]
  0x000001ede67fe510 JavaThread "Sweeper thread" daemon [_thread_blocked, id=35356, stack(0x000000a1d2900000,0x000000a1d2a00000)]
  0x000001ede636cdc0 JavaThread "Common-Cleaner" daemon [_thread_blocked, id=37484, stack(0x000000a1d2a00000,0x000000a1d2b00000)]
  0x000001ede69e2130 JavaThread "JDWP Transport Listener: dt_socket" daemon [_thread_blocked, id=3440, stack(0x000000a1d2c00000,0x000000a1d2d00000)]
  0x000001ede6a62370 JavaThread "JDWP Event Helper Thread" daemon [_thread_blocked, id=24452, stack(0x000000a1d2d00000,0x000000a1d2e00000)]
  0x000001ede6999960 JavaThread "JDWP Command Reader" daemon [_thread_in_native, id=31388, stack(0x000000a1d2e00000,0x000000a1d2f00000)]
  0x000001ede69a4020 JavaThread "Notification Thread" daemon [_thread_blocked, id=26052, stack(0x000000a1d2f00000,0x000000a1d3000000)]
  0x000001edeb446240 JavaThread "RMI TCP Accept-0" daemon [_thread_in_native, id=22836, stack(0x000000a1d3200000,0x000000a1d3300000)]
  0x000001edeb395c70 JavaThread "RMI TCP Accept-53286" daemon [_thread_in_native, id=34500, stack(0x000000a1d3300000,0x000000a1d3400000)]
  0x000001edeb048110 JavaThread "RMI TCP Accept-0" daemon [_thread_in_native, id=11204, stack(0x000000a1d3400000,0x000000a1d3500000)]
  0x000001edec0160a0 JavaThread "Catalina-utility-1" [_thread_blocked, id=18476, stack(0x000000a1d3f00000,0x000000a1d4000000)]
  0x000001edec0174e0 JavaThread "Catalina-utility-2" [_thread_blocked, id=28208, stack(0x000000a1d4b00000,0x000000a1d4c00000)]
  0x000001edec0179f0 JavaThread "container-0" [_thread_blocked, id=28712, stack(0x000000a1d4c00000,0x000000a1d4d00000)]
  0x000001edec016fd0 JavaThread "mssql-jdbc-shared-timer-core-0" daemon [_thread_blocked, id=8788, stack(0x000000a1d4f00000,0x000000a1d5000000)]
  0x000001edec0165b0 JavaThread "HikariPool-1 housekeeper" daemon [_thread_blocked, id=30960, stack(0x000000a1d5000000,0x000000a1d5100000)]
  0x000001edf1f013a0 JavaThread "http-nio-8080-exec-1" daemon [_thread_blocked, id=20212, stack(0x000000a1d5200000,0x000000a1d5300000)]
  0x000001edf1f00e90 JavaThread "http-nio-8080-exec-2" daemon [_thread_blocked, id=32084, stack(0x000000a1d5300000,0x000000a1d5400000)]
  0x000001edf1f018b0 JavaThread "http-nio-8080-exec-3" daemon [_thread_blocked, id=36420, stack(0x000000a1d5400000,0x000000a1d5500000)]
  0x000001edf1efff60 JavaThread "http-nio-8080-exec-4" daemon [_thread_blocked, id=36356, stack(0x000000a1d5500000,0x000000a1d5600000)]
  0x000001edf1efd6e0 JavaThread "http-nio-8080-exec-5" daemon [_thread_blocked, id=5028, stack(0x000000a1d5600000,0x000000a1d5700000)]
  0x000001edf1efccc0 JavaThread "http-nio-8080-exec-6" daemon [_thread_blocked, id=6060, stack(0x000000a1d5700000,0x000000a1d5800000)]
  0x000001edf1efd1d0 JavaThread "http-nio-8080-exec-7" daemon [_thread_blocked, id=6472, stack(0x000000a1d5800000,0x000000a1d5900000)]
  0x000001edf1f01dc0 JavaThread "http-nio-8080-exec-8" daemon [_thread_blocked, id=2280, stack(0x000000a1d5900000,0x000000a1d5a00000)]
  0x000001edf1efdbf0 JavaThread "http-nio-8080-exec-9" daemon [_thread_blocked, id=8624, stack(0x000000a1d5a00000,0x000000a1d5b00000)]
  0x000001edf1f02cf0 JavaThread "http-nio-8080-exec-10" daemon [_thread_blocked, id=30120, stack(0x000000a1d5b00000,0x000000a1d5c00000)]
  0x000001edf1eff030 JavaThread "http-nio-8080-Poller" daemon [_thread_in_native, id=15236, stack(0x000000a1d5c00000,0x000000a1d5d00000)]
  0x000001edf1f022d0 JavaThread "http-nio-8080-Acceptor" daemon [_thread_in_native, id=36324, stack(0x000000a1d5d00000,0x000000a1d5e00000)]
  0x000001edf1efeb20 JavaThread "DestroyJavaVM" [_thread_blocked, id=20004, stack(0x000000a1d1a00000,0x000000a1d1b00000)]
  0x000001edf8f77410 JavaThread "C1 CompilerThread1" daemon [_thread_blocked, id=14928, stack(0x000000a1d1700000,0x000000a1d1800000)]
=>0x000001edf8f77960 JavaThread "C2 CompilerThread1" daemon [_thread_in_native, id=36152, stack(0x000000a1d1800000,0x000000a1d1900000)]
  0x000001edf8f76ec0 JavaThread "C2 CompilerThread2" daemon [_thread_blocked, id=14688, stack(0x000000a1d1900000,0x000000a1d1a00000)]

Other Threads:
  0x000001ede6379710 VMThread "VM Thread" [stack: 0x000000a1d2000000,0x000000a1d2100000] [id=34624]
  0x000001edeb315010 WatcherThread [stack: 0x000000a1d3500000,0x000000a1d3600000] [id=37740]
  0x000001edc357ca10 GCTaskThread "GC Thread#0" [stack: 0x000000a1d1b00000,0x000000a1d1c00000] [id=26448]
  0x000001edebb2a390 GCTaskThread "GC Thread#1" [stack: 0x000000a1d3600000,0x000000a1d3700000] [id=20104]
  0x000001edebb2b110 GCTaskThread "GC Thread#2" [stack: 0x000000a1d3700000,0x000000a1d3800000] [id=224]
  0x000001edeb955730 GCTaskThread "GC Thread#3" [stack: 0x000000a1d3800000,0x000000a1d3900000] [id=33264]
  0x000001edebb1e030 GCTaskThread "GC Thread#4" [stack: 0x000000a1d3900000,0x000000a1d3a00000] [id=11812]
  0x000001edebafdf90 GCTaskThread "GC Thread#5" [stack: 0x000000a1d3a00000,0x000000a1d3b00000] [id=37860]
  0x000001edebafe250 GCTaskThread "GC Thread#6" [stack: 0x000000a1d3b00000,0x000000a1d3c00000] [id=9888]
  0x000001edebc56e40 GCTaskThread "GC Thread#7" [stack: 0x000000a1d3c00000,0x000000a1d3d00000] [id=13520]
  0x000001edebc5b730 GCTaskThread "GC Thread#8" [stack: 0x000000a1d3d00000,0x000000a1d3e00000] [id=22340]
  0x000001edebc71310 GCTaskThread "GC Thread#9" [stack: 0x000000a1d4000000,0x000000a1d4100000] [id=36728]
  0x000001edebc70d90 GCTaskThread "GC Thread#10" [stack: 0x000000a1d4100000,0x000000a1d4200000] [id=33212]
  0x000001edebc715d0 GCTaskThread "GC Thread#11" [stack: 0x000000a1d4200000,0x000000a1d4300000] [id=9744]
  0x000001edebc71890 GCTaskThread "GC Thread#12" [stack: 0x000000a1d4300000,0x000000a1d4400000] [id=12892]
  0x000001edc358cd60 ConcurrentGCThread "G1 Main Marker" [stack: 0x000000a1d1c00000,0x000000a1d1d00000] [id=14592]
  0x000001edc358ef20 ConcurrentGCThread "G1 Conc#0" [stack: 0x000000a1d1d00000,0x000000a1d1e00000] [id=1900]
  0x000001edebc71b50 ConcurrentGCThread "G1 Conc#1" [stack: 0x000000a1d4700000,0x000000a1d4800000] [id=10072]
  0x000001edebc71e10 ConcurrentGCThread "G1 Conc#2" [stack: 0x000000a1d4800000,0x000000a1d4900000] [id=32876]
  0x000001edc35be3f0 ConcurrentGCThread "G1 Refine#0" [stack: 0x000000a1d1e00000,0x000000a1d1f00000] [id=28348]
  0x000001ede6232e00 ConcurrentGCThread "G1 Service" [stack: 0x000000a1d1f00000,0x000000a1d2000000] [id=35716]

Threads with active compile tasks:
C2 CompilerThread0   967751 8060       4       org.antlr.v4.runtime.atn.PredictionContext::getCachedContext (261 bytes)
C2 CompilerThread1   967751 8081   !   4       org.antlr.v4.runtime.atn.ATNSimulator::getCachedContext (43 bytes)

VM state: not at safepoint (normal execution)

VM Mutex/Monitor currently owned by a thread: None

Heap address: 0x000000070c000000, size: 3904 MB, Compressed Oops mode: Zero based, Oop shift amount: 3

CDS archive(s) mapped at: [0x000001ed80000000-0x000001ed80bd0000-0x000001ed80bd0000), size 12386304, SharedBaseAddress: 0x000001ed80000000, ArchiveRelocationMode: 1.
Compressed class space mapped at: 0x000001ed81000000-0x000001edc1000000, reserved size: 1073741824
Narrow klass base: 0x000001ed80000000, Narrow klass shift: 0, Narrow klass range: 0x100000000

GC Precious Log:
 CPUs: 16 total, 16 available
 Memory: 15613M
 Large Page Support: Disabled
 NUMA Support: Disabled
 Compressed Oops: Enabled (Zero based)
 Heap Region Size: 2M
 Heap Min Capacity: 8M
 Heap Initial Capacity: 244M
 Heap Max Capacity: 3904M
 Pre-touch: Disabled
 Parallel Workers: 13
 Concurrent Workers: 3
 Concurrent Refinement Workers: 13
 Periodic GC: Disabled

Heap:
 garbage-first heap   total 81920K, used 45785K [0x000000070c000000, 0x0000000800000000)
  region size 2048K, 8 young (16384K), 3 survivors (6144K)
 Metaspace       used 81563K, committed 82176K, reserved 1179648K
  class space    used 10970K, committed 11264K, reserved 1048576K

Heap Regions: E=young(eden), S=young(survivor), O=old, HS=humongous(starts), HC=humongous(continues), CS=collection set, F=free, OA=open archive, CA=closed archive, TAMS=top-at-mark-start (previous, next)
|   0|0x000000070c000000, 0x000000070c200000, 0x000000070c200000|100%| O|  |TAMS 0x000000070c200000, 0x000000070c000000| Untracked 
|   1|0x000000070c200000, 0x000000070c400000, 0x000000070c400000|100%| O|  |TAMS 0x000000070c400000, 0x000000070c200000| Untracked 
|   2|0x000000070c400000, 0x000000070c600000, 0x000000070c600000|100%| O|  |TAMS 0x000000070c600000, 0x000000070c400000| Untracked 
|   3|0x000000070c600000, 0x000000070c800000, 0x000000070c800000|100%| O|  |TAMS 0x000000070c800000, 0x000000070c600000| Untracked 
|   4|0x000000070c800000, 0x000000070ca00000, 0x000000070ca00000|100%| O|  |TAMS 0x000000070ca00000, 0x000000070c800000| Untracked 
|   5|0x000000070ca00000, 0x000000070cc00000, 0x000000070cc00000|100%| O|  |TAMS 0x000000070cc00000, 0x000000070ca00000| Untracked 
|   6|0x000000070cc00000, 0x000000070ce00000, 0x000000070ce00000|100%| O|  |TAMS 0x000000070ce00000, 0x000000070cc00000| Untracked 
|   7|0x000000070ce00000, 0x000000070d000000, 0x000000070d000000|100%| O|  |TAMS 0x000000070d000000, 0x000000070ce00000| Untracked 
|   8|0x000000070d000000, 0x000000070d200000, 0x000000070d200000|100%| O|  |TAMS 0x000000070d1de600, 0x000000070d000000| Untracked 
|   9|0x000000070d200000, 0x000000070d400000, 0x000000070d400000|100%| O|  |TAMS 0x000000070d200000, 0x000000070d200000| Untracked 
|  10|0x000000070d400000, 0x000000070d600000, 0x000000070d600000|100%| O|  |TAMS 0x000000070d600000, 0x000000070d400000| Untracked 
|  11|0x000000070d600000, 0x000000070d800000, 0x000000070d800000|100%| O|  |TAMS 0x000000070d800000, 0x000000070d600000| Untracked 
|  12|0x000000070d800000, 0x000000070da00000, 0x000000070da00000|100%| O|  |TAMS 0x000000070d800000, 0x000000070d800000| Untracked 
|  13|0x000000070da00000, 0x000000070dc00000, 0x000000070dc00000|100%| O|  |TAMS 0x000000070da00000, 0x000000070da00000| Untracked 
|  14|0x000000070dc00000, 0x000000070de00000, 0x000000070de00000|100%| O|  |TAMS 0x000000070dc00000, 0x000000070dc00000| Untracked 
|  15|0x000000070de00000, 0x000000070deb6400, 0x000000070e000000| 35%| O|  |TAMS 0x000000070de00000, 0x000000070de00000| Untracked 
|  16|0x000000070e000000, 0x000000070e000000, 0x000000070e200000|  0%| F|  |TAMS 0x000000070e000000, 0x000000070e000000| Untracked 
|  17|0x000000070e200000, 0x000000070e200000, 0x000000070e400000|  0%| F|  |TAMS 0x000000070e200000, 0x000000070e200000| Untracked 
|  18|0x000000070e400000, 0x000000070e400000, 0x000000070e600000|  0%| F|  |TAMS 0x000000070e400000, 0x000000070e400000| Untracked 
|  19|0x000000070e600000, 0x000000070e800000, 0x000000070e800000|100%| S|CS|TAMS 0x000000070e600000, 0x000000070e600000| Complete 
|  20|0x000000070e800000, 0x000000070ea00000, 0x000000070ea00000|100%| S|CS|TAMS 0x000000070e800000, 0x000000070e800000| Complete 
|  21|0x000000070ea00000, 0x000000070ea00000, 0x000000070ec00000|  0%| F|  |TAMS 0x000000070ea00000, 0x000000070ea00000| Untracked 
|  22|0x000000070ec00000, 0x000000070ee00000, 0x000000070ee00000|100%| S|CS|TAMS 0x000000070ec00000, 0x000000070ec00000| Complete 
|  23|0x000000070ee00000, 0x000000070ee00000, 0x000000070f000000|  0%| F|  |TAMS 0x000000070ee00000, 0x000000070ee00000| Untracked 
|  24|0x000000070f000000, 0x000000070f000000, 0x000000070f200000|  0%| F|  |TAMS 0x000000070f000000, 0x000000070f000000| Untracked 
|  25|0x000000070f200000, 0x000000070f200000, 0x000000070f400000|  0%| F|  |TAMS 0x000000070f200000, 0x000000070f200000| Untracked 
|  26|0x000000070f400000, 0x000000070f400000, 0x000000070f600000|  0%| F|  |TAMS 0x000000070f400000, 0x000000070f400000| Untracked 
|  27|0x000000070f600000, 0x000000070f600000, 0x000000070f800000|  0%| F|  |TAMS 0x000000070f600000, 0x000000070f600000| Untracked 
|  28|0x000000070f800000, 0x000000070f800000, 0x000000070fa00000|  0%| F|  |TAMS 0x000000070f800000, 0x000000070f800000| Untracked 
|  29|0x000000070fa00000, 0x000000070fa00000, 0x000000070fc00000|  0%| F|  |TAMS 0x000000070fa00000, 0x000000070fa00000| Untracked 
|  30|0x000000070fc00000, 0x000000070fc00000, 0x000000070fe00000|  0%| F|  |TAMS 0x000000070fc00000, 0x000000070fc00000| Untracked 
|  31|0x000000070fe00000, 0x000000070fe00000, 0x0000000710000000|  0%| F|  |TAMS 0x000000070fe00000, 0x000000070fe00000| Untracked 
|  32|0x0000000710000000, 0x0000000710000000, 0x0000000710200000|  0%| F|  |TAMS 0x0000000710000000, 0x0000000710000000| Untracked 
|  33|0x0000000710200000, 0x0000000710200000, 0x0000000710400000|  0%| F|  |TAMS 0x0000000710200000, 0x0000000710200000| Untracked 
|  34|0x0000000710400000, 0x0000000710400000, 0x0000000710600000|  0%| F|  |TAMS 0x0000000710400000, 0x0000000710400000| Untracked 
|  35|0x0000000710600000, 0x000000071065bdd8, 0x0000000710800000| 17%| E|  |TAMS 0x0000000710600000, 0x0000000710600000| Complete 
|  56|0x0000000713000000, 0x0000000713200000, 0x0000000713200000|100%| E|CS|TAMS 0x0000000713000000, 0x0000000713000000| Complete 
|  57|0x0000000713200000, 0x0000000713400000, 0x0000000713400000|100%| E|CS|TAMS 0x0000000713200000, 0x0000000713200000| Complete 
|  58|0x0000000713400000, 0x0000000713600000, 0x0000000713600000|100%| E|CS|TAMS 0x0000000713400000, 0x0000000713400000| Complete 
| 121|0x000000071b200000, 0x000000071b400000, 0x000000071b400000|100%| E|CS|TAMS 0x000000071b200000, 0x000000071b200000| Complete 

Card table byte_map: [0x000001eddadb0000,0x000001eddb550000] _byte_map_base: 0x000001edd7550000

Marking Bits (Prev, Next): (CMBitMap*) 0x000001edc357d070, (CMBitMap*) 0x000001edc357d030
 Prev Bits: [0x000001eddf9f0000, 0x000001ede36f0000)
 Next Bits: [0x000001eddbcf0000, 0x000001eddf9f0000)

Polling page: 0x000001edc1490000

Metaspace:

Usage:
  Non-class:     68.94 MB used.
      Class:     10.71 MB used.
       Both:     79.65 MB used.

Virtual space:
  Non-class space:      128.00 MB reserved,      69.25 MB ( 54%) committed,  2 nodes.
      Class space:        1.00 GB reserved,      11.00 MB (  1%) committed,  1 nodes.
             Both:        1.12 GB reserved,      80.25 MB (  7%) committed. 

Chunk freelists:
   Non-Class:  10.03 MB
       Class:  4.95 MB
        Both:  14.98 MB

MaxMetaspaceSize: unlimited
CompressedClassSpaceSize: 1.00 GB
Initial GC threshold: 21.00 MB
Current GC threshold: 99.31 MB
CDS: on
MetaspaceReclaimPolicy: balanced
 - commit_granule_bytes: 65536.
 - commit_granule_words: 8192.
 - virtual_space_node_default_size: 8388608.
 - enlarge_chunks_in_place: 1.
 - new_chunks_are_fully_committed: 0.
 - uncommit_free_chunks: 1.
 - use_allocation_guard: 0.
 - handle_deallocations: 1.


Internal statistics:

num_allocs_failed_limit: 9.
num_arena_births: 882.
num_arena_deaths: 0.
num_vsnodes_births: 3.
num_vsnodes_deaths: 0.
num_space_committed: 1284.
num_space_uncommitted: 0.
num_chunks_returned_to_freelist: 9.
num_chunks_taken_from_freelist: 3678.
num_chunk_merges: 9.
num_chunk_splits: 2714.
num_chunks_enlarged: 2163.
num_inconsistent_stats: 0.

CodeHeap 'non-profiled nmethods': size=119168Kb used=5697Kb max_used=6197Kb free=113470Kb
 bounds [0x000001edd2930000, 0x000001edd2f40000, 0x000001edd9d90000]
CodeHeap 'profiled nmethods': size=119104Kb used=13951Kb max_used=14092Kb free=105152Kb
 bounds [0x000001edcad90000, 0x000001edcbb60000, 0x000001edd21e0000]
CodeHeap 'non-nmethods': size=7488Kb used=2038Kb max_used=3252Kb free=5449Kb
 bounds [0x000001edd21e0000, 0x000001edd2520000, 0x000001edd2930000]
 total_blobs=7716 nmethods=6971 adapters=655
 compilation: enabled
              stopped_count=0, restarted_count=0
 full_count=0

Compilation events (20 events):
Event: 967.674 Thread 0x000001edf8f77410 nmethod 8160 0x000001edcaedee10 code [0x000001edcaedf080, 0x000001edcaedfaf8]
Event: 967.674 Thread 0x000001edf8f77410 8161       3       com.fasterxml.jackson.databind.util.internal.PrivateMaxEntriesMap$Node::getValue (11 bytes)
Event: 967.674 Thread 0x000001ede67eb430 8162       1       org.springframework.util.MimeType::getType (5 bytes)
Event: 967.674 Thread 0x000001edf8f77410 nmethod 8161 0x000001edcaede990 code [0x000001edcaedeb20, 0x000001edcaeded58]
Event: 967.674 Thread 0x000001ede67eb430 nmethod 8162 0x000001edd2c12890 code [0x000001edd2c12a20, 0x000001edd2c12af8]
Event: 967.674 Thread 0x000001ede67eb430 8163       3       org.apache.tomcat.util.buf.MessageBytes::toBytesSimple (105 bytes)
Event: 967.674 Thread 0x000001edf8f77410 8164       3       org.apache.coyote.http11.Http11OutputBuffer::write (93 bytes)
Event: 967.675 Thread 0x000001edf8f77410 nmethod 8164 0x000001edcaede010 code [0x000001edcaede200, 0x000001edcaede798]
Event: 967.675 Thread 0x000001ede67eb430 nmethod 8163 0x000001edcaedcd10 code [0x000001edcaedcf60, 0x000001edcaeddbc8]
Event: 967.682 Thread 0x000001edf8f76ec0 nmethod 8096 0x000001edd2c11590 code [0x000001edd2c11740, 0x000001edd2c11ef8]
Event: 967.682 Thread 0x000001edf8f76ec0 8158       4       java.util.concurrent.locks.ReentrantLock::lock (8 bytes)
Event: 967.684 Thread 0x000001edf8f76ec0 nmethod 8158 0x000001edd2c10f90 code [0x000001edd2c11120, 0x000001edd2c11448]
Event: 967.684 Thread 0x000001edf8f76ec0 8137       4       java.lang.reflect.Method::invoke (65 bytes)
Event: 967.692 Thread 0x000001edf8f76ec0 nmethod 8137 0x000001edd2c0fe90 code [0x000001edd2c10060, 0x000001edd2c109c0]
Event: 967.692 Thread 0x000001edf8f76ec0 8097       4       org.antlr.v4.runtime.atn.PredictionMode$AltAndContextConfigEqualityComparator::equals (13 bytes)
Event: 967.693 Thread 0x000001edf8f76ec0 nmethod 8097 0x000001edd2c0f990 code [0x000001edd2c0fb20, 0x000001edd2c0fcd8]
Event: 967.693 Thread 0x000001edf8f76ec0 8098       4       org.antlr.v4.runtime.atn.PredictionMode$AltAndContextConfigEqualityComparator::equals (54 bytes)
Event: 967.693 Thread 0x000001edf8f76ec0 nmethod 8098 0x000001edd2c0f510 code [0x000001edd2c0f6a0, 0x000001edd2c0f7f8]
Event: 967.693 Thread 0x000001edf8f76ec0 8157       4       mssql.googlecode.cityhash.CityHash::toLongLE (109 bytes)
Event: 967.694 Thread 0x000001edf8f76ec0 nmethod 8157 0x000001edd2c0f190 code [0x000001edd2c0f300, 0x000001edd2c0f438]

GC Heap History (20 events):
Event: 2.793 GC heap before
{Heap before GC invocations=8 (full 0):
 garbage-first heap   total 153600K, used 48538K [0x000000070c000000, 0x0000000800000000)
  region size 2048K, 18 young (36864K), 2 survivors (4096K)
 Metaspace       used 35800K, committed 36160K, reserved 1114112K
  class space    used 4555K, committed 4736K, reserved 1048576K
}
Event: 2.798 GC heap after
{Heap after GC invocations=9 (full 0):
 garbage-first heap   total 153600K, used 20495K [0x000000070c000000, 0x0000000800000000)
  region size 2048K, 3 young (6144K), 3 survivors (6144K)
 Metaspace       used 35800K, committed 36160K, reserved 1114112K
  class space    used 4555K, committed 4736K, reserved 1048576K
}
Event: 3.647 GC heap before
{Heap before GC invocations=10 (full 0):
 garbage-first heap   total 81920K, used 63503K [0x000000070c000000, 0x0000000800000000)
  region size 2048K, 24 young (49152K), 3 survivors (6144K)
 Metaspace       used 47794K, committed 48256K, reserved 1114112K
  class space    used 6167K, committed 6400K, reserved 1048576K
}
Event: 3.651 GC heap after
{Heap after GC invocations=11 (full 0):
 garbage-first heap   total 81920K, used 22995K [0x000000070c000000, 0x0000000800000000)
  region size 2048K, 3 young (6144K), 3 survivors (6144K)
 Metaspace       used 47794K, committed 48256K, reserved 1114112K
  class space    used 6167K, committed 6400K, reserved 1048576K
}
Event: 3.680 GC heap before
{Heap before GC invocations=11 (full 0):
 garbage-first heap   total 81920K, used 25043K [0x000000070c000000, 0x0000000800000000)
  region size 2048K, 4 young (8192K), 3 survivors (6144K)
 Metaspace       used 48137K, committed 48640K, reserved 1114112K
  class space    used 6229K, committed 6464K, reserved 1048576K
}
Event: 3.683 GC heap after
{Heap after GC invocations=12 (full 0):
 garbage-first heap   total 81920K, used 23342K [0x000000070c000000, 0x0000000800000000)
  region size 2048K, 1 young (2048K), 1 survivors (2048K)
 Metaspace       used 48137K, committed 48640K, reserved 1114112K
  class space    used 6229K, committed 6464K, reserved 1048576K
}
Event: 4.215 GC heap before
{Heap before GC invocations=12 (full 0):
 garbage-first heap   total 81920K, used 60206K [0x000000070c000000, 0x0000000800000000)
  region size 2048K, 19 young (38912K), 1 survivors (2048K)
 Metaspace       used 55994K, committed 56512K, reserved 1114112K
  class space    used 7326K, committed 7552K, reserved 1048576K
}
Event: 4.217 GC heap after
{Heap after GC invocations=13 (full 0):
 garbage-first heap   total 81920K, used 24587K [0x000000070c000000, 0x0000000800000000)
  region size 2048K, 2 young (4096K), 2 survivors (4096K)
 Metaspace       used 55994K, committed 56512K, reserved 1114112K
  class space    used 7326K, committed 7552K, reserved 1048576K
}
Event: 4.535 GC heap before
{Heap before GC invocations=13 (full 0):
 garbage-first heap   total 81920K, used 47115K [0x000000070c000000, 0x0000000800000000)
  region size 2048K, 14 young (28672K), 2 survivors (4096K)
 Metaspace       used 60312K, committed 60736K, reserved 1114112K
  class space    used 7983K, committed 8192K, reserved 1048576K
}
Event: 4.537 GC heap after
{Heap after GC invocations=14 (full 0):
 garbage-first heap   total 81920K, used 25071K [0x000000070c000000, 0x0000000800000000)
  region size 2048K, 2 young (4096K), 2 survivors (4096K)
 Metaspace       used 60312K, committed 60736K, reserved 1114112K
  class space    used 7983K, committed 8192K, reserved 1048576K
}
Event: 5.348 GC heap before
{Heap before GC invocations=15 (full 0):
 garbage-first heap   total 81920K, used 63983K [0x000000070c000000, 0x0000000800000000)
  region size 2048K, 21 young (43008K), 2 survivors (4096K)
 Metaspace       used 66518K, committed 67072K, reserved 1114112K
  class space    used 8848K, committed 9152K, reserved 1048576K
}
Event: 5.352 GC heap after
{Heap after GC invocations=16 (full 0):
 garbage-first heap   total 81920K, used 27711K [0x000000070c000000, 0x0000000800000000)
  region size 2048K, 3 young (6144K), 3 survivors (6144K)
 Metaspace       used 66518K, committed 67072K, reserved 1114112K
  class space    used 8848K, committed 9152K, reserved 1048576K
}
Event: 8.281 GC heap before
{Heap before GC invocations=16 (full 0):
 garbage-first heap   total 81920K, used 62527K [0x000000070c000000, 0x0000000800000000)
  region size 2048K, 21 young (43008K), 3 survivors (6144K)
 Metaspace       used 71809K, committed 72448K, reserved 1114112K
  class space    used 9570K, committed 9856K, reserved 1048576K
}
Event: 8.286 GC heap after
{Heap after GC invocations=17 (full 0):
 garbage-first heap   total 81920K, used 31006K [0x000000070c000000, 0x0000000800000000)
  region size 2048K, 3 young (6144K), 3 survivors (6144K)
 Metaspace       used 71809K, committed 72448K, reserved 1114112K
  class space    used 9570K, committed 9856K, reserved 1048576K
}
Event: 8.649 GC heap before
{Heap before GC invocations=17 (full 0):
 garbage-first heap   total 81920K, used 61726K [0x000000070c000000, 0x0000000800000000)
  region size 2048K, 19 young (38912K), 3 survivors (6144K)
 Metaspace       used 76990K, committed 77632K, reserved 1179648K
  class space    used 10370K, committed 10688K, reserved 1048576K
}
Event: 8.654 GC heap after
{Heap after GC invocations=18 (full 0):
 garbage-first heap   total 81920K, used 32748K [0x000000070c000000, 0x0000000800000000)
  region size 2048K, 2 young (4096K), 2 survivors (4096K)
 Metaspace       used 76990K, committed 77632K, reserved 1179648K
  class space    used 10370K, committed 10688K, reserved 1048576K
}
Event: 8.957 GC heap before
{Heap before GC invocations=18 (full 0):
 garbage-first heap   total 81920K, used 63468K [0x000000070c000000, 0x0000000800000000)
  region size 2048K, 17 young (34816K), 2 survivors (4096K)
 Metaspace       used 80665K, committed 81344K, reserved 1179648K
  class space    used 10868K, committed 11200K, reserved 1048576K
}
Event: 8.959 GC heap after
{Heap after GC invocations=19 (full 0):
 garbage-first heap   total 81920K, used 33052K [0x000000070c000000, 0x0000000800000000)
  region size 2048K, 2 young (4096K), 2 survivors (4096K)
 Metaspace       used 80665K, committed 81344K, reserved 1179648K
  class space    used 10868K, committed 11200K, reserved 1048576K
}
Event: 967.610 GC heap before
{Heap before GC invocations=19 (full 0):
 garbage-first heap   total 81920K, used 65820K [0x000000070c000000, 0x0000000800000000)
  region size 2048K, 18 young (36864K), 2 survivors (4096K)
 Metaspace       used 81499K, committed 82112K, reserved 1179648K
  class space    used 10966K, committed 11264K, reserved 1048576K
}
Event: 967.614 GC heap after
{Heap after GC invocations=20 (full 0):
 garbage-first heap   total 81920K, used 37593K [0x000000070c000000, 0x0000000800000000)
  region size 2048K, 3 young (6144K), 3 survivors (6144K)
 Metaspace       used 81499K, committed 82112K, reserved 1179648K
  class space    used 10966K, committed 11264K, reserved 1048576K
}

Deoptimization events (20 events):
Event: 967.575 Thread 0x000001edf1efccc0 Uncommon trap: trap_request=0xffffffde fr.pc=0x000001edd2b384f4 relative=0x0000000000003394
Event: 967.575 Thread 0x000001edf1efccc0 Uncommon trap: reason=class_check action=maybe_recompile pc=0x000001edd2b384f4 method=org.antlr.v4.runtime.atn.PredictionContext.mergeSingletons(Lorg/antlr/v4/runtime/atn/SingletonPredictionContext;Lorg/antlr/v4/runtime/atn/SingletonPredictionContext;ZLor
Event: 967.575 Thread 0x000001edf1efccc0 DEOPT PACKING pc=0x000001edd2b384f4 sp=0x000000a1d57f6300
Event: 967.575 Thread 0x000001edf1efccc0 DEOPT UNPACKING pc=0x000001edd22323a3 sp=0x000000a1d57f6320 mode 2
Event: 967.576 Thread 0x000001edf1efccc0 Uncommon trap: trap_request=0xffffffde fr.pc=0x000001edd2b384f4 relative=0x0000000000003394
Event: 967.576 Thread 0x000001edf1efccc0 Uncommon trap: reason=class_check action=maybe_recompile pc=0x000001edd2b384f4 method=org.antlr.v4.runtime.atn.PredictionContext.mergeSingletons(Lorg/antlr/v4/runtime/atn/SingletonPredictionContext;Lorg/antlr/v4/runtime/atn/SingletonPredictionContext;ZLor
Event: 967.576 Thread 0x000001edf1efccc0 DEOPT PACKING pc=0x000001edd2b384f4 sp=0x000000a1d57f7510
Event: 967.576 Thread 0x000001edf1efccc0 DEOPT UNPACKING pc=0x000001edd22323a3 sp=0x000000a1d57f7530 mode 2
Event: 967.626 Thread 0x000001edf1efccc0 Uncommon trap: trap_request=0xffffff45 fr.pc=0x000001edd2cb73e0 relative=0x00000000000004c0
Event: 967.626 Thread 0x000001edf1efccc0 Uncommon trap: reason=unstable_if action=reinterpret pc=0x000001edd2cb73e0 method=java.util.IdentityHashMap.put(Ljava/lang/Object;Ljava/lang/Object;)Ljava/lang/Object; @ 90 c2
Event: 967.626 Thread 0x000001edf1efccc0 DEOPT PACKING pc=0x000001edd2cb73e0 sp=0x000000a1d57f8140
Event: 967.626 Thread 0x000001edf1efccc0 DEOPT UNPACKING pc=0x000001edd22323a3 sp=0x000000a1d57f80f8 mode 2
Event: 967.628 Thread 0x000001edf1efccc0 Uncommon trap: trap_request=0xffffffc6 fr.pc=0x000001edd2db8838 relative=0x00000000000065b8
Event: 967.628 Thread 0x000001edf1efccc0 Uncommon trap: reason=bimorphic_or_optimized_type_check action=maybe_recompile pc=0x000001edd2db8838 method=org.antlr.v4.runtime.atn.PredictionContext.mergeArrays(Lorg/antlr/v4/runtime/atn/ArrayPredictionContext;Lorg/antlr/v4/runtime/atn/ArrayPredictionCo
Event: 967.628 Thread 0x000001edf1efccc0 DEOPT PACKING pc=0x000001edd2db8838 sp=0x000000a1d57f7080
Event: 967.628 Thread 0x000001edf1efccc0 DEOPT UNPACKING pc=0x000001edd22323a3 sp=0x000000a1d57f70a0 mode 2
Event: 967.628 Thread 0x000001edf1efccc0 Uncommon trap: trap_request=0xffffff45 fr.pc=0x000001edd2db5ab8 relative=0x0000000000003838
Event: 967.628 Thread 0x000001edf1efccc0 Uncommon trap: reason=unstable_if action=reinterpret pc=0x000001edd2db5ab8 method=java.util.HashMap.getNode(Ljava/lang/Object;)Ljava/util/HashMap$Node; @ 131 c2
Event: 967.628 Thread 0x000001edf1efccc0 DEOPT PACKING pc=0x000001edd2db5ab8 sp=0x000000a1d57f6e40
Event: 967.628 Thread 0x000001edf1efccc0 DEOPT UNPACKING pc=0x000001edd22323a3 sp=0x000000a1d57f6ce8 mode 2

Classes unloaded (0 events):
No events

Classes redefined (0 events):
No events

Internal exceptions (20 events):
Event: 5.596 Thread 0x000001edc350aeb0 Exception <a 'java/lang/IncompatibleClassChangeError'{0x00000007105920f0}: Found class java.lang.Object, but interface was expected> (0x00000007105920f0) 
thrown [s\open\src\hotspot\share\interpreter\linkResolver.cpp, line 826]
Event: 5.656 Thread 0x000001edc350aeb0 Exception <a 'java/lang/NoSuchMethodError'{0x0000000710055280}: 'java.lang.Object java.lang.invoke.DirectMethodHandle$Holder.invokeInterface(java.lang.Object, java.lang.Object, java.lang.Object, java.lang.Object)'> (0x0000000710055280) 
thrown [s\open\src\hotspot\share\interpreter\linkResolver.cpp, line 759]
Event: 5.706 Thread 0x000001edc350aeb0 Exception <a 'java/lang/NoSuchMethodError'{0x000000070fe9eef8}: 'void java.lang.invoke.DirectMethodHandle$Holder.invokeVirtual(java.lang.Object, java.lang.Object, long)'> (0x000000070fe9eef8) 
thrown [s\open\src\hotspot\share\interpreter\linkResolver.cpp, line 759]
Event: 5.761 Thread 0x000001edc350aeb0 Implicit null exception at 0x000001edd2b81fb7 to 0x000001edd2b8252c
Event: 5.785 Thread 0x000001edc350aeb0 Exception <a 'java/lang/NoSuchMethodError'{0x000000070fabcb78}: 'java.lang.Object java.lang.invoke.Invokers$Holder.invoke_MT(java.lang.Object, java.lang.Object, java.lang.Object, java.lang.Object, java.lang.Object, java.lang.Object, java.lang.Object, java.lang.Object, java.lang.Object)'> (0x000000070fabcb78) 
thrown [s\open\src\hotspot\share\interpreter\linkResolver.cpp, line 759]
Event: 5.828 Thread 0x000001edc350aeb0 Exception <a 'java/lang/IncompatibleClassChangeError'{0x000000070f8b02a0}: Found class java.lang.Object, but interface was expected> (0x000000070f8b02a0) 
thrown [s\open\src\hotspot\share\interpreter\linkResolver.cpp, line 826]
Event: 5.844 Thread 0x000001edc350aeb0 Implicit null exception at 0x000001edd2ae295a to 0x000001edd2ae2bf8
Event: 5.864 Thread 0x000001edc350aeb0 Exception <a 'java/lang/NoSuchMethodError'{0x000000070f699020}: 'java.lang.Object java.lang.invoke.DirectMethodHandle$Holder.invokeSpecial(java.lang.Object, java.lang.Object, java.lang.Object, java.lang.Object, java.lang.Object, java.lang.Object, java.lang.Object, java.lang.Object, java.lang.Object, java.lang.Object, java.lang.Object)'> (0x000000070f699020) 
thrown [s\open\src\hotspot\share\interpreter\linkResolver.cpp, line 759]
Event: 5.864 Thread 0x000001edc350aeb0 Exception <a 'java/lang/NoSuchMethodError'{0x000000070f69d450}: 'java.lang.Object java.lang.invoke.Invokers$Holder.invoke_MT(java.lang.Object, java.lang.Object, java.lang.Object, java.lang.Object, java.lang.Object, java.lang.Object, java.lang.Object, java.lang.Object, java.lang.Object, java.lang.Object, java.lang.Object)'> (0x000000070f69d450) 
thrown [s\open\src\hotspot\share\interpreter\linkResolver.cpp, line 759]
Event: 5.930 Thread 0x000001edc350aeb0 Exception <a 'java/lang/NoSuchMethodError'{0x000000070f5e1a48}: 'java.lang.Object java.lang.invoke.DirectMethodHandle$Holder.newInvokeSpecial(java.lang.Object, java.lang.Object, int, java.lang.Object, java.lang.Object)'> (0x000000070f5e1a48) 
thrown [s\open\src\hotspot\share\interpreter\linkResolver.cpp, line 759]
Event: 8.226 Thread 0x000001edf1f013a0 Exception <a 'java/lang/NoSuchMethodError'{0x000000070eea7c90}: 'java.lang.Object java.lang.invoke.DirectMethodHandle$Holder.invokeSpecial(java.lang.Object, java.lang.Object, java.lang.Object, java.lang.Object, java.lang.Object, long)'> (0x000000070eea7c90) 
thrown [s\open\src\hotspot\share\interpreter\linkResolver.cpp, line 759]
Event: 8.226 Thread 0x000001edf1f013a0 Exception <a 'java/lang/NoSuchMethodError'{0x000000070eeab6d0}: 'java.lang.Object java.lang.invoke.Invokers$Holder.linkToTargetMethod(java.lang.Object, java.lang.Object, java.lang.Object, long, java.lang.Object)'> (0x000000070eeab6d0) 
thrown [s\open\src\hotspot\share\interpreter\linkResolver.cpp, line 759]
Event: 8.433 Thread 0x000001edf1f013a0 Exception <a 'java/lang/NoSuchMethodError'{0x0000000710694028}: 'void java.lang.invoke.DirectMethodHandle$Holder.invokeSpecialIFC(java.lang.Object, java.lang.Object, int, java.lang.Object, java.lang.Object, java.lang.Object, java.lang.Object)'> (0x0000000710694028) 
thrown [s\open\src\hotspot\share\interpreter\linkResolver.cpp, line 759]
Event: 8.484 Thread 0x000001edf1f013a0 Exception <a 'java/lang/IncompatibleClassChangeError'{0x00000007105b4860}: Found class java.lang.Object, but interface was expected> (0x00000007105b4860) 
thrown [s\open\src\hotspot\share\interpreter\linkResolver.cpp, line 826]
Event: 8.792 Thread 0x000001edf1f013a0 Exception <a 'java/lang/IncompatibleClassChangeError'{0x000000070f8a3ff8}: Found class java.lang.Object, but interface was expected> (0x000000070f8a3ff8) 
thrown [s\open\src\hotspot\share\interpreter\linkResolver.cpp, line 826]
Event: 8.858 Thread 0x000001edf1f013a0 Exception <a 'java/lang/NoSuchMethodError'{0x000000070f41ae08}: 'java.lang.Object java.lang.invoke.DirectMethodHandle$Holder.invokeSpecial(java.lang.Object, java.lang.Object, java.lang.Object, java.lang.Object, int, java.lang.Object, java.lang.Object)'> (0x000000070f41ae08) 
thrown [s\open\src\hotspot\share\interpreter\linkResolver.cpp, line 759]
Event: 8.859 Thread 0x000001edf1f013a0 Exception <a 'java/lang/NoSuchMethodError'{0x000000070f425030}: 'java.lang.Object java.lang.invoke.DirectMethodHandle$Holder.newInvokeSpecial(java.lang.Object, java.lang.Object, java.lang.Object, java.lang.Object, int)'> (0x000000070f425030) 
thrown [s\open\src\hotspot\share\interpreter\linkResolver.cpp, line 759]
Event: 8.859 Thread 0x000001edf1f013a0 Exception <a 'java/lang/NoSuchMethodError'{0x000000070f429a50}: 'java.lang.Object java.lang.invoke.DirectMethodHandle$Holder.invokeSpecial(java.lang.Object, java.lang.Object, java.lang.Object, java.lang.Object, java.lang.Object, int)'> (0x000000070f429a50) 
thrown [s\open\src\hotspot\share\interpreter\linkResolver.cpp, line 759]
Event: 8.860 Thread 0x000001edf1f013a0 Exception <a 'java/lang/NoSuchMethodError'{0x000000070f42dd18}: 'java.lang.Object java.lang.invoke.Invokers$Holder.linkToTargetMethod(java.lang.Object, java.lang.Object, java.lang.Object, int, java.lang.Object)'> (0x000000070f42dd18) 
thrown [s\open\src\hotspot\share\interpreter\linkResolver.cpp, line 759]
Event: 8.881 Thread 0x000001edf1f013a0 Exception <a 'java/lang/NoSuchMethodError'{0x000000070f511bf0}: 'int java.lang.invoke.DirectMethodHandle$Holder.invokeStatic(java.lang.Object, java.lang.Object, int, int)'> (0x000000070f511bf0) 
thrown [s\open\src\hotspot\share\interpreter\linkResolver.cpp, line 759]

VM Operations (20 events):
Event: 146.265 Executing VM operation: Cleanup
Event: 146.265 Executing VM operation: Cleanup done
Event: 175.534 Executing VM operation: Cleanup
Event: 175.535 Executing VM operation: Cleanup done
Event: 193.722 Executing VM operation: Cleanup
Event: 193.722 Executing VM operation: Cleanup done
Event: 197.751 Executing VM operation: Cleanup
Event: 197.751 Executing VM operation: Cleanup done
Event: 202.804 Executing VM operation: Cleanup
Event: 202.804 Executing VM operation: Cleanup done
Event: 204.821 Executing VM operation: Cleanup
Event: 204.821 Executing VM operation: Cleanup done
Event: 212.907 Executing VM operation: Cleanup
Event: 212.907 Executing VM operation: Cleanup done
Event: 263.320 Executing VM operation: Cleanup
Event: 263.320 Executing VM operation: Cleanup done
Event: 653.846 Executing VM operation: Cleanup
Event: 653.846 Executing VM operation: Cleanup done
Event: 967.610 Executing VM operation: G1CollectForAllocation
Event: 967.614 Executing VM operation: G1CollectForAllocation done

Events (20 events):
Event: 26.105 Thread 0x000001edf8f793f0 Thread exited: 0x000001edf8f793f0
Event: 967.523 loading class java/util/concurrent/locks/ReentrantReadWriteLock$Sync$HoldCounter
Event: 967.523 loading class java/util/concurrent/locks/ReentrantReadWriteLock$Sync$HoldCounter done
Event: 967.528 Thread 0x000001edf8f77410 Thread added: 0x000001edf8f77410
Event: 967.529 Thread 0x000001edf8f77960 Thread added: 0x000001edf8f77960
Event: 967.551 loading class java/util/zip/DeflaterOutputStream
Event: 967.551 loading class java/util/zip/DeflaterOutputStream done
Event: 967.552 loading class java/util/zip/GZIPInputStream
Event: 967.552 loading class java/util/zip/GZIPInputStream done
Event: 967.552 loading class java/util/zip/GZIPOutputStream
Event: 967.552 loading class java/util/zip/GZIPOutputStream done
Event: 967.566 loading class javax/crypto/Mac
Event: 967.566 loading class javax/crypto/Mac done
Event: 967.566 loading class com/sun/crypto/provider/HmacCore$HmacSHA512
Event: 967.566 loading class com/sun/crypto/provider/HmacCore
Event: 967.566 loading class javax/crypto/MacSpi
Event: 967.566 loading class javax/crypto/MacSpi done
Event: 967.566 loading class com/sun/crypto/provider/HmacCore done
Event: 967.566 loading class com/sun/crypto/provider/HmacCore$HmacSHA512 done
Event: 967.671 Thread 0x000001edf8f76ec0 Thread added: 0x000001edf8f76ec0


Dynamic libraries:
0x00007ff76bb40000 - 0x00007ff76bb50000 	C:\Program Files\Java\jdk-17\bin\java.exe
0x00007fff3ee50000 - 0x00007fff3f067000 	C:\WINDOWS\SYSTEM32\ntdll.dll
0x00007fff3d930000 - 0x00007fff3d9f4000 	C:\WINDOWS\System32\KERNEL32.DLL
0x00007fff3c430000 - 0x00007fff3c800000 	C:\WINDOWS\System32\KERNELBASE.dll
0x00007fff3ca20000 - 0x00007fff3cb31000 	C:\WINDOWS\System32\ucrtbase.dll
0x00007fff366a0000 - 0x00007fff366b9000 	C:\Program Files\Java\jdk-17\bin\jli.dll
0x00007fff32f30000 - 0x00007fff32f4b000 	C:\Program Files\Java\jdk-17\bin\VCRUNTIME140.dll
0x00007fff3e8e0000 - 0x00007fff3e991000 	C:\WINDOWS\System32\ADVAPI32.dll
0x00007fff3d250000 - 0x00007fff3d2f7000 	C:\WINDOWS\System32\msvcrt.dll
0x00007fff3eb60000 - 0x00007fff3ec07000 	C:\WINDOWS\System32\sechost.dll
0x00007fff3c340000 - 0x00007fff3c368000 	C:\WINDOWS\System32\bcrypt.dll
0x00007fff3ea40000 - 0x00007fff3eb54000 	C:\WINDOWS\System32\RPCRT4.dll
0x00007fff3da20000 - 0x00007fff3dbce000 	C:\WINDOWS\System32\USER32.dll
0x00007fff3c880000 - 0x00007fff3c8a6000 	C:\WINDOWS\System32\win32u.dll
0x00007fff2de30000 - 0x00007fff2e0c2000 	C:\WINDOWS\WinSxS\amd64_microsoft.windows.common-controls_6595b64144ccf1df_6.0.22621.4830_none_270fe7d773858e80\COMCTL32.dll
0x00007fff3d300000 - 0x00007fff3d329000 	C:\WINDOWS\System32\GDI32.dll
0x00007fff3c220000 - 0x00007fff3c33b000 	C:\WINDOWS\System32\gdi32full.dll
0x00007fff3c100000 - 0x00007fff3c19a000 	C:\WINDOWS\System32\msvcp_win.dll
0x00007fff363f0000 - 0x00007fff363fa000 	C:\WINDOWS\SYSTEM32\VERSION.dll
0x00007fff3e9a0000 - 0x00007fff3e9d1000 	C:\WINDOWS\System32\IMM32.DLL
0x00007fff380f0000 - 0x00007fff380fc000 	C:\Program Files\Java\jdk-17\bin\vcruntime140_1.dll
0x00007fff17950000 - 0x00007fff179de000 	C:\Program Files\Java\jdk-17\bin\msvcp140.dll
0x00007ffecc6d0000 - 0x00007ffecd2b1000 	C:\Program Files\Java\jdk-17\bin\server\jvm.dll
0x00007fff3d240000 - 0x00007fff3d248000 	C:\WINDOWS\System32\PSAPI.DLL
0x00007fff33270000 - 0x00007fff332a4000 	C:\WINDOWS\SYSTEM32\WINMM.dll
0x00007fff28d20000 - 0x00007fff28d29000 	C:\WINDOWS\SYSTEM32\WSOCK32.dll
0x00007fff3ed90000 - 0x00007fff3ee01000 	C:\WINDOWS\System32\WS2_32.dll
0x00007fff3b140000 - 0x00007fff3b158000 	C:\WINDOWS\SYSTEM32\kernel.appcore.dll
0x00007fff33100000 - 0x00007fff3310a000 	C:\Program Files\Java\jdk-17\bin\jimage.dll
0x00007fff35710000 - 0x00007fff35942000 	C:\WINDOWS\SYSTEM32\DBGHELP.DLL
0x00007fff3d330000 - 0x00007fff3d6c0000 	C:\WINDOWS\System32\combase.dll
0x00007fff3e780000 - 0x00007fff3e857000 	C:\WINDOWS\System32\OLEAUT32.dll
0x00007fff32a50000 - 0x00007fff32a82000 	C:\WINDOWS\SYSTEM32\dbgcore.DLL
0x00007fff3c1a0000 - 0x00007fff3c21b000 	C:\WINDOWS\System32\bcryptPrimitives.dll
0x00007fff2e730000 - 0x00007fff2e76b000 	C:\Program Files\Java\jdk-17\bin\jdwp.dll
0x00007fff30db0000 - 0x00007fff30dd5000 	C:\Program Files\Java\jdk-17\bin\java.dll
0x00007ffef2e20000 - 0x00007ffef2ef7000 	C:\Program Files\Java\jdk-17\bin\jsvml.dll
0x00007fff3df00000 - 0x00007fff3e778000 	C:\WINDOWS\System32\SHELL32.dll
0x00007fff3a050000 - 0x00007fff3a960000 	C:\WINDOWS\SYSTEM32\windows.storage.dll
0x00007fff39f10000 - 0x00007fff3a04f000 	C:\WINDOWS\SYSTEM32\wintypes.dll
0x00007fff3dd80000 - 0x00007fff3de8a000 	C:\WINDOWS\System32\SHCORE.dll
0x00007fff3cc50000 - 0x00007fff3ccae000 	C:\WINDOWS\System32\shlwapi.dll
0x00007fff3c030000 - 0x00007fff3c05b000 	C:\WINDOWS\SYSTEM32\profapi.dll
0x00007fff32f20000 - 0x00007fff32f2c000 	C:\Program Files\Java\jdk-17\bin\dt_socket.dll
0x00007fff3abc0000 - 0x00007fff3abed000 	C:\WINDOWS\SYSTEM32\IPHLPAPI.DLL
0x00007fff3b5c0000 - 0x00007fff3b62a000 	C:\WINDOWS\system32\mswsock.dll
0x00007fff3abf0000 - 0x00007fff3acf2000 	C:\WINDOWS\SYSTEM32\DNSAPI.dll
0x00007fff3def0000 - 0x00007fff3def9000 	C:\WINDOWS\System32\NSI.dll
0x00007fff38580000 - 0x00007fff3858a000 	C:\Windows\System32\rasadhlp.dll
0x00007fff38470000 - 0x00007fff384f3000 	C:\WINDOWS\System32\fwpuclnt.dll
0x00007fff30040000 - 0x00007fff30059000 	C:\Program Files\Java\jdk-17\bin\net.dll
0x00007fff390a0000 - 0x00007fff391cc000 	C:\WINDOWS\SYSTEM32\WINHTTP.dll
0x00007fff2a900000 - 0x00007fff2a916000 	C:\Program Files\Java\jdk-17\bin\nio.dll
0x00007fff2a360000 - 0x00007fff2a378000 	C:\Program Files\Java\jdk-17\bin\zip.dll
0x00007fff2e780000 - 0x00007fff2e78a000 	C:\Program Files\Java\jdk-17\bin\management.dll
0x00007fff2e720000 - 0x00007fff2e72b000 	C:\Program Files\Java\jdk-17\bin\management_ext.dll
0x00007fff17480000 - 0x00007fff17497000 	C:\WINDOWS\system32\napinsp.dll
0x00007fff17460000 - 0x00007fff1747b000 	C:\WINDOWS\system32\pnrpnsp.dll
0x00007fff17440000 - 0x00007fff17451000 	C:\WINDOWS\System32\winrnr.dll
0x00007fff17420000 - 0x00007fff17435000 	C:\WINDOWS\system32\wshbth.dll
0x00007fff173f0000 - 0x00007fff17417000 	C:\WINDOWS\system32\nlansp_c.dll
0x00007fff3b810000 - 0x00007fff3b82b000 	C:\WINDOWS\SYSTEM32\CRYPTSP.dll
0x00007fff3b0a0000 - 0x00007fff3b0d5000 	C:\WINDOWS\system32\rsaenh.dll
0x00007fff3b6b0000 - 0x00007fff3b6d8000 	C:\WINDOWS\SYSTEM32\USERENV.dll
0x00007fff3b830000 - 0x00007fff3b83c000 	C:\WINDOWS\SYSTEM32\CRYPTBASE.dll
0x00007fff387a0000 - 0x00007fff387b9000 	C:\WINDOWS\SYSTEM32\dhcpcsvc6.DLL
0x00007fff38780000 - 0x00007fff3879f000 	C:\WINDOWS\SYSTEM32\dhcpcsvc.DLL
0x00007fff2b050000 - 0x00007fff2b05e000 	C:\Program Files\Java\jdk-17\bin\sunmscapi.dll
0x00007fff3c8b0000 - 0x00007fff3ca16000 	C:\WINDOWS\System32\CRYPT32.dll
0x00007fff3b9d0000 - 0x00007fff3b9fd000 	C:\WINDOWS\SYSTEM32\ncrypt.dll
0x00007fff3b990000 - 0x00007fff3b9c7000 	C:\WINDOWS\SYSTEM32\NTASN1.dll
0x00007fff2a8f0000 - 0x00007fff2a900000 	C:\Program Files\Java\jdk-17\bin\verify.dll
0x00007fff2f3f0000 - 0x00007fff2f3f8000 	C:\WINDOWS\system32\wshunix.dll

dbghelp: loaded successfully - version: 4.0.5 - missing functions: none
symbol engine: initialized successfully - sym options: 0x614 - pdb path: .;C:\Program Files\Java\jdk-17\bin;C:\WINDOWS\SYSTEM32;C:\WINDOWS\WinSxS\amd64_microsoft.windows.common-controls_6595b64144ccf1df_6.0.22621.4830_none_270fe7d773858e80;C:\Program Files\Java\jdk-17\bin\server

VM Arguments:
jvm_args: -agentlib:jdwp=transport=dt_socket,server=n,suspend=y,address=localhost:53442 -Dcom.sun.management.jmxremote -Dcom.sun.management.jmxremote.port=53286 -Dcom.sun.management.jmxremote.authenticate=false -Dcom.sun.management.jmxremote.ssl=false -Dspring.jmx.enabled=true -Djava.rmi.server.hostname=localhost -Dspring.application.admin.enabled=true -Dspring.boot.project.name=thuan -XX:+ShowCodeDetailsInExceptionMessages 
java_command: com.example.thuan.ThuanApplication
java_class_path (initial): E:\SWP391_GR5_SE1812\ReadHasha_BackEnd\thuan\bin\main;E:\SWP391_GR5_SE1812\ReadHasha_BackEnd\thuan\bin\test;E:\SWP391_GR5_SE1812\ReadHasha_BackEnd\thuan\bin\default;C:\Users\ASUS\.gradle\caches\modules-2\files-2.1\org.projectlombok\lombok\1.18.24\13a394eed5c4f9efb2a6d956e2086f1d81e857d9\lombok-1.18.24.jar;C:\Users\ASUS\.gradle\caches\modules-2\files-2.1\org.springframework.boot\spring-boot-starter-web\3.4.2\cf1c8efe77dccf221acf5f0ce9cc24c718c0ca44\spring-boot-starter-web-3.4.2.jar;C:\Users\ASUS\.gradle\caches\modules-2\files-2.1\org.springframework.boot\spring-boot-starter-security\3.4.2\b3102ed745b5e71f61bb5174c6a12275f0154dbb\spring-boot-starter-security-3.4.2.jar;C:\Users\ASUS\.gradle\caches\modules-2\files-2.1\org.springframework.boot\spring-boot-starter-oauth2-resource-server\3.4.2\8ecba5fcece1409be2109ced33a3a4047f0739f7\spring-boot-starter-oauth2-resource-server-3.4.2.jar;C:\Users\ASUS\.gradle\caches\modules-2\files-2.1\org.springframework.boot\spring-boot-starter-data-jpa\3.4.2\b65a304b493807dff48bf114135dc4aa5f267927\spring-boot-starter-data-jpa-3.4.2.jar;C:\Users\ASUS\.gradle\caches\modules-2\files-2.1\com.microsoft.sqlserver\mssql-jdbc\12.2.0.jre8\24230b89715e4a101e1f2263293a2343a710ecd1\mssql-jdbc-12.2.0.jre8.jar;C:\Users\ASUS\.gradle\caches\modules-2\files-2.1\org.springframework.security\spring-security-config\6.4.2\5ed985329eb14b1c61045160c8dcbbcab179ddd3\spring-security-config-6.4.2.jar;C:\Users\ASUS\.gradle\caches\modules-2\files-2.1\org.springframework.security\spring-security-oauth2-resource-server\6.4.2\7b1d8e78f8aef21c6fda8588c6acc3b85e25771f\spring-security-oauth2-resource-server-6.4.2.jar;C:\Users\ASUS\.gradle\caches\modules-2\files-2.1\org.springframework.security\spring-security-web\6.4.2\733a3bbbdca56225676fb7f4e3f317c2075fc383\spring-security-web-6.4.2.jar;C:\Users\ASUS\.gradle\caches\modules-2\files-2.1\org.springframework.security\spring-security-oauth2-jose\6.4.2\274482eaffe0f5e7d978be7cbf7dc1817037efa5\spri
Launcher Type: SUN_STANDARD

[Global flags]
     intx CICompilerCount                          = 12                                        {product} {ergonomic}
     uint ConcGCThreads                            = 3                                         {product} {ergonomic}
     uint G1ConcRefinementThreads                  = 13                                        {product} {ergonomic}
   size_t G1HeapRegionSize                         = 2097152                                   {product} {ergonomic}
    uintx GCDrainStackTargetSize                   = 64                                        {product} {ergonomic}
   size_t InitialHeapSize                          = 255852544                                 {product} {ergonomic}
     bool ManagementServer                         = true                                      {product} {command line}
   size_t MarkStackSize                            = 4194304                                   {product} {ergonomic}
   size_t MaxHeapSize                              = 4093640704                                {product} {ergonomic}
   size_t MaxNewSize                               = 2455764992                                {product} {ergonomic}
   size_t MinHeapDeltaBytes                        = 2097152                                   {product} {ergonomic}
   size_t MinHeapSize                              = 8388608                                   {product} {ergonomic}
    uintx NonNMethodCodeHeapSize                   = 7602480                                {pd product} {ergonomic}
    uintx NonProfiledCodeHeapSize                  = 122027880                              {pd product} {ergonomic}
    uintx ProfiledCodeHeapSize                     = 122027880                              {pd product} {ergonomic}
    uintx ReservedCodeCacheSize                    = 251658240                              {pd product} {ergonomic}
     bool SegmentedCodeCache                       = true                                      {product} {ergonomic}
     bool ShowCodeDetailsInExceptionMessages       = true                                   {manageable} {command line}
   size_t SoftMaxHeapSize                          = 4093640704                             {manageable} {ergonomic}
     bool UseCompressedClassPointers               = true                           {product lp64_product} {ergonomic}
     bool UseCompressedOops                        = true                           {product lp64_product} {ergonomic}
     bool UseG1GC                                  = true                                      {product} {ergonomic}
     bool UseLargePagesIndividualAllocation        = false                                  {pd product} {ergonomic}

Logging:
Log output configuration:
 #0: stdout all=warning uptime,level,tags
 #1: stderr all=off uptime,level,tags

Environment Variables:
PATH=C:\Program Files\Common Files\Oracle\Java\javapath;C:\Program Files (x86)\Common Files\Oracle\Java\java8path;C:\Program Files (x86)\Common Files\Oracle\Java\javapath;C:\ProgramData\Oracle\Java\javapath;C:\Windows\system32;C:\Windows;C:\Windows\System32\Wbem;C:\Windows\System32\WindowsPowerShell\v1.0\;C:\Windows\System32\OpenSSH\;C:\Program Files (x86)\NVIDIA Corporation\PhysX\Common;C:\WINDOWS\system32;C:\WINDOWS;C:\WINDOWS\System32\Wbem;C:\WINDOWS\System32\WindowsPowerShell\v1.0\;C:\WINDOWS\System32\OpenSSH\;C:\Program Files (x86)\Microsoft SQL Server\160\Tools\Binn\;C:\Program Files\Microsoft SQL Server\160\Tools\Binn\;C:\Program Files\Microsoft SQL Server\Client SDK\ODBC\170\Tools\Binn\;C:\Program Files\Microsoft SQL Server\160\DTS\Binn\;C:\Program Files (x86)\Microsoft SQL Server\160\DTS\Binn\;C:\Program Files\Azure Data Studio\bin;C:\Program Files\dotnet\;C:\Program Files\nodejs\;C:\Program Files\Git\cmd;C:\Program Files\NVIDIA Corporation\NVIDIA app\NvDLISR;C:\Program Files\Cloudflare\Cloudflare WARP\;C:\Program Files\MySQL\MySQL Shell 8.0\bin\;C:\Users\ASUS\AppData\Local\Microsoft\WindowsApps;C:\Program Files\Azure Data Studio\bin;C:\Users\ASUS\AppData\Local\Programs\Microsoft VS Code\bin;C:\Users\ASUS\AppData\Roaming\npm;C:\Program Files\Git\mingw64\bin\;
USERNAME=ASUS
LANG=en_US.UTF-8
OS=Windows_NT
PROCESSOR_IDENTIFIER=AMD64 Family 25 Model 68 Stepping 1, AuthenticAMD



---------------  S Y S T E M  ---------------

OS:
 Windows 11 , 64 bit Build 22621 (10.0.22621.4830)
OS uptime: 5 days 12:16 hours

CPU: total 16 (initial active 16) (16 cores per cpu, 2 threads per core) family 25 model 68 stepping 1 microcode 0x0, cx8, cmov, fxsr, ht, mmx, 3dnowpref, sse, sse2, sse3, ssse3, sse4a, sse4.1, sse4.2, popcnt, lzcnt, tsc, tscinvbit, avx, avx2, aes, clmul, bmi1, bmi2, adx, sha, fma, vzeroupper, clflush, clflushopt

Memory: 4k page, system-wide physical 15613M (2705M free)
TotalPageFile size 19709M (AvailPageFile size 7M)
current process WorkingSet (physical memory assigned to process): 309M, peak: 551M
current process commit charge ("private bytes"): 372M, peak: 600M

vm_info: Java HotSpot(TM) 64-Bit Server VM (17.0.9+11-LTS-201) for windows-amd64 JRE (17.0.9+11-LTS-201), built on Oct 10 2023 23:16:06 by "mach5one" with MS VC++ 17.1 (VS2022)

END.
