#
# There is insufficient memory for the Java Runtime Environment to continue.
# Native memory allocation (malloc) failed to allocate 701728 bytes for Chunk::new
# Possible reasons:
#   The system is out of physical RAM or swap space
#   The process is running with CompressedOops enabled, and the Java Heap may be blocking the growth of the native heap
# Possible solutions:
#   Reduce memory load on the system
#   Increase physical memory or swap space
#   Check if swap backing store is full
#   Decrease Java heap size (-Xmx/-Xms)
#   Decrease number of Java threads
#   Decrease Java thread stack sizes (-Xss)
#   Set larger code cache with -XX:ReservedCodeCacheSize=
#   JVM is running with Zero Based Compressed Oops mode in which the Java heap is
#     placed in the first 32GB address space. The Java Heap base address is the
#     maximum limit for the native heap growth. Please use -XX:HeapBaseMinAddress
#     to set the Java Heap base and to place the Java Heap above 32GB virtual address.
# This output file may be truncated or incomplete.
#
#  Out of Memory Error (arena.cpp:189), pid=27840, tid=30600
#
# JRE version: Java(TM) SE Runtime Environment (17.0.9+11) (build 17.0.9+11-LTS-201)
# Java VM: Java HotSpot(TM) 64-Bit Server VM (17.0.9+11-LTS-201, mixed mode, sharing, tiered, compressed oops, compressed class ptrs, g1 gc, windows-amd64)
# No core dump will be written. Minidumps are not enabled by default on client versions of Windows
#

---------------  S U M M A R Y ------------

Command Line: -agentlib:jdwp=transport=dt_socket,server=n,suspend=y,address=localhost:51180 -Dcom.sun.management.jmxremote -Dcom.sun.management.jmxremote.port=50856 -Dcom.sun.management.jmxremote.authenticate=false -Dcom.sun.management.jmxremote.ssl=false -Dspring.jmx.enabled=true -Djava.rmi.server.hostname=localhost -Dspring.application.admin.enabled=true -Dspring.boot.project.name=thuan -XX:+ShowCodeDetailsInExceptionMessages com.example.thuan.ThuanApplication

Host: AMD Ryzen 7 6800H with Radeon Graphics         , 16 cores, 15G,  Windows 11 , 64 bit Build 22621 (10.0.22621.4830)
Time: Tue Mar 11 14:52:01 2025 SE Asia Standard Time elapsed time: 278.163057 seconds (0d 0h 4m 38s)

---------------  T H R E A D  ---------------

Current thread (0x0000025e28a30f50):  JavaThread "C2 CompilerThread0" daemon [_thread_in_native, id=30600, stack(0x000000ec8cd00000,0x000000ec8ce00000)]


Current CompileTask:
C2: 278163 10611       4       org.antlr.v4.runtime.atn.PredictionContext::mergeSingletons (392 bytes)

Stack: [0x000000ec8cd00000,0x000000ec8ce00000]
Native frames: (J=compiled Java code, j=interpreted, Vv=VM code, C=native code)
V  [jvm.dll+0x678a4a]
V  [jvm.dll+0x7d9cfd]
V  [jvm.dll+0x7db60e]
V  [jvm.dll+0x7dbc73]
V  [jvm.dll+0x245e1f]
V  [jvm.dll+0xaaafb]
V  [jvm.dll+0xab09c]
V  [jvm.dll+0x36237e]
V  [jvm.dll+0x32ca01]
V  [jvm.dll+0x32be9a]
V  [jvm.dll+0x21812f]
V  [jvm.dll+0x217561]
V  [jvm.dll+0x1a3bc0]
V  [jvm.dll+0x2272de]
V  [jvm.dll+0x22548b]
V  [jvm.dll+0x78f58c]
V  [jvm.dll+0x78998a]
V  [jvm.dll+0x677875]
C  [ucrtbase.dll+0x29333]
C  [KERNEL32.DLL+0x1259d]
C  [ntdll.dll+0x5af38]


---------------  P R O C E S S  ---------------

Threads class SMR info:
_java_thread_list=0x0000025e72537430, length=35, elements={
0x0000025e285e01f0, 0x0000025e285e0e70, 0x0000025e28a28b80, 0x0000025e28a2a460,
0x0000025e28a2ad30, 0x0000025e28a2b600, 0x0000025e28a30f50, 0x0000025e28a445d0,
0x0000025e28a4f6c0, 0x0000025e285cbf00, 0x0000025e28cdd270, 0x0000025e28cb5170,
0x0000025e28cb59f0, 0x0000025e28c688e0, 0x0000025e6e77deb0, 0x0000025e6e92a4c0,
0x0000025e6e885860, 0x0000025e6f154c20, 0x0000025e6f155130, 0x0000025e74805b20,
0x0000025e74806f60, 0x0000025e74806030, 0x0000025e74805610, 0x0000025e74804bf0,
0x0000025e74806a50, 0x0000025e7612f0b0, 0x0000025e7612d760, 0x0000025e7612c320,
0x0000025e76129fb0, 0x0000025e7612e690, 0x0000025e7612a4c0, 0x0000025e761304f0,
0x0000025e7612dc70, 0x0000025e7612eba0, 0x0000025e7612fad0
}

Java Threads: ( => current thread )
  0x0000025e285e01f0 JavaThread "Reference Handler" daemon [_thread_blocked, id=16988, stack(0x000000ec8c700000,0x000000ec8c800000)]
  0x0000025e285e0e70 JavaThread "Finalizer" daemon [_thread_blocked, id=29324, stack(0x000000ec8c800000,0x000000ec8c900000)]
  0x0000025e28a28b80 JavaThread "Signal Dispatcher" daemon [_thread_blocked, id=15928, stack(0x000000ec8c900000,0x000000ec8ca00000)]
  0x0000025e28a2a460 JavaThread "Attach Listener" daemon [_thread_blocked, id=1672, stack(0x000000ec8ca00000,0x000000ec8cb00000)]
  0x0000025e28a2ad30 JavaThread "Service Thread" daemon [_thread_blocked, id=16148, stack(0x000000ec8cb00000,0x000000ec8cc00000)]
  0x0000025e28a2b600 JavaThread "Monitor Deflation Thread" daemon [_thread_blocked, id=25768, stack(0x000000ec8cc00000,0x000000ec8cd00000)]
=>0x0000025e28a30f50 JavaThread "C2 CompilerThread0" daemon [_thread_in_native, id=30600, stack(0x000000ec8cd00000,0x000000ec8ce00000)]
  0x0000025e28a445d0 JavaThread "C1 CompilerThread0" daemon [_thread_blocked, id=10584, stack(0x000000ec8ce00000,0x000000ec8cf00000)]
  0x0000025e28a4f6c0 JavaThread "Sweeper thread" daemon [_thread_blocked, id=11596, stack(0x000000ec8cf00000,0x000000ec8d000000)]
  0x0000025e285cbf00 JavaThread "Common-Cleaner" daemon [_thread_blocked, id=30228, stack(0x000000ec8d000000,0x000000ec8d100000)]
  0x0000025e28cdd270 JavaThread "JDWP Transport Listener: dt_socket" daemon [_thread_blocked, id=24248, stack(0x000000ec8d500000,0x000000ec8d600000)]
  0x0000025e28cb5170 JavaThread "JDWP Event Helper Thread" daemon [_thread_blocked, id=22884, stack(0x000000ec8d600000,0x000000ec8d700000)]
  0x0000025e28cb59f0 JavaThread "JDWP Command Reader" daemon [_thread_in_native, id=876, stack(0x000000ec8d700000,0x000000ec8d800000)]
  0x0000025e28c688e0 JavaThread "Notification Thread" daemon [_thread_blocked, id=16588, stack(0x000000ec8d800000,0x000000ec8d900000)]
  0x0000025e6e77deb0 JavaThread "RMI TCP Accept-0" daemon [_thread_in_native, id=12376, stack(0x000000ec8d900000,0x000000ec8da00000)]
  0x0000025e6e92a4c0 JavaThread "RMI TCP Accept-50856" daemon [_thread_in_native, id=22764, stack(0x000000ec8da00000,0x000000ec8db00000)]
  0x0000025e6e885860 JavaThread "RMI TCP Accept-0" daemon [_thread_in_native, id=6072, stack(0x000000ec8db00000,0x000000ec8dc00000)]
  0x0000025e6f154c20 JavaThread "Catalina-utility-1" [_thread_blocked, id=15020, stack(0x000000ec8e600000,0x000000ec8e700000)]
  0x0000025e6f155130 JavaThread "Catalina-utility-2" [_thread_blocked, id=7780, stack(0x000000ec8f000000,0x000000ec8f100000)]
  0x0000025e74805b20 JavaThread "container-0" [_thread_blocked, id=7436, stack(0x000000ec8f100000,0x000000ec8f200000)]
  0x0000025e74806f60 JavaThread "mssql-jdbc-shared-timer-core-0" daemon [_thread_blocked, id=11212, stack(0x000000ec8f500000,0x000000ec8f600000)]
  0x0000025e74806030 JavaThread "HikariPool-1 housekeeper" daemon [_thread_blocked, id=3004, stack(0x000000ec8f600000,0x000000ec8f700000)]
  0x0000025e74805610 JavaThread "http-nio-8080-exec-1" daemon [_thread_blocked, id=27516, stack(0x000000ec8f800000,0x000000ec8f900000)]
  0x0000025e74804bf0 JavaThread "http-nio-8080-exec-2" daemon [_thread_blocked, id=19248, stack(0x000000ec8f900000,0x000000ec8fa00000)]
  0x0000025e74806a50 JavaThread "http-nio-8080-exec-3" daemon [_thread_blocked, id=19080, stack(0x000000ec8fa00000,0x000000ec8fb00000)]
  0x0000025e7612f0b0 JavaThread "http-nio-8080-exec-4" daemon [_thread_blocked, id=10420, stack(0x000000ec8fb00000,0x000000ec8fc00000)]
  0x0000025e7612d760 JavaThread "http-nio-8080-exec-5" daemon [_thread_blocked, id=31492, stack(0x000000ec8fc00000,0x000000ec8fd00000)]
  0x0000025e7612c320 JavaThread "http-nio-8080-exec-6" daemon [_thread_blocked, id=23032, stack(0x000000ec8fd00000,0x000000ec8fe00000)]
  0x0000025e76129fb0 JavaThread "http-nio-8080-exec-7" daemon [_thread_blocked, id=24112, stack(0x000000ec8fe00000,0x000000ec8ff00000)]
  0x0000025e7612e690 JavaThread "http-nio-8080-exec-8" daemon [_thread_blocked, id=21980, stack(0x000000ec8ff00000,0x000000ec90000000)]
  0x0000025e7612a4c0 JavaThread "http-nio-8080-exec-9" daemon [_thread_blocked, id=20748, stack(0x000000ec90000000,0x000000ec90100000)]
  0x0000025e761304f0 JavaThread "http-nio-8080-exec-10" daemon [_thread_blocked, id=10044, stack(0x000000ec90100000,0x000000ec90200000)]
  0x0000025e7612dc70 JavaThread "http-nio-8080-Poller" daemon [_thread_in_native, id=13332, stack(0x000000ec90200000,0x000000ec90300000)]
  0x0000025e7612eba0 JavaThread "http-nio-8080-Acceptor" daemon [_thread_in_native, id=22344, stack(0x000000ec90300000,0x000000ec90400000)]
  0x0000025e7612fad0 JavaThread "DestroyJavaVM" [_thread_blocked, id=26920, stack(0x000000ec8c000000,0x000000ec8c100000)]

Other Threads:
  0x0000025e285d86c0 VMThread "VM Thread" [stack: 0x000000ec8c600000,0x000000ec8c700000] [id=31988]
  0x0000025e6e95afe0 WatcherThread [stack: 0x000000ec8dc00000,0x000000ec8dd00000] [id=28316]
  0x0000025e056eeb10 GCTaskThread "GC Thread#0" [stack: 0x000000ec8c100000,0x000000ec8c200000] [id=18096]
  0x0000025e6ed4c3d0 GCTaskThread "GC Thread#1" [stack: 0x000000ec8de00000,0x000000ec8df00000] [id=9256]
  0x0000025e6ed4c690 GCTaskThread "GC Thread#2" [stack: 0x000000ec8df00000,0x000000ec8e000000] [id=25468]
  0x0000025e6ed263a0 GCTaskThread "GC Thread#3" [stack: 0x000000ec8e000000,0x000000ec8e100000] [id=22744]
  0x0000025e6ed26660 GCTaskThread "GC Thread#4" [stack: 0x000000ec8e100000,0x000000ec8e200000] [id=28632]
  0x0000025e6ee2d9d0 GCTaskThread "GC Thread#5" [stack: 0x000000ec8e200000,0x000000ec8e300000] [id=12088]
  0x0000025e6ee0ba90 GCTaskThread "GC Thread#6" [stack: 0x000000ec8e300000,0x000000ec8e400000] [id=7220]
  0x0000025e6ee0bd50 GCTaskThread "GC Thread#7" [stack: 0x000000ec8e400000,0x000000ec8e500000] [id=8668]
  0x0000025e6ee06020 GCTaskThread "GC Thread#8" [stack: 0x000000ec8e500000,0x000000ec8e600000] [id=33288]
  0x0000025e6f07f560 GCTaskThread "GC Thread#9" [stack: 0x000000ec8e700000,0x000000ec8e800000] [id=15604]
  0x0000025e6fe9cd60 GCTaskThread "GC Thread#10" [stack: 0x000000ec8e800000,0x000000ec8e900000] [id=2376]
  0x0000025e6fe9d2e0 GCTaskThread "GC Thread#11" [stack: 0x000000ec8e900000,0x000000ec8ea00000] [id=23920]
  0x0000025e6fe9d860 GCTaskThread "GC Thread#12" [stack: 0x000000ec8ed00000,0x000000ec8ee00000] [id=3988]
  0x0000025e056fed60 ConcurrentGCThread "G1 Main Marker" [stack: 0x000000ec8c200000,0x000000ec8c300000] [id=344]
  0x0000025e05700e20 ConcurrentGCThread "G1 Conc#0" [stack: 0x000000ec8c300000,0x000000ec8c400000] [id=17316]
  0x0000025e6fe9c520 ConcurrentGCThread "G1 Conc#1" [stack: 0x000000ec8ee00000,0x000000ec8ef00000] [id=21348]
  0x0000025e6fe9e0a0 ConcurrentGCThread "G1 Conc#2" [stack: 0x000000ec8ef00000,0x000000ec8f000000] [id=4212]
  0x0000025e2848fde0 ConcurrentGCThread "G1 Refine#0" [stack: 0x000000ec8c400000,0x000000ec8c500000] [id=33284]
  0x0000025e28490620 ConcurrentGCThread "G1 Service" [stack: 0x000000ec8c500000,0x000000ec8c600000] [id=17076]

Threads with active compile tasks:
C2 CompilerThread0   278192 10611       4       org.antlr.v4.runtime.atn.PredictionContext::mergeSingletons (392 bytes)

VM state: not at safepoint (normal execution)

VM Mutex/Monitor currently owned by a thread: None

Heap address: 0x000000070c000000, size: 3904 MB, Compressed Oops mode: Zero based, Oop shift amount: 3

CDS archive(s) mapped at: [0x0000025e29000000-0x0000025e29bd0000-0x0000025e29bd0000), size 12386304, SharedBaseAddress: 0x0000025e29000000, ArchiveRelocationMode: 1.
Compressed class space mapped at: 0x0000025e2a000000-0x0000025e6a000000, reserved size: 1073741824
Narrow klass base: 0x0000025e29000000, Narrow klass shift: 0, Narrow klass range: 0x100000000

GC Precious Log:
 CPUs: 16 total, 16 available
 Memory: 15613M
 Large Page Support: Disabled
 NUMA Support: Disabled
 Compressed Oops: Enabled (Zero based)
 Heap Region Size: 2M
 Heap Min Capacity: 8M
 Heap Initial Capacity: 244M
 Heap Max Capacity: 3904M
 Pre-touch: Disabled
 Parallel Workers: 13
 Concurrent Workers: 3
 Concurrent Refinement Workers: 13
 Periodic GC: Disabled

Heap:
 garbage-first heap   total 81920K, used 43873K [0x000000070c000000, 0x0000000800000000)
  region size 2048K, 7 young (14336K), 1 survivors (2048K)
 Metaspace       used 83093K, committed 83712K, reserved 1179648K
  class space    used 10971K, committed 11264K, reserved 1048576K

Heap Regions: E=young(eden), S=young(survivor), O=old, HS=humongous(starts), HC=humongous(continues), CS=collection set, F=free, OA=open archive, CA=closed archive, TAMS=top-at-mark-start (previous, next)
|   0|0x000000070c000000, 0x000000070c200000, 0x000000070c200000|100%| O|  |TAMS 0x000000070c200000, 0x000000070c000000| Untracked 
|   1|0x000000070c200000, 0x000000070c400000, 0x000000070c400000|100%| O|  |TAMS 0x000000070c400000, 0x000000070c200000| Untracked 
|   2|0x000000070c400000, 0x000000070c600000, 0x000000070c600000|100%| O|  |TAMS 0x000000070c600000, 0x000000070c400000| Untracked 
|   3|0x000000070c600000, 0x000000070c800000, 0x000000070c800000|100%| O|  |TAMS 0x000000070c800000, 0x000000070c600000| Untracked 
|   4|0x000000070c800000, 0x000000070ca00000, 0x000000070ca00000|100%| O|  |TAMS 0x000000070ca00000, 0x000000070c800000| Untracked 
|   5|0x000000070ca00000, 0x000000070cc00000, 0x000000070cc00000|100%| O|  |TAMS 0x000000070cc00000, 0x000000070ca00000| Untracked 
|   6|0x000000070cc00000, 0x000000070ce00000, 0x000000070ce00000|100%| O|  |TAMS 0x000000070ce00000, 0x000000070cc00000| Untracked 
|   7|0x000000070ce00000, 0x000000070d000000, 0x000000070d000000|100%| O|  |TAMS 0x000000070d000000, 0x000000070ce00000| Untracked 
|   8|0x000000070d000000, 0x000000070d200000, 0x000000070d200000|100%| O|  |TAMS 0x000000070d161600, 0x000000070d000000| Untracked 
|   9|0x000000070d200000, 0x000000070d400000, 0x000000070d400000|100%| O|  |TAMS 0x000000070d200000, 0x000000070d200000| Untracked 
|  10|0x000000070d400000, 0x000000070d600000, 0x000000070d600000|100%| O|  |TAMS 0x000000070d600000, 0x000000070d400000| Untracked 
|  11|0x000000070d600000, 0x000000070d800000, 0x000000070d800000|100%| O|  |TAMS 0x000000070d800000, 0x000000070d600000| Untracked 
|  12|0x000000070d800000, 0x000000070d911400, 0x000000070da00000| 53%| O|  |TAMS 0x000000070d911400, 0x000000070d800000| Untracked 
|  13|0x000000070da00000, 0x000000070dc00000, 0x000000070dc00000|100%| O|  |TAMS 0x000000070da00000, 0x000000070da00000| Untracked 
|  14|0x000000070dc00000, 0x000000070de00000, 0x000000070de00000|100%| O|  |TAMS 0x000000070dc00000, 0x000000070dc00000| Untracked 
|  15|0x000000070de00000, 0x000000070e000000, 0x000000070e000000|100%| O|  |TAMS 0x000000070de00000, 0x000000070de00000| Untracked 
|  16|0x000000070e000000, 0x000000070e200000, 0x000000070e200000|100%| O|  |TAMS 0x000000070e000000, 0x000000070e000000| Untracked 
|  17|0x000000070e200000, 0x000000070e30ce00, 0x000000070e400000| 52%| O|  |TAMS 0x000000070e200000, 0x000000070e200000| Untracked 
|  18|0x000000070e400000, 0x000000070e400000, 0x000000070e600000|  0%| F|  |TAMS 0x000000070e400000, 0x000000070e400000| Untracked 
|  19|0x000000070e600000, 0x000000070e600000, 0x000000070e800000|  0%| F|  |TAMS 0x000000070e600000, 0x000000070e600000| Untracked 
|  20|0x000000070e800000, 0x000000070e800000, 0x000000070ea00000|  0%| F|  |TAMS 0x000000070e800000, 0x000000070e800000| Untracked 
|  21|0x000000070ea00000, 0x000000070ea00000, 0x000000070ec00000|  0%| F|  |TAMS 0x000000070ea00000, 0x000000070ea00000| Untracked 
|  22|0x000000070ec00000, 0x000000070ec00000, 0x000000070ee00000|  0%| F|  |TAMS 0x000000070ec00000, 0x000000070ec00000| Untracked 
|  23|0x000000070ee00000, 0x000000070ee00000, 0x000000070f000000|  0%| F|  |TAMS 0x000000070ee00000, 0x000000070ee00000| Untracked 
|  24|0x000000070f000000, 0x000000070f000000, 0x000000070f200000|  0%| F|  |TAMS 0x000000070f000000, 0x000000070f000000| Untracked 
|  25|0x000000070f200000, 0x000000070f200000, 0x000000070f400000|  0%| F|  |TAMS 0x000000070f200000, 0x000000070f200000| Untracked 
|  26|0x000000070f400000, 0x000000070f4ba3d8, 0x000000070f600000| 36%| S|CS|TAMS 0x000000070f400000, 0x000000070f400000| Complete 
|  27|0x000000070f600000, 0x000000070f600000, 0x000000070f800000|  0%| F|  |TAMS 0x000000070f600000, 0x000000070f600000| Untracked 
|  28|0x000000070f800000, 0x000000070f800000, 0x000000070fa00000|  0%| F|  |TAMS 0x000000070f800000, 0x000000070f800000| Untracked 
|  29|0x000000070fa00000, 0x000000070fa00000, 0x000000070fc00000|  0%| F|  |TAMS 0x000000070fa00000, 0x000000070fa00000| Untracked 
|  30|0x000000070fc00000, 0x000000070fc00000, 0x000000070fe00000|  0%| F|  |TAMS 0x000000070fc00000, 0x000000070fc00000| Untracked 
|  31|0x000000070fe00000, 0x000000070fe00000, 0x0000000710000000|  0%| F|  |TAMS 0x000000070fe00000, 0x000000070fe00000| Untracked 
|  32|0x0000000710000000, 0x0000000710000000, 0x0000000710200000|  0%| F|  |TAMS 0x0000000710000000, 0x0000000710000000| Untracked 
|  33|0x0000000710200000, 0x0000000710200000, 0x0000000710400000|  0%| F|  |TAMS 0x0000000710200000, 0x0000000710200000| Untracked 
|  34|0x0000000710400000, 0x00000007104dc698, 0x0000000710600000| 43%| E|  |TAMS 0x0000000710400000, 0x0000000710400000| Complete 
|  35|0x0000000710600000, 0x0000000710800000, 0x0000000710800000|100%| E|CS|TAMS 0x0000000710600000, 0x0000000710600000| Complete 
|  46|0x0000000711c00000, 0x0000000711e00000, 0x0000000711e00000|100%| E|  |TAMS 0x0000000711c00000, 0x0000000711c00000| Complete 
|  47|0x0000000711e00000, 0x0000000712000000, 0x0000000712000000|100%| E|CS|TAMS 0x0000000711e00000, 0x0000000711e00000| Complete 
|  48|0x0000000712000000, 0x0000000712200000, 0x0000000712200000|100%| E|CS|TAMS 0x0000000712000000, 0x0000000712000000| Complete 
| 121|0x000000071b200000, 0x000000071b400000, 0x000000071b400000|100%| E|CS|TAMS 0x000000071b200000, 0x000000071b200000| Complete 

Card table byte_map: [0x0000025e1cf30000,0x0000025e1d6d0000] _byte_map_base: 0x0000025e196d0000

Marking Bits (Prev, Next): (CMBitMap*) 0x0000025e056ef070, (CMBitMap*) 0x0000025e056ef030
 Prev Bits: [0x0000025e21b70000, 0x0000025e25870000)
 Next Bits: [0x0000025e1de70000, 0x0000025e21b70000)

Polling page: 0x0000025e04e30000

Metaspace:

Usage:
  Non-class:     70.43 MB used.
      Class:     10.71 MB used.
       Both:     81.15 MB used.

Virtual space:
  Non-class space:      128.00 MB reserved,      70.75 MB ( 55%) committed,  2 nodes.
      Class space:        1.00 GB reserved,      11.00 MB (  1%) committed,  1 nodes.
             Both:        1.12 GB reserved,      81.75 MB (  7%) committed. 

Chunk freelists:
   Non-Class:  9.02 MB
       Class:  4.94 MB
        Both:  13.95 MB

MaxMetaspaceSize: unlimited
CompressedClassSpaceSize: 1.00 GB
Initial GC threshold: 21.00 MB
Current GC threshold: 99.31 MB
CDS: on
MetaspaceReclaimPolicy: balanced
 - commit_granule_bytes: 65536.
 - commit_granule_words: 8192.
 - virtual_space_node_default_size: 8388608.
 - enlarge_chunks_in_place: 1.
 - new_chunks_are_fully_committed: 0.
 - uncommit_free_chunks: 1.
 - use_allocation_guard: 0.
 - handle_deallocations: 1.


Internal statistics:

num_allocs_failed_limit: 9.
num_arena_births: 1010.
num_arena_deaths: 0.
num_vsnodes_births: 3.
num_vsnodes_deaths: 0.
num_space_committed: 1308.
num_space_uncommitted: 0.
num_chunks_returned_to_freelist: 9.
num_chunks_taken_from_freelist: 3899.
num_chunk_merges: 9.
num_chunk_splits: 2830.
num_chunks_enlarged: 2195.
num_inconsistent_stats: 0.

CodeHeap 'non-profiled nmethods': size=119168Kb used=7070Kb max_used=7070Kb free=112097Kb
 bounds [0x0000025e14aa0000, 0x0000025e15190000, 0x0000025e1bf00000]
CodeHeap 'profiled nmethods': size=119104Kb used=18887Kb max_used=18887Kb free=100216Kb
 bounds [0x0000025e0cf00000, 0x0000025e0e180000, 0x0000025e14350000]
CodeHeap 'non-nmethods': size=7488Kb used=1478Kb max_used=3325Kb free=6010Kb
 bounds [0x0000025e14350000, 0x0000025e146a0000, 0x0000025e14aa0000]
 total_blobs=10112 nmethods=9366 adapters=657
 compilation: enabled
              stopped_count=0, restarted_count=0
 full_count=0

Compilation events (20 events):
Event: 278.135 Thread 0x0000025e28a445d0 10620       3       org.hibernate.query.sqm.sql.BaseSqmToSqlAstConverter::getFromClauseIndex (8 bytes)
Event: 278.135 Thread 0x0000025e28a445d0 nmethod 10620 0x0000025e0e170b90 code [0x0000025e0e170d60, 0x0000025e0e171358]
Event: 278.135 Thread 0x0000025e28a445d0 10621       1       org.hibernate.metamodel.model.domain.internal.SingularAttributeImpl::getPathSource (5 bytes)
Event: 278.135 Thread 0x0000025e28a445d0 nmethod 10621 0x0000025e15186710 code [0x0000025e151868a0, 0x0000025e15186978]
Event: 278.135 Thread 0x0000025e28a445d0 10622       1       java.util.AbstractMap$SimpleEntry::getValue (5 bytes)
Event: 278.135 Thread 0x0000025e28a445d0 nmethod 10622 0x0000025e15186a10 code [0x0000025e15186ba0, 0x0000025e15186c78]
Event: 278.135 Thread 0x0000025e28a445d0 10623       1       org.hibernate.internal.util.collections.StandardStack::depth (5 bytes)
Event: 278.135 Thread 0x0000025e28a445d0 nmethod 10623 0x0000025e15186d10 code [0x0000025e15186ea0, 0x0000025e15186f78]
Event: 278.135 Thread 0x0000025e28a445d0 10624       1       org.hibernate.metamodel.model.domain.internal.AbstractAttribute::getName (5 bytes)
Event: 278.136 Thread 0x0000025e28a445d0 nmethod 10624 0x0000025e15187010 code [0x0000025e151871a0, 0x0000025e15187278]
Event: 278.137 Thread 0x0000025e28a445d0 10626       3       mssql.googlecode.concurrentlinkedhashmap.ConcurrentLinkedHashMap$Node::getPrevious (5 bytes)
Event: 278.137 Thread 0x0000025e28a445d0 nmethod 10626 0x0000025e0e171510 code [0x0000025e0e1716a0, 0x0000025e0e1717b8]
Event: 278.137 Thread 0x0000025e28a445d0 10627       1       mssql.googlecode.concurrentlinkedhashmap.ConcurrentLinkedHashMap$Node::getNext (5 bytes)
Event: 278.138 Thread 0x0000025e28a445d0 nmethod 10627 0x0000025e15187310 code [0x0000025e151874a0, 0x0000025e15187578]
Event: 278.153 Thread 0x0000025e28a445d0 10628       1       org.hibernate.sql.exec.spi.JdbcOperationQuerySelect::getLimitParameter (5 bytes)
Event: 278.153 Thread 0x0000025e28a445d0 nmethod 10628 0x0000025e15187610 code [0x0000025e151877a0, 0x0000025e15187878]
Event: 278.153 Thread 0x0000025e28a445d0 10629       3       org.springframework.http.HttpHeaders::<init> (93 bytes)
Event: 278.153 Thread 0x0000025e28a445d0 nmethod 10629 0x0000025e0e171890 code [0x0000025e0e171ae0, 0x0000025e0e172778]
Event: 278.154 Thread 0x0000025e28a445d0 10632       3       org.springframework.web.context.request.async.WebAsyncManager::isConcurrentHandlingStarted (25 bytes)
Event: 278.154 Thread 0x0000025e28a445d0 nmethod 10632 0x0000025e0e172a90 code [0x0000025e0e172c60, 0x0000025e0e173048]

GC Heap History (20 events):
Event: 3.988 GC heap before
{Heap before GC invocations=10 (full 0):
 garbage-first heap   total 81920K, used 56167K [0x000000070c000000, 0x0000000800000000)
  region size 2048K, 19 young (38912K), 2 survivors (4096K)
 Metaspace       used 53350K, committed 53824K, reserved 1114112K
  class space    used 6878K, committed 7104K, reserved 1048576K
}
Event: 3.992 GC heap after
{Heap after GC invocations=11 (full 0):
 garbage-first heap   total 81920K, used 25172K [0x000000070c000000, 0x0000000800000000)
  region size 2048K, 3 young (6144K), 3 survivors (6144K)
 Metaspace       used 53350K, committed 53824K, reserved 1114112K
  class space    used 6878K, committed 7104K, reserved 1048576K
}
Event: 4.386 GC heap before
{Heap before GC invocations=11 (full 0):
 garbage-first heap   total 81920K, used 57940K [0x000000070c000000, 0x0000000800000000)
  region size 2048K, 20 young (40960K), 3 survivors (6144K)
 Metaspace       used 60119K, committed 60672K, reserved 1114112K
  class space    used 7942K, committed 8192K, reserved 1048576K
}
Event: 4.388 GC heap after
{Heap after GC invocations=12 (full 0):
 garbage-first heap   total 81920K, used 26363K [0x000000070c000000, 0x0000000800000000)
  region size 2048K, 2 young (4096K), 2 survivors (4096K)
 Metaspace       used 60119K, committed 60672K, reserved 1114112K
  class space    used 7942K, committed 8192K, reserved 1048576K
}
Event: 4.411 GC heap before
{Heap before GC invocations=12 (full 0):
 garbage-first heap   total 81920K, used 28411K [0x000000070c000000, 0x0000000800000000)
  region size 2048K, 4 young (8192K), 2 survivors (4096K)
 Metaspace       used 60320K, committed 60800K, reserved 1114112K
  class space    used 7957K, committed 8192K, reserved 1048576K
}
Event: 4.413 GC heap after
{Heap after GC invocations=13 (full 0):
 garbage-first heap   total 81920K, used 26317K [0x000000070c000000, 0x0000000800000000)
  region size 2048K, 2 young (4096K), 2 survivors (4096K)
 Metaspace       used 60320K, committed 60800K, reserved 1114112K
  class space    used 7957K, committed 8192K, reserved 1048576K
}
Event: 5.188 GC heap before
{Heap before GC invocations=14 (full 0):
 garbage-first heap   total 81920K, used 63181K [0x000000070c000000, 0x0000000800000000)
  region size 2048K, 20 young (40960K), 2 survivors (4096K)
 Metaspace       used 66102K, committed 66624K, reserved 1114112K
  class space    used 8741K, committed 9024K, reserved 1048576K
}
Event: 5.192 GC heap after
{Heap after GC invocations=15 (full 0):
 garbage-first heap   total 81920K, used 28676K [0x000000070c000000, 0x0000000800000000)
  region size 2048K, 3 young (6144K), 3 survivors (6144K)
 Metaspace       used 66102K, committed 66624K, reserved 1114112K
  class space    used 8741K, committed 9024K, reserved 1048576K
}
Event: 5.853 GC heap before
{Heap before GC invocations=15 (full 0):
 garbage-first heap   total 81920K, used 63492K [0x000000070c000000, 0x0000000800000000)
  region size 2048K, 20 young (40960K), 3 survivors (6144K)
 Metaspace       used 70290K, committed 70848K, reserved 1114112K
  class space    used 9336K, committed 9600K, reserved 1048576K
}
Event: 5.858 GC heap after
{Heap after GC invocations=16 (full 0):
 garbage-first heap   total 81920K, used 31742K [0x000000070c000000, 0x0000000800000000)
  region size 2048K, 3 young (6144K), 3 survivors (6144K)
 Metaspace       used 70290K, committed 70848K, reserved 1114112K
  class space    used 9336K, committed 9600K, reserved 1048576K
}
Event: 8.087 GC heap before
{Heap before GC invocations=16 (full 0):
 garbage-first heap   total 81920K, used 60414K [0x000000070c000000, 0x0000000800000000)
  region size 2048K, 18 young (36864K), 3 survivors (6144K)
 Metaspace       used 75762K, committed 76416K, reserved 1179648K
  class space    used 10161K, committed 10496K, reserved 1048576K
}
Event: 8.091 GC heap after
{Heap after GC invocations=17 (full 0):
 garbage-first heap   total 81920K, used 33740K [0x000000070c000000, 0x0000000800000000)
  region size 2048K, 2 young (4096K), 2 survivors (4096K)
 Metaspace       used 75762K, committed 76416K, reserved 1179648K
  class space    used 10161K, committed 10496K, reserved 1048576K
}
Event: 8.327 GC heap before
{Heap before GC invocations=17 (full 0):
 garbage-first heap   total 81920K, used 60364K [0x000000070c000000, 0x0000000800000000)
  region size 2048K, 16 young (32768K), 2 survivors (4096K)
 Metaspace       used 79012K, committed 79616K, reserved 1179648K
  class space    used 10585K, committed 10880K, reserved 1048576K
}
Event: 8.329 GC heap after
{Heap after GC invocations=18 (full 0):
 garbage-first heap   total 81920K, used 34854K [0x000000070c000000, 0x0000000800000000)
  region size 2048K, 2 young (4096K), 2 survivors (4096K)
 Metaspace       used 79012K, committed 79616K, reserved 1179648K
  class space    used 10585K, committed 10880K, reserved 1048576K
}
Event: 131.308 GC heap before
{Heap before GC invocations=18 (full 0):
 garbage-first heap   total 81920K, used 63526K [0x000000070c000000, 0x0000000800000000)
  region size 2048K, 16 young (32768K), 2 survivors (4096K)
 Metaspace       used 81485K, committed 82112K, reserved 1179648K
  class space    used 10773K, committed 11072K, reserved 1048576K
}
Event: 131.310 GC heap after
{Heap after GC invocations=19 (full 0):
 garbage-first heap   total 81920K, used 35813K [0x000000070c000000, 0x0000000800000000)
  region size 2048K, 2 young (4096K), 2 survivors (4096K)
 Metaspace       used 81485K, committed 82112K, reserved 1179648K
  class space    used 10773K, committed 11072K, reserved 1048576K
}
Event: 131.352 GC heap before
{Heap before GC invocations=19 (full 0):
 garbage-first heap   total 81920K, used 62437K [0x000000070c000000, 0x0000000800000000)
  region size 2048K, 16 young (32768K), 2 survivors (4096K)
 Metaspace       used 81495K, committed 82112K, reserved 1179648K
  class space    used 10773K, committed 11072K, reserved 1048576K
}
Event: 131.354 GC heap after
{Heap after GC invocations=20 (full 0):
 garbage-first heap   total 81920K, used 37749K [0x000000070c000000, 0x0000000800000000)
  region size 2048K, 2 young (4096K), 2 survivors (4096K)
 Metaspace       used 81495K, committed 82112K, reserved 1179648K
  class space    used 10773K, committed 11072K, reserved 1048576K
}
Event: 131.478 GC heap before
{Heap before GC invocations=20 (full 0):
 garbage-first heap   total 81920K, used 62325K [0x000000070c000000, 0x0000000800000000)
  region size 2048K, 15 young (30720K), 2 survivors (4096K)
 Metaspace       used 82036K, committed 82688K, reserved 1179648K
  class space    used 10861K, committed 11200K, reserved 1048576K
}
Event: 131.479 GC heap after
{Heap after GC invocations=21 (full 0):
 garbage-first heap   total 81920K, used 35681K [0x000000070c000000, 0x0000000800000000)
  region size 2048K, 1 young (2048K), 1 survivors (2048K)
 Metaspace       used 82036K, committed 82688K, reserved 1179648K
  class space    used 10861K, committed 11200K, reserved 1048576K
}

Deoptimization events (20 events):
Event: 228.748 Thread 0x0000025e76129fb0 DEOPT PACKING pc=0x0000025e0ddb112c sp=0x000000ec8fef8700
Event: 228.748 Thread 0x0000025e76129fb0 DEOPT UNPACKING pc=0x0000025e143a2b43 sp=0x000000ec8fef7c28 mode 1
Event: 228.748 Thread 0x0000025e76129fb0 DEOPT PACKING pc=0x0000025e0d1922e4 sp=0x000000ec8fef8800
Event: 228.748 Thread 0x0000025e76129fb0 DEOPT UNPACKING pc=0x0000025e143a2b43 sp=0x000000ec8fef7ca8 mode 1
Event: 228.748 Thread 0x0000025e76129fb0 DEOPT PACKING pc=0x0000025e0d192774 sp=0x000000ec8fef8860
Event: 228.748 Thread 0x0000025e76129fb0 DEOPT UNPACKING pc=0x0000025e143a2b43 sp=0x000000ec8fef7d28 mode 1
Event: 240.494 Thread 0x0000025e7612f0b0 DEOPT PACKING pc=0x0000025e0d288bcc sp=0x000000ec8fbfedb0
Event: 240.494 Thread 0x0000025e7612f0b0 DEOPT UNPACKING pc=0x0000025e143a2b43 sp=0x000000ec8fbfe310 mode 0
Event: 278.132 Thread 0x0000025e74806a50 Uncommon trap: trap_request=0xffffffc6 fr.pc=0x0000025e14be7504 relative=0x0000000000000a44
Event: 278.132 Thread 0x0000025e74806a50 Uncommon trap: reason=bimorphic_or_optimized_type_check action=maybe_recompile pc=0x0000025e14be7504 method=org.antlr.v4.runtime.atn.PredictionContext.merge(Lorg/antlr/v4/runtime/atn/PredictionContext;Lorg/antlr/v4/runtime/atn/PredictionContext;ZLorg/antl
Event: 278.132 Thread 0x0000025e74806a50 DEOPT PACKING pc=0x0000025e14be7504 sp=0x000000ec8faf60d0
Event: 278.132 Thread 0x0000025e74806a50 DEOPT UNPACKING pc=0x0000025e143a23a3 sp=0x000000ec8faf60c8 mode 2
Event: 278.132 Thread 0x0000025e74806a50 Uncommon trap: trap_request=0xffffff45 fr.pc=0x0000025e150dab68 relative=0x0000000000000068
Event: 278.132 Thread 0x0000025e74806a50 Uncommon trap: reason=unstable_if action=reinterpret pc=0x0000025e150dab68 method=org.antlr.v4.runtime.atn.PredictionContext.mergeRoot(Lorg/antlr/v4/runtime/atn/SingletonPredictionContext;Lorg/antlr/v4/runtime/atn/SingletonPredictionContext;Z)Lorg/antlr/v
Event: 278.132 Thread 0x0000025e74806a50 DEOPT PACKING pc=0x0000025e150dab68 sp=0x000000ec8faf5fa0
Event: 278.132 Thread 0x0000025e74806a50 DEOPT UNPACKING pc=0x0000025e143a23a3 sp=0x000000ec8faf5f18 mode 2
Event: 278.132 Thread 0x0000025e74806a50 Uncommon trap: trap_request=0xffffffc6 fr.pc=0x0000025e14be7504 relative=0x0000000000000a44
Event: 278.132 Thread 0x0000025e74806a50 Uncommon trap: reason=bimorphic_or_optimized_type_check action=maybe_recompile pc=0x0000025e14be7504 method=org.antlr.v4.runtime.atn.PredictionContext.merge(Lorg/antlr/v4/runtime/atn/PredictionContext;Lorg/antlr/v4/runtime/atn/PredictionContext;ZLorg/antl
Event: 278.132 Thread 0x0000025e74806a50 DEOPT PACKING pc=0x0000025e14be7504 sp=0x000000ec8faf60d0
Event: 278.132 Thread 0x0000025e74806a50 DEOPT UNPACKING pc=0x0000025e143a23a3 sp=0x000000ec8faf60c8 mode 2

Classes unloaded (0 events):
No events

Classes redefined (0 events):
No events

Internal exceptions (20 events):
Event: 5.023 Thread 0x0000025e0567bdd0 Exception <a 'java/io/FileNotFoundException'{0x000000070f00c198}> (0x000000070f00c198) 
thrown [s\open\src\hotspot\share\prims\jni.cpp, line 516]
Event: 5.103 Thread 0x0000025e0567bdd0 Exception <a 'sun/nio/fs/WindowsException'{0x000000070ecb32e0}> (0x000000070ecb32e0) 
thrown [s\open\src\hotspot\share\prims\jni.cpp, line 516]
Event: 5.106 Thread 0x0000025e0567bdd0 Exception <a 'sun/nio/fs/WindowsException'{0x000000070ed1a6c8}> (0x000000070ed1a6c8) 
thrown [s\open\src\hotspot\share\prims\jni.cpp, line 516]
Event: 5.565 Thread 0x0000025e0567bdd0 Exception <a 'java/lang/IncompatibleClassChangeError'{0x000000070fa19168}: Found class java.lang.Object, but interface was expected> (0x000000070fa19168) 
thrown [s\open\src\hotspot\share\interpreter\linkResolver.cpp, line 826]
Event: 5.632 Thread 0x0000025e0567bdd0 Exception <a 'java/lang/NoSuchMethodError'{0x000000070f8dbe08}: 'java.lang.Object java.lang.invoke.DirectMethodHandle$Holder.invokeInterface(java.lang.Object, java.lang.Object, java.lang.Object, java.lang.Object)'> (0x000000070f8dbe08) 
thrown [s\open\src\hotspot\share\interpreter\linkResolver.cpp, line 759]
Event: 5.689 Thread 0x0000025e0567bdd0 Exception <a 'java/lang/NoSuchMethodError'{0x000000070f726e70}: 'void java.lang.invoke.DirectMethodHandle$Holder.invokeVirtual(java.lang.Object, java.lang.Object, long)'> (0x000000070f726e70) 
thrown [s\open\src\hotspot\share\interpreter\linkResolver.cpp, line 759]
Event: 5.740 Thread 0x0000025e0567bdd0 Implicit null exception at 0x0000025e14cdd797 to 0x0000025e14cddd28
Event: 5.762 Thread 0x0000025e0567bdd0 Exception <a 'java/lang/NoSuchMethodError'{0x000000070f33fd50}: 'java.lang.Object java.lang.invoke.Invokers$Holder.invoke_MT(java.lang.Object, java.lang.Object, java.lang.Object, java.lang.Object, java.lang.Object, java.lang.Object, java.lang.Object, java.lang.Object, java.lang.Object)'> (0x000000070f33fd50) 
thrown [s\open\src\hotspot\share\interpreter\linkResolver.cpp, line 759]
Event: 5.801 Thread 0x0000025e0567bdd0 Exception <a 'java/lang/IncompatibleClassChangeError'{0x000000070f1319e8}: Found class java.lang.Object, but interface was expected> (0x000000070f1319e8) 
thrown [s\open\src\hotspot\share\interpreter\linkResolver.cpp, line 826]
Event: 5.816 Thread 0x0000025e0567bdd0 Implicit null exception at 0x0000025e14c41ada to 0x0000025e14c41d78
Event: 5.837 Thread 0x0000025e0567bdd0 Exception <a 'java/lang/NoSuchMethodError'{0x000000070ef19688}: 'java.lang.Object java.lang.invoke.DirectMethodHandle$Holder.invokeSpecial(java.lang.Object, java.lang.Object, java.lang.Object, java.lang.Object, java.lang.Object, java.lang.Object, java.lang.Object, java.lang.Object, java.lang.Object, java.lang.Object, java.lang.Object)'> (0x000000070ef19688) 
thrown [s\open\src\hotspot\share\interpreter\linkResolver.cpp, line 759]
Event: 5.837 Thread 0x0000025e0567bdd0 Exception <a 'java/lang/NoSuchMethodError'{0x000000070ef1dab8}: 'java.lang.Object java.lang.invoke.Invokers$Holder.invoke_MT(java.lang.Object, java.lang.Object, java.lang.Object, java.lang.Object, java.lang.Object, java.lang.Object, java.lang.Object, java.lang.Object, java.lang.Object, java.lang.Object, java.lang.Object)'> (0x000000070ef1dab8) 
thrown [s\open\src\hotspot\share\interpreter\linkResolver.cpp, line 759]
Event: 5.905 Thread 0x0000025e0567bdd0 Exception <a 'java/lang/NoSuchMethodError'{0x000000071206bac8}: 'java.lang.Object java.lang.invoke.DirectMethodHandle$Holder.newInvokeSpecial(java.lang.Object, java.lang.Object, int, java.lang.Object, java.lang.Object)'> (0x000000071206bac8) 
thrown [s\open\src\hotspot\share\interpreter\linkResolver.cpp, line 759]
Event: 7.839 Thread 0x0000025e74805610 Exception <a 'java/lang/NoSuchMethodError'{0x0000000711cb6e80}: 'java.lang.Object java.lang.invoke.DirectMethodHandle$Holder.invokeSpecial(java.lang.Object, java.lang.Object, java.lang.Object, java.lang.Object, java.lang.Object, long)'> (0x0000000711cb6e80) 
thrown [s\open\src\hotspot\share\interpreter\linkResolver.cpp, line 759]
Event: 7.839 Thread 0x0000025e74805610 Exception <a 'java/lang/NoSuchMethodError'{0x0000000711cba8c0}: 'java.lang.Object java.lang.invoke.Invokers$Holder.linkToTargetMethod(java.lang.Object, java.lang.Object, java.lang.Object, long, java.lang.Object)'> (0x0000000711cba8c0) 
thrown [s\open\src\hotspot\share\interpreter\linkResolver.cpp, line 759]
Event: 8.203 Thread 0x0000025e74804bf0 Exception <a 'java/lang/IncompatibleClassChangeError'{0x00000007100d2cd8}: Found class java.lang.Object, but interface was expected> (0x00000007100d2cd8) 
thrown [s\open\src\hotspot\share\interpreter\linkResolver.cpp, line 826]
Event: 8.277 Thread 0x0000025e74804bf0 Exception <a 'java/lang/IncompatibleClassChangeError'{0x000000070fd0e908}: Found class java.lang.Object, but interface was expected> (0x000000070fd0e908) 
thrown [s\open\src\hotspot\share\interpreter\linkResolver.cpp, line 826]
Event: 8.280 Thread 0x0000025e74804bf0 Exception <a 'java/lang/NoSuchMethodError'{0x000000070fd3ff30}: 'void java.lang.invoke.DirectMethodHandle$Holder.invokeSpecialIFC(java.lang.Object, java.lang.Object, int, java.lang.Object, java.lang.Object, java.lang.Object, java.lang.Object)'> (0x000000070fd3ff30) 
thrown [s\open\src\hotspot\share\interpreter\linkResolver.cpp, line 759]
Event: 8.304 Thread 0x0000025e74804bf0 Exception <a 'java/lang/IncompatibleClassChangeError'{0x000000070fa3e390}: Found class java.lang.Object, but interface was expected> (0x000000070fa3e390) 
thrown [s\open\src\hotspot\share\interpreter\linkResolver.cpp, line 826]
Event: 130.333 Thread 0x0000025e7612e690 Exception <a 'java/lang/IncompatibleClassChangeError'{0x000000070f74ae50}: Found class java.lang.Object, but interface was expected> (0x000000070f74ae50) 
thrown [s\open\src\hotspot\share\interpreter\linkResolver.cpp, line 826]

VM Operations (20 events):
Event: 242.511 Executing VM operation: Cleanup
Event: 242.511 Executing VM operation: Cleanup done
Event: 242.608 Executing VM operation: HandshakeAllThreads
Event: 242.608 Executing VM operation: HandshakeAllThreads done
Event: 243.613 Executing VM operation: Cleanup
Event: 243.613 Executing VM operation: Cleanup done
Event: 247.647 Executing VM operation: Cleanup
Event: 247.647 Executing VM operation: Cleanup done
Event: 249.672 Executing VM operation: Cleanup
Event: 249.672 Executing VM operation: Cleanup done
Event: 250.683 Executing VM operation: Cleanup
Event: 250.683 Executing VM operation: Cleanup done
Event: 254.718 Executing VM operation: Cleanup
Event: 254.718 Executing VM operation: Cleanup done
Event: 258.748 Executing VM operation: Cleanup
Event: 258.748 Executing VM operation: Cleanup done
Event: 262.776 Executing VM operation: Cleanup
Event: 262.776 Executing VM operation: Cleanup done
Event: 270.833 Executing VM operation: Cleanup
Event: 270.833 Executing VM operation: Cleanup done

Events (20 events):
Event: 242.616 Thread 0x0000025e28a4f6c0 flushing nmethod 0x0000025e0da8df10
Event: 242.616 Thread 0x0000025e28a4f6c0 flushing nmethod 0x0000025e0da91c10
Event: 253.756 Thread 0x0000025e79e6cf90 Thread added: 0x0000025e79e6cf90
Event: 258.053 Thread 0x0000025e79e6cf90 Thread exited: 0x0000025e79e6cf90
Event: 278.061 loading class java/util/concurrent/atomic/Striped64$Cell
Event: 278.061 loading class java/util/concurrent/atomic/Striped64$Cell done
Event: 278.101 loading class java/util/zip/DeflaterOutputStream
Event: 278.101 loading class java/util/zip/DeflaterOutputStream done
Event: 278.102 loading class java/util/zip/GZIPInputStream
Event: 278.102 loading class java/util/zip/GZIPInputStream done
Event: 278.102 loading class java/util/zip/GZIPOutputStream
Event: 278.102 loading class java/util/zip/GZIPOutputStream done
Event: 278.127 loading class javax/crypto/Mac
Event: 278.128 loading class javax/crypto/Mac done
Event: 278.128 loading class com/sun/crypto/provider/HmacCore$HmacSHA512
Event: 278.128 loading class com/sun/crypto/provider/HmacCore
Event: 278.128 loading class javax/crypto/MacSpi
Event: 278.128 loading class javax/crypto/MacSpi done
Event: 278.128 loading class com/sun/crypto/provider/HmacCore done
Event: 278.128 loading class com/sun/crypto/provider/HmacCore$HmacSHA512 done


Dynamic libraries:
0x00007ff799c80000 - 0x00007ff799c90000 	C:\Program Files\Java\jdk-17\bin\java.exe
0x00007fffc38b0000 - 0x00007fffc3ac7000 	C:\WINDOWS\SYSTEM32\ntdll.dll
0x00007fffc26d0000 - 0x00007fffc2794000 	C:\WINDOWS\System32\KERNEL32.DLL
0x00007fffc0b60000 - 0x00007fffc0f30000 	C:\WINDOWS\System32\KERNELBASE.dll
0x00007fffc1220000 - 0x00007fffc1331000 	C:\WINDOWS\System32\ucrtbase.dll
0x00007fffbaf40000 - 0x00007fffbaf5b000 	C:\Program Files\Java\jdk-17\bin\VCRUNTIME140.dll
0x00007fffbb090000 - 0x00007fffbb0a9000 	C:\Program Files\Java\jdk-17\bin\jli.dll
0x00007fffc17e0000 - 0x00007fffc1891000 	C:\WINDOWS\System32\ADVAPI32.dll
0x00007fffc2a80000 - 0x00007fffc2b27000 	C:\WINDOWS\System32\msvcrt.dll
0x00007fffc3390000 - 0x00007fffc3437000 	C:\WINDOWS\System32\sechost.dll
0x00007fffc0fb0000 - 0x00007fffc0fd8000 	C:\WINDOWS\System32\bcrypt.dll
0x00007fffc3270000 - 0x00007fffc3384000 	C:\WINDOWS\System32\RPCRT4.dll
0x00007fffc2b30000 - 0x00007fffc2cde000 	C:\WINDOWS\System32\USER32.dll
0x00007fffc0fe0000 - 0x00007fffc1006000 	C:\WINDOWS\System32\win32u.dll
0x00007fffb0460000 - 0x00007fffb06f2000 	C:\WINDOWS\WinSxS\amd64_microsoft.windows.common-controls_6595b64144ccf1df_6.0.22621.4830_none_270fe7d773858e80\COMCTL32.dll
0x00007fffc2870000 - 0x00007fffc2899000 	C:\WINDOWS\System32\GDI32.dll
0x00007fffc1480000 - 0x00007fffc159b000 	C:\WINDOWS\System32\gdi32full.dll
0x00007fffc1010000 - 0x00007fffc10aa000 	C:\WINDOWS\System32\msvcp_win.dll
0x00007fffbab60000 - 0x00007fffbab6a000 	C:\WINDOWS\SYSTEM32\VERSION.dll
0x00007fffc27a0000 - 0x00007fffc27d1000 	C:\WINDOWS\System32\IMM32.DLL
0x00007fffbd0e0000 - 0x00007fffbd0ec000 	C:\Program Files\Java\jdk-17\bin\vcruntime140_1.dll
0x00007fff93e30000 - 0x00007fff93ebe000 	C:\Program Files\Java\jdk-17\bin\msvcp140.dll
0x00007fff51590000 - 0x00007fff52171000 	C:\Program Files\Java\jdk-17\bin\server\jvm.dll
0x00007fffc3850000 - 0x00007fffc3858000 	C:\WINDOWS\System32\PSAPI.DLL
0x00007fffb9a00000 - 0x00007fffb9a09000 	C:\WINDOWS\SYSTEM32\WSOCK32.dll
0x00007fffb7bd0000 - 0x00007fffb7c04000 	C:\WINDOWS\SYSTEM32\WINMM.dll
0x00007fffc1dd0000 - 0x00007fffc1e41000 	C:\WINDOWS\System32\WS2_32.dll
0x00007fffbfba0000 - 0x00007fffbfbb8000 	C:\WINDOWS\SYSTEM32\kernel.appcore.dll
0x00007fffb5b80000 - 0x00007fffb5b8a000 	C:\Program Files\Java\jdk-17\bin\jimage.dll
0x00007fffb9ec0000 - 0x00007fffba0f2000 	C:\WINDOWS\SYSTEM32\DBGHELP.DLL
0x00007fffc3440000 - 0x00007fffc37d0000 	C:\WINDOWS\System32\combase.dll
0x00007fffc1a90000 - 0x00007fffc1b67000 	C:\WINDOWS\System32\OLEAUT32.dll
0x00007fffb9390000 - 0x00007fffb93c2000 	C:\WINDOWS\SYSTEM32\dbgcore.DLL
0x00007fffc1400000 - 0x00007fffc147b000 	C:\WINDOWS\System32\bcryptPrimitives.dll
0x00007fffb1250000 - 0x00007fffb128b000 	C:\Program Files\Java\jdk-17\bin\jdwp.dll
0x00007fffb1360000 - 0x00007fffb1385000 	C:\Program Files\Java\jdk-17\bin\java.dll
0x00007fff86940000 - 0x00007fff86a17000 	C:\Program Files\Java\jdk-17\bin\jsvml.dll
0x00007fffc1e50000 - 0x00007fffc26c8000 	C:\WINDOWS\System32\SHELL32.dll
0x00007fffbeab0000 - 0x00007fffbf3c0000 	C:\WINDOWS\SYSTEM32\windows.storage.dll
0x00007fffbe970000 - 0x00007fffbeaaf000 	C:\WINDOWS\SYSTEM32\wintypes.dll
0x00007fffc28a0000 - 0x00007fffc29aa000 	C:\WINDOWS\System32\SHCORE.dll
0x00007fffc15d0000 - 0x00007fffc162e000 	C:\WINDOWS\System32\shlwapi.dll
0x00007fffc0a90000 - 0x00007fffc0abb000 	C:\WINDOWS\SYSTEM32\profapi.dll
0x00007fffb5b70000 - 0x00007fffb5b7c000 	C:\Program Files\Java\jdk-17\bin\dt_socket.dll
0x00007fffbf610000 - 0x00007fffbf63d000 	C:\WINDOWS\SYSTEM32\IPHLPAPI.DLL
0x00007fffc0020000 - 0x00007fffc008a000 	C:\WINDOWS\system32\mswsock.dll
0x00007fffbf640000 - 0x00007fffbf742000 	C:\WINDOWS\SYSTEM32\DNSAPI.dll
0x00007fffc15a0000 - 0x00007fffc15a9000 	C:\WINDOWS\System32\NSI.dll
0x00007fffbcff0000 - 0x00007fffbcffa000 	C:\Windows\System32\rasadhlp.dll
0x00007fffbce60000 - 0x00007fffbcee3000 	C:\WINDOWS\System32\fwpuclnt.dll
0x00007fffb1460000 - 0x00007fffb1479000 	C:\Program Files\Java\jdk-17\bin\net.dll
0x00007fffbdb00000 - 0x00007fffbdc2c000 	C:\WINDOWS\SYSTEM32\WINHTTP.dll
0x00007fffb13b0000 - 0x00007fffb13c6000 	C:\Program Files\Java\jdk-17\bin\nio.dll
0x00007fffb1320000 - 0x00007fffb1338000 	C:\Program Files\Java\jdk-17\bin\zip.dll
0x00007fffb5b60000 - 0x00007fffb5b6a000 	C:\Program Files\Java\jdk-17\bin\management.dll
0x00007fffb1310000 - 0x00007fffb131b000 	C:\Program Files\Java\jdk-17\bin\management_ext.dll
0x00007fff9ba60000 - 0x00007fff9ba77000 	C:\WINDOWS\system32\napinsp.dll
0x00007fff9ba40000 - 0x00007fff9ba5b000 	C:\WINDOWS\system32\pnrpnsp.dll
0x00007fff9ba20000 - 0x00007fff9ba31000 	C:\WINDOWS\System32\winrnr.dll
0x00007fff9ba00000 - 0x00007fff9ba15000 	C:\WINDOWS\system32\wshbth.dll
0x00007fff9b670000 - 0x00007fff9b697000 	C:\WINDOWS\system32\nlansp_c.dll
0x00007fffc0270000 - 0x00007fffc028b000 	C:\WINDOWS\SYSTEM32\CRYPTSP.dll
0x00007fffbfb00000 - 0x00007fffbfb35000 	C:\WINDOWS\system32\rsaenh.dll
0x00007fffc0110000 - 0x00007fffc0138000 	C:\WINDOWS\SYSTEM32\USERENV.dll
0x00007fffc0290000 - 0x00007fffc029c000 	C:\WINDOWS\SYSTEM32\CRYPTBASE.dll
0x00007fffbd1f0000 - 0x00007fffbd209000 	C:\WINDOWS\SYSTEM32\dhcpcsvc6.DLL
0x00007fffbd1d0000 - 0x00007fffbd1ef000 	C:\WINDOWS\SYSTEM32\dhcpcsvc.DLL
0x00007fffb10c0000 - 0x00007fffb10ce000 	C:\Program Files\Java\jdk-17\bin\sunmscapi.dll
0x00007fffc10b0000 - 0x00007fffc1216000 	C:\WINDOWS\System32\CRYPT32.dll
0x00007fffc04a0000 - 0x00007fffc04cd000 	C:\WINDOWS\SYSTEM32\ncrypt.dll
0x00007fffc0460000 - 0x00007fffc0497000 	C:\WINDOWS\SYSTEM32\NTASN1.dll
0x00007fffb10b0000 - 0x00007fffb10c0000 	C:\Program Files\Java\jdk-17\bin\verify.dll
0x00007fff96a90000 - 0x00007fff96a98000 	C:\WINDOWS\system32\wshunix.dll

dbghelp: loaded successfully - version: 4.0.5 - missing functions: none
symbol engine: initialized successfully - sym options: 0x614 - pdb path: .;C:\Program Files\Java\jdk-17\bin;C:\WINDOWS\SYSTEM32;C:\WINDOWS\WinSxS\amd64_microsoft.windows.common-controls_6595b64144ccf1df_6.0.22621.4830_none_270fe7d773858e80;C:\Program Files\Java\jdk-17\bin\server

VM Arguments:
jvm_args: -agentlib:jdwp=transport=dt_socket,server=n,suspend=y,address=localhost:51180 -Dcom.sun.management.jmxremote -Dcom.sun.management.jmxremote.port=50856 -Dcom.sun.management.jmxremote.authenticate=false -Dcom.sun.management.jmxremote.ssl=false -Dspring.jmx.enabled=true -Djava.rmi.server.hostname=localhost -Dspring.application.admin.enabled=true -Dspring.boot.project.name=thuan -XX:+ShowCodeDetailsInExceptionMessages 
java_command: com.example.thuan.ThuanApplication
java_class_path (initial): E:\SWP391_GR5_SE1812\ReadHasha_BackEnd\thuan\bin\main;E:\SWP391_GR5_SE1812\ReadHasha_BackEnd\thuan\bin\test;E:\SWP391_GR5_SE1812\ReadHasha_BackEnd\thuan\bin\default;C:\Users\ASUS\.gradle\caches\modules-2\files-2.1\org.projectlombok\lombok\1.18.24\13a394eed5c4f9efb2a6d956e2086f1d81e857d9\lombok-1.18.24.jar;C:\Users\ASUS\.gradle\caches\modules-2\files-2.1\org.springframework.boot\spring-boot-starter-web\3.4.2\cf1c8efe77dccf221acf5f0ce9cc24c718c0ca44\spring-boot-starter-web-3.4.2.jar;C:\Users\ASUS\.gradle\caches\modules-2\files-2.1\org.springframework.boot\spring-boot-starter-security\3.4.2\b3102ed745b5e71f61bb5174c6a12275f0154dbb\spring-boot-starter-security-3.4.2.jar;C:\Users\ASUS\.gradle\caches\modules-2\files-2.1\org.springframework.boot\spring-boot-starter-oauth2-resource-server\3.4.2\8ecba5fcece1409be2109ced33a3a4047f0739f7\spring-boot-starter-oauth2-resource-server-3.4.2.jar;C:\Users\ASUS\.gradle\caches\modules-2\files-2.1\org.springframework.boot\spring-boot-starter-data-jpa\3.4.2\b65a304b493807dff48bf114135dc4aa5f267927\spring-boot-starter-data-jpa-3.4.2.jar;C:\Users\ASUS\.gradle\caches\modules-2\files-2.1\com.microsoft.sqlserver\mssql-jdbc\12.2.0.jre8\24230b89715e4a101e1f2263293a2343a710ecd1\mssql-jdbc-12.2.0.jre8.jar;C:\Users\ASUS\.gradle\caches\modules-2\files-2.1\org.springframework.security\spring-security-config\6.4.2\5ed985329eb14b1c61045160c8dcbbcab179ddd3\spring-security-config-6.4.2.jar;C:\Users\ASUS\.gradle\caches\modules-2\files-2.1\org.springframework.security\spring-security-oauth2-resource-server\6.4.2\7b1d8e78f8aef21c6fda8588c6acc3b85e25771f\spring-security-oauth2-resource-server-6.4.2.jar;C:\Users\ASUS\.gradle\caches\modules-2\files-2.1\org.springframework.security\spring-security-web\6.4.2\733a3bbbdca56225676fb7f4e3f317c2075fc383\spring-security-web-6.4.2.jar;C:\Users\ASUS\.gradle\caches\modules-2\files-2.1\org.springframework.security\spring-security-oauth2-jose\6.4.2\274482eaffe0f5e7d978be7cbf7dc1817037efa5\spri
Launcher Type: SUN_STANDARD

[Global flags]
     intx CICompilerCount                          = 12                                        {product} {ergonomic}
     uint ConcGCThreads                            = 3                                         {product} {ergonomic}
     uint G1ConcRefinementThreads                  = 13                                        {product} {ergonomic}
   size_t G1HeapRegionSize                         = 2097152                                   {product} {ergonomic}
    uintx GCDrainStackTargetSize                   = 64                                        {product} {ergonomic}
   size_t InitialHeapSize                          = 255852544                                 {product} {ergonomic}
     bool ManagementServer                         = true                                      {product} {command line}
   size_t MarkStackSize                            = 4194304                                   {product} {ergonomic}
   size_t MaxHeapSize                              = 4093640704                                {product} {ergonomic}
   size_t MaxNewSize                               = 2455764992                                {product} {ergonomic}
   size_t MinHeapDeltaBytes                        = 2097152                                   {product} {ergonomic}
   size_t MinHeapSize                              = 8388608                                   {product} {ergonomic}
    uintx NonNMethodCodeHeapSize                   = 7602480                                {pd product} {ergonomic}
    uintx NonProfiledCodeHeapSize                  = 122027880                              {pd product} {ergonomic}
    uintx ProfiledCodeHeapSize                     = 122027880                              {pd product} {ergonomic}
    uintx ReservedCodeCacheSize                    = 251658240                              {pd product} {ergonomic}
     bool SegmentedCodeCache                       = true                                      {product} {ergonomic}
     bool ShowCodeDetailsInExceptionMessages       = true                                   {manageable} {command line}
   size_t SoftMaxHeapSize                          = 4093640704                             {manageable} {ergonomic}
     bool UseCompressedClassPointers               = true                           {product lp64_product} {ergonomic}
     bool UseCompressedOops                        = true                           {product lp64_product} {ergonomic}
     bool UseG1GC                                  = true                                      {product} {ergonomic}
     bool UseLargePagesIndividualAllocation        = false                                  {pd product} {ergonomic}

Logging:
Log output configuration:
 #0: stdout all=warning uptime,level,tags
 #1: stderr all=off uptime,level,tags

Environment Variables:
PATH=C:\Program Files\Common Files\Oracle\Java\javapath;C:\Program Files (x86)\Common Files\Oracle\Java\java8path;C:\Program Files (x86)\Common Files\Oracle\Java\javapath;C:\ProgramData\Oracle\Java\javapath;C:\Windows\system32;C:\Windows;C:\Windows\System32\Wbem;C:\Windows\System32\WindowsPowerShell\v1.0\;C:\Windows\System32\OpenSSH\;C:\Program Files (x86)\NVIDIA Corporation\PhysX\Common;C:\WINDOWS\system32;C:\WINDOWS;C:\WINDOWS\System32\Wbem;C:\WINDOWS\System32\WindowsPowerShell\v1.0\;C:\WINDOWS\System32\OpenSSH\;C:\Program Files (x86)\Microsoft SQL Server\160\Tools\Binn\;C:\Program Files\Microsoft SQL Server\160\Tools\Binn\;C:\Program Files\Microsoft SQL Server\Client SDK\ODBC\170\Tools\Binn\;C:\Program Files\Microsoft SQL Server\160\DTS\Binn\;C:\Program Files (x86)\Microsoft SQL Server\160\DTS\Binn\;C:\Program Files\Azure Data Studio\bin;C:\Program Files\dotnet\;C:\Program Files\nodejs\;C:\Program Files\Git\cmd;C:\Program Files\NVIDIA Corporation\NVIDIA app\NvDLISR;C:\Program Files\Cloudflare\Cloudflare WARP\;C:\Program Files\MySQL\MySQL Shell 8.0\bin\;C:\Users\ASUS\AppData\Local\Microsoft\WindowsApps;C:\Program Files\Azure Data Studio\bin;C:\Users\ASUS\AppData\Local\Programs\Microsoft VS Code\bin;C:\Users\ASUS\AppData\Roaming\npm;C:\Program Files\Git\mingw64\bin\;
USERNAME=ASUS
LANG=en_US.UTF-8
OS=Windows_NT
PROCESSOR_IDENTIFIER=AMD64 Family 25 Model 68 Stepping 1, AuthenticAMD



---------------  S Y S T E M  ---------------

OS:
 Windows 11 , 64 bit Build 22621 (10.0.22621.4830)
OS uptime: 2 days 14:50 hours

CPU: total 16 (initial active 16) (16 cores per cpu, 2 threads per core) family 25 model 68 stepping 1 microcode 0x0, cx8, cmov, fxsr, ht, mmx, 3dnowpref, sse, sse2, sse3, ssse3, sse4a, sse4.1, sse4.2, popcnt, lzcnt, tsc, tscinvbit, avx, avx2, aes, clmul, bmi1, bmi2, adx, sha, fma, vzeroupper, clflush, clflushopt

Memory: 4k page, system-wide physical 15613M (1838M free)
TotalPageFile size 19709M (AvailPageFile size 69M)
current process WorkingSet (physical memory assigned to process): 283M, peak: 586M
current process commit charge ("private bytes"): 331M, peak: 638M

vm_info: Java HotSpot(TM) 64-Bit Server VM (17.0.9+11-LTS-201) for windows-amd64 JRE (17.0.9+11-LTS-201), built on Oct 10 2023 23:16:06 by "mach5one" with MS VC++ 17.1 (VS2022)

END.
