#
# There is insufficient memory for the Java Runtime Environment to continue.
# Native memory allocation (malloc) failed to allocate 2872688 bytes for Chunk::new
# Possible reasons:
#   The system is out of physical RAM or swap space
#   The process is running with CompressedOops enabled, and the Java Heap may be blocking the growth of the native heap
# Possible solutions:
#   Reduce memory load on the system
#   Increase physical memory or swap space
#   Check if swap backing store is full
#   Decrease Java heap size (-Xmx/-Xms)
#   Decrease number of Java threads
#   Decrease Java thread stack sizes (-Xss)
#   Set larger code cache with -XX:ReservedCodeCacheSize=
#   JVM is running with Zero Based Compressed Oops mode in which the Java heap is
#     placed in the first 32GB address space. The Java Heap base address is the
#     maximum limit for the native heap growth. Please use -XX:HeapBaseMinAddress
#     to set the Java Heap base and to place the Java Heap above 32GB virtual address.
# This output file may be truncated or incomplete.
#
#  Out of Memory Error (arena.cpp:189), pid=24752, tid=33628
#
# JRE version: Java(TM) SE Runtime Environment (17.0.9+11) (build 17.0.9+11-LTS-201)
# Java VM: Java HotSpot(TM) 64-Bit Server VM (17.0.9+11-LTS-201, mixed mode, sharing, tiered, compressed oops, compressed class ptrs, g1 gc, windows-amd64)
# No core dump will be written. Minidumps are not enabled by default on client versions of Windows
#

---------------  S U M M A R Y ------------

Command Line: -agentlib:jdwp=transport=dt_socket,server=n,suspend=y,address=localhost:49794 -Dcom.sun.management.jmxremote -Dcom.sun.management.jmxremote.port=64330 -Dcom.sun.management.jmxremote.authenticate=false -Dcom.sun.management.jmxremote.ssl=false -Dspring.jmx.enabled=true -Djava.rmi.server.hostname=localhost -Dspring.application.admin.enabled=true -Dspring.boot.project.name=thuan -XX:+ShowCodeDetailsInExceptionMessages com.example.thuan.ThuanApplication

Host: AMD Ryzen 7 6800H with Radeon Graphics         , 16 cores, 15G,  Windows 11 , 64 bit Build 22621 (10.0.22621.5124)
Time: Mon Apr  7 09:03:50 2025 SE Asia Standard Time elapsed time: 5.852971 seconds (0d 0h 0m 5s)

---------------  T H R E A D  ---------------

Current thread (0x000002978a602600):  JavaThread "C2 CompilerThread4" daemon [_thread_in_native, id=33628, stack(0x000000b904100000,0x000000b904200000)]


Current CompileTask:
C2:   5853 7322       4       org.springframework.asm.Frame::merge (395 bytes)

Stack: [0x000000b904100000,0x000000b904200000]
Native frames: (J=compiled Java code, j=interpreted, Vv=VM code, C=native code)
V  [jvm.dll+0x678a4a]
V  [jvm.dll+0x7d9cfd]
V  [jvm.dll+0x7db60e]
V  [jvm.dll+0x7dbc73]
V  [jvm.dll+0x245e1f]
V  [jvm.dll+0xaaafb]
V  [jvm.dll+0xab09c]
V  [jvm.dll+0x36237e]
V  [jvm.dll+0x1bbb3a]
V  [jvm.dll+0x218287]
V  [jvm.dll+0x217561]
V  [jvm.dll+0x1a3bc0]
V  [jvm.dll+0x2272de]
V  [jvm.dll+0x22548b]
V  [jvm.dll+0x78f58c]
V  [jvm.dll+0x78998a]
V  [jvm.dll+0x677875]
C  [ucrtbase.dll+0x29333]
C  [KERNEL32.DLL+0x1259d]
C  [ntdll.dll+0x5af38]


---------------  P R O C E S S  ---------------

Threads class SMR info:
_java_thread_list=0x00000297fe2ada40, length=34, elements={
0x0000029792ececd0, 0x00000297b5b31e10, 0x00000297b5b32a90, 0x00000297b61aba20,
0x00000297b61ad300, 0x00000297b61adbd0, 0x00000297b61ae4a0, 0x00000297b61af0a0,
0x00000297b61c2720, 0x00000297b61c5040, 0x00000297b5b1e0f0, 0x00000297b62d2120,
0x00000297b62d2640, 0x00000297b62f2b20, 0x00000297b64399a0, 0x00000297b63a92c0,
0x00000297b63a97b0, 0x00000297b6394520, 0x00000297fc3e0df0, 0x00000297fc4a5f40,
0x00000297fc4ab960, 0x00000297fcfbf420, 0x00000297fcfbf930, 0x00000297fcfc1280,
0x00000297fcfbef10, 0x00000297fcfbc180, 0x00000297fcfba320, 0x000002978a6010c0,
0x000002978a6000d0, 0x000002978a601b60, 0x000002978a602600, 0x000002978a5ff0e0,
0x000002978a5ff630, 0x000002978a5ffb80
}

Java Threads: ( => current thread )
  0x0000029792ececd0 JavaThread "main" [_thread_in_Java, id=22764, stack(0x000000b901700000,0x000000b901800000)]
  0x00000297b5b31e10 JavaThread "Reference Handler" daemon [_thread_blocked, id=36952, stack(0x000000b901e00000,0x000000b901f00000)]
  0x00000297b5b32a90 JavaThread "Finalizer" daemon [_thread_blocked, id=10532, stack(0x000000b901f00000,0x000000b902000000)]
  0x00000297b61aba20 JavaThread "Signal Dispatcher" daemon [_thread_blocked, id=45400, stack(0x000000b902000000,0x000000b902100000)]
  0x00000297b61ad300 JavaThread "Attach Listener" daemon [_thread_blocked, id=13740, stack(0x000000b902100000,0x000000b902200000)]
  0x00000297b61adbd0 JavaThread "Service Thread" daemon [_thread_blocked, id=15896, stack(0x000000b902200000,0x000000b902300000)]
  0x00000297b61ae4a0 JavaThread "Monitor Deflation Thread" daemon [_thread_blocked, id=40272, stack(0x000000b902300000,0x000000b902400000)]
  0x00000297b61af0a0 JavaThread "C2 CompilerThread0" daemon [_thread_in_native, id=17848, stack(0x000000b902400000,0x000000b902500000)]
  0x00000297b61c2720 JavaThread "C1 CompilerThread0" daemon [_thread_blocked, id=33732, stack(0x000000b902500000,0x000000b902600000)]
  0x00000297b61c5040 JavaThread "Sweeper thread" daemon [_thread_blocked, id=25484, stack(0x000000b902600000,0x000000b902700000)]
  0x00000297b5b1e0f0 JavaThread "Common-Cleaner" daemon [_thread_blocked, id=44120, stack(0x000000b902700000,0x000000b902800000)]
  0x00000297b62d2120 JavaThread "C1 CompilerThread1" daemon [_thread_blocked, id=21204, stack(0x000000b902800000,0x000000b902900000)]
  0x00000297b62d2640 JavaThread "C1 CompilerThread2" daemon [_thread_blocked, id=12772, stack(0x000000b902900000,0x000000b902a00000)]
  0x00000297b62f2b20 JavaThread "C1 CompilerThread3" daemon [_thread_in_vm, id=19232, stack(0x000000b902a00000,0x000000b902b00000)]
  0x00000297b64399a0 JavaThread "JDWP Transport Listener: dt_socket" daemon [_thread_blocked, id=42744, stack(0x000000b902c00000,0x000000b902d00000)]
  0x00000297b63a92c0 JavaThread "JDWP Event Helper Thread" daemon [_thread_blocked, id=46792, stack(0x000000b902d00000,0x000000b902e00000)]
  0x00000297b63a97b0 JavaThread "JDWP Command Reader" daemon [_thread_in_native, id=15444, stack(0x000000b902e00000,0x000000b902f00000)]
  0x00000297b6394520 JavaThread "Notification Thread" daemon [_thread_blocked, id=44988, stack(0x000000b902f00000,0x000000b903000000)]
  0x00000297fc3e0df0 JavaThread "RMI TCP Accept-0" daemon [_thread_in_native, id=32944, stack(0x000000b903000000,0x000000b903100000)]
  0x00000297fc4a5f40 JavaThread "RMI TCP Accept-64330" daemon [_thread_in_native, id=46304, stack(0x000000b903100000,0x000000b903200000)]
  0x00000297fc4ab960 JavaThread "RMI TCP Accept-0" daemon [_thread_in_native, id=1768, stack(0x000000b903200000,0x000000b903300000)]
  0x00000297fcfbf420 JavaThread "Catalina-utility-1" [_thread_blocked, id=14452, stack(0x000000b904700000,0x000000b904800000)]
  0x00000297fcfbf930 JavaThread "Catalina-utility-2" [_thread_blocked, id=14072, stack(0x000000b904800000,0x000000b904900000)]
  0x00000297fcfc1280 JavaThread "container-0" [_thread_blocked, id=33320, stack(0x000000b904900000,0x000000b904a00000)]
  0x00000297fcfbef10 JavaThread "mssql-jdbc-shared-timer-core-0" daemon [_thread_blocked, id=27016, stack(0x000000b904c00000,0x000000b904d00000)]
  0x00000297fcfbc180 JavaThread "HikariPool-1 housekeeper" daemon [_thread_blocked, id=31260, stack(0x000000b904d00000,0x000000b904e00000)]
  0x00000297fcfba320 JavaThread "HikariPool-1 connection adder" daemon [_thread_blocked, id=20472, stack(0x000000b904e00000,0x000000b904f00000)]
  0x000002978a6010c0 JavaThread "C2 CompilerThread1" daemon [_thread_in_native, id=20172, stack(0x000000b902b00000,0x000000b902c00000)]
  0x000002978a6000d0 JavaThread "C2 CompilerThread2" daemon [_thread_in_native, id=29608, stack(0x000000b903400000,0x000000b903500000)]
  0x000002978a601b60 JavaThread "C2 CompilerThread3" daemon [_thread_in_native, id=31068, stack(0x000000b903d00000,0x000000b903e00000)]
=>0x000002978a602600 JavaThread "C2 CompilerThread4" daemon [_thread_in_native, id=33628, stack(0x000000b904100000,0x000000b904200000)]
  0x000002978a5ff0e0 JavaThread "C2 CompilerThread5" daemon [_thread_in_native, id=46184, stack(0x000000b904200000,0x000000b904300000)]
  0x000002978a5ff630 JavaThread "C2 CompilerThread6" daemon [_thread_in_native, id=41776, stack(0x000000b904300000,0x000000b904400000)]
  0x000002978a5ffb80 JavaThread "C2 CompilerThread7" daemon [_thread_in_native, id=5184, stack(0x000000b904a00000,0x000000b904b00000)]

Other Threads:
  0x00000297b5b2d300 VMThread "VM Thread" [stack: 0x000000b901d00000,0x000000b901e00000] [id=1268]
  0x0000029792ecfb50 WatcherThread [stack: 0x000000b903300000,0x000000b903400000] [id=10124]
  0x0000029792f42e70 GCTaskThread "GC Thread#0" [stack: 0x000000b901800000,0x000000b901900000] [id=36172]
  0x00000297fcb00ca0 GCTaskThread "GC Thread#1" [stack: 0x000000b903500000,0x000000b903600000] [id=34444]
  0x00000297fcaf81d0 GCTaskThread "GC Thread#2" [stack: 0x000000b903600000,0x000000b903700000] [id=17592]
  0x00000297fcaf8490 GCTaskThread "GC Thread#3" [stack: 0x000000b903700000,0x000000b903800000] [id=39756]
  0x00000297fcaf8750 GCTaskThread "GC Thread#4" [stack: 0x000000b903800000,0x000000b903900000] [id=20352]
  0x00000297fc770970 GCTaskThread "GC Thread#5" [stack: 0x000000b903900000,0x000000b903a00000] [id=23776]
  0x00000297fcaabad0 GCTaskThread "GC Thread#6" [stack: 0x000000b903a00000,0x000000b903b00000] [id=37584]
  0x00000297fc7573f0 GCTaskThread "GC Thread#7" [stack: 0x000000b903b00000,0x000000b903c00000] [id=38236]
  0x00000297fc9ff5b0 GCTaskThread "GC Thread#8" [stack: 0x000000b903c00000,0x000000b903d00000] [id=35192]
  0x00000297fd7bacb0 GCTaskThread "GC Thread#9" [stack: 0x000000b903e00000,0x000000b903f00000] [id=31168]
  0x00000297fcd3fd40 GCTaskThread "GC Thread#10" [stack: 0x000000b903f00000,0x000000b904000000] [id=32708]
  0x00000297fd6f51c0 GCTaskThread "GC Thread#11" [stack: 0x000000b904000000,0x000000b904100000] [id=34484]
  0x00000297fd6f5a00 GCTaskThread "GC Thread#12" [stack: 0x000000b904400000,0x000000b904500000] [id=41224]
  0x0000029792f541d0 ConcurrentGCThread "G1 Main Marker" [stack: 0x000000b901900000,0x000000b901a00000] [id=18788]
  0x0000029792f55380 ConcurrentGCThread "G1 Conc#0" [stack: 0x000000b901a00000,0x000000b901b00000] [id=4356]
  0x00000297fd6f4c40 ConcurrentGCThread "G1 Conc#1" [stack: 0x000000b904500000,0x000000b904600000] [id=4044]
  0x00000297fd6f5740 ConcurrentGCThread "G1 Conc#2" [stack: 0x000000b904600000,0x000000b904700000] [id=22980]
  0x0000029792f7eca0 ConcurrentGCThread "G1 Refine#0" [stack: 0x000000b901b00000,0x000000b901c00000] [id=1828]
  0x00000297b59eb590 ConcurrentGCThread "G1 Service" [stack: 0x000000b901c00000,0x000000b901d00000] [id=43016]

Threads with active compile tasks:
C2 CompilerThread0     5876 7524   !   4       org.springframework.core.annotation.AnnotationsScanner::processMethodHierarchy (276 bytes)
C1 CompilerThread0     5876 7707   !   3       org.springframework.beans.factory.support.AbstractBeanFactory::registerCustomEditors (198 bytes)
C1 CompilerThread1     5876 7698       3       org.springframework.beans.support.ResourceEditorRegistrar::registerCustomEditors (227 bytes)
C1 CompilerThread2     5876 7705       3       jdk.internal.reflect.ReflectionFactory::newMethodAccessor (120 bytes)
C2 CompilerThread1     5876 7431   !   4       org.springframework.util.ReflectionUtils::doWithMethods (186 bytes)
C2 CompilerThread2     5876 7199       4       org.springframework.asm.Frame::execute (2292 bytes)
C2 CompilerThread3     5876 7088       4       org.springframework.core.annotation.TypeMappedAnnotations::scan (66 bytes)
C2 CompilerThread4     5876 7322       4       org.springframework.asm.Frame::merge (395 bytes)
C2 CompilerThread5     5876 7668       4       org.springframework.transaction.annotation.AnnotationTransactionAttributeSource::determineTransactionAttribute (88 bytes)
C2 CompilerThread6     5876 7107       4       org.springframework.core.annotation.AnnotationsScanner::scan (21 bytes)
C2 CompilerThread7     5876 7458       4       org.springframework.beans.factory.support.AbstractBeanFactory::isTypeMatch (745 bytes)

VM state: not at safepoint (normal execution)

VM Mutex/Monitor currently owned by a thread: None

Heap address: 0x000000070c000000, size: 3904 MB, Compressed Oops mode: Zero based, Oop shift amount: 3

CDS archive(s) mapped at: [0x00000297b7000000-0x00000297b7bd0000-0x00000297b7bd0000), size 12386304, SharedBaseAddress: 0x00000297b7000000, ArchiveRelocationMode: 1.
Compressed class space mapped at: 0x00000297b8000000-0x00000297f8000000, reserved size: 1073741824
Narrow klass base: 0x00000297b7000000, Narrow klass shift: 0, Narrow klass range: 0x100000000

GC Precious Log:
 CPUs: 16 total, 16 available
 Memory: 15613M
 Large Page Support: Disabled
 NUMA Support: Disabled
 Compressed Oops: Enabled (Zero based)
 Heap Region Size: 2M
 Heap Min Capacity: 8M
 Heap Initial Capacity: 244M
 Heap Max Capacity: 3904M
 Pre-touch: Disabled
 Parallel Workers: 13
 Concurrent Workers: 3
 Concurrent Refinement Workers: 13
 Periodic GC: Disabled

Heap:
 garbage-first heap   total 81920K, used 30257K [0x000000070c000000, 0x0000000800000000)
  region size 2048K, 4 young (8192K), 3 survivors (6144K)
 Metaspace       used 69150K, committed 69760K, reserved 1114112K
  class space    used 9165K, committed 9472K, reserved 1048576K

Heap Regions: E=young(eden), S=young(survivor), O=old, HS=humongous(starts), HC=humongous(continues), CS=collection set, F=free, OA=open archive, CA=closed archive, TAMS=top-at-mark-start (previous, next)
|   0|0x000000070c000000, 0x000000070c200000, 0x000000070c200000|100%| O|  |TAMS 0x000000070c200000, 0x000000070c000000| Untracked 
|   1|0x000000070c200000, 0x000000070c400000, 0x000000070c400000|100%| O|  |TAMS 0x000000070c400000, 0x000000070c200000| Untracked 
|   2|0x000000070c400000, 0x000000070c600000, 0x000000070c600000|100%| O|  |TAMS 0x000000070c600000, 0x000000070c400000| Untracked 
|   3|0x000000070c600000, 0x000000070c800000, 0x000000070c800000|100%| O|  |TAMS 0x000000070c800000, 0x000000070c600000| Untracked 
|   4|0x000000070c800000, 0x000000070ca00000, 0x000000070ca00000|100%| O|  |TAMS 0x000000070ca00000, 0x000000070c800000| Untracked 
|   5|0x000000070ca00000, 0x000000070cc00000, 0x000000070cc00000|100%| O|  |TAMS 0x000000070cc00000, 0x000000070ca00000| Untracked 
|   6|0x000000070cc00000, 0x000000070ce00000, 0x000000070ce00000|100%| O|  |TAMS 0x000000070ce00000, 0x000000070cc00000| Untracked 
|   7|0x000000070ce00000, 0x000000070d000000, 0x000000070d000000|100%| O|  |TAMS 0x000000070d000000, 0x000000070ce00000| Untracked 
|   8|0x000000070d000000, 0x000000070d200000, 0x000000070d200000|100%| O|  |TAMS 0x000000070d200000, 0x000000070d000000| Untracked 
|   9|0x000000070d200000, 0x000000070d400000, 0x000000070d400000|100%| O|  |TAMS 0x000000070d235a00, 0x000000070d200000| Untracked 
|  10|0x000000070d400000, 0x000000070d600000, 0x000000070d600000|100%| O|  |TAMS 0x000000070d600000, 0x000000070d400000| Untracked 
|  11|0x000000070d600000, 0x000000070d800000, 0x000000070d800000|100%| O|  |TAMS 0x000000070d800000, 0x000000070d600000| Untracked 
|  12|0x000000070d800000, 0x000000070d829a00, 0x000000070da00000|  8%| O|  |TAMS 0x000000070d800000, 0x000000070d800000| Untracked 
|  13|0x000000070da00000, 0x000000070da00000, 0x000000070dc00000|  0%| F|  |TAMS 0x000000070da00000, 0x000000070da00000| Untracked 
|  14|0x000000070dc00000, 0x000000070dc00000, 0x000000070de00000|  0%| F|  |TAMS 0x000000070dc00000, 0x000000070dc00000| Untracked 
|  15|0x000000070de00000, 0x000000070de00000, 0x000000070e000000|  0%| F|  |TAMS 0x000000070de00000, 0x000000070de00000| Untracked 
|  16|0x000000070e000000, 0x000000070e000000, 0x000000070e200000|  0%| F|  |TAMS 0x000000070e000000, 0x000000070e000000| Untracked 
|  17|0x000000070e200000, 0x000000070e362ab0, 0x000000070e400000| 69%| S|CS|TAMS 0x000000070e200000, 0x000000070e200000| Complete 
|  18|0x000000070e400000, 0x000000070e400000, 0x000000070e600000|  0%| F|  |TAMS 0x000000070e400000, 0x000000070e400000| Untracked 
|  19|0x000000070e600000, 0x000000070e600000, 0x000000070e800000|  0%| F|  |TAMS 0x000000070e600000, 0x000000070e600000| Untracked 
|  20|0x000000070e800000, 0x000000070e800000, 0x000000070ea00000|  0%| F|  |TAMS 0x000000070e800000, 0x000000070e800000| Untracked 
|  21|0x000000070ea00000, 0x000000070ec00000, 0x000000070ec00000|100%| S|CS|TAMS 0x000000070ea00000, 0x000000070ea00000| Complete 
|  22|0x000000070ec00000, 0x000000070ee00000, 0x000000070ee00000|100%| S|CS|TAMS 0x000000070ec00000, 0x000000070ec00000| Complete 
|  23|0x000000070ee00000, 0x000000070ee00000, 0x000000070f000000|  0%| F|  |TAMS 0x000000070ee00000, 0x000000070ee00000| Untracked 
|  24|0x000000070f000000, 0x000000070f000000, 0x000000070f200000|  0%| F|  |TAMS 0x000000070f000000, 0x000000070f000000| Untracked 
|  25|0x000000070f200000, 0x000000070f200000, 0x000000070f400000|  0%| F|  |TAMS 0x000000070f200000, 0x000000070f200000| Untracked 
|  26|0x000000070f400000, 0x000000070f400000, 0x000000070f600000|  0%| F|  |TAMS 0x000000070f400000, 0x000000070f400000| Untracked 
|  27|0x000000070f600000, 0x000000070f600000, 0x000000070f800000|  0%| F|  |TAMS 0x000000070f600000, 0x000000070f600000| Untracked 
|  28|0x000000070f800000, 0x000000070f800000, 0x000000070fa00000|  0%| F|  |TAMS 0x000000070f800000, 0x000000070f800000| Untracked 
|  29|0x000000070fa00000, 0x000000070fa00000, 0x000000070fc00000|  0%| F|  |TAMS 0x000000070fa00000, 0x000000070fa00000| Untracked 
|  30|0x000000070fc00000, 0x000000070fc00000, 0x000000070fe00000|  0%| F|  |TAMS 0x000000070fc00000, 0x000000070fc00000| Untracked 
|  31|0x000000070fe00000, 0x000000070fe00000, 0x0000000710000000|  0%| F|  |TAMS 0x000000070fe00000, 0x000000070fe00000| Untracked 
|  32|0x0000000710000000, 0x0000000710000000, 0x0000000710200000|  0%| F|  |TAMS 0x0000000710000000, 0x0000000710000000| Untracked 
|  33|0x0000000710200000, 0x0000000710200000, 0x0000000710400000|  0%| F|  |TAMS 0x0000000710200000, 0x0000000710200000| Untracked 
|  34|0x0000000710400000, 0x0000000710400000, 0x0000000710600000|  0%| F|  |TAMS 0x0000000710400000, 0x0000000710400000| Untracked 
|  35|0x0000000710600000, 0x0000000710600000, 0x0000000710800000|  0%| F|  |TAMS 0x0000000710600000, 0x0000000710600000| Untracked 
|  36|0x0000000710800000, 0x0000000710800000, 0x0000000710a00000|  0%| F|  |TAMS 0x0000000710800000, 0x0000000710800000| Untracked 
|  37|0x0000000710a00000, 0x0000000710a00000, 0x0000000710c00000|  0%| F|  |TAMS 0x0000000710a00000, 0x0000000710a00000| Untracked 
|  38|0x0000000710c00000, 0x0000000710c00000, 0x0000000710e00000|  0%| F|  |TAMS 0x0000000710c00000, 0x0000000710c00000| Untracked 
| 121|0x000000071b200000, 0x000000071b3371d0, 0x000000071b400000| 60%| E|  |TAMS 0x000000071b200000, 0x000000071b200000| Complete 

Card table byte_map: [0x00000297aa780000,0x00000297aaf20000] _byte_map_base: 0x00000297a6f20000

Marking Bits (Prev, Next): (CMBitMap*) 0x0000029792f444e0, (CMBitMap*) 0x0000029792f444a0
 Prev Bits: [0x00000297af3c0000, 0x00000297b30c0000)
 Next Bits: [0x00000297ab6c0000, 0x00000297af3c0000)

Polling page: 0x0000029790df0000

Metaspace:

Usage:
  Non-class:     58.58 MB used.
      Class:      8.95 MB used.
       Both:     67.53 MB used.

Virtual space:
  Non-class space:       64.00 MB reserved,      58.88 MB ( 92%) committed,  1 nodes.
      Class space:        1.00 GB reserved,       9.25 MB ( <1%) committed,  1 nodes.
             Both:        1.06 GB reserved,      68.12 MB (  6%) committed. 

Chunk freelists:
   Non-Class:  4.61 MB
       Class:  6.67 MB
        Both:  11.28 MB

MaxMetaspaceSize: unlimited
CompressedClassSpaceSize: 1.00 GB
Initial GC threshold: 21.00 MB
Current GC threshold: 98.88 MB
CDS: on
MetaspaceReclaimPolicy: balanced
 - commit_granule_bytes: 65536.
 - commit_granule_words: 8192.
 - virtual_space_node_default_size: 8388608.
 - enlarge_chunks_in_place: 1.
 - new_chunks_are_fully_committed: 0.
 - uncommit_free_chunks: 1.
 - use_allocation_guard: 0.
 - handle_deallocations: 1.


Internal statistics:

num_allocs_failed_limit: 9.
num_arena_births: 856.
num_arena_deaths: 0.
num_vsnodes_births: 2.
num_vsnodes_deaths: 0.
num_space_committed: 1090.
num_space_uncommitted: 0.
num_chunks_returned_to_freelist: 9.
num_chunks_taken_from_freelist: 3263.
num_chunk_merges: 9.
num_chunk_splits: 2338.
num_chunks_enlarged: 1798.
num_inconsistent_stats: 0.

CodeHeap 'non-profiled nmethods': size=119168Kb used=5165Kb max_used=5165Kb free=114003Kb
 bounds [0x00000297a22f0000, 0x00000297a2800000, 0x00000297a9750000]
CodeHeap 'profiled nmethods': size=119104Kb used=14518Kb max_used=14518Kb free=104585Kb
 bounds [0x000002979a750000, 0x000002979b580000, 0x00000297a1ba0000]
CodeHeap 'non-nmethods': size=7488Kb used=3177Kb max_used=3244Kb free=4310Kb
 bounds [0x00000297a1ba0000, 0x00000297a1ee0000, 0x00000297a22f0000]
 total_blobs=7675 nmethods=6951 adapters=630
 compilation: enabled
              stopped_count=0, restarted_count=0
 full_count=0

Compilation events (20 events):
Event: 5.830 Thread 0x00000297b62f2b20 7679       3       org.springframework.boot.web.servlet.context.WebApplicationContextServletContextAwareProcessor::getServletConfig (23 bytes)
Event: 5.830 Thread 0x00000297b62f2b20 nmethod 7679 0x000002979b56d090 code [0x000002979b56d240, 0x000002979b56d4a8]
Event: 5.831 Thread 0x00000297b62f2b20 7680       1       java.lang.reflect.Parameter::getRealName (5 bytes)
Event: 5.831 Thread 0x00000297b62f2b20 nmethod 7680 0x00000297a27fa810 code [0x00000297a27fa9a0, 0x00000297a27faa78]
Event: 5.834 Thread 0x00000297b62d2120 7681       3       java.util.Collections::enumeration (9 bytes)
Event: 5.834 Thread 0x00000297b61c2720 7682       3       java.util.Collections$3::<init> (23 bytes)
Event: 5.834 Thread 0x00000297b61c2720 nmethod 7682 0x000002979b56d590 code [0x000002979b56d740, 0x000002979b56da48]
Event: 5.834 Thread 0x00000297b62d2120 nmethod 7681 0x000002979b56db90 code [0x000002979b56dd40, 0x000002979b56e0e8]
Event: 5.838 Thread 0x00000297b62d2120 7683       1       org.springframework.beans.factory.config.DependencyDescriptor::isEager (5 bytes)
Event: 5.838 Thread 0x00000297b62d2120 nmethod 7683 0x00000297a27fab10 code [0x00000297a27faca0, 0x00000297a27fad78]
Event: 5.840 Thread 0x00000297b62d2640 7685       1       org.springframework.data.jpa.repository.config.JpaMetamodelMappingContextFactoryBean::getObjectType (3 bytes)
Event: 5.840 Thread 0x00000297b62d2640 nmethod 7685 0x00000297a27fae10 code [0x00000297a27fafa0, 0x00000297a27fb078]
Event: 5.842 Thread 0x00000297b62d2640 7686       3       org.springframework.core.io.ResourceEditor::<init> (8 bytes)
Event: 5.842 Thread 0x00000297b62d2120 7687       3       org.springframework.core.io.ResourceEditor::<init> (26 bytes)
Event: 5.842 Thread 0x00000297b62d2640 nmethod 7686 0x000002979b56e210 code [0x000002979b56e400, 0x000002979b56e988]
Event: 5.842 Thread 0x00000297b62d2120 nmethod 7687 0x000002979b56eb90 code [0x000002979b56ed60, 0x000002979b56f288]
Event: 5.842 Thread 0x00000297b62f2b20 7688       3       java.lang.ThreadLocal$ThreadLocalMap::remove (68 bytes)
Event: 5.843 Thread 0x00000297b62f2b20 nmethod 7688 0x000002979b56f410 code [0x000002979b56f600, 0x000002979b56fbe8]
Event: 5.843 Thread 0x00000297b61c2720 7689       3       java.lang.ThreadLocal$ThreadLocalMap::expungeStaleEntry (146 bytes)
Event: 5.843 Thread 0x00000297b61c2720 nmethod 7689 0x000002979b56fe90 code [0x000002979b5700c0, 0x000002979b570f38]

GC Heap History (20 events):
Event: 0.874 GC heap before
{Heap before GC invocations=1 (full 0):
 garbage-first heap   total 249856K, used 31032K [0x000000070c000000, 0x0000000800000000)
  region size 2048K, 13 young (26624K), 2 survivors (4096K)
 Metaspace       used 11631K, committed 11904K, reserved 1114112K
  class space    used 1438K, committed 1600K, reserved 1048576K
}
Event: 0.879 GC heap after
{Heap after GC invocations=2 (full 0):
 garbage-first heap   total 249856K, used 9349K [0x000000070c000000, 0x0000000800000000)
  region size 2048K, 1 young (2048K), 1 survivors (2048K)
 Metaspace       used 11631K, committed 11904K, reserved 1114112K
  class space    used 1438K, committed 1600K, reserved 1048576K
}
Event: 1.223 GC heap before
{Heap before GC invocations=2 (full 0):
 garbage-first heap   total 249856K, used 58501K [0x000000070c000000, 0x0000000800000000)
  region size 2048K, 27 young (55296K), 1 survivors (2048K)
 Metaspace       used 21284K, committed 21504K, reserved 1114112K
  class space    used 2655K, committed 2752K, reserved 1048576K
}
Event: 1.229 GC heap after
{Heap after GC invocations=3 (full 0):
 garbage-first heap   total 249856K, used 12938K [0x000000070c000000, 0x0000000800000000)
  region size 2048K, 3 young (6144K), 3 survivors (6144K)
 Metaspace       used 21284K, committed 21504K, reserved 1114112K
  class space    used 2655K, committed 2752K, reserved 1048576K
}
Event: 1.491 GC heap before
{Heap before GC invocations=4 (full 0):
 garbage-first heap   total 55296K, used 39562K [0x000000070c000000, 0x0000000800000000)
  region size 2048K, 17 young (34816K), 3 survivors (6144K)
 Metaspace       used 24567K, committed 24896K, reserved 1114112K
  class space    used 3089K, committed 3264K, reserved 1048576K
}
Event: 1.496 GC heap after
{Heap after GC invocations=5 (full 0):
 garbage-first heap   total 55296K, used 15924K [0x000000070c000000, 0x0000000800000000)
  region size 2048K, 4 young (8192K), 4 survivors (8192K)
 Metaspace       used 24567K, committed 24896K, reserved 1114112K
  class space    used 3089K, committed 3264K, reserved 1048576K
}
Event: 1.523 GC heap before
{Heap before GC invocations=5 (full 0):
 garbage-first heap   total 55296K, used 17972K [0x000000070c000000, 0x0000000800000000)
  region size 2048K, 5 young (10240K), 4 survivors (8192K)
 Metaspace       used 24720K, committed 25024K, reserved 1114112K
  class space    used 3110K, committed 3264K, reserved 1048576K
}
Event: 1.531 GC heap after
{Heap after GC invocations=6 (full 0):
 garbage-first heap   total 153600K, used 16118K [0x000000070c000000, 0x0000000800000000)
  region size 2048K, 1 young (2048K), 1 survivors (2048K)
 Metaspace       used 24720K, committed 25024K, reserved 1114112K
  class space    used 3110K, committed 3264K, reserved 1048576K
}
Event: 2.638 GC heap before
{Heap before GC invocations=6 (full 0):
 garbage-first heap   total 153600K, used 85750K [0x000000070c000000, 0x0000000800000000)
  region size 2048K, 36 young (73728K), 1 survivors (2048K)
 Metaspace       used 35737K, committed 36160K, reserved 1114112K
  class space    used 4543K, committed 4736K, reserved 1048576K
}
Event: 2.643 GC heap after
{Heap after GC invocations=7 (full 0):
 garbage-first heap   total 153600K, used 20609K [0x000000070c000000, 0x0000000800000000)
  region size 2048K, 3 young (6144K), 3 survivors (6144K)
 Metaspace       used 35737K, committed 36160K, reserved 1114112K
  class space    used 4543K, committed 4736K, reserved 1048576K
}
Event: 3.466 GC heap before
{Heap before GC invocations=8 (full 0):
 garbage-first heap   total 81920K, used 63617K [0x000000070c000000, 0x0000000800000000)
  region size 2048K, 24 young (49152K), 3 survivors (6144K)
 Metaspace       used 47981K, committed 48448K, reserved 1114112K
  class space    used 6188K, committed 6400K, reserved 1048576K
}
Event: 3.470 GC heap after
{Heap after GC invocations=9 (full 0):
 garbage-first heap   total 81920K, used 22856K [0x000000070c000000, 0x0000000800000000)
  region size 2048K, 2 young (4096K), 2 survivors (4096K)
 Metaspace       used 47981K, committed 48448K, reserved 1114112K
  class space    used 6188K, committed 6400K, reserved 1048576K
}
Event: 3.493 GC heap before
{Heap before GC invocations=9 (full 0):
 garbage-first heap   total 81920K, used 24904K [0x000000070c000000, 0x0000000800000000)
  region size 2048K, 3 young (6144K), 2 survivors (4096K)
 Metaspace       used 48266K, committed 48704K, reserved 1114112K
  class space    used 6237K, committed 6464K, reserved 1048576K
}
Event: 3.495 GC heap after
{Heap after GC invocations=10 (full 0):
 garbage-first heap   total 81920K, used 23362K [0x000000070c000000, 0x0000000800000000)
  region size 2048K, 1 young (2048K), 1 survivors (2048K)
 Metaspace       used 48266K, committed 48704K, reserved 1114112K
  class space    used 6237K, committed 6464K, reserved 1048576K
}
Event: 3.953 GC heap before
{Heap before GC invocations=10 (full 0):
 garbage-first heap   total 81920K, used 56130K [0x000000070c000000, 0x0000000800000000)
  region size 2048K, 18 young (36864K), 1 survivors (2048K)
 Metaspace       used 54620K, committed 55104K, reserved 1114112K
  class space    used 7045K, committed 7296K, reserved 1048576K
}
Event: 3.955 GC heap after
{Heap after GC invocations=11 (full 0):
 garbage-first heap   total 81920K, used 25067K [0x000000070c000000, 0x0000000800000000)
  region size 2048K, 2 young (4096K), 2 survivors (4096K)
 Metaspace       used 54620K, committed 55104K, reserved 1114112K
  class space    used 7045K, committed 7296K, reserved 1048576K
}
Event: 4.245 GC heap before
{Heap before GC invocations=11 (full 0):
 garbage-first heap   total 81920K, used 49643K [0x000000070c000000, 0x0000000800000000)
  region size 2048K, 15 young (30720K), 2 survivors (4096K)
 Metaspace       used 60102K, committed 60608K, reserved 1114112K
  class space    used 7949K, committed 8192K, reserved 1048576K
}
Event: 4.247 GC heap after
{Heap after GC invocations=12 (full 0):
 garbage-first heap   total 81920K, used 25521K [0x000000070c000000, 0x0000000800000000)
  region size 2048K, 2 young (4096K), 2 survivors (4096K)
 Metaspace       used 60102K, committed 60608K, reserved 1114112K
  class space    used 7949K, committed 8192K, reserved 1048576K
}
Event: 5.113 GC heap before
{Heap before GC invocations=13 (full 0):
 garbage-first heap   total 81920K, used 60337K [0x000000070c000000, 0x0000000800000000)
  region size 2048K, 19 young (38912K), 2 survivors (4096K)
 Metaspace       used 65483K, committed 66048K, reserved 1114112K
  class space    used 8684K, committed 8960K, reserved 1048576K
}
Event: 5.116 GC heap after
{Heap after GC invocations=14 (full 0):
 garbage-first heap   total 81920K, used 27420K [0x000000070c000000, 0x0000000800000000)
  region size 2048K, 3 young (6144K), 3 survivors (6144K)
 Metaspace       used 65483K, committed 66048K, reserved 1114112K
  class space    used 8684K, committed 8960K, reserved 1048576K
}

Deoptimization events (20 events):
Event: 5.825 Thread 0x0000029792ececd0 DEOPT PACKING pc=0x000002979ac4096c sp=0x000000b9017fe490
Event: 5.825 Thread 0x0000029792ececd0 DEOPT UNPACKING pc=0x00000297a1bf2b43 sp=0x000000b9017fd9f8 mode 1
Event: 5.826 Thread 0x0000029792ececd0 DEOPT PACKING pc=0x000002979ac4096c sp=0x000000b9017fe490
Event: 5.826 Thread 0x0000029792ececd0 DEOPT UNPACKING pc=0x00000297a1bf2b43 sp=0x000000b9017fd9f8 mode 1
Event: 5.827 Thread 0x0000029792ececd0 DEOPT PACKING pc=0x000002979ac4096c sp=0x000000b9017fe490
Event: 5.827 Thread 0x0000029792ececd0 DEOPT UNPACKING pc=0x00000297a1bf2b43 sp=0x000000b9017fd9f8 mode 1
Event: 5.827 Thread 0x0000029792ececd0 DEOPT PACKING pc=0x000002979ac4096c sp=0x000000b9017fe490
Event: 5.827 Thread 0x0000029792ececd0 DEOPT UNPACKING pc=0x00000297a1bf2b43 sp=0x000000b9017fd9f8 mode 1
Event: 5.829 Thread 0x0000029792ececd0 DEOPT PACKING pc=0x000002979ac4096c sp=0x000000b9017fe490
Event: 5.829 Thread 0x0000029792ececd0 DEOPT UNPACKING pc=0x00000297a1bf2b43 sp=0x000000b9017fd9f8 mode 1
Event: 5.829 Thread 0x0000029792ececd0 DEOPT PACKING pc=0x000002979ac4096c sp=0x000000b9017fe490
Event: 5.829 Thread 0x0000029792ececd0 DEOPT UNPACKING pc=0x00000297a1bf2b43 sp=0x000000b9017fd9f8 mode 1
Event: 5.838 Thread 0x0000029792ececd0 DEOPT PACKING pc=0x000002979ac4096c sp=0x000000b9017fe490
Event: 5.838 Thread 0x0000029792ececd0 DEOPT UNPACKING pc=0x00000297a1bf2b43 sp=0x000000b9017fd9f8 mode 1
Event: 5.838 Thread 0x0000029792ececd0 DEOPT PACKING pc=0x000002979ac4096c sp=0x000000b9017fe490
Event: 5.838 Thread 0x0000029792ececd0 DEOPT UNPACKING pc=0x00000297a1bf2b43 sp=0x000000b9017fd9f8 mode 1
Event: 5.841 Thread 0x0000029792ececd0 DEOPT PACKING pc=0x000002979ac4096c sp=0x000000b9017fe490
Event: 5.841 Thread 0x0000029792ececd0 DEOPT UNPACKING pc=0x00000297a1bf2b43 sp=0x000000b9017fd9f8 mode 1
Event: 5.841 Thread 0x0000029792ececd0 DEOPT PACKING pc=0x000002979ac4096c sp=0x000000b9017fe490
Event: 5.841 Thread 0x0000029792ececd0 DEOPT UNPACKING pc=0x00000297a1bf2b43 sp=0x000000b9017fd9f8 mode 1

Classes unloaded (0 events):
No events

Classes redefined (0 events):
No events

Internal exceptions (20 events):
Event: 4.369 Thread 0x0000029792ececd0 Exception <a 'java/lang/NoSuchMethodError'{0x00000007104d41a8}: 'void java.lang.invoke.DirectMethodHandle$Holder.invokeSpecial(java.lang.Object, java.lang.Object, int, java.lang.Object)'> (0x00000007104d41a8) 
thrown [s\open\src\hotspot\share\interpreter\linkResolver.cpp, line 759]
Event: 4.370 Thread 0x0000029792ececd0 Exception <a 'java/lang/NoSuchMethodError'{0x00000007104db0b0}: 'java.lang.Object java.lang.invoke.DirectMethodHandle$Holder.newInvokeSpecial(java.lang.Object, java.lang.Object, int)'> (0x00000007104db0b0) 
thrown [s\open\src\hotspot\share\interpreter\linkResolver.cpp, line 759]
Event: 4.389 Thread 0x0000029792ececd0 Exception <a 'java/lang/NoSuchMethodError'{0x000000071026ef18}: 'int java.lang.invoke.DirectMethodHandle$Holder.invokeStatic(java.lang.Object, int, java.lang.Object)'> (0x000000071026ef18) 
thrown [s\open\src\hotspot\share\interpreter\linkResolver.cpp, line 759]
Event: 4.391 Thread 0x0000029792ececd0 Exception <a 'java/lang/NoSuchMethodError'{0x0000000710293a50}: 'java.lang.Object java.lang.invoke.DirectMethodHandle$Holder.newInvokeSpecial(java.lang.Object, java.lang.Object, java.lang.Object, java.lang.Object, java.lang.Object, int, java.lang.Object)'> (0x0000000710293a50) 
thrown [s\open\src\hotspot\share\interpreter\linkResolver.cpp, line 759]
Event: 4.394 Thread 0x0000029792ececd0 Exception <a 'java/lang/NoSuchMethodError'{0x00000007102d6278}: 'java.lang.Object java.lang.invoke.DirectMethodHandle$Holder.newInvokeSpecial(java.lang.Object, java.lang.Object, java.lang.Object, java.lang.Object, java.lang.Object, java.lang.Object, java.lang.Object, java.lang.Object, java.lang.Object, java.lang.Object, java.lang.Object, java.lang.Object)'> (0x00000007102d6278) 
thrown [s\open\src\hotspot\share\interpreter\linkResolver.cpp, line 759]
Event: 4.394 Thread 0x0000029792ececd0 Exception <a 'java/lang/NoSuchMethodError'{0x00000007102dad10}: 'java.lang.Object java.lang.invoke.DirectMethodHandle$Holder.invokeSpecial(java.lang.Object, java.lang.Object, java.lang.Object, java.lang.Object, java.lang.Object, java.lang.Object, java.lang.Object, java.lang.Object, java.lang.Object, java.lang.Object, java.lang.Object, java.lang.Object, java.lang.Object)'> (0x00000007102dad10) 
thrown [s\open\src\hotspot\share\interpreter\linkResolver.cpp, line 759]
Event: 4.395 Thread 0x0000029792ececd0 Exception <a 'java/lang/NoSuchMethodError'{0x00000007102df428}: 'java.lang.Object java.lang.invoke.Invokers$Holder.linkToTargetMethod(java.lang.Object, java.lang.Object, java.lang.Object, java.lang.Object, java.lang.Object, java.lang.Object, java.lang.Object, java.lang.Object, java.lang.Object, java.lang.Object, java.lang.Object, java.lang.Object)'> (0x00000007102df428) 
thrown [s\open\src\hotspot\share\interpreter\linkResolver.cpp, line 759]
Event: 4.404 Thread 0x0000029792ececd0 Exception <a 'java/lang/IncompatibleClassChangeError'{0x000000071039eec0}: Found class java.lang.Object, but interface was expected> (0x000000071039eec0) 
thrown [s\open\src\hotspot\share\interpreter\linkResolver.cpp, line 826]
Event: 4.418 Thread 0x0000029792ececd0 Exception <a 'java/lang/IncompatibleClassChangeError'{0x00000007100d2c48}: Found class java.lang.Object, but interface was expected> (0x00000007100d2c48) 
thrown [s\open\src\hotspot\share\interpreter\linkResolver.cpp, line 826]
Event: 4.435 Thread 0x0000029792ececd0 Exception <a 'java/lang/NoSuchMethodError'{0x000000070fe4d0c0}: 'java.lang.Object java.lang.invoke.DirectMethodHandle$Holder.newInvokeSpecial(java.lang.Object, java.lang.Object, int, java.lang.Object, int, java.lang.Object, java.lang.Object)'> (0x000000070fe4d0c0) 
thrown [s\open\src\hotspot\share\interpreter\linkResolver.cpp, line 759]
Event: 4.439 Thread 0x0000029792ececd0 Exception <a 'java/lang/NoSuchMethodError'{0x000000070fea54e8}: 'java.lang.Object java.lang.invoke.DirectMethodHandle$Holder.newInvokeSpecial(java.lang.Object, java.lang.Object, java.lang.Object, java.lang.Object, java.lang.Object, java.lang.Object, java.lang.Object, int)'> (0x000000070fea54e8) 
thrown [s\open\src\hotspot\share\interpreter\linkResolver.cpp, line 759]
Event: 4.439 Thread 0x0000029792ececd0 Exception <a 'java/lang/NoSuchMethodError'{0x000000070feaa4e0}: 'java.lang.Object java.lang.invoke.DirectMethodHandle$Holder.invokeSpecial(java.lang.Object, java.lang.Object, java.lang.Object, java.lang.Object, java.lang.Object, java.lang.Object, java.lang.Object, java.lang.Object, int)'> (0x000000070feaa4e0) 
thrown [s\open\src\hotspot\share\interpreter\linkResolver.cpp, line 759]
Event: 4.439 Thread 0x0000029792ececd0 Exception <a 'java/lang/NoSuchMethodError'{0x000000070feaefa8}: 'java.lang.Object java.lang.invoke.Invokers$Holder.linkToTargetMethod(java.lang.Object, java.lang.Object, java.lang.Object, java.lang.Object, java.lang.Object, java.lang.Object, int, java.lang.Object)'> (0x000000070feaefa8) 
thrown [s\open\src\hotspot\share\interpreter\linkResolver.cpp, line 759]
Event: 4.456 Thread 0x0000029792ececd0 Exception <a 'java/lang/NoSuchMethodError'{0x000000070ffd6348}: 'void java.lang.invoke.DirectMethodHandle$Holder.invokeInterface(java.lang.Object, java.lang.Object)'> (0x000000070ffd6348) 
thrown [s\open\src\hotspot\share\interpreter\linkResolver.cpp, line 759]
Event: 5.011 Thread 0x0000029792ececd0 Exception <a 'java/lang/NoSuchMethodError'{0x000000070f1cdc08}: 'int java.lang.invoke.DirectMethodHandle$Holder.invokeStaticInit(java.lang.Object, int, java.lang.Object, java.lang.Object, java.lang.Object, java.lang.Object)'> (0x000000070f1cdc08) 
thrown [s\open\src\hotspot\share\interpreter\linkResolver.cpp, line 759]
Event: 5.091 Thread 0x0000029792ececd0 Exception <a 'java/io/FileNotFoundException'{0x000000070eae7d00}> (0x000000070eae7d00) 
thrown [s\open\src\hotspot\share\prims\jni.cpp, line 516]
Event: 5.091 Thread 0x0000029792ececd0 Exception <a 'java/io/FileNotFoundException'{0x000000070eae8a68}> (0x000000070eae8a68) 
thrown [s\open\src\hotspot\share\prims\jni.cpp, line 516]
Event: 5.179 Thread 0x0000029792ececd0 Exception <a 'sun/nio/fs/WindowsException'{0x0000000710a48050}> (0x0000000710a48050) 
thrown [s\open\src\hotspot\share\prims\jni.cpp, line 516]
Event: 5.185 Thread 0x0000029792ececd0 Exception <a 'sun/nio/fs/WindowsException'{0x0000000710abb448}> (0x0000000710abb448) 
thrown [s\open\src\hotspot\share\prims\jni.cpp, line 516]
Event: 5.757 Thread 0x0000029792ececd0 Exception <a 'java/lang/IncompatibleClassChangeError'{0x000000070f161968}: Found class java.lang.Object, but interface was expected> (0x000000070f161968) 
thrown [s\open\src\hotspot\share\interpreter\linkResolver.cpp, line 826]

VM Operations (20 events):
Event: 4.513 Executing VM operation: HandshakeAllThreads
Event: 4.513 Executing VM operation: HandshakeAllThreads done
Event: 5.000 Executing VM operation: ICBufferFull
Event: 5.000 Executing VM operation: ICBufferFull done
Event: 5.113 Executing VM operation: G1CollectForAllocation
Event: 5.116 Executing VM operation: G1CollectForAllocation done
Event: 5.409 Executing VM operation: HandshakeAllThreads
Event: 5.409 Executing VM operation: HandshakeAllThreads done
Event: 5.542 Executing VM operation: HandshakeAllThreads
Event: 5.543 Executing VM operation: HandshakeAllThreads done
Event: 5.608 Executing VM operation: HandshakeAllThreads
Event: 5.608 Executing VM operation: HandshakeAllThreads done
Event: 5.635 Executing VM operation: HandshakeAllThreads
Event: 5.635 Executing VM operation: HandshakeAllThreads done
Event: 5.658 Executing VM operation: ICBufferFull
Event: 5.658 Executing VM operation: ICBufferFull done
Event: 5.665 Executing VM operation: HandshakeAllThreads
Event: 5.665 Executing VM operation: HandshakeAllThreads done
Event: 5.666 Executing VM operation: HandshakeAllThreads
Event: 5.666 Executing VM operation: HandshakeAllThreads done

Events (20 events):
Event: 5.148 loading class jdk/internal/reflect/UnsafeQualifiedObjectFieldAccessorImpl
Event: 5.148 loading class jdk/internal/reflect/UnsafeQualifiedFieldAccessorImpl
Event: 5.148 loading class jdk/internal/reflect/UnsafeQualifiedFieldAccessorImpl done
Event: 5.148 loading class jdk/internal/reflect/UnsafeQualifiedObjectFieldAccessorImpl done
Event: 5.214 loading class java/util/EnumMap$EntrySet
Event: 5.214 loading class java/util/EnumMap$EntrySet done
Event: 5.214 loading class java/util/EnumMap$EntryIterator
Event: 5.214 loading class java/util/EnumMap$EnumMapIterator
Event: 5.215 loading class java/util/EnumMap$EnumMapIterator done
Event: 5.215 loading class java/util/EnumMap$EntryIterator done
Event: 5.216 loading class java/lang/SafeVarargs
Event: 5.216 loading class java/lang/SafeVarargs done
Event: 5.408 loading class java/util/ArrayList$ListItr
Event: 5.408 loading class java/util/ArrayList$ListItr done
Event: 5.515 loading class java/nio/charset/UnsupportedCharsetException
Event: 5.515 loading class java/nio/charset/UnsupportedCharsetException done
Event: 5.522 loading class java/util/Comparators$NullComparator
Event: 5.522 loading class java/util/Comparators$NullComparator done
Event: 5.706 loading class sun/reflect/annotation/TypeAnnotation$TypeAnnotationTargetInfo
Event: 5.706 loading class sun/reflect/annotation/TypeAnnotation$TypeAnnotationTargetInfo done


Dynamic libraries:
0x00007ff7d5ba0000 - 0x00007ff7d5bb0000 	C:\Program Files\Java\jdk-17\bin\java.exe
0x00007ff896430000 - 0x00007ff896647000 	C:\WINDOWS\SYSTEM32\ntdll.dll
0x00007ff895190000 - 0x00007ff895254000 	C:\WINDOWS\System32\KERNEL32.DLL
0x00007ff8936f0000 - 0x00007ff893ac3000 	C:\WINDOWS\System32\KERNELBASE.dll
0x00007ff893c20000 - 0x00007ff893d31000 	C:\WINDOWS\System32\ucrtbase.dll
0x00007ff88ec70000 - 0x00007ff88ec89000 	C:\Program Files\Java\jdk-17\bin\jli.dll
0x00007ff884440000 - 0x00007ff88445b000 	C:\Program Files\Java\jdk-17\bin\VCRUNTIME140.dll
0x00007ff895e50000 - 0x00007ff895f01000 	C:\WINDOWS\System32\ADVAPI32.dll
0x00007ff894ac0000 - 0x00007ff894b67000 	C:\WINDOWS\System32\msvcrt.dll
0x00007ff8948b0000 - 0x00007ff894958000 	C:\WINDOWS\System32\sechost.dll
0x00007ff8940b0000 - 0x00007ff8940d8000 	C:\WINDOWS\System32\bcrypt.dll
0x00007ff8962d0000 - 0x00007ff8963e4000 	C:\WINDOWS\System32\RPCRT4.dll
0x00007ff895c90000 - 0x00007ff895e41000 	C:\WINDOWS\System32\USER32.dll
0x00007ff893ad0000 - 0x00007ff893af6000 	C:\WINDOWS\System32\win32u.dll
0x00007ff894820000 - 0x00007ff894849000 	C:\WINDOWS\System32\GDI32.dll
0x00007ff882fe0000 - 0x00007ff883278000 	C:\WINDOWS\WinSxS\amd64_microsoft.windows.common-controls_6595b64144ccf1df_6.0.22621.5124_none_270e8f4f7386d69d\COMCTL32.dll
0x00007ff8935d0000 - 0x00007ff8936eb000 	C:\WINDOWS\System32\gdi32full.dll
0x00007ff893b80000 - 0x00007ff893c1a000 	C:\WINDOWS\System32\msvcp_win.dll
0x00007ff88f7b0000 - 0x00007ff88f7ba000 	C:\WINDOWS\SYSTEM32\VERSION.dll
0x00007ff896090000 - 0x00007ff8960c1000 	C:\WINDOWS\System32\IMM32.DLL
0x00007ff88fbc0000 - 0x00007ff88fbcc000 	C:\Program Files\Java\jdk-17\bin\vcruntime140_1.dll
0x00007ff863cb0000 - 0x00007ff863d3e000 	C:\Program Files\Java\jdk-17\bin\msvcp140.dll
0x00007ff822140000 - 0x00007ff822d21000 	C:\Program Files\Java\jdk-17\bin\server\jvm.dll
0x00007ff894810000 - 0x00007ff894818000 	C:\WINDOWS\System32\PSAPI.DLL
0x00007ff880300000 - 0x00007ff880309000 	C:\WINDOWS\SYSTEM32\WSOCK32.dll
0x00007ff888ba0000 - 0x00007ff888bd4000 	C:\WINDOWS\SYSTEM32\WINMM.dll
0x00007ff895260000 - 0x00007ff8952d1000 	C:\WINDOWS\System32\WS2_32.dll
0x00007ff892580000 - 0x00007ff892598000 	C:\WINDOWS\SYSTEM32\kernel.appcore.dll
0x00007ff88c1a0000 - 0x00007ff88c1aa000 	C:\Program Files\Java\jdk-17\bin\jimage.dll
0x00007ff88e050000 - 0x00007ff88e282000 	C:\WINDOWS\SYSTEM32\DBGHELP.DLL
0x00007ff894460000 - 0x00007ff8947f2000 	C:\WINDOWS\System32\combase.dll
0x00007ff895fb0000 - 0x00007ff896087000 	C:\WINDOWS\System32\OLEAUT32.dll
0x00007ff88c140000 - 0x00007ff88c172000 	C:\WINDOWS\SYSTEM32\dbgcore.DLL
0x00007ff893b00000 - 0x00007ff893b7b000 	C:\WINDOWS\System32\bcryptPrimitives.dll
0x00007ff881740000 - 0x00007ff88177b000 	C:\Program Files\Java\jdk-17\bin\jdwp.dll
0x00007ff881710000 - 0x00007ff881735000 	C:\Program Files\Java\jdk-17\bin\java.dll
0x00007ff861860000 - 0x00007ff861937000 	C:\Program Files\Java\jdk-17\bin\jsvml.dll
0x00007ff8953f0000 - 0x00007ff895c86000 	C:\WINDOWS\System32\SHELL32.dll
0x00007ff893f70000 - 0x00007ff8940af000 	C:\WINDOWS\System32\wintypes.dll
0x00007ff891480000 - 0x00007ff891d9a000 	C:\WINDOWS\SYSTEM32\windows.storage.dll
0x00007ff8952e0000 - 0x00007ff8953ea000 	C:\WINDOWS\System32\SHCORE.dll
0x00007ff894180000 - 0x00007ff8941e3000 	C:\WINDOWS\System32\shlwapi.dll
0x00007ff893480000 - 0x00007ff8934ab000 	C:\WINDOWS\SYSTEM32\profapi.dll
0x00007ff88c0b0000 - 0x00007ff88c0bc000 	C:\Program Files\Java\jdk-17\bin\dt_socket.dll
0x00007ff892000000 - 0x00007ff89202d000 	C:\WINDOWS\SYSTEM32\IPHLPAPI.DLL
0x00007ff892a00000 - 0x00007ff892a6a000 	C:\WINDOWS\system32\mswsock.dll
0x00007ff892030000 - 0x00007ff892132000 	C:\WINDOWS\SYSTEM32\DNSAPI.dll
0x00007ff895120000 - 0x00007ff895129000 	C:\WINDOWS\System32\NSI.dll
0x00007ff88fad0000 - 0x00007ff88fada000 	C:\Windows\System32\rasadhlp.dll
0x00007ff88f9c0000 - 0x00007ff88fa43000 	C:\WINDOWS\System32\fwpuclnt.dll
0x00007ff884420000 - 0x00007ff884439000 	C:\Program Files\Java\jdk-17\bin\net.dll
0x00007ff890570000 - 0x00007ff89069c000 	C:\WINDOWS\SYSTEM32\WINHTTP.dll
0x00007ff880800000 - 0x00007ff880816000 	C:\Program Files\Java\jdk-17\bin\nio.dll
0x00007ff8807e0000 - 0x00007ff8807f8000 	C:\Program Files\Java\jdk-17\bin\zip.dll
0x00007ff8889d0000 - 0x00007ff8889da000 	C:\Program Files\Java\jdk-17\bin\management.dll
0x00007ff8843f0000 - 0x00007ff8843fb000 	C:\Program Files\Java\jdk-17\bin\management_ext.dll
0x00007ff86ee00000 - 0x00007ff86ee17000 	C:\WINDOWS\system32\napinsp.dll
0x00007ff86ed10000 - 0x00007ff86ed2b000 	C:\WINDOWS\system32\pnrpnsp.dll
0x00007ff86ecf0000 - 0x00007ff86ed01000 	C:\WINDOWS\System32\winrnr.dll
0x00007ff86ecd0000 - 0x00007ff86ece5000 	C:\WINDOWS\system32\wshbth.dll
0x00007ff86ec60000 - 0x00007ff86ec87000 	C:\WINDOWS\system32\nlansp_c.dll
0x00007ff892c50000 - 0x00007ff892c6b000 	C:\WINDOWS\SYSTEM32\CRYPTSP.dll
0x00007ff8924e0000 - 0x00007ff892517000 	C:\WINDOWS\system32\rsaenh.dll
0x00007ff892af0000 - 0x00007ff892b18000 	C:\WINDOWS\SYSTEM32\USERENV.dll
0x00007ff892c70000 - 0x00007ff892c7c000 	C:\WINDOWS\SYSTEM32\CRYPTBASE.dll
0x00007ff88fd40000 - 0x00007ff88fd59000 	C:\WINDOWS\SYSTEM32\dhcpcsvc6.DLL
0x00007ff88fd20000 - 0x00007ff88fd3f000 	C:\WINDOWS\SYSTEM32\dhcpcsvc.DLL
0x00007ff8841c0000 - 0x00007ff8841ce000 	C:\Program Files\Java\jdk-17\bin\sunmscapi.dll
0x00007ff893e00000 - 0x00007ff893f66000 	C:\WINDOWS\System32\CRYPT32.dll
0x00007ff892e10000 - 0x00007ff892e3d000 	C:\WINDOWS\SYSTEM32\ncrypt.dll
0x00007ff892dd0000 - 0x00007ff892e07000 	C:\WINDOWS\SYSTEM32\NTASN1.dll
0x00007ff884130000 - 0x00007ff884140000 	C:\Program Files\Java\jdk-17\bin\verify.dll

dbghelp: loaded successfully - version: 4.0.5 - missing functions: none
symbol engine: initialized successfully - sym options: 0x614 - pdb path: .;C:\Program Files\Java\jdk-17\bin;C:\WINDOWS\SYSTEM32;C:\WINDOWS\WinSxS\amd64_microsoft.windows.common-controls_6595b64144ccf1df_6.0.22621.5124_none_270e8f4f7386d69d;C:\Program Files\Java\jdk-17\bin\server

VM Arguments:
jvm_args: -agentlib:jdwp=transport=dt_socket,server=n,suspend=y,address=localhost:49794 -Dcom.sun.management.jmxremote -Dcom.sun.management.jmxremote.port=64330 -Dcom.sun.management.jmxremote.authenticate=false -Dcom.sun.management.jmxremote.ssl=false -Dspring.jmx.enabled=true -Djava.rmi.server.hostname=localhost -Dspring.application.admin.enabled=true -Dspring.boot.project.name=thuan -XX:+ShowCodeDetailsInExceptionMessages 
java_command: com.example.thuan.ThuanApplication
java_class_path (initial): E:\SWP391_GR5_SE1812\ReadHasha_BackEnd\thuan\bin\main;E:\SWP391_GR5_SE1812\ReadHasha_BackEnd\thuan\bin\test;E:\SWP391_GR5_SE1812\ReadHasha_BackEnd\thuan\bin\default;C:\Users\ASUS\.gradle\caches\modules-2\files-2.1\org.projectlombok\lombok\1.18.24\13a394eed5c4f9efb2a6d956e2086f1d81e857d9\lombok-1.18.24.jar;C:\Users\ASUS\.gradle\caches\modules-2\files-2.1\org.springframework.boot\spring-boot-starter-web\3.4.2\cf1c8efe77dccf221acf5f0ce9cc24c718c0ca44\spring-boot-starter-web-3.4.2.jar;C:\Users\ASUS\.gradle\caches\modules-2\files-2.1\org.springframework.boot\spring-boot-starter-security\3.4.2\b3102ed745b5e71f61bb5174c6a12275f0154dbb\spring-boot-starter-security-3.4.2.jar;C:\Users\ASUS\.gradle\caches\modules-2\files-2.1\org.springframework.boot\spring-boot-starter-oauth2-resource-server\3.4.2\8ecba5fcece1409be2109ced33a3a4047f0739f7\spring-boot-starter-oauth2-resource-server-3.4.2.jar;C:\Users\ASUS\.gradle\caches\modules-2\files-2.1\org.springframework.boot\spring-boot-starter-data-jpa\3.4.2\b65a304b493807dff48bf114135dc4aa5f267927\spring-boot-starter-data-jpa-3.4.2.jar;C:\Users\ASUS\.gradle\caches\modules-2\files-2.1\com.microsoft.sqlserver\mssql-jdbc\12.2.0.jre8\24230b89715e4a101e1f2263293a2343a710ecd1\mssql-jdbc-12.2.0.jre8.jar;C:\Users\ASUS\.gradle\caches\modules-2\files-2.1\org.springframework.security\spring-security-config\6.4.2\5ed985329eb14b1c61045160c8dcbbcab179ddd3\spring-security-config-6.4.2.jar;C:\Users\ASUS\.gradle\caches\modules-2\files-2.1\org.springframework.security\spring-security-oauth2-resource-server\6.4.2\7b1d8e78f8aef21c6fda8588c6acc3b85e25771f\spring-security-oauth2-resource-server-6.4.2.jar;C:\Users\ASUS\.gradle\caches\modules-2\files-2.1\org.springframework.security\spring-security-web\6.4.2\733a3bbbdca56225676fb7f4e3f317c2075fc383\spring-security-web-6.4.2.jar;C:\Users\ASUS\.gradle\caches\modules-2\files-2.1\org.springframework.security\spring-security-oauth2-jose\6.4.2\274482eaffe0f5e7d978be7cbf7dc1817037efa5\spri
Launcher Type: SUN_STANDARD

[Global flags]
     intx CICompilerCount                          = 12                                        {product} {ergonomic}
     uint ConcGCThreads                            = 3                                         {product} {ergonomic}
     uint G1ConcRefinementThreads                  = 13                                        {product} {ergonomic}
   size_t G1HeapRegionSize                         = 2097152                                   {product} {ergonomic}
    uintx GCDrainStackTargetSize                   = 64                                        {product} {ergonomic}
   size_t InitialHeapSize                          = 255852544                                 {product} {ergonomic}
     bool ManagementServer                         = true                                      {product} {command line}
   size_t MarkStackSize                            = 4194304                                   {product} {ergonomic}
   size_t MaxHeapSize                              = 4093640704                                {product} {ergonomic}
   size_t MaxNewSize                               = 2455764992                                {product} {ergonomic}
   size_t MinHeapDeltaBytes                        = 2097152                                   {product} {ergonomic}
   size_t MinHeapSize                              = 8388608                                   {product} {ergonomic}
    uintx NonNMethodCodeHeapSize                   = 7602480                                {pd product} {ergonomic}
    uintx NonProfiledCodeHeapSize                  = 122027880                              {pd product} {ergonomic}
    uintx ProfiledCodeHeapSize                     = 122027880                              {pd product} {ergonomic}
    uintx ReservedCodeCacheSize                    = 251658240                              {pd product} {ergonomic}
     bool SegmentedCodeCache                       = true                                      {product} {ergonomic}
     bool ShowCodeDetailsInExceptionMessages       = true                                   {manageable} {command line}
   size_t SoftMaxHeapSize                          = 4093640704                             {manageable} {ergonomic}
     bool UseCompressedClassPointers               = true                           {product lp64_product} {ergonomic}
     bool UseCompressedOops                        = true                           {product lp64_product} {ergonomic}
     bool UseG1GC                                  = true                                      {product} {ergonomic}
     bool UseLargePagesIndividualAllocation        = false                                  {pd product} {ergonomic}

Logging:
Log output configuration:
 #0: stdout all=warning uptime,level,tags
 #1: stderr all=off uptime,level,tags

Environment Variables:
PATH=C:\Program Files\Common Files\Oracle\Java\javapath;C:\Program Files (x86)\Common Files\Oracle\Java\java8path;C:\Program Files (x86)\Common Files\Oracle\Java\javapath;C:\ProgramData\Oracle\Java\javapath;C:\Windows\system32;C:\Windows;C:\Windows\System32\Wbem;C:\Windows\System32\WindowsPowerShell\v1.0\;C:\Windows\System32\OpenSSH\;C:\Program Files (x86)\NVIDIA Corporation\PhysX\Common;C:\WINDOWS\system32;C:\WINDOWS;C:\WINDOWS\System32\Wbem;C:\WINDOWS\System32\WindowsPowerShell\v1.0\;C:\WINDOWS\System32\OpenSSH\;C:\Program Files (x86)\Microsoft SQL Server\160\Tools\Binn\;C:\Program Files\Microsoft SQL Server\160\Tools\Binn\;C:\Program Files\Microsoft SQL Server\Client SDK\ODBC\170\Tools\Binn\;C:\Program Files\Microsoft SQL Server\160\DTS\Binn\;C:\Program Files (x86)\Microsoft SQL Server\160\DTS\Binn\;C:\Program Files\Azure Data Studio\bin;C:\Program Files\dotnet\;C:\Program Files\nodejs\;C:\Program Files\Git\cmd;C:\Program Files\NVIDIA Corporation\NVIDIA app\NvDLISR;C:\Program Files\MySQL\MySQL Shell 8.0\bin\;C:\Users\ASUS\AppData\Local\Microsoft\WindowsApps;C:\Program Files\Azure Data Studio\bin;C:\Users\ASUS\AppData\Local\Programs\Microsoft VS Code\bin;C:\Users\ASUS\AppData\Roaming\npm;C:\Program Files\Git\mingw64\bin\;C:\Users\ASUS\AppData\Local\Programs\cursor\resources\app\bin
USERNAME=ASUS
LANG=en_US.UTF-8
OS=Windows_NT
PROCESSOR_IDENTIFIER=AMD64 Family 25 Model 68 Stepping 1, AuthenticAMD



---------------  S Y S T E M  ---------------

OS:
 Windows 11 , 64 bit Build 22621 (10.0.22621.5124)
OS uptime: 3 days 18:52 hours

CPU: total 16 (initial active 16) (16 cores per cpu, 2 threads per core) family 25 model 68 stepping 1 microcode 0x0, cx8, cmov, fxsr, ht, mmx, 3dnowpref, sse, sse2, sse3, ssse3, sse4a, sse4.1, sse4.2, popcnt, lzcnt, tsc, tscinvbit, avx, avx2, aes, clmul, bmi1, bmi2, adx, sha, fma, vzeroupper, clflush, clflushopt

Memory: 4k page, system-wide physical 15613M (3480M free)
TotalPageFile size 19709M (AvailPageFile size 252M)
current process WorkingSet (physical memory assigned to process): 447M, peak: 464M
current process commit charge ("private bytes"): 496M, peak: 523M

vm_info: Java HotSpot(TM) 64-Bit Server VM (17.0.9+11-LTS-201) for windows-amd64 JRE (17.0.9+11-LTS-201), built on Oct 10 2023 23:16:06 by "mach5one" with MS VC++ 17.1 (VS2022)

END.
