#
# There is insufficient memory for the Java Runtime Environment to continue.
# Native memory allocation (malloc) failed to allocate 1134096 bytes. Error detail: Chunk::new
# Possible reasons:
#   The system is out of physical RAM or swap space
#   This process is running with CompressedOops enabled, and the Java Heap may be blocking the growth of the native heap
# Possible solutions:
#   Reduce memory load on the system
#   Increase physical memory or swap space
#   Check if swap backing store is full
#   Decrease Java heap size (-Xmx/-Xms)
#   Decrease number of Java threads
#   Decrease Java thread stack sizes (-Xss)
#   Set larger code cache with -XX:ReservedCodeCacheSize=
#   JVM is running with Unscaled Compressed Oops mode in which the Java heap is
#     placed in the first 4GB address space. The Java Heap base address is the
#     maximum limit for the native heap growth. Please use -XX:HeapBaseMinAddress
#     to set the Java Heap base and to place the Java Heap above 4GB virtual address.
# This output file may be truncated or incomplete.
#
#  Out of Memory Error (arena.cpp:168), pid=2152, tid=27908
#
# JRE version: OpenJDK Runtime Environment Temurin-21.0.6+7 (21.0.6+7) (build 21.0.6+7-LTS)
# Java VM: OpenJDK 64-Bit Server VM Temurin-21.0.6+7 (21.0.6+7-LTS, mixed mode, sharing, tiered, compressed oops, compressed class ptrs, parallel gc, windows-amd64)
# No core dump will be written. Minidumps are not enabled by default on client versions of Windows
#

---------------  S U M M A R Y ------------

Command Line: --add-modules=ALL-SYSTEM --add-opens=java.base/java.util=ALL-UNNAMED --add-opens=java.base/java.lang=ALL-UNNAMED --add-opens=java.base/sun.nio.fs=ALL-UNNAMED -Declipse.application=org.eclipse.jdt.ls.core.id1 -Dosgi.bundles.defaultStartLevel=4 -Declipse.product=org.eclipse.jdt.ls.core.product -Djava.import.generatesMetadataFilesAtProjectRoot=false -DDetectVMInstallationsJob.disabled=true -Dfile.encoding=utf8 -XX:+UseParallelGC -XX:GCTimeRatio=4 -XX:AdaptiveSizePolicyWeight=90 -Dsun.zip.disableMemoryMapping=true -Xmx1G -Xms100m -Xlog:disable -javaagent:c:\Users\ASUS\.cursor\extensions\redhat.java-1.40.0-win32-x64\lombok\lombok-1.18.36.jar -XX:+HeapDumpOnOutOfMemoryError -XX:HeapDumpPath=c:\Users\ASUS\AppData\Roaming\Cursor\User\workspaceStorage\a26ced7fe018b66e12da886babd7af56\redhat.java -Daether.dependencyCollector.impl=bf c:\Users\ASUS\.cursor\extensions\redhat.java-1.40.0-win32-x64\server\plugins\org.eclipse.equinox.launcher_1.6.1000.v20250131-0606.jar -configuration c:\Users\ASUS\AppData\Roaming\Cursor\User\globalStorage\redhat.java\1.40.0\config_win -data c:\Users\ASUS\AppData\Roaming\Cursor\User\workspaceStorage\a26ced7fe018b66e12da886babd7af56\redhat.java\jdt_ws --pipe=\\.\pipe\lsp-669d983bd712b82634c97bd243318866-sock

Host: AMD Ryzen 7 6800H with Radeon Graphics         , 16 cores, 15G,  Windows 11 , 64 bit Build 22621 (10.0.22621.4830)
Time: Wed Mar 12 06:26:39 2025 SE Asia Standard Time elapsed time: 13.336953 seconds (0d 0h 0m 13s)

---------------  T H R E A D  ---------------

Current thread (0x0000024ff3356c10):  JavaThread "C2 CompilerThread2" daemon [_thread_in_native, id=27908, stack(0x0000007658300000,0x0000007658400000) (1024K)]


Current CompileTask:
C2:13337 12945 % !   4       org.eclipse.jdt.internal.core.JarPackageFragmentRoot::computeChildren @ 246 (605 bytes)

Stack: [0x0000007658300000,0x0000007658400000]
Native frames: (J=compiled Java code, j=interpreted, Vv=VM code, C=native code)
V  [jvm.dll+0x6cdee9]
V  [jvm.dll+0x8a83d1]
V  [jvm.dll+0x8aa8fe]
V  [jvm.dll+0x8aafe3]
V  [jvm.dll+0x27f706]
V  [jvm.dll+0xc500d]
V  [jvm.dll+0xc5543]
V  [jvm.dll+0x2f2acd]
V  [jvm.dll+0x5f6a2a]
V  [jvm.dll+0x250bb2]
V  [jvm.dll+0x250f6f]
V  [jvm.dll+0x249834]
V  [jvm.dll+0x246ec4]
V  [jvm.dll+0x1c75ee]
V  [jvm.dll+0x25685a]
V  [jvm.dll+0x254dfa]
V  [jvm.dll+0x3f0256]
V  [jvm.dll+0x851f8b]
V  [jvm.dll+0x6cc5ed]
C  [ucrtbase.dll+0x29333]
C  [KERNEL32.DLL+0x1259d]
C  [ntdll.dll+0x5af38]


---------------  P R O C E S S  ---------------

Threads class SMR info:
_java_thread_list=0x0000024fcb6d9510, length=106, elements={
0x0000024fdd790b70, 0x0000024ff1b54fb0, 0x0000024ff1b56320, 0x0000024ff1b5a530,
0x0000024ff1b5b440, 0x0000024ff1b5fa90, 0x0000024ff1b604e0, 0x0000024ff1b659e0,
0x0000024ff1b69d00, 0x0000024ff313a410, 0x0000024ff313e630, 0x0000024ff3140ce0,
0x0000024ff319acb0, 0x0000024ff3353ba0, 0x0000024ff9013270, 0x0000024ff3356c10,
0x0000024ff993c9b0, 0x0000024ff98ab770, 0x0000024ff995f3d0, 0x0000024ff999bea0,
0x0000024ff9833910, 0x0000024ffa005bf0, 0x0000024ffa0c8890, 0x0000024ffa221f90,
0x0000024ffa222cb0, 0x0000024ffa223340, 0x0000024ffa221270, 0x0000024ffa221900,
0x0000024ffa220550, 0x0000024ffa220be0, 0x0000024ffb6998f0, 0x0000024ffb69f4d0,
0x0000024ffb698bd0, 0x0000024ffb69a610, 0x0000024ffb699f80, 0x0000024ffb69c6e0,
0x0000024ffb69fb60, 0x0000024ffb69aca0, 0x0000024ffb69b330, 0x0000024ffb6a01f0,
0x0000024ffb69b9c0, 0x0000024ffb69c050, 0x0000024ffb69ee40, 0x0000024ffb699260,
0x0000024ffb69cd70, 0x0000024ffb69d400, 0x0000024ffb69da90, 0x0000024ffb69e120,
0x0000024ffb69e7b0, 0x0000024ffb292040, 0x0000024ffb2926d0, 0x0000024ffb290600,
0x0000024ffb28dea0, 0x0000024ffb2933f0, 0x0000024ffb2954c0, 0x0000024ffb293a80,
0x0000024ffb28e530, 0x0000024ffb28f8e0, 0x0000024ffb28f250, 0x0000024ffb28ff70,
0x0000024ffb290c90, 0x0000024ffb2919b0, 0x0000024ffb291320, 0x0000024ffb292d60,
0x0000024ffb294110, 0x0000024ffb294e30, 0x0000024ffb28ebc0, 0x0000024fc17edd20,
0x0000024fc17ef0d0, 0x0000024fc17eea40, 0x0000024fc17ef760, 0x0000024fc17ed690,
0x0000024fc17efdf0, 0x0000024fc17f0480, 0x0000024fc17ee3b0, 0x0000024fc17ed000,
0x0000024ffb75f530, 0x0000024ffb761600, 0x0000024ffb7629b0, 0x0000024ffb75e810,
0x0000024ffb75d460, 0x0000024ffb75eea0, 0x0000024ffb7636d0, 0x0000024ffb761c90,
0x0000024ffb760f70, 0x0000024ffb75fbc0, 0x0000024ffb763d60, 0x0000024ffb763040,
0x0000024ffb7643f0, 0x0000024ffb764a80, 0x0000024ffb75e180, 0x0000024ffb760250,
0x0000024ffb75daf0, 0x0000024ffb7608e0, 0x0000024fcde8f4d0, 0x0000024fcde8ee40,
0x0000024fcde8aca0, 0x0000024ffd830640, 0x0000024fcde8c6e0, 0x0000024fcde8cd70,
0x0000024fcde8da90, 0x0000024fcde90880, 0x0000024fcde8e120, 0x0000024ffd82adb0,
0x0000024ffd82c8f0, 0x0000024ffd82ff70
}

Java Threads: ( => current thread )
  0x0000024fdd790b70 JavaThread "main"                              [_thread_blocked, id=19960, stack(0x0000007657100000,0x0000007657200000) (1024K)]
  0x0000024ff1b54fb0 JavaThread "Reference Handler"          daemon [_thread_blocked, id=14080, stack(0x0000007657500000,0x0000007657600000) (1024K)]
  0x0000024ff1b56320 JavaThread "Finalizer"                  daemon [_thread_blocked, id=11700, stack(0x0000007657600000,0x0000007657700000) (1024K)]
  0x0000024ff1b5a530 JavaThread "Signal Dispatcher"          daemon [_thread_blocked, id=34200, stack(0x0000007657700000,0x0000007657800000) (1024K)]
  0x0000024ff1b5b440 JavaThread "Attach Listener"            daemon [_thread_blocked, id=31440, stack(0x0000007657800000,0x0000007657900000) (1024K)]
  0x0000024ff1b5fa90 JavaThread "Service Thread"             daemon [_thread_blocked, id=12532, stack(0x0000007657900000,0x0000007657a00000) (1024K)]
  0x0000024ff1b604e0 JavaThread "Monitor Deflation Thread"   daemon [_thread_blocked, id=2364, stack(0x0000007657a00000,0x0000007657b00000) (1024K)]
  0x0000024ff1b659e0 JavaThread "C2 CompilerThread0"         daemon [_thread_blocked, id=27104, stack(0x0000007657b00000,0x0000007657c00000) (1024K)]
  0x0000024ff1b69d00 JavaThread "C1 CompilerThread0"         daemon [_thread_blocked, id=32292, stack(0x0000007657c00000,0x0000007657d00000) (1024K)]
  0x0000024ff313a410 JavaThread "Common-Cleaner"             daemon [_thread_blocked, id=34140, stack(0x0000007657d00000,0x0000007657e00000) (1024K)]
  0x0000024ff313e630 JavaThread "C1 CompilerThread1"         daemon [_thread_blocked, id=7344, stack(0x0000007657e00000,0x0000007657f00000) (1024K)]
  0x0000024ff3140ce0 JavaThread "C1 CompilerThread2"         daemon [_thread_blocked, id=27892, stack(0x0000007657f00000,0x0000007658000000) (1024K)]
  0x0000024ff319acb0 JavaThread "C2 CompilerThread1"         daemon [_thread_blocked, id=20432, stack(0x0000007658000000,0x0000007658100000) (1024K)]
  0x0000024ff3353ba0 JavaThread "C1 CompilerThread3"         daemon [_thread_blocked, id=24040, stack(0x0000007658100000,0x0000007658200000) (1024K)]
  0x0000024ff9013270 JavaThread "Notification Thread"        daemon [_thread_blocked, id=27308, stack(0x0000007658200000,0x0000007658300000) (1024K)]
=>0x0000024ff3356c10 JavaThread "C2 CompilerThread2"         daemon [_thread_in_native, id=27908, stack(0x0000007658300000,0x0000007658400000) (1024K)]
  0x0000024ff993c9b0 JavaThread "C2 CompilerThread3"         daemon [_thread_blocked, id=34432, stack(0x0000007658900000,0x0000007658a00000) (1024K)]
  0x0000024ff98ab770 JavaThread "Active Thread: Equinox Container: 7c62e327-4324-4111-a0b0-6ab869ccac2d"        [_thread_blocked, id=33892, stack(0x0000007658a00000,0x0000007658b00000) (1024K)]
  0x0000024ff995f3d0 JavaThread "Refresh Thread: Equinox Container: 7c62e327-4324-4111-a0b0-6ab869ccac2d" daemon [_thread_blocked, id=26408, stack(0x0000007658d00000,0x0000007658e00000) (1024K)]
  0x0000024ff999bea0 JavaThread "Framework Event Dispatcher: Equinox Container: 7c62e327-4324-4111-a0b0-6ab869ccac2d" daemon [_thread_blocked, id=18832, stack(0x0000007658e00000,0x0000007658f00000) (1024K)]
  0x0000024ff9833910 JavaThread "Start Level: Equinox Container: 7c62e327-4324-4111-a0b0-6ab869ccac2d" daemon [_thread_blocked, id=25876, stack(0x0000007658f00000,0x0000007659000000) (1024K)]
  0x0000024ffa005bf0 JavaThread "Bundle File Closer"         daemon [_thread_blocked, id=33096, stack(0x0000007659000000,0x0000007659100000) (1024K)]
  0x0000024ffa0c8890 JavaThread "SCR Component Actor"        daemon [_thread_blocked, id=28748, stack(0x0000007659300000,0x0000007659400000) (1024K)]
  0x0000024ffa221f90 JavaThread "Worker-JM"                         [_thread_blocked, id=24152, stack(0x0000007659800000,0x0000007659900000) (1024K)]
  0x0000024ffa222cb0 JavaThread "JNA Cleaner"                daemon [_thread_blocked, id=4720, stack(0x0000007659900000,0x0000007659a00000) (1024K)]
  0x0000024ffa223340 JavaThread "Worker-0: Initialize workspace"        [_thread_blocked, id=19856, stack(0x0000007659a00000,0x0000007659b00000) (1024K)]
  0x0000024ffa221270 JavaThread "Worker-1: Initialize Workspace"        [_thread_blocked, id=17812, stack(0x0000007659b00000,0x0000007659c00000) (1024K)]
  0x0000024ffa221900 JavaThread "Java indexing"              daemon [_thread_blocked, id=15212, stack(0x0000007659c00000,0x0000007659d00000) (1024K)]
  0x0000024ffa220550 JavaThread "Worker-2: Java indexing... "        [_thread_blocked, id=31980, stack(0x0000007659d00000,0x0000007659e00000) (1024K)]
  0x0000024ffa220be0 JavaThread "Worker-3: Publish Diagnostics"        [_thread_blocked, id=13356, stack(0x0000007659e00000,0x0000007659f00000) (1024K)]
  0x0000024ffb6998f0 JavaThread "Thread-2"                   daemon [_thread_in_native, id=15912, stack(0x0000007659f00000,0x000000765a000000) (1024K)]
  0x0000024ffb69f4d0 JavaThread "Thread-3"                   daemon [_thread_in_native, id=17368, stack(0x000000765a000000,0x000000765a100000) (1024K)]
  0x0000024ffb698bd0 JavaThread "Thread-4"                   daemon [_thread_in_native, id=10868, stack(0x000000765a100000,0x000000765a200000) (1024K)]
  0x0000024ffb69a610 JavaThread "Thread-5"                   daemon [_thread_in_native, id=2272, stack(0x000000765a200000,0x000000765a300000) (1024K)]
  0x0000024ffb699f80 JavaThread "Thread-6"                   daemon [_thread_in_native, id=14388, stack(0x000000765a300000,0x000000765a400000) (1024K)]
  0x0000024ffb69c6e0 JavaThread "Thread-7"                   daemon [_thread_in_native, id=19796, stack(0x000000765a400000,0x000000765a500000) (1024K)]
  0x0000024ffb69fb60 JavaThread "Thread-8"                   daemon [_thread_in_native, id=32068, stack(0x000000765a500000,0x000000765a600000) (1024K)]
  0x0000024ffb69aca0 JavaThread "Thread-9"                   daemon [_thread_in_native, id=21696, stack(0x000000765a600000,0x000000765a700000) (1024K)]
  0x0000024ffb69b330 JavaThread "Thread-10"                  daemon [_thread_in_native, id=18584, stack(0x000000765a700000,0x000000765a800000) (1024K)]
  0x0000024ffb6a01f0 JavaThread "Thread-11"                  daemon [_thread_in_native, id=25840, stack(0x000000765a800000,0x000000765a900000) (1024K)]
  0x0000024ffb69b9c0 JavaThread "Thread-12"                  daemon [_thread_in_native, id=23588, stack(0x000000765a900000,0x000000765aa00000) (1024K)]
  0x0000024ffb69c050 JavaThread "Thread-13"                  daemon [_thread_in_native, id=27364, stack(0x000000765aa00000,0x000000765ab00000) (1024K)]
  0x0000024ffb69ee40 JavaThread "Thread-14"                  daemon [_thread_in_native, id=34792, stack(0x000000765ab00000,0x000000765ac00000) (1024K)]
  0x0000024ffb699260 JavaThread "Thread-15"                  daemon [_thread_in_native, id=16116, stack(0x000000765ac00000,0x000000765ad00000) (1024K)]
  0x0000024ffb69cd70 JavaThread "Thread-16"                  daemon [_thread_in_native, id=26128, stack(0x000000765ad00000,0x000000765ae00000) (1024K)]
  0x0000024ffb69d400 JavaThread "Thread-17"                  daemon [_thread_in_native, id=7428, stack(0x000000765ae00000,0x000000765af00000) (1024K)]
  0x0000024ffb69da90 JavaThread "Thread-18"                  daemon [_thread_in_native, id=16796, stack(0x000000765af00000,0x000000765b000000) (1024K)]
  0x0000024ffb69e120 JavaThread "pool-2-thread-1"                   [_thread_blocked, id=34508, stack(0x000000765b200000,0x000000765b300000) (1024K)]
  0x0000024ffb69e7b0 JavaThread "Worker-4: Check JDK Index"         [_thread_blocked, id=3276, stack(0x000000765b300000,0x000000765b400000) (1024K)]
  0x0000024ffb292040 JavaThread "WorkspaceEventsHandler"            [_thread_blocked, id=34156, stack(0x000000765b400000,0x000000765b500000) (1024K)]
  0x0000024ffb2926d0 JavaThread "pool-1-thread-1"                   [_thread_blocked, id=30284, stack(0x000000765b500000,0x000000765b600000) (1024K)]
  0x0000024ffb290600 JavaThread "LocalFile Deleter"          daemon [_thread_blocked, id=1628, stack(0x000000765b800000,0x000000765b900000) (1024K)]
  0x0000024ffb28dea0 JavaThread "LocalFile Deleter"          daemon [_thread_blocked, id=16120, stack(0x000000765b900000,0x000000765ba00000) (1024K)]
  0x0000024ffb2933f0 JavaThread "LocalFile Deleter"          daemon [_thread_blocked, id=18664, stack(0x000000765ba00000,0x000000765bb00000) (1024K)]
  0x0000024ffb2954c0 JavaThread "LocalFile Deleter"          daemon [_thread_blocked, id=30372, stack(0x000000765bb00000,0x000000765bc00000) (1024K)]
  0x0000024ffb293a80 JavaThread "LocalFile Deleter"          daemon [_thread_blocked, id=19468, stack(0x000000765bc00000,0x000000765bd00000) (1024K)]
  0x0000024ffb28e530 JavaThread "LocalFile Deleter"          daemon [_thread_blocked, id=21308, stack(0x000000765bd00000,0x000000765be00000) (1024K)]
  0x0000024ffb28f8e0 JavaThread "LocalFile Deleter"          daemon [_thread_blocked, id=25716, stack(0x000000765be00000,0x000000765bf00000) (1024K)]
  0x0000024ffb28f250 JavaThread "LocalFile Deleter"          daemon [_thread_blocked, id=27992, stack(0x000000765bf00000,0x000000765c000000) (1024K)]
  0x0000024ffb28ff70 JavaThread "LocalFile Deleter"          daemon [_thread_blocked, id=21264, stack(0x000000765c000000,0x000000765c100000) (1024K)]
  0x0000024ffb290c90 JavaThread "LocalFile Deleter"          daemon [_thread_blocked, id=8224, stack(0x000000765c100000,0x000000765c200000) (1024K)]
  0x0000024ffb2919b0 JavaThread "LocalFile Deleter"          daemon [_thread_blocked, id=21724, stack(0x000000765c200000,0x000000765c300000) (1024K)]
  0x0000024ffb291320 JavaThread "LocalFile Deleter"          daemon [_thread_blocked, id=13092, stack(0x000000765c300000,0x000000765c400000) (1024K)]
  0x0000024ffb292d60 JavaThread "LocalFile Deleter"          daemon [_thread_blocked, id=17008, stack(0x000000765c400000,0x000000765c500000) (1024K)]
  0x0000024ffb294110 JavaThread "LocalFile Deleter"          daemon [_thread_blocked, id=21156, stack(0x000000765c500000,0x000000765c600000) (1024K)]
  0x0000024ffb294e30 JavaThread "LocalFile Deleter"          daemon [_thread_blocked, id=20324, stack(0x000000765c600000,0x000000765c700000) (1024K)]
  0x0000024ffb28ebc0 JavaThread "LocalFile Deleter"          daemon [_thread_blocked, id=26048, stack(0x000000765c700000,0x000000765c800000) (1024K)]
  0x0000024fc17edd20 JavaThread "Compiler Source File Reader" daemon [_thread_blocked, id=12624, stack(0x000000765c800000,0x000000765c900000) (1024K)]
  0x0000024fc17ef0d0 JavaThread "Compiler Source File Reader" daemon [_thread_blocked, id=26960, stack(0x000000765c900000,0x000000765ca00000) (1024K)]
  0x0000024fc17eea40 JavaThread "Compiler Source File Reader" daemon [_thread_blocked, id=13800, stack(0x000000765ca00000,0x000000765cb00000) (1024K)]
  0x0000024fc17ef760 JavaThread "Compiler Source File Reader" daemon [_thread_blocked, id=33416, stack(0x000000765cb00000,0x000000765cc00000) (1024K)]
  0x0000024fc17ed690 JavaThread "Compiler Source File Reader" daemon [_thread_blocked, id=3632, stack(0x000000765cc00000,0x000000765cd00000) (1024K)]
  0x0000024fc17efdf0 JavaThread "Compiler Source File Reader" daemon [_thread_blocked, id=27960, stack(0x000000765cd00000,0x000000765ce00000) (1024K)]
  0x0000024fc17f0480 JavaThread "Compiler Source File Reader" daemon [_thread_blocked, id=3608, stack(0x000000765ce00000,0x000000765cf00000) (1024K)]
  0x0000024fc17ee3b0 JavaThread "Compiler Source File Reader" daemon [_thread_blocked, id=27052, stack(0x000000765cf00000,0x000000765d000000) (1024K)]
  0x0000024fc17ed000 JavaThread "Compiler Source File Reader" daemon [_thread_blocked, id=29520, stack(0x000000765d000000,0x000000765d100000) (1024K)]
  0x0000024ffb75f530 JavaThread "Compiler Source File Reader" daemon [_thread_blocked, id=31264, stack(0x000000765d100000,0x000000765d200000) (1024K)]
  0x0000024ffb761600 JavaThread "Compiler Source File Reader" daemon [_thread_blocked, id=14348, stack(0x000000765d200000,0x000000765d300000) (1024K)]
  0x0000024ffb7629b0 JavaThread "Compiler Source File Reader" daemon [_thread_blocked, id=11484, stack(0x000000765d300000,0x000000765d400000) (1024K)]
  0x0000024ffb75e810 JavaThread "Compiler Source File Reader" daemon [_thread_blocked, id=5056, stack(0x000000765d400000,0x000000765d500000) (1024K)]
  0x0000024ffb75d460 JavaThread "Compiler Source File Reader" daemon [_thread_blocked, id=24004, stack(0x000000765d500000,0x000000765d600000) (1024K)]
  0x0000024ffb75eea0 JavaThread "Compiler Processing Task"   daemon [_thread_blocked, id=18004, stack(0x0000007659400000,0x0000007659500000) (1024K)]
  0x0000024ffb7636d0 JavaThread "Compiler Class File Writer" daemon [_thread_blocked, id=18556, stack(0x000000765b700000,0x000000765b800000) (1024K)]
  0x0000024ffb761c90 JavaThread "Compiler Class File Writer" daemon [_thread_blocked, id=9668, stack(0x000000765d600000,0x000000765d700000) (1024K)]
  0x0000024ffb760f70 JavaThread "Compiler Class File Writer" daemon [_thread_blocked, id=31880, stack(0x000000765d700000,0x000000765d800000) (1024K)]
  0x0000024ffb75fbc0 JavaThread "Compiler Class File Writer" daemon [_thread_blocked, id=32820, stack(0x000000765d800000,0x000000765d900000) (1024K)]
  0x0000024ffb763d60 JavaThread "Compiler Class File Writer" daemon [_thread_blocked, id=25592, stack(0x000000765d900000,0x000000765da00000) (1024K)]
  0x0000024ffb763040 JavaThread "Compiler Class File Writer" daemon [_thread_blocked, id=20576, stack(0x000000765da00000,0x000000765db00000) (1024K)]
  0x0000024ffb7643f0 JavaThread "Compiler Class File Writer" daemon [_thread_blocked, id=19824, stack(0x000000765db00000,0x000000765dc00000) (1024K)]
  0x0000024ffb764a80 JavaThread "Compiler Class File Writer" daemon [_thread_blocked, id=30800, stack(0x000000765dd00000,0x000000765de00000) (1024K)]
  0x0000024ffb75e180 JavaThread "Compiler Class File Writer" daemon [_thread_blocked, id=6200, stack(0x000000765de00000,0x000000765df00000) (1024K)]
  0x0000024ffb760250 JavaThread "Compiler Class File Writer" daemon [_thread_blocked, id=27028, stack(0x000000765df00000,0x000000765e000000) (1024K)]
  0x0000024ffb75daf0 JavaThread "Compiler Class File Writer" daemon [_thread_blocked, id=20192, stack(0x000000765e000000,0x000000765e100000) (1024K)]
  0x0000024ffb7608e0 JavaThread "Compiler Class File Writer" daemon [_thread_blocked, id=13444, stack(0x000000765e100000,0x000000765e200000) (1024K)]
  0x0000024fcde8f4d0 JavaThread "Compiler Class File Writer" daemon [_thread_blocked, id=3052, stack(0x000000765e200000,0x000000765e300000) (1024K)]
  0x0000024fcde8ee40 JavaThread "Compiler Class File Writer" daemon [_thread_blocked, id=27220, stack(0x000000765e300000,0x000000765e400000) (1024K)]
  0x0000024fcde8aca0 JavaThread "Timer-0"                           [_thread_blocked, id=26892, stack(0x000000765e400000,0x000000765e500000) (1024K)]
  0x0000024ffd830640 JavaThread "C2 CompilerThread4"         daemon [_thread_blocked, id=29216, stack(0x000000765b000000,0x000000765b100000) (1024K)]
  0x0000024fcde8c6e0 JavaThread "ForkJoinPool.commonPool-worker-1" daemon [_thread_blocked, id=7780, stack(0x000000765e500000,0x000000765e600000) (1024K)]
  0x0000024fcde8cd70 JavaThread "Worker-5"                          [_thread_blocked, id=33100, stack(0x000000765dc00000,0x000000765dd00000) (1024K)]
  0x0000024fcde8da90 JavaThread "ForkJoinPool.commonPool-worker-2" daemon [_thread_blocked, id=5124, stack(0x000000765b100000,0x000000765b200000) (1024K)]
  0x0000024fcde90880 JavaThread "ForkJoinPool.commonPool-worker-3" daemon [_thread_blocked, id=34736, stack(0x000000765b600000,0x000000765b700000) (1024K)]
  0x0000024fcde8e120 JavaThread "ForkJoinPool.commonPool-worker-4" daemon [_thread_blocked, id=8964, stack(0x000000765e600000,0x000000765e700000) (1024K)]
  0x0000024ffd82adb0 JavaThread "C2 CompilerThread5"         daemon [_thread_blocked, id=28164, stack(0x000000765e700000,0x000000765e800000) (1024K)]
  0x0000024ffd82c8f0 JavaThread "C2 CompilerThread6"         daemon [_thread_blocked, id=18952, stack(0x000000765e800000,0x000000765e900000) (1024K)]
  0x0000024ffd82ff70 JavaThread "C2 CompilerThread7"         daemon [_thread_blocked, id=30296, stack(0x000000765e900000,0x000000765ea00000) (1024K)]
Total: 106

Other Threads:
  0x0000024ff3044920 VMThread "VM Thread"                           [id=32144, stack(0x0000007657400000,0x0000007657500000) (1024K)]
  0x0000024ff1a4ba00 WatcherThread "VM Periodic Task Thread"        [id=4816, stack(0x0000007657300000,0x0000007657400000) (1024K)]
  0x0000024fdd7a8030 WorkerThread "GC Thread#0"                     [id=27976, stack(0x0000007657200000,0x0000007657300000) (1024K)]
  0x0000024ff95f7420 WorkerThread "GC Thread#1"                     [id=25940, stack(0x0000007658400000,0x0000007658500000) (1024K)]
  0x0000024ff95f6ce0 WorkerThread "GC Thread#2"                     [id=28324, stack(0x0000007658500000,0x0000007658600000) (1024K)]
  0x0000024ff95f6200 WorkerThread "GC Thread#3"                     [id=4668, stack(0x0000007658600000,0x0000007658700000) (1024K)]
  0x0000024ff95f65a0 WorkerThread "GC Thread#4"                     [id=15612, stack(0x0000007658700000,0x0000007658800000) (1024K)]
  0x0000024ff95f6940 WorkerThread "GC Thread#5"                     [id=1440, stack(0x0000007658800000,0x0000007658900000) (1024K)]
  0x0000024ff95f5e60 WorkerThread "GC Thread#6"                     [id=20436, stack(0x0000007658b00000,0x0000007658c00000) (1024K)]
  0x0000024ff95f7080 WorkerThread "GC Thread#7"                     [id=28812, stack(0x0000007658c00000,0x0000007658d00000) (1024K)]
  0x0000024ff9ea9210 WorkerThread "GC Thread#8"                     [id=14640, stack(0x0000007659100000,0x0000007659200000) (1024K)]
  0x0000024ff9ea78b0 WorkerThread "GC Thread#9"                     [id=28664, stack(0x0000007659200000,0x0000007659300000) (1024K)]
  0x0000024ff9ea6dd0 WorkerThread "GC Thread#10"                    [id=18456, stack(0x0000007659500000,0x0000007659600000) (1024K)]
  0x0000024ff9ea8390 WorkerThread "GC Thread#11"                    [id=34664, stack(0x0000007659600000,0x0000007659700000) (1024K)]
  0x0000024ff9ea7510 WorkerThread "GC Thread#12"                    [id=13688, stack(0x0000007659700000,0x0000007659800000) (1024K)]
Total: 15

Threads with active compile tasks:
C2 CompilerThread0  13374 13140 %     4       org.eclipse.jdt.internal.compiler.lookup.BinaryTypeBinding::createMethod @ 222 (1724 bytes)
C1 CompilerThread2  13374 13478   !   3       java.util.regex.Matcher::appendExpandedReplacement (508 bytes)
C2 CompilerThread1  13374 13381       4       org.eclipse.jdt.internal.compiler.lookup.PackageBinding::hasCompilationUnit (101 bytes)
C2 CompilerThread2  13374 12945 % !   4       org.eclipse.jdt.internal.core.JarPackageFragmentRoot::computeChildren @ 246 (605 bytes)
C2 CompilerThread3  13374 13481       4       org.eclipse.jdt.internal.core.Openable::<init> (6 bytes)
C2 CompilerThread4  13374 13453       4       org.eclipse.jdt.internal.compiler.lookup.ModuleBinding$UnNamedModule::canAccess (77 bytes)
C2 CompilerThread5  13374 13380   !   4       org.eclipse.jdt.internal.compiler.classfmt.ClassFileReader::<init> (2135 bytes)
C2 CompilerThread6  13374 13470       4       org.eclipse.jdt.internal.compiler.parser.Parser::consumeRule (7755 bytes)
C2 CompilerThread7  13374 13331       4       java.lang.reflect.Field::set (43 bytes)
Total: 9

VM state: at safepoint (normal execution)

VM Mutex/Monitor currently owned by a thread:  ([mutex/lock_event])
[0x00007fff426ee380] Threads_lock - owner thread: 0x0000024ff3044920
[0x00007fff426ee480] Heap_lock - owner thread: 0x0000024fcde8c6e0

Heap address: 0x00000000c0000000, size: 1024 MB, Compressed Oops mode: 32-bit

CDS archive(s) mapped at: [0x0000024f80000000-0x0000024f80ba0000-0x0000024f80ba0000), size 12189696, SharedBaseAddress: 0x0000024f80000000, ArchiveRelocationMode: 1.
Compressed class space mapped at: 0x0000024f81000000-0x0000024fc1000000, reserved size: 1073741824
Narrow klass base: 0x0000024f80000000, Narrow klass shift: 0, Narrow klass range: 0x100000000

GC Precious Log:
 CardTable entry size: 512
 CPUs: 16 total, 16 available
 Memory: 15613M
 Large Page Support: Disabled
 NUMA Support: Disabled
 Compressed Oops: Enabled (32-bit)
 Alignments: Space 512K, Generation 512K, Heap 2M
 Heap Min Capacity: 100M
 Heap Initial Capacity: 100M
 Heap Max Capacity: 1G
 Pre-touch: Disabled
 Parallel Workers: 13

Heap:
 PSYoungGen      total 16384K, used 16160K [0x00000000eab00000, 0x00000000ebc80000, 0x0000000100000000)
  eden space 14848K, 100% used [0x00000000eab00000,0x00000000eb980000,0x00000000eb980000)
  from space 1536K, 85% used [0x00000000eba00000,0x00000000ebb48000,0x00000000ebb80000)
  to   space 1024K, 99% used [0x00000000ebb80000,0x00000000ebc7e008,0x00000000ebc80000)
 ParOldGen       total 498688K, used 498620K [0x00000000c0000000, 0x00000000de700000, 0x00000000eab00000)
  object space 498688K, 99% used [0x00000000c0000000,0x00000000de6ef0b8,0x00000000de700000)
 Metaspace       used 72443K, committed 73984K, reserved 1179648K
  class space    used 7806K, committed 8448K, reserved 1048576K

Card table byte_map: [0x0000024fdd130000,0x0000024fdd340000] _byte_map_base: 0x0000024fdcb30000

Marking Bits: (ParMarkBitMap*) 0x00007fff426f3260
 Begin Bits: [0x0000024fef970000, 0x0000024ff0970000)
 End Bits:   [0x0000024ff0970000, 0x0000024ff1970000)

Polling page: 0x0000024fdb670000

Metaspace:

Usage:
  Non-class:     63.12 MB used.
      Class:      7.62 MB used.
       Both:     70.75 MB used.

Virtual space:
  Non-class space:      128.00 MB reserved,      64.00 MB ( 50%) committed,  2 nodes.
      Class space:        1.00 GB reserved,       8.25 MB ( <1%) committed,  1 nodes.
             Both:        1.12 GB reserved,      72.25 MB (  6%) committed. 

Chunk freelists:
   Non-Class:  15.70 MB
       Class:  7.73 MB
        Both:  23.43 MB

MaxMetaspaceSize: unlimited
CompressedClassSpaceSize: 1.00 GB
Initial GC threshold: 21.00 MB
Current GC threshold: 97.31 MB
CDS: on
 - commit_granule_bytes: 65536.
 - commit_granule_words: 8192.
 - virtual_space_node_default_size: 8388608.
 - enlarge_chunks_in_place: 1.
 - use_allocation_guard: 0.


Internal statistics:

num_allocs_failed_limit: 9.
num_arena_births: 1302.
num_arena_deaths: 26.
num_vsnodes_births: 3.
num_vsnodes_deaths: 0.
num_space_committed: 1156.
num_space_uncommitted: 0.
num_chunks_returned_to_freelist: 39.
num_chunks_taken_from_freelist: 4595.
num_chunk_merges: 16.
num_chunk_splits: 2928.
num_chunks_enlarged: 1845.
num_inconsistent_stats: 0.

CodeHeap 'non-profiled nmethods': size=119168Kb used=12253Kb max_used=12253Kb free=106914Kb
 bounds [0x0000024fe8510000, 0x0000024fe9110000, 0x0000024fef970000]
CodeHeap 'profiled nmethods': size=119104Kb used=31741Kb max_used=31741Kb free=87362Kb
 bounds [0x0000024fe0970000, 0x0000024fe2870000, 0x0000024fe7dc0000]
CodeHeap 'non-nmethods': size=7488Kb used=3141Kb max_used=3293Kb free=4346Kb
 bounds [0x0000024fe7dc0000, 0x0000024fe8110000, 0x0000024fe8510000]
 total_blobs=13388 nmethods=12617 adapters=671
 compilation: enabled
              stopped_count=0, restarted_count=0
 full_count=0

Compilation events (20 events):
Event: 13.324 Thread 0x0000024ff3140ce0 13449       1       org.eclipse.jdt.internal.core.SourceFieldElementInfo::getInitializationSource (5 bytes)
Event: 13.324 Thread 0x0000024ff3140ce0 nmethod 13449 0x0000024fe90e9e90 code [0x0000024fe90ea020, 0x0000024fe90ea0e8]
Event: 13.325 Thread 0x0000024ff313e630 13450       3       org.eclipse.jdt.internal.compiler.parser.Parser::consumeFieldDeclaration (243 bytes)
Event: 13.329 Thread 0x0000024ffd830640 nmethod 13029 0x0000024fe90ea190 code [0x0000024fe90ee3c0, 0x0000024fe90f4838]
Event: 13.329 Thread 0x0000024ff313e630 nmethod 13450 0x0000024fe2855d90 code [0x0000024fe2855fc0, 0x0000024fe2856b30]
Event: 13.329 Thread 0x0000024ff3140ce0 13451   !   3       org.eclipse.jdt.internal.core.NameLookup::findSecondaryType (153 bytes)
Event: 13.331 Thread 0x0000024ff313e630 13452   !   3       com.google.gson.internal.bind.ReflectiveTypeAdapterFactory$2::write (140 bytes)
Event: 13.331 Thread 0x0000024ff3140ce0 nmethod 13451 0x0000024fe2856f10 code [0x0000024fe2857300, 0x0000024fe2858a50]
Event: 13.332 Thread 0x0000024ff993c9b0 nmethod 13348 0x0000024fe90fc390 code [0x0000024fe90fc640, 0x0000024fe90fd148]
Event: 13.332 Thread 0x0000024ff313e630 nmethod 13452 0x0000024fe2859610 code [0x0000024fe2859a00, 0x0000024fe285b010]
Event: 13.332 Thread 0x0000024ff993c9b0 13445       4       java.net.URI::equals (223 bytes)
Event: 13.334 Thread 0x0000024ff3140ce0 13454       3       org.eclipse.jdt.internal.compiler.lookup.LookupEnvironment::getTopLevelPackage (86 bytes)
Event: 13.334 Thread 0x0000024ffd830640 13446       4       lombok.eclipse.EclipseASTAdapter::visitAnnotationOnField (1 bytes)
Event: 13.335 Thread 0x0000024ffd830640 nmethod 13446 0x0000024fe90fdc90 code [0x0000024fe90fde20, 0x0000024fe90fdea8]
Event: 13.335 Thread 0x0000024ffd830640 13455       4       org.eclipse.jdt.internal.compiler.impl.IrritantSet::set (23 bytes)
Event: 13.335 Thread 0x0000024ff313e630 13456       3       lombok.core.handlers.InclusionExclusionUtils$1::compare (13 bytes)
Event: 13.336 Thread 0x0000024ff3140ce0 nmethod 13454 0x0000024fe285b990 code [0x0000024fe285bc20, 0x0000024fe285c988]
Event: 13.336 Thread 0x0000024ffd830640 nmethod 13455 0x0000024fe90fdf90 code [0x0000024fe90fe120, 0x0000024fe90fe208]
Event: 13.336 Thread 0x0000024ff313e630 nmethod 13456 0x0000024fe285cd90 code [0x0000024fe285cf60, 0x0000024fe285d298]
Event: 13.336 Thread 0x0000024ffd830640 13206       4       org.eclipse.jdt.internal.compiler.parser.Parser::pushOnTypeAnnotationLengthStack (53 bytes)

GC Heap History (20 events):
Event: 13.029 GC heap before
{Heap before GC invocations=619 (full 3):
 PSYoungGen      total 16896K, used 15328K [0x00000000eab00000, 0x00000000ebd80000, 0x0000000100000000)
  eden space 14848K, 100% used [0x00000000eab00000,0x00000000eb980000,0x00000000eb980000)
  from space 2048K, 23% used [0x00000000eba80000,0x00000000ebaf8000,0x00000000ebc80000)
  to   space 1024K, 0% used [0x00000000ebc80000,0x00000000ebc80000,0x00000000ebd80000)
 ParOldGen       total 487424K, used 487377K [0x00000000c0000000, 0x00000000ddc00000, 0x00000000eab00000)
  object space 487424K, 99% used [0x00000000c0000000,0x00000000ddbf4600,0x00000000ddc00000)
 Metaspace       used 71398K, committed 72960K, reserved 1114112K
  class space    used 7715K, committed 8384K, reserved 1048576K
}
Event: 13.031 GC heap after
{Heap after GC invocations=619 (full 3):
 PSYoungGen      total 15360K, used 512K [0x00000000eab00000, 0x00000000ebd00000, 0x0000000100000000)
  eden space 14848K, 0% used [0x00000000eab00000,0x00000000eab00000,0x00000000eb980000)
  from space 512K, 100% used [0x00000000ebc80000,0x00000000ebd00000,0x00000000ebd00000)
  to   space 1024K, 0% used [0x00000000ebb00000,0x00000000ebb00000,0x00000000ebc00000)
 ParOldGen       total 487936K, used 487617K [0x00000000c0000000, 0x00000000ddc80000, 0x00000000eab00000)
  object space 487936K, 99% used [0x00000000c0000000,0x00000000ddc30600,0x00000000ddc80000)
 Metaspace       used 71398K, committed 72960K, reserved 1114112K
  class space    used 7715K, committed 8384K, reserved 1048576K
}
Event: 13.046 GC heap before
{Heap before GC invocations=620 (full 3):
 PSYoungGen      total 15360K, used 15360K [0x00000000eab00000, 0x00000000ebd00000, 0x0000000100000000)
  eden space 14848K, 100% used [0x00000000eab00000,0x00000000eb980000,0x00000000eb980000)
  from space 512K, 100% used [0x00000000ebc80000,0x00000000ebd00000,0x00000000ebd00000)
  to   space 1024K, 0% used [0x00000000ebb00000,0x00000000ebb00000,0x00000000ebc00000)
 ParOldGen       total 487936K, used 487617K [0x00000000c0000000, 0x00000000ddc80000, 0x00000000eab00000)
  object space 487936K, 99% used [0x00000000c0000000,0x00000000ddc30600,0x00000000ddc80000)
 Metaspace       used 71404K, committed 72960K, reserved 1114112K
  class space    used 7715K, committed 8384K, reserved 1048576K
}
Event: 13.048 GC heap after
{Heap after GC invocations=620 (full 3):
 PSYoungGen      total 15872K, used 384K [0x00000000eab00000, 0x00000000ebd00000, 0x0000000100000000)
  eden space 14848K, 0% used [0x00000000eab00000,0x00000000eab00000,0x00000000eb980000)
  from space 1024K, 37% used [0x00000000ebb00000,0x00000000ebb60000,0x00000000ebc00000)
  to   space 512K, 0% used [0x00000000ebc80000,0x00000000ebc80000,0x00000000ebd00000)
 ParOldGen       total 488448K, used 487977K [0x00000000c0000000, 0x00000000ddd00000, 0x00000000eab00000)
  object space 488448K, 99% used [0x00000000c0000000,0x00000000ddc8a600,0x00000000ddd00000)
 Metaspace       used 71404K, committed 72960K, reserved 1114112K
  class space    used 7715K, committed 8384K, reserved 1048576K
}
Event: 13.073 GC heap before
{Heap before GC invocations=621 (full 3):
 PSYoungGen      total 15872K, used 15227K [0x00000000eab00000, 0x00000000ebd00000, 0x0000000100000000)
  eden space 14848K, 99% used [0x00000000eab00000,0x00000000eb97efa8,0x00000000eb980000)
  from space 1024K, 37% used [0x00000000ebb00000,0x00000000ebb60000,0x00000000ebc00000)
  to   space 512K, 0% used [0x00000000ebc80000,0x00000000ebc80000,0x00000000ebd00000)
 ParOldGen       total 488448K, used 487977K [0x00000000c0000000, 0x00000000ddd00000, 0x00000000eab00000)
  object space 488448K, 99% used [0x00000000c0000000,0x00000000ddc8a600,0x00000000ddd00000)
 Metaspace       used 71577K, committed 73152K, reserved 1114112K
  class space    used 7737K, committed 8384K, reserved 1048576K
}
Event: 13.075 GC heap after
{Heap after GC invocations=621 (full 3):
 PSYoungGen      total 15360K, used 508K [0x00000000eab00000, 0x00000000ebd80000, 0x0000000100000000)
  eden space 14848K, 0% used [0x00000000eab00000,0x00000000eab00000,0x00000000eb980000)
  from space 512K, 99% used [0x00000000ebc80000,0x00000000ebcff1a0,0x00000000ebd00000)
  to   space 2048K, 0% used [0x00000000eb980000,0x00000000eb980000,0x00000000ebb80000)
 ParOldGen       total 489472K, used 489164K [0x00000000c0000000, 0x00000000dde00000, 0x00000000eab00000)
  object space 489472K, 99% used [0x00000000c0000000,0x00000000dddb3228,0x00000000dde00000)
 Metaspace       used 71577K, committed 73152K, reserved 1114112K
  class space    used 7737K, committed 8384K, reserved 1048576K
}
Event: 13.138 GC heap before
{Heap before GC invocations=622 (full 3):
 PSYoungGen      total 15360K, used 15356K [0x00000000eab00000, 0x00000000ebd80000, 0x0000000100000000)
  eden space 14848K, 100% used [0x00000000eab00000,0x00000000eb980000,0x00000000eb980000)
  from space 512K, 99% used [0x00000000ebc80000,0x00000000ebcff1a0,0x00000000ebd00000)
  to   space 2048K, 0% used [0x00000000eb980000,0x00000000eb980000,0x00000000ebb80000)
 ParOldGen       total 489472K, used 489164K [0x00000000c0000000, 0x00000000dde00000, 0x00000000eab00000)
  object space 489472K, 99% used [0x00000000c0000000,0x00000000dddb3228,0x00000000dde00000)
 Metaspace       used 72080K, committed 73600K, reserved 1114112K
  class space    used 7791K, committed 8448K, reserved 1048576K
}
Event: 13.141 GC heap after
{Heap after GC invocations=622 (full 3):
 PSYoungGen      total 16896K, used 1499K [0x00000000eab00000, 0x00000000ebd80000, 0x0000000100000000)
  eden space 14848K, 0% used [0x00000000eab00000,0x00000000eab00000,0x00000000eb980000)
  from space 2048K, 73% used [0x00000000eb980000,0x00000000ebaf6c08,0x00000000ebb80000)
  to   space 2048K, 0% used [0x00000000ebb80000,0x00000000ebb80000,0x00000000ebd80000)
 ParOldGen       total 489984K, used 489656K [0x00000000c0000000, 0x00000000dde80000, 0x00000000eab00000)
  object space 489984K, 99% used [0x00000000c0000000,0x00000000dde2e328,0x00000000dde80000)
 Metaspace       used 72080K, committed 73600K, reserved 1114112K
  class space    used 7791K, committed 8448K, reserved 1048576K
}
Event: 13.161 GC heap before
{Heap before GC invocations=623 (full 3):
 PSYoungGen      total 16896K, used 16347K [0x00000000eab00000, 0x00000000ebd80000, 0x0000000100000000)
  eden space 14848K, 100% used [0x00000000eab00000,0x00000000eb980000,0x00000000eb980000)
  from space 2048K, 73% used [0x00000000eb980000,0x00000000ebaf6c08,0x00000000ebb80000)
  to   space 2048K, 0% used [0x00000000ebb80000,0x00000000ebb80000,0x00000000ebd80000)
 ParOldGen       total 489984K, used 489656K [0x00000000c0000000, 0x00000000dde80000, 0x00000000eab00000)
  object space 489984K, 99% used [0x00000000c0000000,0x00000000dde2e328,0x00000000dde80000)
 Metaspace       used 72106K, committed 73664K, reserved 1179648K
  class space    used 7792K, committed 8448K, reserved 1048576K
}
Event: 13.164 GC heap after
{Heap after GC invocations=623 (full 3):
 PSYoungGen      total 16896K, used 1802K [0x00000000eab00000, 0x00000000ebd80000, 0x0000000100000000)
  eden space 14848K, 0% used [0x00000000eab00000,0x00000000eab00000,0x00000000eb980000)
  from space 2048K, 88% used [0x00000000ebb80000,0x00000000ebd42a08,0x00000000ebd80000)
  to   space 2048K, 0% used [0x00000000eb980000,0x00000000eb980000,0x00000000ebb80000)
 ParOldGen       total 491008K, used 490908K [0x00000000c0000000, 0x00000000ddf80000, 0x00000000eab00000)
  object space 491008K, 99% used [0x00000000c0000000,0x00000000ddf67368,0x00000000ddf80000)
 Metaspace       used 72106K, committed 73664K, reserved 1179648K
  class space    used 7792K, committed 8448K, reserved 1048576K
}
Event: 13.215 GC heap before
{Heap before GC invocations=624 (full 3):
 PSYoungGen      total 16896K, used 16650K [0x00000000eab00000, 0x00000000ebd80000, 0x0000000100000000)
  eden space 14848K, 100% used [0x00000000eab00000,0x00000000eb980000,0x00000000eb980000)
  from space 2048K, 88% used [0x00000000ebb80000,0x00000000ebd42a08,0x00000000ebd80000)
  to   space 2048K, 0% used [0x00000000eb980000,0x00000000eb980000,0x00000000ebb80000)
 ParOldGen       total 491008K, used 490908K [0x00000000c0000000, 0x00000000ddf80000, 0x00000000eab00000)
  object space 491008K, 99% used [0x00000000c0000000,0x00000000ddf67368,0x00000000ddf80000)
 Metaspace       used 72217K, committed 73728K, reserved 1179648K
  class space    used 7794K, committed 8448K, reserved 1048576K
}
Event: 13.218 GC heap after
{Heap after GC invocations=624 (full 3):
 PSYoungGen      total 16896K, used 1600K [0x00000000eab00000, 0x00000000ebd80000, 0x0000000100000000)
  eden space 14848K, 0% used [0x00000000eab00000,0x00000000eab00000,0x00000000eb980000)
  from space 2048K, 78% used [0x00000000eb980000,0x00000000ebb10000,0x00000000ebb80000)
  to   space 2048K, 0% used [0x00000000ebb80000,0x00000000ebb80000,0x00000000ebd80000)
 ParOldGen       total 492544K, used 492410K [0x00000000c0000000, 0x00000000de100000, 0x00000000eab00000)
  object space 492544K, 99% used [0x00000000c0000000,0x00000000de0debb0,0x00000000de100000)
 Metaspace       used 72217K, committed 73728K, reserved 1179648K
  class space    used 7794K, committed 8448K, reserved 1048576K
}
Event: 13.243 GC heap before
{Heap before GC invocations=625 (full 3):
 PSYoungGen      total 16896K, used 16448K [0x00000000eab00000, 0x00000000ebd80000, 0x0000000100000000)
  eden space 14848K, 100% used [0x00000000eab00000,0x00000000eb980000,0x00000000eb980000)
  from space 2048K, 78% used [0x00000000eb980000,0x00000000ebb10000,0x00000000ebb80000)
  to   space 2048K, 0% used [0x00000000ebb80000,0x00000000ebb80000,0x00000000ebd80000)
 ParOldGen       total 492544K, used 492410K [0x00000000c0000000, 0x00000000de100000, 0x00000000eab00000)
  object space 492544K, 99% used [0x00000000c0000000,0x00000000de0debb0,0x00000000de100000)
 Metaspace       used 72264K, committed 73792K, reserved 1179648K
  class space    used 7797K, committed 8448K, reserved 1048576K
}
Event: 13.246 GC heap after
{Heap after GC invocations=625 (full 3):
 PSYoungGen      total 16896K, used 1548K [0x00000000eab00000, 0x00000000ebd80000, 0x0000000100000000)
  eden space 14848K, 0% used [0x00000000eab00000,0x00000000eab00000,0x00000000eb980000)
  from space 2048K, 75% used [0x00000000ebb80000,0x00000000ebd03028,0x00000000ebd80000)
  to   space 2048K, 0% used [0x00000000eb980000,0x00000000eb980000,0x00000000ebb80000)
 ParOldGen       total 494080K, used 493604K [0x00000000c0000000, 0x00000000de280000, 0x00000000eab00000)
  object space 494080K, 99% used [0x00000000c0000000,0x00000000de209010,0x00000000de280000)
 Metaspace       used 72264K, committed 73792K, reserved 1179648K
  class space    used 7797K, committed 8448K, reserved 1048576K
}
Event: 13.274 GC heap before
{Heap before GC invocations=626 (full 3):
 PSYoungGen      total 16896K, used 16396K [0x00000000eab00000, 0x00000000ebd80000, 0x0000000100000000)
  eden space 14848K, 100% used [0x00000000eab00000,0x00000000eb980000,0x00000000eb980000)
  from space 2048K, 75% used [0x00000000ebb80000,0x00000000ebd03028,0x00000000ebd80000)
  to   space 2048K, 0% used [0x00000000eb980000,0x00000000eb980000,0x00000000ebb80000)
 ParOldGen       total 494080K, used 493604K [0x00000000c0000000, 0x00000000de280000, 0x00000000eab00000)
  object space 494080K, 99% used [0x00000000c0000000,0x00000000de209010,0x00000000de280000)
 Metaspace       used 72331K, committed 73856K, reserved 1179648K
  class space    used 7798K, committed 8448K, reserved 1048576K
}
Event: 13.277 GC heap after
{Heap after GC invocations=626 (full 3):
 PSYoungGen      total 16896K, used 1872K [0x00000000eab00000, 0x00000000ebd80000, 0x0000000100000000)
  eden space 14848K, 0% used [0x00000000eab00000,0x00000000eab00000,0x00000000eb980000)
  from space 2048K, 91% used [0x00000000eb980000,0x00000000ebb54010,0x00000000ebb80000)
  to   space 2048K, 0% used [0x00000000ebb80000,0x00000000ebb80000,0x00000000ebd80000)
 ParOldGen       total 495104K, used 494936K [0x00000000c0000000, 0x00000000de380000, 0x00000000eab00000)
  object space 495104K, 99% used [0x00000000c0000000,0x00000000de356068,0x00000000de380000)
 Metaspace       used 72331K, committed 73856K, reserved 1179648K
  class space    used 7798K, committed 8448K, reserved 1048576K
}
Event: 13.299 GC heap before
{Heap before GC invocations=627 (full 3):
 PSYoungGen      total 16896K, used 16720K [0x00000000eab00000, 0x00000000ebd80000, 0x0000000100000000)
  eden space 14848K, 100% used [0x00000000eab00000,0x00000000eb980000,0x00000000eb980000)
  from space 2048K, 91% used [0x00000000eb980000,0x00000000ebb54010,0x00000000ebb80000)
  to   space 2048K, 0% used [0x00000000ebb80000,0x00000000ebb80000,0x00000000ebd80000)
 ParOldGen       total 495104K, used 494936K [0x00000000c0000000, 0x00000000de380000, 0x00000000eab00000)
  object space 495104K, 99% used [0x00000000c0000000,0x00000000de356068,0x00000000de380000)
 Metaspace       used 72360K, committed 73920K, reserved 1179648K
  class space    used 7800K, committed 8448K, reserved 1048576K
}
Event: 13.302 GC heap after
{Heap after GC invocations=627 (full 3):
 PSYoungGen      total 16384K, used 1216K [0x00000000eab00000, 0x00000000ebd00000, 0x0000000100000000)
  eden space 14848K, 0% used [0x00000000eab00000,0x00000000eab00000,0x00000000eb980000)
  from space 1536K, 79% used [0x00000000ebb80000,0x00000000ebcb0000,0x00000000ebd00000)
  to   space 1536K, 0% used [0x00000000eba00000,0x00000000eba00000,0x00000000ebb80000)
 ParOldGen       total 496640K, used 496442K [0x00000000c0000000, 0x00000000de500000, 0x00000000eab00000)
  object space 496640K, 99% used [0x00000000c0000000,0x00000000de4cea60,0x00000000de500000)
 Metaspace       used 72360K, committed 73920K, reserved 1179648K
  class space    used 7800K, committed 8448K, reserved 1048576K
}
Event: 13.325 GC heap before
{Heap before GC invocations=628 (full 3):
 PSYoungGen      total 16384K, used 16064K [0x00000000eab00000, 0x00000000ebd00000, 0x0000000100000000)
  eden space 14848K, 100% used [0x00000000eab00000,0x00000000eb980000,0x00000000eb980000)
  from space 1536K, 79% used [0x00000000ebb80000,0x00000000ebcb0000,0x00000000ebd00000)
  to   space 1536K, 0% used [0x00000000eba00000,0x00000000eba00000,0x00000000ebb80000)
 ParOldGen       total 496640K, used 496442K [0x00000000c0000000, 0x00000000de500000, 0x00000000eab00000)
  object space 496640K, 99% used [0x00000000c0000000,0x00000000de4cea60,0x00000000de500000)
 Metaspace       used 72419K, committed 73984K, reserved 1179648K
  class space    used 7804K, committed 8448K, reserved 1048576K
}
Event: 13.328 GC heap after
{Heap after GC invocations=628 (full 3):
 PSYoungGen      total 16384K, used 1312K [0x00000000eab00000, 0x00000000ebc80000, 0x0000000100000000)
  eden space 14848K, 0% used [0x00000000eab00000,0x00000000eab00000,0x00000000eb980000)
  from space 1536K, 85% used [0x00000000eba00000,0x00000000ebb48000,0x00000000ebb80000)
  to   space 1024K, 0% used [0x00000000ebb80000,0x00000000ebb80000,0x00000000ebc80000)
 ParOldGen       total 497664K, used 497410K [0x00000000c0000000, 0x00000000de600000, 0x00000000eab00000)
  object space 497664K, 99% used [0x00000000c0000000,0x00000000de5c0a80,0x00000000de600000)
 Metaspace       used 72419K, committed 73984K, reserved 1179648K
  class space    used 7804K, committed 8448K, reserved 1048576K
}

Dll operation events (13 events):
Event: 0.007 Loaded shared library c:\Users\ASUS\.cursor\extensions\redhat.java-1.40.0-win32-x64\jre\21.0.6-win32-x86_64\bin\java.dll
Event: 0.047 Loaded shared library c:\Users\ASUS\.cursor\extensions\redhat.java-1.40.0-win32-x64\jre\21.0.6-win32-x86_64\bin\zip.dll
Event: 0.059 Loaded shared library C:\Users\ASUS\.cursor\extensions\redhat.java-1.40.0-win32-x64\jre\21.0.6-win32-x86_64\bin\instrument.dll
Event: 0.062 Loaded shared library C:\Users\ASUS\.cursor\extensions\redhat.java-1.40.0-win32-x64\jre\21.0.6-win32-x86_64\bin\net.dll
Event: 0.064 Loaded shared library C:\Users\ASUS\.cursor\extensions\redhat.java-1.40.0-win32-x64\jre\21.0.6-win32-x86_64\bin\nio.dll
Event: 0.066 Loaded shared library C:\Users\ASUS\.cursor\extensions\redhat.java-1.40.0-win32-x64\jre\21.0.6-win32-x86_64\bin\zip.dll
Event: 0.076 Loaded shared library C:\Users\ASUS\.cursor\extensions\redhat.java-1.40.0-win32-x64\jre\21.0.6-win32-x86_64\bin\jimage.dll
Event: 0.124 Loaded shared library c:\Users\ASUS\.cursor\extensions\redhat.java-1.40.0-win32-x64\jre\21.0.6-win32-x86_64\bin\verify.dll
Event: 0.907 Loaded shared library C:\Users\ASUS\AppData\Roaming\Cursor\User\globalStorage\redhat.java\1.40.0\config_win\org.eclipse.equinox.launcher\org.eclipse.equinox.launcher.win32.win32.x86_64_1.2.1200.v20250212-0927\eclipse_11909.dll
Event: 1.993 Loaded shared library C:\Users\ASUS\AppData\Local\Temp\jna-2018896\jna10693042290319784992.dll
Event: 9.694 Loaded shared library C:\Users\ASUS\.gradle\native\c067742578af261105cb4f569cf0c3c89f3d7b1fecec35dd04571415982c5e48\windows-amd64\native-platform.dll
Event: 10.879 Loaded shared library C:\Users\ASUS\.cursor\extensions\redhat.java-1.40.0-win32-x64\jre\21.0.6-win32-x86_64\bin\management.dll
Event: 10.882 Loaded shared library C:\Users\ASUS\.cursor\extensions\redhat.java-1.40.0-win32-x64\jre\21.0.6-win32-x86_64\bin\management_ext.dll

Deoptimization events (20 events):
Event: 13.227 Thread 0x0000024ffa220be0 Uncommon trap: trap_request=0xffffff45 fr.pc=0x0000024fe855b61c relative=0x000000000000043c
Event: 13.227 Thread 0x0000024ffa220be0 Uncommon trap: reason=unstable_if action=reinterpret pc=0x0000024fe855b61c method=java.util.HashMap.resize()[Ljava/util/HashMap$Node; @ 203 c2
Event: 13.228 Thread 0x0000024ffa220be0 DEOPT PACKING pc=0x0000024fe855b61c sp=0x0000007659efdb00
Event: 13.228 Thread 0x0000024ffa220be0 DEOPT UNPACKING pc=0x0000024fe7e13aa2 sp=0x0000007659efda68 mode 2
Event: 13.238 Thread 0x0000024ffa221900 DEOPT PACKING pc=0x0000024fe27598aa sp=0x0000007659cfea70
Event: 13.238 Thread 0x0000024ffa221900 DEOPT UNPACKING pc=0x0000024fe7e14242 sp=0x0000007659cfdff8 mode 0
Event: 13.256 Thread 0x0000024ffa221900 DEOPT PACKING pc=0x0000024fe27598aa sp=0x0000007659cfea70
Event: 13.256 Thread 0x0000024ffa221900 DEOPT UNPACKING pc=0x0000024fe7e14242 sp=0x0000007659cfdff8 mode 0
Event: 13.267 Thread 0x0000024ffa221900 DEOPT PACKING pc=0x0000024fe27598aa sp=0x0000007659cfea70
Event: 13.267 Thread 0x0000024ffa221900 DEOPT UNPACKING pc=0x0000024fe7e14242 sp=0x0000007659cfdff8 mode 0
Event: 13.273 Thread 0x0000024ffa221900 Uncommon trap: trap_request=0xffffff45 fr.pc=0x0000024fe8eedfd0 relative=0x0000000000000590
Event: 13.273 Thread 0x0000024ffa221900 Uncommon trap: reason=unstable_if action=reinterpret pc=0x0000024fe8eedfd0 method=org.eclipse.jdt.internal.core.search.indexing.BinaryIndexer.addPairValue(Ljava/lang/Object;)V @ 80 c2
Event: 13.273 Thread 0x0000024ffa221900 DEOPT PACKING pc=0x0000024fe8eedfd0 sp=0x0000007659cfeaa0
Event: 13.273 Thread 0x0000024ffa221900 DEOPT UNPACKING pc=0x0000024fe7e13aa2 sp=0x0000007659cfe9a8 mode 2
Event: 13.288 Thread 0x0000024ffa221900 DEOPT PACKING pc=0x0000024fe27598aa sp=0x0000007659cfea70
Event: 13.288 Thread 0x0000024ffa221900 DEOPT UNPACKING pc=0x0000024fe7e14242 sp=0x0000007659cfdff8 mode 0
Event: 13.315 Thread 0x0000024ffa221900 DEOPT PACKING pc=0x0000024fe27598aa sp=0x0000007659cfea70
Event: 13.315 Thread 0x0000024ffa221900 DEOPT UNPACKING pc=0x0000024fe7e14242 sp=0x0000007659cfdff8 mode 0
Event: 13.324 Thread 0x0000024ffa221900 DEOPT PACKING pc=0x0000024fe27598aa sp=0x0000007659cfea70
Event: 13.324 Thread 0x0000024ffa221900 DEOPT UNPACKING pc=0x0000024fe7e14242 sp=0x0000007659cfdff8 mode 0

Classes loaded (20 events):
Event: 11.238 Loading class java/nio/charset/CharacterCodingException
Event: 11.238 Loading class java/nio/charset/CharacterCodingException done
Event: 11.238 Loading class java/io/SequenceInputStream
Event: 11.238 Loading class java/io/SequenceInputStream done
Event: 11.286 Loading class java/util/concurrent/CompletableFuture$UniApply
Event: 11.286 Loading class java/util/concurrent/CompletableFuture$UniApply done
Event: 11.287 Loading class java/util/concurrent/CompletableFuture$UniExceptionally
Event: 11.287 Loading class java/util/concurrent/CompletableFuture$UniExceptionally done
Event: 11.708 Loading class java/lang/UnsupportedClassVersionError
Event: 11.708 Loading class java/lang/UnsupportedClassVersionError done
Event: 13.085 Loading class java/util/Hashtable$KeySet
Event: 13.086 Loading class java/util/Hashtable$KeySet done
Event: 13.119 Loading class java/util/stream/DistinctOps
Event: 13.120 Loading class java/util/stream/DistinctOps done
Event: 13.121 Loading class java/util/stream/DistinctOps$1
Event: 13.121 Loading class java/util/stream/DistinctOps$1 done
Event: 13.142 Loading class java/util/stream/DistinctOps$1$2
Event: 13.142 Loading class java/util/stream/DistinctOps$1$2 done
Event: 13.233 Loading class java/util/HashMap$EntrySpliterator
Event: 13.234 Loading class java/util/HashMap$EntrySpliterator done

Classes unloaded (13 events):
Event: 2.422 Thread 0x0000024ff3044920 Unloading class 0x0000024f81199c00 'java/lang/invoke/LambdaForm$MH+0x0000024f81199c00'
Event: 2.422 Thread 0x0000024ff3044920 Unloading class 0x0000024f81199800 'java/lang/invoke/LambdaForm$MH+0x0000024f81199800'
Event: 2.422 Thread 0x0000024ff3044920 Unloading class 0x0000024f81199400 'java/lang/invoke/LambdaForm$MH+0x0000024f81199400'
Event: 2.422 Thread 0x0000024ff3044920 Unloading class 0x0000024f81199000 'java/lang/invoke/LambdaForm$MH+0x0000024f81199000'
Event: 2.422 Thread 0x0000024ff3044920 Unloading class 0x0000024f81198c00 'java/lang/invoke/LambdaForm$BMH+0x0000024f81198c00'
Event: 2.422 Thread 0x0000024ff3044920 Unloading class 0x0000024f81198800 'java/lang/invoke/LambdaForm$DMH+0x0000024f81198800'
Event: 2.422 Thread 0x0000024ff3044920 Unloading class 0x0000024f81197400 'java/lang/invoke/LambdaForm$DMH+0x0000024f81197400'
Event: 3.593 Thread 0x0000024ff3044920 Unloading class 0x0000024f81389800 'java/lang/invoke/LambdaForm$MH+0x0000024f81389800'
Event: 3.593 Thread 0x0000024ff3044920 Unloading class 0x0000024f81388c00 'java/lang/invoke/LambdaForm$MH+0x0000024f81388c00'
Event: 3.593 Thread 0x0000024ff3044920 Unloading class 0x0000024f81388400 'java/lang/invoke/LambdaForm$MH+0x0000024f81388400'
Event: 3.593 Thread 0x0000024ff3044920 Unloading class 0x0000024f81383c00 'java/lang/invoke/LambdaForm$MH+0x0000024f81383c00'
Event: 3.593 Thread 0x0000024ff3044920 Unloading class 0x0000024f81383800 'java/lang/invoke/LambdaForm$DMH+0x0000024f81383800'
Event: 3.593 Thread 0x0000024ff3044920 Unloading class 0x0000024f81382c00 'java/lang/invoke/LambdaForm$MH+0x0000024f81382c00'

Classes redefined (0 events):
No events

Internal exceptions (20 events):
Event: 13.099 Thread 0x0000024ffa223340 Exception <a 'sun/nio/fs/WindowsException'{0x00000000eaf51498}> (0x00000000eaf51498) 
thrown [s\src\hotspot\share\prims\jni.cpp, line 520]
Event: 13.099 Thread 0x0000024ffa223340 Exception <a 'sun/nio/fs/WindowsException'{0x00000000eaf51ac8}> (0x00000000eaf51ac8) 
thrown [s\src\hotspot\share\prims\jni.cpp, line 520]
Event: 13.101 Thread 0x0000024ffa223340 Exception <a 'java/io/FileNotFoundException'{0x00000000eaf68520}> (0x00000000eaf68520) 
thrown [s\src\hotspot\share\prims\jni.cpp, line 520]
Event: 13.101 Thread 0x0000024ffa223340 Exception <a 'java/io/FileNotFoundException'{0x00000000eaf69290}> (0x00000000eaf69290) 
thrown [s\src\hotspot\share\prims\jni.cpp, line 520]
Event: 13.114 Thread 0x0000024ffa223340 Exception <a 'sun/nio/fs/WindowsException'{0x00000000eb27fb28}> (0x00000000eb27fb28) 
thrown [s\src\hotspot\share\prims\jni.cpp, line 520]
Event: 13.114 Thread 0x0000024ffa223340 Exception <a 'sun/nio/fs/WindowsException'{0x00000000eb280158}> (0x00000000eb280158) 
thrown [s\src\hotspot\share\prims\jni.cpp, line 520]
Event: 13.117 Thread 0x0000024ffa220be0 Implicit null exception at 0x0000024fe90bb3a4 to 0x0000024fe90bbdfc
Event: 13.117 Thread 0x0000024ffb2926d0 Exception <a 'java/lang/IncompatibleClassChangeError'{0x00000000eb41b9f8}: Found class java.lang.Object, but interface was expected> (0x00000000eb41b9f8) 
thrown [s\src\hotspot\share\interpreter\linkResolver.cpp, line 840]
Event: 13.197 Thread 0x0000024ffa223340 Exception <a 'sun/nio/fs/WindowsException'{0x00000000eb2b4020}> (0x00000000eb2b4020) 
thrown [s\src\hotspot\share\prims\jni.cpp, line 520]
Event: 13.197 Thread 0x0000024ffa223340 Exception <a 'sun/nio/fs/WindowsException'{0x00000000eb2b4650}> (0x00000000eb2b4650) 
thrown [s\src\hotspot\share\prims\jni.cpp, line 520]
Event: 13.198 Thread 0x0000024ffa223340 Exception <a 'sun/nio/fs/WindowsException'{0x00000000eb2b5108}> (0x00000000eb2b5108) 
thrown [s\src\hotspot\share\prims\jni.cpp, line 520]
Event: 13.198 Thread 0x0000024ffa223340 Exception <a 'sun/nio/fs/WindowsException'{0x00000000eb37f898}> (0x00000000eb37f898) 
thrown [s\src\hotspot\share\prims\jni.cpp, line 520]
Event: 13.198 Thread 0x0000024ffa223340 Exception <a 'sun/nio/fs/WindowsException'{0x00000000eb380d10}> (0x00000000eb380d10) 
thrown [s\src\hotspot\share\prims\jni.cpp, line 520]
Event: 13.199 Thread 0x0000024ffa223340 Exception <a 'sun/nio/fs/WindowsException'{0x00000000eb381340}> (0x00000000eb381340) 
thrown [s\src\hotspot\share\prims\jni.cpp, line 520]
Event: 13.215 Thread 0x0000024ffa223340 Exception <a 'sun/nio/fs/WindowsException'{0x00000000eb953230}> (0x00000000eb953230) 
thrown [s\src\hotspot\share\prims\jni.cpp, line 520]
Event: 13.219 Thread 0x0000024ffa223340 Exception <a 'sun/nio/fs/WindowsException'{0x00000000eab55fc8}> (0x00000000eab55fc8) 
thrown [s\src\hotspot\share\prims\jni.cpp, line 520]
Event: 13.220 Thread 0x0000024ffa223340 Exception <a 'sun/nio/fs/WindowsException'{0x00000000eab56a68}> (0x00000000eab56a68) 
thrown [s\src\hotspot\share\prims\jni.cpp, line 520]
Event: 13.221 Thread 0x0000024ffa223340 Exception <a 'sun/nio/fs/WindowsException'{0x00000000eab57098}> (0x00000000eab57098) 
thrown [s\src\hotspot\share\prims\jni.cpp, line 520]
Event: 13.222 Thread 0x0000024ffa223340 Exception <a 'sun/nio/fs/WindowsException'{0x00000000eab584e0}> (0x00000000eab584e0) 
thrown [s\src\hotspot\share\prims\jni.cpp, line 520]
Event: 13.222 Thread 0x0000024ffa223340 Exception <a 'sun/nio/fs/WindowsException'{0x00000000eab58b10}> (0x00000000eab58b10) 
thrown [s\src\hotspot\share\prims\jni.cpp, line 520]

ZGC Phase Switch (0 events):
No events

VM Operations (20 events):
Event: 13.073 Executing VM operation: ParallelGCFailedAllocation (Allocation Failure)
Event: 13.075 Executing VM operation: ParallelGCFailedAllocation (Allocation Failure) done
Event: 13.086 Executing VM operation: HandshakeAllThreads (Deoptimize)
Event: 13.086 Executing VM operation: HandshakeAllThreads (Deoptimize) done
Event: 13.128 Executing VM operation: HandshakeAllThreads (Deoptimize)
Event: 13.138 Executing VM operation: HandshakeAllThreads (Deoptimize) done
Event: 13.138 Executing VM operation: ParallelGCFailedAllocation (Allocation Failure)
Event: 13.141 Executing VM operation: ParallelGCFailedAllocation (Allocation Failure) done
Event: 13.161 Executing VM operation: ParallelGCFailedAllocation (Allocation Failure)
Event: 13.164 Executing VM operation: ParallelGCFailedAllocation (Allocation Failure) done
Event: 13.215 Executing VM operation: ParallelGCFailedAllocation (Allocation Failure)
Event: 13.218 Executing VM operation: ParallelGCFailedAllocation (Allocation Failure) done
Event: 13.242 Executing VM operation: ParallelGCFailedAllocation (Allocation Failure)
Event: 13.246 Executing VM operation: ParallelGCFailedAllocation (Allocation Failure) done
Event: 13.273 Executing VM operation: ParallelGCFailedAllocation (Allocation Failure)
Event: 13.277 Executing VM operation: ParallelGCFailedAllocation (Allocation Failure) done
Event: 13.299 Executing VM operation: ParallelGCFailedAllocation (Allocation Failure)
Event: 13.302 Executing VM operation: ParallelGCFailedAllocation (Allocation Failure) done
Event: 13.325 Executing VM operation: ParallelGCFailedAllocation (Allocation Failure)
Event: 13.328 Executing VM operation: ParallelGCFailedAllocation (Allocation Failure) done

Memory protections (0 events):
No events

Nmethod flushes (20 events):
Event: 8.463 Thread 0x0000024ff3044920 flushing  nmethod 0x0000024fe12f5010
Event: 8.463 Thread 0x0000024ff3044920 flushing  nmethod 0x0000024fe12f5790
Event: 8.463 Thread 0x0000024ff3044920 flushing  nmethod 0x0000024fe1308c10
Event: 8.463 Thread 0x0000024ff3044920 flushing  nmethod 0x0000024fe1313b10
Event: 8.463 Thread 0x0000024ff3044920 flushing  nmethod 0x0000024fe1327e10
Event: 8.463 Thread 0x0000024ff3044920 flushing osr nmethod 0x0000024fe1337810
Event: 8.463 Thread 0x0000024ff3044920 flushing  nmethod 0x0000024fe134f710
Event: 8.463 Thread 0x0000024ff3044920 flushing  nmethod 0x0000024fe1351110
Event: 8.463 Thread 0x0000024ff3044920 flushing  nmethod 0x0000024fe13a1510
Event: 8.463 Thread 0x0000024ff3044920 flushing  nmethod 0x0000024fe13a3010
Event: 8.463 Thread 0x0000024ff3044920 flushing  nmethod 0x0000024fe13b2a90
Event: 8.463 Thread 0x0000024ff3044920 flushing  nmethod 0x0000024fe13b3710
Event: 8.463 Thread 0x0000024ff3044920 flushing  nmethod 0x0000024fe13b4110
Event: 8.463 Thread 0x0000024ff3044920 flushing  nmethod 0x0000024fe13b4490
Event: 8.463 Thread 0x0000024ff3044920 flushing  nmethod 0x0000024fe13b8090
Event: 8.463 Thread 0x0000024ff3044920 flushing  nmethod 0x0000024fe13c9210
Event: 8.463 Thread 0x0000024ff3044920 flushing  nmethod 0x0000024fe13fc610
Event: 8.463 Thread 0x0000024ff3044920 flushing  nmethod 0x0000024fe1442a10
Event: 8.463 Thread 0x0000024ff3044920 flushing  nmethod 0x0000024fe1463490
Event: 8.463 Thread 0x0000024ff3044920 flushing  nmethod 0x0000024fe1467c90

Events (20 events):
Event: 9.856 Thread 0x0000024ffd830640 Thread exited: 0x0000024ffd830640
Event: 9.856 Thread 0x0000024ff9fffb10 Thread exited: 0x0000024ff9fffb10
Event: 9.858 Thread 0x0000024ff9ffed70 Thread exited: 0x0000024ff9ffed70
Event: 10.212 Thread 0x0000024ff9ffd230 Thread exited: 0x0000024ff9ffd230
Event: 10.569 Thread 0x0000024ff3353ba0 Thread added: 0x0000024ffd830640
Event: 10.576 Thread 0x0000024ff1b69d00 Thread added: 0x0000024ffd82adb0
Event: 10.987 Thread 0x0000024fcde8e7b0 Thread exited: 0x0000024fcde8e7b0
Event: 11.026 Thread 0x0000024ff3353ba0 Thread added: 0x0000024ffd829940
Event: 11.026 Thread 0x0000024ff3353ba0 Thread added: 0x0000024ffd82b480
Event: 11.287 Thread 0x0000024ffb2926d0 Thread added: 0x0000024fcde8c6e0
Event: 11.722 Thread 0x0000024ffd82b480 Thread exited: 0x0000024ffd82b480
Event: 12.289 Thread 0x0000024ffb69e7b0 Thread added: 0x0000024fcde8cd70
Event: 12.368 Thread 0x0000024ffd829940 Thread exited: 0x0000024ffd829940
Event: 12.742 Thread 0x0000024ffd82adb0 Thread exited: 0x0000024ffd82adb0
Event: 13.057 Thread 0x0000024ffb2926d0 Thread added: 0x0000024fcde8da90
Event: 13.103 Thread 0x0000024ffa220be0 Thread added: 0x0000024fcde90880
Event: 13.103 Thread 0x0000024fcde8c6e0 Thread added: 0x0000024fcde8e120
Event: 13.123 Thread 0x0000024ff3140ce0 Thread added: 0x0000024ffd82adb0
Event: 13.142 Thread 0x0000024ff313e630 Thread added: 0x0000024ffd82c8f0
Event: 13.210 Thread 0x0000024ff1b69d00 Thread added: 0x0000024ffd82ff70


Dynamic libraries:
0x00007ff7074a0000 - 0x00007ff7074ae000 	c:\Users\ASUS\.cursor\extensions\redhat.java-1.40.0-win32-x64\jre\21.0.6-win32-x86_64\bin\java.exe
0x00007fffc38b0000 - 0x00007fffc3ac7000 	C:\WINDOWS\SYSTEM32\ntdll.dll
0x00007fffc26d0000 - 0x00007fffc2794000 	C:\WINDOWS\System32\KERNEL32.DLL
0x00007fffc0b60000 - 0x00007fffc0f30000 	C:\WINDOWS\System32\KERNELBASE.dll
0x00007fffbcd10000 - 0x00007fffbcda7000 	C:\WINDOWS\SYSTEM32\apphelp.dll
0x00007fffc1220000 - 0x00007fffc1331000 	C:\WINDOWS\System32\ucrtbase.dll
0x00007fffb5830000 - 0x00007fffb5848000 	c:\Users\ASUS\.cursor\extensions\redhat.java-1.40.0-win32-x64\jre\21.0.6-win32-x86_64\bin\jli.dll
0x00007fffb5b40000 - 0x00007fffb5b5e000 	c:\Users\ASUS\.cursor\extensions\redhat.java-1.40.0-win32-x64\jre\21.0.6-win32-x86_64\bin\VCRUNTIME140.dll
0x00007fffc2b30000 - 0x00007fffc2cde000 	C:\WINDOWS\System32\USER32.dll
0x00007fffc0fe0000 - 0x00007fffc1006000 	C:\WINDOWS\System32\win32u.dll
0x00007fffb0460000 - 0x00007fffb06f2000 	C:\WINDOWS\WinSxS\amd64_microsoft.windows.common-controls_6595b64144ccf1df_6.0.22621.4830_none_270fe7d773858e80\COMCTL32.dll
0x00007fffc2870000 - 0x00007fffc2899000 	C:\WINDOWS\System32\GDI32.dll
0x00007fffc2a80000 - 0x00007fffc2b27000 	C:\WINDOWS\System32\msvcrt.dll
0x00007fffc1480000 - 0x00007fffc159b000 	C:\WINDOWS\System32\gdi32full.dll
0x00007fffc1010000 - 0x00007fffc10aa000 	C:\WINDOWS\System32\msvcp_win.dll
0x00007fffc27a0000 - 0x00007fffc27d1000 	C:\WINDOWS\System32\IMM32.DLL
0x00007fffbd080000 - 0x00007fffbd08c000 	c:\Users\ASUS\.cursor\extensions\redhat.java-1.40.0-win32-x64\jre\21.0.6-win32-x86_64\bin\vcruntime140_1.dll
0x00007fff9a2d0000 - 0x00007fff9a35d000 	c:\Users\ASUS\.cursor\extensions\redhat.java-1.40.0-win32-x64\jre\21.0.6-win32-x86_64\bin\msvcp140.dll
0x00007fff41a40000 - 0x00007fff427d0000 	c:\Users\ASUS\.cursor\extensions\redhat.java-1.40.0-win32-x64\jre\21.0.6-win32-x86_64\bin\server\jvm.dll
0x00007fffc17e0000 - 0x00007fffc1891000 	C:\WINDOWS\System32\ADVAPI32.dll
0x00007fffc3390000 - 0x00007fffc3437000 	C:\WINDOWS\System32\sechost.dll
0x00007fffc0fb0000 - 0x00007fffc0fd8000 	C:\WINDOWS\System32\bcrypt.dll
0x00007fffc3270000 - 0x00007fffc3384000 	C:\WINDOWS\System32\RPCRT4.dll
0x00007fffc1dd0000 - 0x00007fffc1e41000 	C:\WINDOWS\System32\WS2_32.dll
0x00007fffbab60000 - 0x00007fffbab6a000 	C:\WINDOWS\SYSTEM32\VERSION.dll
0x00007fffc0880000 - 0x00007fffc08cd000 	C:\WINDOWS\SYSTEM32\POWRPROF.dll
0x00007fffb7bd0000 - 0x00007fffb7c04000 	C:\WINDOWS\SYSTEM32\WINMM.dll
0x00007fffc0860000 - 0x00007fffc0873000 	C:\WINDOWS\SYSTEM32\UMPDC.dll
0x00007fffbfba0000 - 0x00007fffbfbb8000 	C:\WINDOWS\SYSTEM32\kernel.appcore.dll
0x00007fffbc8c0000 - 0x00007fffbc8ca000 	c:\Users\ASUS\.cursor\extensions\redhat.java-1.40.0-win32-x64\jre\21.0.6-win32-x86_64\bin\jimage.dll
0x00007fffb9ec0000 - 0x00007fffba0f2000 	C:\WINDOWS\SYSTEM32\DBGHELP.DLL
0x00007fffc3440000 - 0x00007fffc37d0000 	C:\WINDOWS\System32\combase.dll
0x00007fffc1a90000 - 0x00007fffc1b67000 	C:\WINDOWS\System32\OLEAUT32.dll
0x00007fffb9390000 - 0x00007fffb93c2000 	C:\WINDOWS\SYSTEM32\dbgcore.DLL
0x00007fffc1400000 - 0x00007fffc147b000 	C:\WINDOWS\System32\bcryptPrimitives.dll
0x00007fffbaee0000 - 0x00007fffbaeef000 	c:\Users\ASUS\.cursor\extensions\redhat.java-1.40.0-win32-x64\jre\21.0.6-win32-x86_64\bin\instrument.dll
0x00007fffb15a0000 - 0x00007fffb15bf000 	c:\Users\ASUS\.cursor\extensions\redhat.java-1.40.0-win32-x64\jre\21.0.6-win32-x86_64\bin\java.dll
0x00007fffc1e50000 - 0x00007fffc26c8000 	C:\WINDOWS\System32\SHELL32.dll
0x00007fffbeab0000 - 0x00007fffbf3c0000 	C:\WINDOWS\SYSTEM32\windows.storage.dll
0x00007fffbe970000 - 0x00007fffbeaaf000 	C:\WINDOWS\SYSTEM32\wintypes.dll
0x00007fffc28a0000 - 0x00007fffc29aa000 	C:\WINDOWS\System32\SHCORE.dll
0x00007fffc15d0000 - 0x00007fffc162e000 	C:\WINDOWS\System32\shlwapi.dll
0x00007fffc0a90000 - 0x00007fffc0abb000 	C:\WINDOWS\SYSTEM32\profapi.dll
0x00007fffb1580000 - 0x00007fffb1598000 	c:\Users\ASUS\.cursor\extensions\redhat.java-1.40.0-win32-x64\jre\21.0.6-win32-x86_64\bin\zip.dll
0x00007fffb5b20000 - 0x00007fffb5b30000 	C:\Users\ASUS\.cursor\extensions\redhat.java-1.40.0-win32-x64\jre\21.0.6-win32-x86_64\bin\net.dll
0x00007fffbdb00000 - 0x00007fffbdc2c000 	C:\WINDOWS\SYSTEM32\WINHTTP.dll
0x00007fffc0020000 - 0x00007fffc008a000 	C:\WINDOWS\system32\mswsock.dll
0x00007fffb1360000 - 0x00007fffb1376000 	C:\Users\ASUS\.cursor\extensions\redhat.java-1.40.0-win32-x64\jre\21.0.6-win32-x86_64\bin\nio.dll
0x00007fffb5820000 - 0x00007fffb5830000 	c:\Users\ASUS\.cursor\extensions\redhat.java-1.40.0-win32-x64\jre\21.0.6-win32-x86_64\bin\verify.dll
0x00007fff86910000 - 0x00007fff86955000 	C:\Users\ASUS\AppData\Roaming\Cursor\User\globalStorage\redhat.java\1.40.0\config_win\org.eclipse.equinox.launcher\org.eclipse.equinox.launcher.win32.win32.x86_64_1.2.1200.v20250212-0927\eclipse_11909.dll
0x00007fffc1630000 - 0x00007fffc17d1000 	C:\WINDOWS\System32\ole32.dll
0x00007fffc0270000 - 0x00007fffc028b000 	C:\WINDOWS\SYSTEM32\CRYPTSP.dll
0x00007fffbfb00000 - 0x00007fffbfb35000 	C:\WINDOWS\system32\rsaenh.dll
0x00007fffc0110000 - 0x00007fffc0138000 	C:\WINDOWS\SYSTEM32\USERENV.dll
0x00007fffc0290000 - 0x00007fffc029c000 	C:\WINDOWS\SYSTEM32\CRYPTBASE.dll
0x00007fffbf610000 - 0x00007fffbf63d000 	C:\WINDOWS\SYSTEM32\IPHLPAPI.DLL
0x00007fffc15a0000 - 0x00007fffc15a9000 	C:\WINDOWS\System32\NSI.dll
0x00007fff82d10000 - 0x00007fff82d59000 	C:\Users\ASUS\AppData\Local\Temp\jna-2018896\jna10693042290319784992.dll
0x00007fffc3850000 - 0x00007fffc3858000 	C:\WINDOWS\System32\PSAPI.DLL
0x00007fffbd1f0000 - 0x00007fffbd209000 	C:\WINDOWS\SYSTEM32\dhcpcsvc6.DLL
0x00007fffbd1d0000 - 0x00007fffbd1ef000 	C:\WINDOWS\SYSTEM32\dhcpcsvc.DLL
0x00007fff9a2a0000 - 0x00007fff9a2c7000 	C:\Users\ASUS\.gradle\native\c067742578af261105cb4f569cf0c3c89f3d7b1fecec35dd04571415982c5e48\windows-amd64\native-platform.dll
0x00007fffb52f0000 - 0x00007fffb52fa000 	C:\Users\ASUS\.cursor\extensions\redhat.java-1.40.0-win32-x64\jre\21.0.6-win32-x86_64\bin\management.dll
0x00007fffb40e0000 - 0x00007fffb40eb000 	C:\Users\ASUS\.cursor\extensions\redhat.java-1.40.0-win32-x64\jre\21.0.6-win32-x86_64\bin\management_ext.dll

dbghelp: loaded successfully - version: 4.0.5 - missing functions: none
symbol engine: initialized successfully - sym options: 0x614 - pdb path: .;c:\Users\ASUS\.cursor\extensions\redhat.java-1.40.0-win32-x64\jre\21.0.6-win32-x86_64\bin;C:\WINDOWS\SYSTEM32;C:\WINDOWS\WinSxS\amd64_microsoft.windows.common-controls_6595b64144ccf1df_6.0.22621.4830_none_270fe7d773858e80;c:\Users\ASUS\.cursor\extensions\redhat.java-1.40.0-win32-x64\jre\21.0.6-win32-x86_64\bin\server;C:\Users\ASUS\AppData\Roaming\Cursor\User\globalStorage\redhat.java\1.40.0\config_win\org.eclipse.equinox.launcher\org.eclipse.equinox.launcher.win32.win32.x86_64_1.2.1200.v20250212-0927;C:\Users\ASUS\AppData\Local\Temp\jna-2018896;C:\Users\ASUS\.gradle\native\c067742578af261105cb4f569cf0c3c89f3d7b1fecec35dd04571415982c5e48\windows-amd64

VM Arguments:
jvm_args: --add-modules=ALL-SYSTEM --add-opens=java.base/java.util=ALL-UNNAMED --add-opens=java.base/java.lang=ALL-UNNAMED --add-opens=java.base/sun.nio.fs=ALL-UNNAMED -Declipse.application=org.eclipse.jdt.ls.core.id1 -Dosgi.bundles.defaultStartLevel=4 -Declipse.product=org.eclipse.jdt.ls.core.product -Djava.import.generatesMetadataFilesAtProjectRoot=false -DDetectVMInstallationsJob.disabled=true -Dfile.encoding=utf8 -XX:+UseParallelGC -XX:GCTimeRatio=4 -XX:AdaptiveSizePolicyWeight=90 -Dsun.zip.disableMemoryMapping=true -Xmx1G -Xms100m -Xlog:disable -javaagent:c:\Users\ASUS\.cursor\extensions\redhat.java-1.40.0-win32-x64\lombok\lombok-1.18.36.jar -XX:+HeapDumpOnOutOfMemoryError -XX:HeapDumpPath=c:\Users\ASUS\AppData\Roaming\Cursor\User\workspaceStorage\a26ced7fe018b66e12da886babd7af56\redhat.java -Daether.dependencyCollector.impl=bf 
java_command: c:\Users\ASUS\.cursor\extensions\redhat.java-1.40.0-win32-x64\server\plugins\org.eclipse.equinox.launcher_1.6.1000.v20250131-0606.jar -configuration c:\Users\ASUS\AppData\Roaming\Cursor\User\globalStorage\redhat.java\1.40.0\config_win -data c:\Users\ASUS\AppData\Roaming\Cursor\User\workspaceStorage\a26ced7fe018b66e12da886babd7af56\redhat.java\jdt_ws --pipe=\\.\pipe\lsp-669d983bd712b82634c97bd243318866-sock
java_class_path (initial): c:\Users\ASUS\.cursor\extensions\redhat.java-1.40.0-win32-x64\server\plugins\org.eclipse.equinox.launcher_1.6.1000.v20250131-0606.jar
Launcher Type: SUN_STANDARD

[Global flags]
    uintx AdaptiveSizePolicyWeight                 = 90                                        {product} {command line}
     intx CICompilerCount                          = 12                                        {product} {ergonomic}
    uintx GCTimeRatio                              = 4                                         {product} {command line}
     bool HeapDumpOnOutOfMemoryError               = true                                   {manageable} {command line}
    ccstr HeapDumpPath                             = c:\Users\ASUS\AppData\Roaming\Cursor\User\workspaceStorage\a26ced7fe018b66e12da886babd7af56\redhat.java         {manageable} {command line}
   size_t InitialHeapSize                          = 104857600                                 {product} {command line}
   size_t MaxHeapSize                              = 1073741824                                {product} {command line}
   size_t MaxNewSize                               = 357564416                                 {product} {ergonomic}
   size_t MinHeapDeltaBytes                        = 524288                                    {product} {ergonomic}
   size_t MinHeapSize                              = 104857600                                 {product} {command line}
   size_t NewSize                                  = 34603008                                  {product} {ergonomic}
    uintx NonNMethodCodeHeapSize                   = 7602480                                {pd product} {ergonomic}
    uintx NonProfiledCodeHeapSize                  = 122027880                              {pd product} {ergonomic}
   size_t OldSize                                  = 70254592                                  {product} {ergonomic}
    uintx ProfiledCodeHeapSize                     = 122027880                              {pd product} {ergonomic}
    uintx ReservedCodeCacheSize                    = 251658240                              {pd product} {ergonomic}
     bool SegmentedCodeCache                       = true                                      {product} {ergonomic}
   size_t SoftMaxHeapSize                          = 1073741824                             {manageable} {ergonomic}
     bool UseCompressedOops                        = true                           {product lp64_product} {ergonomic}
     bool UseLargePagesIndividualAllocation        = false                                  {pd product} {ergonomic}
     bool UseParallelGC                            = true                                      {product} {command line}

Logging:
Log output configuration:
 #0: stdout all=off uptime,level,tags foldmultilines=false
 #1: stderr all=off uptime,level,tags foldmultilines=false

Environment Variables:
PATH=C:\Program Files\Common Files\Oracle\Java\javapath;C:\Program Files (x86)\Common Files\Oracle\Java\java8path;C:\Program Files (x86)\Common Files\Oracle\Java\javapath;C:\ProgramData\Oracle\Java\javapath;C:\Windows\system32;C:\Windows;C:\Windows\System32\Wbem;C:\Windows\System32\WindowsPowerShell\v1.0\;C:\Windows\System32\OpenSSH\;C:\Program Files (x86)\NVIDIA Corporation\PhysX\Common;C:\WINDOWS\system32;C:\WINDOWS;C:\WINDOWS\System32\Wbem;C:\WINDOWS\System32\WindowsPowerShell\v1.0\;C:\WINDOWS\System32\OpenSSH\;C:\Program Files (x86)\Microsoft SQL Server\160\Tools\Binn\;C:\Program Files\Microsoft SQL Server\160\Tools\Binn\;C:\Program Files\Microsoft SQL Server\Client SDK\ODBC\170\Tools\Binn\;C:\Program Files\Microsoft SQL Server\160\DTS\Binn\;C:\Program Files (x86)\Microsoft SQL Server\160\DTS\Binn\;C:\Program Files\Azure Data Studio\bin;C:\Program Files\dotnet\;C:\Program Files\nodejs\;C:\Program Files\Git\cmd;C:\Program Files\NVIDIA Corporation\NVIDIA app\NvDLISR;C:\Program Files\Cloudflare\Cloudflare WARP\;C:\Program Files\MySQL\MySQL Shell 8.0\bin\;C:\Users\ASUS\AppData\Local\Microsoft\WindowsApps;C:\Program Files\Azure Data Studio\bin;C:\Users\ASUS\AppData\Local\Programs\Microsoft VS Code\bin;C:\Users\ASUS\AppData\Roaming\npm;C:\Program Files\Git\mingw64\bin\;C:\Users\ASUS\AppData\Local\Programs\cursor\resources\app\bin
USERNAME=ASUS
OS=Windows_NT
PROCESSOR_IDENTIFIER=AMD64 Family 25 Model 68 Stepping 1, AuthenticAMD
TMP=C:\Users\ASUS\AppData\Local\Temp
TEMP=C:\Users\ASUS\AppData\Local\Temp




Periodic native trim disabled

---------------  S Y S T E M  ---------------

OS:
 Windows 11 , 64 bit Build 22621 (10.0.22621.4830)
OS uptime: 3 days 6:25 hours

CPU: total 16 (initial active 16) (16 cores per cpu, 2 threads per core) family 25 model 68 stepping 1 microcode 0x0, cx8, cmov, fxsr, ht, mmx, 3dnowpref, sse, sse2, sse3, ssse3, sse4a, sse4.1, sse4.2, popcnt, lzcnt, tsc, tscinvbit, avx, avx2, aes, clmul, bmi1, bmi2, adx, sha, fma, vzeroupper, clflush, clflushopt, rdtscp, rdpid, f16c, pku, cet_ss
Processor Information for the first 16 processors :
  Max Mhz: 3201, Current Mhz: 3201, Mhz Limit: 3201

Memory: 4k page, system-wide physical 15613M (2115M free)
TotalPageFile size 19709M (AvailPageFile size 11M)
current process WorkingSet (physical memory assigned to process): 1023M, peak: 1023M
current process commit charge ("private bytes"): 951M, peak: 1147M

vm_info: OpenJDK 64-Bit Server VM (21.0.6+7-LTS) for windows-amd64 JRE (21.0.6+7-LTS), built on 2025-01-21T00:00:00Z by "admin" with MS VC++ 17.7 (VS2022)

END.
