#
# There is insufficient memory for the Java Runtime Environment to continue.
# Native memory allocation (malloc) failed to allocate 2299632 bytes for Chunk::new
# Possible reasons:
#   The system is out of physical RAM or swap space
#   The process is running with CompressedOops enabled, and the Java Heap may be blocking the growth of the native heap
# Possible solutions:
#   Reduce memory load on the system
#   Increase physical memory or swap space
#   Check if swap backing store is full
#   Decrease Java heap size (-Xmx/-Xms)
#   Decrease number of Java threads
#   Decrease Java thread stack sizes (-Xss)
#   Set larger code cache with -XX:ReservedCodeCacheSize=
#   JVM is running with Zero Based Compressed Oops mode in which the Java heap is
#     placed in the first 32GB address space. The Java Heap base address is the
#     maximum limit for the native heap growth. Please use -XX:HeapBaseMinAddress
#     to set the Java Heap base and to place the Java Heap above 32GB virtual address.
# This output file may be truncated or incomplete.
#
#  Out of Memory Error (arena.cpp:189), pid=19396, tid=12500
#
# JRE version: Java(TM) SE Runtime Environment (17.0.9+11) (build 17.0.9+11-LTS-201)
# Java VM: Java HotSpot(TM) 64-Bit Server VM (17.0.9+11-LTS-201, mixed mode, sharing, tiered, compressed oops, compressed class ptrs, g1 gc, windows-amd64)
# No core dump will be written. Minidumps are not enabled by default on client versions of Windows
#

---------------  S U M M A R Y ------------

Command Line: -agentlib:jdwp=transport=dt_socket,server=n,suspend=y,address=localhost:51663 -Dcom.sun.management.jmxremote -Dcom.sun.management.jmxremote.port=64442 -Dcom.sun.management.jmxremote.authenticate=false -Dcom.sun.management.jmxremote.ssl=false -Dspring.jmx.enabled=true -Djava.rmi.server.hostname=localhost -Dspring.application.admin.enabled=true -Dspring.boot.project.name=thuan -XX:+ShowCodeDetailsInExceptionMessages com.example.thuan.ThuanApplication

Host: AMD Ryzen 7 6800H with Radeon Graphics         , 16 cores, 15G,  Windows 11 , 64 bit Build 22621 (10.0.22621.4830)
Time: Mon Feb 10 21:35:47 2025 SE Asia Standard Time elapsed time: 2.421981 seconds (0d 0h 0m 2s)

---------------  T H R E A D  ---------------

Current thread (0x000002847d400a20):  JavaThread "C2 CompilerThread4" daemon [_thread_in_native, id=12500, stack(0x000000f6ceb00000,0x000000f6cec00000)]


Current CompileTask:
C2:   2422 4297   !   4       org.springframework.util.ReflectionUtils::doWithMethods (186 bytes)

Stack: [0x000000f6ceb00000,0x000000f6cec00000]
Native frames: (J=compiled Java code, j=interpreted, Vv=VM code, C=native code)
V  [jvm.dll+0x678a4a]
V  [jvm.dll+0x7d9cfd]
V  [jvm.dll+0x7db60e]
V  [jvm.dll+0x7dbc73]
V  [jvm.dll+0x245e1f]
V  [jvm.dll+0xaaafb]
V  [jvm.dll+0xab09c]
V  [jvm.dll+0x36237e]
V  [jvm.dll+0x1bbb3a]
V  [jvm.dll+0x218287]
V  [jvm.dll+0x217561]
V  [jvm.dll+0x1a3bc0]
V  [jvm.dll+0x2272de]
V  [jvm.dll+0x22548b]
V  [jvm.dll+0x78f58c]
V  [jvm.dll+0x78998a]
V  [jvm.dll+0x677875]
C  [ucrtbase.dll+0x29333]
C  [KERNEL32.DLL+0x1259d]
C  [ntdll.dll+0x5af38]


---------------  P R O C E S S  ---------------

Threads class SMR info:
_java_thread_list=0x00000284417a69c0, length=31, elements={
0x00000284510aa5e0, 0x000002847404cc20, 0x000002847404d8a0, 0x00000284743877d0,
0x00000284743890b0, 0x000002847438a080, 0x000002847438aa40, 0x000002847438fb50,
0x0000028474398520, 0x000002847439ae40, 0x0000028474449f50, 0x00000284744e0880,
0x00000284744e6450, 0x00000284744e8a40, 0x0000028474525980, 0x0000028474583980,
0x00000284745ac640, 0x00000284745acd40, 0x000002847458bd50, 0x000002847945f130,
0x00000284794f1f00, 0x00000284795522d0, 0x000002847946d280, 0x000002847a6bc820,
0x000002847d400a20, 0x000002847ad5c4c0, 0x0000028479ea1c80, 0x0000028479ea30c0,
0x000002847ca8d270, 0x0000028442c4aba0, 0x000002847e2d1fa0
}

Java Threads: ( => current thread )
  0x00000284510aa5e0 JavaThread "main" [_thread_in_native, id=31136, stack(0x000000f6cbe00000,0x000000f6cbf00000)]
  0x000002847404cc20 JavaThread "Reference Handler" daemon [_thread_blocked, id=23200, stack(0x000000f6cc500000,0x000000f6cc600000)]
  0x000002847404d8a0 JavaThread "Finalizer" daemon [_thread_blocked, id=15920, stack(0x000000f6cc600000,0x000000f6cc700000)]
  0x00000284743877d0 JavaThread "Signal Dispatcher" daemon [_thread_blocked, id=30232, stack(0x000000f6cc700000,0x000000f6cc800000)]
  0x00000284743890b0 JavaThread "Attach Listener" daemon [_thread_blocked, id=30140, stack(0x000000f6cc800000,0x000000f6cc900000)]
  0x000002847438a080 JavaThread "Service Thread" daemon [_thread_blocked, id=26852, stack(0x000000f6cc900000,0x000000f6cca00000)]
  0x000002847438aa40 JavaThread "Monitor Deflation Thread" daemon [_thread_blocked, id=8436, stack(0x000000f6cca00000,0x000000f6ccb00000)]
  0x000002847438fb50 JavaThread "C2 CompilerThread0" daemon [_thread_in_native, id=18324, stack(0x000000f6ccb00000,0x000000f6ccc00000)]
  0x0000028474398520 JavaThread "C1 CompilerThread0" daemon [_thread_blocked, id=18648, stack(0x000000f6ccc00000,0x000000f6ccd00000)]
  0x000002847439ae40 JavaThread "Sweeper thread" daemon [_thread_blocked, id=9984, stack(0x000000f6ccd00000,0x000000f6cce00000)]
  0x0000028474449f50 JavaThread "C1 CompilerThread1" daemon [_thread_blocked, id=4500, stack(0x000000f6cce00000,0x000000f6ccf00000)]
  0x00000284744e0880 JavaThread "Common-Cleaner" daemon [_thread_blocked, id=10044, stack(0x000000f6ccf00000,0x000000f6cd000000)]
  0x00000284744e6450 JavaThread "C1 CompilerThread2" daemon [_thread_blocked, id=31024, stack(0x000000f6cd000000,0x000000f6cd100000)]
  0x00000284744e8a40 JavaThread "C1 CompilerThread3" daemon [_thread_blocked, id=28488, stack(0x000000f6cd100000,0x000000f6cd200000)]
  0x0000028474525980 JavaThread "C2 CompilerThread1" daemon [_thread_in_native, id=404, stack(0x000000f6cd200000,0x000000f6cd300000)]
  0x0000028474583980 JavaThread "JDWP Transport Listener: dt_socket" daemon [_thread_blocked, id=30404, stack(0x000000f6cd300000,0x000000f6cd400000)]
  0x00000284745ac640 JavaThread "JDWP Event Helper Thread" daemon [_thread_blocked, id=19700, stack(0x000000f6cd400000,0x000000f6cd500000)]
  0x00000284745acd40 JavaThread "JDWP Command Reader" daemon [_thread_in_native, id=28712, stack(0x000000f6cd500000,0x000000f6cd600000)]
  0x000002847458bd50 JavaThread "Notification Thread" daemon [_thread_blocked, id=20628, stack(0x000000f6cd600000,0x000000f6cd700000)]
  0x000002847945f130 JavaThread "RMI TCP Accept-0" daemon [_thread_in_native, id=31556, stack(0x000000f6cd700000,0x000000f6cd800000)]
  0x00000284794f1f00 JavaThread "RMI TCP Accept-64442" daemon [_thread_in_native, id=15400, stack(0x000000f6cd800000,0x000000f6cd900000)]
  0x00000284795522d0 JavaThread "RMI TCP Accept-0" daemon [_thread_in_native, id=27556, stack(0x000000f6cd900000,0x000000f6cda00000)]
  0x000002847946d280 JavaThread "C2 CompilerThread2" daemon [_thread_blocked, id=14188, stack(0x000000f6cdb00000,0x000000f6cdc00000)]
  0x000002847a6bc820 JavaThread "C2 CompilerThread3" daemon [_thread_in_native, id=23380, stack(0x000000f6ce900000,0x000000f6cea00000)]
=>0x000002847d400a20 JavaThread "C2 CompilerThread4" daemon [_thread_in_native, id=12500, stack(0x000000f6ceb00000,0x000000f6cec00000)]
  0x000002847ad5c4c0 JavaThread "C2 CompilerThread5" daemon [_thread_in_native, id=31676, stack(0x000000f6cec00000,0x000000f6ced00000)]
  0x0000028479ea1c80 JavaThread "Catalina-utility-1" [_thread_blocked, id=28740, stack(0x000000f6ced00000,0x000000f6cee00000)]
  0x0000028479ea30c0 JavaThread "Catalina-utility-2" [_thread_blocked, id=30636, stack(0x000000f6cee00000,0x000000f6cef00000)]
  0x000002847ca8d270 JavaThread "container-0" [_thread_blocked, id=20736, stack(0x000000f6cef00000,0x000000f6cf000000)]
  0x0000028442c4aba0 JavaThread "C2 CompilerThread6" daemon [_thread_in_native, id=25064, stack(0x000000f6cf000000,0x000000f6cf100000)]
  0x000002847e2d1fa0 JavaThread "C2 CompilerThread7" daemon [_thread_in_native, id=2776, stack(0x000000f6cf100000,0x000000f6cf200000)]

Other Threads:
  0x0000028474048110 VMThread "VM Thread" [stack: 0x000000f6cc400000,0x000000f6cc500000] [id=27956]
  0x000002847936fb00 WatcherThread [stack: 0x000000f6cda00000,0x000000f6cdb00000] [id=31300]
  0x000002845111d150 GCTaskThread "GC Thread#0" [stack: 0x000000f6cbf00000,0x000000f6cc000000] [id=2276]
  0x000002847991a580 GCTaskThread "GC Thread#1" [stack: 0x000000f6cdc00000,0x000000f6cdd00000] [id=18028]
  0x00000284798face0 GCTaskThread "GC Thread#2" [stack: 0x000000f6cdd00000,0x000000f6cde00000] [id=30044]
  0x0000028479639a50 GCTaskThread "GC Thread#3" [stack: 0x000000f6cde00000,0x000000f6cdf00000] [id=7868]
  0x0000028479639d10 GCTaskThread "GC Thread#4" [stack: 0x000000f6cdf00000,0x000000f6ce000000] [id=15328]
  0x00000284799d06e0 GCTaskThread "GC Thread#5" [stack: 0x000000f6ce000000,0x000000f6ce100000] [id=27344]
  0x0000028479946b80 GCTaskThread "GC Thread#6" [stack: 0x000000f6ce100000,0x000000f6ce200000] [id=13604]
  0x0000028479946e40 GCTaskThread "GC Thread#7" [stack: 0x000000f6ce200000,0x000000f6ce300000] [id=28700]
  0x0000028479947100 GCTaskThread "GC Thread#8" [stack: 0x000000f6ce300000,0x000000f6ce400000] [id=28396]
  0x0000028479ea1960 GCTaskThread "GC Thread#9" [stack: 0x000000f6ce500000,0x000000f6ce600000] [id=31224]
  0x000002847a629ce0 GCTaskThread "GC Thread#10" [stack: 0x000000f6ce600000,0x000000f6ce700000] [id=30072]
  0x00000284799e5430 GCTaskThread "GC Thread#11" [stack: 0x000000f6ce700000,0x000000f6ce800000] [id=1772]
  0x0000028479f4eff0 GCTaskThread "GC Thread#12" [stack: 0x000000f6ce800000,0x000000f6ce900000] [id=30236]
  0x000002845112d4a0 ConcurrentGCThread "G1 Main Marker" [stack: 0x000000f6cc000000,0x000000f6cc100000] [id=884]
  0x000002845112e650 ConcurrentGCThread "G1 Conc#0" [stack: 0x000000f6cc100000,0x000000f6cc200000] [id=29044]
  0x0000028479f4e7b0 ConcurrentGCThread "G1 Conc#1" [stack: 0x000000f6ce400000,0x000000f6ce500000] [id=10528]
  0x0000028479f4dcb0 ConcurrentGCThread "G1 Conc#2" [stack: 0x000000f6cea00000,0x000000f6ceb00000] [id=6412]
  0x0000028473eff9e0 ConcurrentGCThread "G1 Refine#0" [stack: 0x000000f6cc200000,0x000000f6cc300000] [id=30780]
  0x0000028473f00310 ConcurrentGCThread "G1 Service" [stack: 0x000000f6cc300000,0x000000f6cc400000] [id=27156]

Threads with active compile tasks:
C2 CompilerThread0     2440 4452       4       org.springframework.core.BridgeMethodResolver::resolveBridgeMethod (180 bytes)
C2 CompilerThread1     2440 4340   !   4       org.springframework.core.annotation.AnnotationsScanner::processMethodHierarchy (276 bytes)
C2 CompilerThread3     2440 4299       4       org.springframework.core.annotation.TypeMappedAnnotations::get (52 bytes)
C2 CompilerThread4     2440 4297   !   4       org.springframework.util.ReflectionUtils::doWithMethods (186 bytes)
C2 CompilerThread5     2440 4234       4       java.lang.invoke.LambdaForm$Name::replaceNames (175 bytes)
C2 CompilerThread6     2440 4425       4       org.springframework.boot.context.properties.source.SystemEnvironmentPropertyMapper$$Lambda$176/0x0000028401134000::test (16 bytes)
C2 CompilerThread7     2440 4424       4       java.util.function.BiPredicate$$Lambda$177/0x00000284010a8d80::test (16 bytes)

VM state: not at safepoint (normal execution)

VM Mutex/Monitor currently owned by a thread: None

Heap address: 0x000000070c000000, size: 3904 MB, Compressed Oops mode: Zero based, Oop shift amount: 3

CDS archive(s) mapped at: [0x0000028400000000-0x0000028400bd0000-0x0000028400bd0000), size 12386304, SharedBaseAddress: 0x0000028400000000, ArchiveRelocationMode: 1.
Compressed class space mapped at: 0x0000028401000000-0x0000028441000000, reserved size: 1073741824
Narrow klass base: 0x0000028400000000, Narrow klass shift: 0, Narrow klass range: 0x100000000

GC Precious Log:
 CPUs: 16 total, 16 available
 Memory: 15613M
 Large Page Support: Disabled
 NUMA Support: Disabled
 Compressed Oops: Enabled (Zero based)
 Heap Region Size: 2M
 Heap Min Capacity: 8M
 Heap Initial Capacity: 244M
 Heap Max Capacity: 3904M
 Pre-touch: Disabled
 Parallel Workers: 13
 Concurrent Workers: 3
 Concurrent Refinement Workers: 13
 Periodic GC: Disabled

Heap:
 garbage-first heap   total 153600K, used 57188K [0x000000070c000000, 0x0000000800000000)
  region size 2048K, 22 young (45056K), 1 survivors (2048K)
 Metaspace       used 34692K, committed 35136K, reserved 1114112K
  class space    used 4352K, committed 4544K, reserved 1048576K

Heap Regions: E=young(eden), S=young(survivor), O=old, HS=humongous(starts), HC=humongous(continues), CS=collection set, F=free, OA=open archive, CA=closed archive, TAMS=top-at-mark-start (previous, next)
|   0|0x000000070c000000, 0x000000070c200000, 0x000000070c200000|100%| O|  |TAMS 0x000000070c200000, 0x000000070c000000| Untracked 
|   1|0x000000070c200000, 0x000000070c400000, 0x000000070c400000|100%| O|  |TAMS 0x000000070c400000, 0x000000070c200000| Untracked 
|   2|0x000000070c400000, 0x000000070c600000, 0x000000070c600000|100%| O|  |TAMS 0x000000070c600000, 0x000000070c400000| Untracked 
|   3|0x000000070c600000, 0x000000070c600000, 0x000000070c800000|  0%| F|  |TAMS 0x000000070c600000, 0x000000070c600000| Untracked 
|   4|0x000000070c800000, 0x000000070ca00000, 0x000000070ca00000|100%| O|  |TAMS 0x000000070c800000, 0x000000070c800000| Untracked 
|   5|0x000000070ca00000, 0x000000070cc00000, 0x000000070cc00000|100%| O|  |TAMS 0x000000070ca00000, 0x000000070ca00000| Untracked 
|   6|0x000000070cc00000, 0x000000070ce00000, 0x000000070ce00000|100%| O|  |TAMS 0x000000070cc00000, 0x000000070cc00000| Untracked 
|   7|0x000000070ce00000, 0x000000070d000000, 0x000000070d000000|100%| O|  |TAMS 0x000000070ce00000, 0x000000070ce00000| Untracked 
|   8|0x000000070d000000, 0x000000070d000000, 0x000000070d200000|  0%| F|  |TAMS 0x000000070d000000, 0x000000070d000000| Untracked 
|   9|0x000000070d200000, 0x000000070d200000, 0x000000070d400000|  0%| F|  |TAMS 0x000000070d200000, 0x000000070d200000| Untracked 
|  10|0x000000070d400000, 0x000000070d400000, 0x000000070d600000|  0%| F|  |TAMS 0x000000070d400000, 0x000000070d400000| Untracked 
|  11|0x000000070d600000, 0x000000070d600000, 0x000000070d800000|  0%| F|  |TAMS 0x000000070d600000, 0x000000070d600000| Untracked 
|  12|0x000000070d800000, 0x000000070d800000, 0x000000070da00000|  0%| F|  |TAMS 0x000000070d800000, 0x000000070d800000| Untracked 
|  13|0x000000070da00000, 0x000000070da00000, 0x000000070dc00000|  0%| F|  |TAMS 0x000000070da00000, 0x000000070da00000| Untracked 
|  14|0x000000070dc00000, 0x000000070dc00000, 0x000000070de00000|  0%| F|  |TAMS 0x000000070dc00000, 0x000000070dc00000| Untracked 
|  15|0x000000070de00000, 0x000000070dfd9068, 0x000000070e000000| 92%| S|CS|TAMS 0x000000070de00000, 0x000000070de00000| Complete 
|  16|0x000000070e000000, 0x000000070e000000, 0x000000070e200000|  0%| F|  |TAMS 0x000000070e000000, 0x000000070e000000| Untracked 
|  17|0x000000070e200000, 0x000000070e200000, 0x000000070e400000|  0%| F|  |TAMS 0x000000070e200000, 0x000000070e200000| Untracked 
|  18|0x000000070e400000, 0x000000070e400000, 0x000000070e600000|  0%| F|  |TAMS 0x000000070e400000, 0x000000070e400000| Untracked 
|  19|0x000000070e600000, 0x000000070e600000, 0x000000070e800000|  0%| F|  |TAMS 0x000000070e600000, 0x000000070e600000| Untracked 
|  20|0x000000070e800000, 0x000000070e800000, 0x000000070ea00000|  0%| F|  |TAMS 0x000000070e800000, 0x000000070e800000| Untracked 
|  21|0x000000070ea00000, 0x000000070ea00000, 0x000000070ec00000|  0%| F|  |TAMS 0x000000070ea00000, 0x000000070ea00000| Untracked 
|  22|0x000000070ec00000, 0x000000070ec00000, 0x000000070ee00000|  0%| F|  |TAMS 0x000000070ec00000, 0x000000070ec00000| Untracked 
|  23|0x000000070ee00000, 0x000000070ee00000, 0x000000070f000000|  0%| F|  |TAMS 0x000000070ee00000, 0x000000070ee00000| Untracked 
|  24|0x000000070f000000, 0x000000070f000000, 0x000000070f200000|  0%| F|  |TAMS 0x000000070f000000, 0x000000070f000000| Untracked 
|  25|0x000000070f200000, 0x000000070f200000, 0x000000070f400000|  0%| F|  |TAMS 0x000000070f200000, 0x000000070f200000| Untracked 
|  26|0x000000070f400000, 0x000000070f400000, 0x000000070f600000|  0%| F|  |TAMS 0x000000070f400000, 0x000000070f400000| Untracked 
|  27|0x000000070f600000, 0x000000070f600000, 0x000000070f800000|  0%| F|  |TAMS 0x000000070f600000, 0x000000070f600000| Untracked 
|  28|0x000000070f800000, 0x000000070f800000, 0x000000070fa00000|  0%| F|  |TAMS 0x000000070f800000, 0x000000070f800000| Untracked 
|  29|0x000000070fa00000, 0x000000070fa00000, 0x000000070fc00000|  0%| F|  |TAMS 0x000000070fa00000, 0x000000070fa00000| Untracked 
|  30|0x000000070fc00000, 0x000000070fc00000, 0x000000070fe00000|  0%| F|  |TAMS 0x000000070fc00000, 0x000000070fc00000| Untracked 
|  31|0x000000070fe00000, 0x000000070fe00000, 0x0000000710000000|  0%| F|  |TAMS 0x000000070fe00000, 0x000000070fe00000| Untracked 
|  32|0x0000000710000000, 0x0000000710000000, 0x0000000710200000|  0%| F|  |TAMS 0x0000000710000000, 0x0000000710000000| Untracked 
|  33|0x0000000710200000, 0x0000000710200000, 0x0000000710400000|  0%| F|  |TAMS 0x0000000710200000, 0x0000000710200000| Untracked 
|  34|0x0000000710400000, 0x0000000710400000, 0x0000000710600000|  0%| F|  |TAMS 0x0000000710400000, 0x0000000710400000| Untracked 
|  35|0x0000000710600000, 0x0000000710600000, 0x0000000710800000|  0%| F|  |TAMS 0x0000000710600000, 0x0000000710600000| Untracked 
|  36|0x0000000710800000, 0x0000000710800000, 0x0000000710a00000|  0%| F|  |TAMS 0x0000000710800000, 0x0000000710800000| Untracked 
|  37|0x0000000710a00000, 0x0000000710a00000, 0x0000000710c00000|  0%| F|  |TAMS 0x0000000710a00000, 0x0000000710a00000| Untracked 
|  38|0x0000000710c00000, 0x0000000710c00000, 0x0000000710e00000|  0%| F|  |TAMS 0x0000000710c00000, 0x0000000710c00000| Untracked 
|  39|0x0000000710e00000, 0x0000000710e00000, 0x0000000711000000|  0%| F|  |TAMS 0x0000000710e00000, 0x0000000710e00000| Untracked 
|  40|0x0000000711000000, 0x0000000711000000, 0x0000000711200000|  0%| F|  |TAMS 0x0000000711000000, 0x0000000711000000| Untracked 
|  41|0x0000000711200000, 0x0000000711200000, 0x0000000711400000|  0%| F|  |TAMS 0x0000000711200000, 0x0000000711200000| Untracked 
|  42|0x0000000711400000, 0x0000000711400000, 0x0000000711600000|  0%| F|  |TAMS 0x0000000711400000, 0x0000000711400000| Untracked 
|  43|0x0000000711600000, 0x0000000711600000, 0x0000000711800000|  0%| F|  |TAMS 0x0000000711600000, 0x0000000711600000| Untracked 
|  44|0x0000000711800000, 0x0000000711800000, 0x0000000711a00000|  0%| F|  |TAMS 0x0000000711800000, 0x0000000711800000| Untracked 
|  45|0x0000000711a00000, 0x0000000711a00000, 0x0000000711c00000|  0%| F|  |TAMS 0x0000000711a00000, 0x0000000711a00000| Untracked 
|  46|0x0000000711c00000, 0x0000000711c00000, 0x0000000711e00000|  0%| F|  |TAMS 0x0000000711c00000, 0x0000000711c00000| Untracked 
|  47|0x0000000711e00000, 0x0000000711e00000, 0x0000000712000000|  0%| F|  |TAMS 0x0000000711e00000, 0x0000000711e00000| Untracked 
|  48|0x0000000712000000, 0x0000000712000000, 0x0000000712200000|  0%| F|  |TAMS 0x0000000712000000, 0x0000000712000000| Untracked 
|  49|0x0000000712200000, 0x0000000712200000, 0x0000000712400000|  0%| F|  |TAMS 0x0000000712200000, 0x0000000712200000| Untracked 
|  50|0x0000000712400000, 0x0000000712400000, 0x0000000712600000|  0%| F|  |TAMS 0x0000000712400000, 0x0000000712400000| Untracked 
|  51|0x0000000712600000, 0x0000000712600000, 0x0000000712800000|  0%| F|  |TAMS 0x0000000712600000, 0x0000000712600000| Untracked 
|  52|0x0000000712800000, 0x0000000712800000, 0x0000000712a00000|  0%| F|  |TAMS 0x0000000712800000, 0x0000000712800000| Untracked 
|  53|0x0000000712a00000, 0x0000000712a00000, 0x0000000712c00000|  0%| F|  |TAMS 0x0000000712a00000, 0x0000000712a00000| Untracked 
|  54|0x0000000712c00000, 0x0000000712d00800, 0x0000000712e00000| 50%| E|  |TAMS 0x0000000712c00000, 0x0000000712c00000| Complete 
|  55|0x0000000712e00000, 0x0000000713000000, 0x0000000713000000|100%| E|CS|TAMS 0x0000000712e00000, 0x0000000712e00000| Complete 
|  56|0x0000000713000000, 0x0000000713200000, 0x0000000713200000|100%| E|CS|TAMS 0x0000000713000000, 0x0000000713000000| Complete 
|  57|0x0000000713200000, 0x0000000713400000, 0x0000000713400000|100%| E|CS|TAMS 0x0000000713200000, 0x0000000713200000| Complete 
|  58|0x0000000713400000, 0x0000000713600000, 0x0000000713600000|100%| E|CS|TAMS 0x0000000713400000, 0x0000000713400000| Complete 
|  59|0x0000000713600000, 0x0000000713800000, 0x0000000713800000|100%| E|CS|TAMS 0x0000000713600000, 0x0000000713600000| Complete 
|  60|0x0000000713800000, 0x0000000713a00000, 0x0000000713a00000|100%| E|CS|TAMS 0x0000000713800000, 0x0000000713800000| Complete 
|  61|0x0000000713a00000, 0x0000000713c00000, 0x0000000713c00000|100%| E|CS|TAMS 0x0000000713a00000, 0x0000000713a00000| Complete 
|  62|0x0000000713c00000, 0x0000000713e00000, 0x0000000713e00000|100%| E|CS|TAMS 0x0000000713c00000, 0x0000000713c00000| Complete 
|  63|0x0000000713e00000, 0x0000000714000000, 0x0000000714000000|100%| E|CS|TAMS 0x0000000713e00000, 0x0000000713e00000| Complete 
|  64|0x0000000714000000, 0x0000000714200000, 0x0000000714200000|100%| E|CS|TAMS 0x0000000714000000, 0x0000000714000000| Complete 
|  65|0x0000000714200000, 0x0000000714400000, 0x0000000714400000|100%| E|CS|TAMS 0x0000000714200000, 0x0000000714200000| Complete 
|  66|0x0000000714400000, 0x0000000714600000, 0x0000000714600000|100%| E|CS|TAMS 0x0000000714400000, 0x0000000714400000| Complete 
|  67|0x0000000714600000, 0x0000000714800000, 0x0000000714800000|100%| E|CS|TAMS 0x0000000714600000, 0x0000000714600000| Complete 
|  68|0x0000000714800000, 0x0000000714a00000, 0x0000000714a00000|100%| E|CS|TAMS 0x0000000714800000, 0x0000000714800000| Complete 
|  69|0x0000000714a00000, 0x0000000714c00000, 0x0000000714c00000|100%| E|CS|TAMS 0x0000000714a00000, 0x0000000714a00000| Complete 
|  70|0x0000000714c00000, 0x0000000714e00000, 0x0000000714e00000|100%| E|CS|TAMS 0x0000000714c00000, 0x0000000714c00000| Complete 
|  95|0x0000000717e00000, 0x0000000718000000, 0x0000000718000000|100%| E|CS|TAMS 0x0000000717e00000, 0x0000000717e00000| Complete 
|  96|0x0000000718000000, 0x0000000718200000, 0x0000000718200000|100%| E|CS|TAMS 0x0000000718000000, 0x0000000718000000| Complete 
|  97|0x0000000718200000, 0x0000000718400000, 0x0000000718400000|100%| E|CS|TAMS 0x0000000718200000, 0x0000000718200000| Complete 
| 121|0x000000071b200000, 0x000000071b400000, 0x000000071b400000|100%| E|CS|TAMS 0x000000071b200000, 0x000000071b200000| Complete 

Card table byte_map: [0x0000028468950000,0x00000284690f0000] _byte_map_base: 0x00000284650f0000

Marking Bits (Prev, Next): (CMBitMap*) 0x000002845111d7b0, (CMBitMap*) 0x000002845111d770
 Prev Bits: [0x000002846d590000, 0x0000028471290000)
 Next Bits: [0x0000028469890000, 0x000002846d590000)

Polling page: 0x000002844eff0000

Metaspace:

Usage:
  Non-class:     29.65 MB used.
      Class:      4.25 MB used.
       Both:     33.91 MB used.

Virtual space:
  Non-class space:       64.00 MB reserved,      29.88 MB ( 47%) committed,  1 nodes.
      Class space:        1.00 GB reserved,       4.44 MB ( <1%) committed,  1 nodes.
             Both:        1.06 GB reserved,      34.31 MB (  3%) committed. 

Chunk freelists:
   Non-Class:  1.89 MB
       Class:  11.58 MB
        Both:  13.47 MB

MaxMetaspaceSize: unlimited
CompressedClassSpaceSize: 1.00 GB
Initial GC threshold: 21.00 MB
Current GC threshold: 35.12 MB
CDS: on
MetaspaceReclaimPolicy: balanced
 - commit_granule_bytes: 65536.
 - commit_granule_words: 8192.
 - virtual_space_node_default_size: 8388608.
 - enlarge_chunks_in_place: 1.
 - new_chunks_are_fully_committed: 0.
 - uncommit_free_chunks: 1.
 - use_allocation_guard: 0.
 - handle_deallocations: 1.


Internal statistics:

num_allocs_failed_limit: 3.
num_arena_births: 576.
num_arena_deaths: 0.
num_vsnodes_births: 2.
num_vsnodes_deaths: 0.
num_space_committed: 549.
num_space_uncommitted: 0.
num_chunks_returned_to_freelist: 3.
num_chunks_taken_from_freelist: 1717.
num_chunk_merges: 3.
num_chunk_splits: 1196.
num_chunks_enlarged: 895.
num_inconsistent_stats: 0.

CodeHeap 'non-profiled nmethods': size=119168Kb used=2788Kb max_used=2788Kb free=116379Kb
 bounds [0x00000284604d0000, 0x0000028460790000, 0x0000028467930000]
CodeHeap 'profiled nmethods': size=119104Kb used=10098Kb max_used=10098Kb free=109005Kb
 bounds [0x0000028458930000, 0x0000028459310000, 0x000002845fd80000]
CodeHeap 'non-nmethods': size=7488Kb used=3000Kb max_used=3101Kb free=4487Kb
 bounds [0x000002845fd80000, 0x0000028460090000, 0x00000284604d0000]
 total_blobs=5016 nmethods=4466 adapters=459
 compilation: enabled
              stopped_count=0, restarted_count=0
 full_count=0

Compilation events (20 events):
Event: 2.302 Thread 0x0000028474398520 nmethod 4468 0x00000284592fbb90 code [0x00000284592fcd40, 0x00000284593077c8]
Event: 2.303 Thread 0x000002847946d280 4427       4       org.springframework.boot.context.properties.source.SystemEnvironmentPropertyMapper::isLegacyAncestorOf (34 bytes)
Event: 2.323 Thread 0x000002847438fb50 nmethod 4455 0x0000028460778a10 code [0x0000028460778c20, 0x0000028460779ec8]
Event: 2.323 Thread 0x000002847438fb50 4305       4       org.springframework.core.annotation.MergedAnnotations::from (11 bytes)
Event: 2.335 Thread 0x000002847438fb50 nmethod 4305 0x000002846077a990 code [0x000002846077ab80, 0x000002846077b350]
Event: 2.335 Thread 0x000002847438fb50 4308       4       org.springframework.core.annotation.MergedAnnotations::from (41 bytes)
Event: 2.345 Thread 0x000002847438fb50 nmethod 4308 0x000002846077bb10 code [0x000002846077bd00, 0x000002846077c550]
Event: 2.345 Thread 0x000002847438fb50 4341       4       org.springframework.core.annotation.TypeMappedAnnotations::from (27 bytes)
Event: 2.353 Thread 0x0000028474398520 4470       1       java.util.jar.JarFile$JarFileEntry::getName (5 bytes)
Event: 2.353 Thread 0x000002847438fb50 nmethod 4341 0x000002846077cc90 code [0x000002846077ce60, 0x000002846077d4b0]
Event: 2.353 Thread 0x000002847438fb50 4342       4       org.springframework.core.annotation.AnnotationsScanner::isKnownEmpty (62 bytes)
Event: 2.353 Thread 0x0000028474398520 nmethod 4470 0x000002846077da90 code [0x000002846077dc20, 0x000002846077dcf8]
Event: 2.360 Thread 0x000002847438fb50 nmethod 4342 0x000002846077dd90 code [0x000002846077df60, 0x000002846077e450]
Event: 2.360 Thread 0x000002847438fb50 4428       4       java.util.ArrayDeque::peek (5 bytes)
Event: 2.361 Thread 0x000002847438fb50 nmethod 4428 0x000002846077e910 code [0x000002846077ea80, 0x000002846077eb58]
Event: 2.361 Thread 0x000002847438fb50 4452       4       org.springframework.core.BridgeMethodResolver::resolveBridgeMethod (180 bytes)
Event: 2.404 Thread 0x0000028474398520 4471       3       java.util.zip.ZipFile$ZipEntryIterator::hasNext (17 bytes)
Event: 2.404 Thread 0x00000284744e8a40 4472       3       jdk.internal.loader.URLClassPath$1::next (59 bytes)
Event: 2.404 Thread 0x0000028474398520 nmethod 4471 0x000002845930be10 code [0x000002845930bfa0, 0x000002845930c118]
Event: 2.404 Thread 0x00000284744e8a40 nmethod 4472 0x000002845930c190 code [0x000002845930c360, 0x000002845930c7b8]

GC Heap History (12 events):
Event: 0.514 GC heap before
{Heap before GC invocations=0 (full 0):
 garbage-first heap   total 249856K, used 20480K [0x000000070c000000, 0x0000000800000000)
  region size 2048K, 11 young (22528K), 0 survivors (0K)
 Metaspace       used 7250K, committed 7424K, reserved 1114112K
  class space    used 799K, committed 896K, reserved 1048576K
}
Event: 0.518 GC heap after
{Heap after GC invocations=1 (full 0):
 garbage-first heap   total 249856K, used 7535K [0x000000070c000000, 0x0000000800000000)
  region size 2048K, 2 young (4096K), 2 survivors (4096K)
 Metaspace       used 7250K, committed 7424K, reserved 1114112K
  class space    used 799K, committed 896K, reserved 1048576K
}
Event: 0.795 GC heap before
{Heap before GC invocations=1 (full 0):
 garbage-first heap   total 249856K, used 30063K [0x000000070c000000, 0x0000000800000000)
  region size 2048K, 13 young (26624K), 2 survivors (4096K)
 Metaspace       used 12046K, committed 12416K, reserved 1114112K
  class space    used 1479K, committed 1664K, reserved 1048576K
}
Event: 0.800 GC heap after
{Heap after GC invocations=2 (full 0):
 garbage-first heap   total 249856K, used 9479K [0x000000070c000000, 0x0000000800000000)
  region size 2048K, 1 young (2048K), 1 survivors (2048K)
 Metaspace       used 12046K, committed 12416K, reserved 1114112K
  class space    used 1479K, committed 1664K, reserved 1048576K
}
Event: 1.151 GC heap before
{Heap before GC invocations=2 (full 0):
 garbage-first heap   total 249856K, used 52487K [0x000000070c000000, 0x0000000800000000)
  region size 2048K, 24 young (49152K), 1 survivors (2048K)
 Metaspace       used 21250K, committed 21504K, reserved 1114112K
  class space    used 2588K, committed 2688K, reserved 1048576K
}
Event: 1.154 GC heap after
{Heap after GC invocations=3 (full 0):
 garbage-first heap   total 249856K, used 13320K [0x000000070c000000, 0x0000000800000000)
  region size 2048K, 3 young (6144K), 3 survivors (6144K)
 Metaspace       used 21250K, committed 21504K, reserved 1114112K
  class space    used 2588K, committed 2688K, reserved 1048576K
}
Event: 1.488 GC heap before
{Heap before GC invocations=4 (full 0):
 garbage-first heap   total 55296K, used 37896K [0x000000070c000000, 0x0000000800000000)
  region size 2048K, 16 young (32768K), 3 survivors (6144K)
 Metaspace       used 23809K, committed 24064K, reserved 1114112K
  class space    used 2908K, committed 3008K, reserved 1048576K
}
Event: 1.494 GC heap after
{Heap after GC invocations=5 (full 0):
 garbage-first heap   total 55296K, used 14679K [0x000000070c000000, 0x0000000800000000)
  region size 2048K, 1 young (2048K), 1 survivors (2048K)
 Metaspace       used 23809K, committed 24064K, reserved 1114112K
  class space    used 2908K, committed 3008K, reserved 1048576K
}
Event: 1.526 GC heap before
{Heap before GC invocations=5 (full 0):
 garbage-first heap   total 55296K, used 16727K [0x000000070c000000, 0x0000000800000000)
  region size 2048K, 2 young (4096K), 1 survivors (2048K)
 Metaspace       used 24131K, committed 24448K, reserved 1114112K
  class space    used 2946K, committed 3072K, reserved 1048576K
}
Event: 1.531 GC heap after
{Heap after GC invocations=6 (full 0):
 garbage-first heap   total 55296K, used 14815K [0x000000070c000000, 0x0000000800000000)
  region size 2048K, 1 young (2048K), 1 survivors (2048K)
 Metaspace       used 24131K, committed 24448K, reserved 1114112K
  class space    used 2946K, committed 3072K, reserved 1048576K
}
Event: 1.808 GC heap before
{Heap before GC invocations=6 (full 0):
 garbage-first heap   total 55296K, used 35295K [0x000000070c000000, 0x0000000800000000)
  region size 2048K, 11 young (22528K), 1 survivors (2048K)
 Metaspace       used 27270K, committed 27648K, reserved 1114112K
  class space    used 3408K, committed 3584K, reserved 1048576K
}
Event: 1.813 GC heap after
{Heap after GC invocations=7 (full 0):
 garbage-first heap   total 153600K, used 16228K [0x000000070c000000, 0x0000000800000000)
  region size 2048K, 1 young (2048K), 1 survivors (2048K)
 Metaspace       used 27270K, committed 27648K, reserved 1114112K
  class space    used 3408K, committed 3584K, reserved 1048576K
}

Deoptimization events (20 events):
Event: 2.407 Thread 0x00000284510aa5e0 DEOPT PACKING pc=0x00000284606bcf54 sp=0x000000f6cbefd350
Event: 2.407 Thread 0x00000284510aa5e0 DEOPT UNPACKING pc=0x000002845fdd2b43 sp=0x000000f6cbefc7e0 mode 1
Event: 2.407 Thread 0x00000284510aa5e0 DEOPT PACKING pc=0x0000028458b671f4 sp=0x000000f6cbefc8f0
Event: 2.407 Thread 0x00000284510aa5e0 DEOPT UNPACKING pc=0x000002845fdd2b43 sp=0x000000f6cbefbd88 mode 1
Event: 2.407 Thread 0x00000284510aa5e0 DEOPT PACKING pc=0x0000028458b65adc sp=0x000000f6cbefc9c0
Event: 2.407 Thread 0x00000284510aa5e0 DEOPT UNPACKING pc=0x000002845fdd2b43 sp=0x000000f6cbefbe78 mode 1
Event: 2.407 Thread 0x00000284510aa5e0 DEOPT PACKING pc=0x00000284606bcf54 sp=0x000000f6cbefd350
Event: 2.407 Thread 0x00000284510aa5e0 DEOPT UNPACKING pc=0x000002845fdd2b43 sp=0x000000f6cbefc7e0 mode 1
Event: 2.411 Thread 0x00000284510aa5e0 DEOPT PACKING pc=0x0000028458b671f4 sp=0x000000f6cbefcf30
Event: 2.411 Thread 0x00000284510aa5e0 DEOPT UNPACKING pc=0x000002845fdd2b43 sp=0x000000f6cbefc3c8 mode 1
Event: 2.411 Thread 0x00000284510aa5e0 DEOPT PACKING pc=0x0000028458b65adc sp=0x000000f6cbefd000
Event: 2.411 Thread 0x00000284510aa5e0 DEOPT UNPACKING pc=0x000002845fdd2b43 sp=0x000000f6cbefc4b8 mode 1
Event: 2.411 Thread 0x00000284510aa5e0 DEOPT PACKING pc=0x00000284606bcf54 sp=0x000000f6cbefd990
Event: 2.411 Thread 0x00000284510aa5e0 DEOPT UNPACKING pc=0x000002845fdd2b43 sp=0x000000f6cbefce20 mode 1
Event: 2.411 Thread 0x00000284510aa5e0 DEOPT PACKING pc=0x0000028458b671f4 sp=0x000000f6cbefcf30
Event: 2.411 Thread 0x00000284510aa5e0 DEOPT UNPACKING pc=0x000002845fdd2b43 sp=0x000000f6cbefc3c8 mode 1
Event: 2.411 Thread 0x00000284510aa5e0 DEOPT PACKING pc=0x0000028458b65adc sp=0x000000f6cbefd000
Event: 2.411 Thread 0x00000284510aa5e0 DEOPT UNPACKING pc=0x000002845fdd2b43 sp=0x000000f6cbefc4b8 mode 1
Event: 2.411 Thread 0x00000284510aa5e0 DEOPT PACKING pc=0x00000284606bcf54 sp=0x000000f6cbefd990
Event: 2.411 Thread 0x00000284510aa5e0 DEOPT UNPACKING pc=0x000002845fdd2b43 sp=0x000000f6cbefce20 mode 1

Classes unloaded (0 events):
No events

Classes redefined (0 events):
No events

Internal exceptions (20 events):
Event: 1.873 Thread 0x00000284510aa5e0 Exception <a 'java/lang/NoSuchMethodError'{0x000000071801a430}: 'void java.lang.invoke.DirectMethodHandle$Holder.invokeInterface(java.lang.Object, java.lang.Object, int)'> (0x000000071801a430) 
thrown [s\open\src\hotspot\share\interpreter\linkResolver.cpp, line 759]
Event: 1.877 Thread 0x00000284510aa5e0 Exception <a 'java/lang/IncompatibleClassChangeError'{0x000000071806a4e8}: Found class java.lang.Object, but interface was expected> (0x000000071806a4e8) 
thrown [s\open\src\hotspot\share\interpreter\linkResolver.cpp, line 826]
Event: 1.878 Thread 0x00000284510aa5e0 Exception <a 'java/lang/NoSuchMethodError'{0x000000071808d928}: 'void java.lang.invoke.DirectMethodHandle$Holder.invokeStatic(java.lang.Object, int, java.lang.Object)'> (0x000000071808d928) 
thrown [s\open\src\hotspot\share\interpreter\linkResolver.cpp, line 759]
Event: 1.881 Thread 0x00000284510aa5e0 Exception <a 'java/lang/NoSuchMethodError'{0x00000007180ca460}: 'void java.lang.invoke.DirectMethodHandle$Holder.invokeVirtual(java.lang.Object, java.lang.Object, int)'> (0x00000007180ca460) 
thrown [s\open\src\hotspot\share\interpreter\linkResolver.cpp, line 759]
Event: 1.882 Thread 0x00000284510aa5e0 Exception <a 'java/lang/NoSuchMethodError'{0x00000007180d06a8}: 'void java.lang.invoke.DirectMethodHandle$Holder.invokeStatic(java.lang.Object, java.lang.Object, java.lang.Object, int, java.lang.Object)'> (0x00000007180d06a8) 
thrown [s\open\src\hotspot\share\interpreter\linkResolver.cpp, line 759]
Event: 1.882 Thread 0x00000284510aa5e0 Exception <a 'java/lang/NoSuchMethodError'{0x00000007180d7bb0}: 'java.lang.Object java.lang.invoke.DirectMethodHandle$Holder.newInvokeSpecial(java.lang.Object, java.lang.Object, java.lang.Object, int)'> (0x00000007180d7bb0) 
thrown [s\open\src\hotspot\share\interpreter\linkResolver.cpp, line 759]
Event: 1.882 Thread 0x00000284510aa5e0 Exception <a 'java/lang/NoSuchMethodError'{0x00000007180dbe98}: 'java.lang.Object java.lang.invoke.DirectMethodHandle$Holder.invokeSpecial(java.lang.Object, java.lang.Object, java.lang.Object, java.lang.Object, int)'> (0x00000007180dbe98) 
thrown [s\open\src\hotspot\share\interpreter\linkResolver.cpp, line 759]
Event: 1.882 Thread 0x00000284510aa5e0 Exception <a 'java/lang/NoSuchMethodError'{0x00000007180dfa60}: 'java.lang.Object java.lang.invoke.Invokers$Holder.linkToTargetMethod(java.lang.Object, java.lang.Object, int, java.lang.Object)'> (0x00000007180dfa60) 
thrown [s\open\src\hotspot\share\interpreter\linkResolver.cpp, line 759]
Event: 2.042 Thread 0x00000284510aa5e0 Exception <a 'java/io/FileNotFoundException'{0x00000007147ac7c0}> (0x00000007147ac7c0) 
thrown [s\open\src\hotspot\share\prims\jni.cpp, line 516]
Event: 2.043 Thread 0x00000284510aa5e0 Exception <a 'java/io/FileNotFoundException'{0x00000007147adeb0}> (0x00000007147adeb0) 
thrown [s\open\src\hotspot\share\prims\jni.cpp, line 516]
Event: 2.043 Thread 0x00000284510aa5e0 Exception <a 'java/io/FileNotFoundException'{0x00000007147af0d8}> (0x00000007147af0d8) 
thrown [s\open\src\hotspot\share\prims\jni.cpp, line 516]
Event: 2.066 Thread 0x00000284510aa5e0 Exception <a 'java/lang/NoSuchMethodError'{0x000000071458bd80}: 'int java.lang.invoke.DirectMethodHandle$Holder.invokeInterface(java.lang.Object, java.lang.Object, java.lang.Object, java.lang.Object)'> (0x000000071458bd80) 
thrown [s\open\src\hotspot\share\interpreter\linkResolver.cpp, line 759]
Event: 2.112 Thread 0x00000284510aa5e0 Exception <a 'java/lang/NoSuchMethodError'{0x00000007140ed328}: 'long java.lang.invoke.DirectMethodHandle$Holder.invokeVirtual(java.lang.Object, java.lang.Object)'> (0x00000007140ed328) 
thrown [s\open\src\hotspot\share\interpreter\linkResolver.cpp, line 759]
Event: 2.212 Thread 0x00000284510aa5e0 Implicit null exception at 0x000002846073fdc6 to 0x0000028460740788
Event: 2.214 Thread 0x00000284510aa5e0 Implicit null exception at 0x000002846073e19d to 0x000002846073e920
Event: 2.233 Thread 0x00000284510aa5e0 Implicit null exception at 0x00000284607213a6 to 0x0000028460728848
Event: 2.267 Thread 0x00000284510aa5e0 Implicit null exception at 0x000002846067b353 to 0x000002846067b74c
Event: 2.271 Thread 0x00000284510aa5e0 Exception <a 'sun/nio/fs/WindowsException'{0x00000007137fd2a8}> (0x00000007137fd2a8) 
thrown [s\open\src\hotspot\share\prims\jni.cpp, line 516]
Event: 2.274 Thread 0x00000284510aa5e0 Exception <a 'sun/nio/fs/WindowsException'{0x000000071341baf0}> (0x000000071341baf0) 
thrown [s\open\src\hotspot\share\prims\jni.cpp, line 516]
Event: 2.316 Thread 0x00000284510aa5e0 Exception <a 'java/lang/NoSuchMethodError'{0x00000007135a0760}: 'java.lang.Object java.lang.invoke.Invokers$Holder.invoke_MT(java.lang.Object, java.lang.Object, java.lang.Object)'> (0x00000007135a0760) 
thrown [s\open\src\hotspot\share\interpreter\linkResolver.cpp, line 759]

VM Operations (20 events):
Event: 1.990 Executing VM operation: HandshakeAllThreads
Event: 1.990 Executing VM operation: HandshakeAllThreads done
Event: 2.022 Executing VM operation: HandshakeAllThreads
Event: 2.022 Executing VM operation: HandshakeAllThreads done
Event: 2.036 Executing VM operation: HandshakeAllThreads
Event: 2.036 Executing VM operation: HandshakeAllThreads done
Event: 2.089 Executing VM operation: ICBufferFull
Event: 2.089 Executing VM operation: ICBufferFull done
Event: 2.090 Executing VM operation: HandshakeAllThreads
Event: 2.090 Executing VM operation: HandshakeAllThreads done
Event: 2.091 Executing VM operation: HandshakeAllThreads
Event: 2.091 Executing VM operation: HandshakeAllThreads done
Event: 2.119 Executing VM operation: HandshakeAllThreads
Event: 2.119 Executing VM operation: HandshakeAllThreads done
Event: 2.152 Executing VM operation: HandshakeAllThreads
Event: 2.152 Executing VM operation: HandshakeAllThreads done
Event: 2.171 Executing VM operation: HandshakeAllThreads
Event: 2.171 Executing VM operation: HandshakeAllThreads done
Event: 2.382 Executing VM operation: HandshakeAllThreads
Event: 2.382 Executing VM operation: HandshakeAllThreads done

Events (20 events):
Event: 2.185 loading class java/util/Base64
Event: 2.186 loading class java/util/Base64 done
Event: 2.186 loading class java/util/Base64$Decoder
Event: 2.186 loading class java/util/Base64$Decoder done
Event: 2.186 loading class java/util/Base64$Encoder
Event: 2.186 loading class java/util/Base64$Encoder done
Event: 2.186 loading class java/util/jar/JarVerifier$VerifierStream
Event: 2.187 loading class java/util/jar/JarVerifier$VerifierStream done
Event: 2.187 loading class sun/security/util/ManifestEntryVerifier$SunProviderHolder
Event: 2.187 loading class sun/security/util/ManifestEntryVerifier$SunProviderHolder done
Event: 2.202 loading class java/util/ResourceBundle$Control$1
Event: 2.202 loading class java/util/ResourceBundle$Control$1 done
Event: 2.207 loading class java/net/SocketImplFactory
Event: 2.207 loading class java/net/SocketImplFactory done
Event: 2.222 Thread 0x0000028442c4aba0 Thread added: 0x0000028442c4aba0
Event: 2.222 Thread 0x000002847e2d1fa0 Thread added: 0x000002847e2d1fa0
Event: 2.256 loading class javax/naming/Referenceable
Event: 2.256 loading class javax/naming/Referenceable done
Event: 2.281 loading class java/lang/instrument/ClassFileTransformer
Event: 2.281 loading class java/lang/instrument/ClassFileTransformer done


Dynamic libraries:
0x00007ff71e550000 - 0x00007ff71e560000 	C:\Program Files\Java\jdk-17\bin\java.exe
0x00007ffaae450000 - 0x00007ffaae667000 	C:\WINDOWS\SYSTEM32\ntdll.dll
0x00007ffaadc20000 - 0x00007ffaadce4000 	C:\WINDOWS\System32\KERNEL32.DLL
0x00007ffaabc00000 - 0x00007ffaabfd0000 	C:\WINDOWS\System32\KERNELBASE.dll
0x00007ffaab700000 - 0x00007ffaab811000 	C:\WINDOWS\System32\ucrtbase.dll
0x00007ffaa7810000 - 0x00007ffaa7829000 	C:\Program Files\Java\jdk-17\bin\jli.dll
0x00007ffaa7830000 - 0x00007ffaa784b000 	C:\Program Files\Java\jdk-17\bin\VCRUNTIME140.dll
0x00007ffaacc60000 - 0x00007ffaacd11000 	C:\WINDOWS\System32\ADVAPI32.dll
0x00007ffaadb70000 - 0x00007ffaadc17000 	C:\WINDOWS\System32\msvcrt.dll
0x00007ffaae1b0000 - 0x00007ffaae257000 	C:\WINDOWS\System32\sechost.dll
0x00007ffaab940000 - 0x00007ffaab968000 	C:\WINDOWS\System32\bcrypt.dll
0x00007ffaad940000 - 0x00007ffaada54000 	C:\WINDOWS\System32\RPCRT4.dll
0x00007ffaac4a0000 - 0x00007ffaac64e000 	C:\WINDOWS\System32\USER32.dll
0x00007ffaab9f0000 - 0x00007ffaaba16000 	C:\WINDOWS\System32\win32u.dll
0x00007ffa9dcf0000 - 0x00007ffa9df82000 	C:\WINDOWS\WinSxS\amd64_microsoft.windows.common-controls_6595b64144ccf1df_6.0.22621.4830_none_270fe7d773858e80\COMCTL32.dll
0x00007ffaac7a0000 - 0x00007ffaac7c9000 	C:\WINDOWS\System32\GDI32.dll
0x00007ffaab820000 - 0x00007ffaab93b000 	C:\WINDOWS\System32\gdi32full.dll
0x00007ffaabae0000 - 0x00007ffaabb7a000 	C:\WINDOWS\System32\msvcp_win.dll
0x00007ffaa5380000 - 0x00007ffaa538a000 	C:\WINDOWS\SYSTEM32\VERSION.dll
0x00007ffaac360000 - 0x00007ffaac391000 	C:\WINDOWS\System32\IMM32.DLL
0x00007ffaa7da0000 - 0x00007ffaa7dac000 	C:\Program Files\Java\jdk-17\bin\vcruntime140_1.dll
0x00007ffa8e940000 - 0x00007ffa8e9ce000 	C:\Program Files\Java\jdk-17\bin\msvcp140.dll
0x00007ff9e69d0000 - 0x00007ff9e75b1000 	C:\Program Files\Java\jdk-17\bin\server\jvm.dll
0x00007ffaad0b0000 - 0x00007ffaad0b8000 	C:\WINDOWS\System32\PSAPI.DLL
0x00007ffaa28b0000 - 0x00007ffaa28e4000 	C:\WINDOWS\SYSTEM32\WINMM.dll
0x00007ffa98440000 - 0x00007ffa98449000 	C:\WINDOWS\SYSTEM32\WSOCK32.dll
0x00007ffaac720000 - 0x00007ffaac791000 	C:\WINDOWS\System32\WS2_32.dll
0x00007ffaaa740000 - 0x00007ffaaa758000 	C:\WINDOWS\SYSTEM32\kernel.appcore.dll
0x00007ffa99fa0000 - 0x00007ffa99faa000 	C:\Program Files\Java\jdk-17\bin\jimage.dll
0x00007ffaa4690000 - 0x00007ffaa48c2000 	C:\WINDOWS\SYSTEM32\DBGHELP.DLL
0x00007ffaacd20000 - 0x00007ffaad0b0000 	C:\WINDOWS\System32\combase.dll
0x00007ffaac3c0000 - 0x00007ffaac497000 	C:\WINDOWS\System32\OLEAUT32.dll
0x00007ffaa06d0000 - 0x00007ffaa0702000 	C:\WINDOWS\SYSTEM32\dbgcore.DLL
0x00007ffaab970000 - 0x00007ffaab9eb000 	C:\WINDOWS\System32\bcryptPrimitives.dll
0x00007ffa998e0000 - 0x00007ffa9991b000 	C:\Program Files\Java\jdk-17\bin\jdwp.dll
0x00007ffa99e90000 - 0x00007ffa99eb5000 	C:\Program Files\Java\jdk-17\bin\java.dll
0x00007ffa8d140000 - 0x00007ffa8d217000 	C:\Program Files\Java\jdk-17\bin\jsvml.dll
0x00007ffaad0c0000 - 0x00007ffaad938000 	C:\WINDOWS\System32\SHELL32.dll
0x00007ffaa9650000 - 0x00007ffaa9f60000 	C:\WINDOWS\SYSTEM32\windows.storage.dll
0x00007ffaa9510000 - 0x00007ffaa964f000 	C:\WINDOWS\SYSTEM32\wintypes.dll
0x00007ffaada60000 - 0x00007ffaadb6a000 	C:\WINDOWS\System32\SHCORE.dll
0x00007ffaac650000 - 0x00007ffaac6ae000 	C:\WINDOWS\System32\shlwapi.dll
0x00007ffaab630000 - 0x00007ffaab65b000 	C:\WINDOWS\SYSTEM32\profapi.dll
0x00007ffa99f10000 - 0x00007ffa99f1c000 	C:\Program Files\Java\jdk-17\bin\dt_socket.dll
0x00007ffaaa1c0000 - 0x00007ffaaa1ed000 	C:\WINDOWS\SYSTEM32\IPHLPAPI.DLL
0x00007ffaaabc0000 - 0x00007ffaaac29000 	C:\WINDOWS\system32\mswsock.dll
0x00007ffaaa1f0000 - 0x00007ffaaa2f2000 	C:\WINDOWS\SYSTEM32\DNSAPI.dll
0x00007ffaac710000 - 0x00007ffaac719000 	C:\WINDOWS\System32\NSI.dll
0x00007ffaa7dd0000 - 0x00007ffaa7dda000 	C:\Windows\System32\rasadhlp.dll
0x00007ffaa7410000 - 0x00007ffaa7493000 	C:\WINDOWS\System32\fwpuclnt.dll
0x00007ffa99800000 - 0x00007ffa99819000 	C:\Program Files\Java\jdk-17\bin\net.dll
0x00007ffaa86a0000 - 0x00007ffaa87cc000 	C:\WINDOWS\SYSTEM32\WINHTTP.dll
0x00007ffa99690000 - 0x00007ffa996a6000 	C:\Program Files\Java\jdk-17\bin\nio.dll
0x00007ffa99640000 - 0x00007ffa99658000 	C:\Program Files\Java\jdk-17\bin\zip.dll
0x00007ffa99ed0000 - 0x00007ffa99eda000 	C:\Program Files\Java\jdk-17\bin\management.dll
0x00007ffa99da0000 - 0x00007ffa99dab000 	C:\Program Files\Java\jdk-17\bin\management_ext.dll
0x00007ffa877a0000 - 0x00007ffa877b7000 	C:\WINDOWS\system32\napinsp.dll
0x00007ffa87780000 - 0x00007ffa8779b000 	C:\WINDOWS\system32\pnrpnsp.dll
0x00007ffa876a0000 - 0x00007ffa876b1000 	C:\WINDOWS\System32\winrnr.dll
0x00007ffa874f0000 - 0x00007ffa87505000 	C:\WINDOWS\system32\wshbth.dll
0x00007ffa874c0000 - 0x00007ffa874e7000 	C:\WINDOWS\system32\nlansp_c.dll
0x00007ffaaae10000 - 0x00007ffaaae2b000 	C:\WINDOWS\SYSTEM32\CRYPTSP.dll
0x00007ffaaa6a0000 - 0x00007ffaaa6d5000 	C:\WINDOWS\system32\rsaenh.dll
0x00007ffaaacb0000 - 0x00007ffaaacd8000 	C:\WINDOWS\SYSTEM32\USERENV.dll
0x00007ffaaae30000 - 0x00007ffaaae3c000 	C:\WINDOWS\SYSTEM32\CRYPTBASE.dll
0x00007ffaa7d80000 - 0x00007ffaa7d99000 	C:\WINDOWS\SYSTEM32\dhcpcsvc6.DLL
0x00007ffaa7d60000 - 0x00007ffaa7d7f000 	C:\WINDOWS\SYSTEM32\dhcpcsvc.DLL
0x00007ffa998d0000 - 0x00007ffa998de000 	C:\Program Files\Java\jdk-17\bin\sunmscapi.dll
0x00007ffaabfd0000 - 0x00007ffaac136000 	C:\WINDOWS\System32\CRYPT32.dll
0x00007ffaaafd0000 - 0x00007ffaaaffd000 	C:\WINDOWS\SYSTEM32\ncrypt.dll
0x00007ffaaaf90000 - 0x00007ffaaafc7000 	C:\WINDOWS\SYSTEM32\NTASN1.dll

dbghelp: loaded successfully - version: 4.0.5 - missing functions: none
symbol engine: initialized successfully - sym options: 0x614 - pdb path: .;C:\Program Files\Java\jdk-17\bin;C:\WINDOWS\SYSTEM32;C:\WINDOWS\WinSxS\amd64_microsoft.windows.common-controls_6595b64144ccf1df_6.0.22621.4830_none_270fe7d773858e80;C:\Program Files\Java\jdk-17\bin\server

VM Arguments:
jvm_args: -agentlib:jdwp=transport=dt_socket,server=n,suspend=y,address=localhost:51663 -Dcom.sun.management.jmxremote -Dcom.sun.management.jmxremote.port=64442 -Dcom.sun.management.jmxremote.authenticate=false -Dcom.sun.management.jmxremote.ssl=false -Dspring.jmx.enabled=true -Djava.rmi.server.hostname=localhost -Dspring.application.admin.enabled=true -Dspring.boot.project.name=thuan -XX:+ShowCodeDetailsInExceptionMessages 
java_command: com.example.thuan.ThuanApplication
java_class_path (initial): E:\SWP391_GR5_SE1812\ReadHasha_BackEnd\thuan\bin\main;E:\SWP391_GR5_SE1812\ReadHasha_BackEnd\thuan\bin\test;E:\SWP391_GR5_SE1812\ReadHasha_BackEnd\thuan\bin\default;C:\Users\ASUS\.gradle\caches\modules-2\files-2.1\org.projectlombok\lombok\1.18.24\13a394eed5c4f9efb2a6d956e2086f1d81e857d9\lombok-1.18.24.jar;C:\Users\ASUS\.gradle\caches\modules-2\files-2.1\org.springframework.boot\spring-boot-starter-web\3.4.2\cf1c8efe77dccf221acf5f0ce9cc24c718c0ca44\spring-boot-starter-web-3.4.2.jar;C:\Users\ASUS\.gradle\caches\modules-2\files-2.1\org.springframework.boot\spring-boot-starter-security\3.4.2\b3102ed745b5e71f61bb5174c6a12275f0154dbb\spring-boot-starter-security-3.4.2.jar;C:\Users\ASUS\.gradle\caches\modules-2\files-2.1\org.springframework.boot\spring-boot-starter-data-jpa\3.4.2\b65a304b493807dff48bf114135dc4aa5f267927\spring-boot-starter-data-jpa-3.4.2.jar;C:\Users\ASUS\.gradle\caches\modules-2\files-2.1\com.microsoft.sqlserver\mssql-jdbc\12.2.0.jre8\24230b89715e4a101e1f2263293a2343a710ecd1\mssql-jdbc-12.2.0.jre8.jar;C:\Users\ASUS\.gradle\caches\modules-2\files-2.1\org.springframework.security\spring-security-config\6.4.2\5ed985329eb14b1c61045160c8dcbbcab179ddd3\spring-security-config-6.4.2.jar;C:\Users\ASUS\.gradle\caches\modules-2\files-2.1\org.springframework.security\spring-security-web\6.4.2\733a3bbbdca56225676fb7f4e3f317c2075fc383\spring-security-web-6.4.2.jar;C:\Users\ASUS\.gradle\caches\modules-2\files-2.1\org.springframework.security\spring-security-core\6.4.2\51302b2af3f01eb79fdc7164a4cc3a3aa7e3b541\spring-security-core-6.4.2.jar;C:\Users\ASUS\.gradle\caches\modules-2\files-2.1\org.springframework.security\spring-security-crypto\6.4.2\a4d5bf27ca449200fc39e07de6ae016eb1ad21da\spring-security-crypto-6.4.2.jar;C:\Users\ASUS\.gradle\caches\modules-2\files-2.1\io.jsonwebtoken\jjwt-impl\0.11.5\40a599f0e8a8e4e0701596fbb15e67bfda64fdf0\jjwt-impl-0.11.5.jar;C:\Users\ASUS\.gradle\caches\modules-2\files-2.1\io.jsonwebtoken\jjwt-jackson\0.11.5\
Launcher Type: SUN_STANDARD

[Global flags]
     intx CICompilerCount                          = 12                                        {product} {ergonomic}
     uint ConcGCThreads                            = 3                                         {product} {ergonomic}
     uint G1ConcRefinementThreads                  = 13                                        {product} {ergonomic}
   size_t G1HeapRegionSize                         = 2097152                                   {product} {ergonomic}
    uintx GCDrainStackTargetSize                   = 64                                        {product} {ergonomic}
   size_t InitialHeapSize                          = 255852544                                 {product} {ergonomic}
     bool ManagementServer                         = true                                      {product} {command line}
   size_t MarkStackSize                            = 4194304                                   {product} {ergonomic}
   size_t MaxHeapSize                              = 4093640704                                {product} {ergonomic}
   size_t MaxNewSize                               = 2455764992                                {product} {ergonomic}
   size_t MinHeapDeltaBytes                        = 2097152                                   {product} {ergonomic}
   size_t MinHeapSize                              = 8388608                                   {product} {ergonomic}
    uintx NonNMethodCodeHeapSize                   = 7602480                                {pd product} {ergonomic}
    uintx NonProfiledCodeHeapSize                  = 122027880                              {pd product} {ergonomic}
    uintx ProfiledCodeHeapSize                     = 122027880                              {pd product} {ergonomic}
    uintx ReservedCodeCacheSize                    = 251658240                              {pd product} {ergonomic}
     bool SegmentedCodeCache                       = true                                      {product} {ergonomic}
     bool ShowCodeDetailsInExceptionMessages       = true                                   {manageable} {command line}
   size_t SoftMaxHeapSize                          = 4093640704                             {manageable} {ergonomic}
     bool UseCompressedClassPointers               = true                           {product lp64_product} {ergonomic}
     bool UseCompressedOops                        = true                           {product lp64_product} {ergonomic}
     bool UseG1GC                                  = true                                      {product} {ergonomic}
     bool UseLargePagesIndividualAllocation        = false                                  {pd product} {ergonomic}

Logging:
Log output configuration:
 #0: stdout all=warning uptime,level,tags
 #1: stderr all=off uptime,level,tags

Environment Variables:
PATH=C:\Program Files\Common Files\Oracle\Java\javapath;C:\Program Files (x86)\Common Files\Oracle\Java\java8path;C:\Program Files (x86)\Common Files\Oracle\Java\javapath;C:\ProgramData\Oracle\Java\javapath;C:\Windows\system32;C:\Windows;C:\Windows\System32\Wbem;C:\Windows\System32\WindowsPowerShell\v1.0\;C:\Windows\System32\OpenSSH\;C:\Program Files (x86)\NVIDIA Corporation\PhysX\Common;C:\WINDOWS\system32;C:\WINDOWS;C:\WINDOWS\System32\Wbem;C:\WINDOWS\System32\WindowsPowerShell\v1.0\;C:\WINDOWS\System32\OpenSSH\;C:\Program Files (x86)\Microsoft SQL Server\160\Tools\Binn\;C:\Program Files\Microsoft SQL Server\160\Tools\Binn\;C:\Program Files\Microsoft SQL Server\Client SDK\ODBC\170\Tools\Binn\;C:\Program Files\Microsoft SQL Server\160\DTS\Binn\;C:\Program Files (x86)\Microsoft SQL Server\160\DTS\Binn\;C:\Program Files\Azure Data Studio\bin;C:\Program Files\dotnet\;C:\Program Files\nodejs\;C:\Program Files\Git\cmd;C:\Program Files\Cloudflare\Cloudflare WARP\;C:\Program Files\NVIDIA Corporation\NVIDIA app\NvDLISR;C:\Program Files\MySQL\MySQL Shell 8.0\bin\;C:\Users\ASUS\AppData\Local\Microsoft\WindowsApps;;C:\Program Files\Azure Data Studio\bin;C:\Users\ASUS\AppData\Local\Programs\Microsoft VS Code\bin;C:\Users\ASUS\AppData\Roaming\npm
USERNAME=ASUS
LANG=en_US.UTF-8
OS=Windows_NT
PROCESSOR_IDENTIFIER=AMD64 Family 25 Model 68 Stepping 1, AuthenticAMD



---------------  S Y S T E M  ---------------

OS:
 Windows 11 , 64 bit Build 22621 (10.0.22621.4830)
OS uptime: 0 days 4:22 hours

CPU: total 16 (initial active 16) (16 cores per cpu, 2 threads per core) family 25 model 68 stepping 1 microcode 0x0, cx8, cmov, fxsr, ht, mmx, 3dnowpref, sse, sse2, sse3, ssse3, sse4a, sse4.1, sse4.2, popcnt, lzcnt, tsc, tscinvbit, avx, avx2, aes, clmul, bmi1, bmi2, adx, sha, fma, vzeroupper, clflush, clflushopt

Memory: 4k page, system-wide physical 15613M (2960M free)
TotalPageFile size 19709M (AvailPageFile size 5M)
current process WorkingSet (physical memory assigned to process): 361M, peak: 366M
current process commit charge ("private bytes"): 487M, peak: 491M

vm_info: Java HotSpot(TM) 64-Bit Server VM (17.0.9+11-LTS-201) for windows-amd64 JRE (17.0.9+11-LTS-201), built on Oct 10 2023 23:16:06 by "mach5one" with MS VC++ 17.1 (VS2022)

END.
