#
# There is insufficient memory for the Java Runtime Environment to continue.
# Native memory allocation (malloc) failed to allocate 465360 bytes for Chunk::new
# Possible reasons:
#   The system is out of physical RAM or swap space
#   The process is running with CompressedOops enabled, and the Java Heap may be blocking the growth of the native heap
# Possible solutions:
#   Reduce memory load on the system
#   Increase physical memory or swap space
#   Check if swap backing store is full
#   Decrease Java heap size (-Xmx/-Xms)
#   Decrease number of Java threads
#   Decrease Java thread stack sizes (-Xss)
#   Set larger code cache with -XX:ReservedCodeCacheSize=
#   JVM is running with Zero Based Compressed Oops mode in which the Java heap is
#     placed in the first 32GB address space. The Java Heap base address is the
#     maximum limit for the native heap growth. Please use -XX:HeapBaseMinAddress
#     to set the Java Heap base and to place the Java Heap above 32GB virtual address.
# This output file may be truncated or incomplete.
#
#  Out of Memory Error (arena.cpp:189), pid=16972, tid=30736
#
# JRE version: Java(TM) SE Runtime Environment (17.0.9+11) (build 17.0.9+11-LTS-201)
# Java VM: Java HotSpot(TM) 64-Bit Server VM (17.0.9+11-LTS-201, mixed mode, sharing, tiered, compressed oops, compressed class ptrs, g1 gc, windows-amd64)
# No core dump will be written. Minidumps are not enabled by default on client versions of Windows
#

---------------  S U M M A R Y ------------

Command Line: -XX:+ShowCodeDetailsInExceptionMessages com.example.thuan.ThuanApplication

Host: AMD Ryzen 7 6800H with Radeon Graphics         , 16 cores, 15G,  Windows 11 , 64 bit Build 22621 (10.0.22621.4830)
Time: Wed Mar 12 04:11:38 2025 SE Asia Standard Time elapsed time: 25.041009 seconds (0d 0h 0m 25s)

---------------  T H R E A D  ---------------

Current thread (0x0000028330d196e0):  JavaThread "C2 CompilerThread2" daemon [_thread_in_native, id=30736, stack(0x000000dbfa900000,0x000000dbfaa00000)]


Current CompileTask:
C2:  25041 8571       4       org.antlr.v4.runtime.atn.PredictionContext::mergeSingletons (392 bytes)

Stack: [0x000000dbfa900000,0x000000dbfaa00000]
Native frames: (J=compiled Java code, j=interpreted, Vv=VM code, C=native code)
V  [jvm.dll+0x678a4a]
V  [jvm.dll+0x7d9cfd]
V  [jvm.dll+0x7db60e]
V  [jvm.dll+0x7dbc73]
V  [jvm.dll+0x245e1f]
V  [jvm.dll+0xaaafb]
V  [jvm.dll+0xab09c]
V  [jvm.dll+0x36237e]
V  [jvm.dll+0x1bbb3a]
V  [jvm.dll+0x218287]
V  [jvm.dll+0x217561]
V  [jvm.dll+0x1a3bc0]
V  [jvm.dll+0x2272de]
V  [jvm.dll+0x22548b]
V  [jvm.dll+0x78f58c]
V  [jvm.dll+0x78998a]
V  [jvm.dll+0x677875]
C  [ucrtbase.dll+0x29333]
C  [KERNEL32.DLL+0x1259d]
C  [ntdll.dll+0x5af38]


---------------  P R O C E S S  ---------------

Threads class SMR info:
_java_thread_list=0x000002832d2d7db0, length=35, elements={
0x00000282e0aacb80, 0x00000282e0aaee20, 0x000002832600b250, 0x000002832600cb30,
0x000002832600d400, 0x000002832600dcd0, 0x0000028326011180, 0x000002832601c800,
0x0000028326020d40, 0x000002832616ad10, 0x0000028326172be0, 0x000002832814fe10,
0x000002832814eee0, 0x000002832814f3f0, 0x000002832814f900, 0x000002832814e9d0,
0x000002832e315720, 0x000002832e312480, 0x000002832e312ea0, 0x000002832e3133b0,
0x000002832e3147f0, 0x000002832e314d00, 0x000002832e316650, 0x000002832e315210,
0x000002832e311a60, 0x000002832e316b60, 0x000002832e313dd0, 0x000002832e3142e0,
0x000002832e310b30, 0x0000028330d1e690, 0x0000028330d1a6d0, 0x0000028330d196e0,
0x0000028330d1c160, 0x0000028330d1cc00, 0x0000028330d1ebe0
}

Java Threads: ( => current thread )
  0x00000282e0aacb80 JavaThread "Reference Handler" daemon [_thread_blocked, id=18808, stack(0x000000dbf9b00000,0x000000dbf9c00000)]
  0x00000282e0aaee20 JavaThread "Finalizer" daemon [_thread_blocked, id=32552, stack(0x000000dbf9c00000,0x000000dbf9d00000)]
  0x000002832600b250 JavaThread "Signal Dispatcher" daemon [_thread_blocked, id=16720, stack(0x000000dbf9d00000,0x000000dbf9e00000)]
  0x000002832600cb30 JavaThread "Attach Listener" daemon [_thread_blocked, id=28752, stack(0x000000dbf9e00000,0x000000dbf9f00000)]
  0x000002832600d400 JavaThread "Service Thread" daemon [_thread_blocked, id=27744, stack(0x000000dbf9f00000,0x000000dbfa000000)]
  0x000002832600dcd0 JavaThread "Monitor Deflation Thread" daemon [_thread_blocked, id=4168, stack(0x000000dbfa000000,0x000000dbfa100000)]
  0x0000028326011180 JavaThread "C2 CompilerThread0" daemon [_thread_in_native, id=2100, stack(0x000000dbfa100000,0x000000dbfa200000)]
  0x000002832601c800 JavaThread "C1 CompilerThread0" daemon [_thread_blocked, id=21268, stack(0x000000dbfa200000,0x000000dbfa300000)]
  0x0000028326020d40 JavaThread "Sweeper thread" daemon [_thread_blocked, id=10252, stack(0x000000dbfa300000,0x000000dbfa400000)]
  0x000002832616ad10 JavaThread "Notification Thread" daemon [_thread_blocked, id=29132, stack(0x000000dbfa600000,0x000000dbfa700000)]
  0x0000028326172be0 JavaThread "Common-Cleaner" daemon [_thread_blocked, id=15608, stack(0x000000dbfa800000,0x000000dbfa900000)]
  0x000002832814fe10 JavaThread "Catalina-utility-1" [_thread_blocked, id=3844, stack(0x000000dbfbf00000,0x000000dbfc000000)]
  0x000002832814eee0 JavaThread "Catalina-utility-2" [_thread_blocked, id=29376, stack(0x000000dbfc000000,0x000000dbfc100000)]
  0x000002832814f3f0 JavaThread "container-0" [_thread_blocked, id=12304, stack(0x000000dbfc100000,0x000000dbfc200000)]
  0x000002832814f900 JavaThread "mssql-jdbc-shared-timer-core-0" daemon [_thread_blocked, id=19508, stack(0x000000dbfc300000,0x000000dbfc400000)]
  0x000002832814e9d0 JavaThread "HikariPool-1 housekeeper" daemon [_thread_blocked, id=14764, stack(0x000000dbfc400000,0x000000dbfc500000)]
  0x000002832e315720 JavaThread "http-nio-8080-exec-1" daemon [_thread_in_Java, id=912, stack(0x000000dbfc600000,0x000000dbfc700000)]
  0x000002832e312480 JavaThread "http-nio-8080-exec-2" daemon [_thread_blocked, id=30252, stack(0x000000dbfc700000,0x000000dbfc800000)]
  0x000002832e312ea0 JavaThread "http-nio-8080-exec-3" daemon [_thread_blocked, id=26524, stack(0x000000dbfc800000,0x000000dbfc900000)]
  0x000002832e3133b0 JavaThread "http-nio-8080-exec-4" daemon [_thread_blocked, id=7544, stack(0x000000dbfc900000,0x000000dbfca00000)]
  0x000002832e3147f0 JavaThread "http-nio-8080-exec-5" daemon [_thread_blocked, id=14656, stack(0x000000dbfca00000,0x000000dbfcb00000)]
  0x000002832e314d00 JavaThread "http-nio-8080-exec-6" daemon [_thread_blocked, id=1028, stack(0x000000dbfcb00000,0x000000dbfcc00000)]
  0x000002832e316650 JavaThread "http-nio-8080-exec-7" daemon [_thread_blocked, id=31268, stack(0x000000dbfcc00000,0x000000dbfcd00000)]
  0x000002832e315210 JavaThread "http-nio-8080-exec-8" daemon [_thread_blocked, id=29200, stack(0x000000dbfcd00000,0x000000dbfce00000)]
  0x000002832e311a60 JavaThread "http-nio-8080-exec-9" daemon [_thread_blocked, id=7960, stack(0x000000dbfce00000,0x000000dbfcf00000)]
  0x000002832e316b60 JavaThread "http-nio-8080-exec-10" daemon [_thread_blocked, id=30324, stack(0x000000dbfcf00000,0x000000dbfd000000)]
  0x000002832e313dd0 JavaThread "http-nio-8080-Poller" daemon [_thread_in_native, id=9656, stack(0x000000dbfd000000,0x000000dbfd100000)]
  0x000002832e3142e0 JavaThread "http-nio-8080-Acceptor" daemon [_thread_in_native, id=24972, stack(0x000000dbfd100000,0x000000dbfd200000)]
  0x000002832e310b30 JavaThread "DestroyJavaVM" [_thread_blocked, id=19680, stack(0x000000dbf9400000,0x000000dbf9500000)]
  0x0000028330d1e690 JavaThread "C1 CompilerThread1" daemon [_thread_blocked, id=18044, stack(0x000000dbfa400000,0x000000dbfa500000)]
  0x0000028330d1a6d0 JavaThread "C2 CompilerThread1" daemon [_thread_in_native, id=12952, stack(0x000000dbfa500000,0x000000dbfa600000)]
=>0x0000028330d196e0 JavaThread "C2 CompilerThread2" daemon [_thread_in_native, id=30736, stack(0x000000dbfa900000,0x000000dbfaa00000)]
  0x0000028330d1c160 JavaThread "C2 CompilerThread3" daemon [_thread_in_native, id=21696, stack(0x000000dbfaa00000,0x000000dbfab00000)]
  0x0000028330d1cc00 JavaThread "C2 CompilerThread4" daemon [_thread_in_native, id=14616, stack(0x000000dbfb300000,0x000000dbfb400000)]
  0x0000028330d1ebe0 JavaThread "C2 CompilerThread5" daemon [_thread_in_native, id=23480, stack(0x000000dbfb400000,0x000000dbfb500000)]

Other Threads:
  0x00000282e0aa9fb0 VMThread "VM Thread" [stack: 0x000000dbf9a00000,0x000000dbf9b00000] [id=12208]
  0x00000282bdba0ac0 WatcherThread [stack: 0x000000dbfa700000,0x000000dbfa800000] [id=12864]
  0x00000282bdb7b440 GCTaskThread "GC Thread#0" [stack: 0x000000dbf9500000,0x000000dbf9600000] [id=27740]
  0x0000028326d52090 GCTaskThread "GC Thread#1" [stack: 0x000000dbfab00000,0x000000dbfac00000] [id=16088]
  0x0000028326d52350 GCTaskThread "GC Thread#2" [stack: 0x000000dbfac00000,0x000000dbfad00000] [id=26088]
  0x0000028326d52610 GCTaskThread "GC Thread#3" [stack: 0x000000dbfad00000,0x000000dbfae00000] [id=32772]
  0x0000028326c2fbd0 GCTaskThread "GC Thread#4" [stack: 0x000000dbfae00000,0x000000dbfaf00000] [id=14500]
  0x00000283270b35a0 GCTaskThread "GC Thread#5" [stack: 0x000000dbfb000000,0x000000dbfb100000] [id=1476]
  0x000002832745e400 GCTaskThread "GC Thread#6" [stack: 0x000000dbfb100000,0x000000dbfb200000] [id=19676]
  0x000002832774e210 GCTaskThread "GC Thread#7" [stack: 0x000000dbfb200000,0x000000dbfb300000] [id=28716]
  0x0000028327b7e190 GCTaskThread "GC Thread#8" [stack: 0x000000dbfb600000,0x000000dbfb700000] [id=30304]
  0x0000028328753d60 GCTaskThread "GC Thread#9" [stack: 0x000000dbfb700000,0x000000dbfb800000] [id=27916]
  0x00000283287545a0 GCTaskThread "GC Thread#10" [stack: 0x000000dbfb800000,0x000000dbfb900000] [id=31848]
  0x0000028328754020 GCTaskThread "GC Thread#11" [stack: 0x000000dbfb900000,0x000000dbfba00000] [id=21452]
  0x0000028328752fa0 GCTaskThread "GC Thread#12" [stack: 0x000000dbfba00000,0x000000dbfbb00000] [id=33260]
  0x00000282bdb8b790 ConcurrentGCThread "G1 Main Marker" [stack: 0x000000dbf9600000,0x000000dbf9700000] [id=18520]
  0x00000282bdb8d950 ConcurrentGCThread "G1 Conc#0" [stack: 0x000000dbf9700000,0x000000dbf9800000] [id=5708]
  0x0000028328752ce0 ConcurrentGCThread "G1 Conc#1" [stack: 0x000000dbfaf00000,0x000000dbfb000000] [id=33252]
  0x0000028328752a20 ConcurrentGCThread "G1 Conc#2" [stack: 0x000000dbfbb00000,0x000000dbfbc00000] [id=17348]
  0x00000282e0962270 ConcurrentGCThread "G1 Refine#0" [stack: 0x000000dbf9800000,0x000000dbf9900000] [id=30612]
  0x00000282e0963bb0 ConcurrentGCThread "G1 Service" [stack: 0x000000dbf9900000,0x000000dbf9a00000] [id=18160]

Threads with active compile tasks:
C2 CompilerThread0    25098 8544       4       org.antlr.v4.runtime.atn.ATNConfigSet::add (142 bytes)
C1 CompilerThread0    25098 8622       3       org.apache.tomcat.util.buf.MessageBytes::toBytes (145 bytes)
C1 CompilerThread1    25098 8621       3       org.apache.coyote.http11.Http11OutputBuffer::checkLengthBeforeWrite (39 bytes)
C2 CompilerThread1    25098 8543       4       org.antlr.v4.runtime.atn.ParserATNSimulator::closure_ (343 bytes)
C2 CompilerThread2    25098 8571       4       org.antlr.v4.runtime.atn.PredictionContext::mergeSingletons (392 bytes)
C2 CompilerThread3    25098 8566       4       org.antlr.v4.runtime.misc.FlexibleHashMap::put (157 bytes)
C2 CompilerThread4    25099 8580       4       org.antlr.v4.runtime.atn.PredictionContext::mergeArrays (809 bytes)
C2 CompilerThread5    25099 8592       4       org.antlr.v4.runtime.atn.PredictionContext::getCachedContext (261 bytes)
C2 CompilerThread6    25099 8599       4       java.util.IdentityHashMap::put (137 bytes)

VM state: not at safepoint (normal execution)

VM Mutex/Monitor currently owned by a thread:  ([mutex/lock_event])
[0x00000282bdb06430] DirectivesStack_lock - owner thread: 0x0000000000000000

Heap address: 0x000000070c000000, size: 3904 MB, Compressed Oops mode: Zero based, Oop shift amount: 3

CDS archive(s) mapped at: [0x00000282e1000000-0x00000282e1bd0000-0x00000282e1bd0000), size 12386304, SharedBaseAddress: 0x00000282e1000000, ArchiveRelocationMode: 1.
Compressed class space mapped at: 0x00000282e2000000-0x0000028322000000, reserved size: 1073741824
Narrow klass base: 0x00000282e1000000, Narrow klass shift: 0, Narrow klass range: 0x100000000

GC Precious Log:
 CPUs: 16 total, 16 available
 Memory: 15613M
 Large Page Support: Disabled
 NUMA Support: Disabled
 Compressed Oops: Enabled (Zero based)
 Heap Region Size: 2M
 Heap Min Capacity: 8M
 Heap Initial Capacity: 244M
 Heap Max Capacity: 3904M
 Pre-touch: Disabled
 Parallel Workers: 13
 Concurrent Workers: 3
 Concurrent Refinement Workers: 13
 Periodic GC: Disabled

Heap:
 garbage-first heap   total 81920K, used 54449K [0x000000070c000000, 0x0000000800000000)
  region size 2048K, 13 young (26624K), 3 survivors (6144K)
 Metaspace       used 78598K, committed 79232K, reserved 1179648K
  class space    used 10627K, committed 10944K, reserved 1048576K

Heap Regions: E=young(eden), S=young(survivor), O=old, HS=humongous(starts), HC=humongous(continues), CS=collection set, F=free, OA=open archive, CA=closed archive, TAMS=top-at-mark-start (previous, next)
|   0|0x000000070c000000, 0x000000070c200000, 0x000000070c200000|100%| O|  |TAMS 0x000000070c200000, 0x000000070c000000| Untracked 
|   1|0x000000070c200000, 0x000000070c400000, 0x000000070c400000|100%| O|  |TAMS 0x000000070c400000, 0x000000070c200000| Untracked 
|   2|0x000000070c400000, 0x000000070c600000, 0x000000070c600000|100%| O|  |TAMS 0x000000070c600000, 0x000000070c400000| Untracked 
|   3|0x000000070c600000, 0x000000070c800000, 0x000000070c800000|100%| O|  |TAMS 0x000000070c800000, 0x000000070c600000| Untracked 
|   4|0x000000070c800000, 0x000000070ca00000, 0x000000070ca00000|100%| O|  |TAMS 0x000000070ca00000, 0x000000070c800000| Untracked 
|   5|0x000000070ca00000, 0x000000070cc00000, 0x000000070cc00000|100%| O|  |TAMS 0x000000070cc00000, 0x000000070ca00000| Untracked 
|   6|0x000000070cc00000, 0x000000070ce00000, 0x000000070ce00000|100%| O|  |TAMS 0x000000070ce00000, 0x000000070cc00000| Untracked 
|   7|0x000000070ce00000, 0x000000070d000000, 0x000000070d000000|100%| O|  |TAMS 0x000000070d000000, 0x000000070ce00000| Untracked 
|   8|0x000000070d000000, 0x000000070d200000, 0x000000070d200000|100%| O|  |TAMS 0x000000070d000000, 0x000000070d000000| Untracked 
|   9|0x000000070d200000, 0x000000070d400000, 0x000000070d400000|100%| O|  |TAMS 0x000000070d400000, 0x000000070d200000| Untracked 
|  10|0x000000070d400000, 0x000000070d600000, 0x000000070d600000|100%| O|  |TAMS 0x000000070d600000, 0x000000070d400000| Untracked 
|  11|0x000000070d600000, 0x000000070d800000, 0x000000070d800000|100%| O|  |TAMS 0x000000070d800000, 0x000000070d600000| Untracked 
|  12|0x000000070d800000, 0x000000070da00000, 0x000000070da00000|100%| O|  |TAMS 0x000000070d857200, 0x000000070d800000| Untracked 
|  13|0x000000070da00000, 0x000000070dc00000, 0x000000070dc00000|100%| O|  |TAMS 0x000000070da00000, 0x000000070da00000| Untracked 
|  14|0x000000070dc00000, 0x000000070de00000, 0x000000070de00000|100%| O|  |TAMS 0x000000070dc00000, 0x000000070dc00000| Untracked 
|  15|0x000000070de00000, 0x000000070de52600, 0x000000070e000000| 16%| O|  |TAMS 0x000000070de00000, 0x000000070de00000| Untracked 
|  16|0x000000070e000000, 0x000000070e000000, 0x000000070e200000|  0%| F|  |TAMS 0x000000070e000000, 0x000000070e000000| Untracked 
|  17|0x000000070e200000, 0x000000070e200000, 0x000000070e400000|  0%| F|  |TAMS 0x000000070e200000, 0x000000070e200000| Untracked 
|  18|0x000000070e400000, 0x000000070e400000, 0x000000070e600000|  0%| F|  |TAMS 0x000000070e400000, 0x000000070e400000| Untracked 
|  19|0x000000070e600000, 0x000000070e600000, 0x000000070e800000|  0%| F|  |TAMS 0x000000070e600000, 0x000000070e600000| Untracked 
|  20|0x000000070e800000, 0x000000070e8d9ec0, 0x000000070ea00000| 42%| S|CS|TAMS 0x000000070e800000, 0x000000070e800000| Complete 
|  21|0x000000070ea00000, 0x000000070ec00000, 0x000000070ec00000|100%| S|CS|TAMS 0x000000070ea00000, 0x000000070ea00000| Complete 
|  22|0x000000070ec00000, 0x000000070ec00000, 0x000000070ee00000|  0%| F|  |TAMS 0x000000070ec00000, 0x000000070ec00000| Untracked 
|  23|0x000000070ee00000, 0x000000070f000000, 0x000000070f000000|100%| S|CS|TAMS 0x000000070ee00000, 0x000000070ee00000| Complete 
|  24|0x000000070f000000, 0x000000070f000000, 0x000000070f200000|  0%| F|  |TAMS 0x000000070f000000, 0x000000070f000000| Untracked 
|  25|0x000000070f200000, 0x000000070f200000, 0x000000070f400000|  0%| F|  |TAMS 0x000000070f200000, 0x000000070f200000| Untracked 
|  26|0x000000070f400000, 0x000000070f400000, 0x000000070f600000|  0%| F|  |TAMS 0x000000070f400000, 0x000000070f400000| Untracked 
|  27|0x000000070f600000, 0x000000070f600000, 0x000000070f800000|  0%| F|  |TAMS 0x000000070f600000, 0x000000070f600000| Untracked 
|  28|0x000000070f800000, 0x000000070f800000, 0x000000070fa00000|  0%| F|  |TAMS 0x000000070f800000, 0x000000070f800000| Untracked 
|  29|0x000000070fa00000, 0x000000070fa00000, 0x000000070fc00000|  0%| F|  |TAMS 0x000000070fa00000, 0x000000070fa00000| Untracked 
|  30|0x000000070fc00000, 0x000000070fcb8cb0, 0x000000070fe00000| 36%| E|  |TAMS 0x000000070fc00000, 0x000000070fc00000| Complete 
|  31|0x000000070fe00000, 0x0000000710000000, 0x0000000710000000|100%| E|CS|TAMS 0x000000070fe00000, 0x000000070fe00000| Complete 
|  32|0x0000000710000000, 0x0000000710200000, 0x0000000710200000|100%| E|CS|TAMS 0x0000000710000000, 0x0000000710000000| Complete 
|  33|0x0000000710200000, 0x0000000710400000, 0x0000000710400000|100%| E|CS|TAMS 0x0000000710200000, 0x0000000710200000| Complete 
|  34|0x0000000710400000, 0x0000000710600000, 0x0000000710600000|100%| E|CS|TAMS 0x0000000710400000, 0x0000000710400000| Complete 
|  35|0x0000000710600000, 0x0000000710800000, 0x0000000710800000|100%| E|CS|TAMS 0x0000000710600000, 0x0000000710600000| Complete 
|  44|0x0000000711800000, 0x0000000711a00000, 0x0000000711a00000|100%| E|CS|TAMS 0x0000000711800000, 0x0000000711800000| Complete 
|  45|0x0000000711a00000, 0x0000000711c00000, 0x0000000711c00000|100%| E|CS|TAMS 0x0000000711a00000, 0x0000000711a00000| Complete 
|  46|0x0000000711c00000, 0x0000000711e00000, 0x0000000711e00000|100%| E|CS|TAMS 0x0000000711c00000, 0x0000000711c00000| Complete 
| 121|0x000000071b200000, 0x000000071b400000, 0x000000071b400000|100%| E|CS|TAMS 0x000000071b200000, 0x000000071b200000| Complete 

Card table byte_map: [0x00000282d53c0000,0x00000282d5b60000] _byte_map_base: 0x00000282d1b60000

Marking Bits (Prev, Next): (CMBitMap*) 0x00000282bdb7baa0, (CMBitMap*) 0x00000282bdb7ba60
 Prev Bits: [0x00000282da000000, 0x00000282ddd00000)
 Next Bits: [0x00000282d6300000, 0x00000282da000000)

Polling page: 0x00000282bba80000

Metaspace:

Usage:
  Non-class:     66.38 MB used.
      Class:     10.38 MB used.
       Both:     76.76 MB used.

Virtual space:
  Non-class space:      128.00 MB reserved,      66.69 MB ( 52%) committed,  2 nodes.
      Class space:        1.00 GB reserved,      10.69 MB (  1%) committed,  1 nodes.
             Both:        1.12 GB reserved,      77.38 MB (  7%) committed. 

Chunk freelists:
   Non-Class:  13.34 MB
       Class:  5.36 MB
        Both:  18.70 MB

MaxMetaspaceSize: unlimited
CompressedClassSpaceSize: 1.00 GB
Initial GC threshold: 21.00 MB
Current GC threshold: 98.12 MB
CDS: on
MetaspaceReclaimPolicy: balanced
 - commit_granule_bytes: 65536.
 - commit_granule_words: 8192.
 - virtual_space_node_default_size: 8388608.
 - enlarge_chunks_in_place: 1.
 - new_chunks_are_fully_committed: 0.
 - uncommit_free_chunks: 1.
 - use_allocation_guard: 0.
 - handle_deallocations: 1.


Internal statistics:

num_allocs_failed_limit: 9.
num_arena_births: 952.
num_arena_deaths: 0.
num_vsnodes_births: 3.
num_vsnodes_deaths: 0.
num_space_committed: 1238.
num_space_uncommitted: 0.
num_chunks_returned_to_freelist: 9.
num_chunks_taken_from_freelist: 3774.
num_chunk_merges: 6.
num_chunk_splits: 2715.
num_chunks_enlarged: 2099.
num_inconsistent_stats: 0.

CodeHeap 'non-profiled nmethods': size=119168Kb used=5204Kb max_used=6158Kb free=113963Kb
 bounds [0x00000282ccf30000, 0x00000282cd540000, 0x00000282d4390000]
CodeHeap 'profiled nmethods': size=119104Kb used=14230Kb max_used=15019Kb free=104873Kb
 bounds [0x00000282c5390000, 0x00000282c6240000, 0x00000282cc7e0000]
CodeHeap 'non-nmethods': size=7488Kb used=1968Kb max_used=3193Kb free=5519Kb
 bounds [0x00000282cc7e0000, 0x00000282ccb10000, 0x00000282ccf30000]
 total_blobs=8019 nmethods=7280 adapters=649
 compilation: enabled
              stopped_count=0, restarted_count=0
 full_count=0

Compilation events (20 events):
Event: 24.978 Thread 0x0000028326011180 nmethod 8520 0x00000282ccfdc010 code [0x00000282ccfdc460, 0x00000282ccfdfa98]
Event: 24.979 Thread 0x0000028330d1e690 8565       3       org.antlr.v4.runtime.atn.ParserATNSimulator::getUniqueAlt (53 bytes)
Event: 24.979 Thread 0x0000028326011180 8544       4       org.antlr.v4.runtime.atn.ATNConfigSet::add (142 bytes)
Event: 24.979 Thread 0x0000028330d1e690 nmethod 8565 0x00000282c57a8a10 code [0x00000282c57a8c00, 0x00000282c57a94e8]
Event: 24.982 Thread 0x0000028330d1e690 8569       3       org.antlr.v4.runtime.atn.PredictionContext::mergeSingletons (392 bytes)
Event: 24.983 Thread 0x0000028330d1e690 nmethod 8569 0x00000282c5632d90 code [0x00000282c5633140, 0x00000282c56352f8]
Event: 24.983 Thread 0x0000028330d1c160 8566       4       org.antlr.v4.runtime.misc.FlexibleHashMap::put (157 bytes)
Event: 24.988 Thread 0x0000028330d196e0 nmethod 8545 0x00000282cd398990 code [0x00000282cd398bc0, 0x00000282cd399ea8]
Event: 24.988 Thread 0x0000028330d196e0 8571       4       org.antlr.v4.runtime.atn.PredictionContext::mergeSingletons (392 bytes)
Event: 25.016 Thread 0x000002832601c800 8574       3       java.util.BitSet::or (105 bytes)
Event: 25.017 Thread 0x000002832601c800 nmethod 8574 0x00000282c55c2d90 code [0x00000282c55c2f80, 0x00000282c55c34a8]
Event: 25.017 Thread 0x0000028330d1cc00 8572       4       org.antlr.v4.runtime.misc.Array2DHashSet::getOrAddImpl (146 bytes)
Event: 25.018 Thread 0x000002832601c800 8576       3       org.antlr.v4.runtime.atn.PredictionContext::mergeArrays (809 bytes)
Event: 25.018 Thread 0x0000028330d1e690 8577       3       org.antlr.v4.runtime.misc.DoubleKeyMap::get (28 bytes)
Event: 25.018 Thread 0x0000028330d1e690 nmethod 8577 0x00000282c588c690 code [0x00000282c588c860, 0x00000282c588cc98]
Event: 25.020 Thread 0x000002832601c800 nmethod 8576 0x00000282c5ded810 code [0x00000282c5dedf00, 0x00000282c5df12f8]
Event: 25.037 Thread 0x000002832601c800 8579       3       org.antlr.v4.runtime.atn.ParserATNSimulator::closure (44 bytes)
Event: 25.037 Thread 0x000002832601c800 nmethod 8579 0x00000282c5d71c90 code [0x00000282c5d71e40, 0x00000282c5d72028]
Event: 25.038 Thread 0x0000028330d1cc00 nmethod 8572 0x00000282ccfacf10 code [0x00000282ccfad140, 0x00000282ccfae5c8]
Event: 25.038 Thread 0x0000028330d1cc00 8570       4       java.util.LinkedHashMap::get (29 bytes)

GC Heap History (20 events):
Event: 2.600 GC heap before
{Heap before GC invocations=7 (full 0):
 garbage-first heap   total 155648K, used 72239K [0x000000070c000000, 0x0000000800000000)
  region size 2048K, 29 young (59392K), 1 survivors (2048K)
 Metaspace       used 35571K, committed 35968K, reserved 1114112K
  class space    used 4596K, committed 4800K, reserved 1048576K
}
Event: 2.605 GC heap after
{Heap after GC invocations=8 (full 0):
 garbage-first heap   total 155648K, used 20773K [0x000000070c000000, 0x0000000800000000)
  region size 2048K, 3 young (6144K), 3 survivors (6144K)
 Metaspace       used 35571K, committed 35968K, reserved 1114112K
  class space    used 4596K, committed 4800K, reserved 1048576K
}
Event: 3.360 GC heap before
{Heap before GC invocations=9 (full 0):
 garbage-first heap   total 81920K, used 63781K [0x000000070c000000, 0x0000000800000000)
  region size 2048K, 24 young (49152K), 3 survivors (6144K)
 Metaspace       used 47419K, committed 47872K, reserved 1114112K
  class space    used 6217K, committed 6464K, reserved 1048576K
}
Event: 3.364 GC heap after
{Heap after GC invocations=10 (full 0):
 garbage-first heap   total 81920K, used 23232K [0x000000070c000000, 0x0000000800000000)
  region size 2048K, 2 young (4096K), 2 survivors (4096K)
 Metaspace       used 47419K, committed 47872K, reserved 1114112K
  class space    used 6217K, committed 6464K, reserved 1048576K
}
Event: 3.390 GC heap before
{Heap before GC invocations=10 (full 0):
 garbage-first heap   total 81920K, used 25280K [0x000000070c000000, 0x0000000800000000)
  region size 2048K, 3 young (6144K), 2 survivors (4096K)
 Metaspace       used 47834K, committed 48320K, reserved 1114112K
  class space    used 6267K, committed 6528K, reserved 1048576K
}
Event: 3.391 GC heap after
{Heap after GC invocations=11 (full 0):
 garbage-first heap   total 81920K, used 23393K [0x000000070c000000, 0x0000000800000000)
  region size 2048K, 1 young (2048K), 1 survivors (2048K)
 Metaspace       used 47834K, committed 48320K, reserved 1114112K
  class space    used 6267K, committed 6528K, reserved 1048576K
}
Event: 3.792 GC heap before
{Heap before GC invocations=11 (full 0):
 garbage-first heap   total 81920K, used 56161K [0x000000070c000000, 0x0000000800000000)
  region size 2048K, 18 young (36864K), 1 survivors (2048K)
 Metaspace       used 55413K, committed 55936K, reserved 1114112K
  class space    used 7304K, committed 7552K, reserved 1048576K
}
Event: 3.794 GC heap after
{Heap after GC invocations=12 (full 0):
 garbage-first heap   total 81920K, used 24924K [0x000000070c000000, 0x0000000800000000)
  region size 2048K, 1 young (2048K), 1 survivors (2048K)
 Metaspace       used 55413K, committed 55936K, reserved 1114112K
  class space    used 7304K, committed 7552K, reserved 1048576K
}
Event: 4.082 GC heap before
{Heap before GC invocations=12 (full 0):
 garbage-first heap   total 81920K, used 53596K [0x000000070c000000, 0x0000000800000000)
  region size 2048K, 16 young (32768K), 1 survivors (2048K)
 Metaspace       used 59563K, committed 60096K, reserved 1114112K
  class space    used 7970K, committed 8256K, reserved 1048576K
}
Event: 4.084 GC heap after
{Heap after GC invocations=13 (full 0):
 garbage-first heap   total 81920K, used 25568K [0x000000070c000000, 0x0000000800000000)
  region size 2048K, 2 young (4096K), 2 survivors (4096K)
 Metaspace       used 59563K, committed 60096K, reserved 1114112K
  class space    used 7970K, committed 8256K, reserved 1048576K
}
Event: 4.808 GC heap before
{Heap before GC invocations=14 (full 0):
 garbage-first heap   total 81920K, used 58336K [0x000000070c000000, 0x0000000800000000)
  region size 2048K, 19 young (38912K), 2 survivors (4096K)
 Metaspace       used 64003K, committed 64576K, reserved 1114112K
  class space    used 8558K, committed 8832K, reserved 1048576K
}
Event: 4.812 GC heap after
{Heap after GC invocations=15 (full 0):
 garbage-first heap   total 81920K, used 28225K [0x000000070c000000, 0x0000000800000000)
  region size 2048K, 3 young (6144K), 3 survivors (6144K)
 Metaspace       used 64003K, committed 64576K, reserved 1114112K
  class space    used 8558K, committed 8832K, reserved 1048576K
}
Event: 5.429 GC heap before
{Heap before GC invocations=15 (full 0):
 garbage-first heap   total 81920K, used 63041K [0x000000070c000000, 0x0000000800000000)
  region size 2048K, 20 young (40960K), 3 survivors (6144K)
 Metaspace       used 68385K, committed 68992K, reserved 1114112K
  class space    used 9169K, committed 9472K, reserved 1048576K
}
Event: 5.433 GC heap after
{Heap after GC invocations=16 (full 0):
 garbage-first heap   total 81920K, used 31083K [0x000000070c000000, 0x0000000800000000)
  region size 2048K, 3 young (6144K), 3 survivors (6144K)
 Metaspace       used 68385K, committed 68992K, reserved 1114112K
  class space    used 9169K, committed 9472K, reserved 1048576K
}
Event: 8.795 GC heap before
{Heap before GC invocations=16 (full 0):
 garbage-first heap   total 81920K, used 61803K [0x000000070c000000, 0x0000000800000000)
  region size 2048K, 19 young (38912K), 3 survivors (6144K)
 Metaspace       used 73212K, committed 73856K, reserved 1114112K
  class space    used 9925K, committed 10240K, reserved 1048576K
}
Event: 8.798 GC heap after
{Heap after GC invocations=17 (full 0):
 garbage-first heap   total 81920K, used 32949K [0x000000070c000000, 0x0000000800000000)
  region size 2048K, 3 young (6144K), 3 survivors (6144K)
 Metaspace       used 73212K, committed 73856K, reserved 1114112K
  class space    used 9925K, committed 10240K, reserved 1048576K
}
Event: 9.069 GC heap before
{Heap before GC invocations=17 (full 0):
 garbage-first heap   total 81920K, used 61621K [0x000000070c000000, 0x0000000800000000)
  region size 2048K, 18 young (36864K), 3 survivors (6144K)
 Metaspace       used 77299K, committed 77952K, reserved 1179648K
  class space    used 10448K, committed 10752K, reserved 1048576K
}
Event: 9.071 GC heap after
{Heap after GC invocations=18 (full 0):
 garbage-first heap   total 81920K, used 34137K [0x000000070c000000, 0x0000000800000000)
  region size 2048K, 2 young (4096K), 2 survivors (4096K)
 Metaspace       used 77299K, committed 77952K, reserved 1179648K
  class space    used 10448K, committed 10752K, reserved 1048576K
}
Event: 25.028 GC heap before
{Heap before GC invocations=18 (full 0):
 garbage-first heap   total 81920K, used 62809K [0x000000070c000000, 0x0000000800000000)
  region size 2048K, 17 young (34816K), 2 survivors (4096K)
 Metaspace       used 78356K, committed 78976K, reserved 1179648K
  class space    used 10576K, committed 10880K, reserved 1048576K
}
Event: 25.033 GC heap after
{Heap after GC invocations=19 (full 0):
 garbage-first heap   total 81920K, used 36017K [0x000000070c000000, 0x0000000800000000)
  region size 2048K, 3 young (6144K), 3 survivors (6144K)
 Metaspace       used 78356K, committed 78976K, reserved 1179648K
  class space    used 10576K, committed 10880K, reserved 1048576K
}

Deoptimization events (20 events):
Event: 24.982 Thread 0x000002832e315720 Uncommon trap: trap_request=0xffffff45 fr.pc=0x00000282cd27a788 relative=0x00000000000032a8
Event: 24.982 Thread 0x000002832e315720 Uncommon trap: reason=unstable_if action=reinterpret pc=0x00000282cd27a788 method=org.antlr.v4.runtime.atn.EmptyPredictionContext.equals(Ljava/lang/Object;)Z @ 2 c2
Event: 24.982 Thread 0x000002832e315720 DEOPT PACKING pc=0x00000282cd27a788 sp=0x000000dbfc6f77c0
Event: 24.982 Thread 0x000002832e315720 DEOPT UNPACKING pc=0x00000282cc8323a3 sp=0x000000dbfc6f7738 mode 2
Event: 24.993 Thread 0x000002832e315720 Uncommon trap: trap_request=0xffffffd6 fr.pc=0x00000282cd399c84 relative=0x00000000000010c4
Event: 24.993 Thread 0x000002832e315720 Uncommon trap: reason=array_check action=maybe_recompile pc=0x00000282cd399c84 method=org.antlr.v4.runtime.misc.Array2DHashSet.getOrAddImpl(Ljava/lang/Object;)Ljava/lang/Object; @ 133 c2
Event: 24.993 Thread 0x000002832e315720 DEOPT PACKING pc=0x00000282cd399c84 sp=0x000000dbfc6f7c90
Event: 24.993 Thread 0x000002832e315720 DEOPT UNPACKING pc=0x00000282cc8323a3 sp=0x000000dbfc6f7c50 mode 2
Event: 24.993 Thread 0x000002832e315720 Uncommon trap: trap_request=0xffffffd6 fr.pc=0x00000282cd399c84 relative=0x00000000000010c4
Event: 24.993 Thread 0x000002832e315720 Uncommon trap: reason=array_check action=maybe_recompile pc=0x00000282cd399c84 method=org.antlr.v4.runtime.misc.Array2DHashSet.getOrAddImpl(Ljava/lang/Object;)Ljava/lang/Object; @ 133 c2
Event: 24.993 Thread 0x000002832e315720 DEOPT PACKING pc=0x00000282cd399c84 sp=0x000000dbfc6f8080
Event: 24.993 Thread 0x000002832e315720 DEOPT UNPACKING pc=0x00000282cc8323a3 sp=0x000000dbfc6f8040 mode 2
Event: 25.017 Thread 0x000002832e315720 Uncommon trap: trap_request=0xffffff45 fr.pc=0x00000282cd517444 relative=0x0000000000004c04
Event: 25.017 Thread 0x000002832e315720 Uncommon trap: reason=unstable_if action=reinterpret pc=0x00000282cd517444 method=java.util.HashMap.getNode(Ljava/lang/Object;)Ljava/util/HashMap$Node; @ 131 c2
Event: 25.017 Thread 0x000002832e315720 DEOPT PACKING pc=0x00000282cd517444 sp=0x000000dbfc6f6360
Event: 25.017 Thread 0x000002832e315720 DEOPT UNPACKING pc=0x00000282cc8323a3 sp=0x000000dbfc6f61b8 mode 2
Event: 25.017 Thread 0x000002832e315720 Uncommon trap: trap_request=0xffffff45 fr.pc=0x00000282cd521960 relative=0x0000000000000680
Event: 25.017 Thread 0x000002832e315720 Uncommon trap: reason=unstable_if action=reinterpret pc=0x00000282cd521960 method=java.util.HashMap.getNode(Ljava/lang/Object;)Ljava/util/HashMap$Node; @ 131 c2
Event: 25.017 Thread 0x000002832e315720 DEOPT PACKING pc=0x00000282cd521960 sp=0x000000dbfc6f6570
Event: 25.017 Thread 0x000002832e315720 DEOPT UNPACKING pc=0x00000282cc8323a3 sp=0x000000dbfc6f6430 mode 2

Classes unloaded (0 events):
No events

Classes redefined (0 events):
No events

Internal exceptions (20 events):
Event: 4.594 Thread 0x00000282bdb0b560 Exception <a 'java/io/FileNotFoundException'{0x000000070fa4db38}> (0x000000070fa4db38) 
thrown [s\open\src\hotspot\share\prims\jni.cpp, line 516]
Event: 4.664 Thread 0x00000282bdb0b560 Exception <a 'sun/nio/fs/WindowsException'{0x000000070f6f5da0}> (0x000000070f6f5da0) 
thrown [s\open\src\hotspot\share\prims\jni.cpp, line 516]
Event: 4.668 Thread 0x00000282bdb0b560 Exception <a 'sun/nio/fs/WindowsException'{0x000000070f7621c8}> (0x000000070f7621c8) 
thrown [s\open\src\hotspot\share\prims\jni.cpp, line 516]
Event: 5.098 Thread 0x00000282bdb0b560 Exception <a 'java/lang/IncompatibleClassChangeError'{0x000000070ff1cf88}: Found class java.lang.Object, but interface was expected> (0x000000070ff1cf88) 
thrown [s\open\src\hotspot\share\interpreter\linkResolver.cpp, line 826]
Event: 5.154 Thread 0x00000282bdb0b560 Exception <a 'java/lang/NoSuchMethodError'{0x000000070fde2b20}: 'java.lang.Object java.lang.invoke.DirectMethodHandle$Holder.invokeInterface(java.lang.Object, java.lang.Object, java.lang.Object, java.lang.Object)'> (0x000000070fde2b20) 
thrown [s\open\src\hotspot\share\interpreter\linkResolver.cpp, line 759]
Event: 5.202 Thread 0x00000282bdb0b560 Exception <a 'java/lang/NoSuchMethodError'{0x000000070f830f50}: 'void java.lang.invoke.DirectMethodHandle$Holder.invokeVirtual(java.lang.Object, java.lang.Object, long)'> (0x000000070f830f50) 
thrown [s\open\src\hotspot\share\interpreter\linkResolver.cpp, line 759]
Event: 5.255 Thread 0x00000282bdb0b560 Implicit null exception at 0x00000282cd13cc3f to 0x00000282cd13d120
Event: 5.275 Thread 0x00000282bdb0b560 Exception <a 'java/lang/NoSuchMethodError'{0x000000070f45e040}: 'java.lang.Object java.lang.invoke.Invokers$Holder.invoke_MT(java.lang.Object, java.lang.Object, java.lang.Object, java.lang.Object, java.lang.Object, java.lang.Object, java.lang.Object, java.lang.Object, java.lang.Object)'> (0x000000070f45e040) 
thrown [s\open\src\hotspot\share\interpreter\linkResolver.cpp, line 759]
Event: 5.295 Thread 0x00000282bdb0b560 Exception <a 'java/lang/IncompatibleClassChangeError'{0x000000070f52d178}: Found class java.lang.Object, but interface was expected> (0x000000070f52d178) 
thrown [s\open\src\hotspot\share\interpreter\linkResolver.cpp, line 826]
Event: 5.308 Thread 0x00000282bdb0b560 Implicit null exception at 0x00000282cd0ad5ba to 0x00000282cd0ad7ac
Event: 5.332 Thread 0x00000282bdb0b560 Exception <a 'java/lang/NoSuchMethodError'{0x000000070f315548}: 'java.lang.Object java.lang.invoke.DirectMethodHandle$Holder.invokeSpecial(java.lang.Object, java.lang.Object, java.lang.Object, java.lang.Object, java.lang.Object, java.lang.Object, java.lang.Object, java.lang.Object, java.lang.Object, java.lang.Object, java.lang.Object)'> (0x000000070f315548) 
thrown [s\open\src\hotspot\share\interpreter\linkResolver.cpp, line 759]
Event: 5.332 Thread 0x00000282bdb0b560 Exception <a 'java/lang/NoSuchMethodError'{0x000000070f319978}: 'java.lang.Object java.lang.invoke.Invokers$Holder.invoke_MT(java.lang.Object, java.lang.Object, java.lang.Object, java.lang.Object, java.lang.Object, java.lang.Object, java.lang.Object, java.lang.Object, java.lang.Object, java.lang.Object, java.lang.Object)'> (0x000000070f319978) 
thrown [s\open\src\hotspot\share\interpreter\linkResolver.cpp, line 759]
Event: 5.401 Thread 0x00000282bdb0b560 Exception <a 'java/lang/NoSuchMethodError'{0x000000070ee106a8}: 'java.lang.Object java.lang.invoke.DirectMethodHandle$Holder.newInvokeSpecial(java.lang.Object, java.lang.Object, int, java.lang.Object, java.lang.Object)'> (0x000000070ee106a8) 
thrown [s\open\src\hotspot\share\interpreter\linkResolver.cpp, line 759]
Event: 8.557 Thread 0x000002832e315720 Exception <a 'java/lang/NoSuchMethodError'{0x0000000711cae2f8}: 'java.lang.Object java.lang.invoke.DirectMethodHandle$Holder.invokeSpecial(java.lang.Object, java.lang.Object, java.lang.Object, java.lang.Object, java.lang.Object, long)'> (0x0000000711cae2f8) 
thrown [s\open\src\hotspot\share\interpreter\linkResolver.cpp, line 759]
Event: 8.557 Thread 0x000002832e315720 Exception <a 'java/lang/NoSuchMethodError'{0x0000000711cb1d38}: 'java.lang.Object java.lang.invoke.Invokers$Holder.linkToTargetMethod(java.lang.Object, java.lang.Object, java.lang.Object, long, java.lang.Object)'> (0x0000000711cb1d38) 
thrown [s\open\src\hotspot\share\interpreter\linkResolver.cpp, line 759]
Event: 8.831 Thread 0x000002832e312480 Implicit null exception at 0x00000282cd47f593 to 0x00000282cd47f6dc
Event: 8.882 Thread 0x000002832e312480 Exception <a 'java/lang/IncompatibleClassChangeError'{0x00000007119cc9e0}: Found class java.lang.Object, but interface was expected> (0x00000007119cc9e0) 
thrown [s\open\src\hotspot\share\interpreter\linkResolver.cpp, line 826]
Event: 8.937 Thread 0x000002832e312480 Exception <a 'java/lang/IncompatibleClassChangeError'{0x00000007105da838}: Found class java.lang.Object, but interface was expected> (0x00000007105da838) 
thrown [s\open\src\hotspot\share\interpreter\linkResolver.cpp, line 826]
Event: 8.940 Thread 0x000002832e312480 Exception <a 'java/lang/NoSuchMethodError'{0x000000071020cac8}: 'void java.lang.invoke.DirectMethodHandle$Holder.invokeSpecialIFC(java.lang.Object, java.lang.Object, int, java.lang.Object, java.lang.Object, java.lang.Object, java.lang.Object)'> (0x000000071020cac8) 
thrown [s\open\src\hotspot\share\interpreter\linkResolver.cpp, line 759]
Event: 8.960 Thread 0x000002832e312480 Exception <a 'java/lang/IncompatibleClassChangeError'{0x000000071030be50}: Found class java.lang.Object, but interface was expected> (0x000000071030be50) 
thrown [s\open\src\hotspot\share\interpreter\linkResolver.cpp, line 826]

VM Operations (20 events):
Event: 8.997 Executing VM operation: HandshakeAllThreads
Event: 8.997 Executing VM operation: HandshakeAllThreads done
Event: 9.021 Executing VM operation: HandshakeAllThreads
Event: 9.021 Executing VM operation: HandshakeAllThreads done
Event: 9.021 Executing VM operation: HandshakeAllThreads
Event: 9.021 Executing VM operation: HandshakeAllThreads done
Event: 9.033 Executing VM operation: HandshakeAllThreads
Event: 9.033 Executing VM operation: HandshakeAllThreads done
Event: 9.033 Executing VM operation: HandshakeAllThreads
Event: 9.033 Executing VM operation: HandshakeAllThreads done
Event: 9.055 Executing VM operation: HandshakeAllThreads
Event: 9.055 Executing VM operation: HandshakeAllThreads done
Event: 9.068 Executing VM operation: G1CollectForAllocation
Event: 9.071 Executing VM operation: G1CollectForAllocation done
Event: 10.075 Executing VM operation: Cleanup
Event: 10.075 Executing VM operation: Cleanup done
Event: 11.079 Executing VM operation: Cleanup
Event: 11.079 Executing VM operation: Cleanup done
Event: 25.028 Executing VM operation: G1CollectForAllocation
Event: 25.033 Executing VM operation: G1CollectForAllocation done

Events (20 events):
Event: 24.899 loading class java/util/concurrent/locks/ReentrantReadWriteLock$Sync$HoldCounter done
Event: 24.901 Thread 0x0000028330d1e690 Thread added: 0x0000028330d1e690
Event: 24.933 loading class java/util/zip/DeflaterOutputStream
Event: 24.933 loading class java/util/zip/DeflaterOutputStream done
Event: 24.933 loading class java/util/zip/GZIPInputStream
Event: 24.933 loading class java/util/zip/GZIPInputStream done
Event: 24.933 loading class java/util/zip/GZIPOutputStream
Event: 24.933 loading class java/util/zip/GZIPOutputStream done
Event: 24.960 loading class javax/crypto/Mac
Event: 24.961 loading class javax/crypto/Mac done
Event: 24.961 loading class com/sun/crypto/provider/HmacCore$HmacSHA512
Event: 24.961 loading class com/sun/crypto/provider/HmacCore
Event: 24.961 loading class javax/crypto/MacSpi
Event: 24.961 loading class javax/crypto/MacSpi done
Event: 24.961 loading class com/sun/crypto/provider/HmacCore done
Event: 24.961 loading class com/sun/crypto/provider/HmacCore$HmacSHA512 done
Event: 24.963 Thread 0x0000028330d1a6d0 Thread added: 0x0000028330d1a6d0
Event: 24.969 Thread 0x0000028330d196e0 Thread added: 0x0000028330d196e0
Event: 24.983 Thread 0x0000028330d1c160 Thread added: 0x0000028330d1c160
Event: 25.017 Thread 0x0000028330d1cc00 Thread added: 0x0000028330d1cc00


Dynamic libraries:
0x00007ff7734a0000 - 0x00007ff7734b0000 	C:\Program Files\Java\jdk-17\bin\java.exe
0x00007fffc38b0000 - 0x00007fffc3ac7000 	C:\WINDOWS\SYSTEM32\ntdll.dll
0x00007fffc26d0000 - 0x00007fffc2794000 	C:\WINDOWS\System32\KERNEL32.DLL
0x00007fffc0b60000 - 0x00007fffc0f30000 	C:\WINDOWS\System32\KERNELBASE.dll
0x00007fffc1220000 - 0x00007fffc1331000 	C:\WINDOWS\System32\ucrtbase.dll
0x00007fffbd090000 - 0x00007fffbd0a9000 	C:\Program Files\Java\jdk-17\bin\jli.dll
0x00007fffbd0b0000 - 0x00007fffbd0cb000 	C:\Program Files\Java\jdk-17\bin\VCRUNTIME140.dll
0x00007fffc17e0000 - 0x00007fffc1891000 	C:\WINDOWS\System32\ADVAPI32.dll
0x00007fffc2a80000 - 0x00007fffc2b27000 	C:\WINDOWS\System32\msvcrt.dll
0x00007fffc3390000 - 0x00007fffc3437000 	C:\WINDOWS\System32\sechost.dll
0x00007fffc0fb0000 - 0x00007fffc0fd8000 	C:\WINDOWS\System32\bcrypt.dll
0x00007fffc3270000 - 0x00007fffc3384000 	C:\WINDOWS\System32\RPCRT4.dll
0x00007fffc2b30000 - 0x00007fffc2cde000 	C:\WINDOWS\System32\USER32.dll
0x00007fffc0fe0000 - 0x00007fffc1006000 	C:\WINDOWS\System32\win32u.dll
0x00007fffc2870000 - 0x00007fffc2899000 	C:\WINDOWS\System32\GDI32.dll
0x00007fffb0460000 - 0x00007fffb06f2000 	C:\WINDOWS\WinSxS\amd64_microsoft.windows.common-controls_6595b64144ccf1df_6.0.22621.4830_none_270fe7d773858e80\COMCTL32.dll
0x00007fffc1480000 - 0x00007fffc159b000 	C:\WINDOWS\System32\gdi32full.dll
0x00007fffc1010000 - 0x00007fffc10aa000 	C:\WINDOWS\System32\msvcp_win.dll
0x00007fffbab60000 - 0x00007fffbab6a000 	C:\WINDOWS\SYSTEM32\VERSION.dll
0x00007fffc27a0000 - 0x00007fffc27d1000 	C:\WINDOWS\System32\IMM32.DLL
0x00007fffbd0f0000 - 0x00007fffbd0fc000 	C:\Program Files\Java\jdk-17\bin\vcruntime140_1.dll
0x00007fff9e290000 - 0x00007fff9e31e000 	C:\Program Files\Java\jdk-17\bin\msvcp140.dll
0x00007fff6e3a0000 - 0x00007fff6ef81000 	C:\Program Files\Java\jdk-17\bin\server\jvm.dll
0x00007fffc3850000 - 0x00007fffc3858000 	C:\WINDOWS\System32\PSAPI.DLL
0x00007fffb9a00000 - 0x00007fffb9a09000 	C:\WINDOWS\SYSTEM32\WSOCK32.dll
0x00007fffc1dd0000 - 0x00007fffc1e41000 	C:\WINDOWS\System32\WS2_32.dll
0x00007fffb7bd0000 - 0x00007fffb7c04000 	C:\WINDOWS\SYSTEM32\WINMM.dll
0x00007fffbfba0000 - 0x00007fffbfbb8000 	C:\WINDOWS\SYSTEM32\kernel.appcore.dll
0x00007fffbd080000 - 0x00007fffbd08a000 	C:\Program Files\Java\jdk-17\bin\jimage.dll
0x00007fffb9ec0000 - 0x00007fffba0f2000 	C:\WINDOWS\SYSTEM32\DBGHELP.DLL
0x00007fffc3440000 - 0x00007fffc37d0000 	C:\WINDOWS\System32\combase.dll
0x00007fffc1a90000 - 0x00007fffc1b67000 	C:\WINDOWS\System32\OLEAUT32.dll
0x00007fffb9390000 - 0x00007fffb93c2000 	C:\WINDOWS\SYSTEM32\dbgcore.DLL
0x00007fffc1400000 - 0x00007fffc147b000 	C:\WINDOWS\System32\bcryptPrimitives.dll
0x00007fffb5820000 - 0x00007fffb5845000 	C:\Program Files\Java\jdk-17\bin\java.dll
0x00007fff9e110000 - 0x00007fff9e1e7000 	C:\Program Files\Java\jdk-17\bin\jsvml.dll
0x00007fffc1e50000 - 0x00007fffc26c8000 	C:\WINDOWS\System32\SHELL32.dll
0x00007fffbeab0000 - 0x00007fffbf3c0000 	C:\WINDOWS\SYSTEM32\windows.storage.dll
0x00007fffbe970000 - 0x00007fffbeaaf000 	C:\WINDOWS\SYSTEM32\wintypes.dll
0x00007fffc28a0000 - 0x00007fffc29aa000 	C:\WINDOWS\System32\SHCORE.dll
0x00007fffc15d0000 - 0x00007fffc162e000 	C:\WINDOWS\System32\shlwapi.dll
0x00007fffc0a90000 - 0x00007fffc0abb000 	C:\WINDOWS\SYSTEM32\profapi.dll
0x00007fffbaf50000 - 0x00007fffbaf69000 	C:\Program Files\Java\jdk-17\bin\net.dll
0x00007fffbdb00000 - 0x00007fffbdc2c000 	C:\WINDOWS\SYSTEM32\WINHTTP.dll
0x00007fffc0020000 - 0x00007fffc008a000 	C:\WINDOWS\system32\mswsock.dll
0x00007fffbaf10000 - 0x00007fffbaf26000 	C:\Program Files\Java\jdk-17\bin\nio.dll
0x00007fffb5be0000 - 0x00007fffb5bf8000 	C:\Program Files\Java\jdk-17\bin\zip.dll
0x00007fffbcf90000 - 0x00007fffbcf9e000 	C:\Program Files\Java\jdk-17\bin\sunmscapi.dll
0x00007fffc10b0000 - 0x00007fffc1216000 	C:\WINDOWS\System32\CRYPT32.dll
0x00007fffc04a0000 - 0x00007fffc04cd000 	C:\WINDOWS\SYSTEM32\ncrypt.dll
0x00007fffc0460000 - 0x00007fffc0497000 	C:\WINDOWS\SYSTEM32\NTASN1.dll
0x00007fffc0270000 - 0x00007fffc028b000 	C:\WINDOWS\SYSTEM32\CRYPTSP.dll
0x00007fffbfb00000 - 0x00007fffbfb35000 	C:\WINDOWS\system32\rsaenh.dll
0x00007fffc0110000 - 0x00007fffc0138000 	C:\WINDOWS\SYSTEM32\USERENV.dll
0x00007fffc0290000 - 0x00007fffc029c000 	C:\WINDOWS\SYSTEM32\CRYPTBASE.dll
0x00007fffbf610000 - 0x00007fffbf63d000 	C:\WINDOWS\SYSTEM32\IPHLPAPI.DLL
0x00007fffc15a0000 - 0x00007fffc15a9000 	C:\WINDOWS\System32\NSI.dll
0x00007fffbd1f0000 - 0x00007fffbd209000 	C:\WINDOWS\SYSTEM32\dhcpcsvc6.DLL
0x00007fffbd1d0000 - 0x00007fffbd1ef000 	C:\WINDOWS\SYSTEM32\dhcpcsvc.DLL
0x00007fffbf640000 - 0x00007fffbf742000 	C:\WINDOWS\SYSTEM32\DNSAPI.dll
0x00007fffbaee0000 - 0x00007fffbaeea000 	C:\Program Files\Java\jdk-17\bin\management.dll
0x00007fffb5b20000 - 0x00007fffb5b2b000 	C:\Program Files\Java\jdk-17\bin\management_ext.dll
0x00007fffbc8c0000 - 0x00007fffbc8d0000 	C:\Program Files\Java\jdk-17\bin\verify.dll
0x00007fff9ba60000 - 0x00007fff9ba77000 	C:\WINDOWS\system32\napinsp.dll
0x00007fff9ba40000 - 0x00007fff9ba5b000 	C:\WINDOWS\system32\pnrpnsp.dll
0x00007fff9ba20000 - 0x00007fff9ba31000 	C:\WINDOWS\System32\winrnr.dll
0x00007fff9ba00000 - 0x00007fff9ba15000 	C:\WINDOWS\system32\wshbth.dll
0x00007fff9b670000 - 0x00007fff9b697000 	C:\WINDOWS\system32\nlansp_c.dll
0x00007fffbcff0000 - 0x00007fffbcffa000 	C:\Windows\System32\rasadhlp.dll
0x00007fffbce60000 - 0x00007fffbcee3000 	C:\WINDOWS\System32\fwpuclnt.dll
0x00007fffb52f0000 - 0x00007fffb52f8000 	C:\WINDOWS\system32\wshunix.dll

dbghelp: loaded successfully - version: 4.0.5 - missing functions: none
symbol engine: initialized successfully - sym options: 0x614 - pdb path: .;C:\Program Files\Java\jdk-17\bin;C:\WINDOWS\SYSTEM32;C:\WINDOWS\WinSxS\amd64_microsoft.windows.common-controls_6595b64144ccf1df_6.0.22621.4830_none_270fe7d773858e80;C:\Program Files\Java\jdk-17\bin\server

VM Arguments:
jvm_args: -XX:+ShowCodeDetailsInExceptionMessages 
java_command: com.example.thuan.ThuanApplication
java_class_path (initial): E:\SWP391_GR5_SE1812\ReadHasha_BackEnd\thuan\bin\main;E:\SWP391_GR5_SE1812\ReadHasha_BackEnd\thuan\bin\test;E:\SWP391_GR5_SE1812\ReadHasha_BackEnd\thuan\bin\default;C:\Users\ASUS\.gradle\caches\modules-2\files-2.1\org.projectlombok\lombok\1.18.24\13a394eed5c4f9efb2a6d956e2086f1d81e857d9\lombok-1.18.24.jar;C:\Users\ASUS\.gradle\caches\modules-2\files-2.1\org.springframework.boot\spring-boot-starter-web\3.4.2\cf1c8efe77dccf221acf5f0ce9cc24c718c0ca44\spring-boot-starter-web-3.4.2.jar;C:\Users\ASUS\.gradle\caches\modules-2\files-2.1\org.springframework.boot\spring-boot-starter-security\3.4.2\b3102ed745b5e71f61bb5174c6a12275f0154dbb\spring-boot-starter-security-3.4.2.jar;C:\Users\ASUS\.gradle\caches\modules-2\files-2.1\org.springframework.boot\spring-boot-starter-oauth2-resource-server\3.4.2\8ecba5fcece1409be2109ced33a3a4047f0739f7\spring-boot-starter-oauth2-resource-server-3.4.2.jar;C:\Users\ASUS\.gradle\caches\modules-2\files-2.1\org.springframework.boot\spring-boot-starter-data-jpa\3.4.2\b65a304b493807dff48bf114135dc4aa5f267927\spring-boot-starter-data-jpa-3.4.2.jar;C:\Users\ASUS\.gradle\caches\modules-2\files-2.1\com.microsoft.sqlserver\mssql-jdbc\12.2.0.jre8\24230b89715e4a101e1f2263293a2343a710ecd1\mssql-jdbc-12.2.0.jre8.jar;C:\Users\ASUS\.gradle\caches\modules-2\files-2.1\org.springframework.security\spring-security-config\6.4.2\5ed985329eb14b1c61045160c8dcbbcab179ddd3\spring-security-config-6.4.2.jar;C:\Users\ASUS\.gradle\caches\modules-2\files-2.1\org.springframework.security\spring-security-oauth2-resource-server\6.4.2\7b1d8e78f8aef21c6fda8588c6acc3b85e25771f\spring-security-oauth2-resource-server-6.4.2.jar;C:\Users\ASUS\.gradle\caches\modules-2\files-2.1\org.springframework.security\spring-security-web\6.4.2\733a3bbbdca56225676fb7f4e3f317c2075fc383\spring-security-web-6.4.2.jar;C:\Users\ASUS\.gradle\caches\modules-2\files-2.1\org.springframework.security\spring-security-oauth2-jose\6.4.2\274482eaffe0f5e7d978be7cbf7dc1817037efa5\spri
Launcher Type: SUN_STANDARD

[Global flags]
     intx CICompilerCount                          = 12                                        {product} {ergonomic}
     uint ConcGCThreads                            = 3                                         {product} {ergonomic}
     uint G1ConcRefinementThreads                  = 13                                        {product} {ergonomic}
   size_t G1HeapRegionSize                         = 2097152                                   {product} {ergonomic}
    uintx GCDrainStackTargetSize                   = 64                                        {product} {ergonomic}
   size_t InitialHeapSize                          = 255852544                                 {product} {ergonomic}
   size_t MarkStackSize                            = 4194304                                   {product} {ergonomic}
   size_t MaxHeapSize                              = 4093640704                                {product} {ergonomic}
   size_t MaxNewSize                               = 2455764992                                {product} {ergonomic}
   size_t MinHeapDeltaBytes                        = 2097152                                   {product} {ergonomic}
   size_t MinHeapSize                              = 8388608                                   {product} {ergonomic}
    uintx NonNMethodCodeHeapSize                   = 7602480                                {pd product} {ergonomic}
    uintx NonProfiledCodeHeapSize                  = 122027880                              {pd product} {ergonomic}
    uintx ProfiledCodeHeapSize                     = 122027880                              {pd product} {ergonomic}
    uintx ReservedCodeCacheSize                    = 251658240                              {pd product} {ergonomic}
     bool SegmentedCodeCache                       = true                                      {product} {ergonomic}
     bool ShowCodeDetailsInExceptionMessages       = true                                   {manageable} {command line}
   size_t SoftMaxHeapSize                          = 4093640704                             {manageable} {ergonomic}
     bool UseCompressedClassPointers               = true                           {product lp64_product} {ergonomic}
     bool UseCompressedOops                        = true                           {product lp64_product} {ergonomic}
     bool UseG1GC                                  = true                                      {product} {ergonomic}
     bool UseLargePagesIndividualAllocation        = false                                  {pd product} {ergonomic}

Logging:
Log output configuration:
 #0: stdout all=warning uptime,level,tags
 #1: stderr all=off uptime,level,tags

Environment Variables:
PATH=C:\Program Files\Common Files\Oracle\Java\javapath;C:\Program Files (x86)\Common Files\Oracle\Java\java8path;C:\Program Files (x86)\Common Files\Oracle\Java\javapath;C:\ProgramData\Oracle\Java\javapath;C:\Windows\system32;C:\Windows;C:\Windows\System32\Wbem;C:\Windows\System32\WindowsPowerShell\v1.0\;C:\Windows\System32\OpenSSH\;C:\Program Files (x86)\NVIDIA Corporation\PhysX\Common;C:\WINDOWS\system32;C:\WINDOWS;C:\WINDOWS\System32\Wbem;C:\WINDOWS\System32\WindowsPowerShell\v1.0\;C:\WINDOWS\System32\OpenSSH\;C:\Program Files (x86)\Microsoft SQL Server\160\Tools\Binn\;C:\Program Files\Microsoft SQL Server\160\Tools\Binn\;C:\Program Files\Microsoft SQL Server\Client SDK\ODBC\170\Tools\Binn\;C:\Program Files\Microsoft SQL Server\160\DTS\Binn\;C:\Program Files (x86)\Microsoft SQL Server\160\DTS\Binn\;C:\Program Files\Azure Data Studio\bin;C:\Program Files\dotnet\;C:\Program Files\nodejs\;C:\Program Files\Git\cmd;C:\Program Files\NVIDIA Corporation\NVIDIA app\NvDLISR;C:\Program Files\Cloudflare\Cloudflare WARP\;C:\Program Files\MySQL\MySQL Shell 8.0\bin\;C:\Users\ASUS\AppData\Local\Microsoft\WindowsApps;C:\Program Files\Azure Data Studio\bin;C:\Users\ASUS\AppData\Local\Programs\Microsoft VS Code\bin;C:\Users\ASUS\AppData\Roaming\npm;C:\Program Files\Git\mingw64\bin\;C:\Users\ASUS\AppData\Local\Programs\cursor\resources\app\bin
USERNAME=ASUS
LANG=en_US.UTF-8
OS=Windows_NT
PROCESSOR_IDENTIFIER=AMD64 Family 25 Model 68 Stepping 1, AuthenticAMD



---------------  S Y S T E M  ---------------

OS:
 Windows 11 , 64 bit Build 22621 (10.0.22621.4830)
OS uptime: 3 days 4:10 hours

CPU: total 16 (initial active 16) (16 cores per cpu, 2 threads per core) family 25 model 68 stepping 1 microcode 0x0, cx8, cmov, fxsr, ht, mmx, 3dnowpref, sse, sse2, sse3, ssse3, sse4a, sse4.1, sse4.2, popcnt, lzcnt, tsc, tscinvbit, avx, avx2, aes, clmul, bmi1, bmi2, adx, sha, fma, vzeroupper, clflush, clflushopt

Memory: 4k page, system-wide physical 15613M (2113M free)
TotalPageFile size 19709M (AvailPageFile size 25M)
current process WorkingSet (physical memory assigned to process): 308M, peak: 384M
current process commit charge ("private bytes"): 372M, peak: 450M

vm_info: Java HotSpot(TM) 64-Bit Server VM (17.0.9+11-LTS-201) for windows-amd64 JRE (17.0.9+11-LTS-201), built on Oct 10 2023 23:16:06 by "mach5one" with MS VC++ 17.1 (VS2022)

END.
