#
# There is insufficient memory for the Java Runtime Environment to continue.
# Native memory allocation (malloc) failed to allocate 1049680 bytes. Error detail: Chunk::new
# Possible reasons:
#   The system is out of physical RAM or swap space
#   This process is running with CompressedOops enabled, and the Java Heap may be blocking the growth of the native heap
# Possible solutions:
#   Reduce memory load on the system
#   Increase physical memory or swap space
#   Check if swap backing store is full
#   Decrease Java heap size (-Xmx/-Xms)
#   Decrease number of Java threads
#   Decrease Java thread stack sizes (-Xss)
#   Set larger code cache with -XX:ReservedCodeCacheSize=
#   JVM is running with Unscaled Compressed Oops mode in which the Java heap is
#     placed in the first 4GB address space. The Java Heap base address is the
#     maximum limit for the native heap growth. Please use -XX:HeapBaseMinAddress
#     to set the Java Heap base and to place the Java Heap above 4GB virtual address.
# This output file may be truncated or incomplete.
#
#  Out of Memory Error (arena.cpp:168), pid=26852, tid=15988
#
# JRE version: OpenJDK Runtime Environment Temurin-21.0.6+7 (21.0.6+7) (build 21.0.6+7-LTS)
# Java VM: OpenJDK 64-Bit Server VM Temurin-21.0.6+7 (21.0.6+7-LTS, mixed mode, sharing, tiered, compressed oops, compressed class ptrs, parallel gc, windows-amd64)
# No core dump will be written. Minidumps are not enabled by default on client versions of Windows
#

---------------  S U M M A R Y ------------

Command Line: --add-modules=ALL-SYSTEM --add-opens=java.base/java.util=ALL-UNNAMED --add-opens=java.base/java.lang=ALL-UNNAMED --add-opens=java.base/sun.nio.fs=ALL-UNNAMED -Declipse.application=org.eclipse.jdt.ls.core.id1 -Dosgi.bundles.defaultStartLevel=4 -Declipse.product=org.eclipse.jdt.ls.core.product -Djava.import.generatesMetadataFilesAtProjectRoot=false -DDetectVMInstallationsJob.disabled=true -Dfile.encoding=utf8 -XX:+UseParallelGC -XX:GCTimeRatio=4 -XX:AdaptiveSizePolicyWeight=90 -Dsun.zip.disableMemoryMapping=true -Xmx1G -Xms100m -Xlog:disable -javaagent:c:\Users\ASUS\.vscode\extensions\redhat.java-1.40.0-win32-x64\lombok\lombok-1.18.36.jar -XX:+HeapDumpOnOutOfMemoryError -XX:HeapDumpPath=c:\Users\ASUS\AppData\Roaming\Code\User\workspaceStorage\a26ced7fe018b66e12da886babd7af56\redhat.java -Daether.dependencyCollector.impl=bf c:\Users\ASUS\.vscode\extensions\redhat.java-1.40.0-win32-x64\server\plugins\org.eclipse.equinox.launcher_1.6.1000.v20250131-0606.jar -configuration c:\Users\ASUS\AppData\Roaming\Code\User\globalStorage\redhat.java\1.40.0\config_win -data c:\Users\ASUS\AppData\Roaming\Code\User\workspaceStorage\a26ced7fe018b66e12da886babd7af56\redhat.java\jdt_ws --pipe=\\.\pipe\lsp-9acd2e77f8ce42d0ef79ada40b95e5c0-sock

Host: AMD Ryzen 7 6800H with Radeon Graphics         , 16 cores, 15G,  Windows 11 , 64 bit Build 22621 (10.0.22621.4974)
Time: Sun Mar 16 01:25:16 2025 SE Asia Standard Time elapsed time: 49.123902 seconds (0d 0h 0m 49s)

---------------  T H R E A D  ---------------

Current thread (0x000002c069d20d80):  JavaThread "C2 CompilerThread1" daemon [_thread_in_native, id=15988, stack(0x000000cd51b00000,0x000000cd51c00000) (1024K)]


Current CompileTask:
C2:49123 14760 %s!   4       org.eclipse.jdt.internal.core.index.DiskIndex::readCategoryTable @ 260 (743 bytes)

Stack: [0x000000cd51b00000,0x000000cd51c00000]
Native frames: (J=compiled Java code, j=interpreted, Vv=VM code, C=native code)
V  [jvm.dll+0x6cdee9]
V  [jvm.dll+0x8a83d1]
V  [jvm.dll+0x8aa8fe]
V  [jvm.dll+0x8aafe3]
V  [jvm.dll+0x27f706]
V  [jvm.dll+0xc500d]
V  [jvm.dll+0xc5543]
V  [jvm.dll+0x3b678c]
V  [jvm.dll+0x1dfe13]
V  [jvm.dll+0x247b42]
V  [jvm.dll+0x246fcf]
V  [jvm.dll+0x1c75ee]
V  [jvm.dll+0x25685a]
V  [jvm.dll+0x254dfa]
V  [jvm.dll+0x3f0256]
V  [jvm.dll+0x851f8b]
V  [jvm.dll+0x6cc5ed]
C  [ucrtbase.dll+0x29333]
C  [KERNEL32.DLL+0x1259d]
C  [ntdll.dll+0x5af38]


---------------  P R O C E S S  ---------------

Threads class SMR info:
_java_thread_list=0x000002c06d7ab3e0, length=106, elements={
0x000002c04ca4c9d0, 0x000002c060e3d8c0, 0x000002c0625046e0, 0x000002c062508c80,
0x000002c062509c30, 0x000002c062511ae0, 0x000002c062515b60, 0x000002c062516650,
0x000002c062517230, 0x000002c0625ece60, 0x000002c06801ab30, 0x000002c0687724e0,
0x000002c0686ce940, 0x000002c06839b9d0, 0x000002c068843be0, 0x000002c069133500,
0x000002c069024460, 0x000002c069061ae0, 0x000002c069062170, 0x000002c069060dc0,
0x000002c069061450, 0x000002c06ad4b060, 0x000002c06ad4b6f0, 0x000002c06ad4c410,
0x000002c06ad4bd80, 0x000002c06ad4caa0, 0x000002c06ad4d130, 0x000002c06ad4de50,
0x000002c06ad49620, 0x000002c06ad4a9d0, 0x000002c06ad4d7c0, 0x000002c06ad4e4e0,
0x000002c06ad4eb70, 0x000002c06ad4ff20, 0x000002c06ad4f200, 0x000002c06ad4f890,
0x000002c06ad505b0, 0x000002c06ad50c40, 0x000002c06ad49cb0, 0x000002c06ad4a340,
0x000002c06b48caf0, 0x000002c06b490600, 0x000002c06b48f250, 0x000002c06b489d00,
0x000002c06b490c90, 0x000002c06b48a390, 0x000002c06b48ebc0, 0x000002c06b48aa20,
0x000002c06b48b0b0, 0x000002c06b48b740, 0x000002c06b48bdd0, 0x000002c06b48c460,
0x000002c07017f3e0, 0x000002c070182ef0, 0x000002c070183c10, 0x000002c0701821d0,
0x000002c07017fa70, 0x000002c070180e20, 0x000002c0701842a0, 0x000002c0701814b0,
0x000002c070180100, 0x000002c070180790, 0x000002c070181b40, 0x000002c070182860,
0x000002c070184930, 0x000002c070184fc0, 0x000002c070185650, 0x000002c070185ce0,
0x000002c07017ed50, 0x000002c070186370, 0x000002c06e7cb5e0, 0x000002c06e7ca8c0,
0x000002c06e7c87f0, 0x000002c06e7cc300, 0x000002c06e7cdd40, 0x000002c06e7c7ad0,
0x000002c06e7ca230, 0x000002c06e7cc990, 0x000002c06e7cd020, 0x000002c06e7cd6b0,
0x000002c06e7cea60, 0x000002c06e7c8160, 0x000002c06e7caf50, 0x000002c06e7c9ba0,
0x000002c07e5d8c70, 0x000002c07e5d3db0, 0x000002c07e5d3720, 0x000002c07e5d4ad0,
0x000002c07e5d57f0, 0x000002c07e5d6510, 0x000002c07e5d78c0, 0x000002c07e5d7f50,
0x000002c07e5d5e80, 0x000002c07e5d85e0, 0x000002c07e5d9300, 0x000002c07e5d3090,
0x000002c07e5d2a00, 0x000002c06f4de250, 0x000002c06f4dfc90, 0x000002c069d20d80,
0x000002c069d23d30, 0x000002c06f4e0320, 0x000002c06f4e09b0, 0x000002c06f4de8e0,
0x000002c06f4df600, 0x000002c06f4e16d0
}

Java Threads: ( => current thread )
  0x000002c04ca4c9d0 JavaThread "main"                              [_thread_blocked, id=27452, stack(0x000000cd4a700000,0x000000cd4a800000) (1024K)]
  0x000002c060e3d8c0 JavaThread "Reference Handler"          daemon [_thread_blocked, id=1276, stack(0x000000cd4ab00000,0x000000cd4ac00000) (1024K)]
  0x000002c0625046e0 JavaThread "Finalizer"                  daemon [_thread_blocked, id=11816, stack(0x000000cd4ac00000,0x000000cd4ad00000) (1024K)]
  0x000002c062508c80 JavaThread "Signal Dispatcher"          daemon [_thread_blocked, id=18488, stack(0x000000cd4ad00000,0x000000cd4ae00000) (1024K)]
  0x000002c062509c30 JavaThread "Attach Listener"            daemon [_thread_blocked, id=12124, stack(0x000000cd4ae00000,0x000000cd4af00000) (1024K)]
  0x000002c062511ae0 JavaThread "Service Thread"             daemon [_thread_blocked, id=19476, stack(0x000000cd4af00000,0x000000cd4b000000) (1024K)]
  0x000002c062515b60 JavaThread "Monitor Deflation Thread"   daemon [_thread_blocked, id=8704, stack(0x000000cd4b000000,0x000000cd4b100000) (1024K)]
  0x000002c062516650 JavaThread "C2 CompilerThread0"         daemon [_thread_blocked, id=17904, stack(0x000000cd4b100000,0x000000cd4b200000) (1024K)]
  0x000002c062517230 JavaThread "C1 CompilerThread0"         daemon [_thread_blocked, id=26904, stack(0x000000cd4b200000,0x000000cd4b300000) (1024K)]
  0x000002c0625ece60 JavaThread "Common-Cleaner"             daemon [_thread_blocked, id=8396, stack(0x000000cd4b300000,0x000000cd4b400000) (1024K)]
  0x000002c06801ab30 JavaThread "Notification Thread"        daemon [_thread_blocked, id=29744, stack(0x000000cd4b800000,0x000000cd4b900000) (1024K)]
  0x000002c0687724e0 JavaThread "Active Thread: Equinox Container: 8b8f11d1-a1d6-480e-af8a-ba7588817a4e"        [_thread_blocked, id=25804, stack(0x000000cd4c000000,0x000000cd4c100000) (1024K)]
  0x000002c0686ce940 JavaThread "Refresh Thread: Equinox Container: 8b8f11d1-a1d6-480e-af8a-ba7588817a4e" daemon [_thread_blocked, id=26020, stack(0x000000cd4bf00000,0x000000cd4c000000) (1024K)]
  0x000002c06839b9d0 JavaThread "Framework Event Dispatcher: Equinox Container: 8b8f11d1-a1d6-480e-af8a-ba7588817a4e" daemon [_thread_blocked, id=27596, stack(0x000000cd4c100000,0x000000cd4c200000) (1024K)]
  0x000002c068843be0 JavaThread "Start Level: Equinox Container: 8b8f11d1-a1d6-480e-af8a-ba7588817a4e" daemon [_thread_blocked, id=22088, stack(0x000000cd4c200000,0x000000cd4c300000) (1024K)]
  0x000002c069133500 JavaThread "Bundle File Closer"         daemon [_thread_blocked, id=25664, stack(0x000000cd4c400000,0x000000cd4c500000) (1024K)]
  0x000002c069024460 JavaThread "SCR Component Actor"        daemon [_thread_blocked, id=28388, stack(0x000000cd4c500000,0x000000cd4c600000) (1024K)]
  0x000002c069061ae0 JavaThread "Worker-JM"                         [_thread_blocked, id=21092, stack(0x000000cd4cb00000,0x000000cd4cc00000) (1024K)]
  0x000002c069062170 JavaThread "JNA Cleaner"                daemon [_thread_blocked, id=16332, stack(0x000000cd4ce00000,0x000000cd4cf00000) (1024K)]
  0x000002c069060dc0 JavaThread "Worker-0"                          [_thread_blocked, id=18220, stack(0x000000cd4cf00000,0x000000cd4d000000) (1024K)]
  0x000002c069061450 JavaThread "Worker-1"                          [_thread_blocked, id=3956, stack(0x000000cd4d000000,0x000000cd4d100000) (1024K)]
  0x000002c06ad4b060 JavaThread "Java indexing"              daemon [_thread_blocked, id=4344, stack(0x000000cd4d100000,0x000000cd4d200000) (1024K)]
  0x000002c06ad4b6f0 JavaThread "Worker-2"                          [_thread_blocked, id=5676, stack(0x000000cd4d200000,0x000000cd4d300000) (1024K)]
  0x000002c06ad4c410 JavaThread "Worker-3"                          [_thread_blocked, id=28916, stack(0x000000cd4d300000,0x000000cd4d400000) (1024K)]
  0x000002c06ad4bd80 JavaThread "Thread-2"                   daemon [_thread_in_native, id=8904, stack(0x000000cd4d400000,0x000000cd4d500000) (1024K)]
  0x000002c06ad4caa0 JavaThread "Thread-3"                   daemon [_thread_in_native, id=20200, stack(0x000000cd4d500000,0x000000cd4d600000) (1024K)]
  0x000002c06ad4d130 JavaThread "Thread-4"                   daemon [_thread_in_native, id=13036, stack(0x000000cd4d600000,0x000000cd4d700000) (1024K)]
  0x000002c06ad4de50 JavaThread "Thread-5"                   daemon [_thread_in_native, id=24324, stack(0x000000cd4d700000,0x000000cd4d800000) (1024K)]
  0x000002c06ad49620 JavaThread "Thread-6"                   daemon [_thread_in_native, id=17704, stack(0x000000cd4d800000,0x000000cd4d900000) (1024K)]
  0x000002c06ad4a9d0 JavaThread "Thread-7"                   daemon [_thread_in_native, id=26824, stack(0x000000cd4d900000,0x000000cd4da00000) (1024K)]
  0x000002c06ad4d7c0 JavaThread "Thread-8"                   daemon [_thread_in_native, id=12428, stack(0x000000cd4da00000,0x000000cd4db00000) (1024K)]
  0x000002c06ad4e4e0 JavaThread "Thread-9"                   daemon [_thread_in_native, id=13188, stack(0x000000cd4db00000,0x000000cd4dc00000) (1024K)]
  0x000002c06ad4eb70 JavaThread "Thread-10"                  daemon [_thread_in_native, id=16260, stack(0x000000cd4dc00000,0x000000cd4dd00000) (1024K)]
  0x000002c06ad4ff20 JavaThread "Thread-11"                  daemon [_thread_in_native, id=10412, stack(0x000000cd4dd00000,0x000000cd4de00000) (1024K)]
  0x000002c06ad4f200 JavaThread "Thread-12"                  daemon [_thread_in_native, id=27744, stack(0x000000cd4de00000,0x000000cd4df00000) (1024K)]
  0x000002c06ad4f890 JavaThread "Thread-13"                  daemon [_thread_in_native, id=8724, stack(0x000000cd4df00000,0x000000cd4e000000) (1024K)]
  0x000002c06ad505b0 JavaThread "Thread-14"                  daemon [_thread_in_native, id=16324, stack(0x000000cd4e000000,0x000000cd4e100000) (1024K)]
  0x000002c06ad50c40 JavaThread "Thread-15"                  daemon [_thread_in_native, id=4792, stack(0x000000cd4e100000,0x000000cd4e200000) (1024K)]
  0x000002c06ad49cb0 JavaThread "Thread-16"                  daemon [_thread_in_native, id=29532, stack(0x000000cd4e200000,0x000000cd4e300000) (1024K)]
  0x000002c06ad4a340 JavaThread "Thread-17"                  daemon [_thread_in_native, id=15004, stack(0x000000cd4e300000,0x000000cd4e400000) (1024K)]
  0x000002c06b48caf0 JavaThread "Thread-18"                  daemon [_thread_in_native, id=15752, stack(0x000000cd4e400000,0x000000cd4e500000) (1024K)]
  0x000002c06b490600 JavaThread "pool-2-thread-1"                   [_thread_blocked, id=16220, stack(0x000000cd4ea00000,0x000000cd4eb00000) (1024K)]
  0x000002c06b48f250 JavaThread "WorkspaceEventsHandler"            [_thread_blocked, id=27624, stack(0x000000cd4eb00000,0x000000cd4ec00000) (1024K)]
  0x000002c06b489d00 JavaThread "pool-1-thread-1"                   [_thread_blocked, id=16900, stack(0x000000cd4ec00000,0x000000cd4ed00000) (1024K)]
  0x000002c06b490c90 JavaThread "Worker-4: Initialize Workspace"        [_thread_blocked, id=29748, stack(0x000000cd4ed00000,0x000000cd4ee00000) (1024K)]
  0x000002c06b48a390 JavaThread "LocalFile Deleter"          daemon [_thread_blocked, id=17528, stack(0x000000cd4c700000,0x000000cd4c800000) (1024K)]
  0x000002c06b48ebc0 JavaThread "LocalFile Deleter"          daemon [_thread_blocked, id=8432, stack(0x000000cd4cc00000,0x000000cd4cd00000) (1024K)]
  0x000002c06b48aa20 JavaThread "LocalFile Deleter"          daemon [_thread_blocked, id=28888, stack(0x000000cd4cd00000,0x000000cd4ce00000) (1024K)]
  0x000002c06b48b0b0 JavaThread "LocalFile Deleter"          daemon [_thread_blocked, id=23448, stack(0x000000cd4e500000,0x000000cd4e600000) (1024K)]
  0x000002c06b48b740 JavaThread "LocalFile Deleter"          daemon [_thread_blocked, id=12112, stack(0x000000cd4e600000,0x000000cd4e700000) (1024K)]
  0x000002c06b48bdd0 JavaThread "LocalFile Deleter"          daemon [_thread_blocked, id=21600, stack(0x000000cd4e700000,0x000000cd4e800000) (1024K)]
  0x000002c06b48c460 JavaThread "LocalFile Deleter"          daemon [_thread_blocked, id=18504, stack(0x000000cd4e800000,0x000000cd4e900000) (1024K)]
  0x000002c07017f3e0 JavaThread "LocalFile Deleter"          daemon [_thread_blocked, id=2472, stack(0x000000cd4e900000,0x000000cd4ea00000) (1024K)]
  0x000002c070182ef0 JavaThread "LocalFile Deleter"          daemon [_thread_blocked, id=14956, stack(0x000000cd4ee00000,0x000000cd4ef00000) (1024K)]
  0x000002c070183c10 JavaThread "LocalFile Deleter"          daemon [_thread_blocked, id=3416, stack(0x000000cd4ef00000,0x000000cd4f000000) (1024K)]
  0x000002c0701821d0 JavaThread "LocalFile Deleter"          daemon [_thread_blocked, id=13084, stack(0x000000cd4f000000,0x000000cd4f100000) (1024K)]
  0x000002c07017fa70 JavaThread "LocalFile Deleter"          daemon [_thread_blocked, id=6120, stack(0x000000cd4f100000,0x000000cd4f200000) (1024K)]
  0x000002c070180e20 JavaThread "LocalFile Deleter"          daemon [_thread_blocked, id=28848, stack(0x000000cd4f200000,0x000000cd4f300000) (1024K)]
  0x000002c0701842a0 JavaThread "LocalFile Deleter"          daemon [_thread_blocked, id=9208, stack(0x000000cd4f300000,0x000000cd4f400000) (1024K)]
  0x000002c0701814b0 JavaThread "LocalFile Deleter"          daemon [_thread_blocked, id=27532, stack(0x000000cd4f400000,0x000000cd4f500000) (1024K)]
  0x000002c070180100 JavaThread "LocalFile Deleter"          daemon [_thread_blocked, id=30432, stack(0x000000cd4f500000,0x000000cd4f600000) (1024K)]
  0x000002c070180790 JavaThread "Compiler Source File Reader" daemon [_thread_blocked, id=13096, stack(0x000000cd4f700000,0x000000cd4f800000) (1024K)]
  0x000002c070181b40 JavaThread "Compiler Source File Reader" daemon [_thread_blocked, id=23584, stack(0x000000cd4f800000,0x000000cd4f900000) (1024K)]
  0x000002c070182860 JavaThread "Compiler Source File Reader" daemon [_thread_blocked, id=25836, stack(0x000000cd4f900000,0x000000cd4fa00000) (1024K)]
  0x000002c070184930 JavaThread "Compiler Source File Reader" daemon [_thread_blocked, id=8520, stack(0x000000cd4fa00000,0x000000cd4fb00000) (1024K)]
  0x000002c070184fc0 JavaThread "Compiler Source File Reader" daemon [_thread_blocked, id=19512, stack(0x000000cd4fb00000,0x000000cd4fc00000) (1024K)]
  0x000002c070185650 JavaThread "Compiler Source File Reader" daemon [_thread_blocked, id=7632, stack(0x000000cd4fc00000,0x000000cd4fd00000) (1024K)]
  0x000002c070185ce0 JavaThread "Compiler Source File Reader" daemon [_thread_blocked, id=22732, stack(0x000000cd4fd00000,0x000000cd4fe00000) (1024K)]
  0x000002c07017ed50 JavaThread "Compiler Source File Reader" daemon [_thread_blocked, id=4620, stack(0x000000cd4fe00000,0x000000cd4ff00000) (1024K)]
  0x000002c070186370 JavaThread "Compiler Source File Reader" daemon [_thread_blocked, id=8816, stack(0x000000cd4ff00000,0x000000cd50000000) (1024K)]
  0x000002c06e7cb5e0 JavaThread "Compiler Source File Reader" daemon [_thread_blocked, id=26640, stack(0x000000cd50000000,0x000000cd50100000) (1024K)]
  0x000002c06e7ca8c0 JavaThread "Compiler Source File Reader" daemon [_thread_blocked, id=28192, stack(0x000000cd50100000,0x000000cd50200000) (1024K)]
  0x000002c06e7c87f0 JavaThread "Compiler Source File Reader" daemon [_thread_blocked, id=15864, stack(0x000000cd50200000,0x000000cd50300000) (1024K)]
  0x000002c06e7cc300 JavaThread "Compiler Source File Reader" daemon [_thread_blocked, id=13960, stack(0x000000cd50300000,0x000000cd50400000) (1024K)]
  0x000002c06e7cdd40 JavaThread "Compiler Source File Reader" daemon [_thread_blocked, id=16836, stack(0x000000cd50400000,0x000000cd50500000) (1024K)]
  0x000002c06e7c7ad0 JavaThread "Compiler Processing Task"   daemon [_thread_blocked, id=26636, stack(0x000000cd50b00000,0x000000cd50c00000) (1024K)]
  0x000002c06e7ca230 JavaThread "Compiler Class File Writer" daemon [_thread_blocked, id=27508, stack(0x000000cd50c00000,0x000000cd50d00000) (1024K)]
  0x000002c06e7cc990 JavaThread "Compiler Class File Writer" daemon [_thread_blocked, id=25636, stack(0x000000cd50d00000,0x000000cd50e00000) (1024K)]
  0x000002c06e7cd020 JavaThread "Compiler Class File Writer" daemon [_thread_blocked, id=10060, stack(0x000000cd50e00000,0x000000cd50f00000) (1024K)]
  0x000002c06e7cd6b0 JavaThread "Compiler Class File Writer" daemon [_thread_blocked, id=26196, stack(0x000000cd50f00000,0x000000cd51000000) (1024K)]
  0x000002c06e7cea60 JavaThread "Compiler Class File Writer" daemon [_thread_blocked, id=21796, stack(0x000000cd51000000,0x000000cd51100000) (1024K)]
  0x000002c06e7c8160 JavaThread "Compiler Class File Writer" daemon [_thread_blocked, id=28264, stack(0x000000cd51100000,0x000000cd51200000) (1024K)]
  0x000002c06e7caf50 JavaThread "Compiler Class File Writer" daemon [_thread_blocked, id=8152, stack(0x000000cd51200000,0x000000cd51300000) (1024K)]
  0x000002c06e7c9ba0 JavaThread "Compiler Class File Writer" daemon [_thread_blocked, id=26948, stack(0x000000cd51300000,0x000000cd51400000) (1024K)]
  0x000002c07e5d8c70 JavaThread "Compiler Class File Writer" daemon [_thread_blocked, id=16572, stack(0x000000cd51400000,0x000000cd51500000) (1024K)]
  0x000002c07e5d3db0 JavaThread "Compiler Class File Writer" daemon [_thread_blocked, id=11752, stack(0x000000cd51500000,0x000000cd51600000) (1024K)]
  0x000002c07e5d3720 JavaThread "Compiler Class File Writer" daemon [_thread_blocked, id=30524, stack(0x000000cd51600000,0x000000cd51700000) (1024K)]
  0x000002c07e5d4ad0 JavaThread "Compiler Class File Writer" daemon [_thread_blocked, id=29780, stack(0x000000cd51700000,0x000000cd51800000) (1024K)]
  0x000002c07e5d57f0 JavaThread "Compiler Class File Writer" daemon [_thread_blocked, id=14620, stack(0x000000cd51800000,0x000000cd51900000) (1024K)]
  0x000002c07e5d6510 JavaThread "Compiler Class File Writer" daemon [_thread_blocked, id=20564, stack(0x000000cd51900000,0x000000cd51a00000) (1024K)]
  0x000002c07e5d78c0 JavaThread "Timer-0"                           [_thread_blocked, id=30584, stack(0x000000cd51a00000,0x000000cd51b00000) (1024K)]
  0x000002c07e5d7f50 JavaThread "Timer-1"                           [_thread_blocked, id=15648, stack(0x000000cd4f600000,0x000000cd4f700000) (1024K)]
  0x000002c07e5d5e80 JavaThread "Timer-2"                           [_thread_blocked, id=23504, stack(0x000000cd50500000,0x000000cd50600000) (1024K)]
  0x000002c07e5d85e0 JavaThread "Timer-3"                           [_thread_blocked, id=16920, stack(0x000000cd50600000,0x000000cd50700000) (1024K)]
  0x000002c07e5d9300 JavaThread "Timer-4"                           [_thread_blocked, id=9396, stack(0x000000cd50700000,0x000000cd50800000) (1024K)]
  0x000002c07e5d3090 JavaThread "Exec process"                      [_thread_blocked, id=5204, stack(0x000000cd51d00000,0x000000cd51e00000) (1024K)]
  0x000002c07e5d2a00 JavaThread "Exec process Thread 2"             [_thread_blocked, id=9372, stack(0x000000cd51e00000,0x000000cd51f00000) (1024K)]
  0x000002c06f4de250 JavaThread "Exec process Thread 3"             [_thread_blocked, id=29536, stack(0x000000cd51f00000,0x000000cd52000000) (1024K)]
  0x000002c06f4dfc90 JavaThread "ForkJoinPool.commonPool-worker-1" daemon [_thread_blocked, id=20160, stack(0x000000cd52100000,0x000000cd52200000) (1024K)]
=>0x000002c069d20d80 JavaThread "C2 CompilerThread1"         daemon [_thread_in_native, id=15988, stack(0x000000cd51b00000,0x000000cd51c00000) (1024K)]
  0x000002c069d23d30 JavaThread "C2 CompilerThread2"         daemon [_thread_blocked, id=8148, stack(0x000000cd52200000,0x000000cd52300000) (1024K)]
  0x000002c06f4e0320 JavaThread "Timer-5"                           [_thread_blocked, id=29132, stack(0x000000cd50800000,0x000000cd50900000) (1024K)]
  0x000002c06f4e09b0 JavaThread "Timer-6"                           [_thread_blocked, id=25696, stack(0x000000cd50900000,0x000000cd50a00000) (1024K)]
  0x000002c06f4de8e0 JavaThread "Timer-7"                           [_thread_blocked, id=18324, stack(0x000000cd52300000,0x000000cd52400000) (1024K)]
  0x000002c06f4df600 JavaThread "Connection worker"                 [_thread_in_native, id=21784, stack(0x000000cd52400000,0x000000cd52500000) (1024K)]
  0x000002c06f4e16d0 JavaThread "pool-4-thread-1"                   [_thread_blocked, id=25564, stack(0x000000cd52900000,0x000000cd52a00000) (1024K)]
Total: 106

Other Threads:
  0x000002c0625032d0 VMThread "VM Thread"                           [id=22020, stack(0x000000cd4aa00000,0x000000cd4ab00000) (1024K)]
  0x000002c04cab7aa0 WatcherThread "VM Periodic Task Thread"        [id=16560, stack(0x000000cd4a900000,0x000000cd4aa00000) (1024K)]
  0x000002c04ca6be50 WorkerThread "GC Thread#0"                     [id=7188, stack(0x000000cd4a800000,0x000000cd4a900000) (1024K)]
  0x000002c0686de4e0 WorkerThread "GC Thread#1"                     [id=1472, stack(0x000000cd4ba00000,0x000000cd4bb00000) (1024K)]
  0x000002c068b10490 WorkerThread "GC Thread#2"                     [id=27768, stack(0x000000cd4bb00000,0x000000cd4bc00000) (1024K)]
  0x000002c068b10830 WorkerThread "GC Thread#3"                     [id=9408, stack(0x000000cd4bc00000,0x000000cd4bd00000) (1024K)]
  0x000002c068b10bd0 WorkerThread "GC Thread#4"                     [id=14312, stack(0x000000cd4bd00000,0x000000cd4be00000) (1024K)]
  0x000002c068468af0 WorkerThread "GC Thread#5"                     [id=1996, stack(0x000000cd4be00000,0x000000cd4bf00000) (1024K)]
  0x000002c068888a60 WorkerThread "GC Thread#6"                     [id=17440, stack(0x000000cd4b600000,0x000000cd4b700000) (1024K)]
  0x000002c0688ca0b0 WorkerThread "GC Thread#7"                     [id=16968, stack(0x000000cd4b900000,0x000000cd4ba00000) (1024K)]
  0x000002c068aa0b00 WorkerThread "GC Thread#8"                     [id=23280, stack(0x000000cd4b700000,0x000000cd4b800000) (1024K)]
  0x000002c068aa0760 WorkerThread "GC Thread#9"                     [id=29104, stack(0x000000cd4c300000,0x000000cd4c400000) (1024K)]
  0x000002c068aa1d20 WorkerThread "GC Thread#10"                    [id=26616, stack(0x000000cd4c800000,0x000000cd4c900000) (1024K)]
  0x000002c068aa0ea0 WorkerThread "GC Thread#11"                    [id=29752, stack(0x000000cd4c900000,0x000000cd4ca00000) (1024K)]
  0x000002c068aa20c0 WorkerThread "GC Thread#12"                    [id=28104, stack(0x000000cd4ca00000,0x000000cd4cb00000) (1024K)]
Total: 15

Threads with active compile tasks:
C2 CompilerThread1  49164 14760 %s!   4       org.eclipse.jdt.internal.core.index.DiskIndex::readCategoryTable @ 260 (743 bytes)
Total: 1

VM state: not at safepoint (normal execution)

VM Mutex/Monitor currently owned by a thread: None

Heap address: 0x00000000c0000000, size: 1024 MB, Compressed Oops mode: 32-bit

CDS archive(s) mapped at: [0x000002c000000000-0x000002c000ba0000-0x000002c000ba0000), size 12189696, SharedBaseAddress: 0x000002c000000000, ArchiveRelocationMode: 1.
Compressed class space mapped at: 0x000002c001000000-0x000002c041000000, reserved size: 1073741824
Narrow klass base: 0x000002c000000000, Narrow klass shift: 0, Narrow klass range: 0x100000000

GC Precious Log:
 CardTable entry size: 512
 CPUs: 16 total, 16 available
 Memory: 15613M
 Large Page Support: Disabled
 NUMA Support: Disabled
 Compressed Oops: Enabled (32-bit)
 Alignments: Space 512K, Generation 512K, Heap 2M
 Heap Min Capacity: 100M
 Heap Initial Capacity: 100M
 Heap Max Capacity: 1G
 Pre-touch: Disabled
 Parallel Workers: 13

Heap:
 PSYoungGen      total 6144K, used 3271K [0x00000000eab00000, 0x00000000eb500000, 0x0000000100000000)
  eden space 4096K, 30% used [0x00000000eab00000,0x00000000eac354a0,0x00000000eaf00000)
  from space 2048K, 99% used [0x00000000eb300000,0x00000000eb4fc9d0,0x00000000eb500000)
  to   space 3072K, 0% used [0x00000000eb000000,0x00000000eb000000,0x00000000eb300000)
 ParOldGen       total 402944K, used 402571K [0x00000000c0000000, 0x00000000d8980000, 0x00000000eab00000)
  object space 402944K, 99% used [0x00000000c0000000,0x00000000d8922eb8,0x00000000d8980000)
 Metaspace       used 80862K, committed 82560K, reserved 1179648K
  class space    used 9272K, committed 9984K, reserved 1048576K

Card table byte_map: [0x000002c04c3f0000,0x000002c04c600000] _byte_map_base: 0x000002c04bdf0000

Marking Bits: (ParMarkBitMap*) 0x00007ffaecdd3260
 Begin Bits: [0x000002c05ec40000, 0x000002c05fc40000)
 End Bits:   [0x000002c05fc40000, 0x000002c060c40000)

Polling page: 0x000002c04a8d0000

Metaspace:

Usage:
  Non-class:     69.91 MB used.
      Class:      9.06 MB used.
       Both:     78.97 MB used.

Virtual space:
  Non-class space:      128.00 MB reserved,      70.88 MB ( 55%) committed,  2 nodes.
      Class space:        1.00 GB reserved,       9.75 MB ( <1%) committed,  1 nodes.
             Both:        1.12 GB reserved,      80.62 MB (  7%) committed. 

Chunk freelists:
   Non-Class:  8.55 MB
       Class:  6.31 MB
        Both:  14.86 MB

MaxMetaspaceSize: unlimited
CompressedClassSpaceSize: 1.00 GB
Initial GC threshold: 21.00 MB
Current GC threshold: 81.56 MB
CDS: on
 - commit_granule_bytes: 65536.
 - commit_granule_words: 8192.
 - virtual_space_node_default_size: 8388608.
 - enlarge_chunks_in_place: 1.
 - use_allocation_guard: 0.


Internal statistics:

num_allocs_failed_limit: 6.
num_arena_births: 1504.
num_arena_deaths: 14.
num_vsnodes_births: 3.
num_vsnodes_deaths: 0.
num_space_committed: 1290.
num_space_uncommitted: 0.
num_chunks_returned_to_freelist: 20.
num_chunks_taken_from_freelist: 5130.
num_chunk_merges: 12.
num_chunk_splits: 3288.
num_chunks_enlarged: 2090.
num_inconsistent_stats: 0.

CodeHeap 'non-profiled nmethods': size=119168Kb used=14963Kb max_used=14963Kb free=104204Kb
 bounds [0x000002c0577e0000, 0x000002c058680000, 0x000002c05ec40000]
CodeHeap 'profiled nmethods': size=119104Kb used=35357Kb max_used=35357Kb free=83746Kb
 bounds [0x000002c04fc40000, 0x000002c051ed0000, 0x000002c057090000]
CodeHeap 'non-nmethods': size=7488Kb used=1448Kb max_used=3256Kb free=6039Kb
 bounds [0x000002c057090000, 0x000002c0573e0000, 0x000002c0577e0000]
 total_blobs=14699 nmethods=13940 adapters=663
 compilation: enabled
              stopped_count=0, restarted_count=0
 full_count=0

Compilation events (20 events):
Event: 48.966 Thread 0x000002c062516650 14758       4       org.eclipse.jdt.internal.core.index.DiskIndex::readChunk (266 bytes)
Event: 48.967 Thread 0x000002c062517230 nmethod 14759 0x000002c051ec3510 code [0x000002c051ec3940, 0x000002c051ec5e18]
Event: 48.969 Thread 0x000002c069d23d30 nmethod 14709 0x000002c058666c90 code [0x000002c058667080, 0x000002c058669c68]
Event: 48.969 Thread 0x000002c069d23d30 14750       4       java.util.LinkedHashMap::sequencedEntrySet (31 bytes)
Event: 48.970 Thread 0x000002c069d23d30 nmethod 14750 0x000002c05866b510 code [0x000002c05866b6a0, 0x000002c05866b7e8]
Event: 48.970 Thread 0x000002c069d23d30 14747   !   4       org.eclipse.jdt.internal.core.JavaModelManager::getPerProjectInfo (62 bytes)
Event: 48.975 Thread 0x000002c069d20d80 nmethod 14754 0x000002c05866b910 code [0x000002c05866bb20, 0x000002c05866c670]
Event: 48.975 Thread 0x000002c069d20d80 14760 %s!   4       org.eclipse.jdt.internal.core.index.DiskIndex::readCategoryTable @ 260 (743 bytes)
Event: 48.976 Thread 0x000002c069d23d30 nmethod 14747 0x000002c05866cb90 code [0x000002c05866cd60, 0x000002c05866d430]
Event: 48.978 Thread 0x000002c069d23d30 14712       4       com.sun.org.apache.xerces.internal.impl.XMLEntityScanner::checkLimit (256 bytes)
Event: 48.991 Thread 0x000002c069d23d30 nmethod 14712 0x000002c05866d890 code [0x000002c05866db20, 0x000002c05866e808]
Event: 49.034 Thread 0x000002c069d23d30 14761       4       org.eclipse.jdt.internal.core.index.DiskIndex::mergeCategory (301 bytes)
Event: 49.071 Thread 0x000002c062517230 14763       1       org.eclipse.jdt.ls.core.internal.preferences.PreferenceManager::getClientPreferences (5 bytes)
Event: 49.071 Thread 0x000002c062517230 nmethod 14763 0x000002c05866f310 code [0x000002c05866f4a0, 0x000002c05866f568]
Event: 49.086 Thread 0x000002c069d23d30 nmethod 14761 0x000002c05866f610 code [0x000002c05866fa20, 0x000002c058672ca8]
Event: 49.087 Thread 0x000002c069d23d30 14762       4       org.eclipse.jdt.internal.compiler.util.HashtableOfObject::rehash (84 bytes)
Event: 49.097 Thread 0x000002c069d23d30 nmethod 14762 0x000002c058674190 code [0x000002c0586743e0, 0x000002c058674e98]
Event: 49.112 Thread 0x000002c062516650 nmethod 14758 0x000002c058675410 code [0x000002c0586758a0, 0x000002c05867ab08]
Event: 49.116 Thread 0x000002c062517230 14764       3       com.esotericsoftware.kryo.io.Input::readUtf8Length_slow (163 bytes)
Event: 49.117 Thread 0x000002c062517230 nmethod 14764 0x000002c051ec6f90 code [0x000002c051ec7180, 0x000002c051ec75f8]

GC Heap History (20 events):
Event: 47.770 GC heap before
{Heap before GC invocations=1891 (full 3):
 PSYoungGen      total 3584K, used 3456K [0x00000000eab00000, 0x00000000eb000000, 0x0000000100000000)
  eden space 3072K, 100% used [0x00000000eab00000,0x00000000eae00000,0x00000000eae00000)
  from space 512K, 75% used [0x00000000eaf80000,0x00000000eafe0000,0x00000000eb000000)
  to   space 1024K, 0% used [0x00000000eae00000,0x00000000eae00000,0x00000000eaf00000)
 ParOldGen       total 381440K, used 380991K [0x00000000c0000000, 0x00000000d7480000, 0x00000000eab00000)
  object space 381440K, 99% used [0x00000000c0000000,0x00000000d740fec8,0x00000000d7480000)
 Metaspace       used 80835K, committed 82432K, reserved 1179648K
  class space    used 9268K, committed 9984K, reserved 1048576K
}
Event: 47.772 GC heap after
{Heap after GC invocations=1891 (full 3):
 PSYoungGen      total 4096K, used 160K [0x00000000eab00000, 0x00000000eb000000, 0x0000000100000000)
  eden space 3072K, 0% used [0x00000000eab00000,0x00000000eab00000,0x00000000eae00000)
  from space 1024K, 15% used [0x00000000eae00000,0x00000000eae28000,0x00000000eaf00000)
  to   space 512K, 0% used [0x00000000eaf80000,0x00000000eaf80000,0x00000000eb000000)
 ParOldGen       total 381440K, used 381143K [0x00000000c0000000, 0x00000000d7480000, 0x00000000eab00000)
  object space 381440K, 99% used [0x00000000c0000000,0x00000000d7435ee8,0x00000000d7480000)
 Metaspace       used 80835K, committed 82432K, reserved 1179648K
  class space    used 9268K, committed 9984K, reserved 1048576K
}
Event: 47.795 GC heap before
{Heap before GC invocations=1892 (full 3):
 PSYoungGen      total 4096K, used 3232K [0x00000000eab00000, 0x00000000eb000000, 0x0000000100000000)
  eden space 3072K, 100% used [0x00000000eab00000,0x00000000eae00000,0x00000000eae00000)
  from space 1024K, 15% used [0x00000000eae00000,0x00000000eae28000,0x00000000eaf00000)
  to   space 512K, 0% used [0x00000000eaf80000,0x00000000eaf80000,0x00000000eb000000)
 ParOldGen       total 381440K, used 381143K [0x00000000c0000000, 0x00000000d7480000, 0x00000000eab00000)
  object space 381440K, 99% used [0x00000000c0000000,0x00000000d7435ee8,0x00000000d7480000)
 Metaspace       used 80835K, committed 82432K, reserved 1179648K
  class space    used 9268K, committed 9984K, reserved 1048576K
}
Event: 47.796 GC heap after
{Heap after GC invocations=1892 (full 3):
 PSYoungGen      total 3584K, used 192K [0x00000000eab00000, 0x00000000eb000000, 0x0000000100000000)
  eden space 3072K, 0% used [0x00000000eab00000,0x00000000eab00000,0x00000000eae00000)
  from space 512K, 37% used [0x00000000eaf80000,0x00000000eafb0000,0x00000000eb000000)
  to   space 512K, 0% used [0x00000000eaf00000,0x00000000eaf00000,0x00000000eaf80000)
 ParOldGen       total 381440K, used 381175K [0x00000000c0000000, 0x00000000d7480000, 0x00000000eab00000)
  object space 381440K, 99% used [0x00000000c0000000,0x00000000d743dee8,0x00000000d7480000)
 Metaspace       used 80835K, committed 82432K, reserved 1179648K
  class space    used 9268K, committed 9984K, reserved 1048576K
}
Event: 48.943 GC heap before
{Heap before GC invocations=1893 (full 3):
 PSYoungGen      total 3584K, used 3264K [0x00000000eab00000, 0x00000000eb000000, 0x0000000100000000)
  eden space 3072K, 100% used [0x00000000eab00000,0x00000000eae00000,0x00000000eae00000)
  from space 512K, 37% used [0x00000000eaf80000,0x00000000eafb0000,0x00000000eb000000)
  to   space 512K, 0% used [0x00000000eaf00000,0x00000000eaf00000,0x00000000eaf80000)
 ParOldGen       total 381440K, used 381175K [0x00000000c0000000, 0x00000000d7480000, 0x00000000eab00000)
  object space 381440K, 99% used [0x00000000c0000000,0x00000000d743dee8,0x00000000d7480000)
 Metaspace       used 80852K, committed 82560K, reserved 1179648K
  class space    used 9270K, committed 9984K, reserved 1048576K
}
Event: 48.945 GC heap after
{Heap after GC invocations=1893 (full 3):
 PSYoungGen      total 3584K, used 448K [0x00000000eab00000, 0x00000000eb000000, 0x0000000100000000)
  eden space 3072K, 0% used [0x00000000eab00000,0x00000000eab00000,0x00000000eae00000)
  from space 512K, 87% used [0x00000000eaf00000,0x00000000eaf70000,0x00000000eaf80000)
  to   space 512K, 0% used [0x00000000eaf80000,0x00000000eaf80000,0x00000000eb000000)
 ParOldGen       total 381440K, used 381183K [0x00000000c0000000, 0x00000000d7480000, 0x00000000eab00000)
  object space 381440K, 99% used [0x00000000c0000000,0x00000000d743fee8,0x00000000d7480000)
 Metaspace       used 80852K, committed 82560K, reserved 1179648K
  class space    used 9270K, committed 9984K, reserved 1048576K
}
Event: 48.967 GC heap before
{Heap before GC invocations=1894 (full 3):
 PSYoungGen      total 3584K, used 3185K [0x00000000eab00000, 0x00000000eb000000, 0x0000000100000000)
  eden space 3072K, 89% used [0x00000000eab00000,0x00000000eadac5c8,0x00000000eae00000)
  from space 512K, 87% used [0x00000000eaf00000,0x00000000eaf70000,0x00000000eaf80000)
  to   space 512K, 0% used [0x00000000eaf80000,0x00000000eaf80000,0x00000000eb000000)
 ParOldGen       total 381440K, used 381183K [0x00000000c0000000, 0x00000000d7480000, 0x00000000eab00000)
  object space 381440K, 99% used [0x00000000c0000000,0x00000000d743fee8,0x00000000d7480000)
 Metaspace       used 80862K, committed 82560K, reserved 1179648K
  class space    used 9272K, committed 9984K, reserved 1048576K
}
Event: 48.969 GC heap after
{Heap after GC invocations=1894 (full 3):
 PSYoungGen      total 3584K, used 224K [0x00000000eab00000, 0x00000000eb000000, 0x0000000100000000)
  eden space 3072K, 0% used [0x00000000eab00000,0x00000000eab00000,0x00000000eae00000)
  from space 512K, 43% used [0x00000000eaf80000,0x00000000eafb8000,0x00000000eb000000)
  to   space 512K, 0% used [0x00000000eaf00000,0x00000000eaf00000,0x00000000eaf80000)
 ParOldGen       total 381440K, used 381263K [0x00000000c0000000, 0x00000000d7480000, 0x00000000eab00000)
  object space 381440K, 99% used [0x00000000c0000000,0x00000000d7453ee8,0x00000000d7480000)
 Metaspace       used 80862K, committed 82560K, reserved 1179648K
  class space    used 9272K, committed 9984K, reserved 1048576K
}
Event: 48.976 GC heap before
{Heap before GC invocations=1895 (full 3):
 PSYoungGen      total 3584K, used 3296K [0x00000000eab00000, 0x00000000eb000000, 0x0000000100000000)
  eden space 3072K, 100% used [0x00000000eab00000,0x00000000eae00000,0x00000000eae00000)
  from space 512K, 43% used [0x00000000eaf80000,0x00000000eafb8000,0x00000000eb000000)
  to   space 512K, 0% used [0x00000000eaf00000,0x00000000eaf00000,0x00000000eaf80000)
 ParOldGen       total 381440K, used 381263K [0x00000000c0000000, 0x00000000d7480000, 0x00000000eab00000)
  object space 381440K, 99% used [0x00000000c0000000,0x00000000d7453ee8,0x00000000d7480000)
 Metaspace       used 80862K, committed 82560K, reserved 1179648K
  class space    used 9272K, committed 9984K, reserved 1048576K
}
Event: 48.978 GC heap after
{Heap after GC invocations=1895 (full 3):
 PSYoungGen      total 3584K, used 512K [0x00000000eab00000, 0x00000000eb500000, 0x0000000100000000)
  eden space 3072K, 0% used [0x00000000eab00000,0x00000000eab00000,0x00000000eae00000)
  from space 512K, 100% used [0x00000000eaf00000,0x00000000eaf80000,0x00000000eaf80000)
  to   space 3584K, 0% used [0x00000000eb180000,0x00000000eb180000,0x00000000eb500000)
 ParOldGen       total 384000K, used 383779K [0x00000000c0000000, 0x00000000d7700000, 0x00000000eab00000)
  object space 384000K, 99% used [0x00000000c0000000,0x00000000d76c8fd8,0x00000000d7700000)
 Metaspace       used 80862K, committed 82560K, reserved 1179648K
  class space    used 9272K, committed 9984K, reserved 1048576K
}
Event: 48.983 GC heap before
{Heap before GC invocations=1896 (full 3):
 PSYoungGen      total 3584K, used 3584K [0x00000000eab00000, 0x00000000eb500000, 0x0000000100000000)
  eden space 3072K, 100% used [0x00000000eab00000,0x00000000eae00000,0x00000000eae00000)
  from space 512K, 100% used [0x00000000eaf00000,0x00000000eaf80000,0x00000000eaf80000)
  to   space 3584K, 0% used [0x00000000eb180000,0x00000000eb180000,0x00000000eb500000)
 ParOldGen       total 384000K, used 383779K [0x00000000c0000000, 0x00000000d7700000, 0x00000000eab00000)
  object space 384000K, 99% used [0x00000000c0000000,0x00000000d76c8fd8,0x00000000d7700000)
 Metaspace       used 80862K, committed 82560K, reserved 1179648K
  class space    used 9272K, committed 9984K, reserved 1048576K
}
Event: 48.985 GC heap after
{Heap after GC invocations=1896 (full 3):
 PSYoungGen      total 6144K, used 2573K [0x00000000eab00000, 0x00000000eb480000, 0x0000000100000000)
  eden space 3072K, 0% used [0x00000000eab00000,0x00000000eab00000,0x00000000eae00000)
  from space 3072K, 83% used [0x00000000eb180000,0x00000000eb403510,0x00000000eb480000)
  to   space 3072K, 0% used [0x00000000eae80000,0x00000000eae80000,0x00000000eb180000)
 ParOldGen       total 384512K, used 384307K [0x00000000c0000000, 0x00000000d7780000, 0x00000000eab00000)
  object space 384512K, 99% used [0x00000000c0000000,0x00000000d774cfd8,0x00000000d7780000)
 Metaspace       used 80862K, committed 82560K, reserved 1179648K
  class space    used 9272K, committed 9984K, reserved 1048576K
}
Event: 48.993 GC heap before
{Heap before GC invocations=1897 (full 3):
 PSYoungGen      total 6144K, used 5645K [0x00000000eab00000, 0x00000000eb480000, 0x0000000100000000)
  eden space 3072K, 100% used [0x00000000eab00000,0x00000000eae00000,0x00000000eae00000)
  from space 3072K, 83% used [0x00000000eb180000,0x00000000eb403510,0x00000000eb480000)
  to   space 3072K, 0% used [0x00000000eae80000,0x00000000eae80000,0x00000000eb180000)
 ParOldGen       total 384512K, used 384307K [0x00000000c0000000, 0x00000000d7780000, 0x00000000eab00000)
  object space 384512K, 99% used [0x00000000c0000000,0x00000000d774cfd8,0x00000000d7780000)
 Metaspace       used 80862K, committed 82560K, reserved 1179648K
  class space    used 9272K, committed 9984K, reserved 1048576K
}
Event: 48.996 GC heap after
{Heap after GC invocations=1897 (full 3):
 PSYoungGen      total 6144K, used 3072K [0x00000000eab00000, 0x00000000eba00000, 0x0000000100000000)
  eden space 3072K, 0% used [0x00000000eab00000,0x00000000eab00000,0x00000000eae00000)
  from space 3072K, 100% used [0x00000000eae80000,0x00000000eb180000,0x00000000eb180000)
  to   space 6144K, 0% used [0x00000000eb400000,0x00000000eb400000,0x00000000eba00000)
 ParOldGen       total 387072K, used 386721K [0x00000000c0000000, 0x00000000d7a00000, 0x00000000eab00000)
  object space 387072K, 99% used [0x00000000c0000000,0x00000000d79a84e8,0x00000000d7a00000)
 Metaspace       used 80862K, committed 82560K, reserved 1179648K
  class space    used 9272K, committed 9984K, reserved 1048576K
}
Event: 49.003 GC heap before
{Heap before GC invocations=1898 (full 3):
 PSYoungGen      total 6144K, used 6144K [0x00000000eab00000, 0x00000000eba00000, 0x0000000100000000)
  eden space 3072K, 100% used [0x00000000eab00000,0x00000000eae00000,0x00000000eae00000)
  from space 3072K, 100% used [0x00000000eae80000,0x00000000eb180000,0x00000000eb180000)
  to   space 6144K, 0% used [0x00000000eb400000,0x00000000eb400000,0x00000000eba00000)
 ParOldGen       total 387072K, used 386721K [0x00000000c0000000, 0x00000000d7a00000, 0x00000000eab00000)
  object space 387072K, 99% used [0x00000000c0000000,0x00000000d79a84e8,0x00000000d7a00000)
 Metaspace       used 80862K, committed 82560K, reserved 1179648K
  class space    used 9272K, committed 9984K, reserved 1048576K
}
Event: 49.006 GC heap after
{Heap after GC invocations=1898 (full 3):
 PSYoungGen      total 7168K, used 3072K [0x00000000eab00000, 0x00000000eb700000, 0x0000000100000000)
  eden space 4096K, 0% used [0x00000000eab00000,0x00000000eab00000,0x00000000eaf00000)
  from space 3072K, 100% used [0x00000000eb400000,0x00000000eb700000,0x00000000eb700000)
  to   space 4096K, 0% used [0x00000000eaf00000,0x00000000eaf00000,0x00000000eb300000)
 ParOldGen       total 390144K, used 389697K [0x00000000c0000000, 0x00000000d7d00000, 0x00000000eab00000)
  object space 390144K, 99% used [0x00000000c0000000,0x00000000d7c904e8,0x00000000d7d00000)
 Metaspace       used 80862K, committed 82560K, reserved 1179648K
  class space    used 9272K, committed 9984K, reserved 1048576K
}
Event: 49.018 GC heap before
{Heap before GC invocations=1899 (full 3):
 PSYoungGen      total 7168K, used 7168K [0x00000000eab00000, 0x00000000eb700000, 0x0000000100000000)
  eden space 4096K, 100% used [0x00000000eab00000,0x00000000eaf00000,0x00000000eaf00000)
  from space 3072K, 100% used [0x00000000eb400000,0x00000000eb700000,0x00000000eb700000)
  to   space 4096K, 0% used [0x00000000eaf00000,0x00000000eaf00000,0x00000000eb300000)
 ParOldGen       total 390144K, used 389697K [0x00000000c0000000, 0x00000000d7d00000, 0x00000000eab00000)
  object space 390144K, 99% used [0x00000000c0000000,0x00000000d7c904e8,0x00000000d7d00000)
 Metaspace       used 80862K, committed 82560K, reserved 1179648K
  class space    used 9272K, committed 9984K, reserved 1048576K
}
Event: 49.022 GC heap after
{Heap after GC invocations=1899 (full 3):
 PSYoungGen      total 8192K, used 3909K [0x00000000eab00000, 0x00000000eb800000, 0x0000000100000000)
  eden space 4096K, 0% used [0x00000000eab00000,0x00000000eab00000,0x00000000eaf00000)
  from space 4096K, 95% used [0x00000000eaf00000,0x00000000eb2d1400,0x00000000eb300000)
  to   space 4096K, 0% used [0x00000000eb400000,0x00000000eb400000,0x00000000eb800000)
 ParOldGen       total 392704K, used 392641K [0x00000000c0000000, 0x00000000d7f80000, 0x00000000eab00000)
  object space 392704K, 99% used [0x00000000c0000000,0x00000000d7f704e8,0x00000000d7f80000)
 Metaspace       used 80862K, committed 82560K, reserved 1179648K
  class space    used 9272K, committed 9984K, reserved 1048576K
}
Event: 49.061 GC heap before
{Heap before GC invocations=1900 (full 3):
 PSYoungGen      total 8192K, used 8005K [0x00000000eab00000, 0x00000000eb800000, 0x0000000100000000)
  eden space 4096K, 100% used [0x00000000eab00000,0x00000000eaf00000,0x00000000eaf00000)
  from space 4096K, 95% used [0x00000000eaf00000,0x00000000eb2d1400,0x00000000eb300000)
  to   space 4096K, 0% used [0x00000000eb400000,0x00000000eb400000,0x00000000eb800000)
 ParOldGen       total 392704K, used 392641K [0x00000000c0000000, 0x00000000d7f80000, 0x00000000eab00000)
  object space 392704K, 99% used [0x00000000c0000000,0x00000000d7f704e8,0x00000000d7f80000)
 Metaspace       used 80862K, committed 82560K, reserved 1179648K
  class space    used 9272K, committed 9984K, reserved 1048576K
}
Event: 49.066 GC heap after
{Heap after GC invocations=1900 (full 3):
 PSYoungGen      total 7168K, used 2760K [0x00000000eab00000, 0x00000000eb700000, 0x0000000100000000)
  eden space 4096K, 0% used [0x00000000eab00000,0x00000000eab00000,0x00000000eaf00000)
  from space 3072K, 89% used [0x00000000eb400000,0x00000000eb6b2000,0x00000000eb700000)
  to   space 3584K, 0% used [0x00000000eb000000,0x00000000eb000000,0x00000000eb380000)
 ParOldGen       total 396800K, used 396329K [0x00000000c0000000, 0x00000000d8380000, 0x00000000eab00000)
  object space 396800K, 99% used [0x00000000c0000000,0x00000000d830a4e8,0x00000000d8380000)
 Metaspace       used 80862K, committed 82560K, reserved 1179648K
  class space    used 9272K, committed 9984K, reserved 1048576K
}

Dll operation events (15 events):
Event: 0.582 Loaded shared library c:\Users\ASUS\.vscode\extensions\redhat.java-1.40.0-win32-x64\jre\21.0.6-win32-x86_64\bin\java.dll
Event: 0.632 Loaded shared library c:\Users\ASUS\.vscode\extensions\redhat.java-1.40.0-win32-x64\jre\21.0.6-win32-x86_64\bin\zip.dll
Event: 0.647 Loaded shared library C:\Users\ASUS\.vscode\extensions\redhat.java-1.40.0-win32-x64\jre\21.0.6-win32-x86_64\bin\instrument.dll
Event: 0.650 Loaded shared library C:\Users\ASUS\.vscode\extensions\redhat.java-1.40.0-win32-x64\jre\21.0.6-win32-x86_64\bin\net.dll
Event: 0.652 Loaded shared library C:\Users\ASUS\.vscode\extensions\redhat.java-1.40.0-win32-x64\jre\21.0.6-win32-x86_64\bin\nio.dll
Event: 0.656 Loaded shared library C:\Users\ASUS\.vscode\extensions\redhat.java-1.40.0-win32-x64\jre\21.0.6-win32-x86_64\bin\zip.dll
Event: 0.670 Loaded shared library C:\Users\ASUS\.vscode\extensions\redhat.java-1.40.0-win32-x64\jre\21.0.6-win32-x86_64\bin\jimage.dll
Event: 0.731 Loaded shared library c:\Users\ASUS\.vscode\extensions\redhat.java-1.40.0-win32-x64\jre\21.0.6-win32-x86_64\bin\verify.dll
Event: 2.828 Loaded shared library C:\Users\ASUS\AppData\Roaming\Code\User\globalStorage\redhat.java\1.40.0\config_win\org.eclipse.equinox.launcher\org.eclipse.equinox.launcher.win32.win32.x86_64_1.2.1200.v20250212-0927\eclipse_11909.dll
Event: 8.291 Loaded shared library C:\Users\ASUS\AppData\Local\Temp\jna-2018896\jna1509022010747753380.dll
Event: 24.801 Loaded shared library C:\Users\ASUS\.gradle\native\c067742578af261105cb4f569cf0c3c89f3d7b1fecec35dd04571415982c5e48\windows-amd64\native-platform.dll
Event: 28.084 Loaded shared library C:\Users\ASUS\.vscode\extensions\redhat.java-1.40.0-win32-x64\jre\21.0.6-win32-x86_64\bin\management.dll
Event: 28.087 Loaded shared library C:\Users\ASUS\.vscode\extensions\redhat.java-1.40.0-win32-x64\jre\21.0.6-win32-x86_64\bin\management_ext.dll
Event: 29.951 Loaded shared library C:\Users\ASUS\.vscode\extensions\redhat.java-1.40.0-win32-x64\jre\21.0.6-win32-x86_64\bin\extnet.dll
Event: 32.580 Loaded shared library C:\Users\ASUS\.vscode\extensions\redhat.java-1.40.0-win32-x64\jre\21.0.6-win32-x86_64\bin\sunmscapi.dll

Deoptimization events (20 events):
Event: 49.034 Thread 0x000002c06ad4b060 DEOPT PACKING pc=0x000002c051ec250b sp=0x000000cd4d1fea70
Event: 49.034 Thread 0x000002c06ad4b060 DEOPT UNPACKING pc=0x000002c0570e4242 sp=0x000000cd4d1fe038 mode 0
Event: 49.040 Thread 0x000002c06ad4b060 DEOPT PACKING pc=0x000002c051bf36a5 sp=0x000000cd4d1feb20
Event: 49.040 Thread 0x000002c06ad4b060 DEOPT UNPACKING pc=0x000002c0570e4242 sp=0x000000cd4d1fdfb8 mode 0
Event: 49.053 Thread 0x000002c06ad4b060 Uncommon trap: trap_request=0xffffffde fr.pc=0x000002c0583e5060 relative=0x0000000000002080
Event: 49.053 Thread 0x000002c06ad4b060 Uncommon trap: reason=class_check action=maybe_recompile pc=0x000002c0583e5060 method=org.eclipse.jdt.internal.core.index.DiskIndex.mergeCategory([CLorg/eclipse/jdt/internal/core/index/DiskIndex;[ILjava/io/OutputStream;)V @ 205 c2
Event: 49.053 Thread 0x000002c06ad4b060 DEOPT PACKING pc=0x000002c0583e5060 sp=0x000000cd4d1feb80
Event: 49.053 Thread 0x000002c06ad4b060 DEOPT UNPACKING pc=0x000002c0570e3aa2 sp=0x000000cd4d1feb50 mode 2
Event: 49.056 Thread 0x000002c06ad4b060 Uncommon trap: trap_request=0xffffffde fr.pc=0x000002c0583e5060 relative=0x0000000000002080
Event: 49.056 Thread 0x000002c06ad4b060 Uncommon trap: reason=class_check action=maybe_recompile pc=0x000002c0583e5060 method=org.eclipse.jdt.internal.core.index.DiskIndex.mergeCategory([CLorg/eclipse/jdt/internal/core/index/DiskIndex;[ILjava/io/OutputStream;)V @ 205 c2
Event: 49.056 Thread 0x000002c06ad4b060 DEOPT PACKING pc=0x000002c0583e5060 sp=0x000000cd4d1feb80
Event: 49.056 Thread 0x000002c06ad4b060 DEOPT UNPACKING pc=0x000002c0570e3aa2 sp=0x000000cd4d1feb50 mode 2
Event: 49.060 Thread 0x000002c06ad4b060 DEOPT PACKING pc=0x000002c051ec250b sp=0x000000cd4d1fea70
Event: 49.060 Thread 0x000002c06ad4b060 DEOPT UNPACKING pc=0x000002c0570e4242 sp=0x000000cd4d1fe038 mode 0
Event: 49.070 Thread 0x000002c06ad4b060 DEOPT PACKING pc=0x000002c051bf36a5 sp=0x000000cd4d1feb20
Event: 49.070 Thread 0x000002c06ad4b060 DEOPT UNPACKING pc=0x000002c0570e4242 sp=0x000000cd4d1fdfb8 mode 0
Event: 49.088 Thread 0x000002c06ad4b060 Uncommon trap: trap_request=0xffffffde fr.pc=0x000002c0583e5060 relative=0x0000000000002080
Event: 49.088 Thread 0x000002c06ad4b060 Uncommon trap: reason=class_check action=maybe_recompile pc=0x000002c0583e5060 method=org.eclipse.jdt.internal.core.index.DiskIndex.mergeCategory([CLorg/eclipse/jdt/internal/core/index/DiskIndex;[ILjava/io/OutputStream;)V @ 205 c2
Event: 49.089 Thread 0x000002c06ad4b060 DEOPT PACKING pc=0x000002c0583e5060 sp=0x000000cd4d1feb80
Event: 49.089 Thread 0x000002c06ad4b060 DEOPT UNPACKING pc=0x000002c0570e3aa2 sp=0x000000cd4d1feb50 mode 2

Classes loaded (20 events):
Event: 33.137 Loading class java/lang/UnsupportedClassVersionError
Event: 33.137 Loading class java/lang/UnsupportedClassVersionError done
Event: 44.906 Loading class java/time/Ser
Event: 44.906 Loading class java/time/Ser done
Event: 47.242 Loading class java/net/UrlDeserializedState
Event: 47.242 Loading class java/net/UrlDeserializedState done
Event: 47.243 Loading class java/net/Proxy
Event: 47.243 Loading class java/net/Proxy done
Event: 47.253 Loading class java/io/ObjectInputStream$Caches
Event: 47.253 Loading class java/io/ObjectInputStream$Caches done
Event: 47.253 Loading class java/io/ObjectInputStream$Caches$1
Event: 47.253 Loading class java/io/ObjectInputStream$Caches$1 done
Event: 47.483 Loading class sun/reflect/generics/tree/IntSignature
Event: 47.483 Loading class sun/reflect/generics/tree/IntSignature done
Event: 47.563 Loading class java/util/Hashtable$KeySet
Event: 47.563 Loading class java/util/Hashtable$KeySet done
Event: 47.578 Loading class java/security/DigestInputStream
Event: 47.579 Loading class java/security/DigestInputStream done
Event: 48.941 Loading class java/lang/invoke/MethodHandleImpl$CountingWrapper$1
Event: 48.941 Loading class java/lang/invoke/MethodHandleImpl$CountingWrapper$1 done

Classes unloaded (7 events):
Event: 8.558 Thread 0x000002c0625032d0 Unloading class 0x000002c00119dc00 'java/lang/invoke/LambdaForm$MH+0x000002c00119dc00'
Event: 8.558 Thread 0x000002c0625032d0 Unloading class 0x000002c00119d800 'java/lang/invoke/LambdaForm$MH+0x000002c00119d800'
Event: 8.558 Thread 0x000002c0625032d0 Unloading class 0x000002c00119d400 'java/lang/invoke/LambdaForm$MH+0x000002c00119d400'
Event: 8.558 Thread 0x000002c0625032d0 Unloading class 0x000002c00119d000 'java/lang/invoke/LambdaForm$MH+0x000002c00119d000'
Event: 8.558 Thread 0x000002c0625032d0 Unloading class 0x000002c00119cc00 'java/lang/invoke/LambdaForm$BMH+0x000002c00119cc00'
Event: 8.558 Thread 0x000002c0625032d0 Unloading class 0x000002c00119c800 'java/lang/invoke/LambdaForm$DMH+0x000002c00119c800'
Event: 8.558 Thread 0x000002c0625032d0 Unloading class 0x000002c00119b400 'java/lang/invoke/LambdaForm$DMH+0x000002c00119b400'

Classes redefined (0 events):
No events

Internal exceptions (20 events):
Event: 47.365 Thread 0x000002c07e5d2370 Exception <a 'java/lang/NoSuchMethodError'{0x00000000eac83220}: static Lorg/gradle/plugins/ide/internal/tooling/eclipse/DefaultEclipseProjectNature;.<clinit>()V> (0x00000000eac83220) 
thrown [s\src\hotspot\share\prims\jni.cpp, line 1111]
Event: 47.367 Thread 0x000002c07e5d2370 Exception <a 'java/lang/NoSuchMethodError'{0x00000000eaca35b8}: static Lorg/gradle/plugins/ide/internal/tooling/eclipse/DefaultEclipseSourceDirectory;.<clinit>()V> (0x00000000eaca35b8) 
thrown [s\src\hotspot\share\prims\jni.cpp, line 1111]
Event: 47.368 Thread 0x000002c07e5d2370 Exception <a 'java/lang/NoSuchMethodError'{0x00000000eacc4080}: static Lorg/gradle/plugins/ide/internal/tooling/eclipse/DefaultEclipseTask;.<clinit>()V> (0x00000000eacc4080) 
thrown [s\src\hotspot\share\prims\jni.cpp, line 1111]
Event: 47.516 Thread 0x000002c06b490c90 Exception <a 'sun/nio/fs/WindowsException'{0x00000000eab99698}> (0x00000000eab99698) 
thrown [s\src\hotspot\share\prims\jni.cpp, line 520]
Event: 47.517 Thread 0x000002c06b490c90 Exception <a 'sun/nio/fs/WindowsException'{0x00000000eab9a228}> (0x00000000eab9a228) 
thrown [s\src\hotspot\share\prims\jni.cpp, line 520]
Event: 47.519 Thread 0x000002c06b490c90 Exception <a 'sun/nio/fs/WindowsException'{0x00000000eac041a0}> (0x00000000eac041a0) 
thrown [s\src\hotspot\share\prims\jni.cpp, line 520]
Event: 47.519 Thread 0x000002c06b490c90 Exception <a 'sun/nio/fs/WindowsException'{0x00000000eac04d30}> (0x00000000eac04d30) 
thrown [s\src\hotspot\share\prims\jni.cpp, line 520]
Event: 47.521 Thread 0x000002c06b490c90 Exception <a 'java/io/FileNotFoundException'{0x00000000eac3ca20}> (0x00000000eac3ca20) 
thrown [s\src\hotspot\share\prims\jni.cpp, line 520]
Event: 47.522 Thread 0x000002c06b490c90 Exception <a 'java/io/FileNotFoundException'{0x00000000eac3dce0}> (0x00000000eac3dce0) 
thrown [s\src\hotspot\share\prims\jni.cpp, line 520]
Event: 47.526 Thread 0x000002c06b490c90 Exception <a 'sun/nio/fs/WindowsException'{0x00000000eac7aa18}> (0x00000000eac7aa18) 
thrown [s\src\hotspot\share\prims\jni.cpp, line 520]
Event: 47.526 Thread 0x000002c06b490c90 Exception <a 'sun/nio/fs/WindowsException'{0x00000000eac7b5a8}> (0x00000000eac7b5a8) 
thrown [s\src\hotspot\share\prims\jni.cpp, line 520]
Event: 47.528 Thread 0x000002c06b490c90 Exception <a 'sun/nio/fs/WindowsException'{0x00000000eace5170}> (0x00000000eace5170) 
thrown [s\src\hotspot\share\prims\jni.cpp, line 520]
Event: 47.528 Thread 0x000002c06b490c90 Exception <a 'sun/nio/fs/WindowsException'{0x00000000eace5d00}> (0x00000000eace5d00) 
thrown [s\src\hotspot\share\prims\jni.cpp, line 520]
Event: 47.534 Thread 0x000002c06b490c90 Exception <a 'sun/nio/fs/WindowsException'{0x00000000ead274f8}> (0x00000000ead274f8) 
thrown [s\src\hotspot\share\prims\jni.cpp, line 520]
Event: 47.535 Thread 0x000002c06b490c90 Exception <a 'sun/nio/fs/WindowsException'{0x00000000ead28088}> (0x00000000ead28088) 
thrown [s\src\hotspot\share\prims\jni.cpp, line 520]
Event: 47.536 Thread 0x000002c06b490c90 Exception <a 'sun/nio/fs/WindowsException'{0x00000000ead91fc8}> (0x00000000ead91fc8) 
thrown [s\src\hotspot\share\prims\jni.cpp, line 520]
Event: 47.536 Thread 0x000002c06b490c90 Exception <a 'sun/nio/fs/WindowsException'{0x00000000ead92b58}> (0x00000000ead92b58) 
thrown [s\src\hotspot\share\prims\jni.cpp, line 520]
Event: 48.927 Thread 0x000002c06ad4b6f0 Exception <a 'sun/nio/fs/WindowsException'{0x00000000eace80e8}> (0x00000000eace80e8) 
thrown [s\src\hotspot\share\prims\jni.cpp, line 520]
Event: 48.927 Thread 0x000002c06ad4b6f0 Exception <a 'sun/nio/fs/WindowsException'{0x00000000eace89c8}> (0x00000000eace89c8) 
thrown [s\src\hotspot\share\prims\jni.cpp, line 520]
Event: 48.964 Thread 0x000002c06ad4b060 Exception <a 'sun/nio/fs/WindowsException'{0x00000000ead540a0}> (0x00000000ead540a0) 
thrown [s\src\hotspot\share\prims\jni.cpp, line 520]

ZGC Phase Switch (0 events):
No events

VM Operations (20 events):
Event: 48.933 Executing VM operation: HandshakeAllThreads (Deoptimize)
Event: 48.933 Executing VM operation: HandshakeAllThreads (Deoptimize) done
Event: 48.933 Executing VM operation: Cleanup
Event: 48.933 Executing VM operation: Cleanup done
Event: 48.943 Executing VM operation: ParallelGCFailedAllocation (Allocation Failure)
Event: 48.945 Executing VM operation: ParallelGCFailedAllocation (Allocation Failure) done
Event: 48.967 Executing VM operation: ParallelGCFailedAllocation (Allocation Failure)
Event: 48.969 Executing VM operation: ParallelGCFailedAllocation (Allocation Failure) done
Event: 48.976 Executing VM operation: ParallelGCFailedAllocation (Allocation Failure)
Event: 48.978 Executing VM operation: ParallelGCFailedAllocation (Allocation Failure) done
Event: 48.983 Executing VM operation: ParallelGCFailedAllocation (Allocation Failure)
Event: 48.985 Executing VM operation: ParallelGCFailedAllocation (Allocation Failure) done
Event: 48.993 Executing VM operation: ParallelGCFailedAllocation (Allocation Failure)
Event: 48.996 Executing VM operation: ParallelGCFailedAllocation (Allocation Failure) done
Event: 49.003 Executing VM operation: ParallelGCFailedAllocation (Allocation Failure)
Event: 49.006 Executing VM operation: ParallelGCFailedAllocation (Allocation Failure) done
Event: 49.018 Executing VM operation: ParallelGCFailedAllocation (Allocation Failure)
Event: 49.022 Executing VM operation: ParallelGCFailedAllocation (Allocation Failure) done
Event: 49.061 Executing VM operation: ParallelGCFailedAllocation (Allocation Failure)
Event: 49.066 Executing VM operation: ParallelGCFailedAllocation (Allocation Failure) done

Memory protections (0 events):
No events

Nmethod flushes (20 events):
Event: 20.823 Thread 0x000002c0625032d0 flushing  nmethod 0x000002c0505c1510
Event: 20.823 Thread 0x000002c0625032d0 flushing  nmethod 0x000002c0505c1a90
Event: 20.823 Thread 0x000002c0625032d0 flushing  nmethod 0x000002c0505c3490
Event: 20.823 Thread 0x000002c0625032d0 flushing  nmethod 0x000002c0505de990
Event: 20.823 Thread 0x000002c0625032d0 flushing  nmethod 0x000002c0505e6790
Event: 20.823 Thread 0x000002c0625032d0 flushing osr nmethod 0x000002c05061f890
Event: 20.823 Thread 0x000002c0625032d0 flushing  nmethod 0x000002c05064a410
Event: 20.823 Thread 0x000002c0625032d0 flushing  nmethod 0x000002c05064ae10
Event: 20.823 Thread 0x000002c0625032d0 flushing  nmethod 0x000002c05064b290
Event: 20.823 Thread 0x000002c0625032d0 flushing  nmethod 0x000002c05064cb90
Event: 20.823 Thread 0x000002c0625032d0 flushing  nmethod 0x000002c05064e690
Event: 20.823 Thread 0x000002c0625032d0 flushing  nmethod 0x000002c05064ef90
Event: 20.823 Thread 0x000002c0625032d0 flushing  nmethod 0x000002c050650390
Event: 20.823 Thread 0x000002c0625032d0 flushing  nmethod 0x000002c050665790
Event: 20.823 Thread 0x000002c0625032d0 flushing  nmethod 0x000002c0506a5e10
Event: 20.823 Thread 0x000002c0625032d0 flushing  nmethod 0x000002c0506c2490
Event: 20.823 Thread 0x000002c0625032d0 flushing  nmethod 0x000002c0506dba10
Event: 20.823 Thread 0x000002c0625032d0 flushing  nmethod 0x000002c0506fb690
Event: 20.823 Thread 0x000002c0625032d0 flushing  nmethod 0x000002c050714010
Event: 20.823 Thread 0x000002c0625032d0 flushing  nmethod 0x000002c05073df90

Events (20 events):
Event: 47.400 Thread 0x000002c06b490c90 Thread added: 0x000002c06f4e0320
Event: 47.401 Thread 0x000002c06b490c90 Thread added: 0x000002c06f4e1040
Event: 47.417 Thread 0x000002c06f4e1040 Thread exited: 0x000002c06f4e1040
Event: 47.418 Thread 0x000002c06b490c90 Thread added: 0x000002c06f4e09b0
Event: 47.419 Thread 0x000002c06b490c90 Thread added: 0x000002c06f4e1040
Event: 47.429 Thread 0x000002c06f4e1040 Thread exited: 0x000002c06f4e1040
Event: 47.569 Thread 0x000002c06b490c90 Thread added: 0x000002c06f4de8e0
Event: 47.570 Thread 0x000002c06b490c90 Thread added: 0x000002c06f4df600
Event: 47.572 Thread 0x000002c069d1f240 Thread added: 0x000002c0687ad7b0
Event: 47.573 Thread 0x000002c062517230 Thread added: 0x000002c0687ade80
Event: 47.574 Thread 0x000002c0687ad7b0 Thread added: 0x000002c07ccb5540
Event: 47.574 Thread 0x000002c0687ad7b0 Thread added: 0x000002c07ccb3a00
Event: 47.583 Thread 0x000002c06f4df600 Thread added: 0x000002c06f4e16d0
Event: 48.070 Thread 0x000002c07ccb5540 Thread exited: 0x000002c07ccb5540
Event: 48.070 Thread 0x000002c07ccb3a00 Thread exited: 0x000002c07ccb3a00
Event: 48.070 Thread 0x000002c0687ade80 Thread exited: 0x000002c0687ade80
Event: 48.803 Thread 0x000002c069d21450 Thread exited: 0x000002c069d21450
Event: 48.803 Thread 0x000002c069d23660 Thread exited: 0x000002c069d23660
Event: 48.803 Thread 0x000002c0687ad7b0 Thread exited: 0x000002c0687ad7b0
Event: 48.803 Thread 0x000002c069d1f240 Thread exited: 0x000002c069d1f240


Dynamic libraries:
0x00007ff714530000 - 0x00007ff71453e000 	c:\Users\ASUS\.vscode\extensions\redhat.java-1.40.0-win32-x64\jre\21.0.6-win32-x86_64\bin\java.exe
0x00007ffba9d10000 - 0x00007ffba9f27000 	C:\WINDOWS\SYSTEM32\ntdll.dll
0x00007ffba8290000 - 0x00007ffba8354000 	C:\WINDOWS\System32\KERNEL32.DLL
0x00007ffba6f70000 - 0x00007ffba7341000 	C:\WINDOWS\System32\KERNELBASE.dll
0x00007ffba73f0000 - 0x00007ffba7501000 	C:\WINDOWS\System32\ucrtbase.dll
0x00007ffb98b60000 - 0x00007ffb98b7e000 	c:\Users\ASUS\.vscode\extensions\redhat.java-1.40.0-win32-x64\jre\21.0.6-win32-x86_64\bin\VCRUNTIME140.dll
0x00007ffb98bd0000 - 0x00007ffb98be8000 	c:\Users\ASUS\.vscode\extensions\redhat.java-1.40.0-win32-x64\jre\21.0.6-win32-x86_64\bin\jli.dll
0x00007ffba9770000 - 0x00007ffba9921000 	C:\WINDOWS\System32\USER32.dll
0x00007ffba7510000 - 0x00007ffba7536000 	C:\WINDOWS\System32\win32u.dll
0x00007ffba9c70000 - 0x00007ffba9c99000 	C:\WINDOWS\System32\GDI32.dll
0x00007ffb8b210000 - 0x00007ffb8b4a2000 	C:\WINDOWS\WinSxS\amd64_microsoft.windows.common-controls_6595b64144ccf1df_6.0.22621.4830_none_270fe7d773858e80\COMCTL32.dll
0x00007ffba6e50000 - 0x00007ffba6f6b000 	C:\WINDOWS\System32\gdi32full.dll
0x00007ffba9ab0000 - 0x00007ffba9b57000 	C:\WINDOWS\System32\msvcrt.dll
0x00007ffba7350000 - 0x00007ffba73ea000 	C:\WINDOWS\System32\msvcp_win.dll
0x00007ffba87f0000 - 0x00007ffba8821000 	C:\WINDOWS\System32\IMM32.DLL
0x00007ffb9db30000 - 0x00007ffb9db3c000 	c:\Users\ASUS\.vscode\extensions\redhat.java-1.40.0-win32-x64\jre\21.0.6-win32-x86_64\bin\vcruntime140_1.dll
0x00007ffb76b00000 - 0x00007ffb76b8d000 	c:\Users\ASUS\.vscode\extensions\redhat.java-1.40.0-win32-x64\jre\21.0.6-win32-x86_64\bin\msvcp140.dll
0x00007ffaec120000 - 0x00007ffaeceb0000 	c:\Users\ASUS\.vscode\extensions\redhat.java-1.40.0-win32-x64\jre\21.0.6-win32-x86_64\bin\server\jvm.dll
0x00007ffba81d0000 - 0x00007ffba8281000 	C:\WINDOWS\System32\ADVAPI32.dll
0x00007ffba7cb0000 - 0x00007ffba7d57000 	C:\WINDOWS\System32\sechost.dll
0x00007ffba7680000 - 0x00007ffba76a8000 	C:\WINDOWS\System32\bcrypt.dll
0x00007ffba7b10000 - 0x00007ffba7c24000 	C:\WINDOWS\System32\RPCRT4.dll
0x00007ffba7c30000 - 0x00007ffba7ca1000 	C:\WINDOWS\System32\WS2_32.dll
0x00007ffba6b70000 - 0x00007ffba6bbd000 	C:\WINDOWS\SYSTEM32\POWRPROF.dll
0x00007ffba0a30000 - 0x00007ffba0a3a000 	C:\WINDOWS\SYSTEM32\VERSION.dll
0x00007ffb9d870000 - 0x00007ffb9d8a4000 	C:\WINDOWS\SYSTEM32\WINMM.dll
0x00007ffba6b50000 - 0x00007ffba6b63000 	C:\WINDOWS\SYSTEM32\UMPDC.dll
0x00007ffba5ea0000 - 0x00007ffba5eb8000 	C:\WINDOWS\SYSTEM32\kernel.appcore.dll
0x00007ffb9a980000 - 0x00007ffb9a98a000 	c:\Users\ASUS\.vscode\extensions\redhat.java-1.40.0-win32-x64\jre\21.0.6-win32-x86_64\bin\jimage.dll
0x00007ffb9f380000 - 0x00007ffb9f5b2000 	C:\WINDOWS\SYSTEM32\DBGHELP.DLL
0x00007ffba7e40000 - 0x00007ffba81d0000 	C:\WINDOWS\System32\combase.dll
0x00007ffba7d60000 - 0x00007ffba7e37000 	C:\WINDOWS\System32\OLEAUT32.dll
0x00007ffb9d8b0000 - 0x00007ffb9d8e2000 	C:\WINDOWS\SYSTEM32\dbgcore.DLL
0x00007ffba76b0000 - 0x00007ffba772b000 	C:\WINDOWS\System32\bcryptPrimitives.dll
0x00007ffb9a930000 - 0x00007ffb9a93f000 	c:\Users\ASUS\.vscode\extensions\redhat.java-1.40.0-win32-x64\jre\21.0.6-win32-x86_64\bin\instrument.dll
0x00007ffb96ab0000 - 0x00007ffb96acf000 	c:\Users\ASUS\.vscode\extensions\redhat.java-1.40.0-win32-x64\jre\21.0.6-win32-x86_64\bin\java.dll
0x00007ffba8e80000 - 0x00007ffba9708000 	C:\WINDOWS\System32\SHELL32.dll
0x00007ffba7730000 - 0x00007ffba786f000 	C:\WINDOWS\System32\wintypes.dll
0x00007ffba4db0000 - 0x00007ffba56bd000 	C:\WINDOWS\SYSTEM32\windows.storage.dll
0x00007ffba99a0000 - 0x00007ffba9aaa000 	C:\WINDOWS\System32\SHCORE.dll
0x00007ffba9b60000 - 0x00007ffba9bbe000 	C:\WINDOWS\System32\shlwapi.dll
0x00007ffba6d80000 - 0x00007ffba6dab000 	C:\WINDOWS\SYSTEM32\profapi.dll
0x00007ffb8f5b0000 - 0x00007ffb8f5c8000 	c:\Users\ASUS\.vscode\extensions\redhat.java-1.40.0-win32-x64\jre\21.0.6-win32-x86_64\bin\zip.dll
0x00007ffb988d0000 - 0x00007ffb988e0000 	C:\Users\ASUS\.vscode\extensions\redhat.java-1.40.0-win32-x64\jre\21.0.6-win32-x86_64\bin\net.dll
0x00007ffba3ea0000 - 0x00007ffba3fcc000 	C:\WINDOWS\SYSTEM32\WINHTTP.dll
0x00007ffba6310000 - 0x00007ffba637a000 	C:\WINDOWS\system32\mswsock.dll
0x00007ffb8df90000 - 0x00007ffb8dfa6000 	C:\Users\ASUS\.vscode\extensions\redhat.java-1.40.0-win32-x64\jre\21.0.6-win32-x86_64\bin\nio.dll
0x00007ffba1610000 - 0x00007ffba1620000 	c:\Users\ASUS\.vscode\extensions\redhat.java-1.40.0-win32-x64\jre\21.0.6-win32-x86_64\bin\verify.dll
0x00007ffb97e00000 - 0x00007ffb97e45000 	C:\Users\ASUS\AppData\Roaming\Code\User\globalStorage\redhat.java\1.40.0\config_win\org.eclipse.equinox.launcher\org.eclipse.equinox.launcher.win32.win32.x86_64_1.2.1200.v20250212-0927\eclipse_11909.dll
0x00007ffba8910000 - 0x00007ffba8ab1000 	C:\WINDOWS\System32\ole32.dll
0x00007ffba6570000 - 0x00007ffba658b000 	C:\WINDOWS\SYSTEM32\CRYPTSP.dll
0x00007ffba5e00000 - 0x00007ffba5e37000 	C:\WINDOWS\system32\rsaenh.dll
0x00007ffba6400000 - 0x00007ffba6428000 	C:\WINDOWS\SYSTEM32\USERENV.dll
0x00007ffba6560000 - 0x00007ffba656c000 	C:\WINDOWS\SYSTEM32\CRYPTBASE.dll
0x00007ffba5920000 - 0x00007ffba594d000 	C:\WINDOWS\SYSTEM32\IPHLPAPI.DLL
0x00007ffba88b0000 - 0x00007ffba88b9000 	C:\WINDOWS\System32\NSI.dll
0x00007ffb8e070000 - 0x00007ffb8e0b9000 	C:\Users\ASUS\AppData\Local\Temp\jna-2018896\jna1509022010747753380.dll
0x00007ffba8cb0000 - 0x00007ffba8cb8000 	C:\WINDOWS\System32\PSAPI.DLL
0x00007ffba3670000 - 0x00007ffba3689000 	C:\WINDOWS\SYSTEM32\dhcpcsvc6.DLL
0x00007ffba3610000 - 0x00007ffba362f000 	C:\WINDOWS\SYSTEM32\dhcpcsvc.DLL
0x00007ffb8e040000 - 0x00007ffb8e067000 	C:\Users\ASUS\.gradle\native\c067742578af261105cb4f569cf0c3c89f3d7b1fecec35dd04571415982c5e48\windows-amd64\native-platform.dll
0x00007ffb9dad0000 - 0x00007ffb9dada000 	C:\Users\ASUS\.vscode\extensions\redhat.java-1.40.0-win32-x64\jre\21.0.6-win32-x86_64\bin\management.dll
0x00007ffb9dac0000 - 0x00007ffb9dacb000 	C:\Users\ASUS\.vscode\extensions\redhat.java-1.40.0-win32-x64\jre\21.0.6-win32-x86_64\bin\management_ext.dll
0x00007ffb98c60000 - 0x00007ffb98c69000 	C:\Users\ASUS\.vscode\extensions\redhat.java-1.40.0-win32-x64\jre\21.0.6-win32-x86_64\bin\extnet.dll
0x00007ffb994d0000 - 0x00007ffb994de000 	C:\Users\ASUS\.vscode\extensions\redhat.java-1.40.0-win32-x64\jre\21.0.6-win32-x86_64\bin\sunmscapi.dll
0x00007ffba7870000 - 0x00007ffba79d6000 	C:\WINDOWS\System32\CRYPT32.dll
0x00007ffba6790000 - 0x00007ffba67bd000 	C:\WINDOWS\SYSTEM32\ncrypt.dll
0x00007ffba6750000 - 0x00007ffba6787000 	C:\WINDOWS\SYSTEM32\NTASN1.dll
0x00007ffb98c70000 - 0x00007ffb98c78000 	C:\WINDOWS\system32\wshunix.dll

dbghelp: loaded successfully - version: 4.0.5 - missing functions: none
symbol engine: initialized successfully - sym options: 0x614 - pdb path: .;c:\Users\ASUS\.vscode\extensions\redhat.java-1.40.0-win32-x64\jre\21.0.6-win32-x86_64\bin;C:\WINDOWS\SYSTEM32;C:\WINDOWS\WinSxS\amd64_microsoft.windows.common-controls_6595b64144ccf1df_6.0.22621.4830_none_270fe7d773858e80;c:\Users\ASUS\.vscode\extensions\redhat.java-1.40.0-win32-x64\jre\21.0.6-win32-x86_64\bin\server;C:\Users\ASUS\AppData\Roaming\Code\User\globalStorage\redhat.java\1.40.0\config_win\org.eclipse.equinox.launcher\org.eclipse.equinox.launcher.win32.win32.x86_64_1.2.1200.v20250212-0927;C:\Users\ASUS\AppData\Local\Temp\jna-2018896;C:\Users\ASUS\.gradle\native\c067742578af261105cb4f569cf0c3c89f3d7b1fecec35dd04571415982c5e48\windows-amd64

VM Arguments:
jvm_args: --add-modules=ALL-SYSTEM --add-opens=java.base/java.util=ALL-UNNAMED --add-opens=java.base/java.lang=ALL-UNNAMED --add-opens=java.base/sun.nio.fs=ALL-UNNAMED -Declipse.application=org.eclipse.jdt.ls.core.id1 -Dosgi.bundles.defaultStartLevel=4 -Declipse.product=org.eclipse.jdt.ls.core.product -Djava.import.generatesMetadataFilesAtProjectRoot=false -DDetectVMInstallationsJob.disabled=true -Dfile.encoding=utf8 -XX:+UseParallelGC -XX:GCTimeRatio=4 -XX:AdaptiveSizePolicyWeight=90 -Dsun.zip.disableMemoryMapping=true -Xmx1G -Xms100m -Xlog:disable -javaagent:c:\Users\ASUS\.vscode\extensions\redhat.java-1.40.0-win32-x64\lombok\lombok-1.18.36.jar -XX:+HeapDumpOnOutOfMemoryError -XX:HeapDumpPath=c:\Users\ASUS\AppData\Roaming\Code\User\workspaceStorage\a26ced7fe018b66e12da886babd7af56\redhat.java -Daether.dependencyCollector.impl=bf 
java_command: c:\Users\ASUS\.vscode\extensions\redhat.java-1.40.0-win32-x64\server\plugins\org.eclipse.equinox.launcher_1.6.1000.v20250131-0606.jar -configuration c:\Users\ASUS\AppData\Roaming\Code\User\globalStorage\redhat.java\1.40.0\config_win -data c:\Users\ASUS\AppData\Roaming\Code\User\workspaceStorage\a26ced7fe018b66e12da886babd7af56\redhat.java\jdt_ws --pipe=\\.\pipe\lsp-9acd2e77f8ce42d0ef79ada40b95e5c0-sock
java_class_path (initial): c:\Users\ASUS\.vscode\extensions\redhat.java-1.40.0-win32-x64\server\plugins\org.eclipse.equinox.launcher_1.6.1000.v20250131-0606.jar
Launcher Type: SUN_STANDARD

[Global flags]
    uintx AdaptiveSizePolicyWeight                 = 90                                        {product} {command line}
     intx CICompilerCount                          = 12                                        {product} {ergonomic}
    uintx GCTimeRatio                              = 4                                         {product} {command line}
     bool HeapDumpOnOutOfMemoryError               = true                                   {manageable} {command line}
    ccstr HeapDumpPath                             = c:\Users\ASUS\AppData\Roaming\Code\User\workspaceStorage\a26ced7fe018b66e12da886babd7af56\redhat.java         {manageable} {command line}
   size_t InitialHeapSize                          = 104857600                                 {product} {command line}
   size_t MaxHeapSize                              = 1073741824                                {product} {command line}
   size_t MaxNewSize                               = 357564416                                 {product} {ergonomic}
   size_t MinHeapDeltaBytes                        = 524288                                    {product} {ergonomic}
   size_t MinHeapSize                              = 104857600                                 {product} {command line}
   size_t NewSize                                  = 34603008                                  {product} {ergonomic}
    uintx NonNMethodCodeHeapSize                   = 7602480                                {pd product} {ergonomic}
    uintx NonProfiledCodeHeapSize                  = 122027880                              {pd product} {ergonomic}
   size_t OldSize                                  = 70254592                                  {product} {ergonomic}
    uintx ProfiledCodeHeapSize                     = 122027880                              {pd product} {ergonomic}
    uintx ReservedCodeCacheSize                    = 251658240                              {pd product} {ergonomic}
     bool SegmentedCodeCache                       = true                                      {product} {ergonomic}
   size_t SoftMaxHeapSize                          = 1073741824                             {manageable} {ergonomic}
     bool UseCompressedOops                        = true                           {product lp64_product} {ergonomic}
     bool UseLargePagesIndividualAllocation        = false                                  {pd product} {ergonomic}
     bool UseParallelGC                            = true                                      {product} {command line}

Logging:
Log output configuration:
 #0: stdout all=off uptime,level,tags foldmultilines=false
 #1: stderr all=off uptime,level,tags foldmultilines=false

Environment Variables:
PATH=C:\Program Files\Common Files\Oracle\Java\javapath;C:\Program Files (x86)\Common Files\Oracle\Java\java8path;C:\Program Files (x86)\Common Files\Oracle\Java\javapath;C:\ProgramData\Oracle\Java\javapath;C:\Windows\system32;C:\Windows;C:\Windows\System32\Wbem;C:\Windows\System32\WindowsPowerShell\v1.0\;C:\Windows\System32\OpenSSH\;C:\Program Files (x86)\NVIDIA Corporation\PhysX\Common;C:\WINDOWS\system32;C:\WINDOWS;C:\WINDOWS\System32\Wbem;C:\WINDOWS\System32\WindowsPowerShell\v1.0\;C:\WINDOWS\System32\OpenSSH\;C:\Program Files (x86)\Microsoft SQL Server\160\Tools\Binn\;C:\Program Files\Microsoft SQL Server\160\Tools\Binn\;C:\Program Files\Microsoft SQL Server\Client SDK\ODBC\170\Tools\Binn\;C:\Program Files\Microsoft SQL Server\160\DTS\Binn\;C:\Program Files (x86)\Microsoft SQL Server\160\DTS\Binn\;C:\Program Files\Azure Data Studio\bin;C:\Program Files\dotnet\;C:\Program Files\nodejs\;C:\Program Files\Git\cmd;C:\Program Files\NVIDIA Corporation\NVIDIA app\NvDLISR;C:\Program Files\Cloudflare\Cloudflare WARP\;C:\Program Files\MySQL\MySQL Shell 8.0\bin\;C:\Users\ASUS\AppData\Local\Microsoft\WindowsApps;C:\Program Files\Azure Data Studio\bin;C:\Users\ASUS\AppData\Local\Programs\Microsoft VS Code\bin;C:\Users\ASUS\AppData\Roaming\npm;C:\Program Files\Git\mingw64\bin\;C:\Users\ASUS\AppData\Local\Programs\cursor\resources\app\bin
USERNAME=ASUS
OS=Windows_NT
PROCESSOR_IDENTIFIER=AMD64 Family 25 Model 68 Stepping 1, AuthenticAMD
TMP=C:\Users\ASUS\AppData\Local\Temp
TEMP=C:\Users\ASUS\AppData\Local\Temp




Periodic native trim disabled

---------------  S Y S T E M  ---------------

OS:
 Windows 11 , 64 bit Build 22621 (10.0.22621.4974)
OS uptime: 0 days 8:57 hours

CPU: total 16 (initial active 16) (16 cores per cpu, 2 threads per core) family 25 model 68 stepping 1 microcode 0x0, cx8, cmov, fxsr, ht, mmx, 3dnowpref, sse, sse2, sse3, ssse3, sse4a, sse4.1, sse4.2, popcnt, lzcnt, tsc, tscinvbit, avx, avx2, aes, clmul, bmi1, bmi2, adx, sha, fma, vzeroupper, clflush, clflushopt, rdtscp, rdpid, f16c, pku, cet_ss
Processor Information for the first 16 processors :
  Max Mhz: 3201, Current Mhz: 3201, Mhz Limit: 3201

Memory: 4k page, system-wide physical 15613M (1826M free)
TotalPageFile size 19709M (AvailPageFile size 6M)
current process WorkingSet (physical memory assigned to process): 895M, peak: 1031M
current process commit charge ("private bytes"): 824M, peak: 956M

vm_info: OpenJDK 64-Bit Server VM (21.0.6+7-LTS) for windows-amd64 JRE (21.0.6+7-LTS), built on 2025-01-21T00:00:00Z by "admin" with MS VC++ 17.7 (VS2022)

END.
