#
# There is insufficient memory for the Java Runtime Environment to continue.
# Native memory allocation (malloc) failed to allocate 277136 bytes. Error detail: Chunk::new
# Possible reasons:
#   The system is out of physical RAM or swap space
#   This process is running with CompressedOops enabled, and the Java Heap may be blocking the growth of the native heap
# Possible solutions:
#   Reduce memory load on the system
#   Increase physical memory or swap space
#   Check if swap backing store is full
#   Decrease Java heap size (-Xmx/-Xms)
#   Decrease number of Java threads
#   Decrease Java thread stack sizes (-Xss)
#   Set larger code cache with -XX:ReservedCodeCacheSize=
#   JVM is running with Unscaled Compressed Oops mode in which the Java heap is
#     placed in the first 4GB address space. The Java Heap base address is the
#     maximum limit for the native heap growth. Please use -XX:HeapBaseMinAddress
#     to set the Java Heap base and to place the Java Heap above 4GB virtual address.
# This output file may be truncated or incomplete.
#
#  Out of Memory Error (arena.cpp:168), pid=26976, tid=23440
#
# JRE version: OpenJDK Runtime Environment Temurin-21.0.6+7 (21.0.6+7) (build 21.0.6+7-LTS)
# Java VM: OpenJDK 64-Bit Server VM Temurin-21.0.6+7 (21.0.6+7-LTS, mixed mode, sharing, tiered, compressed oops, compressed class ptrs, parallel gc, windows-amd64)
# No core dump will be written. Minidumps are not enabled by default on client versions of Windows
#

---------------  S U M M A R Y ------------

Command Line: --add-modules=ALL-SYSTEM --add-opens=java.base/java.util=ALL-UNNAMED --add-opens=java.base/java.lang=ALL-UNNAMED --add-opens=java.base/sun.nio.fs=ALL-UNNAMED -Declipse.application=org.eclipse.jdt.ls.core.id1 -Dosgi.bundles.defaultStartLevel=4 -Declipse.product=org.eclipse.jdt.ls.core.product -Djava.import.generatesMetadataFilesAtProjectRoot=false -DDetectVMInstallationsJob.disabled=true -Dfile.encoding=utf8 -XX:+UseParallelGC -XX:GCTimeRatio=4 -XX:AdaptiveSizePolicyWeight=90 -Dsun.zip.disableMemoryMapping=true -Xmx1G -Xms100m -Xlog:disable -javaagent:c:\Users\ASUS\.vscode\extensions\redhat.java-1.40.0-win32-x64\lombok\lombok-1.18.36.jar c:\Users\ASUS\.vscode\extensions\redhat.java-1.40.0-win32-x64\server\plugins\org.eclipse.equinox.launcher_1.6.1000.v20250131-0606.jar -configuration c:\Users\ASUS\AppData\Roaming\Code\User\globalStorage\redhat.java\1.40.0\config_ss_win -data c:\Users\ASUS\AppData\Roaming\Code\User\workspaceStorage\a26ced7fe018b66e12da886babd7af56\redhat.java\ss_ws --pipe=\\.\pipe\lsp-044aa3a8f49cbaf7faf43c6ebf0d014d-sock

Host: AMD Ryzen 7 6800H with Radeon Graphics         , 16 cores, 15G,  Windows 11 , 64 bit Build 22621 (10.0.22621.4830)
Time: Mon Mar  3 16:36:05 2025 SE Asia Standard Time elapsed time: 4.086082 seconds (0d 0h 0m 4s)

---------------  T H R E A D  ---------------

Current thread (0x0000026d990240e0):  JavaThread "C2 CompilerThread2" daemon [_thread_in_native, id=23440, stack(0x0000007157700000,0x0000007157800000) (1024K)]


Current CompileTask:
C2:4086 5376       4       java.lang.reflect.AccessibleObject::checkAccess (40 bytes)

Stack: [0x0000007157700000,0x0000007157800000]
Native frames: (J=compiled Java code, j=interpreted, Vv=VM code, C=native code)
V  [jvm.dll+0x6cdee9]
V  [jvm.dll+0x8a83d1]
V  [jvm.dll+0x8aa8fe]
V  [jvm.dll+0x8aafe3]
V  [jvm.dll+0x27f706]
V  [jvm.dll+0xc500d]
V  [jvm.dll+0xc5543]
V  [jvm.dll+0x3b6752]
V  [jvm.dll+0x1e0009]
V  [jvm.dll+0x247b42]
V  [jvm.dll+0x246fcf]
V  [jvm.dll+0x1c75ee]
V  [jvm.dll+0x25685a]
V  [jvm.dll+0x254dfa]
V  [jvm.dll+0x3f0256]
V  [jvm.dll+0x851f8b]
V  [jvm.dll+0x6cc5ed]
C  [ucrtbase.dll+0x29333]
C  [KERNEL32.DLL+0x1259d]
C  [ntdll.dll+0x5af38]


---------------  P R O C E S S  ---------------

Threads class SMR info:
_java_thread_list=0x0000026d9bc5b620, length=49, elements={
0x0000026d3c2dd440, 0x0000026d92e38390, 0x0000026d506ccd00, 0x0000026d92e3b1e0,
0x0000026d92e3bff0, 0x0000026d92e3f760, 0x0000026d92e50c30, 0x0000026d92e450f0,
0x0000026d92e57b40, 0x0000026d92e512c0, 0x0000026d92f4de80, 0x0000026d92f51540,
0x0000026d930df820, 0x0000026d92e505a0, 0x0000026d92e4ff10, 0x0000026d92e51950,
0x0000026d92e51fe0, 0x0000026d92e4eb60, 0x0000026d92e4f1f0, 0x0000026d92e4f880,
0x0000026d996c7660, 0x0000026d996c5c20, 0x0000026d996c8380, 0x0000026d996c4f00,
0x0000026d996c1a80, 0x0000026d996c7cf0, 0x0000026d996c2e30, 0x0000026d996c2110,
0x0000026d996c6940, 0x0000026d996c34c0, 0x0000026d996c5590, 0x0000026d996c62b0,
0x0000026d996c6fd0, 0x0000026d996c13f0, 0x0000026d996c41e0, 0x0000026d996c3b50,
0x0000026d996c4870, 0x0000026d996c8a10, 0x0000026d996c27a0, 0x0000026d9b5179c0,
0x0000026d9b51e950, 0x0000026d9b51d5a0, 0x0000026d9b51bb60, 0x0000026d9b51c1f0,
0x0000026d9b519400, 0x0000026d92fabc50, 0x0000026d990240e0, 0x0000026d9b51cf10,
0x0000026d9b1189b0
}

Java Threads: ( => current thread )
  0x0000026d3c2dd440 JavaThread "main"                              [_thread_blocked, id=21124, stack(0x0000007156400000,0x0000007156500000) (1024K)]
  0x0000026d92e38390 JavaThread "Reference Handler"          daemon [_thread_blocked, id=20276, stack(0x0000007156800000,0x0000007156900000) (1024K)]
  0x0000026d506ccd00 JavaThread "Finalizer"                  daemon [_thread_blocked, id=21024, stack(0x0000007156900000,0x0000007156a00000) (1024K)]
  0x0000026d92e3b1e0 JavaThread "Signal Dispatcher"          daemon [_thread_blocked, id=19996, stack(0x0000007156a00000,0x0000007156b00000) (1024K)]
  0x0000026d92e3bff0 JavaThread "Attach Listener"            daemon [_thread_blocked, id=2624, stack(0x0000007156b00000,0x0000007156c00000) (1024K)]
  0x0000026d92e3f760 JavaThread "Service Thread"             daemon [_thread_blocked, id=17916, stack(0x0000007156c00000,0x0000007156d00000) (1024K)]
  0x0000026d92e50c30 JavaThread "Monitor Deflation Thread"   daemon [_thread_blocked, id=19180, stack(0x0000007156d00000,0x0000007156e00000) (1024K)]
  0x0000026d92e450f0 JavaThread "C2 CompilerThread0"         daemon [_thread_in_native, id=7736, stack(0x0000007156e00000,0x0000007156f00000) (1024K)]
  0x0000026d92e57b40 JavaThread "C1 CompilerThread0"         daemon [_thread_blocked, id=25556, stack(0x0000007156f00000,0x0000007157000000) (1024K)]
  0x0000026d92e512c0 JavaThread "Common-Cleaner"             daemon [_thread_blocked, id=12276, stack(0x0000007157000000,0x0000007157100000) (1024K)]
  0x0000026d92f4de80 JavaThread "C1 CompilerThread1"         daemon [_thread_blocked, id=22672, stack(0x0000007157100000,0x0000007157200000) (1024K)]
  0x0000026d92f51540 JavaThread "C1 CompilerThread2"         daemon [_thread_blocked, id=19592, stack(0x0000007157200000,0x0000007157300000) (1024K)]
  0x0000026d930df820 JavaThread "C1 CompilerThread3"         daemon [_thread_blocked, id=13740, stack(0x0000007157400000,0x0000007157500000) (1024K)]
  0x0000026d92e505a0 JavaThread "Notification Thread"        daemon [_thread_blocked, id=22312, stack(0x0000007157500000,0x0000007157600000) (1024K)]
  0x0000026d92e4ff10 JavaThread "Active Thread: Equinox Container: d2dfd792-cd48-4075-a35e-8ed7078e0d3b"        [_thread_blocked, id=23108, stack(0x0000007157d00000,0x0000007157e00000) (1024K)]
  0x0000026d92e51950 JavaThread "Framework Event Dispatcher: Equinox Container: d2dfd792-cd48-4075-a35e-8ed7078e0d3b" daemon [_thread_blocked, id=23992, stack(0x0000007157e00000,0x0000007157f00000) (1024K)]
  0x0000026d92e51fe0 JavaThread "Start Level: Equinox Container: d2dfd792-cd48-4075-a35e-8ed7078e0d3b" daemon [_thread_blocked, id=26144, stack(0x0000007157f00000,0x0000007158000000) (1024K)]
  0x0000026d92e4eb60 JavaThread "SCR Component Actor"        daemon [_thread_blocked, id=24728, stack(0x0000007158200000,0x0000007158300000) (1024K)]
  0x0000026d92e4f1f0 JavaThread "SCR Component Registry"     daemon [_thread_blocked, id=27340, stack(0x0000007158300000,0x0000007158400000) (1024K)]
  0x0000026d92e4f880 JavaThread "Worker-JM"                         [_thread_blocked, id=23540, stack(0x0000007158400000,0x0000007158500000) (1024K)]
  0x0000026d996c7660 JavaThread "JNA Cleaner"                daemon [_thread_blocked, id=28444, stack(0x0000007158700000,0x0000007158800000) (1024K)]
  0x0000026d996c5c20 JavaThread "Worker-0"                          [_thread_blocked, id=28340, stack(0x0000007158800000,0x0000007158900000) (1024K)]
  0x0000026d996c8380 JavaThread "Worker-1"                          [_thread_blocked, id=28212, stack(0x0000007158900000,0x0000007158a00000) (1024K)]
  0x0000026d996c4f00 JavaThread "Thread-2"                   daemon [_thread_in_native, id=25448, stack(0x0000007158d00000,0x0000007158e00000) (1024K)]
  0x0000026d996c1a80 JavaThread "Thread-3"                   daemon [_thread_in_native, id=25704, stack(0x0000007158e00000,0x0000007158f00000) (1024K)]
  0x0000026d996c7cf0 JavaThread "Thread-4"                   daemon [_thread_in_native, id=25524, stack(0x0000007158f00000,0x0000007159000000) (1024K)]
  0x0000026d996c2e30 JavaThread "Thread-5"                   daemon [_thread_in_native, id=25536, stack(0x0000007159000000,0x0000007159100000) (1024K)]
  0x0000026d996c2110 JavaThread "Thread-6"                   daemon [_thread_in_native, id=27732, stack(0x0000007159100000,0x0000007159200000) (1024K)]
  0x0000026d996c6940 JavaThread "Thread-7"                   daemon [_thread_in_native, id=12384, stack(0x0000007159200000,0x0000007159300000) (1024K)]
  0x0000026d996c34c0 JavaThread "Thread-8"                   daemon [_thread_in_native, id=28092, stack(0x0000007159300000,0x0000007159400000) (1024K)]
  0x0000026d996c5590 JavaThread "Thread-9"                   daemon [_thread_in_native, id=27432, stack(0x0000007159400000,0x0000007159500000) (1024K)]
  0x0000026d996c62b0 JavaThread "Thread-10"                  daemon [_thread_in_native, id=23628, stack(0x0000007159500000,0x0000007159600000) (1024K)]
  0x0000026d996c6fd0 JavaThread "Thread-11"                  daemon [_thread_in_native, id=11816, stack(0x0000007159600000,0x0000007159700000) (1024K)]
  0x0000026d996c13f0 JavaThread "Thread-12"                  daemon [_thread_in_native, id=26116, stack(0x0000007159700000,0x0000007159800000) (1024K)]
  0x0000026d996c41e0 JavaThread "Thread-13"                  daemon [_thread_in_native, id=26708, stack(0x0000007159800000,0x0000007159900000) (1024K)]
  0x0000026d996c3b50 JavaThread "Thread-14"                  daemon [_thread_in_native, id=22244, stack(0x0000007159900000,0x0000007159a00000) (1024K)]
  0x0000026d996c4870 JavaThread "Thread-15"                  daemon [_thread_in_native, id=25684, stack(0x0000007159a00000,0x0000007159b00000) (1024K)]
  0x0000026d996c8a10 JavaThread "Thread-16"                  daemon [_thread_in_native, id=26488, stack(0x0000007159b00000,0x0000007159c00000) (1024K)]
  0x0000026d996c27a0 JavaThread "Thread-17"                  daemon [_thread_in_native, id=22252, stack(0x0000007159c00000,0x0000007159d00000) (1024K)]
  0x0000026d9b5179c0 JavaThread "Thread-18"                  daemon [_thread_in_native, id=26412, stack(0x0000007159d00000,0x0000007159e00000) (1024K)]
  0x0000026d9b51e950 JavaThread "pool-2-thread-1"                   [_thread_blocked, id=25664, stack(0x0000007159e00000,0x0000007159f00000) (1024K)]
  0x0000026d9b51d5a0 JavaThread "Worker-2"                          [_thread_blocked, id=25472, stack(0x0000007159f00000,0x000000715a000000) (1024K)]
  0x0000026d9b51bb60 JavaThread "WorkspaceEventsHandler"            [_thread_blocked, id=25332, stack(0x000000715a000000,0x000000715a100000) (1024K)]
  0x0000026d9b51c1f0 JavaThread "pool-1-thread-1"                   [_thread_blocked, id=25236, stack(0x000000715a100000,0x000000715a200000) (1024K)]
  0x0000026d9b519400 JavaThread "ForkJoinPool.commonPool-worker-1" daemon [_thread_in_native, id=8680, stack(0x0000007157300000,0x0000007157400000) (1024K)]
  0x0000026d92fabc50 JavaThread "C2 CompilerThread1"         daemon [_thread_in_native, id=27928, stack(0x0000007157600000,0x0000007157700000) (1024K)]
=>0x0000026d990240e0 JavaThread "C2 CompilerThread2"         daemon [_thread_in_native, id=23440, stack(0x0000007157700000,0x0000007157800000) (1024K)]
  0x0000026d9b51cf10 JavaThread "ForkJoinPool.commonPool-worker-2" daemon [_thread_blocked, id=28600, stack(0x000000715a200000,0x000000715a300000) (1024K)]
  0x0000026d9b1189b0 JavaThread "C2 CompilerThread3"         daemon [_thread_in_native, id=27820, stack(0x000000715a300000,0x000000715a400000) (1024K)]
Total: 49

Other Threads:
  0x0000026d3c39e990 VMThread "VM Thread"                           [id=25036, stack(0x0000007156700000,0x0000007156800000) (1024K)]
  0x0000026d505aca00 WatcherThread "VM Periodic Task Thread"        [id=27000, stack(0x0000007156600000,0x0000007156700000) (1024K)]
  0x0000026d3c2fc0a0 WorkerThread "GC Thread#0"                     [id=24020, stack(0x0000007156500000,0x0000007156600000) (1024K)]
  0x0000026d994b25d0 WorkerThread "GC Thread#1"                     [id=28536, stack(0x0000007157800000,0x0000007157900000) (1024K)]
  0x0000026d994b2970 WorkerThread "GC Thread#2"                     [id=24252, stack(0x0000007157900000,0x0000007157a00000) (1024K)]
  0x0000026d9479e6f0 WorkerThread "GC Thread#3"                     [id=28664, stack(0x0000007157a00000,0x0000007157b00000) (1024K)]
  0x0000026d9479eea0 WorkerThread "GC Thread#4"                     [id=28308, stack(0x0000007157b00000,0x0000007157c00000) (1024K)]
  0x0000026d94ce79b0 WorkerThread "GC Thread#5"                     [id=27908, stack(0x0000007157c00000,0x0000007157d00000) (1024K)]
  0x0000026d947c13a0 WorkerThread "GC Thread#6"                     [id=13932, stack(0x0000007158000000,0x0000007158100000) (1024K)]
  0x0000026d947c1740 WorkerThread "GC Thread#7"                     [id=19716, stack(0x0000007158100000,0x0000007158200000) (1024K)]
  0x0000026d997be840 WorkerThread "GC Thread#8"                     [id=2372, stack(0x0000007158500000,0x0000007158600000) (1024K)]
  0x0000026d997bebe0 WorkerThread "GC Thread#9"                     [id=6568, stack(0x0000007158600000,0x0000007158700000) (1024K)]
  0x0000026d997bfe00 WorkerThread "GC Thread#10"                    [id=27764, stack(0x0000007158a00000,0x0000007158b00000) (1024K)]
  0x0000026d997bf320 WorkerThread "GC Thread#11"                    [id=12312, stack(0x0000007158b00000,0x0000007158c00000) (1024K)]
  0x0000026d997bf6c0 WorkerThread "GC Thread#12"                    [id=28132, stack(0x0000007158c00000,0x0000007158d00000) (1024K)]
Total: 15

Threads with active compile tasks:
C2 CompilerThread0  4106 5249   !   4       org.eclipse.osgi.internal.loader.BundleLoader::findClass0 (491 bytes)
C2 CompilerThread1  4106 5366       4       org.eclipse.jdt.internal.compiler.parser.Parser::consumeRule (7755 bytes)
C2 CompilerThread2  4106 5376       4       java.lang.reflect.AccessibleObject::checkAccess (40 bytes)
C2 CompilerThread3  4106 5443       4       org.eclipse.jdt.internal.compiler.util.CharDeduplication::sharedCopyOfRange (190 bytes)
Total: 4

VM state: not at safepoint (normal execution)

VM Mutex/Monitor currently owned by a thread: None

Heap address: 0x00000000c0000000, size: 1024 MB, Compressed Oops mode: 32-bit

CDS archive(s) mapped at: [0x0000026d51000000-0x0000026d51ba0000-0x0000026d51ba0000), size 12189696, SharedBaseAddress: 0x0000026d51000000, ArchiveRelocationMode: 1.
Compressed class space mapped at: 0x0000026d52000000-0x0000026d92000000, reserved size: 1073741824
Narrow klass base: 0x0000026d51000000, Narrow klass shift: 0, Narrow klass range: 0x100000000

GC Precious Log:
 CardTable entry size: 512
 CPUs: 16 total, 16 available
 Memory: 15613M
 Large Page Support: Disabled
 NUMA Support: Disabled
 Compressed Oops: Enabled (32-bit)
 Alignments: Space 512K, Generation 512K, Heap 2M
 Heap Min Capacity: 100M
 Heap Initial Capacity: 100M
 Heap Max Capacity: 1G
 Pre-touch: Disabled
 Parallel Workers: 13

Heap:
 PSYoungGen      total 23552K, used 6395K [0x00000000eab00000, 0x00000000ec380000, 0x0000000100000000)
  eden space 22016K, 22% used [0x00000000eab00000,0x00000000eafde640,0x00000000ec080000)
  from space 1536K, 91% used [0x00000000ec080000,0x00000000ec1e0880,0x00000000ec200000)
  to   space 1536K, 0% used [0x00000000ec200000,0x00000000ec200000,0x00000000ec380000)
 ParOldGen       total 68608K, used 29820K [0x00000000c0000000, 0x00000000c4300000, 0x00000000eab00000)
  object space 68608K, 43% used [0x00000000c0000000,0x00000000c1d1f0c8,0x00000000c4300000)
 Metaspace       used 39823K, committed 40832K, reserved 1114112K
  class space    used 3876K, committed 4288K, reserved 1048576K

Card table byte_map: [0x0000026d3bc90000,0x0000026d3bea0000] _byte_map_base: 0x0000026d3b690000

Marking Bits: (ParMarkBitMap*) 0x00007ff9a4923260
 Begin Bits: [0x0000026d4e4d0000, 0x0000026d4f4d0000)
 End Bits:   [0x0000026d4f4d0000, 0x0000026d504d0000)

Polling page: 0x0000026d3a1d0000

Metaspace:

Usage:
  Non-class:     35.10 MB used.
      Class:      3.79 MB used.
       Both:     38.89 MB used.

Virtual space:
  Non-class space:       64.00 MB reserved,      35.69 MB ( 56%) committed,  1 nodes.
      Class space:        1.00 GB reserved,       4.19 MB ( <1%) committed,  1 nodes.
             Both:        1.06 GB reserved,      39.88 MB (  4%) committed. 

Chunk freelists:
   Non-Class:  11.73 MB
       Class:  11.83 MB
        Both:  23.56 MB

MaxMetaspaceSize: unlimited
CompressedClassSpaceSize: 1.00 GB
Initial GC threshold: 21.00 MB
Current GC threshold: 58.38 MB
CDS: on
 - commit_granule_bytes: 65536.
 - commit_granule_words: 8192.
 - virtual_space_node_default_size: 8388608.
 - enlarge_chunks_in_place: 1.
 - use_allocation_guard: 0.


Internal statistics:

num_allocs_failed_limit: 6.
num_arena_births: 720.
num_arena_deaths: 14.
num_vsnodes_births: 2.
num_vsnodes_deaths: 0.
num_space_committed: 638.
num_space_uncommitted: 0.
num_chunks_returned_to_freelist: 20.
num_chunks_taken_from_freelist: 2350.
num_chunk_merges: 11.
num_chunk_splits: 1522.
num_chunks_enlarged: 952.
num_inconsistent_stats: 0.

CodeHeap 'non-profiled nmethods': size=119168Kb used=3052Kb max_used=3052Kb free=116116Kb
 bounds [0x0000026d47070000, 0x0000026d47370000, 0x0000026d4e4d0000]
CodeHeap 'profiled nmethods': size=119104Kb used=10738Kb max_used=10738Kb free=108365Kb
 bounds [0x0000026d3f4d0000, 0x0000026d3ff50000, 0x0000026d46920000]
CodeHeap 'non-nmethods': size=7488Kb used=3083Kb max_used=3132Kb free=4404Kb
 bounds [0x0000026d46920000, 0x0000026d46c50000, 0x0000026d47070000]
 total_blobs=5755 nmethods=5052 adapters=606
 compilation: enabled
              stopped_count=0, restarted_count=0
 full_count=0

Compilation events (20 events):
Event: 4.078 Thread 0x0000026d92f51540 nmethod 5449 0x0000026d3f5e8d90 code [0x0000026d3f5e8fc0, 0x0000026d3f5e9628]
Event: 4.078 Thread 0x0000026d92f51540 5454       3       com.google.gson.internal.bind.TypeAdapterRuntimeTypeWrapper::getRuntimeTypeIfMoreSpecific (25 bytes)
Event: 4.078 Thread 0x0000026d92f51540 nmethod 5454 0x0000026d3f556710 code [0x0000026d3f5568c0, 0x0000026d3f556c78]
Event: 4.079 Thread 0x0000026d92e57b40 nmethod 5451 0x0000026d3f555790 code [0x0000026d3f555a20, 0x0000026d3f5563b8]
Event: 4.079 Thread 0x0000026d92f51540 5455       3       java.io.StringWriter::append (6 bytes)
Event: 4.079 Thread 0x0000026d92e57b40 5456       3       java.io.StringWriter::append (10 bytes)
Event: 4.079 Thread 0x0000026d9b1189b0 nmethod 5431 0x0000026d47369610 code [0x0000026d473697e0, 0x0000026d47369aa0]
Event: 4.079 Thread 0x0000026d9b1189b0 5444       4       org.eclipse.jdt.internal.compiler.parser.Scanner::scanIdentifierOrKeyword (271 bytes)
Event: 4.079 Thread 0x0000026d92e57b40 nmethod 5456 0x0000026d3f554f10 code [0x0000026d3f555100, 0x0000026d3f5555b0]
Event: 4.079 Thread 0x0000026d92f51540 nmethod 5455 0x0000026d3f554610 code [0x0000026d3f554800, 0x0000026d3f554d28]
Event: 4.079 Thread 0x0000026d92f4de80 nmethod 5453 0x0000026d3ff49490 code [0x0000026d3ff49700, 0x0000026d3ff4a560]
Event: 4.080 Thread 0x0000026d930df820 nmethod 5452 0x0000026d3ff4a910 code [0x0000026d3ff4ad00, 0x0000026d3ff4c310]
Event: 4.081 Thread 0x0000026d930df820 5457       3       org.eclipse.jdt.internal.compiler.lookup.ModuleBinding::completeIfNeeded (53 bytes)
Event: 4.081 Thread 0x0000026d92f51540 5459       1       java.util.stream.Collectors$CollectorImpl::characteristics (5 bytes)
Event: 4.081 Thread 0x0000026d930df820 nmethod 5457 0x0000026d3f553c90 code [0x0000026d3f553e80, 0x0000026d3f554428]
Event: 4.081 Thread 0x0000026d92f51540 nmethod 5459 0x0000026d47369d90 code [0x0000026d47369f20, 0x0000026d47369fe8]
Event: 4.081 Thread 0x0000026d92f51540 5460       3       org.eclipse.jdt.internal.compiler.ast.ImportReference::isStatic (14 bytes)
Event: 4.081 Thread 0x0000026d92f51540 nmethod 5460 0x0000026d3f553690 code [0x0000026d3f553840, 0x0000026d3f5539b8]
Event: 4.082 Thread 0x0000026d9b1189b0 nmethod 5444 0x0000026d4736a090 code [0x0000026d4736a240, 0x0000026d4736a508]
Event: 4.082 Thread 0x0000026d9b1189b0 5434       4       org.eclipse.jdt.internal.compiler.util.CharDeduplication::hashCode (37 bytes)

GC Heap History (20 events):
Event: 2.133 GC heap before
{Heap before GC invocations=12 (full 1):
 PSYoungGen      total 27136K, used 27075K [0x00000000eab00000, 0x00000000ecb00000, 0x0000000100000000)
  eden space 23040K, 100% used [0x00000000eab00000,0x00000000ec180000,0x00000000ec180000)
  from space 4096K, 98% used [0x00000000ec700000,0x00000000ecaf0f48,0x00000000ecb00000)
  to   space 4096K, 0% used [0x00000000ec300000,0x00000000ec300000,0x00000000ec700000)
 ParOldGen       total 68608K, used 13648K [0x00000000c0000000, 0x00000000c4300000, 0x00000000eab00000)
  object space 68608K, 19% used [0x00000000c0000000,0x00000000c0d540c8,0x00000000c4300000)
 Metaspace       used 31890K, committed 32768K, reserved 1114112K
  class space    used 3087K, committed 3456K, reserved 1048576K
}
Event: 2.138 GC heap after
{Heap after GC invocations=12 (full 1):
 PSYoungGen      total 25600K, used 2865K [0x00000000eab00000, 0x00000000ec800000, 0x0000000100000000)
  eden space 22528K, 0% used [0x00000000eab00000,0x00000000eab00000,0x00000000ec100000)
  from space 3072K, 93% used [0x00000000ec300000,0x00000000ec5cc420,0x00000000ec600000)
  to   space 2048K, 0% used [0x00000000ec600000,0x00000000ec600000,0x00000000ec800000)
 ParOldGen       total 68608K, used 17369K [0x00000000c0000000, 0x00000000c4300000, 0x00000000eab00000)
  object space 68608K, 25% used [0x00000000c0000000,0x00000000c10f6650,0x00000000c4300000)
 Metaspace       used 31890K, committed 32768K, reserved 1114112K
  class space    used 3087K, committed 3456K, reserved 1048576K
}
Event: 2.180 GC heap before
{Heap before GC invocations=13 (full 1):
 PSYoungGen      total 25600K, used 25393K [0x00000000eab00000, 0x00000000ec800000, 0x0000000100000000)
  eden space 22528K, 100% used [0x00000000eab00000,0x00000000ec100000,0x00000000ec100000)
  from space 3072K, 93% used [0x00000000ec300000,0x00000000ec5cc420,0x00000000ec600000)
  to   space 2048K, 0% used [0x00000000ec600000,0x00000000ec600000,0x00000000ec800000)
 ParOldGen       total 68608K, used 17369K [0x00000000c0000000, 0x00000000c4300000, 0x00000000eab00000)
  object space 68608K, 25% used [0x00000000c0000000,0x00000000c10f6650,0x00000000c4300000)
 Metaspace       used 31904K, committed 32768K, reserved 1114112K
  class space    used 3087K, committed 3456K, reserved 1048576K
}
Event: 2.183 GC heap after
{Heap after GC invocations=13 (full 1):
 PSYoungGen      total 24064K, used 2018K [0x00000000eab00000, 0x00000000ecb80000, 0x0000000100000000)
  eden space 22016K, 0% used [0x00000000eab00000,0x00000000eab00000,0x00000000ec080000)
  from space 2048K, 98% used [0x00000000ec600000,0x00000000ec7f8800,0x00000000ec800000)
  to   space 5632K, 0% used [0x00000000ec080000,0x00000000ec080000,0x00000000ec600000)
 ParOldGen       total 68608K, used 20356K [0x00000000c0000000, 0x00000000c4300000, 0x00000000eab00000)
  object space 68608K, 29% used [0x00000000c0000000,0x00000000c13e1358,0x00000000c4300000)
 Metaspace       used 31904K, committed 32768K, reserved 1114112K
  class space    used 3087K, committed 3456K, reserved 1048576K
}
Event: 2.229 GC heap before
{Heap before GC invocations=14 (full 1):
 PSYoungGen      total 24064K, used 24034K [0x00000000eab00000, 0x00000000ecb80000, 0x0000000100000000)
  eden space 22016K, 100% used [0x00000000eab00000,0x00000000ec080000,0x00000000ec080000)
  from space 2048K, 98% used [0x00000000ec600000,0x00000000ec7f8800,0x00000000ec800000)
  to   space 5632K, 0% used [0x00000000ec080000,0x00000000ec080000,0x00000000ec600000)
 ParOldGen       total 68608K, used 20356K [0x00000000c0000000, 0x00000000c4300000, 0x00000000eab00000)
  object space 68608K, 29% used [0x00000000c0000000,0x00000000c13e1358,0x00000000c4300000)
 Metaspace       used 31911K, committed 32768K, reserved 1114112K
  class space    used 3087K, committed 3456K, reserved 1048576K
}
Event: 2.231 GC heap after
{Heap after GC invocations=14 (full 1):
 PSYoungGen      total 25088K, used 2596K [0x00000000eab00000, 0x00000000ec780000, 0x0000000100000000)
  eden space 22016K, 0% used [0x00000000eab00000,0x00000000eab00000,0x00000000ec080000)
  from space 3072K, 84% used [0x00000000ec080000,0x00000000ec309000,0x00000000ec380000)
  to   space 3584K, 0% used [0x00000000ec400000,0x00000000ec400000,0x00000000ec780000)
 ParOldGen       total 68608K, used 22228K [0x00000000c0000000, 0x00000000c4300000, 0x00000000eab00000)
  object space 68608K, 32% used [0x00000000c0000000,0x00000000c15b5358,0x00000000c4300000)
 Metaspace       used 31911K, committed 32768K, reserved 1114112K
  class space    used 3087K, committed 3456K, reserved 1048576K
}
Event: 2.286 GC heap before
{Heap before GC invocations=15 (full 1):
 PSYoungGen      total 25088K, used 24612K [0x00000000eab00000, 0x00000000ec780000, 0x0000000100000000)
  eden space 22016K, 100% used [0x00000000eab00000,0x00000000ec080000,0x00000000ec080000)
  from space 3072K, 84% used [0x00000000ec080000,0x00000000ec309000,0x00000000ec380000)
  to   space 3584K, 0% used [0x00000000ec400000,0x00000000ec400000,0x00000000ec780000)
 ParOldGen       total 68608K, used 22228K [0x00000000c0000000, 0x00000000c4300000, 0x00000000eab00000)
  object space 68608K, 32% used [0x00000000c0000000,0x00000000c15b5358,0x00000000c4300000)
 Metaspace       used 31954K, committed 32960K, reserved 1114112K
  class space    used 3088K, committed 3520K, reserved 1048576K
}
Event: 2.288 GC heap after
{Heap after GC invocations=15 (full 1):
 PSYoungGen      total 24576K, used 2528K [0x00000000eab00000, 0x00000000ec680000, 0x0000000100000000)
  eden space 22016K, 0% used [0x00000000eab00000,0x00000000eab00000,0x00000000ec080000)
  from space 2560K, 98% used [0x00000000ec400000,0x00000000ec678010,0x00000000ec680000)
  to   space 3072K, 0% used [0x00000000ec080000,0x00000000ec080000,0x00000000ec380000)
 ParOldGen       total 68608K, used 24656K [0x00000000c0000000, 0x00000000c4300000, 0x00000000eab00000)
  object space 68608K, 35% used [0x00000000c0000000,0x00000000c1814358,0x00000000c4300000)
 Metaspace       used 31954K, committed 32960K, reserved 1114112K
  class space    used 3088K, committed 3520K, reserved 1048576K
}
Event: 2.459 GC heap before
{Heap before GC invocations=16 (full 1):
 PSYoungGen      total 24576K, used 24544K [0x00000000eab00000, 0x00000000ec680000, 0x0000000100000000)
  eden space 22016K, 100% used [0x00000000eab00000,0x00000000ec080000,0x00000000ec080000)
  from space 2560K, 98% used [0x00000000ec400000,0x00000000ec678010,0x00000000ec680000)
  to   space 3072K, 0% used [0x00000000ec080000,0x00000000ec080000,0x00000000ec380000)
 ParOldGen       total 68608K, used 24656K [0x00000000c0000000, 0x00000000c4300000, 0x00000000eab00000)
  object space 68608K, 35% used [0x00000000c0000000,0x00000000c1814358,0x00000000c4300000)
 Metaspace       used 33440K, committed 34368K, reserved 1114112K
  class space    used 3285K, committed 3712K, reserved 1048576K
}
Event: 2.461 GC heap after
{Heap after GC invocations=16 (full 1):
 PSYoungGen      total 24064K, used 1684K [0x00000000eab00000, 0x00000000ec480000, 0x0000000100000000)
  eden space 22016K, 0% used [0x00000000eab00000,0x00000000eab00000,0x00000000ec080000)
  from space 2048K, 82% used [0x00000000ec080000,0x00000000ec2253c8,0x00000000ec280000)
  to   space 2048K, 0% used [0x00000000ec280000,0x00000000ec280000,0x00000000ec480000)
 ParOldGen       total 68608K, used 27017K [0x00000000c0000000, 0x00000000c4300000, 0x00000000eab00000)
  object space 68608K, 39% used [0x00000000c0000000,0x00000000c1a62568,0x00000000c4300000)
 Metaspace       used 33440K, committed 34368K, reserved 1114112K
  class space    used 3285K, committed 3712K, reserved 1048576K
}
Event: 2.731 GC heap before
{Heap before GC invocations=17 (full 1):
 PSYoungGen      total 24064K, used 20922K [0x00000000eab00000, 0x00000000ec480000, 0x0000000100000000)
  eden space 22016K, 87% used [0x00000000eab00000,0x00000000ebdc9598,0x00000000ec080000)
  from space 2048K, 82% used [0x00000000ec080000,0x00000000ec2253c8,0x00000000ec280000)
  to   space 2048K, 0% used [0x00000000ec280000,0x00000000ec280000,0x00000000ec480000)
 ParOldGen       total 68608K, used 27017K [0x00000000c0000000, 0x00000000c4300000, 0x00000000eab00000)
  object space 68608K, 39% used [0x00000000c0000000,0x00000000c1a62568,0x00000000c4300000)
 Metaspace       used 34925K, committed 35840K, reserved 1114112K
  class space    used 3425K, committed 3840K, reserved 1048576K
}
Event: 2.733 GC heap after
{Heap after GC invocations=17 (full 1):
 PSYoungGen      total 23040K, used 544K [0x00000000eab00000, 0x00000000ec380000, 0x0000000100000000)
  eden space 22016K, 0% used [0x00000000eab00000,0x00000000eab00000,0x00000000ec080000)
  from space 1024K, 53% used [0x00000000ec280000,0x00000000ec308010,0x00000000ec380000)
  to   space 1024K, 0% used [0x00000000ec180000,0x00000000ec180000,0x00000000ec280000)
 ParOldGen       total 68608K, used 28556K [0x00000000c0000000, 0x00000000c4300000, 0x00000000eab00000)
  object space 68608K, 41% used [0x00000000c0000000,0x00000000c1be32d0,0x00000000c4300000)
 Metaspace       used 34925K, committed 35840K, reserved 1114112K
  class space    used 3425K, committed 3840K, reserved 1048576K
}
Event: 2.733 GC heap before
{Heap before GC invocations=18 (full 2):
 PSYoungGen      total 23040K, used 544K [0x00000000eab00000, 0x00000000ec380000, 0x0000000100000000)
  eden space 22016K, 0% used [0x00000000eab00000,0x00000000eab00000,0x00000000ec080000)
  from space 1024K, 53% used [0x00000000ec280000,0x00000000ec308010,0x00000000ec380000)
  to   space 1024K, 0% used [0x00000000ec180000,0x00000000ec180000,0x00000000ec280000)
 ParOldGen       total 68608K, used 28556K [0x00000000c0000000, 0x00000000c4300000, 0x00000000eab00000)
  object space 68608K, 41% used [0x00000000c0000000,0x00000000c1be32d0,0x00000000c4300000)
 Metaspace       used 34925K, committed 35840K, reserved 1114112K
  class space    used 3425K, committed 3840K, reserved 1048576K
}
Event: 2.765 GC heap after
{Heap after GC invocations=18 (full 2):
 PSYoungGen      total 23040K, used 0K [0x00000000eab00000, 0x00000000ec380000, 0x0000000100000000)
  eden space 22016K, 0% used [0x00000000eab00000,0x00000000eab00000,0x00000000ec080000)
  from space 1024K, 0% used [0x00000000ec280000,0x00000000ec280000,0x00000000ec380000)
  to   space 1024K, 0% used [0x00000000ec180000,0x00000000ec180000,0x00000000ec280000)
 ParOldGen       total 68608K, used 28053K [0x00000000c0000000, 0x00000000c4300000, 0x00000000eab00000)
  object space 68608K, 40% used [0x00000000c0000000,0x00000000c1b65648,0x00000000c4300000)
 Metaspace       used 34925K, committed 35840K, reserved 1114112K
  class space    used 3425K, committed 3840K, reserved 1048576K
}
Event: 2.938 GC heap before
{Heap before GC invocations=19 (full 2):
 PSYoungGen      total 23040K, used 21849K [0x00000000eab00000, 0x00000000ec380000, 0x0000000100000000)
  eden space 22016K, 99% used [0x00000000eab00000,0x00000000ec0565d0,0x00000000ec080000)
  from space 1024K, 0% used [0x00000000ec280000,0x00000000ec280000,0x00000000ec380000)
  to   space 1024K, 0% used [0x00000000ec180000,0x00000000ec180000,0x00000000ec280000)
 ParOldGen       total 68608K, used 28053K [0x00000000c0000000, 0x00000000c4300000, 0x00000000eab00000)
  object space 68608K, 40% used [0x00000000c0000000,0x00000000c1b65648,0x00000000c4300000)
 Metaspace       used 36099K, committed 37056K, reserved 1114112K
  class space    used 3529K, committed 3968K, reserved 1048576K
}
Event: 2.939 GC heap after
{Heap after GC invocations=19 (full 2):
 PSYoungGen      total 23040K, used 1020K [0x00000000eab00000, 0x00000000ec480000, 0x0000000100000000)
  eden space 22016K, 0% used [0x00000000eab00000,0x00000000eab00000,0x00000000ec080000)
  from space 1024K, 99% used [0x00000000ec180000,0x00000000ec27f3d8,0x00000000ec280000)
  to   space 2048K, 0% used [0x00000000ec280000,0x00000000ec280000,0x00000000ec480000)
 ParOldGen       total 68608K, used 28743K [0x00000000c0000000, 0x00000000c4300000, 0x00000000eab00000)
  object space 68608K, 41% used [0x00000000c0000000,0x00000000c1c11cf0,0x00000000c4300000)
 Metaspace       used 36099K, committed 37056K, reserved 1114112K
  class space    used 3529K, committed 3968K, reserved 1048576K
}
Event: 3.002 GC heap before
{Heap before GC invocations=20 (full 2):
 PSYoungGen      total 23040K, used 23036K [0x00000000eab00000, 0x00000000ec480000, 0x0000000100000000)
  eden space 22016K, 100% used [0x00000000eab00000,0x00000000ec080000,0x00000000ec080000)
  from space 1024K, 99% used [0x00000000ec180000,0x00000000ec27f3d8,0x00000000ec280000)
  to   space 2048K, 0% used [0x00000000ec280000,0x00000000ec280000,0x00000000ec480000)
 ParOldGen       total 68608K, used 28743K [0x00000000c0000000, 0x00000000c4300000, 0x00000000eab00000)
  object space 68608K, 41% used [0x00000000c0000000,0x00000000c1c11cf0,0x00000000c4300000)
 Metaspace       used 36110K, committed 37056K, reserved 1114112K
  class space    used 3529K, committed 3968K, reserved 1048576K
}
Event: 3.004 GC heap after
{Heap after GC invocations=20 (full 2):
 PSYoungGen      total 23040K, used 999K [0x00000000eab00000, 0x00000000ec380000, 0x0000000100000000)
  eden space 22016K, 0% used [0x00000000eab00000,0x00000000eab00000,0x00000000ec080000)
  from space 1024K, 97% used [0x00000000ec280000,0x00000000ec379e68,0x00000000ec380000)
  to   space 1536K, 0% used [0x00000000ec080000,0x00000000ec080000,0x00000000ec200000)
 ParOldGen       total 68608K, used 29796K [0x00000000c0000000, 0x00000000c4300000, 0x00000000eab00000)
  object space 68608K, 43% used [0x00000000c0000000,0x00000000c1d190c8,0x00000000c4300000)
 Metaspace       used 36110K, committed 37056K, reserved 1114112K
  class space    used 3529K, committed 3968K, reserved 1048576K
}
Event: 4.034 GC heap before
{Heap before GC invocations=21 (full 2):
 PSYoungGen      total 23040K, used 23015K [0x00000000eab00000, 0x00000000ec380000, 0x0000000100000000)
  eden space 22016K, 100% used [0x00000000eab00000,0x00000000ec080000,0x00000000ec080000)
  from space 1024K, 97% used [0x00000000ec280000,0x00000000ec379e68,0x00000000ec380000)
  to   space 1536K, 0% used [0x00000000ec080000,0x00000000ec080000,0x00000000ec200000)
 ParOldGen       total 68608K, used 29796K [0x00000000c0000000, 0x00000000c4300000, 0x00000000eab00000)
  object space 68608K, 43% used [0x00000000c0000000,0x00000000c1d190c8,0x00000000c4300000)
 Metaspace       used 39076K, committed 40064K, reserved 1114112K
  class space    used 3797K, committed 4224K, reserved 1048576K
}
Event: 4.035 GC heap after
{Heap after GC invocations=21 (full 2):
 PSYoungGen      total 23552K, used 1410K [0x00000000eab00000, 0x00000000ec380000, 0x0000000100000000)
  eden space 22016K, 0% used [0x00000000eab00000,0x00000000eab00000,0x00000000ec080000)
  from space 1536K, 91% used [0x00000000ec080000,0x00000000ec1e0880,0x00000000ec200000)
  to   space 1536K, 0% used [0x00000000ec200000,0x00000000ec200000,0x00000000ec380000)
 ParOldGen       total 68608K, used 29820K [0x00000000c0000000, 0x00000000c4300000, 0x00000000eab00000)
  object space 68608K, 43% used [0x00000000c0000000,0x00000000c1d1f0c8,0x00000000c4300000)
 Metaspace       used 39076K, committed 40064K, reserved 1114112K
  class space    used 3797K, committed 4224K, reserved 1048576K
}

Dll operation events (10 events):
Event: 0.007 Loaded shared library c:\Users\ASUS\.vscode\extensions\redhat.java-1.40.0-win32-x64\jre\21.0.6-win32-x86_64\bin\java.dll
Event: 0.046 Loaded shared library c:\Users\ASUS\.vscode\extensions\redhat.java-1.40.0-win32-x64\jre\21.0.6-win32-x86_64\bin\zip.dll
Event: 0.058 Loaded shared library C:\Users\ASUS\.vscode\extensions\redhat.java-1.40.0-win32-x64\jre\21.0.6-win32-x86_64\bin\instrument.dll
Event: 0.062 Loaded shared library C:\Users\ASUS\.vscode\extensions\redhat.java-1.40.0-win32-x64\jre\21.0.6-win32-x86_64\bin\net.dll
Event: 0.064 Loaded shared library C:\Users\ASUS\.vscode\extensions\redhat.java-1.40.0-win32-x64\jre\21.0.6-win32-x86_64\bin\nio.dll
Event: 0.066 Loaded shared library C:\Users\ASUS\.vscode\extensions\redhat.java-1.40.0-win32-x64\jre\21.0.6-win32-x86_64\bin\zip.dll
Event: 0.077 Loaded shared library C:\Users\ASUS\.vscode\extensions\redhat.java-1.40.0-win32-x64\jre\21.0.6-win32-x86_64\bin\jimage.dll
Event: 0.119 Loaded shared library c:\Users\ASUS\.vscode\extensions\redhat.java-1.40.0-win32-x64\jre\21.0.6-win32-x86_64\bin\verify.dll
Event: 0.688 Loaded shared library C:\Users\ASUS\AppData\Roaming\Code\User\globalStorage\redhat.java\1.40.0\config_ss_win\org.eclipse.equinox.launcher\org.eclipse.equinox.launcher.win32.win32.x86_64_1.2.1200.v20250212-0927\eclipse_11909.dll
Event: 1.094 Loaded shared library C:\Users\ASUS\AppData\Local\Temp\jna-2018896\jna14473204982351448300.dll

Deoptimization events (20 events):
Event: 4.016 Thread 0x0000026d9b519400 DEOPT PACKING pc=0x0000026d471da628 sp=0x00000071573fe2b0
Event: 4.016 Thread 0x0000026d9b519400 DEOPT UNPACKING pc=0x0000026d46973aa2 sp=0x00000071573fe258 mode 2
Event: 4.016 Thread 0x0000026d9b519400 Uncommon trap: trap_request=0xffffffc6 fr.pc=0x0000026d471da628 relative=0x0000000000000328
Event: 4.016 Thread 0x0000026d9b519400 Uncommon trap: reason=bimorphic_or_optimized_type_check action=maybe_recompile pc=0x0000026d471da628 method=java.util.Collections$UnmodifiableMap.get(Ljava/lang/Object;)Ljava/lang/Object; @ 5 c2
Event: 4.016 Thread 0x0000026d9b519400 DEOPT PACKING pc=0x0000026d471da628 sp=0x00000071573fe2b0
Event: 4.016 Thread 0x0000026d9b519400 DEOPT UNPACKING pc=0x0000026d46973aa2 sp=0x00000071573fe258 mode 2
Event: 4.039 Thread 0x0000026d9b519400 Uncommon trap: trap_request=0xffffff6e fr.pc=0x0000026d470e8654 relative=0x0000000000000194
Event: 4.039 Thread 0x0000026d9b519400 Uncommon trap: reason=loop_limit_check action=maybe_recompile pc=0x0000026d470e8654 method=org.eclipse.jdt.internal.core.util.HashtableOfArrayToObject.hashCode([Ljava/lang/Object;I)I @ 27 c2
Event: 4.039 Thread 0x0000026d9b519400 DEOPT PACKING pc=0x0000026d470e8654 sp=0x00000071573fdbd0
Event: 4.039 Thread 0x0000026d9b519400 DEOPT UNPACKING pc=0x0000026d46973aa2 sp=0x00000071573fdb58 mode 2
Event: 4.065 Thread 0x0000026d9b51cf10 DEOPT PACKING pc=0x0000026d3f86aa9f sp=0x000000715a2fe5d0
Event: 4.065 Thread 0x0000026d9b51cf10 DEOPT UNPACKING pc=0x0000026d46974242 sp=0x000000715a2fdaa8 mode 0
Event: 4.071 Thread 0x0000026d9b519400 Uncommon trap: trap_request=0xffffff45 fr.pc=0x0000026d4724a96c relative=0x000000000000030c
Event: 4.071 Thread 0x0000026d9b519400 Uncommon trap: reason=unstable_if action=reinterpret pc=0x0000026d4724a96c method=jdk.internal.jimage.ImageStringsReader.stringFromByteBufferMatches(Ljava/nio/ByteBuffer;ILjava/lang/String;I)I @ 59 c2
Event: 4.071 Thread 0x0000026d9b519400 DEOPT PACKING pc=0x0000026d4724a96c sp=0x00000071573fc990
Event: 4.071 Thread 0x0000026d9b519400 DEOPT UNPACKING pc=0x0000026d46973aa2 sp=0x00000071573fc908 mode 2
Event: 4.071 Thread 0x0000026d9b519400 Uncommon trap: trap_request=0xffffff45 fr.pc=0x0000026d4725e558 relative=0x0000000000000858
Event: 4.071 Thread 0x0000026d9b519400 Uncommon trap: reason=unstable_if action=reinterpret pc=0x0000026d4725e558 method=jdk.internal.jrtfs.JrtFileSystem.checkNode(Ljdk/internal/jrtfs/JrtPath;)Ljdk/internal/jimage/ImageReader$Node; @ 16 c2
Event: 4.071 Thread 0x0000026d9b519400 DEOPT PACKING pc=0x0000026d4725e558 sp=0x00000071573fcd30
Event: 4.071 Thread 0x0000026d9b519400 DEOPT UNPACKING pc=0x0000026d46973aa2 sp=0x00000071573fcd40 mode 2

Classes loaded (20 events):
Event: 3.933 Loading class java/util/concurrent/CompletableFuture$UniExceptionally
Event: 3.933 Loading class java/util/concurrent/CompletableFuture$UniExceptionally done
Event: 3.952 Loading class java/lang/UnsupportedClassVersionError
Event: 3.952 Loading class java/lang/UnsupportedClassVersionError done
Event: 3.952 Loading class java/io/FileReader
Event: 3.952 Loading class java/io/FileReader done
Event: 3.990 Loading class java/util/stream/MatchOps$MatchKind
Event: 3.990 Loading class java/util/stream/MatchOps$MatchKind done
Event: 3.990 Loading class java/util/stream/MatchOps
Event: 3.990 Loading class java/util/stream/MatchOps done
Event: 3.990 Loading class java/util/stream/MatchOps$MatchOp
Event: 3.990 Loading class java/util/stream/MatchOps$MatchOp done
Event: 3.991 Loading class java/util/stream/MatchOps$BooleanTerminalSink
Event: 3.991 Loading class java/util/stream/MatchOps$BooleanTerminalSink done
Event: 3.991 Loading class java/util/stream/MatchOps$1MatchSink
Event: 3.991 Loading class java/util/stream/MatchOps$1MatchSink done
Event: 4.061 Loading class java/util/stream/ReduceOps$4
Event: 4.061 Loading class java/util/stream/ReduceOps$4 done
Event: 4.061 Loading class java/util/stream/ReduceOps$4ReducingSink
Event: 4.061 Loading class java/util/stream/ReduceOps$4ReducingSink done

Classes unloaded (7 events):
Event: 1.350 Thread 0x0000026d3c39e990 Unloading class 0x0000026d5217c000 'java/lang/invoke/LambdaForm$MH+0x0000026d5217c000'
Event: 1.350 Thread 0x0000026d3c39e990 Unloading class 0x0000026d5217bc00 'java/lang/invoke/LambdaForm$MH+0x0000026d5217bc00'
Event: 1.350 Thread 0x0000026d3c39e990 Unloading class 0x0000026d5217b800 'java/lang/invoke/LambdaForm$MH+0x0000026d5217b800'
Event: 1.350 Thread 0x0000026d3c39e990 Unloading class 0x0000026d5217b400 'java/lang/invoke/LambdaForm$MH+0x0000026d5217b400'
Event: 1.350 Thread 0x0000026d3c39e990 Unloading class 0x0000026d5217b000 'java/lang/invoke/LambdaForm$BMH+0x0000026d5217b000'
Event: 1.350 Thread 0x0000026d3c39e990 Unloading class 0x0000026d5217ac00 'java/lang/invoke/LambdaForm$DMH+0x0000026d5217ac00'
Event: 1.350 Thread 0x0000026d3c39e990 Unloading class 0x0000026d52179800 'java/lang/invoke/LambdaForm$DMH+0x0000026d52179800'

Classes redefined (0 events):
No events

Internal exceptions (20 events):
Event: 2.024 Thread 0x0000026d9b51c1f0 Exception <a 'java/lang/NoSuchMethodError'{0x00000000eb456b88}: 'java.lang.Object java.lang.invoke.DirectMethodHandle$Holder.invokeStaticInit(java.lang.Object, java.lang.Object, java.lang.Object, java.lang.Object, java.lang.Object, java.lang.Object, java.lang.Object)'> (0x00000000eb456b88) 
thrown [s\src\hotspot\share\interpreter\linkResolver.cpp, line 773]
Event: 2.024 Thread 0x0000026d9b51c1f0 Exception <a 'java/lang/NoSuchMethodError'{0x00000000eb45bb40}: 'java.lang.Object java.lang.invoke.Invokers$Holder.invoke_MT(java.lang.Object, java.lang.Object, java.lang.Object, java.lang.Object, java.lang.Object, java.lang.Object, java.lang.Object, java.lang.Object, java.lang.Object, java.lang.Object)'> (0x00000000eb45bb40) 
thrown [s\src\hotspot\share\interpreter\linkResolver.cpp, line 773]
Event: 2.027 Thread 0x0000026d9b51c1f0 Exception <a 'java/lang/NoSuchMethodError'{0x00000000eb49b8a8}: 'int java.lang.invoke.DirectMethodHandle$Holder.invokeVirtual(java.lang.Object, java.lang.Object, java.lang.Object)'> (0x00000000eb49b8a8) 
thrown [s\src\hotspot\share\interpreter\linkResolver.cpp, line 773]
Event: 2.028 Thread 0x0000026d9b51c1f0 Exception <a 'java/lang/NoSuchMethodError'{0x00000000eb49fc50}: 'int java.lang.invoke.DirectMethodHandle$Holder.invokeStaticInit(java.lang.Object, int, int)'> (0x00000000eb49fc50) 
thrown [s\src\hotspot\share\interpreter\linkResolver.cpp, line 773]
Event: 2.028 Thread 0x0000026d9b51c1f0 Exception <a 'java/lang/NoSuchMethodError'{0x00000000eb4a73f8}: 'int java.lang.invoke.DirectMethodHandle$Holder.invokeStaticInit(java.lang.Object, long, long)'> (0x00000000eb4a73f8) 
thrown [s\src\hotspot\share\interpreter\linkResolver.cpp, line 773]
Event: 2.028 Thread 0x0000026d9b51c1f0 Exception <a 'java/lang/NoSuchMethodError'{0x00000000eb4ae140}: 'int java.lang.invoke.DirectMethodHandle$Holder.invokeStaticInit(java.lang.Object, float, float)'> (0x00000000eb4ae140) 
thrown [s\src\hotspot\share\interpreter\linkResolver.cpp, line 773]
Event: 2.028 Thread 0x0000026d9b51c1f0 Exception <a 'java/lang/NoSuchMethodError'{0x00000000eb4b4e80}: 'int java.lang.invoke.DirectMethodHandle$Holder.invokeStaticInit(java.lang.Object, double, double)'> (0x00000000eb4b4e80) 
thrown [s\src\hotspot\share\interpreter\linkResolver.cpp, line 773]
Event: 2.029 Thread 0x0000026d9b51c1f0 Exception <a 'java/lang/NoSuchMethodError'{0x00000000eb4b9928}: 'int java.lang.invoke.DirectMethodHandle$Holder.invokeStatic(java.lang.Object, long)'> (0x00000000eb4b9928) 
thrown [s\src\hotspot\share\interpreter\linkResolver.cpp, line 773]
Event: 2.030 Thread 0x0000026d9b51c1f0 Exception <a 'java/lang/NoSuchMethodError'{0x00000000eb4d8a98}: 'int java.lang.invoke.Invokers$Holder.linkToTargetMethod(java.lang.Object, java.lang.Object)'> (0x00000000eb4d8a98) 
thrown [s\src\hotspot\share\interpreter\linkResolver.cpp, line 773]
Event: 2.818 Thread 0x0000026d9b51c1f0 Implicit null exception at 0x0000026d4732481d to 0x0000026d47325360
Event: 3.673 Thread 0x0000026d996c5c20 Exception <a 'java/lang/NoSuchMethodError'{0x00000000eba2d798}: 'java.lang.Object java.lang.invoke.DirectMethodHandle$Holder.invokeSpecial(java.lang.Object, java.lang.Object, int, long)'> (0x00000000eba2d798) 
thrown [s\src\hotspot\share\interpreter\linkResolver.cpp, line 773]
Event: 3.930 Thread 0x0000026d9b51c1f0 Exception <a 'java/lang/IncompatibleClassChangeError'{0x00000000eb9da198}: Found class java.lang.Object, but interface was expected> (0x00000000eb9da198) 
thrown [s\src\hotspot\share\interpreter\linkResolver.cpp, line 840]
Event: 3.970 Thread 0x0000026d9b519400 Exception <a 'java/lang/NoSuchMethodError'{0x00000000ebc92c28}: 'int java.lang.invoke.Invokers$Holder.invokeExact_MT(java.lang.Object, java.lang.Object)'> (0x00000000ebc92c28) 
thrown [s\src\hotspot\share\interpreter\linkResolver.cpp, line 773]
Event: 4.013 Thread 0x0000026d9b519400 Exception <a 'java/lang/NoSuchMethodError'{0x00000000ebef0bc0}: 'int java.lang.invoke.DirectMethodHandle$Holder.invokeInterface(java.lang.Object, java.lang.Object)'> (0x00000000ebef0bc0) 
thrown [s\src\hotspot\share\interpreter\linkResolver.cpp, line 773]
Event: 4.014 Thread 0x0000026d9b519400 Exception <a 'java/lang/IncompatibleClassChangeError'{0x00000000ebef3e90}: Found class java.lang.Object, but interface was expected> (0x00000000ebef3e90) 
thrown [s\src\hotspot\share\interpreter\linkResolver.cpp, line 840]
Event: 4.061 Thread 0x0000026d9b51c1f0 Exception <a 'java/lang/IncompatibleClassChangeError'{0x00000000eac71a60}: Found class java.lang.Object, but interface was expected> (0x00000000eac71a60) 
thrown [s\src\hotspot\share\interpreter\linkResolver.cpp, line 840]
Event: 4.064 Thread 0x0000026d9b519400 Exception <a 'java/lang/NoSuchMethodError'{0x00000000eacdac78}: 'int java.lang.invoke.DirectMethodHandle$Holder.invokeSpecialIFC(java.lang.Object, java.lang.Object, java.lang.Object)'> (0x00000000eacdac78) 
thrown [s\src\hotspot\share\interpreter\linkResolver.cpp, line 773]
Event: 4.075 Thread 0x0000026d9b51cf10 Exception <a 'java/lang/ArrayIndexOutOfBoundsException'{0x00000000eadeb5b0}> (0x00000000eadeb5b0) 
thrown [s\src\hotspot\share\runtime\sharedRuntime.cpp, line 625]
Event: 4.079 Thread 0x0000026d9b519400 Exception <a 'java/io/FileNotFoundException'{0x00000000eae3a518}> (0x00000000eae3a518) 
thrown [s\src\hotspot\share\prims\jni.cpp, line 520]
Event: 4.079 Thread 0x0000026d9b519400 Exception <a 'java/io/FileNotFoundException'{0x00000000eae3b510}> (0x00000000eae3b510) 
thrown [s\src\hotspot\share\prims\jni.cpp, line 520]

ZGC Phase Switch (0 events):
No events

VM Operations (20 events):
Event: 2.286 Executing VM operation: ParallelGCFailedAllocation (Allocation Failure)
Event: 2.288 Executing VM operation: ParallelGCFailedAllocation (Allocation Failure) done
Event: 2.444 Executing VM operation: HandshakeAllThreads (Deoptimize)
Event: 2.444 Executing VM operation: HandshakeAllThreads (Deoptimize) done
Event: 2.459 Executing VM operation: ParallelGCFailedAllocation (Allocation Failure)
Event: 2.461 Executing VM operation: ParallelGCFailedAllocation (Allocation Failure) done
Event: 2.731 Executing VM operation: CollectForMetadataAllocation (Metadata GC Threshold)
Event: 2.765 Executing VM operation: CollectForMetadataAllocation (Metadata GC Threshold) done
Event: 2.938 Executing VM operation: ParallelGCFailedAllocation (Allocation Failure)
Event: 2.939 Executing VM operation: ParallelGCFailedAllocation (Allocation Failure) done
Event: 3.002 Executing VM operation: ParallelGCFailedAllocation (Allocation Failure)
Event: 3.004 Executing VM operation: ParallelGCFailedAllocation (Allocation Failure) done
Event: 3.056 Executing VM operation: HandshakeAllThreads (Deoptimize)
Event: 3.056 Executing VM operation: HandshakeAllThreads (Deoptimize) done
Event: 3.956 Executing VM operation: HandshakeAllThreads (Deoptimize)
Event: 3.956 Executing VM operation: HandshakeAllThreads (Deoptimize) done
Event: 4.034 Executing VM operation: ParallelGCFailedAllocation (Allocation Failure)
Event: 4.035 Executing VM operation: ParallelGCFailedAllocation (Allocation Failure) done
Event: 4.068 Executing VM operation: HandshakeAllThreads (Deoptimize)
Event: 4.068 Executing VM operation: HandshakeAllThreads (Deoptimize) done

Memory protections (0 events):
No events

Nmethod flushes (20 events):
Event: 2.748 Thread 0x0000026d3c39e990 flushing  nmethod 0x0000026d3f93ab10
Event: 2.748 Thread 0x0000026d3c39e990 flushing  nmethod 0x0000026d3f97f090
Event: 2.748 Thread 0x0000026d3c39e990 flushing  nmethod 0x0000026d3f9ac490
Event: 2.748 Thread 0x0000026d3c39e990 flushing  nmethod 0x0000026d3f9b9590
Event: 2.748 Thread 0x0000026d3c39e990 flushing  nmethod 0x0000026d3f9e1190
Event: 2.748 Thread 0x0000026d3c39e990 flushing  nmethod 0x0000026d3f9e1590
Event: 2.748 Thread 0x0000026d3c39e990 flushing  nmethod 0x0000026d3f9e2890
Event: 2.748 Thread 0x0000026d3c39e990 flushing  nmethod 0x0000026d3f9e6890
Event: 2.748 Thread 0x0000026d3c39e990 flushing  nmethod 0x0000026d3fa02310
Event: 2.748 Thread 0x0000026d3c39e990 flushing  nmethod 0x0000026d3fa08110
Event: 2.748 Thread 0x0000026d3c39e990 flushing  nmethod 0x0000026d3fa08b90
Event: 2.748 Thread 0x0000026d3c39e990 flushing  nmethod 0x0000026d3fa09d10
Event: 2.748 Thread 0x0000026d3c39e990 flushing  nmethod 0x0000026d3fa0a290
Event: 2.748 Thread 0x0000026d3c39e990 flushing  nmethod 0x0000026d3fa0b590
Event: 2.748 Thread 0x0000026d3c39e990 flushing  nmethod 0x0000026d3fa0b910
Event: 2.748 Thread 0x0000026d3c39e990 flushing  nmethod 0x0000026d3fa0c190
Event: 2.748 Thread 0x0000026d3c39e990 flushing  nmethod 0x0000026d3fa1b090
Event: 2.748 Thread 0x0000026d3c39e990 flushing  nmethod 0x0000026d3fa1b590
Event: 2.748 Thread 0x0000026d3c39e990 flushing  nmethod 0x0000026d3fa20990
Event: 2.748 Thread 0x0000026d3c39e990 flushing  nmethod 0x0000026d3fa21f10

Events (20 events):
Event: 1.722 Thread 0x0000026d3c2dd440 Thread added: 0x0000026d9b51e950
Event: 1.775 Thread 0x0000026d996c5c20 Thread added: 0x0000026d9b51d5a0
Event: 1.809 Thread 0x0000026d3c2dd440 Thread added: 0x0000026d9b51bb60
Event: 1.809 Thread 0x0000026d3c2dd440 Thread added: 0x0000026d9b51c1f0
Event: 2.058 Thread 0x0000026d94544b20 Thread added: 0x0000026d9ae2c8c0
Event: 2.064 Thread 0x0000026d94544b20 Thread added: 0x0000026d9b3e4f90
Event: 2.070 Thread 0x0000026d930df820 Thread added: 0x0000026d99dd7350
Event: 2.070 Thread 0x0000026d930df820 Thread added: 0x0000026d9b3e1d20
Event: 3.670 Thread 0x0000026d9b3e1d20 Thread exited: 0x0000026d9b3e1d20
Event: 3.670 Thread 0x0000026d99dd7350 Thread exited: 0x0000026d99dd7350
Event: 3.670 Thread 0x0000026d9b3e4f90 Thread exited: 0x0000026d9b3e4f90
Event: 3.929 Thread 0x0000026d9ae2c8c0 Thread exited: 0x0000026d9ae2c8c0
Event: 3.929 Thread 0x0000026d990240e0 Thread exited: 0x0000026d990240e0
Event: 3.929 Thread 0x0000026d92fabc50 Thread exited: 0x0000026d92fabc50
Event: 3.929 Thread 0x0000026d94544b20 Thread exited: 0x0000026d94544b20
Event: 3.933 Thread 0x0000026d9b51c1f0 Thread added: 0x0000026d9b519400
Event: 3.992 Thread 0x0000026d92e57b40 Thread added: 0x0000026d92fabc50
Event: 4.008 Thread 0x0000026d930df820 Thread added: 0x0000026d990240e0
Event: 4.063 Thread 0x0000026d9b51c1f0 Thread added: 0x0000026d9b51cf10
Event: 4.075 Thread 0x0000026d92e57b40 Thread added: 0x0000026d9b1189b0


Dynamic libraries:
0x00007ff7ec370000 - 0x00007ff7ec37e000 	c:\Users\ASUS\.vscode\extensions\redhat.java-1.40.0-win32-x64\jre\21.0.6-win32-x86_64\bin\java.exe
0x00007ffa33750000 - 0x00007ffa33967000 	C:\WINDOWS\SYSTEM32\ntdll.dll
0x00007ffa326a0000 - 0x00007ffa32764000 	C:\WINDOWS\System32\KERNEL32.DLL
0x00007ffa30a00000 - 0x00007ffa30dd0000 	C:\WINDOWS\System32\KERNELBASE.dll
0x00007ffa30dd0000 - 0x00007ffa30ee1000 	C:\WINDOWS\System32\ucrtbase.dll
0x00007ff9e0160000 - 0x00007ff9e017e000 	c:\Users\ASUS\.vscode\extensions\redhat.java-1.40.0-win32-x64\jre\21.0.6-win32-x86_64\bin\VCRUNTIME140.dll
0x00007ff9e0140000 - 0x00007ff9e0158000 	c:\Users\ASUS\.vscode\extensions\redhat.java-1.40.0-win32-x64\jre\21.0.6-win32-x86_64\bin\jli.dll
0x00007ffa31570000 - 0x00007ffa3171e000 	C:\WINDOWS\System32\USER32.dll
0x00007ffa310e0000 - 0x00007ffa31106000 	C:\WINDOWS\System32\win32u.dll
0x00007ffa1dd70000 - 0x00007ffa1e002000 	C:\WINDOWS\WinSxS\amd64_microsoft.windows.common-controls_6595b64144ccf1df_6.0.22621.4830_none_270fe7d773858e80\COMCTL32.dll
0x00007ffa327b0000 - 0x00007ffa327d9000 	C:\WINDOWS\System32\GDI32.dll
0x00007ffa31440000 - 0x00007ffa314e7000 	C:\WINDOWS\System32\msvcrt.dll
0x00007ffa31250000 - 0x00007ffa3136b000 	C:\WINDOWS\System32\gdi32full.dll
0x00007ffa313a0000 - 0x00007ffa3143a000 	C:\WINDOWS\System32\msvcp_win.dll
0x00007ffa32770000 - 0x00007ffa327a1000 	C:\WINDOWS\System32\IMM32.DLL
0x00007ff9e7d90000 - 0x00007ff9e7d9c000 	c:\Users\ASUS\.vscode\extensions\redhat.java-1.40.0-win32-x64\jre\21.0.6-win32-x86_64\bin\vcruntime140_1.dll
0x00007ff9b9e60000 - 0x00007ff9b9eed000 	c:\Users\ASUS\.vscode\extensions\redhat.java-1.40.0-win32-x64\jre\21.0.6-win32-x86_64\bin\msvcp140.dll
0x00007ff9a3c70000 - 0x00007ff9a4a00000 	c:\Users\ASUS\.vscode\extensions\redhat.java-1.40.0-win32-x64\jre\21.0.6-win32-x86_64\bin\server\jvm.dll
0x00007ffa31bf0000 - 0x00007ffa31ca1000 	C:\WINDOWS\System32\ADVAPI32.dll
0x00007ffa33660000 - 0x00007ffa33707000 	C:\WINDOWS\System32\sechost.dll
0x00007ffa31370000 - 0x00007ffa31398000 	C:\WINDOWS\System32\bcrypt.dll
0x00007ffa327e0000 - 0x00007ffa328f4000 	C:\WINDOWS\System32\RPCRT4.dll
0x00007ffa314f0000 - 0x00007ffa31561000 	C:\WINDOWS\System32\WS2_32.dll
0x00007ffa308d0000 - 0x00007ffa3091d000 	C:\WINDOWS\SYSTEM32\POWRPROF.dll
0x00007ffa269c0000 - 0x00007ffa269f4000 	C:\WINDOWS\SYSTEM32\WINMM.dll
0x00007ffa2ca90000 - 0x00007ffa2ca9a000 	C:\WINDOWS\SYSTEM32\VERSION.dll
0x00007ffa308b0000 - 0x00007ffa308c3000 	C:\WINDOWS\SYSTEM32\UMPDC.dll
0x00007ffa2fa40000 - 0x00007ffa2fa58000 	C:\WINDOWS\SYSTEM32\kernel.appcore.dll
0x00007ff9e4c50000 - 0x00007ff9e4c5a000 	c:\Users\ASUS\.vscode\extensions\redhat.java-1.40.0-win32-x64\jre\21.0.6-win32-x86_64\bin\jimage.dll
0x00007ffa2d520000 - 0x00007ffa2d752000 	C:\WINDOWS\SYSTEM32\DBGHELP.DLL
0x00007ffa31740000 - 0x00007ffa31ad0000 	C:\WINDOWS\System32\combase.dll
0x00007ffa32bd0000 - 0x00007ffa32ca7000 	C:\WINDOWS\System32\OLEAUT32.dll
0x00007ffa2d4e0000 - 0x00007ffa2d512000 	C:\WINDOWS\SYSTEM32\dbgcore.DLL
0x00007ffa31060000 - 0x00007ffa310db000 	C:\WINDOWS\System32\bcryptPrimitives.dll
0x00007ff9b9e50000 - 0x00007ff9b9e5f000 	c:\Users\ASUS\.vscode\extensions\redhat.java-1.40.0-win32-x64\jre\21.0.6-win32-x86_64\bin\instrument.dll
0x00007ff9b9e30000 - 0x00007ff9b9e4f000 	c:\Users\ASUS\.vscode\extensions\redhat.java-1.40.0-win32-x64\jre\21.0.6-win32-x86_64\bin\java.dll
0x00007ffa32dc0000 - 0x00007ffa33638000 	C:\WINDOWS\System32\SHELL32.dll
0x00007ffa2e950000 - 0x00007ffa2f260000 	C:\WINDOWS\SYSTEM32\windows.storage.dll
0x00007ffa2e810000 - 0x00007ffa2e94f000 	C:\WINDOWS\SYSTEM32\wintypes.dll
0x00007ffa32910000 - 0x00007ffa32a1a000 	C:\WINDOWS\System32\SHCORE.dll
0x00007ffa31b90000 - 0x00007ffa31bee000 	C:\WINDOWS\System32\shlwapi.dll
0x00007ffa30930000 - 0x00007ffa3095b000 	C:\WINDOWS\SYSTEM32\profapi.dll
0x00007ff9b9e10000 - 0x00007ff9b9e28000 	c:\Users\ASUS\.vscode\extensions\redhat.java-1.40.0-win32-x64\jre\21.0.6-win32-x86_64\bin\zip.dll
0x00007ff9b9e00000 - 0x00007ff9b9e10000 	C:\Users\ASUS\.vscode\extensions\redhat.java-1.40.0-win32-x64\jre\21.0.6-win32-x86_64\bin\net.dll
0x00007ffa2a750000 - 0x00007ffa2a87c000 	C:\WINDOWS\SYSTEM32\WINHTTP.dll
0x00007ffa2fec0000 - 0x00007ffa2ff2a000 	C:\WINDOWS\system32\mswsock.dll
0x00007ff9b9de0000 - 0x00007ff9b9df6000 	C:\Users\ASUS\.vscode\extensions\redhat.java-1.40.0-win32-x64\jre\21.0.6-win32-x86_64\bin\nio.dll
0x00007ff9b9da0000 - 0x00007ff9b9db0000 	c:\Users\ASUS\.vscode\extensions\redhat.java-1.40.0-win32-x64\jre\21.0.6-win32-x86_64\bin\verify.dll
0x00007ffa15540000 - 0x00007ffa15585000 	C:\Users\ASUS\AppData\Roaming\Code\User\globalStorage\redhat.java\1.40.0\config_ss_win\org.eclipse.equinox.launcher\org.eclipse.equinox.launcher.win32.win32.x86_64_1.2.1200.v20250212-0927\eclipse_11909.dll
0x00007ffa32a20000 - 0x00007ffa32bc1000 	C:\WINDOWS\System32\ole32.dll
0x00007ffa30110000 - 0x00007ffa3012b000 	C:\WINDOWS\SYSTEM32\CRYPTSP.dll
0x00007ffa2f9a0000 - 0x00007ffa2f9d5000 	C:\WINDOWS\system32\rsaenh.dll
0x00007ffa2ffb0000 - 0x00007ffa2ffd8000 	C:\WINDOWS\SYSTEM32\USERENV.dll
0x00007ffa30130000 - 0x00007ffa3013c000 	C:\WINDOWS\SYSTEM32\CRYPTBASE.dll
0x00007ffa2f4c0000 - 0x00007ffa2f4ed000 	C:\WINDOWS\SYSTEM32\IPHLPAPI.DLL
0x00007ffa32900000 - 0x00007ffa32909000 	C:\WINDOWS\System32\NSI.dll
0x00007ffa152f0000 - 0x00007ffa15339000 	C:\Users\ASUS\AppData\Local\Temp\jna-2018896\jna14473204982351448300.dll
0x00007ffa32020000 - 0x00007ffa32028000 	C:\WINDOWS\System32\PSAPI.DLL
0x00007ffa2d1b0000 - 0x00007ffa2d1c9000 	C:\WINDOWS\SYSTEM32\dhcpcsvc6.DLL
0x00007ffa2cf40000 - 0x00007ffa2cf5f000 	C:\WINDOWS\SYSTEM32\dhcpcsvc.DLL

dbghelp: loaded successfully - version: 4.0.5 - missing functions: none
symbol engine: initialized successfully - sym options: 0x614 - pdb path: .;c:\Users\ASUS\.vscode\extensions\redhat.java-1.40.0-win32-x64\jre\21.0.6-win32-x86_64\bin;C:\WINDOWS\SYSTEM32;C:\WINDOWS\WinSxS\amd64_microsoft.windows.common-controls_6595b64144ccf1df_6.0.22621.4830_none_270fe7d773858e80;c:\Users\ASUS\.vscode\extensions\redhat.java-1.40.0-win32-x64\jre\21.0.6-win32-x86_64\bin\server;C:\Users\ASUS\AppData\Roaming\Code\User\globalStorage\redhat.java\1.40.0\config_ss_win\org.eclipse.equinox.launcher\org.eclipse.equinox.launcher.win32.win32.x86_64_1.2.1200.v20250212-0927;C:\Users\ASUS\AppData\Local\Temp\jna-2018896

VM Arguments:
jvm_args: --add-modules=ALL-SYSTEM --add-opens=java.base/java.util=ALL-UNNAMED --add-opens=java.base/java.lang=ALL-UNNAMED --add-opens=java.base/sun.nio.fs=ALL-UNNAMED -Declipse.application=org.eclipse.jdt.ls.core.id1 -Dosgi.bundles.defaultStartLevel=4 -Declipse.product=org.eclipse.jdt.ls.core.product -Djava.import.generatesMetadataFilesAtProjectRoot=false -DDetectVMInstallationsJob.disabled=true -Dfile.encoding=utf8 -XX:+UseParallelGC -XX:GCTimeRatio=4 -XX:AdaptiveSizePolicyWeight=90 -Dsun.zip.disableMemoryMapping=true -Xmx1G -Xms100m -Xlog:disable -javaagent:c:\Users\ASUS\.vscode\extensions\redhat.java-1.40.0-win32-x64\lombok\lombok-1.18.36.jar 
java_command: c:\Users\ASUS\.vscode\extensions\redhat.java-1.40.0-win32-x64\server\plugins\org.eclipse.equinox.launcher_1.6.1000.v20250131-0606.jar -configuration c:\Users\ASUS\AppData\Roaming\Code\User\globalStorage\redhat.java\1.40.0\config_ss_win -data c:\Users\ASUS\AppData\Roaming\Code\User\workspaceStorage\a26ced7fe018b66e12da886babd7af56\redhat.java\ss_ws --pipe=\\.\pipe\lsp-044aa3a8f49cbaf7faf43c6ebf0d014d-sock
java_class_path (initial): c:\Users\ASUS\.vscode\extensions\redhat.java-1.40.0-win32-x64\server\plugins\org.eclipse.equinox.launcher_1.6.1000.v20250131-0606.jar
Launcher Type: SUN_STANDARD

[Global flags]
    uintx AdaptiveSizePolicyWeight                 = 90                                        {product} {command line}
     intx CICompilerCount                          = 12                                        {product} {ergonomic}
    uintx GCTimeRatio                              = 4                                         {product} {command line}
   size_t InitialHeapSize                          = 104857600                                 {product} {command line}
   size_t MaxHeapSize                              = 1073741824                                {product} {command line}
   size_t MaxNewSize                               = 357564416                                 {product} {ergonomic}
   size_t MinHeapDeltaBytes                        = 524288                                    {product} {ergonomic}
   size_t MinHeapSize                              = 104857600                                 {product} {command line}
   size_t NewSize                                  = 34603008                                  {product} {ergonomic}
    uintx NonNMethodCodeHeapSize                   = 7602480                                {pd product} {ergonomic}
    uintx NonProfiledCodeHeapSize                  = 122027880                              {pd product} {ergonomic}
   size_t OldSize                                  = 70254592                                  {product} {ergonomic}
    uintx ProfiledCodeHeapSize                     = 122027880                              {pd product} {ergonomic}
    uintx ReservedCodeCacheSize                    = 251658240                              {pd product} {ergonomic}
     bool SegmentedCodeCache                       = true                                      {product} {ergonomic}
   size_t SoftMaxHeapSize                          = 1073741824                             {manageable} {ergonomic}
     bool UseCompressedOops                        = true                           {product lp64_product} {ergonomic}
     bool UseLargePagesIndividualAllocation        = false                                  {pd product} {ergonomic}
     bool UseParallelGC                            = true                                      {product} {command line}

Logging:
Log output configuration:
 #0: stdout all=off uptime,level,tags foldmultilines=false
 #1: stderr all=off uptime,level,tags foldmultilines=false

Environment Variables:
PATH=C:\Program Files\Common Files\Oracle\Java\javapath;C:\Program Files (x86)\Common Files\Oracle\Java\java8path;C:\Program Files (x86)\Common Files\Oracle\Java\javapath;C:\ProgramData\Oracle\Java\javapath;C:\Windows\system32;C:\Windows;C:\Windows\System32\Wbem;C:\Windows\System32\WindowsPowerShell\v1.0\;C:\Windows\System32\OpenSSH\;C:\Program Files (x86)\NVIDIA Corporation\PhysX\Common;C:\WINDOWS\system32;C:\WINDOWS;C:\WINDOWS\System32\Wbem;C:\WINDOWS\System32\WindowsPowerShell\v1.0\;C:\WINDOWS\System32\OpenSSH\;C:\Program Files (x86)\Microsoft SQL Server\160\Tools\Binn\;C:\Program Files\Microsoft SQL Server\160\Tools\Binn\;C:\Program Files\Microsoft SQL Server\Client SDK\ODBC\170\Tools\Binn\;C:\Program Files\Microsoft SQL Server\160\DTS\Binn\;C:\Program Files (x86)\Microsoft SQL Server\160\DTS\Binn\;C:\Program Files\Azure Data Studio\bin;C:\Program Files\dotnet\;C:\Program Files\nodejs\;C:\Program Files\Git\cmd;C:\Program Files\NVIDIA Corporation\NVIDIA app\NvDLISR;C:\Program Files\Cloudflare\Cloudflare WARP\;C:\Program Files\MySQL\MySQL Shell 8.0\bin\;C:\Users\ASUS\AppData\Local\Microsoft\WindowsApps;C:\Program Files\Azure Data Studio\bin;C:\Users\ASUS\AppData\Local\Programs\Microsoft VS Code\bin;C:\Users\ASUS\AppData\Roaming\npm;C:\Program Files\Git\mingw64\bin\;
USERNAME=ASUS
OS=Windows_NT
PROCESSOR_IDENTIFIER=AMD64 Family 25 Model 68 Stepping 1, AuthenticAMD
TMP=C:\Users\ASUS\AppData\Local\Temp
TEMP=C:\Users\ASUS\AppData\Local\Temp




Periodic native trim disabled

---------------  S Y S T E M  ---------------

OS:
 Windows 11 , 64 bit Build 22621 (10.0.22621.4830)
OS uptime: 0 days 1:23 hours

CPU: total 16 (initial active 16) (16 cores per cpu, 2 threads per core) family 25 model 68 stepping 1 microcode 0x0, cx8, cmov, fxsr, ht, mmx, 3dnowpref, sse, sse2, sse3, ssse3, sse4a, sse4.1, sse4.2, popcnt, lzcnt, tsc, tscinvbit, avx, avx2, aes, clmul, bmi1, bmi2, adx, sha, fma, vzeroupper, clflush, clflushopt, rdtscp, rdpid, f16c, pku, cet_ss
Processor Information for the first 16 processors :
  Max Mhz: 3201, Current Mhz: 3201, Mhz Limit: 3201

Memory: 4k page, system-wide physical 15613M (2037M free)
TotalPageFile size 19709M (AvailPageFile size 4M)
current process WorkingSet (physical memory assigned to process): 235M, peak: 243M
current process commit charge ("private bytes"): 328M, peak: 337M

vm_info: OpenJDK 64-Bit Server VM (21.0.6+7-LTS) for windows-amd64 JRE (21.0.6+7-LTS), built on 2025-01-21T00:00:00Z by "admin" with MS VC++ 17.7 (VS2022)

END.
