#
# There is insufficient memory for the Java Runtime Environment to continue.
# Native memory allocation (malloc) failed to allocate 1308656 bytes. Error detail: Chunk::new
# Possible reasons:
#   The system is out of physical RAM or swap space
#   This process is running with CompressedOops enabled, and the Java Heap may be blocking the growth of the native heap
# Possible solutions:
#   Reduce memory load on the system
#   Increase physical memory or swap space
#   Check if swap backing store is full
#   Decrease Java heap size (-Xmx/-Xms)
#   Decrease number of Java threads
#   Decrease Java thread stack sizes (-Xss)
#   Set larger code cache with -XX:ReservedCodeCacheSize=
#   JVM is running with Unscaled Compressed Oops mode in which the Java heap is
#     placed in the first 4GB address space. The Java Heap base address is the
#     maximum limit for the native heap growth. Please use -XX:HeapBaseMinAddress
#     to set the Java Heap base and to place the Java Heap above 4GB virtual address.
# This output file may be truncated or incomplete.
#
#  Out of Memory Error (arena.cpp:168), pid=15804, tid=29624
#
# JRE version: OpenJDK Runtime Environment Temurin-21.0.5+11 (21.0.5+11) (build 21.0.5+11-LTS)
# Java VM: OpenJDK 64-Bit Server VM Temurin-21.0.5+11 (21.0.5+11-LTS, mixed mode, sharing, tiered, compressed oops, compressed class ptrs, parallel gc, windows-amd64)
# No core dump will be written. Minidumps are not enabled by default on client versions of Windows
#

---------------  S U M M A R Y ------------

Command Line: --add-modules=ALL-SYSTEM --add-opens=java.base/java.util=ALL-UNNAMED --add-opens=java.base/java.lang=ALL-UNNAMED --add-opens=java.base/sun.nio.fs=ALL-UNNAMED -Declipse.application=org.eclipse.jdt.ls.core.id1 -Dosgi.bundles.defaultStartLevel=4 -Declipse.product=org.eclipse.jdt.ls.core.product -Djava.import.generatesMetadataFilesAtProjectRoot=false -DDetectVMInstallationsJob.disabled=true -Dfile.encoding=utf8 -XX:+UseParallelGC -XX:GCTimeRatio=4 -XX:AdaptiveSizePolicyWeight=90 -Dsun.zip.disableMemoryMapping=true -Xmx1G -Xms100m -Xlog:disable -javaagent:c:\Users\ASUS\.vscode\extensions\redhat.java-1.39.0-win32-x64\lombok\lombok-1.18.34.jar -XX:+HeapDumpOnOutOfMemoryError -XX:HeapDumpPath=c:\Users\ASUS\AppData\Roaming\Code\User\workspaceStorage\a26ced7fe018b66e12da886babd7af56\redhat.java -Daether.dependencyCollector.impl=bf c:\Users\ASUS\.vscode\extensions\redhat.java-1.39.0-win32-x64\server\plugins\org.eclipse.equinox.launcher_1.6.900.v20240613-2009.jar -configuration c:\Users\ASUS\AppData\Roaming\Code\User\globalStorage\redhat.java\1.39.0\config_win -data c:\Users\ASUS\AppData\Roaming\Code\User\workspaceStorage\a26ced7fe018b66e12da886babd7af56\redhat.java\jdt_ws --pipe=\\.\pipe\lsp-ef1d13b35c03f927dccd31928ca06ff0-sock

Host: AMD Ryzen 7 6800H with Radeon Graphics         , 16 cores, 15G,  Windows 11 , 64 bit Build 22621 (10.0.22621.4830)
Time: Mon Feb 24 13:24:48 2025 SE Asia Standard Time elapsed time: 75.434572 seconds (0d 0h 1m 15s)

---------------  T H R E A D  ---------------

Current thread (0x00000220a59f1560):  JavaThread "C2 CompilerThread0" daemon [_thread_in_native, id=29624, stack(0x0000007a3a000000,0x0000007a3a100000) (1024K)]


Current CompileTask:
C2:75435 11900   !   4       java.io.ObjectStreamClass::readNonProxy (395 bytes)

Stack: [0x0000007a3a000000,0x0000007a3a100000]
Native frames: (J=compiled Java code, j=interpreted, Vv=VM code, C=native code)
V  [jvm.dll+0x6cd4e9]
V  [jvm.dll+0x8a7941]
V  [jvm.dll+0x8a9e6e]
V  [jvm.dll+0x8aa543]
V  [jvm.dll+0x27f6d6]
V  [jvm.dll+0xc500d]
V  [jvm.dll+0xc5543]
V  [jvm.dll+0x3b65d2]
V  [jvm.dll+0x382835]
V  [jvm.dll+0x381c9a]
V  [jvm.dll+0x2479d0]
V  [jvm.dll+0x246faf]
V  [jvm.dll+0x1c75ce]
V  [jvm.dll+0x25682a]
V  [jvm.dll+0x254dca]
V  [jvm.dll+0x3f00d6]
V  [jvm.dll+0x8514fb]
V  [jvm.dll+0x6cbbed]
C  [ucrtbase.dll+0x29333]
C  [KERNEL32.DLL+0x1259d]
C  [ntdll.dll+0x5af38]


---------------  P R O C E S S  ---------------

Threads class SMR info:
_java_thread_list=0x000002209021f5b0, length=67, elements={
0x00000220a59426b0, 0x00000220b9e8dd50, 0x00000220a59df750, 0x00000220a59e2190,
0x00000220a59e3250, 0x00000220a59e5fe0, 0x00000220a59e7b90, 0x00000220a59f1560,
0x00000220a59f2a70, 0x00000220a59e8220, 0x00000220a59e88b0, 0x00000220a59e8f40,
0x00000220a59e95d0, 0x00000220a59ea980, 0x00000220a59e9c60, 0x00000220a59ea2f0,
0x00000220a59e7500, 0x00000220feb08ac0, 0x00000220feb0cc60, 0x00000220feb09150,
0x00000220feb0b220, 0x00000220feb0bf40, 0x00000220feb097e0, 0x00000220feb09e70,
0x00000220feb0d2f0, 0x00000220feb0b8b0, 0x00000220feb0c5d0, 0x00000220feb0e010,
0x00000220feb0e6a0, 0x00000220feb0ed30, 0x00000220feb0f3c0, 0x00000220feb08430,
0x00000220feb0fa50, 0x0000022085301090, 0x0000022085300a00, 0x0000022085303160,
0x0000022085305230, 0x0000022085301720, 0x00000220853058c0, 0x00000220853065e0,
0x00000220853037f0, 0x0000022085301db0, 0x0000022085302440, 0x0000022085303e80,
0x0000022085302ad0, 0x0000022085304510, 0x00000220852ff650, 0x0000022085305f50,
0x000002208d773550, 0x000002208d7769d0, 0x000002208d772830, 0x000002208d775620,
0x000002208d773be0, 0x000002208d774270, 0x000002208d774f90, 0x000002208d7776f0,
0x000002208d770760, 0x00000220feb0ab90, 0x0000022094674840, 0x0000022094673490,
0x0000022094674ed0, 0x0000022094672e00, 0x0000022094675560, 0x00000220946741b0,
0x000002208e8f9060, 0x000002208e8f9e00, 0x000002208e8faba0
}

Java Threads: ( => current thread )
  0x00000220a59426b0 JavaThread "main"                              [_thread_blocked, id=14572, stack(0x0000007a39600000,0x0000007a39700000) (1024K)]
  0x00000220b9e8dd50 JavaThread "Reference Handler"          daemon [_thread_blocked, id=4396, stack(0x0000007a39a00000,0x0000007a39b00000) (1024K)]
  0x00000220a59df750 JavaThread "Finalizer"                  daemon [_thread_blocked, id=28340, stack(0x0000007a39b00000,0x0000007a39c00000) (1024K)]
  0x00000220a59e2190 JavaThread "Signal Dispatcher"          daemon [_thread_blocked, id=27800, stack(0x0000007a39c00000,0x0000007a39d00000) (1024K)]
  0x00000220a59e3250 JavaThread "Attach Listener"            daemon [_thread_blocked, id=22532, stack(0x0000007a39d00000,0x0000007a39e00000) (1024K)]
  0x00000220a59e5fe0 JavaThread "Service Thread"             daemon [_thread_blocked, id=29304, stack(0x0000007a39e00000,0x0000007a39f00000) (1024K)]
  0x00000220a59e7b90 JavaThread "Monitor Deflation Thread"   daemon [_thread_blocked, id=25560, stack(0x0000007a39f00000,0x0000007a3a000000) (1024K)]
=>0x00000220a59f1560 JavaThread "C2 CompilerThread0"         daemon [_thread_in_native, id=29624, stack(0x0000007a3a000000,0x0000007a3a100000) (1024K)]
  0x00000220a59f2a70 JavaThread "C1 CompilerThread0"         daemon [_thread_blocked, id=9564, stack(0x0000007a3a100000,0x0000007a3a200000) (1024K)]
  0x00000220a59e8220 JavaThread "Common-Cleaner"             daemon [_thread_blocked, id=14464, stack(0x0000007a3a200000,0x0000007a3a300000) (1024K)]
  0x00000220a59e88b0 JavaThread "Notification Thread"        daemon [_thread_blocked, id=17948, stack(0x0000007a3a700000,0x0000007a3a800000) (1024K)]
  0x00000220a59e8f40 JavaThread "Active Thread: Equinox Container: b3b91b2a-5b08-4f19-9d92-1f5234f96494"        [_thread_blocked, id=16284, stack(0x0000007a3af00000,0x0000007a3b000000) (1024K)]
  0x00000220a59e95d0 JavaThread "Refresh Thread: Equinox Container: b3b91b2a-5b08-4f19-9d92-1f5234f96494" daemon [_thread_blocked, id=28468, stack(0x0000007a3b200000,0x0000007a3b300000) (1024K)]
  0x00000220a59ea980 JavaThread "Framework Event Dispatcher: Equinox Container: b3b91b2a-5b08-4f19-9d92-1f5234f96494" daemon [_thread_blocked, id=20188, stack(0x0000007a3b300000,0x0000007a3b400000) (1024K)]
  0x00000220a59e9c60 JavaThread "Start Level: Equinox Container: b3b91b2a-5b08-4f19-9d92-1f5234f96494" daemon [_thread_blocked, id=8400, stack(0x0000007a3b400000,0x0000007a3b500000) (1024K)]
  0x00000220a59ea2f0 JavaThread "Bundle File Closer"         daemon [_thread_blocked, id=19664, stack(0x0000007a3b500000,0x0000007a3b600000) (1024K)]
  0x00000220a59e7500 JavaThread "SCR Component Actor"        daemon [_thread_blocked, id=11208, stack(0x0000007a3b900000,0x0000007a3ba00000) (1024K)]
  0x00000220feb08ac0 JavaThread "Worker-JM"                         [_thread_blocked, id=24392, stack(0x0000007a3bd00000,0x0000007a3be00000) (1024K)]
  0x00000220feb0cc60 JavaThread "JNA Cleaner"                daemon [_thread_blocked, id=25616, stack(0x0000007a3be00000,0x0000007a3bf00000) (1024K)]
  0x00000220feb09150 JavaThread "Worker-0"                          [_thread_blocked, id=23896, stack(0x0000007a3bf00000,0x0000007a3c000000) (1024K)]
  0x00000220feb0b220 JavaThread "Worker-1"                          [_thread_blocked, id=8340, stack(0x0000007a3c000000,0x0000007a3c100000) (1024K)]
  0x00000220feb0bf40 JavaThread "Worker-2"                          [_thread_blocked, id=7388, stack(0x0000007a3c100000,0x0000007a3c200000) (1024K)]
  0x00000220feb097e0 JavaThread "Java indexing"              daemon [_thread_blocked, id=29052, stack(0x0000007a3c200000,0x0000007a3c300000) (1024K)]
  0x00000220feb09e70 JavaThread "Worker-3"                          [_thread_blocked, id=24464, stack(0x0000007a3c300000,0x0000007a3c400000) (1024K)]
  0x00000220feb0d2f0 JavaThread "Worker-4"                          [_thread_blocked, id=13784, stack(0x0000007a3c400000,0x0000007a3c500000) (1024K)]
  0x00000220feb0b8b0 JavaThread "Worker-5"                          [_thread_blocked, id=27304, stack(0x0000007a3c500000,0x0000007a3c600000) (1024K)]
  0x00000220feb0c5d0 JavaThread "Thread-2"                   daemon [_thread_in_native, id=8684, stack(0x0000007a3c600000,0x0000007a3c700000) (1024K)]
  0x00000220feb0e010 JavaThread "Thread-3"                   daemon [_thread_in_native, id=3956, stack(0x0000007a3c700000,0x0000007a3c800000) (1024K)]
  0x00000220feb0e6a0 JavaThread "Thread-4"                   daemon [_thread_in_native, id=20332, stack(0x0000007a3c800000,0x0000007a3c900000) (1024K)]
  0x00000220feb0ed30 JavaThread "Thread-5"                   daemon [_thread_in_native, id=7032, stack(0x0000007a3c900000,0x0000007a3ca00000) (1024K)]
  0x00000220feb0f3c0 JavaThread "Thread-6"                   daemon [_thread_in_native, id=20852, stack(0x0000007a3ca00000,0x0000007a3cb00000) (1024K)]
  0x00000220feb08430 JavaThread "Thread-7"                   daemon [_thread_in_native, id=28808, stack(0x0000007a3cb00000,0x0000007a3cc00000) (1024K)]
  0x00000220feb0fa50 JavaThread "Thread-8"                   daemon [_thread_in_native, id=19956, stack(0x0000007a3cc00000,0x0000007a3cd00000) (1024K)]
  0x0000022085301090 JavaThread "Thread-9"                   daemon [_thread_in_native, id=23436, stack(0x0000007a3cd00000,0x0000007a3ce00000) (1024K)]
  0x0000022085300a00 JavaThread "Thread-10"                  daemon [_thread_in_native, id=27568, stack(0x0000007a3ce00000,0x0000007a3cf00000) (1024K)]
  0x0000022085303160 JavaThread "Thread-11"                  daemon [_thread_in_native, id=16884, stack(0x0000007a3cf00000,0x0000007a3d000000) (1024K)]
  0x0000022085305230 JavaThread "Thread-12"                  daemon [_thread_in_native, id=21084, stack(0x0000007a3d000000,0x0000007a3d100000) (1024K)]
  0x0000022085301720 JavaThread "Thread-13"                  daemon [_thread_in_native, id=26196, stack(0x0000007a3d100000,0x0000007a3d200000) (1024K)]
  0x00000220853058c0 JavaThread "Thread-14"                  daemon [_thread_in_native, id=22832, stack(0x0000007a3d200000,0x0000007a3d300000) (1024K)]
  0x00000220853065e0 JavaThread "Thread-15"                  daemon [_thread_in_native, id=8304, stack(0x0000007a3d300000,0x0000007a3d400000) (1024K)]
  0x00000220853037f0 JavaThread "Thread-16"                  daemon [_thread_in_native, id=15652, stack(0x0000007a3d400000,0x0000007a3d500000) (1024K)]
  0x0000022085301db0 JavaThread "Thread-17"                  daemon [_thread_in_native, id=21980, stack(0x0000007a3d500000,0x0000007a3d600000) (1024K)]
  0x0000022085302440 JavaThread "Thread-18"                  daemon [_thread_in_native, id=5276, stack(0x0000007a3d600000,0x0000007a3d700000) (1024K)]
  0x0000022085303e80 JavaThread "pool-2-thread-1"                   [_thread_blocked, id=20960, stack(0x0000007a3d800000,0x0000007a3d900000) (1024K)]
  0x0000022085302ad0 JavaThread "WorkspaceEventsHandler"            [_thread_blocked, id=29316, stack(0x0000007a3dc00000,0x0000007a3dd00000) (1024K)]
  0x0000022085304510 JavaThread "pool-1-thread-1"                   [_thread_blocked, id=28712, stack(0x0000007a3dd00000,0x0000007a3de00000) (1024K)]
  0x00000220852ff650 JavaThread "Worker-6"                          [_thread_blocked, id=5164, stack(0x0000007a3de00000,0x0000007a3df00000) (1024K)]
  0x0000022085305f50 JavaThread "Worker-7: Initialize Workspace"        [_thread_blocked, id=29544, stack(0x0000007a3df00000,0x0000007a3e000000) (1024K)]
  0x000002208d773550 JavaThread "LocalFile Deleter"          daemon [_thread_blocked, id=17608, stack(0x0000007a39300000,0x0000007a39400000) (1024K)]
  0x000002208d7769d0 JavaThread "LocalFile Deleter"          daemon [_thread_blocked, id=2452, stack(0x0000007a39400000,0x0000007a39500000) (1024K)]
  0x000002208d772830 JavaThread "LocalFile Deleter"          daemon [_thread_blocked, id=5148, stack(0x0000007a39500000,0x0000007a39600000) (1024K)]
  0x000002208d775620 JavaThread "LocalFile Deleter"          daemon [_thread_blocked, id=21884, stack(0x0000007a3a300000,0x0000007a3a400000) (1024K)]
  0x000002208d773be0 JavaThread "LocalFile Deleter"          daemon [_thread_blocked, id=13280, stack(0x0000007a3a500000,0x0000007a3a600000) (1024K)]
  0x000002208d774270 JavaThread "LocalFile Deleter"          daemon [_thread_blocked, id=18204, stack(0x0000007a3a600000,0x0000007a3a700000) (1024K)]
  0x000002208d774f90 JavaThread "Timer-0"                           [_thread_blocked, id=15768, stack(0x0000007a3ae00000,0x0000007a3af00000) (1024K)]
  0x000002208d7776f0 JavaThread "Timer-1"                           [_thread_blocked, id=22512, stack(0x0000007a3d700000,0x0000007a3d800000) (1024K)]
  0x000002208d770760 JavaThread "Timer-2"                           [_thread_blocked, id=23384, stack(0x0000007a3e000000,0x0000007a3e100000) (1024K)]
  0x00000220feb0ab90 JavaThread "Timer-3"                           [_thread_blocked, id=21908, stack(0x0000007a3e100000,0x0000007a3e200000) (1024K)]
  0x0000022094674840 JavaThread "Timer-4"                           [_thread_blocked, id=29012, stack(0x0000007a3e200000,0x0000007a3e300000) (1024K)]
  0x0000022094673490 JavaThread "Connection worker"                 [_thread_in_native, id=29260, stack(0x0000007a3e300000,0x0000007a3e400000) (1024K)]
  0x0000022094674ed0 JavaThread "pool-3-thread-1"                   [_thread_blocked, id=17156, stack(0x0000007a3da00000,0x0000007a3db00000) (1024K)]
  0x0000022094672e00 JavaThread "Exec process"                      [_thread_blocked, id=12748, stack(0x0000007a3e400000,0x0000007a3e500000) (1024K)]
  0x0000022094675560 JavaThread "Exec process Thread 2"             [_thread_blocked, id=22136, stack(0x0000007a3e500000,0x0000007a3e600000) (1024K)]
  0x00000220946741b0 JavaThread "Exec process Thread 3"             [_thread_blocked, id=20936, stack(0x0000007a3e600000,0x0000007a3e700000) (1024K)]
  0x000002208e8f9060 JavaThread "C1 CompilerThread1"         daemon [_thread_blocked, id=20040, stack(0x0000007a3d900000,0x0000007a3da00000) (1024K)]
  0x000002208e8f9e00 JavaThread "C1 CompilerThread2"         daemon [_thread_blocked, id=29448, stack(0x0000007a3e800000,0x0000007a3e900000) (1024K)]
  0x000002208e8faba0 JavaThread "C2 CompilerThread1"         daemon [_thread_in_native, id=11232, stack(0x0000007a3e900000,0x0000007a3ea00000) (1024K)]
Total: 67

Other Threads:
  0x00000220a59deab0 VMThread "VM Thread"                           [id=28096, stack(0x0000007a39900000,0x0000007a39a00000) (1024K)]
  0x00000220a59ae6b0 WatcherThread "VM Periodic Task Thread"        [id=21916, stack(0x0000007a39800000,0x0000007a39900000) (1024K)]
  0x00000220a5961910 WorkerThread "GC Thread#0"                     [id=20192, stack(0x0000007a39700000,0x0000007a39800000) (1024K)]
  0x00000220fe5d4810 WorkerThread "GC Thread#1"                     [id=24172, stack(0x0000007a3a900000,0x0000007a3aa00000) (1024K)]
  0x00000220fdf686a0 WorkerThread "GC Thread#2"                     [id=13504, stack(0x0000007a3aa00000,0x0000007a3ab00000) (1024K)]
  0x00000220fdf68a40 WorkerThread "GC Thread#3"                     [id=28780, stack(0x0000007a3ab00000,0x0000007a3ac00000) (1024K)]
  0x00000220fe86f3d0 WorkerThread "GC Thread#4"                     [id=4672, stack(0x0000007a3ac00000,0x0000007a3ad00000) (1024K)]
  0x00000220fde29310 WorkerThread "GC Thread#5"                     [id=5296, stack(0x0000007a3ad00000,0x0000007a3ae00000) (1024K)]
  0x00000220fe905fa0 WorkerThread "GC Thread#6"                     [id=16116, stack(0x0000007a3b000000,0x0000007a3b100000) (1024K)]
  0x00000220fe906340 WorkerThread "GC Thread#7"                     [id=19300, stack(0x0000007a3b100000,0x0000007a3b200000) (1024K)]
  0x00000220fe18bfa0 WorkerThread "GC Thread#8"                     [id=23064, stack(0x0000007a3b600000,0x0000007a3b700000) (1024K)]
  0x00000220fe18bc00 WorkerThread "GC Thread#9"                     [id=26804, stack(0x0000007a3b700000,0x0000007a3b800000) (1024K)]
  0x00000220fe18c340 WorkerThread "GC Thread#10"                    [id=12900, stack(0x0000007a3b800000,0x0000007a3b900000) (1024K)]
  0x00000220fe18b4c0 WorkerThread "GC Thread#11"                    [id=14808, stack(0x0000007a3bb00000,0x0000007a3bc00000) (1024K)]
  0x00000220fe18ce20 WorkerThread "GC Thread#12"                    [id=16328, stack(0x0000007a3bc00000,0x0000007a3bd00000) (1024K)]
Total: 15

Threads with active compile tasks:
C2 CompilerThread0  75550 11900   !   4       java.io.ObjectStreamClass::readNonProxy (395 bytes)
C2 CompilerThread1  75551 11905       4       java.util.HashMap::putVal (300 bytes)
Total: 2

VM state: not at safepoint (normal execution)

VM Mutex/Monitor currently owned by a thread: None

Heap address: 0x00000000c0000000, size: 1024 MB, Compressed Oops mode: 32-bit

CDS archive(s) mapped at: [0x00000220ba000000-0x00000220baba0000-0x00000220baba0000), size 12189696, SharedBaseAddress: 0x00000220ba000000, ArchiveRelocationMode: 1.
Compressed class space mapped at: 0x00000220bb000000-0x00000220fb000000, reserved size: 1073741824
Narrow klass base: 0x00000220ba000000, Narrow klass shift: 0, Narrow klass range: 0x100000000

GC Precious Log:
 CardTable entry size: 512
 CPUs: 16 total, 16 available
 Memory: 15613M
 Large Page Support: Disabled
 NUMA Support: Disabled
 Compressed Oops: Enabled (32-bit)
 Alignments: Space 512K, Generation 512K, Heap 2M
 Heap Min Capacity: 100M
 Heap Initial Capacity: 100M
 Heap Max Capacity: 1G
 Pre-touch: Disabled
 Parallel Workers: 13

Heap:
 PSYoungGen      total 2048K, used 585K [0x00000000eab00000, 0x00000000eae80000, 0x0000000100000000)
  eden space 1536K, 21% used [0x00000000eab00000,0x00000000eab525d0,0x00000000eac80000)
  from space 512K, 50% used [0x00000000ead80000,0x00000000eadc0000,0x00000000eae00000)
  to   space 512K, 0% used [0x00000000eae00000,0x00000000eae00000,0x00000000eae80000)
 ParOldGen       total 272896K, used 272795K [0x00000000c0000000, 0x00000000d0a80000, 0x00000000eab00000)
  object space 272896K, 99% used [0x00000000c0000000,0x00000000d0a66f00,0x00000000d0a80000)
 Metaspace       used 74659K, committed 76160K, reserved 1179648K
  class space    used 8788K, committed 9472K, reserved 1048576K

Card table byte_map: [0x00000220a52e0000,0x00000220a54f0000] _byte_map_base: 0x00000220a4ce0000

Marking Bits: (ParMarkBitMap*) 0x00007ffc6e772250
 Begin Bits: [0x00000220b7c90000, 0x00000220b8c90000)
 End Bits:   [0x00000220b8c90000, 0x00000220b9c90000)

Polling page: 0x00000220a38d0000

Metaspace:

Usage:
  Non-class:     64.33 MB used.
      Class:      8.58 MB used.
       Both:     72.91 MB used.

Virtual space:
  Non-class space:      128.00 MB reserved,      65.12 MB ( 51%) committed,  2 nodes.
      Class space:        1.00 GB reserved,       9.25 MB ( <1%) committed,  1 nodes.
             Both:        1.12 GB reserved,      74.38 MB (  6%) committed. 

Chunk freelists:
   Non-Class:  14.11 MB
       Class:  6.80 MB
        Both:  20.91 MB

MaxMetaspaceSize: unlimited
CompressedClassSpaceSize: 1.00 GB
Initial GC threshold: 21.00 MB
Current GC threshold: 84.31 MB
CDS: on
 - commit_granule_bytes: 65536.
 - commit_granule_words: 8192.
 - virtual_space_node_default_size: 8388608.
 - enlarge_chunks_in_place: 1.
 - use_allocation_guard: 0.


Internal statistics:

num_allocs_failed_limit: 6.
num_arena_births: 1240.
num_arena_deaths: 14.
num_vsnodes_births: 3.
num_vsnodes_deaths: 0.
num_space_committed: 1190.
num_space_uncommitted: 0.
num_chunks_returned_to_freelist: 20.
num_chunks_taken_from_freelist: 4540.
num_chunk_merges: 12.
num_chunk_splits: 2908.
num_chunks_enlarged: 1800.
num_inconsistent_stats: 0.

CodeHeap 'non-profiled nmethods': size=119168Kb used=10921Kb max_used=10921Kb free=108246Kb
 bounds [0x00000220b0830000, 0x00000220b12e0000, 0x00000220b7c90000]
CodeHeap 'profiled nmethods': size=119104Kb used=25622Kb max_used=25622Kb free=93482Kb
 bounds [0x00000220a8c90000, 0x00000220aa5a0000, 0x00000220b00e0000]
CodeHeap 'non-nmethods': size=7488Kb used=1990Kb max_used=3184Kb free=5497Kb
 bounds [0x00000220b00e0000, 0x00000220b0410000, 0x00000220b0830000]
 total_blobs=11741 nmethods=11002 adapters=643
 compilation: enabled
              stopped_count=0, restarted_count=0
 full_count=0

Compilation events (20 events):
Event: 75.039 Thread 0x000002208e8fc6e0 11891       4       java.io.ObjectInputStream$BlockDataInputStream::readShort (73 bytes)
Event: 75.047 Thread 0x000002208e8fc6e0 nmethod 11891 0x00000220b12b0590 code [0x00000220b12b07a0, 0x00000220b12b10f0]
Event: 75.047 Thread 0x000002208e8fc6e0 11892   !   4       java.io.ObjectInputStream::readObject0 (681 bytes)
Event: 75.060 Thread 0x000002208e8fc6e0 nmethod 11892 0x00000220b12b1890 code [0x00000220b12b1b20, 0x00000220b12b2900]
Event: 75.060 Thread 0x000002208e8fc6e0 11895       4       java.io.StringWriter::write (11 bytes)
Event: 75.063 Thread 0x000002208e8fc6e0 nmethod 11895 0x00000220b12b3310 code [0x00000220b12b3500, 0x00000220b12b3a10]
Event: 75.063 Thread 0x000002208e8fc6e0 11893       4       java.io.ObjectInputStream$HandleTable::markDependency (175 bytes)
Event: 75.064 Thread 0x000002208e8fc6e0 nmethod 11893 0x00000220b12b3d10 code [0x00000220b12b3ea0, 0x00000220b12b4048]
Event: 75.114 Thread 0x000002208e8fc6e0 11896   !   4       java.io.ObjectInputStream$BlockDataInputStream::refill (136 bytes)
Event: 75.124 Thread 0x000002208e8fc6e0 nmethod 11896 0x00000220b12b4190 code [0x00000220b12b43c0, 0x00000220b12b4c70]
Event: 75.280 Thread 0x000002208e8faba0 nmethod 11885 0x00000220b12b5390 code [0x00000220b12b5980, 0x00000220b12b9d78]
Event: 75.298 Thread 0x00000220a59f1560 nmethod 11860 0x00000220b12bd590 code [0x00000220b12bdde0, 0x00000220b12c7b58]
Event: 75.305 Thread 0x00000220a59f2a70 11897   !   3       sun.nio.ch.WEPollSelectorImpl::doSelect (132 bytes)
Event: 75.306 Thread 0x00000220a59f2a70 nmethod 11897 0x00000220aa594390 code [0x00000220aa594660, 0x00000220aa5951d8]
Event: 75.314 Thread 0x000002208e8faba0 11898       4       java.io.ObjectStreamClass$FieldReflectorKey::<init> (76 bytes)
Event: 75.316 Thread 0x00000220a59f1560 11899       4       java.io.ObjectStreamClass::computeFieldOffsets (308 bytes)
Event: 75.319 Thread 0x00000220a59f1560 nmethod 11899 0x00000220b12cc910 code [0x00000220b12ccac0, 0x00000220b12ccda8]
Event: 75.320 Thread 0x000002208e8faba0 nmethod 11898 0x00000220b12cd090 code [0x00000220b12cd240, 0x00000220b12cd688]
Event: 75.322 Thread 0x00000220a59f1560 11900   !   4       java.io.ObjectStreamClass::readNonProxy (395 bytes)
Event: 75.378 Thread 0x000002208e8faba0 11901       4       java.io.ObjectStreamClass::getReflector (100 bytes)

GC Heap History (20 events):
Event: 69.205 GC heap before
{Heap before GC invocations=1321 (full 3):
 PSYoungGen      total 2048K, used 2015K [0x00000000eab00000, 0x00000000eae80000, 0x0000000100000000)
  eden space 1536K, 99% used [0x00000000eab00000,0x00000000eac7fff8,0x00000000eac80000)
  from space 512K, 93% used [0x00000000eae00000,0x00000000eae78000,0x00000000eae80000)
  to   space 512K, 0% used [0x00000000ead80000,0x00000000ead80000,0x00000000eae00000)
 ParOldGen       total 272384K, used 271956K [0x00000000c0000000, 0x00000000d0a00000, 0x00000000eab00000)
  object space 272384K, 99% used [0x00000000c0000000,0x00000000d09953b8,0x00000000d0a00000)
 Metaspace       used 74240K, committed 75712K, reserved 1179648K
  class space    used 8772K, committed 9408K, reserved 1048576K
}
Event: 69.205 GC heap after
{Heap after GC invocations=1321 (full 3):
 PSYoungGen      total 2048K, used 480K [0x00000000eab00000, 0x00000000eae80000, 0x0000000100000000)
  eden space 1536K, 0% used [0x00000000eab00000,0x00000000eab00000,0x00000000eac80000)
  from space 512K, 93% used [0x00000000ead80000,0x00000000eadf8020,0x00000000eae00000)
  to   space 512K, 0% used [0x00000000eae00000,0x00000000eae00000,0x00000000eae80000)
 ParOldGen       total 272384K, used 272108K [0x00000000c0000000, 0x00000000d0a00000, 0x00000000eab00000)
  object space 272384K, 99% used [0x00000000c0000000,0x00000000d09bb3d8,0x00000000d0a00000)
 Metaspace       used 74240K, committed 75712K, reserved 1179648K
  class space    used 8772K, committed 9408K, reserved 1048576K
}
Event: 69.235 GC heap before
{Heap before GC invocations=1322 (full 3):
 PSYoungGen      total 2048K, used 2016K [0x00000000eab00000, 0x00000000eae80000, 0x0000000100000000)
  eden space 1536K, 100% used [0x00000000eab00000,0x00000000eac80000,0x00000000eac80000)
  from space 512K, 93% used [0x00000000ead80000,0x00000000eadf8020,0x00000000eae00000)
  to   space 512K, 0% used [0x00000000eae00000,0x00000000eae00000,0x00000000eae80000)
 ParOldGen       total 272384K, used 272108K [0x00000000c0000000, 0x00000000d0a00000, 0x00000000eab00000)
  object space 272384K, 99% used [0x00000000c0000000,0x00000000d09bb3d8,0x00000000d0a00000)
 Metaspace       used 74277K, committed 75712K, reserved 1179648K
  class space    used 8773K, committed 9408K, reserved 1048576K
}
Event: 69.235 GC heap after
{Heap after GC invocations=1322 (full 3):
 PSYoungGen      total 2048K, used 352K [0x00000000eab00000, 0x00000000eae80000, 0x0000000100000000)
  eden space 1536K, 0% used [0x00000000eab00000,0x00000000eab00000,0x00000000eac80000)
  from space 512K, 68% used [0x00000000eae00000,0x00000000eae58000,0x00000000eae80000)
  to   space 512K, 0% used [0x00000000ead80000,0x00000000ead80000,0x00000000eae00000)
 ParOldGen       total 272384K, used 272276K [0x00000000c0000000, 0x00000000d0a00000, 0x00000000eab00000)
  object space 272384K, 99% used [0x00000000c0000000,0x00000000d09e53f8,0x00000000d0a00000)
 Metaspace       used 74277K, committed 75712K, reserved 1179648K
  class space    used 8773K, committed 9408K, reserved 1048576K
}
Event: 70.293 GC heap before
{Heap before GC invocations=1323 (full 3):
 PSYoungGen      total 2048K, used 1888K [0x00000000eab00000, 0x00000000eae80000, 0x0000000100000000)
  eden space 1536K, 100% used [0x00000000eab00000,0x00000000eac80000,0x00000000eac80000)
  from space 512K, 68% used [0x00000000eae00000,0x00000000eae58000,0x00000000eae80000)
  to   space 512K, 0% used [0x00000000ead80000,0x00000000ead80000,0x00000000eae00000)
 ParOldGen       total 272384K, used 272276K [0x00000000c0000000, 0x00000000d0a00000, 0x00000000eab00000)
  object space 272384K, 99% used [0x00000000c0000000,0x00000000d09e53f8,0x00000000d0a00000)
 Metaspace       used 74381K, committed 75840K, reserved 1179648K
  class space    used 8784K, committed 9472K, reserved 1048576K
}
Event: 70.294 GC heap after
{Heap after GC invocations=1323 (full 3):
 PSYoungGen      total 2048K, used 352K [0x00000000eab00000, 0x00000000eae80000, 0x0000000100000000)
  eden space 1536K, 0% used [0x00000000eab00000,0x00000000eab00000,0x00000000eac80000)
  from space 512K, 68% used [0x00000000ead80000,0x00000000eadd8000,0x00000000eae00000)
  to   space 512K, 0% used [0x00000000eae00000,0x00000000eae00000,0x00000000eae80000)
 ParOldGen       total 272896K, used 272403K [0x00000000c0000000, 0x00000000d0a80000, 0x00000000eab00000)
  object space 272896K, 99% used [0x00000000c0000000,0x00000000d0a04f00,0x00000000d0a80000)
 Metaspace       used 74381K, committed 75840K, reserved 1179648K
  class space    used 8784K, committed 9472K, reserved 1048576K
}
Event: 73.909 GC heap before
{Heap before GC invocations=1324 (full 3):
 PSYoungGen      total 2048K, used 1888K [0x00000000eab00000, 0x00000000eae80000, 0x0000000100000000)
  eden space 1536K, 100% used [0x00000000eab00000,0x00000000eac80000,0x00000000eac80000)
  from space 512K, 68% used [0x00000000ead80000,0x00000000eadd8000,0x00000000eae00000)
  to   space 512K, 0% used [0x00000000eae00000,0x00000000eae00000,0x00000000eae80000)
 ParOldGen       total 272896K, used 272403K [0x00000000c0000000, 0x00000000d0a80000, 0x00000000eab00000)
  object space 272896K, 99% used [0x00000000c0000000,0x00000000d0a04f00,0x00000000d0a80000)
 Metaspace       used 74527K, committed 76032K, reserved 1179648K
  class space    used 8787K, committed 9472K, reserved 1048576K
}
Event: 73.910 GC heap after
{Heap after GC invocations=1324 (full 3):
 PSYoungGen      total 2048K, used 256K [0x00000000eab00000, 0x00000000eae80000, 0x0000000100000000)
  eden space 1536K, 0% used [0x00000000eab00000,0x00000000eab00000,0x00000000eac80000)
  from space 512K, 50% used [0x00000000eae00000,0x00000000eae40000,0x00000000eae80000)
  to   space 512K, 0% used [0x00000000ead80000,0x00000000ead80000,0x00000000eae00000)
 ParOldGen       total 272896K, used 272579K [0x00000000c0000000, 0x00000000d0a80000, 0x00000000eab00000)
  object space 272896K, 99% used [0x00000000c0000000,0x00000000d0a30f00,0x00000000d0a80000)
 Metaspace       used 74527K, committed 76032K, reserved 1179648K
  class space    used 8787K, committed 9472K, reserved 1048576K
}
Event: 74.832 GC heap before
{Heap before GC invocations=1325 (full 3):
 PSYoungGen      total 2048K, used 1792K [0x00000000eab00000, 0x00000000eae80000, 0x0000000100000000)
  eden space 1536K, 100% used [0x00000000eab00000,0x00000000eac80000,0x00000000eac80000)
  from space 512K, 50% used [0x00000000eae00000,0x00000000eae40000,0x00000000eae80000)
  to   space 512K, 0% used [0x00000000ead80000,0x00000000ead80000,0x00000000eae00000)
 ParOldGen       total 272896K, used 272579K [0x00000000c0000000, 0x00000000d0a80000, 0x00000000eab00000)
  object space 272896K, 99% used [0x00000000c0000000,0x00000000d0a30f00,0x00000000d0a80000)
 Metaspace       used 74562K, committed 76032K, reserved 1179648K
  class space    used 8788K, committed 9472K, reserved 1048576K
}
Event: 74.834 GC heap after
{Heap after GC invocations=1325 (full 3):
 PSYoungGen      total 2048K, used 384K [0x00000000eab00000, 0x00000000eae80000, 0x0000000100000000)
  eden space 1536K, 0% used [0x00000000eab00000,0x00000000eab00000,0x00000000eac80000)
  from space 512K, 75% used [0x00000000ead80000,0x00000000eade0000,0x00000000eae00000)
  to   space 512K, 0% used [0x00000000eae00000,0x00000000eae00000,0x00000000eae80000)
 ParOldGen       total 272896K, used 272587K [0x00000000c0000000, 0x00000000d0a80000, 0x00000000eab00000)
  object space 272896K, 99% used [0x00000000c0000000,0x00000000d0a32f00,0x00000000d0a80000)
 Metaspace       used 74562K, committed 76032K, reserved 1179648K
  class space    used 8788K, committed 9472K, reserved 1048576K
}
Event: 74.949 GC heap before
{Heap before GC invocations=1326 (full 3):
 PSYoungGen      total 2048K, used 1920K [0x00000000eab00000, 0x00000000eae80000, 0x0000000100000000)
  eden space 1536K, 100% used [0x00000000eab00000,0x00000000eac80000,0x00000000eac80000)
  from space 512K, 75% used [0x00000000ead80000,0x00000000eade0000,0x00000000eae00000)
  to   space 512K, 0% used [0x00000000eae00000,0x00000000eae00000,0x00000000eae80000)
 ParOldGen       total 272896K, used 272587K [0x00000000c0000000, 0x00000000d0a80000, 0x00000000eab00000)
  object space 272896K, 99% used [0x00000000c0000000,0x00000000d0a32f00,0x00000000d0a80000)
 Metaspace       used 74606K, committed 76096K, reserved 1179648K
  class space    used 8788K, committed 9472K, reserved 1048576K
}
Event: 74.950 GC heap after
{Heap after GC invocations=1326 (full 3):
 PSYoungGen      total 2048K, used 288K [0x00000000eab00000, 0x00000000eae80000, 0x0000000100000000)
  eden space 1536K, 0% used [0x00000000eab00000,0x00000000eab00000,0x00000000eac80000)
  from space 512K, 56% used [0x00000000eae00000,0x00000000eae48000,0x00000000eae80000)
  to   space 512K, 0% used [0x00000000ead80000,0x00000000ead80000,0x00000000eae00000)
 ParOldGen       total 272896K, used 272595K [0x00000000c0000000, 0x00000000d0a80000, 0x00000000eab00000)
  object space 272896K, 99% used [0x00000000c0000000,0x00000000d0a34f00,0x00000000d0a80000)
 Metaspace       used 74606K, committed 76096K, reserved 1179648K
  class space    used 8788K, committed 9472K, reserved 1048576K
}
Event: 74.969 GC heap before
{Heap before GC invocations=1327 (full 3):
 PSYoungGen      total 2048K, used 1824K [0x00000000eab00000, 0x00000000eae80000, 0x0000000100000000)
  eden space 1536K, 100% used [0x00000000eab00000,0x00000000eac80000,0x00000000eac80000)
  from space 512K, 56% used [0x00000000eae00000,0x00000000eae48000,0x00000000eae80000)
  to   space 512K, 0% used [0x00000000ead80000,0x00000000ead80000,0x00000000eae00000)
 ParOldGen       total 272896K, used 272595K [0x00000000c0000000, 0x00000000d0a80000, 0x00000000eab00000)
  object space 272896K, 99% used [0x00000000c0000000,0x00000000d0a34f00,0x00000000d0a80000)
 Metaspace       used 74639K, committed 76160K, reserved 1179648K
  class space    used 8788K, committed 9472K, reserved 1048576K
}
Event: 74.970 GC heap after
{Heap after GC invocations=1327 (full 3):
 PSYoungGen      total 2048K, used 352K [0x00000000eab00000, 0x00000000eae80000, 0x0000000100000000)
  eden space 1536K, 0% used [0x00000000eab00000,0x00000000eab00000,0x00000000eac80000)
  from space 512K, 68% used [0x00000000ead80000,0x00000000eadd8000,0x00000000eae00000)
  to   space 512K, 0% used [0x00000000eae00000,0x00000000eae00000,0x00000000eae80000)
 ParOldGen       total 272896K, used 272603K [0x00000000c0000000, 0x00000000d0a80000, 0x00000000eab00000)
  object space 272896K, 99% used [0x00000000c0000000,0x00000000d0a36f00,0x00000000d0a80000)
 Metaspace       used 74639K, committed 76160K, reserved 1179648K
  class space    used 8788K, committed 9472K, reserved 1048576K
}
Event: 74.982 GC heap before
{Heap before GC invocations=1328 (full 3):
 PSYoungGen      total 2048K, used 1888K [0x00000000eab00000, 0x00000000eae80000, 0x0000000100000000)
  eden space 1536K, 100% used [0x00000000eab00000,0x00000000eac80000,0x00000000eac80000)
  from space 512K, 68% used [0x00000000ead80000,0x00000000eadd8000,0x00000000eae00000)
  to   space 512K, 0% used [0x00000000eae00000,0x00000000eae00000,0x00000000eae80000)
 ParOldGen       total 272896K, used 272603K [0x00000000c0000000, 0x00000000d0a80000, 0x00000000eab00000)
  object space 272896K, 99% used [0x00000000c0000000,0x00000000d0a36f00,0x00000000d0a80000)
 Metaspace       used 74644K, committed 76160K, reserved 1179648K
  class space    used 8788K, committed 9472K, reserved 1048576K
}
Event: 74.983 GC heap after
{Heap after GC invocations=1328 (full 3):
 PSYoungGen      total 2048K, used 384K [0x00000000eab00000, 0x00000000eae80000, 0x0000000100000000)
  eden space 1536K, 0% used [0x00000000eab00000,0x00000000eab00000,0x00000000eac80000)
  from space 512K, 75% used [0x00000000eae00000,0x00000000eae60000,0x00000000eae80000)
  to   space 512K, 0% used [0x00000000ead80000,0x00000000ead80000,0x00000000eae00000)
 ParOldGen       total 272896K, used 272611K [0x00000000c0000000, 0x00000000d0a80000, 0x00000000eab00000)
  object space 272896K, 99% used [0x00000000c0000000,0x00000000d0a38f00,0x00000000d0a80000)
 Metaspace       used 74644K, committed 76160K, reserved 1179648K
  class space    used 8788K, committed 9472K, reserved 1048576K
}
Event: 74.998 GC heap before
{Heap before GC invocations=1329 (full 3):
 PSYoungGen      total 2048K, used 1919K [0x00000000eab00000, 0x00000000eae80000, 0x0000000100000000)
  eden space 1536K, 99% used [0x00000000eab00000,0x00000000eac7fff8,0x00000000eac80000)
  from space 512K, 75% used [0x00000000eae00000,0x00000000eae60000,0x00000000eae80000)
  to   space 512K, 0% used [0x00000000ead80000,0x00000000ead80000,0x00000000eae00000)
 ParOldGen       total 272896K, used 272611K [0x00000000c0000000, 0x00000000d0a80000, 0x00000000eab00000)
  object space 272896K, 99% used [0x00000000c0000000,0x00000000d0a38f00,0x00000000d0a80000)
 Metaspace       used 74659K, committed 76160K, reserved 1179648K
  class space    used 8788K, committed 9472K, reserved 1048576K
}
Event: 75.000 GC heap after
{Heap after GC invocations=1329 (full 3):
 PSYoungGen      total 2048K, used 320K [0x00000000eab00000, 0x00000000eae80000, 0x0000000100000000)
  eden space 1536K, 0% used [0x00000000eab00000,0x00000000eab00000,0x00000000eac80000)
  from space 512K, 62% used [0x00000000ead80000,0x00000000eadd0000,0x00000000eae00000)
  to   space 512K, 0% used [0x00000000eae00000,0x00000000eae00000,0x00000000eae80000)
 ParOldGen       total 272896K, used 272691K [0x00000000c0000000, 0x00000000d0a80000, 0x00000000eab00000)
  object space 272896K, 99% used [0x00000000c0000000,0x00000000d0a4cf00,0x00000000d0a80000)
 Metaspace       used 74659K, committed 76160K, reserved 1179648K
  class space    used 8788K, committed 9472K, reserved 1048576K
}
Event: 75.092 GC heap before
{Heap before GC invocations=1330 (full 3):
 PSYoungGen      total 2048K, used 1856K [0x00000000eab00000, 0x00000000eae80000, 0x0000000100000000)
  eden space 1536K, 100% used [0x00000000eab00000,0x00000000eac80000,0x00000000eac80000)
  from space 512K, 62% used [0x00000000ead80000,0x00000000eadd0000,0x00000000eae00000)
  to   space 512K, 0% used [0x00000000eae00000,0x00000000eae00000,0x00000000eae80000)
 ParOldGen       total 272896K, used 272691K [0x00000000c0000000, 0x00000000d0a80000, 0x00000000eab00000)
  object space 272896K, 99% used [0x00000000c0000000,0x00000000d0a4cf00,0x00000000d0a80000)
 Metaspace       used 74659K, committed 76160K, reserved 1179648K
  class space    used 8788K, committed 9472K, reserved 1048576K
}
Event: 75.094 GC heap after
{Heap after GC invocations=1330 (full 3):
 PSYoungGen      total 2048K, used 256K [0x00000000eab00000, 0x00000000eae80000, 0x0000000100000000)
  eden space 1536K, 0% used [0x00000000eab00000,0x00000000eab00000,0x00000000eac80000)
  from space 512K, 50% used [0x00000000eae00000,0x00000000eae40000,0x00000000eae80000)
  to   space 512K, 0% used [0x00000000ead80000,0x00000000ead80000,0x00000000eae00000)
 ParOldGen       total 272896K, used 272739K [0x00000000c0000000, 0x00000000d0a80000, 0x00000000eab00000)
  object space 272896K, 99% used [0x00000000c0000000,0x00000000d0a58f00,0x00000000d0a80000)
 Metaspace       used 74659K, committed 76160K, reserved 1179648K
  class space    used 8788K, committed 9472K, reserved 1048576K
}

Dll operation events (15 events):
Event: 0.006 Loaded shared library c:\Users\ASUS\.vscode\extensions\redhat.java-1.39.0-win32-x64\jre\21.0.5-win32-x86_64\bin\java.dll
Event: 0.046 Loaded shared library c:\Users\ASUS\.vscode\extensions\redhat.java-1.39.0-win32-x64\jre\21.0.5-win32-x86_64\bin\zip.dll
Event: 0.057 Loaded shared library C:\Users\ASUS\.vscode\extensions\redhat.java-1.39.0-win32-x64\jre\21.0.5-win32-x86_64\bin\instrument.dll
Event: 0.060 Loaded shared library C:\Users\ASUS\.vscode\extensions\redhat.java-1.39.0-win32-x64\jre\21.0.5-win32-x86_64\bin\net.dll
Event: 0.061 Loaded shared library C:\Users\ASUS\.vscode\extensions\redhat.java-1.39.0-win32-x64\jre\21.0.5-win32-x86_64\bin\nio.dll
Event: 0.063 Loaded shared library C:\Users\ASUS\.vscode\extensions\redhat.java-1.39.0-win32-x64\jre\21.0.5-win32-x86_64\bin\zip.dll
Event: 0.073 Loaded shared library C:\Users\ASUS\.vscode\extensions\redhat.java-1.39.0-win32-x64\jre\21.0.5-win32-x86_64\bin\jimage.dll
Event: 0.115 Loaded shared library c:\Users\ASUS\.vscode\extensions\redhat.java-1.39.0-win32-x64\jre\21.0.5-win32-x86_64\bin\verify.dll
Event: 0.695 Loaded shared library C:\Users\ASUS\AppData\Roaming\Code\User\globalStorage\redhat.java\1.39.0\config_win\org.eclipse.equinox.launcher\org.eclipse.equinox.launcher.win32.win32.x86_64_1.2.1100.v20240722-2106\eclipse_11904.dll
Event: 1.496 Loaded shared library C:\Users\ASUS\AppData\Local\Temp\jna-2018896\jna11300621814565103273.dll
Event: 64.660 Loaded shared library C:\Users\ASUS\.gradle\native\c067742578af261105cb4f569cf0c3c89f3d7b1fecec35dd04571415982c5e48\windows-amd64\native-platform.dll
Event: 65.461 Loaded shared library C:\Users\ASUS\.vscode\extensions\redhat.java-1.39.0-win32-x64\jre\21.0.5-win32-x86_64\bin\management.dll
Event: 65.463 Loaded shared library C:\Users\ASUS\.vscode\extensions\redhat.java-1.39.0-win32-x64\jre\21.0.5-win32-x86_64\bin\management_ext.dll
Event: 67.146 Loaded shared library C:\Users\ASUS\.vscode\extensions\redhat.java-1.39.0-win32-x64\jre\21.0.5-win32-x86_64\bin\extnet.dll
Event: 69.077 Loaded shared library C:\Users\ASUS\.vscode\extensions\redhat.java-1.39.0-win32-x64\jre\21.0.5-win32-x86_64\bin\sunmscapi.dll

Deoptimization events (20 events):
Event: 73.429 Thread 0x0000022094673490 DEOPT PACKING pc=0x00000220b0e47ac0 sp=0x0000007a3e3fe540
Event: 73.429 Thread 0x0000022094673490 DEOPT UNPACKING pc=0x00000220b0133aa2 sp=0x0000007a3e3fe538 mode 2
Event: 73.679 Thread 0x0000022094673490 Uncommon trap: trap_request=0xffffffde fr.pc=0x00000220b0e47ac0 relative=0x0000000000000780
Event: 73.679 Thread 0x0000022094673490 Uncommon trap: reason=class_check action=maybe_recompile pc=0x00000220b0e47ac0 method=java.util.Collections$SetFromMap.remove(Ljava/lang/Object;)Z @ 5 c2
Event: 73.679 Thread 0x0000022094673490 DEOPT PACKING pc=0x00000220b0e47ac0 sp=0x0000007a3e3fe540
Event: 73.679 Thread 0x0000022094673490 DEOPT UNPACKING pc=0x00000220b0133aa2 sp=0x0000007a3e3fe538 mode 2
Event: 73.683 Thread 0x0000022094673490 DEOPT PACKING pc=0x00000220aa1d4306 sp=0x0000007a3e3fd450
Event: 73.683 Thread 0x0000022094673490 DEOPT UNPACKING pc=0x00000220b0134242 sp=0x0000007a3e3fc9a8 mode 0
Event: 74.088 Thread 0x0000022094673490 Uncommon trap: trap_request=0xffffff45 fr.pc=0x00000220b129e868 relative=0x00000000000002a8
Event: 74.088 Thread 0x0000022094673490 Uncommon trap: reason=unstable_if action=reinterpret pc=0x00000220b129e868 method=com.esotericsoftware.kryo.io.Input.read([BII)I @ 64 c2
Event: 74.088 Thread 0x0000022094673490 DEOPT PACKING pc=0x00000220b129e868 sp=0x0000007a3e3fd850
Event: 74.089 Thread 0x0000022094673490 DEOPT UNPACKING pc=0x00000220b0133aa2 sp=0x0000007a3e3fd638 mode 2
Event: 74.099 Thread 0x0000022094673490 Uncommon trap: trap_request=0xffffff45 fr.pc=0x00000220b129dd20 relative=0x0000000000000260
Event: 74.099 Thread 0x0000022094673490 Uncommon trap: reason=unstable_if action=reinterpret pc=0x00000220b129dd20 method=java.io.ObjectInputStream$PeekInputStream.read([BII)I @ 10 c2
Event: 74.100 Thread 0x0000022094673490 DEOPT PACKING pc=0x00000220b129dd20 sp=0x0000007a3e3fcba0
Event: 74.100 Thread 0x0000022094673490 DEOPT UNPACKING pc=0x00000220b0133aa2 sp=0x0000007a3e3fcb68 mode 2
Event: 74.828 Thread 0x0000022094673490 Uncommon trap: trap_request=0xffffff45 fr.pc=0x00000220b1298054 relative=0x0000000000000134
Event: 74.828 Thread 0x0000022094673490 Uncommon trap: reason=unstable_if action=reinterpret pc=0x00000220b1298054 method=com.esotericsoftware.kryo.io.Input.read([BII)I @ 64 c2
Event: 74.828 Thread 0x0000022094673490 DEOPT PACKING pc=0x00000220b1298054 sp=0x0000007a3e3fd740
Event: 74.829 Thread 0x0000022094673490 DEOPT UNPACKING pc=0x00000220b0133aa2 sp=0x0000007a3e3fd678 mode 2

Classes loaded (20 events):
Event: 69.094 Loading class java/nio/channels/spi/AbstractSelectionKey done
Event: 69.094 Loading class sun/nio/ch/SelectionKeyImpl done
Event: 69.094 Loading class java/lang/invoke/ConstantBootstraps
Event: 69.095 Loading class java/lang/invoke/ConstantBootstraps done
Event: 69.104 Loading class java/io/ObjectStreamClass$1
Event: 69.104 Loading class java/io/ObjectStreamClass$1 done
Event: 69.104 Loading class java/io/ObjectStreamClass$MemberSignature
Event: 69.104 Loading class java/io/ObjectStreamClass$MemberSignature done
Event: 69.104 Loading class java/io/ObjectStreamClass$3
Event: 69.104 Loading class java/io/ObjectStreamClass$3 done
Event: 69.104 Loading class java/io/ObjectStreamClass$4
Event: 69.104 Loading class java/io/ObjectStreamClass$4 done
Event: 69.105 Loading class java/io/ObjectStreamClass$5
Event: 69.105 Loading class java/io/ObjectStreamClass$5 done
Event: 69.112 Loading class java/nio/channels/spi/AbstractSelector$1
Event: 69.112 Loading class java/nio/channels/spi/AbstractSelector$1 done
Event: 69.167 Loading class java/util/concurrent/Executors$AutoShutdownDelegatedExecutorService
Event: 69.167 Loading class java/util/concurrent/Executors$AutoShutdownDelegatedExecutorService done
Event: 69.677 Loading class java/lang/UnsupportedClassVersionError
Event: 69.678 Loading class java/lang/UnsupportedClassVersionError done

Classes unloaded (7 events):
Event: 1.785 Thread 0x00000220a59deab0 Unloading class 0x00000220bb19ec00 'java/lang/invoke/LambdaForm$MH+0x00000220bb19ec00'
Event: 1.785 Thread 0x00000220a59deab0 Unloading class 0x00000220bb19e800 'java/lang/invoke/LambdaForm$MH+0x00000220bb19e800'
Event: 1.785 Thread 0x00000220a59deab0 Unloading class 0x00000220bb19e400 'java/lang/invoke/LambdaForm$MH+0x00000220bb19e400'
Event: 1.785 Thread 0x00000220a59deab0 Unloading class 0x00000220bb19e000 'java/lang/invoke/LambdaForm$MH+0x00000220bb19e000'
Event: 1.785 Thread 0x00000220a59deab0 Unloading class 0x00000220bb19dc00 'java/lang/invoke/LambdaForm$BMH+0x00000220bb19dc00'
Event: 1.785 Thread 0x00000220a59deab0 Unloading class 0x00000220bb19d800 'java/lang/invoke/LambdaForm$DMH+0x00000220bb19d800'
Event: 1.785 Thread 0x00000220a59deab0 Unloading class 0x00000220bb19c400 'java/lang/invoke/LambdaForm$DMH+0x00000220bb19c400'

Classes redefined (0 events):
No events

Internal exceptions (20 events):
Event: 67.215 Thread 0x0000022094672e00 Exception <a 'java/lang/NoSuchMethodError'{0x00000000eab237c8}: 'void java.lang.invoke.DirectMethodHandle$Holder.invokeStatic(java.lang.Object, long)'> (0x00000000eab237c8) 
thrown [s\src\hotspot\share\interpreter\linkResolver.cpp, line 773]
Event: 67.310 Thread 0x0000022094672e00 Exception <a 'java/lang/NoSuchMethodError'{0x00000000eab697a0}: 'void java.lang.invoke.DirectMethodHandle$Holder.invokeSpecial(java.lang.Object, java.lang.Object, int)'> (0x00000000eab697a0) 
thrown [s\src\hotspot\share\interpreter\linkResolver.cpp, line 773]
Event: 67.310 Thread 0x0000022094672e00 Exception <a 'java/lang/NoSuchMethodError'{0x00000000eab6f478}: 'java.lang.Object java.lang.invoke.DirectMethodHandle$Holder.newInvokeSpecial(java.lang.Object, java.lang.Object, int)'> (0x00000000eab6f478) 
thrown [s\src\hotspot\share\interpreter\linkResolver.cpp, line 773]
Event: 69.104 Thread 0x0000022094673490 Exception <a 'java/lang/NoSuchMethodError'{0x00000000eac45888}: static Lorg/gradle/tooling/internal/provider/serialization/ClassLoaderDetails;.<clinit>()V> (0x00000000eac45888) 
thrown [s\src\hotspot\share\prims\jni.cpp, line 1111]
Event: 69.106 Thread 0x0000022094673490 Exception <a 'java/lang/NoSuchMethodError'{0x00000000eac69130}: static Lorg/gradle/tooling/internal/provider/serialization/WellKnownClassLoaderRegistry$KnownClassLoaderSpec;.<clinit>()V> (0x00000000eac69130) 
thrown [s\src\hotspot\share\prims\jni.cpp, line 1111]
Event: 69.106 Thread 0x0000022094673490 Exception <a 'java/lang/NoSuchMethodError'{0x00000000eac6a9d8}: static Lorg/gradle/internal/classloader/ClassLoaderSpec;.<clinit>()V> (0x00000000eac6a9d8) 
thrown [s\src\hotspot\share\prims\jni.cpp, line 1111]
Event: 69.108 Thread 0x0000022094673490 Exception <a 'java/lang/NoSuchMethodError'{0x00000000eab08738}: static Lorg/gradle/tooling/internal/provider/serialization/ClientOwnedClassLoaderSpec;.<clinit>()V> (0x00000000eab08738) 
thrown [s\src\hotspot\share\prims\jni.cpp, line 1111]
Event: 69.110 Thread 0x0000022094673490 Exception <a 'java/lang/NoSuchMethodError'{0x00000000eab46408}: static [Ljava/lang/Object;.<clinit>()V> (0x00000000eab46408) 
thrown [s\src\hotspot\share\prims\jni.cpp, line 1111]
Event: 69.178 Thread 0x00000220feb0bf40 Exception <a 'sun/nio/fs/WindowsException'{0x00000000eac0a148}> (0x00000000eac0a148) 
thrown [s\src\hotspot\share\prims\jni.cpp, line 520]
Event: 69.178 Thread 0x00000220feb0bf40 Exception <a 'sun/nio/fs/WindowsException'{0x00000000eac0ac88}> (0x00000000eac0ac88) 
thrown [s\src\hotspot\share\prims\jni.cpp, line 520]
Event: 69.680 Thread 0x0000022094673490 Exception <a 'java/lang/NoSuchMethodError'{0x00000000eabea058}: static Lorg/gradle/internal/build/event/types/AbstractProgressEvent;.<clinit>()V> (0x00000000eabea058) 
thrown [s\src\hotspot\share\prims\jni.cpp, line 1111]
Event: 69.681 Thread 0x0000022094673490 Exception <a 'java/lang/NoSuchMethodError'{0x00000000eabf7e80}: static Lorg/gradle/internal/build/event/types/DefaultOperationStartedProgressEvent;.<clinit>()V> (0x00000000eabf7e80) 
thrown [s\src\hotspot\share\prims\jni.cpp, line 1111]
Event: 69.682 Thread 0x0000022094673490 Exception <a 'java/lang/NoSuchMethodError'{0x00000000eac0e110}: static Lorg/gradle/internal/build/event/types/DefaultOperationDescriptor;.<clinit>()V> (0x00000000eac0e110) 
thrown [s\src\hotspot\share\prims\jni.cpp, line 1111]
Event: 69.683 Thread 0x0000022094673490 Exception <a 'java/lang/NoSuchMethodError'{0x00000000eac1cd58}: static Lorg/gradle/internal/operations/OperationIdentifier;.<clinit>()V> (0x00000000eac1cd58) 
thrown [s\src\hotspot\share\prims\jni.cpp, line 1111]
Event: 70.292 Thread 0x0000022094673490 Exception <a 'java/lang/NoSuchMethodError'{0x00000000eac6c5a0}: static Lorg/gradle/internal/build/event/types/DefaultOperationFinishedProgressEvent;.<clinit>()V> (0x00000000eac6c5a0) 
thrown [s\src\hotspot\share\prims\jni.cpp, line 1111]
Event: 70.295 Thread 0x0000022094673490 Exception <a 'java/lang/NoSuchMethodError'{0x00000000eab04738}: static Lorg/gradle/internal/build/event/types/AbstractResult;.<clinit>()V> (0x00000000eab04738) 
thrown [s\src\hotspot\share\prims\jni.cpp, line 1111]
Event: 70.295 Thread 0x0000022094673490 Exception <a 'java/lang/NoSuchMethodError'{0x00000000eab14e68}: static Lorg/gradle/internal/build/event/types/AbstractOperationResult;.<clinit>()V> (0x00000000eab14e68) 
thrown [s\src\hotspot\share\prims\jni.cpp, line 1111]
Event: 70.296 Thread 0x0000022094673490 Exception <a 'java/lang/NoSuchMethodError'{0x00000000eab23258}: static Lorg/gradle/internal/build/event/types/DefaultSuccessResult;.<clinit>()V> (0x00000000eab23258) 
thrown [s\src\hotspot\share\prims\jni.cpp, line 1111]
Event: 73.683 Thread 0x0000022094673490 Exception <a 'java/lang/NoSuchMethodError'{0x00000000eac51ad0}: static Lorg/gradle/internal/build/event/types/DefaultBuildPhaseDescriptor;.<clinit>()V> (0x00000000eac51ad0) 
thrown [s\src\hotspot\share\prims\jni.cpp, line 1111]
Event: 74.099 Thread 0x0000022094673490 Exception <a 'java/lang/NoSuchMethodError'{0x00000000eab6f708}: static Lorg/gradle/internal/build/event/types/DefaultProjectConfigurationDescriptor;.<clinit>()V> (0x00000000eab6f708) 
thrown [s\src\hotspot\share\prims\jni.cpp, line 1111]

ZGC Phase Switch (0 events):
No events

VM Operations (20 events):
Event: 70.293 Executing VM operation: ParallelGCFailedAllocation (Allocation Failure)
Event: 70.294 Executing VM operation: ParallelGCFailedAllocation (Allocation Failure) done
Event: 72.294 Executing VM operation: Cleanup
Event: 72.294 Executing VM operation: Cleanup done
Event: 73.294 Executing VM operation: Cleanup
Event: 73.294 Executing VM operation: Cleanup done
Event: 73.909 Executing VM operation: ParallelGCFailedAllocation (Allocation Failure)
Event: 73.910 Executing VM operation: ParallelGCFailedAllocation (Allocation Failure) done
Event: 74.832 Executing VM operation: ParallelGCFailedAllocation (Allocation Failure)
Event: 74.834 Executing VM operation: ParallelGCFailedAllocation (Allocation Failure) done
Event: 74.949 Executing VM operation: ParallelGCFailedAllocation (Allocation Failure)
Event: 74.950 Executing VM operation: ParallelGCFailedAllocation (Allocation Failure) done
Event: 74.969 Executing VM operation: ParallelGCFailedAllocation (Allocation Failure)
Event: 74.970 Executing VM operation: ParallelGCFailedAllocation (Allocation Failure) done
Event: 74.982 Executing VM operation: ParallelGCFailedAllocation (Allocation Failure)
Event: 74.984 Executing VM operation: ParallelGCFailedAllocation (Allocation Failure) done
Event: 74.998 Executing VM operation: ParallelGCFailedAllocation (Allocation Failure)
Event: 75.000 Executing VM operation: ParallelGCFailedAllocation (Allocation Failure) done
Event: 75.092 Executing VM operation: ParallelGCFailedAllocation (Allocation Failure)
Event: 75.094 Executing VM operation: ParallelGCFailedAllocation (Allocation Failure) done

Memory protections (0 events):
No events

Nmethod flushes (20 events):
Event: 12.493 Thread 0x00000220a59deab0 flushing  nmethod 0x00000220a9778690
Event: 12.493 Thread 0x00000220a59deab0 flushing  nmethod 0x00000220a9786210
Event: 12.493 Thread 0x00000220a59deab0 flushing  nmethod 0x00000220a97e5590
Event: 12.493 Thread 0x00000220a59deab0 flushing  nmethod 0x00000220a980fe10
Event: 12.493 Thread 0x00000220a59deab0 flushing  nmethod 0x00000220a9811010
Event: 12.493 Thread 0x00000220a59deab0 flushing  nmethod 0x00000220a9811810
Event: 12.493 Thread 0x00000220a59deab0 flushing  nmethod 0x00000220a9815890
Event: 12.493 Thread 0x00000220a59deab0 flushing  nmethod 0x00000220a981a610
Event: 12.493 Thread 0x00000220a59deab0 flushing  nmethod 0x00000220a9823510
Event: 12.493 Thread 0x00000220a59deab0 flushing  nmethod 0x00000220a9843c10
Event: 12.493 Thread 0x00000220a59deab0 flushing  nmethod 0x00000220a9847610
Event: 12.493 Thread 0x00000220a59deab0 flushing  nmethod 0x00000220a9848f10
Event: 12.493 Thread 0x00000220a59deab0 flushing  nmethod 0x00000220a9849390
Event: 12.493 Thread 0x00000220a59deab0 flushing  nmethod 0x00000220a9849710
Event: 12.493 Thread 0x00000220a59deab0 flushing  nmethod 0x00000220a984ae90
Event: 12.493 Thread 0x00000220a59deab0 flushing  nmethod 0x00000220a984b890
Event: 12.493 Thread 0x00000220a59deab0 flushing  nmethod 0x00000220a985e990
Event: 12.493 Thread 0x00000220a59deab0 flushing  nmethod 0x00000220a986ac10
Event: 12.493 Thread 0x00000220a59deab0 flushing  nmethod 0x00000220a9879890
Event: 12.493 Thread 0x00000220a59deab0 flushing  nmethod 0x00000220a987e290

Events (20 events):
Event: 67.384 Thread 0x00000220946720e0 Thread added: 0x0000022094672770
Event: 67.384 Thread 0x00000220946720e0 Thread added: 0x00000220901c5550
Event: 67.384 Thread 0x0000022094672770 Thread exited: 0x0000022094672770
Event: 68.498 Thread 0x000002208e8f9e00 Thread exited: 0x000002208e8f9e00
Event: 69.045 Thread 0x00000220946720e0 Thread exited: 0x00000220946720e0
Event: 69.046 Thread 0x00000220901c5550 Thread exited: 0x00000220901c5550
Event: 69.180 Thread 0x00000220a59f2a70 Thread added: 0x000002208e8fb270
Event: 69.182 Thread 0x00000220a59f1560 Thread added: 0x000002208e8ffd60
Event: 69.218 Thread 0x00000220a59f2a70 Thread added: 0x000002208e8faba0
Event: 69.259 Thread 0x00000220a59f2a70 Thread added: 0x000002208e8f9e00
Event: 69.557 Thread 0x000002208e8faba0 Thread exited: 0x000002208e8faba0
Event: 69.557 Thread 0x000002208e8ffd60 Thread exited: 0x000002208e8ffd60
Event: 70.292 Thread 0x000002208e8f9e00 Thread exited: 0x000002208e8f9e00
Event: 72.929 Thread 0x000002208e8fb270 Thread exited: 0x000002208e8fb270
Event: 73.899 Thread 0x000002208d776340 Thread exited: 0x000002208d776340
Event: 74.954 Thread 0x00000220a59f2a70 Thread added: 0x000002208e8f9060
Event: 74.954 Thread 0x000002208e8f9060 Thread added: 0x000002208e8f9e00
Event: 74.998 Thread 0x000002208e8f9e00 Thread added: 0x000002208e8faba0
Event: 75.034 Thread 0x000002208e8f9e00 Thread added: 0x000002208e8fc6e0
Event: 75.305 Thread 0x000002208e8fc6e0 Thread exited: 0x000002208e8fc6e0


Dynamic libraries:
0x00007ff7b0700000 - 0x00007ff7b070e000 	c:\Users\ASUS\.vscode\extensions\redhat.java-1.39.0-win32-x64\jre\21.0.5-win32-x86_64\bin\java.exe
0x00007ffcf1750000 - 0x00007ffcf1967000 	C:\WINDOWS\SYSTEM32\ntdll.dll
0x00007ffcf0760000 - 0x00007ffcf0824000 	C:\WINDOWS\System32\KERNEL32.DLL
0x00007ffceebe0000 - 0x00007ffceefb0000 	C:\WINDOWS\System32\KERNELBASE.dll
0x00007ffcef2f0000 - 0x00007ffcef401000 	C:\WINDOWS\System32\ucrtbase.dll
0x00007ffcdb4c0000 - 0x00007ffcdb4d8000 	c:\Users\ASUS\.vscode\extensions\redhat.java-1.39.0-win32-x64\jre\21.0.5-win32-x86_64\bin\jli.dll
0x00007ffcdca90000 - 0x00007ffcdcaae000 	c:\Users\ASUS\.vscode\extensions\redhat.java-1.39.0-win32-x64\jre\21.0.5-win32-x86_64\bin\VCRUNTIME140.dll
0x00007ffcefad0000 - 0x00007ffcefc7e000 	C:\WINDOWS\System32\USER32.dll
0x00007ffcef240000 - 0x00007ffcef266000 	C:\WINDOWS\System32\win32u.dll
0x00007ffcf0640000 - 0x00007ffcf0669000 	C:\WINDOWS\System32\GDI32.dll
0x00007ffcde0e0000 - 0x00007ffcde372000 	C:\WINDOWS\WinSxS\amd64_microsoft.windows.common-controls_6595b64144ccf1df_6.0.22621.4830_none_270fe7d773858e80\COMCTL32.dll
0x00007ffceea00000 - 0x00007ffceeb1b000 	C:\WINDOWS\System32\gdi32full.dll
0x00007ffcf0670000 - 0x00007ffcf0717000 	C:\WINDOWS\System32\msvcrt.dll
0x00007ffceefb0000 - 0x00007ffcef04a000 	C:\WINDOWS\System32\msvcp_win.dll
0x00007ffcf0720000 - 0x00007ffcf0751000 	C:\WINDOWS\System32\IMM32.DLL
0x00007ffce1820000 - 0x00007ffce182c000 	c:\Users\ASUS\.vscode\extensions\redhat.java-1.39.0-win32-x64\jre\21.0.5-win32-x86_64\bin\vcruntime140_1.dll
0x00007ffcabd00000 - 0x00007ffcabd8d000 	c:\Users\ASUS\.vscode\extensions\redhat.java-1.39.0-win32-x64\jre\21.0.5-win32-x86_64\bin\msvcp140.dll
0x00007ffc6dac0000 - 0x00007ffc6e84f000 	c:\Users\ASUS\.vscode\extensions\redhat.java-1.39.0-win32-x64\jre\21.0.5-win32-x86_64\bin\server\jvm.dll
0x00007ffcf0580000 - 0x00007ffcf0631000 	C:\WINDOWS\System32\ADVAPI32.dll
0x00007ffcf0900000 - 0x00007ffcf09a7000 	C:\WINDOWS\System32\sechost.dll
0x00007ffcef410000 - 0x00007ffcef438000 	C:\WINDOWS\System32\bcrypt.dll
0x00007ffcefd90000 - 0x00007ffcefea4000 	C:\WINDOWS\System32\RPCRT4.dll
0x00007ffcef440000 - 0x00007ffcef4b1000 	C:\WINDOWS\System32\WS2_32.dll
0x00007ffcee8d0000 - 0x00007ffcee91d000 	C:\WINDOWS\SYSTEM32\POWRPROF.dll
0x00007ffce3d40000 - 0x00007ffce3d74000 	C:\WINDOWS\SYSTEM32\WINMM.dll
0x00007ffceab10000 - 0x00007ffceab1a000 	C:\WINDOWS\SYSTEM32\VERSION.dll
0x00007ffcee8b0000 - 0x00007ffcee8c3000 	C:\WINDOWS\SYSTEM32\UMPDC.dll
0x00007ffceda40000 - 0x00007ffceda58000 	C:\WINDOWS\SYSTEM32\kernel.appcore.dll
0x00007ffcdea20000 - 0x00007ffcdea2a000 	c:\Users\ASUS\.vscode\extensions\redhat.java-1.39.0-win32-x64\jre\21.0.5-win32-x86_64\bin\jimage.dll
0x00007ffce9ce0000 - 0x00007ffce9f12000 	C:\WINDOWS\SYSTEM32\DBGHELP.DLL
0x00007ffcef740000 - 0x00007ffcefad0000 	C:\WINDOWS\System32\combase.dll
0x00007ffcf1570000 - 0x00007ffcf1647000 	C:\WINDOWS\System32\OLEAUT32.dll
0x00007ffce6f90000 - 0x00007ffce6fc2000 	C:\WINDOWS\SYSTEM32\dbgcore.DLL
0x00007ffcef270000 - 0x00007ffcef2eb000 	C:\WINDOWS\System32\bcryptPrimitives.dll
0x00007ffcde840000 - 0x00007ffcde84f000 	c:\Users\ASUS\.vscode\extensions\redhat.java-1.39.0-win32-x64\jre\21.0.5-win32-x86_64\bin\instrument.dll
0x00007ffcdaf30000 - 0x00007ffcdaf4f000 	c:\Users\ASUS\.vscode\extensions\redhat.java-1.39.0-win32-x64\jre\21.0.5-win32-x86_64\bin\java.dll
0x00007ffcf0cf0000 - 0x00007ffcf1568000 	C:\WINDOWS\System32\SHELL32.dll
0x00007ffcec950000 - 0x00007ffced260000 	C:\WINDOWS\SYSTEM32\windows.storage.dll
0x00007ffcec810000 - 0x00007ffcec94f000 	C:\WINDOWS\SYSTEM32\wintypes.dll
0x00007ffcf0b70000 - 0x00007ffcf0c7a000 	C:\WINDOWS\System32\SHCORE.dll
0x00007ffcf0890000 - 0x00007ffcf08ee000 	C:\WINDOWS\System32\shlwapi.dll
0x00007ffcee930000 - 0x00007ffcee95b000 	C:\WINDOWS\SYSTEM32\profapi.dll
0x00007ffcdaf10000 - 0x00007ffcdaf28000 	c:\Users\ASUS\.vscode\extensions\redhat.java-1.39.0-win32-x64\jre\21.0.5-win32-x86_64\bin\zip.dll
0x00007ffcde710000 - 0x00007ffcde720000 	C:\Users\ASUS\.vscode\extensions\redhat.java-1.39.0-win32-x64\jre\21.0.5-win32-x86_64\bin\net.dll
0x00007ffceb8f0000 - 0x00007ffceba1c000 	C:\WINDOWS\SYSTEM32\WINHTTP.dll
0x00007ffcedec0000 - 0x00007ffcedf2a000 	C:\WINDOWS\system32\mswsock.dll
0x00007ffccf520000 - 0x00007ffccf536000 	C:\Users\ASUS\.vscode\extensions\redhat.java-1.39.0-win32-x64\jre\21.0.5-win32-x86_64\bin\nio.dll
0x00007ffcdd5d0000 - 0x00007ffcdd5e0000 	c:\Users\ASUS\.vscode\extensions\redhat.java-1.39.0-win32-x64\jre\21.0.5-win32-x86_64\bin\verify.dll
0x00007ffcdbe40000 - 0x00007ffcdbe85000 	C:\Users\ASUS\AppData\Roaming\Code\User\globalStorage\redhat.java\1.39.0\config_win\org.eclipse.equinox.launcher\org.eclipse.equinox.launcher.win32.win32.x86_64_1.2.1100.v20240722-2106\eclipse_11904.dll
0x00007ffcf09c0000 - 0x00007ffcf0b61000 	C:\WINDOWS\System32\ole32.dll
0x00007ffcee110000 - 0x00007ffcee12b000 	C:\WINDOWS\SYSTEM32\CRYPTSP.dll
0x00007ffced9a0000 - 0x00007ffced9d5000 	C:\WINDOWS\system32\rsaenh.dll
0x00007ffcedfb0000 - 0x00007ffcedfd8000 	C:\WINDOWS\SYSTEM32\USERENV.dll
0x00007ffcee130000 - 0x00007ffcee13c000 	C:\WINDOWS\SYSTEM32\CRYPTBASE.dll
0x00007ffced4c0000 - 0x00007ffced4ed000 	C:\WINDOWS\SYSTEM32\IPHLPAPI.DLL
0x00007ffcf08f0000 - 0x00007ffcf08f9000 	C:\WINDOWS\System32\NSI.dll
0x00007ffcdb4e0000 - 0x00007ffcdb529000 	C:\Users\ASUS\AppData\Local\Temp\jna-2018896\jna11300621814565103273.dll
0x00007ffcf1650000 - 0x00007ffcf1658000 	C:\WINDOWS\System32\PSAPI.DLL
0x00007ffceb0e0000 - 0x00007ffceb0f9000 	C:\WINDOWS\SYSTEM32\dhcpcsvc6.DLL
0x00007ffceb080000 - 0x00007ffceb09f000 	C:\WINDOWS\SYSTEM32\dhcpcsvc.DLL
0x00007ffcb8850000 - 0x00007ffcb8877000 	C:\Users\ASUS\.gradle\native\c067742578af261105cb4f569cf0c3c89f3d7b1fecec35dd04571415982c5e48\windows-amd64\native-platform.dll
0x00007ffcdca60000 - 0x00007ffcdca6a000 	C:\Users\ASUS\.vscode\extensions\redhat.java-1.39.0-win32-x64\jre\21.0.5-win32-x86_64\bin\management.dll
0x00007ffcdc930000 - 0x00007ffcdc93b000 	C:\Users\ASUS\.vscode\extensions\redhat.java-1.39.0-win32-x64\jre\21.0.5-win32-x86_64\bin\management_ext.dll
0x00007ffcdb4b0000 - 0x00007ffcdb4b9000 	C:\Users\ASUS\.vscode\extensions\redhat.java-1.39.0-win32-x64\jre\21.0.5-win32-x86_64\bin\extnet.dll
0x00007ffcdc8d0000 - 0x00007ffcdc8de000 	C:\Users\ASUS\.vscode\extensions\redhat.java-1.39.0-win32-x64\jre\21.0.5-win32-x86_64\bin\sunmscapi.dll
0x00007ffcef0d0000 - 0x00007ffcef236000 	C:\WINDOWS\System32\CRYPT32.dll
0x00007ffcee2d0000 - 0x00007ffcee2fd000 	C:\WINDOWS\SYSTEM32\ncrypt.dll
0x00007ffcee290000 - 0x00007ffcee2c7000 	C:\WINDOWS\SYSTEM32\NTASN1.dll
0x00007ffcdb9e0000 - 0x00007ffcdb9e8000 	C:\WINDOWS\system32\wshunix.dll

dbghelp: loaded successfully - version: 4.0.5 - missing functions: none
symbol engine: initialized successfully - sym options: 0x614 - pdb path: .;c:\Users\ASUS\.vscode\extensions\redhat.java-1.39.0-win32-x64\jre\21.0.5-win32-x86_64\bin;C:\WINDOWS\SYSTEM32;C:\WINDOWS\WinSxS\amd64_microsoft.windows.common-controls_6595b64144ccf1df_6.0.22621.4830_none_270fe7d773858e80;c:\Users\ASUS\.vscode\extensions\redhat.java-1.39.0-win32-x64\jre\21.0.5-win32-x86_64\bin\server;C:\Users\ASUS\AppData\Roaming\Code\User\globalStorage\redhat.java\1.39.0\config_win\org.eclipse.equinox.launcher\org.eclipse.equinox.launcher.win32.win32.x86_64_1.2.1100.v20240722-2106;C:\Users\ASUS\AppData\Local\Temp\jna-2018896;C:\Users\ASUS\.gradle\native\c067742578af261105cb4f569cf0c3c89f3d7b1fecec35dd04571415982c5e48\windows-amd64

VM Arguments:
jvm_args: --add-modules=ALL-SYSTEM --add-opens=java.base/java.util=ALL-UNNAMED --add-opens=java.base/java.lang=ALL-UNNAMED --add-opens=java.base/sun.nio.fs=ALL-UNNAMED -Declipse.application=org.eclipse.jdt.ls.core.id1 -Dosgi.bundles.defaultStartLevel=4 -Declipse.product=org.eclipse.jdt.ls.core.product -Djava.import.generatesMetadataFilesAtProjectRoot=false -DDetectVMInstallationsJob.disabled=true -Dfile.encoding=utf8 -XX:+UseParallelGC -XX:GCTimeRatio=4 -XX:AdaptiveSizePolicyWeight=90 -Dsun.zip.disableMemoryMapping=true -Xmx1G -Xms100m -Xlog:disable -javaagent:c:\Users\ASUS\.vscode\extensions\redhat.java-1.39.0-win32-x64\lombok\lombok-1.18.34.jar -XX:+HeapDumpOnOutOfMemoryError -XX:HeapDumpPath=c:\Users\ASUS\AppData\Roaming\Code\User\workspaceStorage\a26ced7fe018b66e12da886babd7af56\redhat.java -Daether.dependencyCollector.impl=bf 
java_command: c:\Users\ASUS\.vscode\extensions\redhat.java-1.39.0-win32-x64\server\plugins\org.eclipse.equinox.launcher_1.6.900.v20240613-2009.jar -configuration c:\Users\ASUS\AppData\Roaming\Code\User\globalStorage\redhat.java\1.39.0\config_win -data c:\Users\ASUS\AppData\Roaming\Code\User\workspaceStorage\a26ced7fe018b66e12da886babd7af56\redhat.java\jdt_ws --pipe=\\.\pipe\lsp-ef1d13b35c03f927dccd31928ca06ff0-sock
java_class_path (initial): c:\Users\ASUS\.vscode\extensions\redhat.java-1.39.0-win32-x64\server\plugins\org.eclipse.equinox.launcher_1.6.900.v20240613-2009.jar
Launcher Type: SUN_STANDARD

[Global flags]
    uintx AdaptiveSizePolicyWeight                 = 90                                        {product} {command line}
     intx CICompilerCount                          = 12                                        {product} {ergonomic}
    uintx GCTimeRatio                              = 4                                         {product} {command line}
     bool HeapDumpOnOutOfMemoryError               = true                                   {manageable} {command line}
    ccstr HeapDumpPath                             = c:\Users\ASUS\AppData\Roaming\Code\User\workspaceStorage\a26ced7fe018b66e12da886babd7af56\redhat.java         {manageable} {command line}
   size_t InitialHeapSize                          = 104857600                                 {product} {command line}
   size_t MaxHeapSize                              = 1073741824                                {product} {command line}
   size_t MaxNewSize                               = 357564416                                 {product} {ergonomic}
   size_t MinHeapDeltaBytes                        = 524288                                    {product} {ergonomic}
   size_t MinHeapSize                              = 104857600                                 {product} {command line}
   size_t NewSize                                  = 34603008                                  {product} {ergonomic}
    uintx NonNMethodCodeHeapSize                   = 7602480                                {pd product} {ergonomic}
    uintx NonProfiledCodeHeapSize                  = 122027880                              {pd product} {ergonomic}
   size_t OldSize                                  = 70254592                                  {product} {ergonomic}
    uintx ProfiledCodeHeapSize                     = 122027880                              {pd product} {ergonomic}
    uintx ReservedCodeCacheSize                    = 251658240                              {pd product} {ergonomic}
     bool SegmentedCodeCache                       = true                                      {product} {ergonomic}
   size_t SoftMaxHeapSize                          = 1073741824                             {manageable} {ergonomic}
     bool UseCompressedOops                        = true                           {product lp64_product} {ergonomic}
     bool UseLargePagesIndividualAllocation        = false                                  {pd product} {ergonomic}
     bool UseParallelGC                            = true                                      {product} {command line}

Logging:
Log output configuration:
 #0: stdout all=off uptime,level,tags foldmultilines=false
 #1: stderr all=off uptime,level,tags foldmultilines=false

Environment Variables:
PATH=C:\Program Files\Common Files\Oracle\Java\javapath;C:\Program Files (x86)\Common Files\Oracle\Java\java8path;C:\Program Files (x86)\Common Files\Oracle\Java\javapath;C:\ProgramData\Oracle\Java\javapath;C:\Windows\system32;C:\Windows;C:\Windows\System32\Wbem;C:\Windows\System32\WindowsPowerShell\v1.0\;C:\Windows\System32\OpenSSH\;C:\Program Files (x86)\NVIDIA Corporation\PhysX\Common;C:\WINDOWS\system32;C:\WINDOWS;C:\WINDOWS\System32\Wbem;C:\WINDOWS\System32\WindowsPowerShell\v1.0\;C:\WINDOWS\System32\OpenSSH\;C:\Program Files (x86)\Microsoft SQL Server\160\Tools\Binn\;C:\Program Files\Microsoft SQL Server\160\Tools\Binn\;C:\Program Files\Microsoft SQL Server\Client SDK\ODBC\170\Tools\Binn\;C:\Program Files\Microsoft SQL Server\160\DTS\Binn\;C:\Program Files (x86)\Microsoft SQL Server\160\DTS\Binn\;C:\Program Files\Azure Data Studio\bin;C:\Program Files\dotnet\;C:\Program Files\nodejs\;C:\Program Files\Git\cmd;C:\Program Files\Cloudflare\Cloudflare WARP\;C:\Program Files\NVIDIA Corporation\NVIDIA app\NvDLISR;C:\Program Files\MySQL\MySQL Shell 8.0\bin\;C:\Users\ASUS\AppData\Local\Microsoft\WindowsApps;C:\Program Files\Azure Data Studio\bin;C:\Users\ASUS\AppData\Local\Programs\Microsoft VS Code\bin;C:\Users\ASUS\AppData\Roaming\npm;C:\Program Files\Git\mingw64\bin\;
USERNAME=ASUS
OS=Windows_NT
PROCESSOR_IDENTIFIER=AMD64 Family 25 Model 68 Stepping 1, AuthenticAMD
TMP=C:\Users\ASUS\AppData\Local\Temp
TEMP=C:\Users\ASUS\AppData\Local\Temp




Periodic native trim disabled

---------------  S Y S T E M  ---------------

OS:
 Windows 11 , 64 bit Build 22621 (10.0.22621.4830)
OS uptime: 0 days 9:02 hours

CPU: total 16 (initial active 16) (16 cores per cpu, 2 threads per core) family 25 model 68 stepping 1 microcode 0x0, cx8, cmov, fxsr, ht, mmx, 3dnowpref, sse, sse2, sse3, ssse3, sse4a, sse4.1, sse4.2, popcnt, lzcnt, tsc, tscinvbit, avx, avx2, aes, clmul, bmi1, bmi2, adx, sha, fma, vzeroupper, clflush, clflushopt, rdtscp, rdpid, f16c, pku, cet_ss
Processor Information for all 16 processors :
  Max Mhz: 3201, Current Mhz: 3201, Mhz Limit: 3201

Memory: 4k page, system-wide physical 15613M (2742M free)
TotalPageFile size 19709M (AvailPageFile size 530M)
current process WorkingSet (physical memory assigned to process): 674M, peak: 1018M
current process commit charge ("private bytes"): 595M, peak: 944M

vm_info: OpenJDK 64-Bit Server VM (21.0.5+11-LTS) for windows-amd64 JRE (21.0.5+11-LTS), built on 2024-10-15T00:00:00Z by "admin" with MS VC++ 17.7 (VS2022)

END.
