#
# There is insufficient memory for the Java Runtime Environment to continue.
# Native memory allocation (malloc) failed to allocate 1200864 bytes. Error detail: Chunk::new
# Possible reasons:
#   The system is out of physical RAM or swap space
#   This process is running with CompressedOops enabled, and the Java Heap may be blocking the growth of the native heap
# Possible solutions:
#   Reduce memory load on the system
#   Increase physical memory or swap space
#   Check if swap backing store is full
#   Decrease Java heap size (-Xmx/-Xms)
#   Decrease number of Java threads
#   Decrease Java thread stack sizes (-Xss)
#   Set larger code cache with -XX:ReservedCodeCacheSize=
#   JVM is running with Unscaled Compressed Oops mode in which the Java heap is
#     placed in the first 4GB address space. The Java Heap base address is the
#     maximum limit for the native heap growth. Please use -XX:HeapBaseMinAddress
#     to set the Java Heap base and to place the Java Heap above 4GB virtual address.
# This output file may be truncated or incomplete.
#
#  Out of Memory Error (arena.cpp:168), pid=8960, tid=20112
#
# JRE version: OpenJDK Runtime Environment Temurin-21.0.6+7 (21.0.6+7) (build 21.0.6+7-LTS)
# Java VM: OpenJDK 64-Bit Server VM Temurin-21.0.6+7 (21.0.6+7-LTS, mixed mode, sharing, tiered, compressed oops, compressed class ptrs, parallel gc, windows-amd64)
# No core dump will be written. Minidumps are not enabled by default on client versions of Windows
#

---------------  S U M M A R Y ------------

Command Line: --add-modules=ALL-SYSTEM --add-opens=java.base/java.util=ALL-UNNAMED --add-opens=java.base/java.lang=ALL-UNNAMED --add-opens=java.base/sun.nio.fs=ALL-UNNAMED -Declipse.application=org.eclipse.jdt.ls.core.id1 -Dosgi.bundles.defaultStartLevel=4 -Declipse.product=org.eclipse.jdt.ls.core.product -Djava.import.generatesMetadataFilesAtProjectRoot=false -DDetectVMInstallationsJob.disabled=true -Dfile.encoding=utf8 -XX:+UseParallelGC -XX:GCTimeRatio=4 -XX:AdaptiveSizePolicyWeight=90 -Dsun.zip.disableMemoryMapping=true -Xmx1G -Xms100m -Xlog:disable -javaagent:c:\Users\ASUS\.vscode\extensions\redhat.java-1.40.0-win32-x64\lombok\lombok-1.18.36.jar -XX:+HeapDumpOnOutOfMemoryError -XX:HeapDumpPath=c:\Users\ASUS\AppData\Roaming\Code\User\workspaceStorage\a26ced7fe018b66e12da886babd7af56\redhat.java -Daether.dependencyCollector.impl=bf c:\Users\ASUS\.vscode\extensions\redhat.java-1.40.0-win32-x64\server\plugins\org.eclipse.equinox.launcher_1.6.1000.v20250131-0606.jar -configuration c:\Users\ASUS\AppData\Roaming\Code\User\globalStorage\redhat.java\1.40.0\config_win -data c:\Users\ASUS\AppData\Roaming\Code\User\workspaceStorage\a26ced7fe018b66e12da886babd7af56\redhat.java\jdt_ws --pipe=\\.\pipe\lsp-b845197835512289920cbf7d63fb624e-sock

Host: AMD Ryzen 7 6800H with Radeon Graphics         , 16 cores, 15G,  Windows 11 , 64 bit Build 22621 (10.0.22621.4830)
Time: Wed Mar  5 02:50:55 2025 SE Asia Standard Time elapsed time: 10.105497 seconds (0d 0h 0m 10s)

---------------  T H R E A D  ---------------

Current thread (0x000001549e0fd870):  JavaThread "C2 CompilerThread6" daemon [_thread_in_native, id=20112, stack(0x00000050fb900000,0x00000050fba00000) (1024K)]


Current CompileTask:
C2:10105 11432   !   4       org.eclipse.osgi.internal.loader.classpath.ClasspathManager::defineClass (636 bytes)

Stack: [0x00000050fb900000,0x00000050fba00000]
Native frames: (J=compiled Java code, j=interpreted, Vv=VM code, C=native code)
V  [jvm.dll+0x6cdee9]
V  [jvm.dll+0x8a83d1]
V  [jvm.dll+0x8aa8fe]
V  [jvm.dll+0x8aafe3]
V  [jvm.dll+0x27f706]
V  [jvm.dll+0xc500d]
V  [jvm.dll+0xc5543]
V  [jvm.dll+0x3b678c]
V  [jvm.dll+0x382935]
V  [jvm.dll+0x381d9a]
V  [jvm.dll+0x2479f0]
V  [jvm.dll+0x246fcf]
V  [jvm.dll+0x1c75ee]
V  [jvm.dll+0x25685a]
V  [jvm.dll+0x254dfa]
V  [jvm.dll+0x3f0256]
V  [jvm.dll+0x851f8b]
V  [jvm.dll+0x6cc5ed]
C  [ucrtbase.dll+0x29333]
C  [KERNEL32.DLL+0x1259d]
C  [ntdll.dll+0x5af38]


---------------  P R O C E S S  ---------------

Threads class SMR info:
_java_thread_list=0x00000154a07b35b0, length=101, elements={
0x000001543e92b2f0, 0x0000015452d1da90, 0x0000015452d1e930, 0x00000154954aa500,
0x00000154954ab150, 0x00000154954b0b20, 0x00000154954b57e0, 0x00000154954b6730,
0x00000154954b8e20, 0x000001543e997310, 0x00000154955add00, 0x00000154955b0b50,
0x00000154955f78a0, 0x000001549579f0f0, 0x0000015495822980, 0x0000015495834380,
0x000001549b2eaf40, 0x000001549b96ff60, 0x000001549bb76f50, 0x000001549b423bf0,
0x000001549b923700, 0x000001549bc353f0, 0x000001549c496e10, 0x000001549bd09060,
0x000001549c45ef00, 0x000001549bbf8380, 0x000001549bbf7660, 0x000001549bbf7cf0,
0x000001549bbf5c20, 0x000001549bbf6940, 0x000001549bbf8a10, 0x000001549bbf6fd0,
0x000001549e2c98f0, 0x000001549e2cb9c0, 0x000001549e2ca610, 0x000001549e2cee40,
0x000001549e2ccd70, 0x000001549e2cc050, 0x000001549e2ce7b0, 0x000001549e2caca0,
0x000001549e2cda90, 0x000001549e2c9f80, 0x000001549e2c8bd0, 0x000001549e2cd400,
0x000001549e2cb330, 0x000001549e2ce120, 0x000001549e2cc6e0, 0x000001549da17090,
0x000001549cfc5420, 0x000001549e0fd870, 0x000001549e2cf4d0, 0x000001549e2c8540,
0x000001549e2cfb60, 0x00000154a1749aa0, 0x00000154a174a7c0, 0x00000154a17479d0,
0x00000154a174b4e0, 0x00000154a174ae50, 0x00000154a174bb70, 0x00000154a174c200,
0x00000154a174c890, 0x00000154a1745900, 0x00000154a1745f90, 0x00000154a1746620,
0x00000154a1746cb0, 0x00000154a1748060, 0x00000154a1747340, 0x00000154a17486f0,
0x00000154a0c05300, 0x00000154a0c06d40, 0x00000154a0c094a0, 0x00000154a0c045e0,
0x00000154a0c08780, 0x00000154a0c05990, 0x00000154a0c06020, 0x00000154a0c04c70,
0x00000154a0c08e10, 0x00000154a0c02510, 0x00000154a0c073d0, 0x00000154a0c02ba0,
0x00000154a0c09b30, 0x00000154a0c03230, 0x00000154a0c038c0, 0x00000154a0c066b0,
0x00000154a0c080f0, 0x000001549d947ce0, 0x000001549d944860, 0x000001549d948370,
0x000001549d948a00, 0x000001549d949090, 0x000001549d949db0, 0x000001549d947650,
0x000001549d943b40, 0x000001549d94aad0, 0x000001549d94a440, 0x000001549d944ef0,
0x000001549d94b160, 0x000001549d9441d0, 0x000001549d945c10, 0x000001549d945580,
0x000001549d946fc0
}

Java Threads: ( => current thread )
  0x000001543e92b2f0 JavaThread "main"                              [_thread_blocked, id=7368, stack(0x00000050f7800000,0x00000050f7900000) (1024K)]
  0x0000015452d1da90 JavaThread "Reference Handler"          daemon [_thread_blocked, id=30332, stack(0x00000050f7c00000,0x00000050f7d00000) (1024K)]
  0x0000015452d1e930 JavaThread "Finalizer"                  daemon [_thread_blocked, id=18196, stack(0x00000050f7d00000,0x00000050f7e00000) (1024K)]
  0x00000154954aa500 JavaThread "Signal Dispatcher"          daemon [_thread_blocked, id=17488, stack(0x00000050f7e00000,0x00000050f7f00000) (1024K)]
  0x00000154954ab150 JavaThread "Attach Listener"            daemon [_thread_blocked, id=13712, stack(0x00000050f7f00000,0x00000050f8000000) (1024K)]
  0x00000154954b0b20 JavaThread "Service Thread"             daemon [_thread_blocked, id=18220, stack(0x00000050f8000000,0x00000050f8100000) (1024K)]
  0x00000154954b57e0 JavaThread "Monitor Deflation Thread"   daemon [_thread_blocked, id=11836, stack(0x00000050f8100000,0x00000050f8200000) (1024K)]
  0x00000154954b6730 JavaThread "C2 CompilerThread0"         daemon [_thread_blocked, id=3404, stack(0x00000050f8200000,0x00000050f8300000) (1024K)]
  0x00000154954b8e20 JavaThread "C1 CompilerThread0"         daemon [_thread_blocked, id=14228, stack(0x00000050f8300000,0x00000050f8400000) (1024K)]
  0x000001543e997310 JavaThread "Common-Cleaner"             daemon [_thread_blocked, id=28692, stack(0x00000050f8400000,0x00000050f8500000) (1024K)]
  0x00000154955add00 JavaThread "C1 CompilerThread1"         daemon [_thread_blocked, id=31320, stack(0x00000050f8500000,0x00000050f8600000) (1024K)]
  0x00000154955b0b50 JavaThread "C1 CompilerThread2"         daemon [_thread_blocked, id=26124, stack(0x00000050f8600000,0x00000050f8700000) (1024K)]
  0x00000154955f78a0 JavaThread "C2 CompilerThread1"         daemon [_thread_in_native, id=14612, stack(0x00000050f8700000,0x00000050f8800000) (1024K)]
  0x000001549579f0f0 JavaThread "C1 CompilerThread3"         daemon [_thread_blocked, id=26464, stack(0x00000050f8800000,0x00000050f8900000) (1024K)]
  0x0000015495822980 JavaThread "Notification Thread"        daemon [_thread_blocked, id=9960, stack(0x00000050f8900000,0x00000050f8a00000) (1024K)]
  0x0000015495834380 JavaThread "C2 CompilerThread2"         daemon [_thread_blocked, id=30540, stack(0x00000050f8a00000,0x00000050f8b00000) (1024K)]
  0x000001549b2eaf40 JavaThread "C2 CompilerThread3"         daemon [_thread_blocked, id=28936, stack(0x00000050f9000000,0x00000050f9100000) (1024K)]
  0x000001549b96ff60 JavaThread "Active Thread: Equinox Container: 4e342dde-3431-436e-ac22-c39d3ab48c2f"        [_thread_blocked, id=21416, stack(0x00000050f9100000,0x00000050f9200000) (1024K)]
  0x000001549bb76f50 JavaThread "Refresh Thread: Equinox Container: 4e342dde-3431-436e-ac22-c39d3ab48c2f" daemon [_thread_blocked, id=24252, stack(0x00000050f9400000,0x00000050f9500000) (1024K)]
  0x000001549b423bf0 JavaThread "Framework Event Dispatcher: Equinox Container: 4e342dde-3431-436e-ac22-c39d3ab48c2f" daemon [_thread_blocked, id=29208, stack(0x00000050f9500000,0x00000050f9600000) (1024K)]
  0x000001549b923700 JavaThread "Start Level: Equinox Container: 4e342dde-3431-436e-ac22-c39d3ab48c2f" daemon [_thread_blocked, id=3232, stack(0x00000050f9600000,0x00000050f9700000) (1024K)]
  0x000001549bc353f0 JavaThread "Bundle File Closer"         daemon [_thread_blocked, id=30044, stack(0x00000050f9700000,0x00000050f9800000) (1024K)]
  0x000001549c496e10 JavaThread "SCR Component Actor"        daemon [_thread_blocked, id=11132, stack(0x00000050f9a00000,0x00000050f9b00000) (1024K)]
  0x000001549bd09060 JavaThread "Worker-JM"                         [_thread_blocked, id=22260, stack(0x00000050f9f00000,0x00000050fa000000) (1024K)]
  0x000001549c45ef00 JavaThread "JNA Cleaner"                daemon [_thread_blocked, id=30268, stack(0x00000050fa000000,0x00000050fa100000) (1024K)]
  0x000001549bbf8380 JavaThread "Worker-0: Java indexing... "        [_thread_blocked, id=12540, stack(0x00000050fa100000,0x00000050fa200000) (1024K)]
  0x000001549bbf7660 JavaThread "Worker-1"                          [_thread_blocked, id=19588, stack(0x00000050fa200000,0x00000050fa300000) (1024K)]
  0x000001549bbf7cf0 JavaThread "Java indexing"              daemon [_thread_in_Java, id=16820, stack(0x00000050fa300000,0x00000050fa400000) (1024K)]
  0x000001549bbf5c20 JavaThread "Worker-2: Initialize Workspace"        [_thread_blocked, id=25768, stack(0x00000050fa400000,0x00000050fa500000) (1024K)]
  0x000001549bbf6940 JavaThread "Worker-3"                          [_thread_blocked, id=20972, stack(0x00000050fa500000,0x00000050fa600000) (1024K)]
  0x000001549bbf8a10 JavaThread "Thread-2"                   daemon [_thread_in_native, id=28092, stack(0x00000050fa600000,0x00000050fa700000) (1024K)]
  0x000001549bbf6fd0 JavaThread "Thread-3"                   daemon [_thread_in_native, id=24204, stack(0x00000050fa700000,0x00000050fa800000) (1024K)]
  0x000001549e2c98f0 JavaThread "Thread-4"                   daemon [_thread_in_native, id=30052, stack(0x00000050fa800000,0x00000050fa900000) (1024K)]
  0x000001549e2cb9c0 JavaThread "Thread-5"                   daemon [_thread_in_native, id=2400, stack(0x00000050fa900000,0x00000050faa00000) (1024K)]
  0x000001549e2ca610 JavaThread "Thread-6"                   daemon [_thread_in_native, id=20544, stack(0x00000050faa00000,0x00000050fab00000) (1024K)]
  0x000001549e2cee40 JavaThread "Thread-7"                   daemon [_thread_in_native, id=30584, stack(0x00000050fab00000,0x00000050fac00000) (1024K)]
  0x000001549e2ccd70 JavaThread "Thread-8"                   daemon [_thread_in_native, id=4956, stack(0x00000050fac00000,0x00000050fad00000) (1024K)]
  0x000001549e2cc050 JavaThread "Thread-9"                   daemon [_thread_in_native, id=16372, stack(0x00000050fad00000,0x00000050fae00000) (1024K)]
  0x000001549e2ce7b0 JavaThread "Thread-10"                  daemon [_thread_in_native, id=16932, stack(0x00000050fae00000,0x00000050faf00000) (1024K)]
  0x000001549e2caca0 JavaThread "Thread-11"                  daemon [_thread_in_native, id=13040, stack(0x00000050faf00000,0x00000050fb000000) (1024K)]
  0x000001549e2cda90 JavaThread "Thread-12"                  daemon [_thread_in_native, id=17116, stack(0x00000050fb000000,0x00000050fb100000) (1024K)]
  0x000001549e2c9f80 JavaThread "Thread-13"                  daemon [_thread_in_native, id=4232, stack(0x00000050fb100000,0x00000050fb200000) (1024K)]
  0x000001549e2c8bd0 JavaThread "Thread-14"                  daemon [_thread_in_native, id=27744, stack(0x00000050fb200000,0x00000050fb300000) (1024K)]
  0x000001549e2cd400 JavaThread "Thread-15"                  daemon [_thread_in_native, id=4800, stack(0x00000050fb300000,0x00000050fb400000) (1024K)]
  0x000001549e2cb330 JavaThread "Thread-16"                  daemon [_thread_in_native, id=30232, stack(0x00000050fb400000,0x00000050fb500000) (1024K)]
  0x000001549e2ce120 JavaThread "Thread-17"                  daemon [_thread_in_native, id=28036, stack(0x00000050fb500000,0x00000050fb600000) (1024K)]
  0x000001549e2cc6e0 JavaThread "Thread-18"                  daemon [_thread_in_native, id=1760, stack(0x00000050fb600000,0x00000050fb700000) (1024K)]
  0x000001549da17090 JavaThread "C2 CompilerThread4"         daemon [_thread_in_native, id=9260, stack(0x00000050fb700000,0x00000050fb800000) (1024K)]
  0x000001549cfc5420 JavaThread "C2 CompilerThread5"         daemon [_thread_blocked, id=29360, stack(0x00000050fb800000,0x00000050fb900000) (1024K)]
=>0x000001549e0fd870 JavaThread "C2 CompilerThread6"         daemon [_thread_in_native, id=20112, stack(0x00000050fb900000,0x00000050fba00000) (1024K)]
  0x000001549e2cf4d0 JavaThread "pool-2-thread-1"                   [_thread_blocked, id=10876, stack(0x00000050fba00000,0x00000050fbb00000) (1024K)]
  0x000001549e2c8540 JavaThread "WorkspaceEventsHandler"            [_thread_blocked, id=28996, stack(0x00000050fbb00000,0x00000050fbc00000) (1024K)]
  0x000001549e2cfb60 JavaThread "pool-1-thread-1"                   [_thread_blocked, id=18500, stack(0x00000050fbc00000,0x00000050fbd00000) (1024K)]
  0x00000154a1749aa0 JavaThread "Worker-4"                          [_thread_blocked, id=26560, stack(0x00000050fbe00000,0x00000050fbf00000) (1024K)]
  0x00000154a174a7c0 JavaThread "LocalFile Deleter"          daemon [_thread_blocked, id=15284, stack(0x00000050fbf00000,0x00000050fc000000) (1024K)]
  0x00000154a17479d0 JavaThread "LocalFile Deleter"          daemon [_thread_blocked, id=29160, stack(0x00000050fc000000,0x00000050fc100000) (1024K)]
  0x00000154a174b4e0 JavaThread "LocalFile Deleter"          daemon [_thread_blocked, id=17648, stack(0x00000050fc100000,0x00000050fc200000) (1024K)]
  0x00000154a174ae50 JavaThread "LocalFile Deleter"          daemon [_thread_blocked, id=17632, stack(0x00000050fc200000,0x00000050fc300000) (1024K)]
  0x00000154a174bb70 JavaThread "LocalFile Deleter"          daemon [_thread_blocked, id=29432, stack(0x00000050fc300000,0x00000050fc400000) (1024K)]
  0x00000154a174c200 JavaThread "LocalFile Deleter"          daemon [_thread_blocked, id=14976, stack(0x00000050fc400000,0x00000050fc500000) (1024K)]
  0x00000154a174c890 JavaThread "LocalFile Deleter"          daemon [_thread_blocked, id=20896, stack(0x00000050fc500000,0x00000050fc600000) (1024K)]
  0x00000154a1745900 JavaThread "LocalFile Deleter"          daemon [_thread_blocked, id=30644, stack(0x00000050fc600000,0x00000050fc700000) (1024K)]
  0x00000154a1745f90 JavaThread "LocalFile Deleter"          daemon [_thread_blocked, id=10356, stack(0x00000050fc700000,0x00000050fc800000) (1024K)]
  0x00000154a1746620 JavaThread "LocalFile Deleter"          daemon [_thread_blocked, id=1780, stack(0x00000050fc800000,0x00000050fc900000) (1024K)]
  0x00000154a1746cb0 JavaThread "LocalFile Deleter"          daemon [_thread_blocked, id=4436, stack(0x00000050fc900000,0x00000050fca00000) (1024K)]
  0x00000154a1748060 JavaThread "LocalFile Deleter"          daemon [_thread_blocked, id=2696, stack(0x00000050fca00000,0x00000050fcb00000) (1024K)]
  0x00000154a1747340 JavaThread "LocalFile Deleter"          daemon [_thread_blocked, id=25020, stack(0x00000050fcb00000,0x00000050fcc00000) (1024K)]
  0x00000154a17486f0 JavaThread "LocalFile Deleter"          daemon [_thread_blocked, id=17384, stack(0x00000050fcc00000,0x00000050fcd00000) (1024K)]
  0x00000154a0c05300 JavaThread "LocalFile Deleter"          daemon [_thread_blocked, id=12244, stack(0x00000050fcd00000,0x00000050fce00000) (1024K)]
  0x00000154a0c06d40 JavaThread "LocalFile Deleter"          daemon [_thread_blocked, id=5764, stack(0x00000050fce00000,0x00000050fcf00000) (1024K)]
  0x00000154a0c094a0 JavaThread "Compiler Source File Reader" daemon [_thread_blocked, id=19788, stack(0x00000050fcf00000,0x00000050fd000000) (1024K)]
  0x00000154a0c045e0 JavaThread "Compiler Source File Reader" daemon [_thread_blocked, id=2396, stack(0x00000050fd000000,0x00000050fd100000) (1024K)]
  0x00000154a0c08780 JavaThread "Compiler Source File Reader" daemon [_thread_blocked, id=9468, stack(0x00000050fd100000,0x00000050fd200000) (1024K)]
  0x00000154a0c05990 JavaThread "Compiler Source File Reader" daemon [_thread_blocked, id=24264, stack(0x00000050fd200000,0x00000050fd300000) (1024K)]
  0x00000154a0c06020 JavaThread "Compiler Source File Reader" daemon [_thread_blocked, id=28860, stack(0x00000050fd300000,0x00000050fd400000) (1024K)]
  0x00000154a0c04c70 JavaThread "Compiler Source File Reader" daemon [_thread_blocked, id=29856, stack(0x00000050fd400000,0x00000050fd500000) (1024K)]
  0x00000154a0c08e10 JavaThread "Compiler Source File Reader" daemon [_thread_blocked, id=20008, stack(0x00000050fd500000,0x00000050fd600000) (1024K)]
  0x00000154a0c02510 JavaThread "Compiler Source File Reader" daemon [_thread_blocked, id=28752, stack(0x00000050fd600000,0x00000050fd700000) (1024K)]
  0x00000154a0c073d0 JavaThread "Compiler Source File Reader" daemon [_thread_blocked, id=19632, stack(0x00000050fd700000,0x00000050fd800000) (1024K)]
  0x00000154a0c02ba0 JavaThread "Compiler Source File Reader" daemon [_thread_blocked, id=26068, stack(0x00000050fd800000,0x00000050fd900000) (1024K)]
  0x00000154a0c09b30 JavaThread "Compiler Source File Reader" daemon [_thread_blocked, id=12896, stack(0x00000050fd900000,0x00000050fda00000) (1024K)]
  0x00000154a0c03230 JavaThread "Compiler Source File Reader" daemon [_thread_blocked, id=24776, stack(0x00000050fda00000,0x00000050fdb00000) (1024K)]
  0x00000154a0c038c0 JavaThread "Compiler Source File Reader" daemon [_thread_blocked, id=24652, stack(0x00000050fdb00000,0x00000050fdc00000) (1024K)]
  0x00000154a0c066b0 JavaThread "Compiler Source File Reader" daemon [_thread_blocked, id=22352, stack(0x00000050fdc00000,0x00000050fdd00000) (1024K)]
  0x00000154a0c080f0 JavaThread "Compiler Processing Task"   daemon [_thread_blocked, id=25144, stack(0x00000050f9b00000,0x00000050f9c00000) (1024K)]
  0x000001549d947ce0 JavaThread "Compiler Class File Writer" daemon [_thread_blocked, id=27760, stack(0x00000050fbd00000,0x00000050fbe00000) (1024K)]
  0x000001549d944860 JavaThread "Compiler Class File Writer" daemon [_thread_blocked, id=5528, stack(0x00000050fdd00000,0x00000050fde00000) (1024K)]
  0x000001549d948370 JavaThread "Compiler Class File Writer" daemon [_thread_blocked, id=7984, stack(0x00000050fde00000,0x00000050fdf00000) (1024K)]
  0x000001549d948a00 JavaThread "Compiler Class File Writer" daemon [_thread_blocked, id=25652, stack(0x00000050fdf00000,0x00000050fe000000) (1024K)]
  0x000001549d949090 JavaThread "Compiler Class File Writer" daemon [_thread_blocked, id=2840, stack(0x00000050fe000000,0x00000050fe100000) (1024K)]
  0x000001549d949db0 JavaThread "Compiler Class File Writer" daemon [_thread_blocked, id=548, stack(0x00000050fe100000,0x00000050fe200000) (1024K)]
  0x000001549d947650 JavaThread "Compiler Class File Writer" daemon [_thread_blocked, id=26016, stack(0x00000050fe300000,0x00000050fe400000) (1024K)]
  0x000001549d943b40 JavaThread "Compiler Class File Writer" daemon [_thread_blocked, id=28712, stack(0x00000050fe400000,0x00000050fe500000) (1024K)]
  0x000001549d94aad0 JavaThread "Compiler Class File Writer" daemon [_thread_blocked, id=17028, stack(0x00000050fe500000,0x00000050fe600000) (1024K)]
  0x000001549d94a440 JavaThread "Compiler Class File Writer" daemon [_thread_blocked, id=13500, stack(0x00000050fe600000,0x00000050fe700000) (1024K)]
  0x000001549d944ef0 JavaThread "Compiler Class File Writer" daemon [_thread_blocked, id=10412, stack(0x00000050fe700000,0x00000050fe800000) (1024K)]
  0x000001549d94b160 JavaThread "Compiler Class File Writer" daemon [_thread_blocked, id=20260, stack(0x00000050fe800000,0x00000050fe900000) (1024K)]
  0x000001549d9441d0 JavaThread "Compiler Class File Writer" daemon [_thread_blocked, id=10972, stack(0x00000050fe900000,0x00000050fea00000) (1024K)]
  0x000001549d945c10 JavaThread "Compiler Class File Writer" daemon [_thread_blocked, id=10960, stack(0x00000050fea00000,0x00000050feb00000) (1024K)]
  0x000001549d945580 JavaThread "Timer-0"                           [_thread_blocked, id=31452, stack(0x00000050feb00000,0x00000050fec00000) (1024K)]
  0x000001549d946fc0 JavaThread "Connection worker"                 [_thread_in_native, id=9952, stack(0x00000050fe200000,0x00000050fe300000) (1024K)]
Total: 101

Other Threads:
  0x00000154954a32d0 VMThread "VM Thread"                           [id=16596, stack(0x00000050f7b00000,0x00000050f7c00000) (1024K)]
  0x0000015452bfca00 WatcherThread "VM Periodic Task Thread"        [id=19416, stack(0x00000050f7a00000,0x00000050f7b00000) (1024K)]
  0x000001543e949ef0 WorkerThread "GC Thread#0"                     [id=27324, stack(0x00000050f7900000,0x00000050f7a00000) (1024K)]
  0x000001549bcd4530 WorkerThread "GC Thread#1"                     [id=23132, stack(0x00000050f8b00000,0x00000050f8c00000) (1024K)]
  0x000001549b86c400 WorkerThread "GC Thread#2"                     [id=26768, stack(0x00000050f8c00000,0x00000050f8d00000) (1024K)]
  0x000001549b7f4a20 WorkerThread "GC Thread#3"                     [id=20084, stack(0x00000050f8d00000,0x00000050f8e00000) (1024K)]
  0x000001549b7f51d0 WorkerThread "GC Thread#4"                     [id=25432, stack(0x00000050f8e00000,0x00000050f8f00000) (1024K)]
  0x000001549b467fe0 WorkerThread "GC Thread#5"                     [id=31264, stack(0x00000050f8f00000,0x00000050f9000000) (1024K)]
  0x000001549bb8d3a0 WorkerThread "GC Thread#6"                     [id=17412, stack(0x00000050f9200000,0x00000050f9300000) (1024K)]
  0x000001549bb33240 WorkerThread "GC Thread#7"                     [id=24052, stack(0x00000050f9300000,0x00000050f9400000) (1024K)]
  0x000001549b793b40 WorkerThread "GC Thread#8"                     [id=23208, stack(0x00000050f9800000,0x00000050f9900000) (1024K)]
  0x000001549b7954a0 WorkerThread "GC Thread#9"                     [id=20912, stack(0x00000050f9900000,0x00000050f9a00000) (1024K)]
  0x000001549b794620 WorkerThread "GC Thread#10"                    [id=9300, stack(0x00000050f9c00000,0x00000050f9d00000) (1024K)]
  0x000001549b794d60 WorkerThread "GC Thread#11"                    [id=30616, stack(0x00000050f9d00000,0x00000050f9e00000) (1024K)]
  0x000001549b795100 WorkerThread "GC Thread#12"                    [id=20732, stack(0x00000050f9e00000,0x00000050f9f00000) (1024K)]
Total: 15

Threads with active compile tasks:
C2 CompilerThread1  10142 11380   !   4       org.eclipse.jdt.internal.core.search.indexing.BinaryIndexer::indexDocument (1204 bytes)
C2 CompilerThread4  10142 11142       4       lombok.eclipse.EclipseAST::drill (80 bytes)
C2 CompilerThread6  10142 11432   !   4       org.eclipse.osgi.internal.loader.classpath.ClasspathManager::defineClass (636 bytes)
Total: 3

VM state: not at safepoint (normal execution)

VM Mutex/Monitor currently owned by a thread: None

Heap address: 0x00000000c0000000, size: 1024 MB, Compressed Oops mode: 32-bit

CDS archive(s) mapped at: [0x0000015453000000-0x0000015453ba0000-0x0000015453ba0000), size 12189696, SharedBaseAddress: 0x0000015453000000, ArchiveRelocationMode: 1.
Compressed class space mapped at: 0x0000015454000000-0x0000015494000000, reserved size: 1073741824
Narrow klass base: 0x0000015453000000, Narrow klass shift: 0, Narrow klass range: 0x100000000

GC Precious Log:
 CardTable entry size: 512
 CPUs: 16 total, 16 available
 Memory: 15613M
 Large Page Support: Disabled
 NUMA Support: Disabled
 Compressed Oops: Enabled (32-bit)
 Alignments: Space 512K, Generation 512K, Heap 2M
 Heap Min Capacity: 100M
 Heap Initial Capacity: 100M
 Heap Max Capacity: 1G
 Pre-touch: Disabled
 Parallel Workers: 13

Heap:
 PSYoungGen      total 15360K, used 15072K [0x00000000eab00000, 0x00000000ebe00000, 0x0000000100000000)
  eden space 13312K, 100% used [0x00000000eab00000,0x00000000eb800000,0x00000000eb800000)
  from space 2048K, 85% used [0x00000000eb800000,0x00000000eb9b82e0,0x00000000eba00000)
  to   space 3072K, 0% used [0x00000000ebb00000,0x00000000ebb00000,0x00000000ebe00000)
 ParOldGen       total 315904K, used 315592K [0x00000000c0000000, 0x00000000d3480000, 0x00000000eab00000)
  object space 315904K, 99% used [0x00000000c0000000,0x00000000d34323e0,0x00000000d3480000)
 Metaspace       used 63677K, committed 65024K, reserved 1114112K
  class space    used 6625K, committed 7232K, reserved 1048576K

Card table byte_map: [0x000001543e2d0000,0x000001543e4e0000] _byte_map_base: 0x000001543dcd0000

Marking Bits: (ParMarkBitMap*) 0x00007ff9c8603260
 Begin Bits: [0x0000015450b20000, 0x0000015451b20000)
 End Bits:   [0x0000015451b20000, 0x0000015452b20000)

Polling page: 0x000001543c7b0000

Metaspace:

Usage:
  Non-class:     55.71 MB used.
      Class:      6.47 MB used.
       Both:     62.19 MB used.

Virtual space:
  Non-class space:       64.00 MB reserved,      56.44 MB ( 88%) committed,  1 nodes.
      Class space:        1.00 GB reserved,       7.06 MB ( <1%) committed,  1 nodes.
             Both:        1.06 GB reserved,      63.50 MB (  6%) committed. 

Chunk freelists:
   Non-Class:  7.33 MB
       Class:  8.83 MB
        Both:  16.16 MB

MaxMetaspaceSize: unlimited
CompressedClassSpaceSize: 1.00 GB
Initial GC threshold: 21.00 MB
Current GC threshold: 97.31 MB
CDS: on
 - commit_granule_bytes: 65536.
 - commit_granule_words: 8192.
 - virtual_space_node_default_size: 8388608.
 - enlarge_chunks_in_place: 1.
 - use_allocation_guard: 0.


Internal statistics:

num_allocs_failed_limit: 9.
num_arena_births: 1050.
num_arena_deaths: 14.
num_vsnodes_births: 2.
num_vsnodes_deaths: 0.
num_space_committed: 1016.
num_space_uncommitted: 0.
num_chunks_returned_to_freelist: 23.
num_chunks_taken_from_freelist: 3862.
num_chunk_merges: 15.
num_chunk_splits: 2465.
num_chunks_enlarged: 1550.
num_inconsistent_stats: 0.

CodeHeap 'non-profiled nmethods': size=119168Kb used=8807Kb max_used=8807Kb free=110360Kb
 bounds [0x00000154496c0000, 0x0000015449f60000, 0x0000015450b20000]
CodeHeap 'profiled nmethods': size=119104Kb used=25878Kb max_used=25878Kb free=93225Kb
 bounds [0x0000015441b20000, 0x0000015443470000, 0x0000015448f70000]
CodeHeap 'non-nmethods': size=7488Kb used=3117Kb max_used=3321Kb free=4371Kb
 bounds [0x0000015448f70000, 0x00000154492d0000, 0x00000154496c0000]
 total_blobs=11334 nmethods=10596 adapters=639
 compilation: enabled
              stopped_count=0, restarted_count=0
 full_count=0

Compilation events (20 events):
Event: 10.010 Thread 0x00000154954b6730 nmethod 11447 0x0000015449f4a510 code [0x0000015449f4a6a0, 0x0000015449f4a7a0]
Event: 10.011 Thread 0x000001549b2eaf40 11448 %     4       org.eclipse.jdt.internal.core.index.DiskIndex::copyQueryResults @ 107 (221 bytes)
Event: 10.011 Thread 0x000001549cfc5420 nmethod 11446 0x0000015449f4a910 code [0x0000015449f4aac0, 0x0000015449f4adc0]
Event: 10.014 Thread 0x00000154954b6730 11449       4       java.lang.AbstractStringBuilder::append (55 bytes)
Event: 10.023 Thread 0x00000154955add00 11450   !   3       org.gradle.internal.classloader.FilteringClassLoader::loadClass (62 bytes)
Event: 10.023 Thread 0x00000154955add00 nmethod 11450 0x0000015443462810 code [0x0000015443462ac0, 0x0000015443463678]
Event: 10.028 Thread 0x00000154954b6730 nmethod 11449 0x0000015449f4b090 code [0x0000015449f4b280, 0x0000015449f4bc40]
Event: 10.049 Thread 0x0000015495834380 nmethod 11430% 0x0000015449f4c110 code [0x0000015449f4c480, 0x0000015449f4ea10]
Event: 10.052 Thread 0x00000154955add00 11451       3       org.gradle.internal.installation.GradleInstallation$1::accept (5 bytes)
Event: 10.052 Thread 0x00000154955add00 nmethod 11451 0x0000015443463b10 code [0x0000015443463d00, 0x0000015443464158]
Event: 10.061 Thread 0x0000015495834380 11452       4       java.lang.String::indexOf (101 bytes)
Event: 10.063 Thread 0x0000015495834380 nmethod 11452 0x0000015449f50310 code [0x0000015449f504c0, 0x0000015449f50840]
Event: 10.075 Thread 0x000001549b2eaf40 nmethod 11448% 0x0000015449f50a90 code [0x0000015449f50e40, 0x0000015449f53700]
Event: 10.081 Thread 0x000001549b2eaf40 11453       4       org.eclipse.jdt.internal.core.index.DiskIndex::copyQueryResults (221 bytes)
Event: 10.085 Thread 0x000001549cfc5420 11454       4       java.lang.String::indexOf (18 bytes)
Event: 10.087 Thread 0x000001549cfc5420 nmethod 11454 0x0000015449f54690 code [0x0000015449f54840, 0x0000015449f54c08]
Event: 10.088 Thread 0x00000154954b6730 11455       4       java.lang.String::getBytes (44 bytes)
Event: 10.089 Thread 0x00000154954b6730 nmethod 11455 0x0000015449f54e90 code [0x0000015449f55020, 0x0000015449f55270]
Event: 10.092 Thread 0x00000154955b0b50 11456       3       org.gradle.internal.classloader.FilteringClassLoader$TrieSet::contains (11 bytes)
Event: 10.092 Thread 0x00000154955b0b50 nmethod 11456 0x0000015443464310 code [0x00000154434644c0, 0x0000015443464698]

GC Heap History (20 events):
Event: 9.839 GC heap before
{Heap before GC invocations=279 (full 3):
 PSYoungGen      total 6144K, used 6134K [0x00000000eab00000, 0x00000000eb480000, 0x0000000100000000)
  eden space 4608K, 100% used [0x00000000eab00000,0x00000000eaf80000,0x00000000eaf80000)
  from space 1536K, 99% used [0x00000000eaf80000,0x00000000eb0fd9c0,0x00000000eb100000)
  to   space 2048K, 0% used [0x00000000eb280000,0x00000000eb280000,0x00000000eb480000)
 ParOldGen       total 283648K, used 283277K [0x00000000c0000000, 0x00000000d1500000, 0x00000000eab00000)
  object space 283648K, 99% used [0x00000000c0000000,0x00000000d14a34d8,0x00000000d1500000)
 Metaspace       used 62169K, committed 63552K, reserved 1114112K
  class space    used 6371K, committed 6976K, reserved 1048576K
}
Event: 9.840 GC heap after
{Heap after GC invocations=279 (full 3):
 PSYoungGen      total 7680K, used 1679K [0x00000000eab00000, 0x00000000eb480000, 0x0000000100000000)
  eden space 5632K, 0% used [0x00000000eab00000,0x00000000eab00000,0x00000000eb080000)
  from space 2048K, 81% used [0x00000000eb280000,0x00000000eb423d68,0x00000000eb480000)
  to   space 2048K, 0% used [0x00000000eb080000,0x00000000eb080000,0x00000000eb280000)
 ParOldGen       total 284672K, used 284598K [0x00000000c0000000, 0x00000000d1600000, 0x00000000eab00000)
  object space 284672K, 99% used [0x00000000c0000000,0x00000000d15ed8b8,0x00000000d1600000)
 Metaspace       used 62169K, committed 63552K, reserved 1114112K
  class space    used 6371K, committed 6976K, reserved 1048576K
}
Event: 9.845 GC heap before
{Heap before GC invocations=280 (full 3):
 PSYoungGen      total 7680K, used 7311K [0x00000000eab00000, 0x00000000eb480000, 0x0000000100000000)
  eden space 5632K, 100% used [0x00000000eab00000,0x00000000eb080000,0x00000000eb080000)
  from space 2048K, 81% used [0x00000000eb280000,0x00000000eb423d68,0x00000000eb480000)
  to   space 2048K, 0% used [0x00000000eb080000,0x00000000eb080000,0x00000000eb280000)
 ParOldGen       total 284672K, used 284598K [0x00000000c0000000, 0x00000000d1600000, 0x00000000eab00000)
  object space 284672K, 99% used [0x00000000c0000000,0x00000000d15ed8b8,0x00000000d1600000)
 Metaspace       used 62169K, committed 63552K, reserved 1114112K
  class space    used 6371K, committed 6976K, reserved 1048576K
}
Event: 9.847 GC heap after
{Heap after GC invocations=280 (full 3):
 PSYoungGen      total 7680K, used 2045K [0x00000000eab00000, 0x00000000eba00000, 0x0000000100000000)
  eden space 5632K, 0% used [0x00000000eab00000,0x00000000eab00000,0x00000000eb080000)
  from space 2048K, 99% used [0x00000000eb080000,0x00000000eb27f788,0x00000000eb280000)
  to   space 4096K, 0% used [0x00000000eb600000,0x00000000eb600000,0x00000000eba00000)
 ParOldGen       total 286208K, used 286154K [0x00000000c0000000, 0x00000000d1780000, 0x00000000eab00000)
  object space 286208K, 99% used [0x00000000c0000000,0x00000000d1772890,0x00000000d1780000)
 Metaspace       used 62169K, committed 63552K, reserved 1114112K
  class space    used 6371K, committed 6976K, reserved 1048576K
}
Event: 9.851 GC heap before
{Heap before GC invocations=281 (full 3):
 PSYoungGen      total 7680K, used 7676K [0x00000000eab00000, 0x00000000eba00000, 0x0000000100000000)
  eden space 5632K, 99% used [0x00000000eab00000,0x00000000eb07f8d0,0x00000000eb080000)
  from space 2048K, 99% used [0x00000000eb080000,0x00000000eb27f788,0x00000000eb280000)
  to   space 4096K, 0% used [0x00000000eb600000,0x00000000eb600000,0x00000000eba00000)
 ParOldGen       total 286208K, used 286154K [0x00000000c0000000, 0x00000000d1780000, 0x00000000eab00000)
  object space 286208K, 99% used [0x00000000c0000000,0x00000000d1772890,0x00000000d1780000)
 Metaspace       used 62169K, committed 63552K, reserved 1114112K
  class space    used 6371K, committed 6976K, reserved 1048576K
}
Event: 9.852 GC heap after
{Heap after GC invocations=281 (full 3):
 PSYoungGen      total 9728K, used 2267K [0x00000000eab00000, 0x00000000eb880000, 0x0000000100000000)
  eden space 7168K, 0% used [0x00000000eab00000,0x00000000eab00000,0x00000000eb200000)
  from space 2560K, 88% used [0x00000000eb600000,0x00000000eb836da8,0x00000000eb880000)
  to   space 3072K, 0% used [0x00000000eb280000,0x00000000eb280000,0x00000000eb580000)
 ParOldGen       total 288256K, used 288116K [0x00000000c0000000, 0x00000000d1980000, 0x00000000eab00000)
  object space 288256K, 99% used [0x00000000c0000000,0x00000000d195d280,0x00000000d1980000)
 Metaspace       used 62169K, committed 63552K, reserved 1114112K
  class space    used 6371K, committed 6976K, reserved 1048576K
}
Event: 9.858 GC heap before
{Heap before GC invocations=282 (full 3):
 PSYoungGen      total 9728K, used 9415K [0x00000000eab00000, 0x00000000eb880000, 0x0000000100000000)
  eden space 7168K, 99% used [0x00000000eab00000,0x00000000eb1fafa0,0x00000000eb200000)
  from space 2560K, 88% used [0x00000000eb600000,0x00000000eb836da8,0x00000000eb880000)
  to   space 3072K, 0% used [0x00000000eb280000,0x00000000eb280000,0x00000000eb580000)
 ParOldGen       total 288256K, used 288116K [0x00000000c0000000, 0x00000000d1980000, 0x00000000eab00000)
  object space 288256K, 99% used [0x00000000c0000000,0x00000000d195d280,0x00000000d1980000)
 Metaspace       used 62169K, committed 63552K, reserved 1114112K
  class space    used 6371K, committed 6976K, reserved 1048576K
}
Event: 9.859 GC heap after
{Heap after GC invocations=282 (full 3):
 PSYoungGen      total 10752K, used 3054K [0x00000000eab00000, 0x00000000ebf80000, 0x0000000100000000)
  eden space 7680K, 0% used [0x00000000eab00000,0x00000000eab00000,0x00000000eb280000)
  from space 3072K, 99% used [0x00000000eb280000,0x00000000eb57b960,0x00000000eb580000)
  to   space 6144K, 0% used [0x00000000eb980000,0x00000000eb980000,0x00000000ebf80000)
 ParOldGen       total 290816K, used 290355K [0x00000000c0000000, 0x00000000d1c00000, 0x00000000eab00000)
  object space 290816K, 99% used [0x00000000c0000000,0x00000000d1b8ccc0,0x00000000d1c00000)
 Metaspace       used 62169K, committed 63552K, reserved 1114112K
  class space    used 6371K, committed 6976K, reserved 1048576K
}
Event: 9.864 GC heap before
{Heap before GC invocations=283 (full 3):
 PSYoungGen      total 10752K, used 10670K [0x00000000eab00000, 0x00000000ebf80000, 0x0000000100000000)
  eden space 7680K, 99% used [0x00000000eab00000,0x00000000eb2700d0,0x00000000eb280000)
  from space 3072K, 99% used [0x00000000eb280000,0x00000000eb57b960,0x00000000eb580000)
  to   space 6144K, 0% used [0x00000000eb980000,0x00000000eb980000,0x00000000ebf80000)
 ParOldGen       total 290816K, used 290355K [0x00000000c0000000, 0x00000000d1c00000, 0x00000000eab00000)
  object space 290816K, 99% used [0x00000000c0000000,0x00000000d1b8ccc0,0x00000000d1c00000)
 Metaspace       used 62169K, committed 63552K, reserved 1114112K
  class space    used 6371K, committed 6976K, reserved 1048576K
}
Event: 9.867 GC heap after
{Heap after GC invocations=283 (full 3):
 PSYoungGen      total 12800K, used 3240K [0x00000000eab00000, 0x00000000ebd00000, 0x0000000100000000)
  eden space 9216K, 0% used [0x00000000eab00000,0x00000000eab00000,0x00000000eb400000)
  from space 3584K, 90% used [0x00000000eb980000,0x00000000ebcaa0f0,0x00000000ebd00000)
  to   space 4096K, 0% used [0x00000000eb500000,0x00000000eb500000,0x00000000eb900000)
 ParOldGen       total 293376K, used 293191K [0x00000000c0000000, 0x00000000d1e80000, 0x00000000eab00000)
  object space 293376K, 99% used [0x00000000c0000000,0x00000000d1e51cd0,0x00000000d1e80000)
 Metaspace       used 62169K, committed 63552K, reserved 1114112K
  class space    used 6371K, committed 6976K, reserved 1048576K
}
Event: 9.872 GC heap before
{Heap before GC invocations=284 (full 3):
 PSYoungGen      total 12800K, used 12456K [0x00000000eab00000, 0x00000000ebd00000, 0x0000000100000000)
  eden space 9216K, 100% used [0x00000000eab00000,0x00000000eb400000,0x00000000eb400000)
  from space 3584K, 90% used [0x00000000eb980000,0x00000000ebcaa0f0,0x00000000ebd00000)
  to   space 4096K, 0% used [0x00000000eb500000,0x00000000eb500000,0x00000000eb900000)
 ParOldGen       total 293376K, used 293191K [0x00000000c0000000, 0x00000000d1e80000, 0x00000000eab00000)
  object space 293376K, 99% used [0x00000000c0000000,0x00000000d1e51cd0,0x00000000d1e80000)
 Metaspace       used 62169K, committed 63552K, reserved 1114112K
  class space    used 6371K, committed 6976K, reserved 1048576K
}
Event: 9.874 GC heap after
{Heap after GC invocations=284 (full 3):
 PSYoungGen      total 14336K, used 3793K [0x00000000eab00000, 0x00000000ebe00000, 0x0000000100000000)
  eden space 10240K, 0% used [0x00000000eab00000,0x00000000eab00000,0x00000000eb500000)
  from space 4096K, 92% used [0x00000000eb500000,0x00000000eb8b4708,0x00000000eb900000)
  to   space 4096K, 0% used [0x00000000eba00000,0x00000000eba00000,0x00000000ebe00000)
 ParOldGen       total 296448K, used 296163K [0x00000000c0000000, 0x00000000d2180000, 0x00000000eab00000)
  object space 296448K, 99% used [0x00000000c0000000,0x00000000d2138df0,0x00000000d2180000)
 Metaspace       used 62169K, committed 63552K, reserved 1114112K
  class space    used 6371K, committed 6976K, reserved 1048576K
}
Event: 9.879 GC heap before
{Heap before GC invocations=285 (full 3):
 PSYoungGen      total 14336K, used 14033K [0x00000000eab00000, 0x00000000ebe00000, 0x0000000100000000)
  eden space 10240K, 100% used [0x00000000eab00000,0x00000000eb500000,0x00000000eb500000)
  from space 4096K, 92% used [0x00000000eb500000,0x00000000eb8b4708,0x00000000eb900000)
  to   space 4096K, 0% used [0x00000000eba00000,0x00000000eba00000,0x00000000ebe00000)
 ParOldGen       total 296448K, used 296163K [0x00000000c0000000, 0x00000000d2180000, 0x00000000eab00000)
  object space 296448K, 99% used [0x00000000c0000000,0x00000000d2138df0,0x00000000d2180000)
 Metaspace       used 62169K, committed 63552K, reserved 1114112K
  class space    used 6371K, committed 6976K, reserved 1048576K
}
Event: 9.881 GC heap after
{Heap after GC invocations=285 (full 3):
 PSYoungGen      total 14848K, used 4088K [0x00000000eab00000, 0x00000000ec000000, 0x0000000100000000)
  eden space 10752K, 0% used [0x00000000eab00000,0x00000000eab00000,0x00000000eb580000)
  from space 4096K, 99% used [0x00000000eba00000,0x00000000ebdfe160,0x00000000ebe00000)
  to   space 4608K, 0% used [0x00000000eb580000,0x00000000eb580000,0x00000000eba00000)
 ParOldGen       total 300544K, used 300366K [0x00000000c0000000, 0x00000000d2580000, 0x00000000eab00000)
  object space 300544K, 99% used [0x00000000c0000000,0x00000000d2553998,0x00000000d2580000)
 Metaspace       used 62169K, committed 63552K, reserved 1114112K
  class space    used 6371K, committed 6976K, reserved 1048576K
}
Event: 9.889 GC heap before
{Heap before GC invocations=286 (full 3):
 PSYoungGen      total 14848K, used 14840K [0x00000000eab00000, 0x00000000ec000000, 0x0000000100000000)
  eden space 10752K, 100% used [0x00000000eab00000,0x00000000eb580000,0x00000000eb580000)
  from space 4096K, 99% used [0x00000000eba00000,0x00000000ebdfe160,0x00000000ebe00000)
  to   space 4608K, 0% used [0x00000000eb580000,0x00000000eb580000,0x00000000eba00000)
 ParOldGen       total 300544K, used 300366K [0x00000000c0000000, 0x00000000d2580000, 0x00000000eab00000)
  object space 300544K, 99% used [0x00000000c0000000,0x00000000d2553998,0x00000000d2580000)
 Metaspace       used 62180K, committed 63552K, reserved 1114112K
  class space    used 6373K, committed 6976K, reserved 1048576K
}
Event: 9.891 GC heap after
{Heap after GC invocations=286 (full 3):
 PSYoungGen      total 15360K, used 4219K [0x00000000eab00000, 0x00000000ec100000, 0x0000000100000000)
  eden space 10752K, 0% used [0x00000000eab00000,0x00000000eab00000,0x00000000eb580000)
  from space 4608K, 91% used [0x00000000eb580000,0x00000000eb99ec90,0x00000000eba00000)
  to   space 4608K, 0% used [0x00000000ebc80000,0x00000000ebc80000,0x00000000ec100000)
 ParOldGen       total 304640K, used 304293K [0x00000000c0000000, 0x00000000d2980000, 0x00000000eab00000)
  object space 304640K, 99% used [0x00000000c0000000,0x00000000d2929540,0x00000000d2980000)
 Metaspace       used 62180K, committed 63552K, reserved 1114112K
  class space    used 6373K, committed 6976K, reserved 1048576K
}
Event: 9.932 GC heap before
{Heap before GC invocations=287 (full 3):
 PSYoungGen      total 15360K, used 14971K [0x00000000eab00000, 0x00000000ec100000, 0x0000000100000000)
  eden space 10752K, 100% used [0x00000000eab00000,0x00000000eb580000,0x00000000eb580000)
  from space 4608K, 91% used [0x00000000eb580000,0x00000000eb99ec90,0x00000000eba00000)
  to   space 4608K, 0% used [0x00000000ebc80000,0x00000000ebc80000,0x00000000ec100000)
 ParOldGen       total 304640K, used 304293K [0x00000000c0000000, 0x00000000d2980000, 0x00000000eab00000)
  object space 304640K, 99% used [0x00000000c0000000,0x00000000d2929540,0x00000000d2980000)
 Metaspace       used 62262K, committed 63616K, reserved 1114112K
  class space    used 6388K, committed 6976K, reserved 1048576K
}
Event: 9.935 GC heap after
{Heap after GC invocations=287 (full 3):
 PSYoungGen      total 17920K, used 4353K [0x00000000eab00000, 0x00000000ec100000, 0x0000000100000000)
  eden space 13312K, 0% used [0x00000000eab00000,0x00000000eab00000,0x00000000eb800000)
  from space 4608K, 94% used [0x00000000ebc80000,0x00000000ec0c0720,0x00000000ec100000)
  to   space 4608K, 0% used [0x00000000eb800000,0x00000000eb800000,0x00000000ebc80000)
 ParOldGen       total 311296K, used 311240K [0x00000000c0000000, 0x00000000d3000000, 0x00000000eab00000)
  object space 311296K, 99% used [0x00000000c0000000,0x00000000d2ff2138,0x00000000d3000000)
 Metaspace       used 62262K, committed 63616K, reserved 1114112K
  class space    used 6388K, committed 6976K, reserved 1048576K
}
Event: 10.015 GC heap before
{Heap before GC invocations=288 (full 3):
 PSYoungGen      total 17920K, used 17665K [0x00000000eab00000, 0x00000000ec100000, 0x0000000100000000)
  eden space 13312K, 100% used [0x00000000eab00000,0x00000000eb800000,0x00000000eb800000)
  from space 4608K, 94% used [0x00000000ebc80000,0x00000000ec0c0720,0x00000000ec100000)
  to   space 4608K, 0% used [0x00000000eb800000,0x00000000eb800000,0x00000000ebc80000)
 ParOldGen       total 311296K, used 311240K [0x00000000c0000000, 0x00000000d3000000, 0x00000000eab00000)
  object space 311296K, 99% used [0x00000000c0000000,0x00000000d2ff2138,0x00000000d3000000)
 Metaspace       used 63074K, committed 64384K, reserved 1114112K
  class space    used 6510K, committed 7104K, reserved 1048576K
}
Event: 10.018 GC heap after
{Heap after GC invocations=288 (full 3):
 PSYoungGen      total 15360K, used 1760K [0x00000000eab00000, 0x00000000ebe00000, 0x0000000100000000)
  eden space 13312K, 0% used [0x00000000eab00000,0x00000000eab00000,0x00000000eb800000)
  from space 2048K, 85% used [0x00000000eb800000,0x00000000eb9b82e0,0x00000000eba00000)
  to   space 3072K, 0% used [0x00000000ebb00000,0x00000000ebb00000,0x00000000ebe00000)
 ParOldGen       total 315904K, used 315592K [0x00000000c0000000, 0x00000000d3480000, 0x00000000eab00000)
  object space 315904K, 99% used [0x00000000c0000000,0x00000000d34323e0,0x00000000d3480000)
 Metaspace       used 63074K, committed 64384K, reserved 1114112K
  class space    used 6510K, committed 7104K, reserved 1048576K
}

Dll operation events (10 events):
Event: 0.012 Loaded shared library c:\Users\ASUS\.vscode\extensions\redhat.java-1.40.0-win32-x64\jre\21.0.6-win32-x86_64\bin\java.dll
Event: 0.073 Loaded shared library c:\Users\ASUS\.vscode\extensions\redhat.java-1.40.0-win32-x64\jre\21.0.6-win32-x86_64\bin\zip.dll
Event: 0.090 Loaded shared library C:\Users\ASUS\.vscode\extensions\redhat.java-1.40.0-win32-x64\jre\21.0.6-win32-x86_64\bin\instrument.dll
Event: 0.094 Loaded shared library C:\Users\ASUS\.vscode\extensions\redhat.java-1.40.0-win32-x64\jre\21.0.6-win32-x86_64\bin\net.dll
Event: 0.096 Loaded shared library C:\Users\ASUS\.vscode\extensions\redhat.java-1.40.0-win32-x64\jre\21.0.6-win32-x86_64\bin\nio.dll
Event: 0.099 Loaded shared library C:\Users\ASUS\.vscode\extensions\redhat.java-1.40.0-win32-x64\jre\21.0.6-win32-x86_64\bin\zip.dll
Event: 0.112 Loaded shared library C:\Users\ASUS\.vscode\extensions\redhat.java-1.40.0-win32-x64\jre\21.0.6-win32-x86_64\bin\jimage.dll
Event: 0.170 Loaded shared library c:\Users\ASUS\.vscode\extensions\redhat.java-1.40.0-win32-x64\jre\21.0.6-win32-x86_64\bin\verify.dll
Event: 0.989 Loaded shared library C:\Users\ASUS\AppData\Roaming\Code\User\globalStorage\redhat.java\1.40.0\config_win\org.eclipse.equinox.launcher\org.eclipse.equinox.launcher.win32.win32.x86_64_1.2.1200.v20250212-0927\eclipse_11909.dll
Event: 1.958 Loaded shared library C:\Users\ASUS\AppData\Local\Temp\jna-2018896\jna15570922847791478981.dll

Deoptimization events (20 events):
Event: 10.083 Thread 0x000001549bbf7cf0 DEOPT PACKING pc=0x000001544346200b sp=0x00000050fa3ff230
Event: 10.083 Thread 0x000001549bbf7cf0 DEOPT UNPACKING pc=0x0000015448fc4242 sp=0x00000050fa3fe6f8 mode 0
Event: 10.084 Thread 0x000001549bbf7cf0 DEOPT PACKING pc=0x000001544346200b sp=0x00000050fa3ff230
Event: 10.084 Thread 0x000001549bbf7cf0 DEOPT UNPACKING pc=0x0000015448fc4242 sp=0x00000050fa3fe6f8 mode 0
Event: 10.089 Thread 0x000001549bbf7cf0 DEOPT PACKING pc=0x000001544346200b sp=0x00000050fa3ff230
Event: 10.089 Thread 0x000001549bbf7cf0 DEOPT UNPACKING pc=0x0000015448fc4242 sp=0x00000050fa3fe6f8 mode 0
Event: 10.091 Thread 0x000001549bbf7cf0 DEOPT PACKING pc=0x000001544346200b sp=0x00000050fa3ff230
Event: 10.091 Thread 0x000001549bbf7cf0 DEOPT UNPACKING pc=0x0000015448fc4242 sp=0x00000050fa3fe6f8 mode 0
Event: 10.093 Thread 0x000001549bbf7cf0 DEOPT PACKING pc=0x000001544346200b sp=0x00000050fa3ff230
Event: 10.093 Thread 0x000001549bbf7cf0 DEOPT UNPACKING pc=0x0000015448fc4242 sp=0x00000050fa3fe6f8 mode 0
Event: 10.096 Thread 0x000001549bbf7cf0 DEOPT PACKING pc=0x000001544346200b sp=0x00000050fa3ff230
Event: 10.097 Thread 0x000001549bbf7cf0 DEOPT UNPACKING pc=0x0000015448fc4242 sp=0x00000050fa3fe6f8 mode 0
Event: 10.099 Thread 0x000001549bbf7cf0 DEOPT PACKING pc=0x000001544346200b sp=0x00000050fa3ff230
Event: 10.099 Thread 0x000001549bbf7cf0 DEOPT UNPACKING pc=0x0000015448fc4242 sp=0x00000050fa3fe6f8 mode 0
Event: 10.100 Thread 0x000001549bbf7cf0 DEOPT PACKING pc=0x000001544346200b sp=0x00000050fa3ff230
Event: 10.100 Thread 0x000001549bbf7cf0 DEOPT UNPACKING pc=0x0000015448fc4242 sp=0x00000050fa3fe6f8 mode 0
Event: 10.101 Thread 0x000001549bbf7cf0 DEOPT PACKING pc=0x000001544346200b sp=0x00000050fa3ff230
Event: 10.101 Thread 0x000001549bbf7cf0 DEOPT UNPACKING pc=0x0000015448fc4242 sp=0x00000050fa3fe6f8 mode 0
Event: 10.103 Thread 0x000001549bbf7cf0 DEOPT PACKING pc=0x000001544346200b sp=0x00000050fa3ff230
Event: 10.103 Thread 0x000001549bbf7cf0 DEOPT UNPACKING pc=0x0000015448fc4242 sp=0x00000050fa3fe6f8 mode 0

Classes loaded (20 events):
Event: 9.549 Loading class java/nio/file/PathMatcher done
Event: 9.549 Loading class sun/nio/fs/WindowsFileSystem$2 done
Event: 9.560 Loading class java/nio/file/FileChannelLinesSpliterator
Event: 9.561 Loading class java/nio/file/FileChannelLinesSpliterator done
Event: 9.563 Loading class java/util/stream/Streams$1
Event: 9.563 Loading class java/util/stream/Streams$1 done
Event: 9.569 Loading class java/nio/file/FileChannelLinesSpliterator$1
Event: 9.569 Loading class java/nio/file/FileChannelLinesSpliterator$1 done
Event: 9.673 Loading class java/util/concurrent/CopyOnWriteArraySet
Event: 9.673 Loading class java/util/concurrent/CopyOnWriteArraySet done
Event: 9.782 Loading class java/net/HttpURLConnection
Event: 9.782 Loading class java/net/HttpURLConnection done
Event: 9.788 Loading class java/io/FileFilter
Event: 9.788 Loading class java/io/FileFilter done
Event: 9.813 Loading class java/util/concurrent/ConcurrentHashMap$ValueSpliterator
Event: 9.813 Loading class java/util/concurrent/ConcurrentHashMap$ValueSpliterator done
Event: 9.814 Loading class jdk/internal/loader/BootLoader$PackageHelper
Event: 9.814 Loading class jdk/internal/loader/BootLoader$PackageHelper done
Event: 10.100 Loading class java/lang/Class$EnclosingMethodInfo
Event: 10.100 Loading class java/lang/Class$EnclosingMethodInfo done

Classes unloaded (7 events):
Event: 2.325 Thread 0x00000154954a32d0 Unloading class 0x0000015454198c00 'java/lang/invoke/LambdaForm$MH+0x0000015454198c00'
Event: 2.325 Thread 0x00000154954a32d0 Unloading class 0x0000015454198800 'java/lang/invoke/LambdaForm$MH+0x0000015454198800'
Event: 2.325 Thread 0x00000154954a32d0 Unloading class 0x0000015454198400 'java/lang/invoke/LambdaForm$MH+0x0000015454198400'
Event: 2.325 Thread 0x00000154954a32d0 Unloading class 0x0000015454198000 'java/lang/invoke/LambdaForm$MH+0x0000015454198000'
Event: 2.325 Thread 0x00000154954a32d0 Unloading class 0x0000015454197c00 'java/lang/invoke/LambdaForm$BMH+0x0000015454197c00'
Event: 2.325 Thread 0x00000154954a32d0 Unloading class 0x0000015454197800 'java/lang/invoke/LambdaForm$DMH+0x0000015454197800'
Event: 2.325 Thread 0x00000154954a32d0 Unloading class 0x0000015454196400 'java/lang/invoke/LambdaForm$DMH+0x0000015454196400'

Classes redefined (0 events):
No events

Internal exceptions (20 events):
Event: 7.211 Thread 0x000001549bbf5c20 Implicit null exception at 0x0000015449cf6a23 to 0x0000015449cf6d8c
Event: 7.246 Thread 0x000001549bbf5c20 Exception <a 'java/lang/NoSuchMethodError'{0x00000000eade9830}: 'int java.lang.invoke.DirectMethodHandle$Holder.invokeSpecialIFC(java.lang.Object, java.lang.Object, java.lang.Object)'> (0x00000000eade9830) 
thrown [s\src\hotspot\share\interpreter\linkResolver.cpp, line 773]
Event: 7.276 Thread 0x000001549bbf5c20 Implicit null exception at 0x0000015449c2f163 to 0x0000015449c2f7a0
Event: 7.483 Thread 0x000001549bbf5c20 Implicit null exception at 0x0000015449a7ec46 to 0x0000015449a7ec8f
Event: 7.916 Thread 0x00000154a0c080f0 Exception <a 'java/lang/NoSuchMethodError'{0x00000000ead73838}: 'void java.lang.invoke.DirectMethodHandle$Holder.invokeStatic(java.lang.Object, int, java.lang.Object)'> (0x00000000ead73838) 
thrown [s\src\hotspot\share\interpreter\linkResolver.cpp, line 773]
Event: 7.960 Thread 0x000001549bbf5c20 Exception <a 'java/lang/NoSuchMethodError'{0x00000000eae336f8}: 'java.lang.Object java.lang.invoke.DirectMethodHandle$Holder.newInvokeSpecial(java.lang.Object, java.lang.Object, int, int, java.lang.Object)'> (0x00000000eae336f8) 
thrown [s\src\hotspot\share\interpreter\linkResolver.cpp, line 773]
Event: 8.070 Thread 0x00000154a0c080f0 Implicit null exception at 0x0000015449ccf3c7 to 0x0000015449ccfa94
Event: 9.244 Thread 0x000001549bbf5c20 Exception <a 'sun/nio/fs/WindowsException'{0x00000000eac96530}> (0x00000000eac96530) 
thrown [s\src\hotspot\share\prims\jni.cpp, line 520]
Event: 9.245 Thread 0x00000154a174a7c0 Exception <a 'sun/nio/fs/WindowsException'{0x00000000eacd9db0}> (0x00000000eacd9db0) 
thrown [s\src\hotspot\share\prims\jni.cpp, line 520]
Event: 9.246 Thread 0x00000154a17479d0 Exception <a 'sun/nio/fs/WindowsException'{0x00000000eacff000}> (0x00000000eacff000) 
thrown [s\src\hotspot\share\prims\jni.cpp, line 520]
Event: 9.339 Thread 0x000001549bbf5c20 Implicit null exception at 0x0000015449e4c91b to 0x0000015449e4c995
Event: 9.376 Thread 0x000001549bbf5c20 Exception <a 'sun/nio/fs/WindowsException'{0x00000000ead10c80}> (0x00000000ead10c80) 
thrown [s\src\hotspot\share\prims\jni.cpp, line 520]
Event: 9.377 Thread 0x000001549bbf5c20 Exception <a 'sun/nio/fs/WindowsException'{0x00000000ead112b0}> (0x00000000ead112b0) 
thrown [s\src\hotspot\share\prims\jni.cpp, line 520]
Event: 9.479 Thread 0x000001549bbf5c20 Exception <a 'java/lang/NoSuchMethodError'{0x00000000eadb33d8}: 'int java.lang.invoke.DirectMethodHandle$Holder.invokeInterface(java.lang.Object, java.lang.Object)'> (0x00000000eadb33d8) 
thrown [s\src\hotspot\share\interpreter\linkResolver.cpp, line 773]
Event: 9.479 Thread 0x000001549bbf5c20 Exception <a 'java/lang/IncompatibleClassChangeError'{0x00000000eae1e148}: Found class java.lang.Object, but interface was expected> (0x00000000eae1e148) 
thrown [s\src\hotspot\share\interpreter\linkResolver.cpp, line 840]
Event: 9.517 Thread 0x000001549bbf5c20 Exception <a 'java/lang/NoSuchMethodError'{0x00000000eabaa150}: method resolution failed> (0x00000000eabaa150) 
thrown [s\src\hotspot\share\prims\methodHandles.cpp, line 1144]
Event: 9.550 Thread 0x000001549bbf5c20 Exception <a 'sun/nio/fs/WindowsException'{0x00000000eabbb270}> (0x00000000eabbb270) 
thrown [s\src\hotspot\share\prims\jni.cpp, line 520]
Event: 9.551 Thread 0x000001549bbf5c20 Exception <a 'sun/nio/fs/WindowsException'{0x00000000eabbbb10}> (0x00000000eabbbb10) 
thrown [s\src\hotspot\share\prims\jni.cpp, line 520]
Event: 9.677 Thread 0x000001549bbf5c20 Exception <a 'java/lang/NoSuchMethodError'{0x00000000eab7f2d8}: 'java.lang.Object java.lang.invoke.DirectMethodHandle$Holder.invokeVirtual(java.lang.Object, java.lang.Object, java.lang.Object, java.lang.Object)'> (0x00000000eab7f2d8) 
thrown [s\src\hotspot\share\interpreter\linkResolver.cpp, line 773]
Event: 9.678 Thread 0x000001549bbf5c20 Exception <a 'java/lang/NoSuchMethodError'{0x00000000eac31910}: 'java.lang.Object java.lang.invoke.DirectMethodHandle$Holder.invokeVirtual(java.lang.Object, java.lang.Object, java.lang.Object, java.lang.Object, java.lang.Object)'> (0x00000000eac31910) 
thrown [s\src\hotspot\share\interpreter\linkResolver.cpp, line 773]

ZGC Phase Switch (0 events):
No events

VM Operations (20 events):
Event: 9.839 Executing VM operation: ParallelGCFailedAllocation (Allocation Failure)
Event: 9.840 Executing VM operation: ParallelGCFailedAllocation (Allocation Failure) done
Event: 9.845 Executing VM operation: ParallelGCFailedAllocation (Allocation Failure)
Event: 9.847 Executing VM operation: ParallelGCFailedAllocation (Allocation Failure) done
Event: 9.851 Executing VM operation: ParallelGCFailedAllocation (Allocation Failure)
Event: 9.852 Executing VM operation: ParallelGCFailedAllocation (Allocation Failure) done
Event: 9.857 Executing VM operation: ParallelGCFailedAllocation (Allocation Failure)
Event: 9.860 Executing VM operation: ParallelGCFailedAllocation (Allocation Failure) done
Event: 9.864 Executing VM operation: ParallelGCFailedAllocation (Allocation Failure)
Event: 9.867 Executing VM operation: ParallelGCFailedAllocation (Allocation Failure) done
Event: 9.872 Executing VM operation: ParallelGCFailedAllocation (Allocation Failure)
Event: 9.874 Executing VM operation: ParallelGCFailedAllocation (Allocation Failure) done
Event: 9.878 Executing VM operation: ParallelGCFailedAllocation (Allocation Failure)
Event: 9.881 Executing VM operation: ParallelGCFailedAllocation (Allocation Failure) done
Event: 9.889 Executing VM operation: ParallelGCFailedAllocation (Allocation Failure)
Event: 9.891 Executing VM operation: ParallelGCFailedAllocation (Allocation Failure) done
Event: 9.932 Executing VM operation: ParallelGCFailedAllocation (Allocation Failure)
Event: 9.935 Executing VM operation: ParallelGCFailedAllocation (Allocation Failure) done
Event: 10.015 Executing VM operation: ParallelGCFailedAllocation (Allocation Failure)
Event: 10.018 Executing VM operation: ParallelGCFailedAllocation (Allocation Failure) done

Memory protections (0 events):
No events

Nmethod flushes (20 events):
Event: 8.427 Thread 0x00000154954a32d0 flushing  nmethod 0x00000154424c1190
Event: 8.427 Thread 0x00000154954a32d0 flushing  nmethod 0x00000154424cb690
Event: 8.427 Thread 0x00000154954a32d0 flushing  nmethod 0x00000154424df110
Event: 8.427 Thread 0x00000154954a32d0 flushing  nmethod 0x00000154424ff310
Event: 8.427 Thread 0x00000154954a32d0 flushing  nmethod 0x0000015442500010
Event: 8.427 Thread 0x00000154954a32d0 flushing  nmethod 0x0000015442546910
Event: 8.427 Thread 0x00000154954a32d0 flushing  nmethod 0x0000015442548210
Event: 8.427 Thread 0x00000154954a32d0 flushing  nmethod 0x0000015442549d10
Event: 8.427 Thread 0x00000154954a32d0 flushing  nmethod 0x000001544254a710
Event: 8.427 Thread 0x00000154954a32d0 flushing  nmethod 0x000001544254e910
Event: 8.427 Thread 0x00000154954a32d0 flushing  nmethod 0x000001544254fc90
Event: 8.427 Thread 0x00000154954a32d0 flushing  nmethod 0x0000015442550010
Event: 8.427 Thread 0x00000154954a32d0 flushing  nmethod 0x0000015442577590
Event: 8.427 Thread 0x00000154954a32d0 flushing  nmethod 0x00000154425af410
Event: 8.427 Thread 0x00000154954a32d0 flushing  nmethod 0x00000154425b9e10
Event: 8.427 Thread 0x00000154954a32d0 flushing  nmethod 0x00000154425c6090
Event: 8.427 Thread 0x00000154954a32d0 flushing  nmethod 0x000001544260b990
Event: 8.427 Thread 0x00000154954a32d0 flushing  nmethod 0x0000015442630010
Event: 8.427 Thread 0x00000154954a32d0 flushing  nmethod 0x000001544264bd10
Event: 8.427 Thread 0x00000154954a32d0 flushing  nmethod 0x000001544264c390

Events (20 events):
Event: 7.312 Thread 0x000001549c6b6540 Thread exited: 0x000001549c6b6540
Event: 7.836 Thread 0x000001549bbf5c20 Thread added: 0x00000154a0c080f0
Event: 7.970 Thread 0x000001549bbf5c20 Thread added: 0x000001549d947ce0
Event: 8.044 Thread 0x000001549bbf5c20 Thread added: 0x000001549d944860
Event: 8.058 Thread 0x000001549bbf5c20 Thread added: 0x000001549d948370
Event: 8.142 Thread 0x000001549bbf5c20 Thread added: 0x000001549d948a00
Event: 8.153 Thread 0x000001549bbf5c20 Thread added: 0x000001549d949090
Event: 8.262 Thread 0x000001549bbf5c20 Thread added: 0x000001549d949db0
Event: 8.273 Thread 0x00000154955b0b50 Thread added: 0x000001549e5cfcf0
Event: 8.289 Thread 0x000001549bbf5c20 Thread added: 0x000001549d947650
Event: 8.664 Thread 0x000001549bbf5c20 Thread added: 0x000001549d943b40
Event: 8.683 Thread 0x000001549bbf5c20 Thread added: 0x000001549d94aad0
Event: 8.688 Thread 0x000001549bbf5c20 Thread added: 0x000001549d94a440
Event: 8.768 Thread 0x000001549bbf5c20 Thread added: 0x000001549d944ef0
Event: 8.790 Thread 0x000001549bbf5c20 Thread added: 0x000001549d94b160
Event: 8.795 Thread 0x000001549bbf5c20 Thread added: 0x000001549d9441d0
Event: 8.870 Thread 0x000001549bbf5c20 Thread added: 0x000001549d945c10
Event: 9.632 Thread 0x000001549bbf5c20 Thread added: 0x000001549d945580
Event: 9.725 Thread 0x000001549e5cfcf0 Thread exited: 0x000001549e5cfcf0
Event: 9.730 Thread 0x000001549bbf5c20 Thread added: 0x000001549d946fc0


Dynamic libraries:
0x00007ff66b7c0000 - 0x00007ff66b7ce000 	c:\Users\ASUS\.vscode\extensions\redhat.java-1.40.0-win32-x64\jre\21.0.6-win32-x86_64\bin\java.exe
0x00007ffa54df0000 - 0x00007ffa55007000 	C:\WINDOWS\SYSTEM32\ntdll.dll
0x00007ffa53560000 - 0x00007ffa53624000 	C:\WINDOWS\System32\KERNEL32.DLL
0x00007ffa52610000 - 0x00007ffa529e0000 	C:\WINDOWS\System32\KERNELBASE.dll
0x00007ffa52160000 - 0x00007ffa52271000 	C:\WINDOWS\System32\ucrtbase.dll
0x00007ffa34fa0000 - 0x00007ffa34fb8000 	c:\Users\ASUS\.vscode\extensions\redhat.java-1.40.0-win32-x64\jre\21.0.6-win32-x86_64\bin\jli.dll
0x00007ffa18e90000 - 0x00007ffa18eae000 	c:\Users\ASUS\.vscode\extensions\redhat.java-1.40.0-win32-x64\jre\21.0.6-win32-x86_64\bin\VCRUNTIME140.dll
0x00007ffa52e70000 - 0x00007ffa5301e000 	C:\WINDOWS\System32\USER32.dll
0x00007ffa52320000 - 0x00007ffa52346000 	C:\WINDOWS\System32\win32u.dll
0x00007ffa440a0000 - 0x00007ffa44332000 	C:\WINDOWS\WinSxS\amd64_microsoft.windows.common-controls_6595b64144ccf1df_6.0.22621.4830_none_270fe7d773858e80\COMCTL32.dll
0x00007ffa52db0000 - 0x00007ffa52dd9000 	C:\WINDOWS\System32\GDI32.dll
0x00007ffa534b0000 - 0x00007ffa53557000 	C:\WINDOWS\System32\msvcrt.dll
0x00007ffa52350000 - 0x00007ffa5246b000 	C:\WINDOWS\System32\gdi32full.dll
0x00007ffa52280000 - 0x00007ffa5231a000 	C:\WINDOWS\System32\msvcp_win.dll
0x00007ffa53040000 - 0x00007ffa53071000 	C:\WINDOWS\System32\IMM32.DLL
0x00007ffa3e8c0000 - 0x00007ffa3e8cc000 	c:\Users\ASUS\.vscode\extensions\redhat.java-1.40.0-win32-x64\jre\21.0.6-win32-x86_64\bin\vcruntime140_1.dll
0x00007ff9dff60000 - 0x00007ff9dffed000 	c:\Users\ASUS\.vscode\extensions\redhat.java-1.40.0-win32-x64\jre\21.0.6-win32-x86_64\bin\msvcp140.dll
0x00007ff9c7950000 - 0x00007ff9c86e0000 	c:\Users\ASUS\.vscode\extensions\redhat.java-1.40.0-win32-x64\jre\21.0.6-win32-x86_64\bin\server\jvm.dll
0x00007ffa531a0000 - 0x00007ffa53251000 	C:\WINDOWS\System32\ADVAPI32.dll
0x00007ffa542d0000 - 0x00007ffa54377000 	C:\WINDOWS\System32\sechost.dll
0x00007ffa52470000 - 0x00007ffa52498000 	C:\WINDOWS\System32\bcrypt.dll
0x00007ffa53080000 - 0x00007ffa53194000 	C:\WINDOWS\System32\RPCRT4.dll
0x00007ffa53630000 - 0x00007ffa536a1000 	C:\WINDOWS\System32\WS2_32.dll
0x00007ffa51dc0000 - 0x00007ffa51e0d000 	C:\WINDOWS\SYSTEM32\POWRPROF.dll
0x00007ffa49850000 - 0x00007ffa49884000 	C:\WINDOWS\SYSTEM32\WINMM.dll
0x00007ffa4c0c0000 - 0x00007ffa4c0ca000 	C:\WINDOWS\SYSTEM32\VERSION.dll
0x00007ffa51da0000 - 0x00007ffa51db3000 	C:\WINDOWS\SYSTEM32\UMPDC.dll
0x00007ffa510e0000 - 0x00007ffa510f8000 	C:\WINDOWS\SYSTEM32\kernel.appcore.dll
0x00007ffa34070000 - 0x00007ffa3407a000 	c:\Users\ASUS\.vscode\extensions\redhat.java-1.40.0-win32-x64\jre\21.0.6-win32-x86_64\bin\jimage.dll
0x00007ffa4aef0000 - 0x00007ffa4b122000 	C:\WINDOWS\SYSTEM32\DBGHELP.DLL
0x00007ffa545a0000 - 0x00007ffa54930000 	C:\WINDOWS\System32\combase.dll
0x00007ffa54080000 - 0x00007ffa54157000 	C:\WINDOWS\System32\OLEAUT32.dll
0x00007ffa48c50000 - 0x00007ffa48c82000 	C:\WINDOWS\SYSTEM32\dbgcore.DLL
0x00007ffa529e0000 - 0x00007ffa52a5b000 	C:\WINDOWS\System32\bcryptPrimitives.dll
0x00007ffa26da0000 - 0x00007ffa26daf000 	c:\Users\ASUS\.vscode\extensions\redhat.java-1.40.0-win32-x64\jre\21.0.6-win32-x86_64\bin\instrument.dll
0x00007ffa10910000 - 0x00007ffa1092f000 	c:\Users\ASUS\.vscode\extensions\redhat.java-1.40.0-win32-x64\jre\21.0.6-win32-x86_64\bin\java.dll
0x00007ffa536d0000 - 0x00007ffa53f48000 	C:\WINDOWS\System32\SHELL32.dll
0x00007ffa4fff0000 - 0x00007ffa50900000 	C:\WINDOWS\SYSTEM32\windows.storage.dll
0x00007ffa4feb0000 - 0x00007ffa4ffef000 	C:\WINDOWS\SYSTEM32\wintypes.dll
0x00007ffa54490000 - 0x00007ffa5459a000 	C:\WINDOWS\System32\SHCORE.dll
0x00007ffa53f50000 - 0x00007ffa53fae000 	C:\WINDOWS\System32\shlwapi.dll
0x00007ffa51fd0000 - 0x00007ffa51ffb000 	C:\WINDOWS\SYSTEM32\profapi.dll
0x00007ffa0aee0000 - 0x00007ffa0aef8000 	c:\Users\ASUS\.vscode\extensions\redhat.java-1.40.0-win32-x64\jre\21.0.6-win32-x86_64\bin\zip.dll
0x00007ffa268f0000 - 0x00007ffa26900000 	C:\Users\ASUS\.vscode\extensions\redhat.java-1.40.0-win32-x64\jre\21.0.6-win32-x86_64\bin\net.dll
0x00007ffa4f040000 - 0x00007ffa4f16c000 	C:\WINDOWS\SYSTEM32\WINHTTP.dll
0x00007ffa51560000 - 0x00007ffa515ca000 	C:\WINDOWS\system32\mswsock.dll
0x00007ff9fbb50000 - 0x00007ff9fbb66000 	C:\Users\ASUS\.vscode\extensions\redhat.java-1.40.0-win32-x64\jre\21.0.6-win32-x86_64\bin\nio.dll
0x00007ffa25050000 - 0x00007ffa25060000 	c:\Users\ASUS\.vscode\extensions\redhat.java-1.40.0-win32-x64\jre\21.0.6-win32-x86_64\bin\verify.dll
0x00007ff9e87b0000 - 0x00007ff9e87f5000 	C:\Users\ASUS\AppData\Roaming\Code\User\globalStorage\redhat.java\1.40.0\config_win\org.eclipse.equinox.launcher\org.eclipse.equinox.launcher.win32.win32.x86_64_1.2.1200.v20250212-0927\eclipse_11909.dll
0x00007ffa53270000 - 0x00007ffa53411000 	C:\WINDOWS\System32\ole32.dll
0x00007ffa517c0000 - 0x00007ffa517db000 	C:\WINDOWS\SYSTEM32\CRYPTSP.dll
0x00007ffa51040000 - 0x00007ffa51075000 	C:\WINDOWS\system32\rsaenh.dll
0x00007ffa51650000 - 0x00007ffa51678000 	C:\WINDOWS\SYSTEM32\USERENV.dll
0x00007ffa517b0000 - 0x00007ffa517bc000 	C:\WINDOWS\SYSTEM32\CRYPTBASE.dll
0x00007ffa50b50000 - 0x00007ffa50b7d000 	C:\WINDOWS\SYSTEM32\IPHLPAPI.DLL
0x00007ffa536c0000 - 0x00007ffa536c9000 	C:\WINDOWS\System32\NSI.dll
0x00007ffa34fe0000 - 0x00007ffa35029000 	C:\Users\ASUS\AppData\Local\Temp\jna-2018896\jna15570922847791478981.dll
0x00007ffa536b0000 - 0x00007ffa536b8000 	C:\WINDOWS\System32\PSAPI.DLL
0x00007ffa4e770000 - 0x00007ffa4e789000 	C:\WINDOWS\SYSTEM32\dhcpcsvc6.DLL
0x00007ffa4e710000 - 0x00007ffa4e72f000 	C:\WINDOWS\SYSTEM32\dhcpcsvc.DLL
0x00007ff9edbd0000 - 0x00007ff9edbf7000 	C:\Users\ASUS\.gradle\native\c067742578af261105cb4f569cf0c3c89f3d7b1fecec35dd04571415982c5e48\windows-amd64\native-platform.dll

dbghelp: loaded successfully - version: 4.0.5 - missing functions: none
symbol engine: initialized successfully - sym options: 0x614 - pdb path: .;c:\Users\ASUS\.vscode\extensions\redhat.java-1.40.0-win32-x64\jre\21.0.6-win32-x86_64\bin;C:\WINDOWS\SYSTEM32;C:\WINDOWS\WinSxS\amd64_microsoft.windows.common-controls_6595b64144ccf1df_6.0.22621.4830_none_270fe7d773858e80;c:\Users\ASUS\.vscode\extensions\redhat.java-1.40.0-win32-x64\jre\21.0.6-win32-x86_64\bin\server;C:\Users\ASUS\AppData\Roaming\Code\User\globalStorage\redhat.java\1.40.0\config_win\org.eclipse.equinox.launcher\org.eclipse.equinox.launcher.win32.win32.x86_64_1.2.1200.v20250212-0927;C:\Users\ASUS\AppData\Local\Temp\jna-2018896;C:\Users\ASUS\.gradle\native\c067742578af261105cb4f569cf0c3c89f3d7b1fecec35dd04571415982c5e48\windows-amd64

VM Arguments:
jvm_args: --add-modules=ALL-SYSTEM --add-opens=java.base/java.util=ALL-UNNAMED --add-opens=java.base/java.lang=ALL-UNNAMED --add-opens=java.base/sun.nio.fs=ALL-UNNAMED -Declipse.application=org.eclipse.jdt.ls.core.id1 -Dosgi.bundles.defaultStartLevel=4 -Declipse.product=org.eclipse.jdt.ls.core.product -Djava.import.generatesMetadataFilesAtProjectRoot=false -DDetectVMInstallationsJob.disabled=true -Dfile.encoding=utf8 -XX:+UseParallelGC -XX:GCTimeRatio=4 -XX:AdaptiveSizePolicyWeight=90 -Dsun.zip.disableMemoryMapping=true -Xmx1G -Xms100m -Xlog:disable -javaagent:c:\Users\ASUS\.vscode\extensions\redhat.java-1.40.0-win32-x64\lombok\lombok-1.18.36.jar -XX:+HeapDumpOnOutOfMemoryError -XX:HeapDumpPath=c:\Users\ASUS\AppData\Roaming\Code\User\workspaceStorage\a26ced7fe018b66e12da886babd7af56\redhat.java -Daether.dependencyCollector.impl=bf 
java_command: c:\Users\ASUS\.vscode\extensions\redhat.java-1.40.0-win32-x64\server\plugins\org.eclipse.equinox.launcher_1.6.1000.v20250131-0606.jar -configuration c:\Users\ASUS\AppData\Roaming\Code\User\globalStorage\redhat.java\1.40.0\config_win -data c:\Users\ASUS\AppData\Roaming\Code\User\workspaceStorage\a26ced7fe018b66e12da886babd7af56\redhat.java\jdt_ws --pipe=\\.\pipe\lsp-b845197835512289920cbf7d63fb624e-sock
java_class_path (initial): c:\Users\ASUS\.vscode\extensions\redhat.java-1.40.0-win32-x64\server\plugins\org.eclipse.equinox.launcher_1.6.1000.v20250131-0606.jar
Launcher Type: SUN_STANDARD

[Global flags]
    uintx AdaptiveSizePolicyWeight                 = 90                                        {product} {command line}
     intx CICompilerCount                          = 12                                        {product} {ergonomic}
    uintx GCTimeRatio                              = 4                                         {product} {command line}
     bool HeapDumpOnOutOfMemoryError               = true                                   {manageable} {command line}
    ccstr HeapDumpPath                             = c:\Users\ASUS\AppData\Roaming\Code\User\workspaceStorage\a26ced7fe018b66e12da886babd7af56\redhat.java         {manageable} {command line}
   size_t InitialHeapSize                          = 104857600                                 {product} {command line}
   size_t MaxHeapSize                              = 1073741824                                {product} {command line}
   size_t MaxNewSize                               = 357564416                                 {product} {ergonomic}
   size_t MinHeapDeltaBytes                        = 524288                                    {product} {ergonomic}
   size_t MinHeapSize                              = 104857600                                 {product} {command line}
   size_t NewSize                                  = 34603008                                  {product} {ergonomic}
    uintx NonNMethodCodeHeapSize                   = 7602480                                {pd product} {ergonomic}
    uintx NonProfiledCodeHeapSize                  = 122027880                              {pd product} {ergonomic}
   size_t OldSize                                  = 70254592                                  {product} {ergonomic}
    uintx ProfiledCodeHeapSize                     = 122027880                              {pd product} {ergonomic}
    uintx ReservedCodeCacheSize                    = 251658240                              {pd product} {ergonomic}
     bool SegmentedCodeCache                       = true                                      {product} {ergonomic}
   size_t SoftMaxHeapSize                          = 1073741824                             {manageable} {ergonomic}
     bool UseCompressedOops                        = true                           {product lp64_product} {ergonomic}
     bool UseLargePagesIndividualAllocation        = false                                  {pd product} {ergonomic}
     bool UseParallelGC                            = true                                      {product} {command line}

Logging:
Log output configuration:
 #0: stdout all=off uptime,level,tags foldmultilines=false
 #1: stderr all=off uptime,level,tags foldmultilines=false

Environment Variables:
PATH=C:\Program Files\Common Files\Oracle\Java\javapath;C:\Program Files (x86)\Common Files\Oracle\Java\java8path;C:\Program Files (x86)\Common Files\Oracle\Java\javapath;C:\ProgramData\Oracle\Java\javapath;C:\Windows\system32;C:\Windows;C:\Windows\System32\Wbem;C:\Windows\System32\WindowsPowerShell\v1.0\;C:\Windows\System32\OpenSSH\;C:\Program Files (x86)\NVIDIA Corporation\PhysX\Common;C:\WINDOWS\system32;C:\WINDOWS;C:\WINDOWS\System32\Wbem;C:\WINDOWS\System32\WindowsPowerShell\v1.0\;C:\WINDOWS\System32\OpenSSH\;C:\Program Files (x86)\Microsoft SQL Server\160\Tools\Binn\;C:\Program Files\Microsoft SQL Server\160\Tools\Binn\;C:\Program Files\Microsoft SQL Server\Client SDK\ODBC\170\Tools\Binn\;C:\Program Files\Microsoft SQL Server\160\DTS\Binn\;C:\Program Files (x86)\Microsoft SQL Server\160\DTS\Binn\;C:\Program Files\Azure Data Studio\bin;C:\Program Files\dotnet\;C:\Program Files\nodejs\;C:\Program Files\Git\cmd;C:\Program Files\NVIDIA Corporation\NVIDIA app\NvDLISR;C:\Program Files\Cloudflare\Cloudflare WARP\;C:\Program Files\MySQL\MySQL Shell 8.0\bin\;C:\Users\ASUS\AppData\Local\Microsoft\WindowsApps;C:\Program Files\Azure Data Studio\bin;C:\Users\ASUS\AppData\Local\Programs\Microsoft VS Code\bin;C:\Users\ASUS\AppData\Roaming\npm;C:\Program Files\Git\mingw64\bin\;
USERNAME=ASUS
OS=Windows_NT
PROCESSOR_IDENTIFIER=AMD64 Family 25 Model 68 Stepping 1, AuthenticAMD
TMP=C:\Users\ASUS\AppData\Local\Temp
TEMP=C:\Users\ASUS\AppData\Local\Temp




Periodic native trim disabled

---------------  S Y S T E M  ---------------

OS:
 Windows 11 , 64 bit Build 22621 (10.0.22621.4830)
OS uptime: 0 days 12:38 hours

CPU: total 16 (initial active 16) (16 cores per cpu, 2 threads per core) family 25 model 68 stepping 1 microcode 0x0, cx8, cmov, fxsr, ht, mmx, 3dnowpref, sse, sse2, sse3, ssse3, sse4a, sse4.1, sse4.2, popcnt, lzcnt, tsc, tscinvbit, avx, avx2, aes, clmul, bmi1, bmi2, adx, sha, fma, vzeroupper, clflush, clflushopt, rdtscp, rdpid, f16c, pku, cet_ss
Processor Information for the first 16 processors :
  Max Mhz: 3201, Current Mhz: 3201, Mhz Limit: 3201

Memory: 4k page, system-wide physical 15613M (1684M free)
TotalPageFile size 19709M (AvailPageFile size 4M)
current process WorkingSet (physical memory assigned to process): 916M, peak: 916M
current process commit charge ("private bytes"): 849M, peak: 1222M

vm_info: OpenJDK 64-Bit Server VM (21.0.6+7-LTS) for windows-amd64 JRE (21.0.6+7-LTS), built on 2025-01-21T00:00:00Z by "admin" with MS VC++ 17.7 (VS2022)

END.
