#
# There is insufficient memory for the Java Runtime Environment to continue.
# Native memory allocation (malloc) failed to allocate 892336 bytes. Error detail: Chunk::new
# Possible reasons:
#   The system is out of physical RAM or swap space
#   This process is running with CompressedOops enabled, and the Java Heap may be blocking the growth of the native heap
# Possible solutions:
#   Reduce memory load on the system
#   Increase physical memory or swap space
#   Check if swap backing store is full
#   Decrease Java heap size (-Xmx/-Xms)
#   Decrease number of Java threads
#   Decrease Java thread stack sizes (-Xss)
#   Set larger code cache with -XX:ReservedCodeCacheSize=
#   JVM is running with Unscaled Compressed Oops mode in which the Java heap is
#     placed in the first 4GB address space. The Java Heap base address is the
#     maximum limit for the native heap growth. Please use -XX:HeapBaseMinAddress
#     to set the Java Heap base and to place the Java Heap above 4GB virtual address.
# This output file may be truncated or incomplete.
#
#  Out of Memory Error (arena.cpp:168), pid=25420, tid=33704
#
# JRE version: OpenJDK Runtime Environment Temurin-21.0.6+7 (21.0.6+7) (build 21.0.6+7-LTS)
# Java VM: OpenJDK 64-Bit Server VM Temurin-21.0.6+7 (21.0.6+7-LTS, mixed mode, sharing, tiered, compressed oops, compressed class ptrs, parallel gc, windows-amd64)
# No core dump will be written. Minidumps are not enabled by default on client versions of Windows
#

---------------  S U M M A R Y ------------

Command Line: --add-modules=ALL-SYSTEM --add-opens=java.base/java.util=ALL-UNNAMED --add-opens=java.base/java.lang=ALL-UNNAMED --add-opens=java.base/sun.nio.fs=ALL-UNNAMED -Declipse.application=org.eclipse.jdt.ls.core.id1 -Dosgi.bundles.defaultStartLevel=4 -Declipse.product=org.eclipse.jdt.ls.core.product -Djava.import.generatesMetadataFilesAtProjectRoot=false -DDetectVMInstallationsJob.disabled=true -Dfile.encoding=utf8 -XX:+UseParallelGC -XX:GCTimeRatio=4 -XX:AdaptiveSizePolicyWeight=90 -Dsun.zip.disableMemoryMapping=true -Xmx1G -Xms100m -Xlog:disable -javaagent:c:\Users\ASUS\.cursor\extensions\redhat.java-1.40.0-win32-x64\lombok\lombok-1.18.36.jar c:\Users\ASUS\.cursor\extensions\redhat.java-1.40.0-win32-x64\server\plugins\org.eclipse.equinox.launcher_1.6.1000.v20250131-0606.jar -configuration c:\Users\ASUS\AppData\Roaming\Cursor\User\globalStorage\redhat.java\1.40.0\config_ss_win -data c:\Users\ASUS\AppData\Roaming\Cursor\User\workspaceStorage\a26ced7fe018b66e12da886babd7af56\redhat.java\ss_ws --pipe=\\.\pipe\lsp-f74b91bdbc75639d6d4e3dea7cde7713-sock

Host: AMD Ryzen 7 6800H with Radeon Graphics         , 16 cores, 15G,  Windows 11 , 64 bit Build 22621 (10.0.22621.4830)
Time: Wed Mar 12 06:26:39 2025 SE Asia Standard Time elapsed time: 13.470031 seconds (0d 0h 0m 13s)

---------------  T H R E A D  ---------------

Current thread (0x0000021ff81e7700):  JavaThread "C2 CompilerThread0" daemon [_thread_in_native, id=33704, stack(0x00000084aa300000,0x00000084aa400000) (1024K)]


Current CompileTask:
C2:13470 7485   !   4       org.eclipse.osgi.internal.loader.classpath.ClasspathManager::defineClass (636 bytes)

Stack: [0x00000084aa300000,0x00000084aa400000]
Native frames: (J=compiled Java code, j=interpreted, Vv=VM code, C=native code)
V  [jvm.dll+0x6cdee9]
V  [jvm.dll+0x8a83d1]
V  [jvm.dll+0x8aa8fe]
V  [jvm.dll+0x8aafe3]
V  [jvm.dll+0x27f706]
V  [jvm.dll+0xc500d]
V  [jvm.dll+0xc5543]
V  [jvm.dll+0x2f2acd]
V  [jvm.dll+0x5f6a2a]
V  [jvm.dll+0x250bb2]
V  [jvm.dll+0x250f6f]
V  [jvm.dll+0x249834]
V  [jvm.dll+0x246ec4]
V  [jvm.dll+0x1c75ee]
V  [jvm.dll+0x25685a]
V  [jvm.dll+0x254dfa]
V  [jvm.dll+0x3f0256]
V  [jvm.dll+0x851f8b]
V  [jvm.dll+0x6cc5ed]
C  [ucrtbase.dll+0x29333]
C  [KERNEL32.DLL+0x1259d]
C  [ntdll.dll+0x5af38]


---------------  P R O C E S S  ---------------

Threads class SMR info:
_java_thread_list=0x0000021fe0837cd0, length=52, elements={
0x0000021ff2e14cf0, 0x0000021ff81d9360, 0x0000021ff2ebc570, 0x0000021ff2ebe3c0,
0x0000021ff81de5a0, 0x0000021ff81e0ab0, 0x0000021ff81e1f80, 0x0000021ff81e7700,
0x0000021ff81e9ba0, 0x0000021ff97c48e0, 0x0000021ff97c92e0, 0x0000021ff97cd140,
0x0000021fff0145a0, 0x0000021fd01bae00, 0x0000021fff7d8c50, 0x0000021fd027d3f0,
0x0000021fd01814a0, 0x0000021fd025bbd0, 0x0000021fd07bbbc0, 0x0000021fd07bc220,
0x0000021fd07320f0, 0x0000021fd0732780, 0x0000021fd072f990, 0x0000021fd07313d0,
0x0000021fd0731a60, 0x0000021fd0730020, 0x0000021fd07306b0, 0x0000021fd072f300,
0x0000021fd0730d40, 0x0000021fd26e6950, 0x0000021fd26e6fe0, 0x0000021fd26e9740,
0x0000021fd26eb180, 0x0000021fd26ecbc0, 0x0000021fd26e62c0, 0x0000021fd26eb810,
0x0000021fd26e7670, 0x0000021fd26e5c30, 0x0000021fd26ebea0, 0x0000021fd26e7d00,
0x0000021fd26e8390, 0x0000021fd26ed250, 0x0000021fd26e8a20, 0x0000021fd26ec530,
0x0000021fd26e9dd0, 0x0000021fd26ea460, 0x0000021fd26eaaf0, 0x0000021fd2d92580,
0x0000021fd26e2180, 0x0000021fd26e3cc0, 0x0000021fd2d91860, 0x0000021fd2d8d6c0
}

Java Threads: ( => current thread )
  0x0000021ff2e14cf0 JavaThread "main"                              [_thread_blocked, id=29028, stack(0x00000084a9900000,0x00000084a9a00000) (1024K)]
  0x0000021ff81d9360 JavaThread "Reference Handler"          daemon [_thread_blocked, id=28396, stack(0x00000084a9d00000,0x00000084a9e00000) (1024K)]
  0x0000021ff2ebc570 JavaThread "Finalizer"                  daemon [_thread_blocked, id=33916, stack(0x00000084a9e00000,0x00000084a9f00000) (1024K)]
  0x0000021ff2ebe3c0 JavaThread "Signal Dispatcher"          daemon [_thread_blocked, id=23060, stack(0x00000084a9f00000,0x00000084aa000000) (1024K)]
  0x0000021ff81de5a0 JavaThread "Attach Listener"            daemon [_thread_blocked, id=29204, stack(0x00000084aa000000,0x00000084aa100000) (1024K)]
  0x0000021ff81e0ab0 JavaThread "Service Thread"             daemon [_thread_blocked, id=12304, stack(0x00000084aa100000,0x00000084aa200000) (1024K)]
  0x0000021ff81e1f80 JavaThread "Monitor Deflation Thread"   daemon [_thread_blocked, id=20560, stack(0x00000084aa200000,0x00000084aa300000) (1024K)]
=>0x0000021ff81e7700 JavaThread "C2 CompilerThread0"         daemon [_thread_in_native, id=33704, stack(0x00000084aa300000,0x00000084aa400000) (1024K)]
  0x0000021ff81e9ba0 JavaThread "C1 CompilerThread0"         daemon [_thread_blocked, id=27652, stack(0x00000084aa400000,0x00000084aa500000) (1024K)]
  0x0000021ff97c48e0 JavaThread "Common-Cleaner"             daemon [_thread_blocked, id=23224, stack(0x00000084aa500000,0x00000084aa600000) (1024K)]
  0x0000021ff97c92e0 JavaThread "C1 CompilerThread1"         daemon [_thread_blocked, id=5096, stack(0x00000084aa600000,0x00000084aa700000) (1024K)]
  0x0000021ff97cd140 JavaThread "C1 CompilerThread2"         daemon [_thread_blocked, id=23920, stack(0x00000084aa700000,0x00000084aa800000) (1024K)]
  0x0000021fff0145a0 JavaThread "Notification Thread"        daemon [_thread_blocked, id=7068, stack(0x00000084aaa00000,0x00000084aab00000) (1024K)]
  0x0000021fd01bae00 JavaThread "Active Thread: Equinox Container: 17daf165-42e6-4705-be76-a47410c4a34f"        [_thread_blocked, id=19400, stack(0x00000084ab200000,0x00000084ab300000) (1024K)]
  0x0000021fff7d8c50 JavaThread "Framework Event Dispatcher: Equinox Container: 17daf165-42e6-4705-be76-a47410c4a34f" daemon [_thread_blocked, id=34012, stack(0x00000084ab300000,0x00000084ab400000) (1024K)]
  0x0000021fd027d3f0 JavaThread "Start Level: Equinox Container: 17daf165-42e6-4705-be76-a47410c4a34f" daemon [_thread_blocked, id=30996, stack(0x00000084ab400000,0x00000084ab500000) (1024K)]
  0x0000021fd01814a0 JavaThread "SCR Component Actor"        daemon [_thread_blocked, id=16100, stack(0x00000084ab700000,0x00000084ab800000) (1024K)]
  0x0000021fd025bbd0 JavaThread "Worker-JM"                         [_thread_blocked, id=1056, stack(0x00000084ab900000,0x00000084aba00000) (1024K)]
  0x0000021fd07bbbc0 JavaThread "JNA Cleaner"                daemon [_thread_blocked, id=6004, stack(0x00000084abc00000,0x00000084abd00000) (1024K)]
  0x0000021fd07bc220 JavaThread "Worker-0"                          [_thread_blocked, id=32996, stack(0x00000084abd00000,0x00000084abe00000) (1024K)]
  0x0000021fd07320f0 JavaThread "Worker-1"                          [_thread_blocked, id=12580, stack(0x00000084abe00000,0x00000084abf00000) (1024K)]
  0x0000021fd0732780 JavaThread "Thread-2"                   daemon [_thread_in_native, id=16088, stack(0x00000084ac200000,0x00000084ac300000) (1024K)]
  0x0000021fd072f990 JavaThread "Thread-3"                   daemon [_thread_in_native, id=28828, stack(0x00000084ac300000,0x00000084ac400000) (1024K)]
  0x0000021fd07313d0 JavaThread "Thread-4"                   daemon [_thread_in_native, id=14248, stack(0x00000084ac400000,0x00000084ac500000) (1024K)]
  0x0000021fd0731a60 JavaThread "Thread-5"                   daemon [_thread_in_native, id=7116, stack(0x00000084ac500000,0x00000084ac600000) (1024K)]
  0x0000021fd0730020 JavaThread "Thread-6"                   daemon [_thread_in_native, id=8352, stack(0x00000084ac600000,0x00000084ac700000) (1024K)]
  0x0000021fd07306b0 JavaThread "Thread-7"                   daemon [_thread_in_native, id=5780, stack(0x00000084ac700000,0x00000084ac800000) (1024K)]
  0x0000021fd072f300 JavaThread "Thread-8"                   daemon [_thread_in_native, id=28928, stack(0x00000084ac800000,0x00000084ac900000) (1024K)]
  0x0000021fd0730d40 JavaThread "Thread-9"                   daemon [_thread_in_native, id=33640, stack(0x00000084ac900000,0x00000084aca00000) (1024K)]
  0x0000021fd26e6950 JavaThread "Thread-10"                  daemon [_thread_in_native, id=31352, stack(0x00000084aca00000,0x00000084acb00000) (1024K)]
  0x0000021fd26e6fe0 JavaThread "Thread-11"                  daemon [_thread_in_native, id=28356, stack(0x00000084acb00000,0x00000084acc00000) (1024K)]
  0x0000021fd26e9740 JavaThread "Thread-12"                  daemon [_thread_in_native, id=23480, stack(0x00000084acc00000,0x00000084acd00000) (1024K)]
  0x0000021fd26eb180 JavaThread "Thread-13"                  daemon [_thread_in_native, id=3784, stack(0x00000084acd00000,0x00000084ace00000) (1024K)]
  0x0000021fd26ecbc0 JavaThread "Thread-14"                  daemon [_thread_in_native, id=23440, stack(0x00000084ace00000,0x00000084acf00000) (1024K)]
  0x0000021fd26e62c0 JavaThread "Thread-15"                  daemon [_thread_in_native, id=29832, stack(0x00000084acf00000,0x00000084ad000000) (1024K)]
  0x0000021fd26eb810 JavaThread "Thread-16"                  daemon [_thread_in_native, id=30032, stack(0x00000084ad000000,0x00000084ad100000) (1024K)]
  0x0000021fd26e7670 JavaThread "Thread-17"                  daemon [_thread_in_native, id=2436, stack(0x00000084ad100000,0x00000084ad200000) (1024K)]
  0x0000021fd26e5c30 JavaThread "Thread-18"                  daemon [_thread_in_native, id=1388, stack(0x00000084ad200000,0x00000084ad300000) (1024K)]
  0x0000021fd26ebea0 JavaThread "pool-2-thread-1"                   [_thread_blocked, id=19980, stack(0x00000084ad300000,0x00000084ad400000) (1024K)]
  0x0000021fd26e7d00 JavaThread "Worker-2"                          [_thread_blocked, id=31240, stack(0x00000084ad400000,0x00000084ad500000) (1024K)]
  0x0000021fd26e8390 JavaThread "Worker-3"                          [_thread_blocked, id=5820, stack(0x00000084ad500000,0x00000084ad600000) (1024K)]
  0x0000021fd26ed250 JavaThread "WorkspaceEventsHandler"            [_thread_blocked, id=34148, stack(0x00000084ad600000,0x00000084ad700000) (1024K)]
  0x0000021fd26e8a20 JavaThread "pool-1-thread-1"                   [_thread_blocked, id=13188, stack(0x00000084ad700000,0x00000084ad800000) (1024K)]
  0x0000021fd26ec530 JavaThread "ForkJoinPool.commonPool-worker-1" daemon [_thread_blocked, id=22372, stack(0x00000084ad800000,0x00000084ad900000) (1024K)]
  0x0000021fd26e9dd0 JavaThread "ForkJoinPool.commonPool-worker-2" daemon [_thread_blocked, id=21960, stack(0x00000084ad900000,0x00000084ada00000) (1024K)]
  0x0000021fd26ea460 JavaThread "ForkJoinPool.commonPool-worker-3" daemon [_thread_blocked, id=12968, stack(0x00000084adc00000,0x00000084add00000) (1024K)]
  0x0000021fd26eaaf0 JavaThread "ForkJoinPool.commonPool-worker-4" daemon [_thread_blocked, id=22860, stack(0x00000084add00000,0x00000084ade00000) (1024K)]
  0x0000021fd2d92580 JavaThread "pool-3-thread-1"                   [_thread_blocked, id=28248, stack(0x00000084aa800000,0x00000084aa900000) (1024K)]
  0x0000021fd26e2180 JavaThread "C2 CompilerThread1"         daemon [_thread_blocked, id=3788, stack(0x00000084aa900000,0x00000084aaa00000) (1024K)]
  0x0000021fd26e3cc0 JavaThread "C2 CompilerThread2"         daemon [_thread_blocked, id=4272, stack(0x00000084aab00000,0x00000084aac00000) (1024K)]
  0x0000021fd2d91860 JavaThread "Framework stop - Equinox Container: 17daf165-42e6-4705-be76-a47410c4a34f"        [_thread_in_vm, id=30668, stack(0x00000084ab100000,0x00000084ab200000) (1024K)]
  0x0000021fd2d8d6c0 JavaThread "SCR Component Registry"     daemon [_thread_blocked, id=2620, stack(0x00000084ab800000,0x00000084ab900000) (1024K)]
Total: 52

Other Threads:
  0x0000021ff2eaabf0 VMThread "VM Thread"                           [id=15304, stack(0x00000084a9c00000,0x00000084a9d00000) (1024K)]
  0x0000021ff80cc180 WatcherThread "VM Periodic Task Thread"        [id=30648, stack(0x00000084a9b00000,0x00000084a9c00000) (1024K)]
  0x0000021ff2e2c9d0 WorkerThread "GC Thread#0"                     [id=1384, stack(0x00000084a9a00000,0x00000084a9b00000) (1024K)]
  0x0000021fd00715e0 WorkerThread "GC Thread#1"                     [id=16288, stack(0x00000084aac00000,0x00000084aad00000) (1024K)]
  0x0000021fff1c04a0 WorkerThread "GC Thread#2"                     [id=23792, stack(0x00000084aad00000,0x00000084aae00000) (1024K)]
  0x0000021fff62f2f0 WorkerThread "GC Thread#3"                     [id=24296, stack(0x00000084aae00000,0x00000084aaf00000) (1024K)]
  0x0000021fff62f690 WorkerThread "GC Thread#4"                     [id=20184, stack(0x00000084aaf00000,0x00000084ab000000) (1024K)]
  0x0000021fff6ec6f0 WorkerThread "GC Thread#5"                     [id=3228, stack(0x00000084ab000000,0x00000084ab100000) (1024K)]
  0x0000021fd019eca0 WorkerThread "GC Thread#6"                     [id=12700, stack(0x00000084ab500000,0x00000084ab600000) (1024K)]
  0x0000021fd03e2b50 WorkerThread "GC Thread#7"                     [id=31112, stack(0x00000084ab600000,0x00000084ab700000) (1024K)]
  0x0000021fd016d380 WorkerThread "GC Thread#8"                     [id=33692, stack(0x00000084aba00000,0x00000084abb00000) (1024K)]
  0x0000021fd016d720 WorkerThread "GC Thread#9"                     [id=29080, stack(0x00000084abb00000,0x00000084abc00000) (1024K)]
  0x0000021fd016de60 WorkerThread "GC Thread#10"                    [id=26792, stack(0x00000084abf00000,0x00000084ac000000) (1024K)]
  0x0000021fd016e5a0 WorkerThread "GC Thread#11"                    [id=14764, stack(0x00000084ac000000,0x00000084ac100000) (1024K)]
  0x0000021fd016e200 WorkerThread "GC Thread#12"                    [id=2476, stack(0x00000084ac100000,0x00000084ac200000) (1024K)]
Total: 15

Threads with active compile tasks:
C2 CompilerThread0  13504 7485   !   4       org.eclipse.osgi.internal.loader.classpath.ClasspathManager::defineClass (636 bytes)
Total: 1

VM state: not at safepoint (normal execution)

VM Mutex/Monitor currently owned by a thread:  ([mutex/lock_event])
[0x00007fff426ee280] CodeCache_lock - owner thread: 0x0000021fd2d91860

Heap address: 0x00000000c0000000, size: 1024 MB, Compressed Oops mode: 32-bit

CDS archive(s) mapped at: [0x0000021f8f000000-0x0000021f8fba0000-0x0000021f8fba0000), size 12189696, SharedBaseAddress: 0x0000021f8f000000, ArchiveRelocationMode: 1.
Compressed class space mapped at: 0x0000021f90000000-0x0000021fd0000000, reserved size: 1073741824
Narrow klass base: 0x0000021f8f000000, Narrow klass shift: 0, Narrow klass range: 0x100000000

GC Precious Log:
 CardTable entry size: 512
 CPUs: 16 total, 16 available
 Memory: 15613M
 Large Page Support: Disabled
 NUMA Support: Disabled
 Compressed Oops: Enabled (32-bit)
 Alignments: Space 512K, Generation 512K, Heap 2M
 Heap Min Capacity: 100M
 Heap Initial Capacity: 100M
 Heap Max Capacity: 1G
 Pre-touch: Disabled
 Parallel Workers: 13

Heap:
 PSYoungGen      total 26112K, used 22804K [0x00000000eab00000, 0x00000000ec880000, 0x0000000100000000)
  eden space 22016K, 87% used [0x00000000eab00000,0x00000000ebdbb210,0x00000000ec080000)
  from space 4096K, 88% used [0x00000000ec480000,0x00000000ec809e60,0x00000000ec880000)
  to   space 4096K, 0% used [0x00000000ec080000,0x00000000ec080000,0x00000000ec480000)
 ParOldGen       total 68608K, used 35291K [0x00000000c0000000, 0x00000000c4300000, 0x00000000eab00000)
  object space 68608K, 51% used [0x00000000c0000000,0x00000000c2276cc0,0x00000000c4300000)
 Metaspace       used 44497K, committed 45632K, reserved 1114112K
  class space    used 4285K, committed 4800K, reserved 1048576K

Card table byte_map: [0x0000021ff27d0000,0x0000021ff29e0000] _byte_map_base: 0x0000021ff21d0000

Marking Bits: (ParMarkBitMap*) 0x00007fff426f3260
 Begin Bits: [0x0000021ff5ff0000, 0x0000021ff6ff0000)
 End Bits:   [0x0000021ff6ff0000, 0x0000021ff7ff0000)

Polling page: 0x0000021ff25c0000

Metaspace:

Usage:
  Non-class:     39.27 MB used.
      Class:      4.19 MB used.
       Both:     43.45 MB used.

Virtual space:
  Non-class space:       64.00 MB reserved,      39.88 MB ( 62%) committed,  1 nodes.
      Class space:        1.00 GB reserved,       4.69 MB ( <1%) committed,  1 nodes.
             Both:        1.06 GB reserved,      44.56 MB (  4%) committed. 

Chunk freelists:
   Non-Class:  7.91 MB
       Class:  11.16 MB
        Both:  19.07 MB

MaxMetaspaceSize: unlimited
CompressedClassSpaceSize: 1.00 GB
Initial GC threshold: 21.00 MB
Current GC threshold: 58.38 MB
CDS: on
 - commit_granule_bytes: 65536.
 - commit_granule_words: 8192.
 - virtual_space_node_default_size: 8388608.
 - enlarge_chunks_in_place: 1.
 - use_allocation_guard: 0.


Internal statistics:

num_allocs_failed_limit: 6.
num_arena_births: 1018.
num_arena_deaths: 106.
num_vsnodes_births: 2.
num_vsnodes_deaths: 0.
num_space_committed: 713.
num_space_uncommitted: 0.
num_chunks_returned_to_freelist: 150.
num_chunks_taken_from_freelist: 3141.
num_chunk_merges: 39.
num_chunk_splits: 1883.
num_chunks_enlarged: 1039.
num_inconsistent_stats: 0.

CodeHeap 'non-profiled nmethods': size=119168Kb used=5409Kb max_used=5409Kb free=113759Kb
 bounds [0x0000021f87ba0000, 0x0000021f880f0000, 0x0000021f8f000000]
CodeHeap 'profiled nmethods': size=119104Kb used=17100Kb max_used=17100Kb free=102003Kb
 bounds [0x0000021f80000000, 0x0000021f810c0000, 0x0000021f87450000]
CodeHeap 'non-nmethods': size=7488Kb used=2541Kb max_used=3202Kb free=4946Kb
 bounds [0x0000021f87450000, 0x0000021f87790000, 0x0000021f87ba0000]
 total_blobs=7927 nmethods=7203 adapters=627
 compilation: enabled
              stopped_count=0, restarted_count=0
 full_count=0

Compilation events (20 events):
Event: 13.463 Thread 0x0000021ff97c92e0 nmethod 7588 0x0000021f810a6190 code [0x0000021f810a63a0, 0x0000021f810a68c0]
Event: 13.464 Thread 0x0000021ff97c92e0 7590       3       java.io.File::hashCode (8 bytes)
Event: 13.465 Thread 0x0000021ff97c92e0 nmethod 7590 0x0000021f810a6b10 code [0x0000021f810a6d00, 0x0000021f810a70d8]
Event: 13.465 Thread 0x0000021fd26e3cc0 nmethod 7589 0x0000021f880e5d10 code [0x0000021f880e5ec0, 0x0000021f880e6268]
Event: 13.465 Thread 0x0000021ff81e9ba0 7591       1       org.apache.felix.scr.impl.inject.methods.BaseMethod::getMethodName (5 bytes)
Event: 13.465 Thread 0x0000021ff81e9ba0 nmethod 7591 0x0000021f880e6510 code [0x0000021f880e66a0, 0x0000021f880e6768]
Event: 13.466 Thread 0x0000021ff97c92e0 7592       1       org.eclipse.core.internal.jobs.InternalJob::next (5 bytes)
Event: 13.466 Thread 0x0000021fd26e3cc0 7593       4       jdk.internal.misc.VM::isJavaLangInvokeInited (4 bytes)
Event: 13.466 Thread 0x0000021ff97c92e0 nmethod 7592 0x0000021f880e6810 code [0x0000021f880e69a0, 0x0000021f880e6a68]
Event: 13.466 Thread 0x0000021ff97cd140 7594       1       org.apache.felix.scr.impl.manager.ConfigurableComponentHolder::getActivator (5 bytes)
Event: 13.466 Thread 0x0000021ff97cd140 nmethod 7594 0x0000021f880e6b10 code [0x0000021f880e6ca0, 0x0000021f880e6d68]
Event: 13.466 Thread 0x0000021fd26e3cc0 nmethod 7593 0x0000021f880e6e10 code [0x0000021f880e6f80, 0x0000021f880e6ff0]
Event: 13.467 Thread 0x0000021fd26e3cc0 7595       4       java.lang.Class::getReflectionFactory (28 bytes)
Event: 13.467 Thread 0x0000021fd26e3cc0 nmethod 7595 0x0000021f880e7110 code [0x0000021f880e72a0, 0x0000021f880e7338]
Event: 13.468 Thread 0x0000021ff81e9ba0 7596       1       org.apache.felix.scr.impl.manager.ServiceTracker::tracked (5 bytes)
Event: 13.468 Thread 0x0000021ff81e9ba0 nmethod 7596 0x0000021f880e7410 code [0x0000021f880e75a0, 0x0000021f880e7668]
Event: 13.468 Thread 0x0000021ff81e9ba0 7597       3       org.apache.felix.scr.impl.logger.ScrLogManager$ScrLoggerFacade::log (25 bytes)
Event: 13.468 Thread 0x0000021ff81e9ba0 nmethod 7597 0x0000021f810a7290 code [0x0000021f810a7460, 0x0000021f810a7738]
Event: 13.468 Thread 0x0000021ff97c92e0 7598       1       org.eclipse.core.internal.dtree.AbstractDataTree::isImmutable (5 bytes)
Event: 13.469 Thread 0x0000021ff97c92e0 nmethod 7598 0x0000021f880e7710 code [0x0000021f880e78a0, 0x0000021f880e7970]

GC Heap History (20 events):
Event: 3.486 GC heap before
{Heap before GC invocations=17 (full 1):
 PSYoungGen      total 24576K, used 24291K [0x00000000eab00000, 0x00000000ec580000, 0x0000000100000000)
  eden space 22016K, 99% used [0x00000000eab00000,0x00000000ec06ec98,0x00000000ec080000)
  from space 2560K, 91% used [0x00000000ec080000,0x00000000ec2ca230,0x00000000ec300000)
  to   space 2560K, 0% used [0x00000000ec300000,0x00000000ec300000,0x00000000ec580000)
 ParOldGen       total 68608K, used 27403K [0x00000000c0000000, 0x00000000c4300000, 0x00000000eab00000)
  object space 68608K, 39% used [0x00000000c0000000,0x00000000c1ac2ec8,0x00000000c4300000)
 Metaspace       used 34749K, committed 35776K, reserved 1114112K
  class space    used 3399K, committed 3840K, reserved 1048576K
}
Event: 3.488 GC heap after
{Heap after GC invocations=17 (full 1):
 PSYoungGen      total 24576K, used 2055K [0x00000000eab00000, 0x00000000ec580000, 0x0000000100000000)
  eden space 22016K, 0% used [0x00000000eab00000,0x00000000eab00000,0x00000000ec080000)
  from space 2560K, 80% used [0x00000000ec300000,0x00000000ec501c40,0x00000000ec580000)
  to   space 2560K, 0% used [0x00000000ec080000,0x00000000ec080000,0x00000000ec300000)
 ParOldGen       total 68608K, used 29363K [0x00000000c0000000, 0x00000000c4300000, 0x00000000eab00000)
  object space 68608K, 42% used [0x00000000c0000000,0x00000000c1cacca0,0x00000000c4300000)
 Metaspace       used 34749K, committed 35776K, reserved 1114112K
  class space    used 3399K, committed 3840K, reserved 1048576K
}
Event: 3.569 GC heap before
{Heap before GC invocations=18 (full 1):
 PSYoungGen      total 24576K, used 24071K [0x00000000eab00000, 0x00000000ec580000, 0x0000000100000000)
  eden space 22016K, 100% used [0x00000000eab00000,0x00000000ec080000,0x00000000ec080000)
  from space 2560K, 80% used [0x00000000ec300000,0x00000000ec501c40,0x00000000ec580000)
  to   space 2560K, 0% used [0x00000000ec080000,0x00000000ec080000,0x00000000ec300000)
 ParOldGen       total 68608K, used 29363K [0x00000000c0000000, 0x00000000c4300000, 0x00000000eab00000)
  object space 68608K, 42% used [0x00000000c0000000,0x00000000c1cacca0,0x00000000c4300000)
 Metaspace       used 34759K, committed 35776K, reserved 1114112K
  class space    used 3399K, committed 3840K, reserved 1048576K
}
Event: 3.570 GC heap after
{Heap after GC invocations=18 (full 1):
 PSYoungGen      total 23552K, used 1418K [0x00000000eab00000, 0x00000000ec480000, 0x0000000100000000)
  eden space 22016K, 0% used [0x00000000eab00000,0x00000000eab00000,0x00000000ec080000)
  from space 1536K, 92% used [0x00000000ec080000,0x00000000ec1e28f8,0x00000000ec200000)
  to   space 2048K, 0% used [0x00000000ec280000,0x00000000ec280000,0x00000000ec480000)
 ParOldGen       total 68608K, used 30586K [0x00000000c0000000, 0x00000000c4300000, 0x00000000eab00000)
  object space 68608K, 44% used [0x00000000c0000000,0x00000000c1dde9d8,0x00000000c4300000)
 Metaspace       used 34759K, committed 35776K, reserved 1114112K
  class space    used 3399K, committed 3840K, reserved 1048576K
}
Event: 3.577 GC heap before
{Heap before GC invocations=19 (full 1):
 PSYoungGen      total 23552K, used 3785K [0x00000000eab00000, 0x00000000ec480000, 0x0000000100000000)
  eden space 22016K, 10% used [0x00000000eab00000,0x00000000ead4fec8,0x00000000ec080000)
  from space 1536K, 92% used [0x00000000ec080000,0x00000000ec1e28f8,0x00000000ec200000)
  to   space 2048K, 0% used [0x00000000ec280000,0x00000000ec280000,0x00000000ec480000)
 ParOldGen       total 68608K, used 30586K [0x00000000c0000000, 0x00000000c4300000, 0x00000000eab00000)
  object space 68608K, 44% used [0x00000000c0000000,0x00000000c1dde9d8,0x00000000c4300000)
 Metaspace       used 34875K, committed 35840K, reserved 1114112K
  class space    used 3399K, committed 3840K, reserved 1048576K
}
Event: 3.577 GC heap after
{Heap after GC invocations=19 (full 1):
 PSYoungGen      total 22528K, used 0K [0x00000000eab00000, 0x00000000ec300000, 0x0000000100000000)
  eden space 22016K, 0% used [0x00000000eab00000,0x00000000eab00000,0x00000000ec080000)
  from space 512K, 0% used [0x00000000ec280000,0x00000000ec280000,0x00000000ec300000)
  to   space 1024K, 0% used [0x00000000ec100000,0x00000000ec100000,0x00000000ec200000)
 ParOldGen       total 68608K, used 30634K [0x00000000c0000000, 0x00000000c4300000, 0x00000000eab00000)
  object space 68608K, 44% used [0x00000000c0000000,0x00000000c1dea9d8,0x00000000c4300000)
 Metaspace       used 34875K, committed 35840K, reserved 1114112K
  class space    used 3399K, committed 3840K, reserved 1048576K
}
Event: 3.577 GC heap before
{Heap before GC invocations=20 (full 2):
 PSYoungGen      total 22528K, used 0K [0x00000000eab00000, 0x00000000ec300000, 0x0000000100000000)
  eden space 22016K, 0% used [0x00000000eab00000,0x00000000eab00000,0x00000000ec080000)
  from space 512K, 0% used [0x00000000ec280000,0x00000000ec280000,0x00000000ec300000)
  to   space 1024K, 0% used [0x00000000ec100000,0x00000000ec100000,0x00000000ec200000)
 ParOldGen       total 68608K, used 30634K [0x00000000c0000000, 0x00000000c4300000, 0x00000000eab00000)
  object space 68608K, 44% used [0x00000000c0000000,0x00000000c1dea9d8,0x00000000c4300000)
 Metaspace       used 34875K, committed 35840K, reserved 1114112K
  class space    used 3399K, committed 3840K, reserved 1048576K
}
Event: 3.622 GC heap after
{Heap after GC invocations=20 (full 2):
 PSYoungGen      total 22528K, used 0K [0x00000000eab00000, 0x00000000ec300000, 0x0000000100000000)
  eden space 22016K, 0% used [0x00000000eab00000,0x00000000eab00000,0x00000000ec080000)
  from space 512K, 0% used [0x00000000ec280000,0x00000000ec280000,0x00000000ec300000)
  to   space 1024K, 0% used [0x00000000ec100000,0x00000000ec100000,0x00000000ec200000)
 ParOldGen       total 68608K, used 29096K [0x00000000c0000000, 0x00000000c4300000, 0x00000000eab00000)
  object space 68608K, 42% used [0x00000000c0000000,0x00000000c1c6a138,0x00000000c4300000)
 Metaspace       used 34794K, committed 35840K, reserved 1114112K
  class space    used 3376K, committed 3840K, reserved 1048576K
}
Event: 4.019 GC heap before
{Heap before GC invocations=21 (full 2):
 PSYoungGen      total 22528K, used 21964K [0x00000000eab00000, 0x00000000ec300000, 0x0000000100000000)
  eden space 22016K, 99% used [0x00000000eab00000,0x00000000ec0733a8,0x00000000ec080000)
  from space 512K, 0% used [0x00000000ec280000,0x00000000ec280000,0x00000000ec300000)
  to   space 1024K, 0% used [0x00000000ec100000,0x00000000ec100000,0x00000000ec200000)
 ParOldGen       total 68608K, used 29096K [0x00000000c0000000, 0x00000000c4300000, 0x00000000eab00000)
  object space 68608K, 42% used [0x00000000c0000000,0x00000000c1c6a138,0x00000000c4300000)
 Metaspace       used 36501K, committed 37440K, reserved 1114112K
  class space    used 3582K, committed 4032K, reserved 1048576K
}
Event: 4.021 GC heap after
{Heap after GC invocations=21 (full 2):
 PSYoungGen      total 23040K, used 576K [0x00000000eab00000, 0x00000000ec300000, 0x0000000100000000)
  eden space 22016K, 0% used [0x00000000eab00000,0x00000000eab00000,0x00000000ec080000)
  from space 1024K, 56% used [0x00000000ec100000,0x00000000ec190000,0x00000000ec200000)
  to   space 1024K, 0% used [0x00000000ec200000,0x00000000ec200000,0x00000000ec300000)
 ParOldGen       total 68608K, used 29104K [0x00000000c0000000, 0x00000000c4300000, 0x00000000eab00000)
  object space 68608K, 42% used [0x00000000c0000000,0x00000000c1c6c138,0x00000000c4300000)
 Metaspace       used 36501K, committed 37440K, reserved 1114112K
  class space    used 3582K, committed 4032K, reserved 1048576K
}
Event: 4.372 GC heap before
{Heap before GC invocations=22 (full 2):
 PSYoungGen      total 23040K, used 22592K [0x00000000eab00000, 0x00000000ec300000, 0x0000000100000000)
  eden space 22016K, 100% used [0x00000000eab00000,0x00000000ec080000,0x00000000ec080000)
  from space 1024K, 56% used [0x00000000ec100000,0x00000000ec190000,0x00000000ec200000)
  to   space 1024K, 0% used [0x00000000ec200000,0x00000000ec200000,0x00000000ec300000)
 ParOldGen       total 68608K, used 29104K [0x00000000c0000000, 0x00000000c4300000, 0x00000000eab00000)
  object space 68608K, 42% used [0x00000000c0000000,0x00000000c1c6c138,0x00000000c4300000)
 Metaspace       used 38521K, committed 39552K, reserved 1114112K
  class space    used 3763K, committed 4224K, reserved 1048576K
}
Event: 4.375 GC heap after
{Heap after GC invocations=22 (full 2):
 PSYoungGen      total 23040K, used 1024K [0x00000000eab00000, 0x00000000ec380000, 0x0000000100000000)
  eden space 22016K, 0% used [0x00000000eab00000,0x00000000eab00000,0x00000000ec080000)
  from space 1024K, 100% used [0x00000000ec200000,0x00000000ec300000,0x00000000ec300000)
  to   space 1536K, 0% used [0x00000000ec080000,0x00000000ec080000,0x00000000ec200000)
 ParOldGen       total 68608K, used 29440K [0x00000000c0000000, 0x00000000c4300000, 0x00000000eab00000)
  object space 68608K, 42% used [0x00000000c0000000,0x00000000c1cc0138,0x00000000c4300000)
 Metaspace       used 38521K, committed 39552K, reserved 1114112K
  class space    used 3763K, committed 4224K, reserved 1048576K
}
Event: 5.063 GC heap before
{Heap before GC invocations=23 (full 2):
 PSYoungGen      total 23040K, used 23040K [0x00000000eab00000, 0x00000000ec380000, 0x0000000100000000)
  eden space 22016K, 100% used [0x00000000eab00000,0x00000000ec080000,0x00000000ec080000)
  from space 1024K, 100% used [0x00000000ec200000,0x00000000ec300000,0x00000000ec300000)
  to   space 1536K, 0% used [0x00000000ec080000,0x00000000ec080000,0x00000000ec200000)
 ParOldGen       total 68608K, used 29440K [0x00000000c0000000, 0x00000000c4300000, 0x00000000eab00000)
  object space 68608K, 42% used [0x00000000c0000000,0x00000000c1cc0138,0x00000000c4300000)
 Metaspace       used 40494K, committed 41600K, reserved 1114112K
  class space    used 3961K, committed 4480K, reserved 1048576K
}
Event: 5.065 GC heap after
{Heap after GC invocations=23 (full 2):
 PSYoungGen      total 23552K, used 1534K [0x00000000eab00000, 0x00000000ec680000, 0x0000000100000000)
  eden space 22016K, 0% used [0x00000000eab00000,0x00000000eab00000,0x00000000ec080000)
  from space 1536K, 99% used [0x00000000ec080000,0x00000000ec1ffa90,0x00000000ec200000)
  to   space 3072K, 0% used [0x00000000ec380000,0x00000000ec380000,0x00000000ec680000)
 ParOldGen       total 68608K, used 30280K [0x00000000c0000000, 0x00000000c4300000, 0x00000000eab00000)
  object space 68608K, 44% used [0x00000000c0000000,0x00000000c1d92198,0x00000000c4300000)
 Metaspace       used 40494K, committed 41600K, reserved 1114112K
  class space    used 3961K, committed 4480K, reserved 1048576K
}
Event: 5.356 GC heap before
{Heap before GC invocations=24 (full 2):
 PSYoungGen      total 23552K, used 23550K [0x00000000eab00000, 0x00000000ec680000, 0x0000000100000000)
  eden space 22016K, 100% used [0x00000000eab00000,0x00000000ec080000,0x00000000ec080000)
  from space 1536K, 99% used [0x00000000ec080000,0x00000000ec1ffa90,0x00000000ec200000)
  to   space 3072K, 0% used [0x00000000ec380000,0x00000000ec380000,0x00000000ec680000)
 ParOldGen       total 68608K, used 30280K [0x00000000c0000000, 0x00000000c4300000, 0x00000000eab00000)
  object space 68608K, 44% used [0x00000000c0000000,0x00000000c1d92198,0x00000000c4300000)
 Metaspace       used 41159K, committed 42240K, reserved 1114112K
  class space    used 4019K, committed 4544K, reserved 1048576K
}
Event: 5.358 GC heap after
{Heap after GC invocations=24 (full 2):
 PSYoungGen      total 23552K, used 1248K [0x00000000eab00000, 0x00000000ec500000, 0x0000000100000000)
  eden space 22016K, 0% used [0x00000000eab00000,0x00000000eab00000,0x00000000ec080000)
  from space 1536K, 81% used [0x00000000ec380000,0x00000000ec4b8020,0x00000000ec500000)
  to   space 2048K, 0% used [0x00000000ec100000,0x00000000ec100000,0x00000000ec300000)
 ParOldGen       total 68608K, used 31710K [0x00000000c0000000, 0x00000000c4300000, 0x00000000eab00000)
  object space 68608K, 46% used [0x00000000c0000000,0x00000000c1ef78d8,0x00000000c4300000)
 Metaspace       used 41159K, committed 42240K, reserved 1114112K
  class space    used 4019K, committed 4544K, reserved 1048576K
}
Event: 5.582 GC heap before
{Heap before GC invocations=25 (full 2):
 PSYoungGen      total 23552K, used 23264K [0x00000000eab00000, 0x00000000ec500000, 0x0000000100000000)
  eden space 22016K, 100% used [0x00000000eab00000,0x00000000ec080000,0x00000000ec080000)
  from space 1536K, 81% used [0x00000000ec380000,0x00000000ec4b8020,0x00000000ec500000)
  to   space 2048K, 0% used [0x00000000ec100000,0x00000000ec100000,0x00000000ec300000)
 ParOldGen       total 68608K, used 31710K [0x00000000c0000000, 0x00000000c4300000, 0x00000000eab00000)
  object space 68608K, 46% used [0x00000000c0000000,0x00000000c1ef78d8,0x00000000c4300000)
 Metaspace       used 41824K, committed 42880K, reserved 1114112K
  class space    used 4049K, committed 4544K, reserved 1048576K
}
Event: 5.584 GC heap after
{Heap after GC invocations=25 (full 2):
 PSYoungGen      total 24064K, used 2043K [0x00000000eab00000, 0x00000000ec880000, 0x0000000100000000)
  eden space 22016K, 0% used [0x00000000eab00000,0x00000000eab00000,0x00000000ec080000)
  from space 2048K, 99% used [0x00000000ec100000,0x00000000ec2feff8,0x00000000ec300000)
  to   space 4096K, 0% used [0x00000000ec480000,0x00000000ec480000,0x00000000ec880000)
 ParOldGen       total 68608K, used 33300K [0x00000000c0000000, 0x00000000c4300000, 0x00000000eab00000)
  object space 68608K, 48% used [0x00000000c0000000,0x00000000c2085088,0x00000000c4300000)
 Metaspace       used 41824K, committed 42880K, reserved 1114112K
  class space    used 4049K, committed 4544K, reserved 1048576K
}
Event: 5.876 GC heap before
{Heap before GC invocations=26 (full 2):
 PSYoungGen      total 24064K, used 24059K [0x00000000eab00000, 0x00000000ec880000, 0x0000000100000000)
  eden space 22016K, 100% used [0x00000000eab00000,0x00000000ec080000,0x00000000ec080000)
  from space 2048K, 99% used [0x00000000ec100000,0x00000000ec2feff8,0x00000000ec300000)
  to   space 4096K, 0% used [0x00000000ec480000,0x00000000ec480000,0x00000000ec880000)
 ParOldGen       total 68608K, used 33300K [0x00000000c0000000, 0x00000000c4300000, 0x00000000eab00000)
  object space 68608K, 48% used [0x00000000c0000000,0x00000000c2085088,0x00000000c4300000)
 Metaspace       used 42990K, committed 44096K, reserved 1114112K
  class space    used 4150K, committed 4672K, reserved 1048576K
}
Event: 5.879 GC heap after
{Heap after GC invocations=26 (full 2):
 PSYoungGen      total 26112K, used 3623K [0x00000000eab00000, 0x00000000ec880000, 0x0000000100000000)
  eden space 22016K, 0% used [0x00000000eab00000,0x00000000eab00000,0x00000000ec080000)
  from space 4096K, 88% used [0x00000000ec480000,0x00000000ec809e60,0x00000000ec880000)
  to   space 4096K, 0% used [0x00000000ec080000,0x00000000ec080000,0x00000000ec480000)
 ParOldGen       total 68608K, used 35291K [0x00000000c0000000, 0x00000000c4300000, 0x00000000eab00000)
  object space 68608K, 51% used [0x00000000c0000000,0x00000000c2276cc0,0x00000000c4300000)
 Metaspace       used 42990K, committed 44096K, reserved 1114112K
  class space    used 4150K, committed 4672K, reserved 1048576K
}

Dll operation events (10 events):
Event: 0.008 Loaded shared library c:\Users\ASUS\.cursor\extensions\redhat.java-1.40.0-win32-x64\jre\21.0.6-win32-x86_64\bin\java.dll
Event: 0.046 Loaded shared library c:\Users\ASUS\.cursor\extensions\redhat.java-1.40.0-win32-x64\jre\21.0.6-win32-x86_64\bin\zip.dll
Event: 0.059 Loaded shared library C:\Users\ASUS\.cursor\extensions\redhat.java-1.40.0-win32-x64\jre\21.0.6-win32-x86_64\bin\instrument.dll
Event: 0.062 Loaded shared library C:\Users\ASUS\.cursor\extensions\redhat.java-1.40.0-win32-x64\jre\21.0.6-win32-x86_64\bin\net.dll
Event: 0.064 Loaded shared library C:\Users\ASUS\.cursor\extensions\redhat.java-1.40.0-win32-x64\jre\21.0.6-win32-x86_64\bin\nio.dll
Event: 0.066 Loaded shared library C:\Users\ASUS\.cursor\extensions\redhat.java-1.40.0-win32-x64\jre\21.0.6-win32-x86_64\bin\zip.dll
Event: 0.077 Loaded shared library C:\Users\ASUS\.cursor\extensions\redhat.java-1.40.0-win32-x64\jre\21.0.6-win32-x86_64\bin\jimage.dll
Event: 0.119 Loaded shared library c:\Users\ASUS\.cursor\extensions\redhat.java-1.40.0-win32-x64\jre\21.0.6-win32-x86_64\bin\verify.dll
Event: 0.814 Loaded shared library C:\Users\ASUS\AppData\Roaming\Cursor\User\globalStorage\redhat.java\1.40.0\config_ss_win\org.eclipse.equinox.launcher\org.eclipse.equinox.launcher.win32.win32.x86_64_1.2.1200.v20250212-0927\eclipse_11909.dll
Event: 1.437 Loaded shared library C:\Users\ASUS\AppData\Local\Temp\jna-2018896\jna14526424313858656702.dll

Deoptimization events (20 events):
Event: 13.423 Thread 0x0000021fd26e8a20 Uncommon trap: trap_request=0xffffffc6 fr.pc=0x0000021f87c121ec relative=0x00000000000005ac
Event: 13.423 Thread 0x0000021fd26e8a20 Uncommon trap: reason=bimorphic_or_optimized_type_check action=maybe_recompile pc=0x0000021f87c121ec method=java.util.regex.Pattern$BranchConn.match(Ljava/util/regex/Matcher;ILjava/lang/CharSequence;)Z @ 7 c2
Event: 13.423 Thread 0x0000021fd26e8a20 DEOPT PACKING pc=0x0000021f87c121ec sp=0x00000084ad7fe0a0
Event: 13.423 Thread 0x0000021fd26e8a20 DEOPT UNPACKING pc=0x0000021f874a3aa2 sp=0x00000084ad7fe048 mode 2
Event: 13.424 Thread 0x0000021fd26e8a20 Uncommon trap: trap_request=0xffffffc6 fr.pc=0x0000021f87c121ec relative=0x00000000000005ac
Event: 13.424 Thread 0x0000021fd26e8a20 Uncommon trap: reason=bimorphic_or_optimized_type_check action=maybe_recompile pc=0x0000021f87c121ec method=java.util.regex.Pattern$BranchConn.match(Ljava/util/regex/Matcher;ILjava/lang/CharSequence;)Z @ 7 c2
Event: 13.424 Thread 0x0000021fd26e8a20 DEOPT PACKING pc=0x0000021f87c121ec sp=0x00000084ad7fe0a0
Event: 13.424 Thread 0x0000021fd26e8a20 DEOPT UNPACKING pc=0x0000021f874a3aa2 sp=0x00000084ad7fe048 mode 2
Event: 13.424 Thread 0x0000021fd26e8a20 Uncommon trap: trap_request=0xffffffc6 fr.pc=0x0000021f87c121ec relative=0x00000000000005ac
Event: 13.424 Thread 0x0000021fd26e8a20 Uncommon trap: reason=bimorphic_or_optimized_type_check action=maybe_recompile pc=0x0000021f87c121ec method=java.util.regex.Pattern$BranchConn.match(Ljava/util/regex/Matcher;ILjava/lang/CharSequence;)Z @ 7 c2
Event: 13.424 Thread 0x0000021fd26e8a20 DEOPT PACKING pc=0x0000021f87c121ec sp=0x00000084ad7fe0a0
Event: 13.424 Thread 0x0000021fd26e8a20 DEOPT UNPACKING pc=0x0000021f874a3aa2 sp=0x00000084ad7fe048 mode 2
Event: 13.454 Thread 0x0000021fd2d91860 Uncommon trap: trap_request=0xffffffde fr.pc=0x0000021f87da4b50 relative=0x0000000000000670
Event: 13.454 Thread 0x0000021fd2d91860 Uncommon trap: reason=class_check action=maybe_recompile pc=0x0000021f87da4b50 method=java.util.Spliterators$1Adapter.hasNext()Z @ 12 c2
Event: 13.454 Thread 0x0000021fd2d91860 DEOPT PACKING pc=0x0000021f87da4b50 sp=0x00000084ab1fe4f0
Event: 13.454 Thread 0x0000021fd2d91860 DEOPT UNPACKING pc=0x0000021f874a3aa2 sp=0x00000084ab1fe4a8 mode 2
Event: 13.461 Thread 0x0000021fd2d91860 Uncommon trap: trap_request=0xffffff45 fr.pc=0x0000021f87ece5fc relative=0x0000000000001e1c
Event: 13.461 Thread 0x0000021fd2d91860 Uncommon trap: reason=unstable_if action=reinterpret pc=0x0000021f87ece5fc method=java.lang.String.split(CIZ)[Ljava/lang/String; @ 137 c2
Event: 13.461 Thread 0x0000021fd2d91860 DEOPT PACKING pc=0x0000021f87ece5fc sp=0x00000084ab1fe670
Event: 13.461 Thread 0x0000021fd2d91860 DEOPT UNPACKING pc=0x0000021f874a3aa2 sp=0x00000084ab1fe630 mode 2

Classes loaded (20 events):
Event: 13.420 Loading class java/lang/Throwable$PrintStreamOrWriter done
Event: 13.420 Loading class java/lang/Throwable$WrappedPrintWriter done
Event: 13.422 Loading class java/util/logging/Level$RbAccess
Event: 13.422 Loading class java/util/logging/Level$RbAccess done
Event: 13.422 Loading class sun/util/logging/resources/logging
Event: 13.423 Loading class sun/util/logging/resources/logging done
Event: 13.423 Loading class sun/util/logging/resources/logging_en
Event: 13.423 Loading class sun/util/logging/resources/logging_en done
Event: 13.423 Loading class sun/util/logging/resources/logging_en
Event: 13.423 Loading class sun/util/logging/resources/logging_en done
Event: 13.423 Loading class sun/util/logging/resources/logging_en_US
Event: 13.423 Loading class sun/util/logging/resources/logging_en_US done
Event: 13.423 Loading class sun/util/logging/resources/logging_en_US
Event: 13.423 Loading class sun/util/logging/resources/logging_en_US done
Event: 13.423 Loading class java/util/Formatter$DateTime
Event: 13.423 Loading class java/util/Formatter$DateTime done
Event: 13.424 Loading class java/time/ZonedDateTime$1
Event: 13.424 Loading class java/time/ZonedDateTime$1 done
Event: 13.460 Loading class java/util/Hashtable$KeySet
Event: 13.460 Loading class java/util/Hashtable$KeySet done

Classes unloaded (20 events):
Event: 3.583 Thread 0x0000021ff2eaabf0 Unloading class 0x0000021f90359800 'java/lang/invoke/LambdaForm$MH+0x0000021f90359800'
Event: 3.583 Thread 0x0000021ff2eaabf0 Unloading class 0x0000021f90359400 'java/lang/invoke/LambdaForm$MH+0x0000021f90359400'
Event: 3.583 Thread 0x0000021ff2eaabf0 Unloading class 0x0000021f90355800 'java/lang/invoke/LambdaForm$MH+0x0000021f90355800'
Event: 3.583 Thread 0x0000021ff2eaabf0 Unloading class 0x0000021f90355c00 'java/lang/invoke/LambdaForm$MH+0x0000021f90355c00'
Event: 3.583 Thread 0x0000021ff2eaabf0 Unloading class 0x0000021f90355000 'java/lang/invoke/LambdaForm$MH+0x0000021f90355000'
Event: 3.583 Thread 0x0000021ff2eaabf0 Unloading class 0x0000021f90354c00 'java/lang/invoke/LambdaForm$MH+0x0000021f90354c00'
Event: 3.583 Thread 0x0000021ff2eaabf0 Unloading class 0x0000021f90354000 'java/lang/invoke/LambdaForm$MH+0x0000021f90354000'
Event: 3.583 Thread 0x0000021ff2eaabf0 Unloading class 0x0000021f90354400 'java/lang/invoke/LambdaForm$MH+0x0000021f90354400'
Event: 3.583 Thread 0x0000021ff2eaabf0 Unloading class 0x0000021f90353400 'java/lang/invoke/LambdaForm$MH+0x0000021f90353400'
Event: 3.583 Thread 0x0000021ff2eaabf0 Unloading class 0x0000021f90353c00 'java/lang/invoke/LambdaForm$MH+0x0000021f90353c00'
Event: 3.583 Thread 0x0000021ff2eaabf0 Unloading class 0x0000021f90352800 'java/lang/invoke/LambdaForm$MH+0x0000021f90352800'
Event: 3.583 Thread 0x0000021ff2eaabf0 Unloading class 0x0000021f90353000 'java/lang/invoke/LambdaForm$MH+0x0000021f90353000'
Event: 3.583 Thread 0x0000021ff2eaabf0 Unloading class 0x0000021f90352000 'java/lang/invoke/LambdaForm$MH+0x0000021f90352000'
Event: 3.583 Thread 0x0000021ff2eaabf0 Unloading class 0x0000021f90351c00 'java/lang/invoke/LambdaForm$MH+0x0000021f90351c00'
Event: 3.583 Thread 0x0000021ff2eaabf0 Unloading class 0x0000021f90351800 'java/lang/invoke/LambdaForm$MH+0x0000021f90351800'
Event: 3.583 Thread 0x0000021ff2eaabf0 Unloading class 0x0000021f90351000 'java/lang/invoke/LambdaForm$MH+0x0000021f90351000'
Event: 3.583 Thread 0x0000021ff2eaabf0 Unloading class 0x0000021f90350800 'java/lang/invoke/LambdaForm$MH+0x0000021f90350800'
Event: 3.583 Thread 0x0000021ff2eaabf0 Unloading class 0x0000021f90350400 'java/lang/invoke/LambdaForm$MH+0x0000021f90350400'
Event: 3.583 Thread 0x0000021ff2eaabf0 Unloading class 0x0000021f90349c00 'java/lang/invoke/LambdaForm$DMH+0x0000021f90349c00'
Event: 3.583 Thread 0x0000021ff2eaabf0 Unloading class 0x0000021f90350000 'java/lang/invoke/LambdaForm$DMH+0x0000021f90350000'

Classes redefined (0 events):
No events

Internal exceptions (20 events):
Event: 5.393 Thread 0x0000021fd26eaaf0 Exception <a 'java/lang/NoSuchMethodError'{0x00000000eae2eea8}: 'java.lang.Object java.lang.invoke.DirectMethodHandle$Holder.invokeStatic(java.lang.Object, java.lang.Object, int, int)'> (0x00000000eae2eea8) 
thrown [s\src\hotspot\share\interpreter\linkResolver.cpp, line 773]
Event: 5.393 Thread 0x0000021fd26eaaf0 Exception <a 'java/lang/NoSuchMethodError'{0x00000000eae331b8}: 'java.lang.Object java.lang.invoke.DirectMethodHandle$Holder.invokeSpecial(java.lang.Object, java.lang.Object, java.lang.Object, int, int)'> (0x00000000eae331b8) 
thrown [s\src\hotspot\share\interpreter\linkResolver.cpp, line 773]
Event: 5.573 Thread 0x0000021fd26e7d00 Implicit null exception at 0x0000021f87f379cb to 0x0000021f87f37b24
Event: 5.828 Thread 0x0000021fd26e7d00 Exception <a 'java/io/FileNotFoundException'{0x00000000ebbdfad0}> (0x00000000ebbdfad0) 
thrown [s\src\hotspot\share\prims\jni.cpp, line 520]
Event: 5.828 Thread 0x0000021fd26e7d00 Exception <a 'java/io/FileNotFoundException'{0x00000000ebbe0ae0}> (0x00000000ebbe0ae0) 
thrown [s\src\hotspot\share\prims\jni.cpp, line 520]
Event: 5.829 Thread 0x0000021fd26e7d00 Exception <a 'java/io/FileNotFoundException'{0x00000000ebbe1ad0}> (0x00000000ebbe1ad0) 
thrown [s\src\hotspot\share\prims\jni.cpp, line 520]
Event: 13.264 Thread 0x0000021fd26e8a20 Exception <a 'java/lang/NoSuchMethodError'{0x00000000eb8e6380}: 'void java.lang.invoke.DirectMethodHandle$Holder.invokeInterface(java.lang.Object, java.lang.Object)'> (0x00000000eb8e6380) 
thrown [s\src\hotspot\share\interpreter\linkResolver.cpp, line 773]
Event: 13.289 Thread 0x0000021fd26e8390 Exception <a 'java/io/FileNotFoundException'{0x00000000ebaa28a8}> (0x00000000ebaa28a8) 
thrown [s\src\hotspot\share\prims\jni.cpp, line 520]
Event: 13.318 Thread 0x0000021fd26e8390 Exception <a 'java/lang/NoSuchMethodError'{0x00000000ebb03518}: 'java.lang.Object java.lang.invoke.DirectMethodHandle$Holder.newInvokeSpecial(java.lang.Object, java.lang.Object, java.lang.Object, java.lang.Object, java.lang.Object, java.lang.Object, java.lang.Object, java.lang.Object, java.lang.Object, java.lang.Object)'> (0x00000000ebb03518) 
thrown [s\src\hotspot\share\interpreter\linkResolver.cpp, line 773]
Event: 13.395 Thread 0x0000021fd26e8390 Exception <a 'sun/nio/fs/WindowsException'{0x00000000ebbad490}> (0x00000000ebbad490) 
thrown [s\src\hotspot\share\prims\jni.cpp, line 520]
Event: 13.403 Thread 0x0000021fd26e8a20 Exception <a 'java/io/IOException'{0x00000000eb9c1058}> (0x00000000eb9c1058) 
thrown [s\src\hotspot\share\prims\jni.cpp, line 520]
Event: 13.422 Thread 0x0000021fd26e8a20 Exception <a 'java/lang/ClassNotFoundException'{0x00000000ebc63520}: sun/util/logging/resources/spi/loggingProvider> (0x00000000ebc63520) 
thrown [s\src\hotspot\share\classfile\systemDictionary.cpp, line 312]
Event: 13.452 Thread 0x0000021fd2d91860 Exception <a 'sun/nio/fs/WindowsException'{0x00000000ebcce798}> (0x00000000ebcce798) 
thrown [s\src\hotspot\share\prims\jni.cpp, line 520]
Event: 13.452 Thread 0x0000021fd2d91860 Exception <a 'sun/nio/fs/WindowsException'{0x00000000ebccf008}> (0x00000000ebccf008) 
thrown [s\src\hotspot\share\prims\jni.cpp, line 520]
Event: 13.452 Thread 0x0000021fd2d91860 Exception <a 'sun/nio/fs/WindowsException'{0x00000000ebccfc80}> (0x00000000ebccfc80) 
thrown [s\src\hotspot\share\prims\jni.cpp, line 520]
Event: 13.453 Thread 0x0000021fd2d91860 Exception <a 'sun/nio/fs/WindowsException'{0x00000000ebcd02d0}> (0x00000000ebcd02d0) 
thrown [s\src\hotspot\share\prims\jni.cpp, line 520]
Event: 13.453 Thread 0x0000021fd2d91860 Exception <a 'sun/nio/fs/WindowsException'{0x00000000ebcd23f8}> (0x00000000ebcd23f8) 
thrown [s\src\hotspot\share\prims\jni.cpp, line 520]
Event: 13.453 Thread 0x0000021fd2d91860 Exception <a 'sun/nio/fs/WindowsException'{0x00000000ebcd2a28}> (0x00000000ebcd2a28) 
thrown [s\src\hotspot\share\prims\jni.cpp, line 520]
Event: 13.460 Thread 0x0000021fd2d91860 Exception <a 'java/io/FileNotFoundException'{0x00000000ebd12418}> (0x00000000ebd12418) 
thrown [s\src\hotspot\share\prims\jni.cpp, line 520]
Event: 13.461 Thread 0x0000021fd2d91860 Exception <a 'java/io/FileNotFoundException'{0x00000000ebd13430}> (0x00000000ebd13430) 
thrown [s\src\hotspot\share\prims\jni.cpp, line 520]

ZGC Phase Switch (0 events):
No events

VM Operations (20 events):
Event: 5.517 Executing VM operation: ICBufferFull
Event: 5.517 Executing VM operation: ICBufferFull done
Event: 5.582 Executing VM operation: ParallelGCFailedAllocation (Allocation Failure)
Event: 5.584 Executing VM operation: ParallelGCFailedAllocation (Allocation Failure) done
Event: 5.740 Executing VM operation: ICBufferFull
Event: 5.741 Executing VM operation: ICBufferFull done
Event: 5.847 Executing VM operation: ICBufferFull
Event: 5.848 Executing VM operation: ICBufferFull done
Event: 5.876 Executing VM operation: ParallelGCFailedAllocation (Allocation Failure)
Event: 5.880 Executing VM operation: ParallelGCFailedAllocation (Allocation Failure) done
Event: 6.063 Executing VM operation: ICBufferFull
Event: 6.063 Executing VM operation: ICBufferFull done
Event: 7.063 Executing VM operation: Cleanup
Event: 7.063 Executing VM operation: Cleanup done
Event: 9.085 Executing VM operation: Cleanup
Event: 9.085 Executing VM operation: Cleanup done
Event: 13.294 Executing VM operation: HandshakeAllThreads (Deoptimize)
Event: 13.294 Executing VM operation: HandshakeAllThreads (Deoptimize) done
Event: 13.294 Executing VM operation: Cleanup
Event: 13.294 Executing VM operation: Cleanup done

Memory protections (0 events):
No events

Nmethod flushes (20 events):
Event: 3.597 Thread 0x0000021ff2eaabf0 flushing  nmethod 0x0000021f804ed090
Event: 3.597 Thread 0x0000021ff2eaabf0 flushing  nmethod 0x0000021f80515190
Event: 3.597 Thread 0x0000021ff2eaabf0 flushing  nmethod 0x0000021f80515590
Event: 3.597 Thread 0x0000021ff2eaabf0 flushing  nmethod 0x0000021f80516890
Event: 3.597 Thread 0x0000021ff2eaabf0 flushing  nmethod 0x0000021f8051a890
Event: 3.597 Thread 0x0000021ff2eaabf0 flushing  nmethod 0x0000021f80536910
Event: 3.597 Thread 0x0000021ff2eaabf0 flushing  nmethod 0x0000021f8053c290
Event: 3.597 Thread 0x0000021ff2eaabf0 flushing  nmethod 0x0000021f8053c710
Event: 3.597 Thread 0x0000021ff2eaabf0 flushing  nmethod 0x0000021f8053cc90
Event: 3.597 Thread 0x0000021ff2eaabf0 flushing  nmethod 0x0000021f8053da90
Event: 3.597 Thread 0x0000021ff2eaabf0 flushing  nmethod 0x0000021f8053fb90
Event: 3.597 Thread 0x0000021ff2eaabf0 flushing  nmethod 0x0000021f8053ff10
Event: 3.597 Thread 0x0000021ff2eaabf0 flushing  nmethod 0x0000021f80540790
Event: 3.597 Thread 0x0000021ff2eaabf0 flushing  nmethod 0x0000021f80542010
Event: 3.597 Thread 0x0000021ff2eaabf0 flushing  nmethod 0x0000021f8054f110
Event: 3.597 Thread 0x0000021ff2eaabf0 flushing  nmethod 0x0000021f8054f610
Event: 3.597 Thread 0x0000021ff2eaabf0 flushing  nmethod 0x0000021f80550110
Event: 3.597 Thread 0x0000021ff2eaabf0 flushing  nmethod 0x0000021f80553410
Event: 3.597 Thread 0x0000021ff2eaabf0 flushing  nmethod 0x0000021f80554190
Event: 3.597 Thread 0x0000021ff2eaabf0 flushing osr nmethod 0x0000021f80582e10

Events (20 events):
Event: 8.330 Thread 0x0000021fd26e0d10 Thread exited: 0x0000021fd26e0d10
Event: 13.256 Thread 0x0000021fff6779b0 Thread exited: 0x0000021fff6779b0
Event: 13.256 Thread 0x0000021fd26e3cc0 Thread exited: 0x0000021fd26e3cc0
Event: 13.260 Thread 0x0000021fff1c5bb0 Thread exited: 0x0000021fff1c5bb0
Event: 13.260 Thread 0x0000021ff9832c90 Thread exited: 0x0000021ff9832c90
Event: 13.267 Thread 0x0000021fd26e8a20 Thread added: 0x0000021fd2d92580
Event: 13.274 Thread 0x0000021fd26e8390 Thread added: 0x0000021fd2d8d030
Event: 13.283 Thread 0x0000021fd2d8d030 Thread added: 0x0000021fd2d904b0
Event: 13.284 Thread 0x0000021fd2d8d030 Thread added: 0x0000021fd2d90b40
Event: 13.289 Thread 0x0000021fd2d904b0 Thread exited: 0x0000021fd2d904b0
Event: 13.289 Thread 0x0000021fd2d8d030 Thread exited: 0x0000021fd2d8d030
Event: 13.289 Thread 0x0000021fd2d90b40 Thread exited: 0x0000021fd2d90b40
Event: 13.302 Thread 0x0000021ff81e9ba0 Thread added: 0x0000021fd26e2180
Event: 13.302 Thread 0x0000021ff81e9ba0 Thread added: 0x0000021fd26e3cc0
Event: 13.321 Thread 0x0000021fd26e8390 Thread added: 0x0000021fd2d91ef0
Event: 13.337 Thread 0x0000021fd2d91ef0 Thread added: 0x0000021fd2d8f790
Event: 13.389 Thread 0x0000021fd2d8f790 Thread exited: 0x0000021fd2d8f790
Event: 13.389 Thread 0x0000021fd2d91ef0 Thread exited: 0x0000021fd2d91ef0
Event: 13.406 Thread 0x0000021ff2e14cf0 Thread added: 0x0000021fd2d91860
Event: 13.467 Thread 0x0000021fd2d91860 Thread added: 0x0000021fd2d8d6c0


Dynamic libraries:
0x00007ff7074a0000 - 0x00007ff7074ae000 	c:\Users\ASUS\.cursor\extensions\redhat.java-1.40.0-win32-x64\jre\21.0.6-win32-x86_64\bin\java.exe
0x00007fffc38b0000 - 0x00007fffc3ac7000 	C:\WINDOWS\SYSTEM32\ntdll.dll
0x00007fffc26d0000 - 0x00007fffc2794000 	C:\WINDOWS\System32\KERNEL32.DLL
0x00007fffc0b60000 - 0x00007fffc0f30000 	C:\WINDOWS\System32\KERNELBASE.dll
0x00007fffbcd10000 - 0x00007fffbcda7000 	C:\WINDOWS\SYSTEM32\apphelp.dll
0x00007fffc1220000 - 0x00007fffc1331000 	C:\WINDOWS\System32\ucrtbase.dll
0x00007fffb5830000 - 0x00007fffb5848000 	c:\Users\ASUS\.cursor\extensions\redhat.java-1.40.0-win32-x64\jre\21.0.6-win32-x86_64\bin\jli.dll
0x00007fffb5b40000 - 0x00007fffb5b5e000 	c:\Users\ASUS\.cursor\extensions\redhat.java-1.40.0-win32-x64\jre\21.0.6-win32-x86_64\bin\VCRUNTIME140.dll
0x00007fffc2b30000 - 0x00007fffc2cde000 	C:\WINDOWS\System32\USER32.dll
0x00007fffc0fe0000 - 0x00007fffc1006000 	C:\WINDOWS\System32\win32u.dll
0x00007fffb0460000 - 0x00007fffb06f2000 	C:\WINDOWS\WinSxS\amd64_microsoft.windows.common-controls_6595b64144ccf1df_6.0.22621.4830_none_270fe7d773858e80\COMCTL32.dll
0x00007fffc2870000 - 0x00007fffc2899000 	C:\WINDOWS\System32\GDI32.dll
0x00007fffc2a80000 - 0x00007fffc2b27000 	C:\WINDOWS\System32\msvcrt.dll
0x00007fffc1480000 - 0x00007fffc159b000 	C:\WINDOWS\System32\gdi32full.dll
0x00007fffc1010000 - 0x00007fffc10aa000 	C:\WINDOWS\System32\msvcp_win.dll
0x00007fffc27a0000 - 0x00007fffc27d1000 	C:\WINDOWS\System32\IMM32.DLL
0x00007fffbd080000 - 0x00007fffbd08c000 	c:\Users\ASUS\.cursor\extensions\redhat.java-1.40.0-win32-x64\jre\21.0.6-win32-x86_64\bin\vcruntime140_1.dll
0x00007fff9a2d0000 - 0x00007fff9a35d000 	c:\Users\ASUS\.cursor\extensions\redhat.java-1.40.0-win32-x64\jre\21.0.6-win32-x86_64\bin\msvcp140.dll
0x00007fff41a40000 - 0x00007fff427d0000 	c:\Users\ASUS\.cursor\extensions\redhat.java-1.40.0-win32-x64\jre\21.0.6-win32-x86_64\bin\server\jvm.dll
0x00007fffc17e0000 - 0x00007fffc1891000 	C:\WINDOWS\System32\ADVAPI32.dll
0x00007fffc3390000 - 0x00007fffc3437000 	C:\WINDOWS\System32\sechost.dll
0x00007fffc0fb0000 - 0x00007fffc0fd8000 	C:\WINDOWS\System32\bcrypt.dll
0x00007fffc3270000 - 0x00007fffc3384000 	C:\WINDOWS\System32\RPCRT4.dll
0x00007fffc1dd0000 - 0x00007fffc1e41000 	C:\WINDOWS\System32\WS2_32.dll
0x00007fffc0880000 - 0x00007fffc08cd000 	C:\WINDOWS\SYSTEM32\POWRPROF.dll
0x00007fffb7bd0000 - 0x00007fffb7c04000 	C:\WINDOWS\SYSTEM32\WINMM.dll
0x00007fffbab60000 - 0x00007fffbab6a000 	C:\WINDOWS\SYSTEM32\VERSION.dll
0x00007fffc0860000 - 0x00007fffc0873000 	C:\WINDOWS\SYSTEM32\UMPDC.dll
0x00007fffbfba0000 - 0x00007fffbfbb8000 	C:\WINDOWS\SYSTEM32\kernel.appcore.dll
0x00007fffbc8c0000 - 0x00007fffbc8ca000 	c:\Users\ASUS\.cursor\extensions\redhat.java-1.40.0-win32-x64\jre\21.0.6-win32-x86_64\bin\jimage.dll
0x00007fffb9ec0000 - 0x00007fffba0f2000 	C:\WINDOWS\SYSTEM32\DBGHELP.DLL
0x00007fffc3440000 - 0x00007fffc37d0000 	C:\WINDOWS\System32\combase.dll
0x00007fffc1a90000 - 0x00007fffc1b67000 	C:\WINDOWS\System32\OLEAUT32.dll
0x00007fffb9390000 - 0x00007fffb93c2000 	C:\WINDOWS\SYSTEM32\dbgcore.DLL
0x00007fffc1400000 - 0x00007fffc147b000 	C:\WINDOWS\System32\bcryptPrimitives.dll
0x00007fffbaee0000 - 0x00007fffbaeef000 	c:\Users\ASUS\.cursor\extensions\redhat.java-1.40.0-win32-x64\jre\21.0.6-win32-x86_64\bin\instrument.dll
0x00007fffb15a0000 - 0x00007fffb15bf000 	c:\Users\ASUS\.cursor\extensions\redhat.java-1.40.0-win32-x64\jre\21.0.6-win32-x86_64\bin\java.dll
0x00007fffc1e50000 - 0x00007fffc26c8000 	C:\WINDOWS\System32\SHELL32.dll
0x00007fffbeab0000 - 0x00007fffbf3c0000 	C:\WINDOWS\SYSTEM32\windows.storage.dll
0x00007fffbe970000 - 0x00007fffbeaaf000 	C:\WINDOWS\SYSTEM32\wintypes.dll
0x00007fffc28a0000 - 0x00007fffc29aa000 	C:\WINDOWS\System32\SHCORE.dll
0x00007fffc15d0000 - 0x00007fffc162e000 	C:\WINDOWS\System32\shlwapi.dll
0x00007fffc0a90000 - 0x00007fffc0abb000 	C:\WINDOWS\SYSTEM32\profapi.dll
0x00007fffb1580000 - 0x00007fffb1598000 	c:\Users\ASUS\.cursor\extensions\redhat.java-1.40.0-win32-x64\jre\21.0.6-win32-x86_64\bin\zip.dll
0x00007fffb5b20000 - 0x00007fffb5b30000 	C:\Users\ASUS\.cursor\extensions\redhat.java-1.40.0-win32-x64\jre\21.0.6-win32-x86_64\bin\net.dll
0x00007fffbdb00000 - 0x00007fffbdc2c000 	C:\WINDOWS\SYSTEM32\WINHTTP.dll
0x00007fffc0020000 - 0x00007fffc008a000 	C:\WINDOWS\system32\mswsock.dll
0x00007fffb1360000 - 0x00007fffb1376000 	C:\Users\ASUS\.cursor\extensions\redhat.java-1.40.0-win32-x64\jre\21.0.6-win32-x86_64\bin\nio.dll
0x00007fffb5820000 - 0x00007fffb5830000 	c:\Users\ASUS\.cursor\extensions\redhat.java-1.40.0-win32-x64\jre\21.0.6-win32-x86_64\bin\verify.dll
0x00007fff99ff0000 - 0x00007fff9a035000 	C:\Users\ASUS\AppData\Roaming\Cursor\User\globalStorage\redhat.java\1.40.0\config_ss_win\org.eclipse.equinox.launcher\org.eclipse.equinox.launcher.win32.win32.x86_64_1.2.1200.v20250212-0927\eclipse_11909.dll
0x00007fffc1630000 - 0x00007fffc17d1000 	C:\WINDOWS\System32\ole32.dll
0x00007fffc0270000 - 0x00007fffc028b000 	C:\WINDOWS\SYSTEM32\CRYPTSP.dll
0x00007fffbfb00000 - 0x00007fffbfb35000 	C:\WINDOWS\system32\rsaenh.dll
0x00007fffc0110000 - 0x00007fffc0138000 	C:\WINDOWS\SYSTEM32\USERENV.dll
0x00007fffc0290000 - 0x00007fffc029c000 	C:\WINDOWS\SYSTEM32\CRYPTBASE.dll
0x00007fffbf610000 - 0x00007fffbf63d000 	C:\WINDOWS\SYSTEM32\IPHLPAPI.DLL
0x00007fffc15a0000 - 0x00007fffc15a9000 	C:\WINDOWS\System32\NSI.dll
0x00007fff83510000 - 0x00007fff83559000 	C:\Users\ASUS\AppData\Local\Temp\jna-2018896\jna14526424313858656702.dll
0x00007fffc3850000 - 0x00007fffc3858000 	C:\WINDOWS\System32\PSAPI.DLL
0x00007fffbd1f0000 - 0x00007fffbd209000 	C:\WINDOWS\SYSTEM32\dhcpcsvc6.DLL
0x00007fffbd1d0000 - 0x00007fffbd1ef000 	C:\WINDOWS\SYSTEM32\dhcpcsvc.DLL
0x00007fffbfcb0000 - 0x00007fffbfce4000 	C:\WINDOWS\SYSTEM32\ntmarta.dll

dbghelp: loaded successfully - version: 4.0.5 - missing functions: none
symbol engine: initialized successfully - sym options: 0x614 - pdb path: .;c:\Users\ASUS\.cursor\extensions\redhat.java-1.40.0-win32-x64\jre\21.0.6-win32-x86_64\bin;C:\WINDOWS\SYSTEM32;C:\WINDOWS\WinSxS\amd64_microsoft.windows.common-controls_6595b64144ccf1df_6.0.22621.4830_none_270fe7d773858e80;c:\Users\ASUS\.cursor\extensions\redhat.java-1.40.0-win32-x64\jre\21.0.6-win32-x86_64\bin\server;C:\Users\ASUS\AppData\Roaming\Cursor\User\globalStorage\redhat.java\1.40.0\config_ss_win\org.eclipse.equinox.launcher\org.eclipse.equinox.launcher.win32.win32.x86_64_1.2.1200.v20250212-0927;C:\Users\ASUS\AppData\Local\Temp\jna-2018896

VM Arguments:
jvm_args: --add-modules=ALL-SYSTEM --add-opens=java.base/java.util=ALL-UNNAMED --add-opens=java.base/java.lang=ALL-UNNAMED --add-opens=java.base/sun.nio.fs=ALL-UNNAMED -Declipse.application=org.eclipse.jdt.ls.core.id1 -Dosgi.bundles.defaultStartLevel=4 -Declipse.product=org.eclipse.jdt.ls.core.product -Djava.import.generatesMetadataFilesAtProjectRoot=false -DDetectVMInstallationsJob.disabled=true -Dfile.encoding=utf8 -XX:+UseParallelGC -XX:GCTimeRatio=4 -XX:AdaptiveSizePolicyWeight=90 -Dsun.zip.disableMemoryMapping=true -Xmx1G -Xms100m -Xlog:disable -javaagent:c:\Users\ASUS\.cursor\extensions\redhat.java-1.40.0-win32-x64\lombok\lombok-1.18.36.jar 
java_command: c:\Users\ASUS\.cursor\extensions\redhat.java-1.40.0-win32-x64\server\plugins\org.eclipse.equinox.launcher_1.6.1000.v20250131-0606.jar -configuration c:\Users\ASUS\AppData\Roaming\Cursor\User\globalStorage\redhat.java\1.40.0\config_ss_win -data c:\Users\ASUS\AppData\Roaming\Cursor\User\workspaceStorage\a26ced7fe018b66e12da886babd7af56\redhat.java\ss_ws --pipe=\\.\pipe\lsp-f74b91bdbc75639d6d4e3dea7cde7713-sock
java_class_path (initial): c:\Users\ASUS\.cursor\extensions\redhat.java-1.40.0-win32-x64\server\plugins\org.eclipse.equinox.launcher_1.6.1000.v20250131-0606.jar
Launcher Type: SUN_STANDARD

[Global flags]
    uintx AdaptiveSizePolicyWeight                 = 90                                        {product} {command line}
     intx CICompilerCount                          = 12                                        {product} {ergonomic}
    uintx GCTimeRatio                              = 4                                         {product} {command line}
   size_t InitialHeapSize                          = 104857600                                 {product} {command line}
   size_t MaxHeapSize                              = 1073741824                                {product} {command line}
   size_t MaxNewSize                               = 357564416                                 {product} {ergonomic}
   size_t MinHeapDeltaBytes                        = 524288                                    {product} {ergonomic}
   size_t MinHeapSize                              = 104857600                                 {product} {command line}
   size_t NewSize                                  = 34603008                                  {product} {ergonomic}
    uintx NonNMethodCodeHeapSize                   = 7602480                                {pd product} {ergonomic}
    uintx NonProfiledCodeHeapSize                  = 122027880                              {pd product} {ergonomic}
   size_t OldSize                                  = 70254592                                  {product} {ergonomic}
    uintx ProfiledCodeHeapSize                     = 122027880                              {pd product} {ergonomic}
    uintx ReservedCodeCacheSize                    = 251658240                              {pd product} {ergonomic}
     bool SegmentedCodeCache                       = true                                      {product} {ergonomic}
   size_t SoftMaxHeapSize                          = 1073741824                             {manageable} {ergonomic}
     bool UseCompressedOops                        = true                           {product lp64_product} {ergonomic}
     bool UseLargePagesIndividualAllocation        = false                                  {pd product} {ergonomic}
     bool UseParallelGC                            = true                                      {product} {command line}

Logging:
Log output configuration:
 #0: stdout all=off uptime,level,tags foldmultilines=false
 #1: stderr all=off uptime,level,tags foldmultilines=false

Environment Variables:
PATH=C:\Program Files\Common Files\Oracle\Java\javapath;C:\Program Files (x86)\Common Files\Oracle\Java\java8path;C:\Program Files (x86)\Common Files\Oracle\Java\javapath;C:\ProgramData\Oracle\Java\javapath;C:\Windows\system32;C:\Windows;C:\Windows\System32\Wbem;C:\Windows\System32\WindowsPowerShell\v1.0\;C:\Windows\System32\OpenSSH\;C:\Program Files (x86)\NVIDIA Corporation\PhysX\Common;C:\WINDOWS\system32;C:\WINDOWS;C:\WINDOWS\System32\Wbem;C:\WINDOWS\System32\WindowsPowerShell\v1.0\;C:\WINDOWS\System32\OpenSSH\;C:\Program Files (x86)\Microsoft SQL Server\160\Tools\Binn\;C:\Program Files\Microsoft SQL Server\160\Tools\Binn\;C:\Program Files\Microsoft SQL Server\Client SDK\ODBC\170\Tools\Binn\;C:\Program Files\Microsoft SQL Server\160\DTS\Binn\;C:\Program Files (x86)\Microsoft SQL Server\160\DTS\Binn\;C:\Program Files\Azure Data Studio\bin;C:\Program Files\dotnet\;C:\Program Files\nodejs\;C:\Program Files\Git\cmd;C:\Program Files\NVIDIA Corporation\NVIDIA app\NvDLISR;C:\Program Files\Cloudflare\Cloudflare WARP\;C:\Program Files\MySQL\MySQL Shell 8.0\bin\;C:\Users\ASUS\AppData\Local\Microsoft\WindowsApps;C:\Program Files\Azure Data Studio\bin;C:\Users\ASUS\AppData\Local\Programs\Microsoft VS Code\bin;C:\Users\ASUS\AppData\Roaming\npm;C:\Program Files\Git\mingw64\bin\;C:\Users\ASUS\AppData\Local\Programs\cursor\resources\app\bin
USERNAME=ASUS
OS=Windows_NT
PROCESSOR_IDENTIFIER=AMD64 Family 25 Model 68 Stepping 1, AuthenticAMD
TMP=C:\Users\ASUS\AppData\Local\Temp
TEMP=C:\Users\ASUS\AppData\Local\Temp




Periodic native trim disabled

---------------  S Y S T E M  ---------------

OS:
 Windows 11 , 64 bit Build 22621 (10.0.22621.4830)
OS uptime: 3 days 6:25 hours

CPU: total 16 (initial active 16) (16 cores per cpu, 2 threads per core) family 25 model 68 stepping 1 microcode 0x0, cx8, cmov, fxsr, ht, mmx, 3dnowpref, sse, sse2, sse3, ssse3, sse4a, sse4.1, sse4.2, popcnt, lzcnt, tsc, tscinvbit, avx, avx2, aes, clmul, bmi1, bmi2, adx, sha, fma, vzeroupper, clflush, clflushopt, rdtscp, rdpid, f16c, pku, cet_ss
Processor Information for the first 16 processors :
  Max Mhz: 3201, Current Mhz: 3201, Mhz Limit: 3201

Memory: 4k page, system-wide physical 15613M (2112M free)
TotalPageFile size 19709M (AvailPageFile size 7M)
current process WorkingSet (physical memory assigned to process): 234M, peak: 421M
current process commit charge ("private bytes"): 327M, peak: 513M

vm_info: OpenJDK 64-Bit Server VM (21.0.6+7-LTS) for windows-amd64 JRE (21.0.6+7-LTS), built on 2025-01-21T00:00:00Z by "admin" with MS VC++ 17.7 (VS2022)

END.
