#
# There is insufficient memory for the Java Runtime Environment to continue.
# Native memory allocation (mmap) failed to map 257949696 bytes for G1 virtual space
# Possible reasons:
#   The system is out of physical RAM or swap space
#   The process is running with CompressedOops enabled, and the Java Heap may be blocking the growth of the native heap
# Possible solutions:
#   Reduce memory load on the system
#   Increase physical memory or swap space
#   Check if swap backing store is full
#   Decrease Java heap size (-Xmx/-Xms)
#   Decrease number of Java threads
#   Decrease Java thread stack sizes (-Xss)
#   Set larger code cache with -XX:ReservedCodeCacheSize=
#   JVM is running with Zero Based Compressed Oops mode in which the Java heap is
#     placed in the first 32GB address space. The Java Heap base address is the
#     maximum limit for the native heap growth. Please use -XX:HeapBaseMinAddress
#     to set the Java Heap base and to place the Java Heap above 32GB virtual address.
# This output file may be truncated or incomplete.
#
#  Out of Memory Error (os_windows.cpp:3552), pid=7844, tid=30036
#
# JRE version:  (17.0.9+11) (build )
# Java VM: Java HotSpot(TM) 64-Bit Server VM (17.0.9+11-LTS-201, mixed mode, sharing, tiered, compressed oops, compressed class ptrs, g1 gc, windows-amd64)
# No core dump will be written. Minidumps are not enabled by default on client versions of Windows
#

---------------  S U M M A R Y ------------

Command Line: -Dfile.encoding=utf8 c:\Users\tinhu\.trae\extensions\vscjava.vscode-gradle-3.15.0-universal\lib\gradle-language-server.jar

Host: AMD Ryzen 5 5500U with Radeon Graphics         , 12 cores, 15G,  Windows 11 , 64 bit Build 22621 (10.0.22621.4974)
Time: Mon Mar 17 02:38:22 2025 SE Asia Standard Time elapsed time: 0.020759 seconds (0d 0h 0m 0s)

---------------  T H R E A D  ---------------

Current thread (0x00000210389a4360):  JavaThread "Unknown thread" [_thread_in_vm, id=30036, stack(0x000000d613200000,0x000000d613300000)]

Stack: [0x000000d613200000,0x000000d613300000]
Native frames: (J=compiled Java code, j=interpreted, Vv=VM code, C=native code)
V  [jvm.dll+0x678a4a]
V  [jvm.dll+0x7d9cfd]
V  [jvm.dll+0x7db60e]
V  [jvm.dll+0x7dbc73]
V  [jvm.dll+0x245e1f]
V  [jvm.dll+0x6758f9]
V  [jvm.dll+0x66a2a2]
V  [jvm.dll+0x303686]
V  [jvm.dll+0x30ac06]
V  [jvm.dll+0x35a48e]
V  [jvm.dll+0x35a6bf]
V  [jvm.dll+0x2da678]
V  [jvm.dll+0x2db5e4]
V  [jvm.dll+0x7ab6b1]
V  [jvm.dll+0x368041]
V  [jvm.dll+0x78a749]
V  [jvm.dll+0x3ebd4f]
V  [jvm.dll+0x3ed7d1]
C  [jli.dll+0x5297]
C  [ucrtbase.dll+0x29333]
C  [KERNEL32.DLL+0x1259d]
C  [ntdll.dll+0x5af38]


---------------  P R O C E S S  ---------------

Threads class SMR info:
_java_thread_list=0x00007ffd023c89d8, length=0, elements={
}

Java Threads: ( => current thread )

Other Threads:
  0x0000021038a0f4e0 GCTaskThread "GC Thread#0" [stack: 0x000000d613300000,0x000000d613400000] [id=25752]
  0x0000021038a21810 ConcurrentGCThread "G1 Main Marker" [stack: 0x000000d613400000,0x000000d613500000] [id=8856]
  0x0000021038a22030 ConcurrentGCThread "G1 Conc#0" [stack: 0x000000d613500000,0x000000d613600000] [id=29944]

[error occurred during error reporting (printing all threads), id 0xc0000005, EXCEPTION_ACCESS_VIOLATION (0xc0000005) at pc=0x00007ffd01bfb2d7]

VM state: not at safepoint (not fully initialized)

VM Mutex/Monitor currently owned by a thread:  ([mutex/lock_event])
[0x00000210366084a0] Heap_lock - owner thread: 0x00000210389a4360

Heap address: 0x000000070a400000, size: 3932 MB, Compressed Oops mode: Zero based, Oop shift amount: 3

CDS archive(s) mapped at: [0x0000000000000000-0x0000000000000000-0x0000000000000000), size 0, SharedBaseAddress: 0x0000000800000000, ArchiveRelocationMode: 1.
Narrow klass base: 0x0000000000000000, Narrow klass shift: 0, Narrow klass range: 0x0

GC Precious Log:
<Empty>

Heap:
 garbage-first heap   total 0K, used 0K [0x000000070a400000, 0x0000000800000000)
  region size 2048K, 0 young (0K), 0 survivors (0K)

[error occurred during error reporting (printing heap information), id 0xc0000005, EXCEPTION_ACCESS_VIOLATION (0xc0000005) at pc=0x00007ffd01fe2229]

GC Heap History (0 events):
No events

Deoptimization events (0 events):
No events

Classes unloaded (0 events):
No events

Classes redefined (0 events):
No events

Internal exceptions (0 events):
No events

VM Operations (0 events):
No events

Events (1 events):
Event: 0.014 Loaded shared library C:\Program Files\Java\jdk-17\bin\java.dll


Dynamic libraries:
0x00007ff735020000 - 0x00007ff735030000 	C:\Program Files\Java\jdk-17\bin\java.exe
0x00007ffdc9210000 - 0x00007ffdc9427000 	C:\WINDOWS\SYSTEM32\ntdll.dll
0x00007ffdc8220000 - 0x00007ffdc82e4000 	C:\WINDOWS\System32\KERNEL32.DLL
0x00007ffdc6790000 - 0x00007ffdc6b61000 	C:\WINDOWS\System32\KERNELBASE.dll
0x00007ffdc6ce0000 - 0x00007ffdc6df1000 	C:\WINDOWS\System32\ucrtbase.dll
0x00007ffd997e0000 - 0x00007ffd997fb000 	C:\Program Files\Java\jdk-17\bin\VCRUNTIME140.dll
0x00007ffd95ba0000 - 0x00007ffd95bb9000 	C:\Program Files\Java\jdk-17\bin\jli.dll
0x00007ffdc9110000 - 0x00007ffdc91c1000 	C:\WINDOWS\System32\ADVAPI32.dll
0x00007ffdc74e0000 - 0x00007ffdc7587000 	C:\WINDOWS\System32\msvcrt.dll
0x00007ffdc8140000 - 0x00007ffdc81e7000 	C:\WINDOWS\System32\sechost.dll
0x00007ffdc6eb0000 - 0x00007ffdc6ed8000 	C:\WINDOWS\System32\bcrypt.dll
0x00007ffdc8b80000 - 0x00007ffdc8c94000 	C:\WINDOWS\System32\RPCRT4.dll
0x00007ffdc8d20000 - 0x00007ffdc8ed1000 	C:\WINDOWS\System32\USER32.dll
0x00007ffda8870000 - 0x00007ffda8b02000 	C:\WINDOWS\WinSxS\amd64_microsoft.windows.common-controls_6595b64144ccf1df_6.0.22621.4830_none_270fe7d773858e80\COMCTL32.dll
0x00007ffdc6e80000 - 0x00007ffdc6ea6000 	C:\WINDOWS\System32\win32u.dll
0x00007ffdc81f0000 - 0x00007ffdc8219000 	C:\WINDOWS\System32\GDI32.dll
0x00007ffdc6670000 - 0x00007ffdc678b000 	C:\WINDOWS\System32\gdi32full.dll
0x00007ffdc6410000 - 0x00007ffdc64aa000 	C:\WINDOWS\System32\msvcp_win.dll
0x00007ffdc2380000 - 0x00007ffdc238a000 	C:\WINDOWS\SYSTEM32\VERSION.dll
0x00007ffdc7d30000 - 0x00007ffdc7d61000 	C:\WINDOWS\System32\IMM32.DLL
0x00007ffdb5570000 - 0x00007ffdb557c000 	C:\Program Files\Java\jdk-17\bin\vcruntime140_1.dll
0x00007ffd6ccb0000 - 0x00007ffd6cd3e000 	C:\Program Files\Java\jdk-17\bin\msvcp140.dll
0x00007ffd01910000 - 0x00007ffd024f1000 	C:\Program Files\Java\jdk-17\bin\server\jvm.dll
0x00007ffdc7180000 - 0x00007ffdc7188000 	C:\WINDOWS\System32\PSAPI.DLL
0x00007ffdc2390000 - 0x00007ffdc23c4000 	C:\WINDOWS\SYSTEM32\WINMM.dll
0x00007ffdc2070000 - 0x00007ffdc2079000 	C:\WINDOWS\SYSTEM32\WSOCK32.dll
0x00007ffdc8ca0000 - 0x00007ffdc8d11000 	C:\WINDOWS\System32\WS2_32.dll
0x00007ffdc5300000 - 0x00007ffdc5318000 	C:\WINDOWS\SYSTEM32\kernel.appcore.dll
0x00007ffdb1f20000 - 0x00007ffdb1f2a000 	C:\Program Files\Java\jdk-17\bin\jimage.dll
0x00007ffdc36a0000 - 0x00007ffdc38d2000 	C:\WINDOWS\SYSTEM32\DBGHELP.DLL
0x00007ffdc7da0000 - 0x00007ffdc8130000 	C:\WINDOWS\System32\combase.dll
0x00007ffdc6ee0000 - 0x00007ffdc6fb7000 	C:\WINDOWS\System32\OLEAUT32.dll
0x00007ffdc2680000 - 0x00007ffdc26b2000 	C:\WINDOWS\SYSTEM32\dbgcore.DLL
0x00007ffdc6e00000 - 0x00007ffdc6e7b000 	C:\WINDOWS\System32\bcryptPrimitives.dll
0x00007ffd6d1e0000 - 0x00007ffd6d205000 	C:\Program Files\Java\jdk-17\bin\java.dll

dbghelp: loaded successfully - version: 4.0.5 - missing functions: none
symbol engine: initialized successfully - sym options: 0x614 - pdb path: .;C:\Program Files\Java\jdk-17\bin;C:\WINDOWS\SYSTEM32;C:\WINDOWS\WinSxS\amd64_microsoft.windows.common-controls_6595b64144ccf1df_6.0.22621.4830_none_270fe7d773858e80;C:\Program Files\Java\jdk-17\bin\server

VM Arguments:
jvm_args: -Dfile.encoding=utf8 
java_command: c:\Users\tinhu\.trae\extensions\vscjava.vscode-gradle-3.15.0-universal\lib\gradle-language-server.jar
java_class_path (initial): c:\Users\tinhu\.trae\extensions\vscjava.vscode-gradle-3.15.0-universal\lib\gradle-language-server.jar
Launcher Type: SUN_STANDARD

[Global flags]
     intx CICompilerCount                          = 4                                         {product} {ergonomic}
     uint ConcGCThreads                            = 3                                         {product} {ergonomic}
     uint G1ConcRefinementThreads                  = 10                                        {product} {ergonomic}
   size_t G1HeapRegionSize                         = 2097152                                   {product} {ergonomic}
    uintx GCDrainStackTargetSize                   = 64                                        {product} {ergonomic}
   size_t InitialHeapSize                          = 257949696                                 {product} {ergonomic}
   size_t MarkStackSize                            = 4194304                                   {product} {ergonomic}
   size_t MaxHeapSize                              = 4123000832                                {product} {ergonomic}
   size_t MinHeapDeltaBytes                        = 2097152                                   {product} {ergonomic}
   size_t MinHeapSize                              = 8388608                                   {product} {ergonomic}
    uintx NonNMethodCodeHeapSize                   = 5839372                                {pd product} {ergonomic}
    uintx NonProfiledCodeHeapSize                  = 122909434                              {pd product} {ergonomic}
    uintx ProfiledCodeHeapSize                     = 122909434                              {pd product} {ergonomic}
    uintx ReservedCodeCacheSize                    = 251658240                              {pd product} {ergonomic}
     bool SegmentedCodeCache                       = true                                      {product} {ergonomic}
   size_t SoftMaxHeapSize                          = 4123000832                             {manageable} {ergonomic}
     bool UseCompressedClassPointers               = true                           {product lp64_product} {ergonomic}
     bool UseCompressedOops                        = true                           {product lp64_product} {ergonomic}
     bool UseG1GC                                  = true                                      {product} {ergonomic}
     bool UseLargePagesIndividualAllocation        = false                                  {pd product} {ergonomic}

Logging:
Log output configuration:
 #0: stdout all=warning uptime,level,tags
 #1: stderr all=off uptime,level,tags

Environment Variables:
JAVA_HOME=C:\Program Files\Java\jdk-17
PATH=C:\Program Files\Common Files\Oracle\Java\javapath;C:\Program Files (x86)\Common Files\Oracle\Java\javapath;C:\WINDOWS\system32;C:\WINDOWS;C:\WINDOWS\System32\Wbem;C:\WINDOWS\System32\WindowsPowerShell\v1.0\;C:\WINDOWS\System32\OpenSSH\;C:\Program Files (x86)\Microsoft SQL Server\160\Tools\Binn\;C:\Program Files\Microsoft SQL Server\160\Tools\Binn\;C:\Program Files\Microsoft SQL Server\Client SDK\ODBC\170\Tools\Binn\;C:\Program Files\Microsoft SQL Server\160\DTS\Binn\;C:\Program Files (x86)\Microsoft SQL Server\160\DTS\Binn\;C:\Program Files (x86)\Yarn\bin\;C:\Program Files\Git\cmd;C:\Users\tinhu\.foundry\bin;C:\Users\tinhu\.aiken\bin;C:\Program Files\cardano-node-10.1.3-win64\bin;C:\Users\tinhu\AppData\Roaming\nvm;C:\Program Files\nodejs;C:\Users\tinhu\AppData\Roaming\npm;D:\app\tin@269204\sui-testnet-v1.38.3-windows-x86_64;C:\Users\tinhu\AppData\Roaming\npm;C:\Program Files\Java\jdk-17\bin;C:\Users\tinhu\AppData\Local\scarb-v2.10.1-x86_64-pc-windows-msvc\bin;C:\Users\tinhu\.cargo\bin;C:\Users\tinhu\AppData\Local\starkli-x86_64-pc-windows-msvc;C:\Program Files\Cloudflare\Cloudflare WARP\;c:\Users\tinhu\AppData\Local\Programs\Trae\bin;C:\Users\tinhu\.cargo\bin;C:\Users\tinhu\AppData\Local\Programs\Python\Python311\Scripts\;C:\Users\tinhu\AppData\Local\Programs\Python\Python311\;C:\Users\tinhu\AppData\Local\Programs\Python\Python313\Scripts\;C:\Users\tinhu\AppData\Local\Programs\Python\Python313\;C:\Users\tinhu\AppData\Local\Microsoft\WindowsApps;C:\Users\tinhu\AppData\Local\Programs\Microsoft VS Code\bin;C:\Users\tinhu\AppData\Roaming\npm;C:\Users\tinhu\AppData\Local\Yarn\bin;D:\heroku\bin;C:\Users\tinhu\AppData\Roaming\nvm;C:\Program Files\nodejs;C:\Users\tinhu\AppData\Local\Programs\cursor\resources\app\bin
USERNAME=tins
OS=Windows_NT
PROCESSOR_IDENTIFIER=AMD64 Family 23 Model 104 Stepping 1, AuthenticAMD



---------------  S Y S T E M  ---------------

OS:
 Windows 11 , 64 bit Build 22621 (10.0.22621.4974)
OS uptime: 3 days 11:28 hours
Hyper-V role detected

CPU: total 12 (initial active 12) (12 cores per cpu, 2 threads per core) family 23 model 104 stepping 1 microcode 0x0, cx8, cmov, fxsr, ht, mmx, 3dnowpref, sse, sse2, sse3, ssse3, sse4a, sse4.1, sse4.2, popcnt, lzcnt, tsc, tscinvbit, avx, avx2, aes, clmul, bmi1, bmi2, adx, sha, fma, vzeroupper, clflush, clflushopt, hv

Memory: 4k page, system-wide physical 15722M (319M free)
TotalPageFile size 31722M (AvailPageFile size 233M)
current process WorkingSet (physical memory assigned to process): 11M, peak: 11M
current process commit charge ("private bytes"): 64M, peak: 310M

vm_info: Java HotSpot(TM) 64-Bit Server VM (17.0.9+11-LTS-201) for windows-amd64 JRE (17.0.9+11-LTS-201), built on Oct 10 2023 23:16:06 by "mach5one" with MS VC++ 17.1 (VS2022)

END.
