#
# There is insufficient memory for the Java Runtime Environment to continue.
# Native memory allocation (malloc) failed to allocate 693456 bytes. Error detail: Chunk::new
# Possible reasons:
#   The system is out of physical RAM or swap space
#   This process is running with CompressedOops enabled, and the Java Heap may be blocking the growth of the native heap
# Possible solutions:
#   Reduce memory load on the system
#   Increase physical memory or swap space
#   Check if swap backing store is full
#   Decrease Java heap size (-Xmx/-Xms)
#   Decrease number of Java threads
#   Decrease Java thread stack sizes (-Xss)
#   Set larger code cache with -XX:ReservedCodeCacheSize=
#   JVM is running with Unscaled Compressed Oops mode in which the Java heap is
#     placed in the first 4GB address space. The Java Heap base address is the
#     maximum limit for the native heap growth. Please use -XX:HeapBaseMinAddress
#     to set the Java Heap base and to place the Java Heap above 4GB virtual address.
# This output file may be truncated or incomplete.
#
#  Out of Memory Error (arena.cpp:168), pid=18592, tid=29300
#
# JRE version: OpenJDK Runtime Environment Temurin-21.0.5+11 (21.0.5+11) (build 21.0.5+11-LTS)
# Java VM: OpenJDK 64-Bit Server VM Temurin-21.0.5+11 (21.0.5+11-LTS, mixed mode, sharing, tiered, compressed oops, compressed class ptrs, parallel gc, windows-amd64)
# No core dump will be written. Minidumps are not enabled by default on client versions of Windows
#

---------------  S U M M A R Y ------------

Command Line: --add-modules=ALL-SYSTEM --add-opens=java.base/java.util=ALL-UNNAMED --add-opens=java.base/java.lang=ALL-UNNAMED --add-opens=java.base/sun.nio.fs=ALL-UNNAMED -Declipse.application=org.eclipse.jdt.ls.core.id1 -Dosgi.bundles.defaultStartLevel=4 -Declipse.product=org.eclipse.jdt.ls.core.product -Djava.import.generatesMetadataFilesAtProjectRoot=false -DDetectVMInstallationsJob.disabled=true -Dfile.encoding=utf8 -XX:+UseParallelGC -XX:GCTimeRatio=4 -XX:AdaptiveSizePolicyWeight=90 -Dsun.zip.disableMemoryMapping=true -Xmx1G -Xms100m -Xlog:disable -javaagent:c:\Users\ASUS\.vscode\extensions\redhat.java-1.39.0-win32-x64\lombok\lombok-1.18.34.jar -XX:+HeapDumpOnOutOfMemoryError -XX:HeapDumpPath=c:\Users\ASUS\AppData\Roaming\Code\User\workspaceStorage\a26ced7fe018b66e12da886babd7af56\redhat.java -Daether.dependencyCollector.impl=bf c:\Users\ASUS\.vscode\extensions\redhat.java-1.39.0-win32-x64\server\plugins\org.eclipse.equinox.launcher_1.6.900.v20240613-2009.jar -configuration c:\Users\ASUS\AppData\Roaming\Code\User\globalStorage\redhat.java\1.39.0\config_win -data c:\Users\ASUS\AppData\Roaming\Code\User\workspaceStorage\a26ced7fe018b66e12da886babd7af56\redhat.java\jdt_ws --pipe=\\.\pipe\lsp-17e406c49d4d9c07edbaa3e0ff7d0125-sock

Host: AMD Ryzen 7 6800H with Radeon Graphics         , 16 cores, 15G,  Windows 11 , 64 bit Build 22621 (10.0.22621.4830)
Time: Mon Feb 24 13:21:32 2025 SE Asia Standard Time elapsed time: 20.410736 seconds (0d 0h 0m 20s)

---------------  T H R E A D  ---------------

Current thread (0x00000203ed199780):  JavaThread "C2 CompilerThread0" daemon [_thread_in_native, id=29300, stack(0x000000faa7a00000,0x000000faa7b00000) (1024K)]


Current CompileTask:
C2:20412 8753       4       jdk.internal.jimage.ImageReader$SharedImageReader::makeDirectories (54 bytes)

Stack: [0x000000faa7a00000,0x000000faa7b00000]
Native frames: (J=compiled Java code, j=interpreted, Vv=VM code, C=native code)
V  [jvm.dll+0x6cd4e9]
V  [jvm.dll+0x8a7941]
V  [jvm.dll+0x8a9e6e]
V  [jvm.dll+0x8aa543]
V  [jvm.dll+0x27f6d6]
V  [jvm.dll+0xc500d]
V  [jvm.dll+0xc5543]
V  [jvm.dll+0x3b660c]
V  [jvm.dll+0x382835]
V  [jvm.dll+0x381c9a]
V  [jvm.dll+0x2479d0]
V  [jvm.dll+0x246faf]
V  [jvm.dll+0x1c75ce]
V  [jvm.dll+0x25682a]
V  [jvm.dll+0x254dca]
V  [jvm.dll+0x3f00d6]
V  [jvm.dll+0x8514fb]
V  [jvm.dll+0x6cbbed]
C  [ucrtbase.dll+0x29333]
C  [KERNEL32.DLL+0x1259d]
C  [ntdll.dll+0x5af38]


---------------  P R O C E S S  ---------------

Threads class SMR info:
_java_thread_list=0x00000203f44367c0, length=57, elements={
0x00000203966f0e60, 0x0000020396793380, 0x00000203aac3d9c0, 0x00000203967999e0,
0x000002039679a630, 0x000002039679fa30, 0x00000203ed1970c0, 0x00000203ed199780,
0x00000203967acd30, 0x00000203ed197750, 0x00000203ed197de0, 0x00000203ed1963a0,
0x00000203ed198470, 0x00000203ed196a30, 0x00000203ed195680, 0x00000203ed195d10,
0x00000203ed194ff0, 0x00000203f3be0150, 0x00000203f3be2f40, 0x00000203f3bdeda0,
0x00000203f3be28b0, 0x00000203f3be4980, 0x00000203f3be35d0, 0x00000203f3be42f0,
0x00000203f3bdf430, 0x00000203f3bdfac0, 0x00000203f3be0e70, 0x00000203f3be5010,
0x00000203f3be1500, 0x00000203f3be1b90, 0x00000203f3bde080, 0x00000203f3be2220,
0x00000203f3be3c60, 0x00000203f3be56a0, 0x00000203f3bde710, 0x00000203f69c4aa0,
0x00000203f69bf550, 0x00000203f69bfbe0, 0x00000203f69c57c0, 0x00000203f69c5e50,
0x00000203f69c29d0, 0x00000203f69beec0, 0x00000203f69c64e0, 0x00000203f69c0900,
0x00000203f69c0270, 0x00000203f69c0f90, 0x00000203f69c3060, 0x00000203ed43b4e0,
0x00000203f9cce820, 0x00000203f608df20, 0x00000203f4508840, 0x00000203f45095e0,
0x00000203f5b53690, 0x00000203f5b53d60, 0x00000203f5b50010, 0x00000203f5b573e0,
0x00000203f5b51b50
}

Java Threads: ( => current thread )
  0x00000203966f0e60 JavaThread "main"                              [_thread_blocked, id=29448, stack(0x000000faa7000000,0x000000faa7100000) (1024K)]
  0x0000020396793380 JavaThread "Reference Handler"          daemon [_thread_blocked, id=19744, stack(0x000000faa7400000,0x000000faa7500000) (1024K)]
  0x00000203aac3d9c0 JavaThread "Finalizer"                  daemon [_thread_blocked, id=6284, stack(0x000000faa7500000,0x000000faa7600000) (1024K)]
  0x00000203967999e0 JavaThread "Signal Dispatcher"          daemon [_thread_blocked, id=13228, stack(0x000000faa7600000,0x000000faa7700000) (1024K)]
  0x000002039679a630 JavaThread "Attach Listener"            daemon [_thread_blocked, id=22516, stack(0x000000faa7700000,0x000000faa7800000) (1024K)]
  0x000002039679fa30 JavaThread "Service Thread"             daemon [_thread_blocked, id=23620, stack(0x000000faa7800000,0x000000faa7900000) (1024K)]
  0x00000203ed1970c0 JavaThread "Monitor Deflation Thread"   daemon [_thread_blocked, id=27788, stack(0x000000faa7900000,0x000000faa7a00000) (1024K)]
=>0x00000203ed199780 JavaThread "C2 CompilerThread0"         daemon [_thread_in_native, id=29300, stack(0x000000faa7a00000,0x000000faa7b00000) (1024K)]
  0x00000203967acd30 JavaThread "C1 CompilerThread0"         daemon [_thread_in_vm, id=18568, stack(0x000000faa7b00000,0x000000faa7c00000) (1024K)]
  0x00000203ed197750 JavaThread "Common-Cleaner"             daemon [_thread_blocked, id=8680, stack(0x000000faa7c00000,0x000000faa7d00000) (1024K)]
  0x00000203ed197de0 JavaThread "Notification Thread"        daemon [_thread_blocked, id=3836, stack(0x000000faa8100000,0x000000faa8200000) (1024K)]
  0x00000203ed1963a0 JavaThread "Active Thread: Equinox Container: e413bb3c-bf84-42a5-9c84-735e1731f989"        [_thread_blocked, id=24600, stack(0x000000faa8900000,0x000000faa8a00000) (1024K)]
  0x00000203ed198470 JavaThread "Refresh Thread: Equinox Container: e413bb3c-bf84-42a5-9c84-735e1731f989" daemon [_thread_blocked, id=16052, stack(0x000000faa8c00000,0x000000faa8d00000) (1024K)]
  0x00000203ed196a30 JavaThread "Framework Event Dispatcher: Equinox Container: e413bb3c-bf84-42a5-9c84-735e1731f989" daemon [_thread_blocked, id=26996, stack(0x000000faa8d00000,0x000000faa8e00000) (1024K)]
  0x00000203ed195680 JavaThread "Start Level: Equinox Container: e413bb3c-bf84-42a5-9c84-735e1731f989" daemon [_thread_blocked, id=20184, stack(0x000000faa8e00000,0x000000faa8f00000) (1024K)]
  0x00000203ed195d10 JavaThread "Bundle File Closer"         daemon [_thread_blocked, id=13540, stack(0x000000faa8f00000,0x000000faa9000000) (1024K)]
  0x00000203ed194ff0 JavaThread "SCR Component Actor"        daemon [_thread_blocked, id=28932, stack(0x000000faa8300000,0x000000faa8400000) (1024K)]
  0x00000203f3be0150 JavaThread "Worker-JM"                         [_thread_blocked, id=28992, stack(0x000000faa9600000,0x000000faa9700000) (1024K)]
  0x00000203f3be2f40 JavaThread "Worker-0: Initialize Workspace"        [_thread_blocked, id=25320, stack(0x000000faa9700000,0x000000faa9800000) (1024K)]
  0x00000203f3bdeda0 JavaThread "Worker-1: Refreshing workspace"        [_thread_blocked, id=28344, stack(0x000000faa9800000,0x000000faa9900000) (1024K)]
  0x00000203f3be28b0 JavaThread "Java indexing"              daemon [_thread_blocked, id=29576, stack(0x000000faa9900000,0x000000faa9a00000) (1024K)]
  0x00000203f3be4980 JavaThread "JNA Cleaner"                daemon [_thread_blocked, id=9204, stack(0x000000faa9a00000,0x000000faa9b00000) (1024K)]
  0x00000203f3be35d0 JavaThread "Worker-2: Initialize workspace"        [_thread_blocked, id=1084, stack(0x000000faa9b00000,0x000000faa9c00000) (1024K)]
  0x00000203f3be42f0 JavaThread "Worker-3: Building"                [_thread_blocked, id=4324, stack(0x000000faa9c00000,0x000000faa9d00000) (1024K)]
  0x00000203f3bdf430 JavaThread "Thread-2"                   daemon [_thread_in_native, id=16496, stack(0x000000faa9d00000,0x000000faa9e00000) (1024K)]
  0x00000203f3bdfac0 JavaThread "Thread-3"                   daemon [_thread_in_native, id=19576, stack(0x000000faa9e00000,0x000000faa9f00000) (1024K)]
  0x00000203f3be0e70 JavaThread "Thread-4"                   daemon [_thread_in_native, id=12920, stack(0x000000faa9f00000,0x000000faaa000000) (1024K)]
  0x00000203f3be5010 JavaThread "Thread-5"                   daemon [_thread_in_native, id=11232, stack(0x000000faaa000000,0x000000faaa100000) (1024K)]
  0x00000203f3be1500 JavaThread "Thread-6"                   daemon [_thread_in_native, id=21508, stack(0x000000faaa100000,0x000000faaa200000) (1024K)]
  0x00000203f3be1b90 JavaThread "Thread-7"                   daemon [_thread_in_native, id=27576, stack(0x000000faaa200000,0x000000faaa300000) (1024K)]
  0x00000203f3bde080 JavaThread "Thread-8"                   daemon [_thread_in_native, id=14828, stack(0x000000faaa300000,0x000000faaa400000) (1024K)]
  0x00000203f3be2220 JavaThread "Thread-9"                   daemon [_thread_in_native, id=26284, stack(0x000000faaa400000,0x000000faaa500000) (1024K)]
  0x00000203f3be3c60 JavaThread "Thread-10"                  daemon [_thread_in_native, id=25504, stack(0x000000faaa500000,0x000000faaa600000) (1024K)]
  0x00000203f3be56a0 JavaThread "Thread-11"                  daemon [_thread_in_native, id=7116, stack(0x000000faaa600000,0x000000faaa700000) (1024K)]
  0x00000203f3bde710 JavaThread "Thread-12"                  daemon [_thread_in_native, id=18492, stack(0x000000faaa700000,0x000000faaa800000) (1024K)]
  0x00000203f69c4aa0 JavaThread "Thread-13"                  daemon [_thread_in_native, id=15888, stack(0x000000faaa800000,0x000000faaa900000) (1024K)]
  0x00000203f69bf550 JavaThread "Thread-14"                  daemon [_thread_in_native, id=12224, stack(0x000000faaa900000,0x000000faaaa00000) (1024K)]
  0x00000203f69bfbe0 JavaThread "Thread-15"                  daemon [_thread_in_native, id=28016, stack(0x000000faaaa00000,0x000000faaab00000) (1024K)]
  0x00000203f69c57c0 JavaThread "Thread-16"                  daemon [_thread_in_native, id=24456, stack(0x000000faaab00000,0x000000faaac00000) (1024K)]
  0x00000203f69c5e50 JavaThread "Thread-17"                  daemon [_thread_in_native, id=9860, stack(0x000000faaac00000,0x000000faaad00000) (1024K)]
  0x00000203f69c29d0 JavaThread "Thread-18"                  daemon [_thread_in_native, id=6340, stack(0x000000faaad00000,0x000000faaae00000) (1024K)]
  0x00000203f69beec0 JavaThread "pool-2-thread-1"                   [_thread_blocked, id=29460, stack(0x000000faaaf00000,0x000000faab000000) (1024K)]
  0x00000203f69c64e0 JavaThread "WorkspaceEventsHandler"            [_thread_blocked, id=10692, stack(0x000000faab200000,0x000000faab300000) (1024K)]
  0x00000203f69c0900 JavaThread "pool-1-thread-1"                   [_thread_blocked, id=16292, stack(0x000000faab300000,0x000000faab400000) (1024K)]
  0x00000203f69c0270 JavaThread "Worker-4"                          [_thread_blocked, id=24076, stack(0x000000faab700000,0x000000faab800000) (1024K)]
  0x00000203f69c0f90 JavaThread "Worker-5"                          [_thread_blocked, id=13516, stack(0x000000faab800000,0x000000faab900000) (1024K)]
  0x00000203f69c3060 JavaThread "pool-3-thread-1"                   [_thread_blocked, id=24932, stack(0x000000faa7f00000,0x000000faa8000000) (1024K)]
  0x00000203ed43b4e0 JavaThread "C1 CompilerThread1"         daemon [_thread_in_vm, id=7900, stack(0x000000faa7d00000,0x000000faa7e00000) (1024K)]
  0x00000203f9cce820 JavaThread "C1 CompilerThread2"         daemon [_thread_blocked, id=26864, stack(0x000000faa7e00000,0x000000faa7f00000) (1024K)]
  0x00000203f608df20 JavaThread "C1 CompilerThread3"         daemon [_thread_blocked, id=360, stack(0x000000faa8000000,0x000000faa8100000) (1024K)]
  0x00000203f4508840 JavaThread "C2 CompilerThread1"         daemon [_thread_blocked, id=25376, stack(0x000000faa8200000,0x000000faa8300000) (1024K)]
  0x00000203f45095e0 JavaThread "C2 CompilerThread2"         daemon [_thread_in_native, id=1260, stack(0x000000faa9300000,0x000000faa9400000) (1024K)]
  0x00000203f5b53690 JavaThread "C2 CompilerThread3"         daemon [_thread_blocked, id=28136, stack(0x000000faaae00000,0x000000faaaf00000) (1024K)]
  0x00000203f5b53d60 JavaThread "C2 CompilerThread4"         daemon [_thread_in_native, id=3840, stack(0x000000faab000000,0x000000faab100000) (1024K)]
  0x00000203f5b50010 JavaThread "C2 CompilerThread5"         daemon [_thread_in_native, id=15196, stack(0x000000faab400000,0x000000faab500000) (1024K)]
  0x00000203f5b573e0 JavaThread "C2 CompilerThread6"         daemon [_thread_in_native, id=16132, stack(0x000000faab500000,0x000000faab600000) (1024K)]
  0x00000203f5b51b50 JavaThread "C2 CompilerThread7"         daemon [_thread_in_native, id=3200, stack(0x000000faab600000,0x000000faab700000) (1024K)]
Total: 57

Other Threads:
  0x000002039678e7d0 VMThread "VM Thread"                           [id=24952, stack(0x000000faa7300000,0x000000faa7400000) (1024K)] _threads_hazard_ptr=0x00000203f44367c0
  0x00000203aab1ca00 WatcherThread "VM Periodic Task Thread"        [id=23132, stack(0x000000faa7200000,0x000000faa7300000) (1024K)]
  0x000002039670ef50 WorkerThread "GC Thread#0"                     [id=14928, stack(0x000000faa7100000,0x000000faa7200000) (1024K)]
  0x00000203f3746bd0 WorkerThread "GC Thread#1"                     [id=7680, stack(0x000000faa8400000,0x000000faa8500000) (1024K)]
  0x00000203f371e170 WorkerThread "GC Thread#2"                     [id=1524, stack(0x000000faa8500000,0x000000faa8600000) (1024K)]
  0x00000203f310f240 WorkerThread "GC Thread#3"                     [id=2212, stack(0x000000faa8600000,0x000000faa8700000) (1024K)]
  0x00000203f31e16a0 WorkerThread "GC Thread#4"                     [id=12976, stack(0x000000faa8700000,0x000000faa8800000) (1024K)]
  0x00000203f31e1a40 WorkerThread "GC Thread#5"                     [id=22972, stack(0x000000faa8800000,0x000000faa8900000) (1024K)]
  0x00000203f3979580 WorkerThread "GC Thread#6"                     [id=1732, stack(0x000000faa8a00000,0x000000faa8b00000) (1024K)]
  0x00000203f3ad8c00 WorkerThread "GC Thread#7"                     [id=3888, stack(0x000000faa8b00000,0x000000faa8c00000) (1024K)]
  0x00000203f3ebdbf0 WorkerThread "GC Thread#8"                     [id=20356, stack(0x000000faa9000000,0x000000faa9100000) (1024K)]
  0x00000203f4285dd0 WorkerThread "GC Thread#9"                     [id=29528, stack(0x000000faa9100000,0x000000faa9200000) (1024K)]
  0x00000203f4286170 WorkerThread "GC Thread#10"                    [id=11136, stack(0x000000faa9200000,0x000000faa9300000) (1024K)]
  0x00000203f4286510 WorkerThread "GC Thread#11"                    [id=29452, stack(0x000000faa9400000,0x000000faa9500000) (1024K)]
  0x00000203f4284bb0 WorkerThread "GC Thread#12"                    [id=16412, stack(0x000000faa9500000,0x000000faa9600000) (1024K)]
Total: 15

Threads with active compile tasks:
C2 CompilerThread0  20478 8753       4       jdk.internal.jimage.ImageReader$SharedImageReader::makeDirectories (54 bytes)
C1 CompilerThread0  20480 8865       3       java.util.Iterator::forEachRemaining (30 bytes)
C1 CompilerThread1  20480 8866       3       org.eclipse.jdt.internal.core.PackageFragmentRoot::getPath (5 bytes)
C2 CompilerThread1  20481 8809       4       jdk.internal.jrtfs.JrtFileSystem::lambda$iteratorOf$2 (20 bytes)
C2 CompilerThread2  20481 8856       4       org.eclipse.jdt.internal.core.util.WeakHashSet::add (105 bytes)
C2 CompilerThread3  20482 8734   !   4       java.nio.file.FileTreeWalker::next (144 bytes)
C2 CompilerThread4  20482 8760       4       jdk.internal.jimage.ImageLocation::getFullName (109 bytes)
C2 CompilerThread5  20483 8837       4       jdk.internal.jrtfs.JrtPath::resolve (125 bytes)
C2 CompilerThread6  20483 8808       4       jdk.internal.jrtfs.JrtFileSystem$$Lambda/0x00000203ac6356c8::apply (16 bytes)
C2 CompilerThread7  20484 8799   !   4       java.nio.file.FileTreeWalker::visit (204 bytes)
Total: 10

VM state: synchronizing (normal execution)

VM Mutex/Monitor currently owned by a thread:  ([mutex/lock_event])
[0x00007ffc6e76d380] Threads_lock - owner thread: 0x000002039678e7d0
[0x00007ffc6e76d480] Heap_lock - owner thread: 0x00000203f69c0900

Heap address: 0x00000000c0000000, size: 1024 MB, Compressed Oops mode: 32-bit

CDS archive(s) mapped at: [0x00000203ab000000-0x00000203abba0000-0x00000203abba0000), size 12189696, SharedBaseAddress: 0x00000203ab000000, ArchiveRelocationMode: 1.
Compressed class space mapped at: 0x00000203ac000000-0x00000203ec000000, reserved size: 1073741824
Narrow klass base: 0x00000203ab000000, Narrow klass shift: 0, Narrow klass range: 0x100000000

GC Precious Log:
 CardTable entry size: 512
 CPUs: 16 total, 16 available
 Memory: 15613M
 Large Page Support: Disabled
 NUMA Support: Disabled
 Compressed Oops: Enabled (32-bit)
 Alignments: Space 512K, Generation 512K, Heap 2M
 Heap Min Capacity: 100M
 Heap Initial Capacity: 100M
 Heap Max Capacity: 1G
 Pre-touch: Disabled
 Parallel Workers: 13

Heap:
 PSYoungGen      total 23040K, used 22880K [0x00000000eab00000, 0x00000000ec480000, 0x0000000100000000)
  eden space 20480K, 100% used [0x00000000eab00000,0x00000000ebf00000,0x00000000ebf00000)
  from space 2560K, 93% used [0x00000000ec200000,0x00000000ec458040,0x00000000ec480000)
  to   space 2560K, 0% used [0x00000000ebf80000,0x00000000ebf80000,0x00000000ec200000)
 ParOldGen       total 68608K, used 28919K [0x00000000c0000000, 0x00000000c4300000, 0x00000000eab00000)
  object space 68608K, 42% used [0x00000000c0000000,0x00000000c1c3dc70,0x00000000c4300000)
 Metaspace       used 54851K, committed 56064K, reserved 1114112K
  class space    used 5822K, committed 6336K, reserved 1048576K

Card table byte_map: [0x00000203960a0000,0x00000203962b0000] _byte_map_base: 0x0000020395aa0000

Marking Bits: (ParMarkBitMap*) 0x00007ffc6e772250
 Begin Bits: [0x00000203a8a40000, 0x00000203a9a40000)
 End Bits:   [0x00000203a9a40000, 0x00000203aaa40000)

Polling page: 0x0000020394670000

Metaspace:

Usage:
  Non-class:     47.88 MB used.
      Class:      5.69 MB used.
       Both:     53.57 MB used.

Virtual space:
  Non-class space:       64.00 MB reserved,      48.56 MB ( 76%) committed,  1 nodes.
      Class space:        1.00 GB reserved,       6.19 MB ( <1%) committed,  1 nodes.
             Both:        1.06 GB reserved,      54.75 MB (  5%) committed. 

Chunk freelists:
   Non-Class:  15.19 MB
       Class:  9.69 MB
        Both:  24.88 MB

MaxMetaspaceSize: unlimited
CompressedClassSpaceSize: 1.00 GB
Initial GC threshold: 21.00 MB
Current GC threshold: 58.38 MB
CDS: on
 - commit_granule_bytes: 65536.
 - commit_granule_words: 8192.
 - virtual_space_node_default_size: 8388608.
 - enlarge_chunks_in_place: 1.
 - use_allocation_guard: 0.


Internal statistics:

num_allocs_failed_limit: 6.
num_arena_births: 844.
num_arena_deaths: 14.
num_vsnodes_births: 2.
num_vsnodes_deaths: 0.
num_space_committed: 876.
num_space_uncommitted: 0.
num_chunks_returned_to_freelist: 20.
num_chunks_taken_from_freelist: 3143.
num_chunk_merges: 12.
num_chunk_splits: 1943.
num_chunks_enlarged: 1112.
num_inconsistent_stats: 0.

CodeHeap 'non-profiled nmethods': size=119168Kb used=4658Kb max_used=4658Kb free=114509Kb
 bounds [0x00000203a15e0000, 0x00000203a1a70000, 0x00000203a8a40000]
CodeHeap 'profiled nmethods': size=119104Kb used=18100Kb max_used=18100Kb free=101003Kb
 bounds [0x0000020399a40000, 0x000002039abf0000, 0x00000203a0e90000]
CodeHeap 'non-nmethods': size=7488Kb used=3101Kb max_used=3170Kb free=4386Kb
 bounds [0x00000203a0e90000, 0x00000203a11b0000, 0x00000203a15e0000]
 total_blobs=8980 nmethods=8263 adapters=620
 compilation: enabled
              stopped_count=0, restarted_count=0
 full_count=0

Compilation events (20 events):
Event: 20.397 Thread 0x00000203f5b50010 nmethod 8770 0x00000203a1a65010 code [0x00000203a1a652c0, 0x00000203a1a65ba0]
Event: 20.397 Thread 0x00000203f5b573e0 nmethod 8803 0x00000203a1a66510 code [0x00000203a1a66780, 0x00000203a1a66e38]
Event: 20.397 Thread 0x00000203f4508840 nmethod 8769 0x00000203a1a67610 code [0x00000203a1a67920, 0x00000203a1a685e0]
Event: 20.398 Thread 0x00000203f5b573e0 8823       4       java.util.Spliterators$1Adapter::next (39 bytes)
Event: 20.399 Thread 0x00000203f5b50010 8787       4       java.util.ArrayList::subList (20 bytes)
Event: 20.399 Thread 0x00000203f4508840 8841       4       jdk.internal.jrtfs.JrtFileAttributes::isDirectory (8 bytes)
Event: 20.400 Thread 0x00000203f5b573e0 nmethod 8823 0x00000203a1a69310 code [0x00000203a1a694a0, 0x00000203a1a69558]
Event: 20.400 Thread 0x00000203f5b573e0 8808       4       jdk.internal.jrtfs.JrtFileSystem$$Lambda/0x00000203ac6356c8::apply (16 bytes)
Event: 20.400 Thread 0x00000203f4508840 nmethod 8841 0x00000203a1a69610 code [0x00000203a1a697a0, 0x00000203a1a69850]
Event: 20.400 Thread 0x00000203f4508840 8809       4       jdk.internal.jrtfs.JrtFileSystem::lambda$iteratorOf$2 (20 bytes)
Event: 20.400 Thread 0x00000203f5b50010 nmethod 8787 0x00000203a1a69910 code [0x00000203a1a69aa0, 0x00000203a1a69c28]
Event: 20.400 Thread 0x00000203f5b50010 8837       4       jdk.internal.jrtfs.JrtPath::resolve (125 bytes)
Event: 20.402 Thread 0x00000203f9cce820 8857       3       org.eclipse.jdt.internal.core.JarPackageFragmentRoot::isExternal (11 bytes)
Event: 20.402 Thread 0x00000203967acd30 8858       3       org.eclipse.jdt.internal.core.JavaElement::appendEscapedDelimiter (14 bytes)
Event: 20.402 Thread 0x00000203967acd30 nmethod 8858 0x000002039abdb610 code [0x000002039abdb7e0, 0x000002039abdba40]
Event: 20.402 Thread 0x00000203f9cce820 nmethod 8857 0x000002039abdbb90 code [0x000002039abdbda0, 0x000002039abdc6b8]
Event: 20.402 Thread 0x00000203f9cce820 8859       3       org.eclipse.jdt.internal.core.JavaProject::getPerProjectInfo (11 bytes)
Event: 20.402 Thread 0x00000203ed43b4e0 8860       3       org.eclipse.jdt.internal.core.JavaModelManager::getPerProjectInfoCheckExistence (38 bytes)
Event: 20.402 Thread 0x00000203f9cce820 nmethod 8859 0x000002039abdc910 code [0x000002039abdcac0, 0x000002039abdcc98]
Event: 20.403 Thread 0x00000203ed43b4e0 nmethod 8860 0x000002039abdcd90 code [0x000002039abdcfe0, 0x000002039abdd820]

GC Heap History (20 events):
Event: 3.757 GC heap before
{Heap before GC invocations=17 (full 2):
 PSYoungGen      total 22016K, used 21696K [0x00000000eab00000, 0x00000000ec580000, 0x0000000100000000)
  eden space 20480K, 100% used [0x00000000eab00000,0x00000000ebf00000,0x00000000ebf00000)
  from space 1536K, 79% used [0x00000000ec400000,0x00000000ec5302d0,0x00000000ec580000)
  to   space 1536K, 0% used [0x00000000ec280000,0x00000000ec280000,0x00000000ec400000)
 ParOldGen       total 68608K, used 19322K [0x00000000c0000000, 0x00000000c4300000, 0x00000000eab00000)
  object space 68608K, 28% used [0x00000000c0000000,0x00000000c12de888,0x00000000c4300000)
 Metaspace       used 39583K, committed 40576K, reserved 1114112K
  class space    used 4069K, committed 4544K, reserved 1048576K
}
Event: 3.758 GC heap after
{Heap after GC invocations=17 (full 2):
 PSYoungGen      total 22016K, used 1161K [0x00000000eab00000, 0x00000000ec480000, 0x0000000100000000)
  eden space 20480K, 0% used [0x00000000eab00000,0x00000000eab00000,0x00000000ebf00000)
  from space 1536K, 75% used [0x00000000ec280000,0x00000000ec3a2460,0x00000000ec400000)
  to   space 512K, 0% used [0x00000000ec400000,0x00000000ec400000,0x00000000ec480000)
 ParOldGen       total 68608K, used 20043K [0x00000000c0000000, 0x00000000c4300000, 0x00000000eab00000)
  object space 68608K, 29% used [0x00000000c0000000,0x00000000c1392f80,0x00000000c4300000)
 Metaspace       used 39583K, committed 40576K, reserved 1114112K
  class space    used 4069K, committed 4544K, reserved 1048576K
}
Event: 3.929 GC heap before
{Heap before GC invocations=18 (full 2):
 PSYoungGen      total 22016K, used 21641K [0x00000000eab00000, 0x00000000ec480000, 0x0000000100000000)
  eden space 20480K, 100% used [0x00000000eab00000,0x00000000ebf00000,0x00000000ebf00000)
  from space 1536K, 75% used [0x00000000ec280000,0x00000000ec3a2460,0x00000000ec400000)
  to   space 512K, 0% used [0x00000000ec400000,0x00000000ec400000,0x00000000ec480000)
 ParOldGen       total 68608K, used 20043K [0x00000000c0000000, 0x00000000c4300000, 0x00000000eab00000)
  object space 68608K, 29% used [0x00000000c0000000,0x00000000c1392f80,0x00000000c4300000)
 Metaspace       used 41221K, committed 42304K, reserved 1114112K
  class space    used 4264K, committed 4736K, reserved 1048576K
}
Event: 3.930 GC heap after
{Heap after GC invocations=18 (full 2):
 PSYoungGen      total 20992K, used 512K [0x00000000eab00000, 0x00000000ec480000, 0x0000000100000000)
  eden space 20480K, 0% used [0x00000000eab00000,0x00000000eab00000,0x00000000ebf00000)
  from space 512K, 100% used [0x00000000ec400000,0x00000000ec480000,0x00000000ec480000)
  to   space 2048K, 0% used [0x00000000ec080000,0x00000000ec080000,0x00000000ec280000)
 ParOldGen       total 68608K, used 21093K [0x00000000c0000000, 0x00000000c4300000, 0x00000000eab00000)
  object space 68608K, 30% used [0x00000000c0000000,0x00000000c1499400,0x00000000c4300000)
 Metaspace       used 41221K, committed 42304K, reserved 1114112K
  class space    used 4264K, committed 4736K, reserved 1048576K
}
Event: 4.368 GC heap before
{Heap before GC invocations=19 (full 2):
 PSYoungGen      total 20992K, used 20992K [0x00000000eab00000, 0x00000000ec480000, 0x0000000100000000)
  eden space 20480K, 100% used [0x00000000eab00000,0x00000000ebf00000,0x00000000ebf00000)
  from space 512K, 100% used [0x00000000ec400000,0x00000000ec480000,0x00000000ec480000)
  to   space 2048K, 0% used [0x00000000ec080000,0x00000000ec080000,0x00000000ec280000)
 ParOldGen       total 68608K, used 21093K [0x00000000c0000000, 0x00000000c4300000, 0x00000000eab00000)
  object space 68608K, 30% used [0x00000000c0000000,0x00000000c1499400,0x00000000c4300000)
 Metaspace       used 43646K, committed 44672K, reserved 1114112K
  class space    used 4585K, committed 4992K, reserved 1048576K
}
Event: 4.369 GC heap after
{Heap after GC invocations=19 (full 2):
 PSYoungGen      total 22528K, used 1776K [0x00000000eab00000, 0x00000000ec480000, 0x0000000100000000)
  eden space 20480K, 0% used [0x00000000eab00000,0x00000000eab00000,0x00000000ebf00000)
  from space 2048K, 86% used [0x00000000ec080000,0x00000000ec23c010,0x00000000ec280000)
  to   space 2048K, 0% used [0x00000000ec280000,0x00000000ec280000,0x00000000ec480000)
 ParOldGen       total 68608K, used 21541K [0x00000000c0000000, 0x00000000c4300000, 0x00000000eab00000)
  object space 68608K, 31% used [0x00000000c0000000,0x00000000c1509400,0x00000000c4300000)
 Metaspace       used 43646K, committed 44672K, reserved 1114112K
  class space    used 4585K, committed 4992K, reserved 1048576K
}
Event: 4.999 GC heap before
{Heap before GC invocations=20 (full 2):
 PSYoungGen      total 22528K, used 22256K [0x00000000eab00000, 0x00000000ec480000, 0x0000000100000000)
  eden space 20480K, 100% used [0x00000000eab00000,0x00000000ebf00000,0x00000000ebf00000)
  from space 2048K, 86% used [0x00000000ec080000,0x00000000ec23c010,0x00000000ec280000)
  to   space 2048K, 0% used [0x00000000ec280000,0x00000000ec280000,0x00000000ec480000)
 ParOldGen       total 68608K, used 21541K [0x00000000c0000000, 0x00000000c4300000, 0x00000000eab00000)
  object space 68608K, 31% used [0x00000000c0000000,0x00000000c1509400,0x00000000c4300000)
 Metaspace       used 46158K, committed 47296K, reserved 1114112K
  class space    used 4909K, committed 5440K, reserved 1048576K
}
Event: 5.001 GC heap after
{Heap after GC invocations=20 (full 2):
 PSYoungGen      total 22016K, used 1472K [0x00000000eab00000, 0x00000000ec400000, 0x0000000100000000)
  eden space 20480K, 0% used [0x00000000eab00000,0x00000000eab00000,0x00000000ebf00000)
  from space 1536K, 95% used [0x00000000ec280000,0x00000000ec3f0000,0x00000000ec400000)
  to   space 2048K, 0% used [0x00000000ec000000,0x00000000ec000000,0x00000000ec200000)
 ParOldGen       total 68608K, used 22985K [0x00000000c0000000, 0x00000000c4300000, 0x00000000eab00000)
  object space 68608K, 33% used [0x00000000c0000000,0x00000000c16724e0,0x00000000c4300000)
 Metaspace       used 46158K, committed 47296K, reserved 1114112K
  class space    used 4909K, committed 5440K, reserved 1048576K
}
Event: 5.666 GC heap before
{Heap before GC invocations=21 (full 2):
 PSYoungGen      total 22016K, used 21952K [0x00000000eab00000, 0x00000000ec400000, 0x0000000100000000)
  eden space 20480K, 100% used [0x00000000eab00000,0x00000000ebf00000,0x00000000ebf00000)
  from space 1536K, 95% used [0x00000000ec280000,0x00000000ec3f0000,0x00000000ec400000)
  to   space 2048K, 0% used [0x00000000ec000000,0x00000000ec000000,0x00000000ec200000)
 ParOldGen       total 68608K, used 22985K [0x00000000c0000000, 0x00000000c4300000, 0x00000000eab00000)
  object space 68608K, 33% used [0x00000000c0000000,0x00000000c16724e0,0x00000000c4300000)
 Metaspace       used 48694K, committed 49792K, reserved 1114112K
  class space    used 5210K, committed 5760K, reserved 1048576K
}
Event: 5.671 GC heap after
{Heap after GC invocations=21 (full 2):
 PSYoungGen      total 22016K, used 1328K [0x00000000eab00000, 0x00000000ec300000, 0x0000000100000000)
  eden space 20480K, 0% used [0x00000000eab00000,0x00000000eab00000,0x00000000ebf00000)
  from space 1536K, 86% used [0x00000000ec000000,0x00000000ec14c010,0x00000000ec180000)
  to   space 1536K, 0% used [0x00000000ec180000,0x00000000ec180000,0x00000000ec300000)
 ParOldGen       total 68608K, used 24241K [0x00000000c0000000, 0x00000000c4300000, 0x00000000eab00000)
  object space 68608K, 35% used [0x00000000c0000000,0x00000000c17ac4e0,0x00000000c4300000)
 Metaspace       used 48694K, committed 49792K, reserved 1114112K
  class space    used 5210K, committed 5760K, reserved 1048576K
}
Event: 15.938 GC heap before
{Heap before GC invocations=22 (full 2):
 PSYoungGen      total 22016K, used 21808K [0x00000000eab00000, 0x00000000ec300000, 0x0000000100000000)
  eden space 20480K, 100% used [0x00000000eab00000,0x00000000ebf00000,0x00000000ebf00000)
  from space 1536K, 86% used [0x00000000ec000000,0x00000000ec14c010,0x00000000ec180000)
  to   space 1536K, 0% used [0x00000000ec180000,0x00000000ec180000,0x00000000ec300000)
 ParOldGen       total 68608K, used 24241K [0x00000000c0000000, 0x00000000c4300000, 0x00000000eab00000)
  object space 68608K, 35% used [0x00000000c0000000,0x00000000c17ac4e0,0x00000000c4300000)
 Metaspace       used 50457K, committed 51520K, reserved 1114112K
  class space    used 5394K, committed 5888K, reserved 1048576K
}
Event: 15.939 GC heap after
{Heap after GC invocations=22 (full 2):
 PSYoungGen      total 21504K, used 992K [0x00000000eab00000, 0x00000000ec280000, 0x0000000100000000)
  eden space 20480K, 0% used [0x00000000eab00000,0x00000000eab00000,0x00000000ebf00000)
  from space 1024K, 96% used [0x00000000ec180000,0x00000000ec278000,0x00000000ec280000)
  to   space 1536K, 0% used [0x00000000ebf80000,0x00000000ebf80000,0x00000000ec100000)
 ParOldGen       total 68608K, used 25277K [0x00000000c0000000, 0x00000000c4300000, 0x00000000eab00000)
  object space 68608K, 36% used [0x00000000c0000000,0x00000000c18af418,0x00000000c4300000)
 Metaspace       used 50457K, committed 51520K, reserved 1114112K
  class space    used 5394K, committed 5888K, reserved 1048576K
}
Event: 19.941 GC heap before
{Heap before GC invocations=23 (full 2):
 PSYoungGen      total 21504K, used 21472K [0x00000000eab00000, 0x00000000ec280000, 0x0000000100000000)
  eden space 20480K, 100% used [0x00000000eab00000,0x00000000ebf00000,0x00000000ebf00000)
  from space 1024K, 96% used [0x00000000ec180000,0x00000000ec278000,0x00000000ec280000)
  to   space 1536K, 0% used [0x00000000ebf80000,0x00000000ebf80000,0x00000000ec100000)
 ParOldGen       total 68608K, used 25277K [0x00000000c0000000, 0x00000000c4300000, 0x00000000eab00000)
  object space 68608K, 36% used [0x00000000c0000000,0x00000000c18af418,0x00000000c4300000)
 Metaspace       used 51928K, committed 53120K, reserved 1114112K
  class space    used 5525K, committed 6016K, reserved 1048576K
}
Event: 19.942 GC heap after
{Heap after GC invocations=23 (full 2):
 PSYoungGen      total 22016K, used 992K [0x00000000eab00000, 0x00000000ec200000, 0x0000000100000000)
  eden space 20480K, 0% used [0x00000000eab00000,0x00000000eab00000,0x00000000ebf00000)
  from space 1536K, 64% used [0x00000000ebf80000,0x00000000ec078020,0x00000000ec100000)
  to   space 1024K, 0% used [0x00000000ec100000,0x00000000ec100000,0x00000000ec200000)
 ParOldGen       total 68608K, used 26027K [0x00000000c0000000, 0x00000000c4300000, 0x00000000eab00000)
  object space 68608K, 37% used [0x00000000c0000000,0x00000000c196aef0,0x00000000c4300000)
 Metaspace       used 51928K, committed 53120K, reserved 1114112K
  class space    used 5525K, committed 6016K, reserved 1048576K
}
Event: 20.064 GC heap before
{Heap before GC invocations=24 (full 2):
 PSYoungGen      total 22016K, used 21472K [0x00000000eab00000, 0x00000000ec200000, 0x0000000100000000)
  eden space 20480K, 100% used [0x00000000eab00000,0x00000000ebf00000,0x00000000ebf00000)
  from space 1536K, 64% used [0x00000000ebf80000,0x00000000ec078020,0x00000000ec100000)
  to   space 1024K, 0% used [0x00000000ec100000,0x00000000ec100000,0x00000000ec200000)
 ParOldGen       total 68608K, used 26027K [0x00000000c0000000, 0x00000000c4300000, 0x00000000eab00000)
  object space 68608K, 37% used [0x00000000c0000000,0x00000000c196aef0,0x00000000c4300000)
 Metaspace       used 52148K, committed 53248K, reserved 1114112K
  class space    used 5542K, committed 6016K, reserved 1048576K
}
Event: 20.065 GC heap after
{Heap after GC invocations=24 (full 2):
 PSYoungGen      total 20992K, used 512K [0x00000000eab00000, 0x00000000ec180000, 0x0000000100000000)
  eden space 20480K, 0% used [0x00000000eab00000,0x00000000eab00000,0x00000000ebf00000)
  from space 512K, 100% used [0x00000000ec100000,0x00000000ec180000,0x00000000ec180000)
  to   space 1024K, 0% used [0x00000000ebf80000,0x00000000ebf80000,0x00000000ec080000)
 ParOldGen       total 68608K, used 26635K [0x00000000c0000000, 0x00000000c4300000, 0x00000000eab00000)
  object space 68608K, 38% used [0x00000000c0000000,0x00000000c1a02f10,0x00000000c4300000)
 Metaspace       used 52148K, committed 53248K, reserved 1114112K
  class space    used 5542K, committed 6016K, reserved 1048576K
}
Event: 20.272 GC heap before
{Heap before GC invocations=25 (full 2):
 PSYoungGen      total 20992K, used 20992K [0x00000000eab00000, 0x00000000ec180000, 0x0000000100000000)
  eden space 20480K, 100% used [0x00000000eab00000,0x00000000ebf00000,0x00000000ebf00000)
  from space 512K, 100% used [0x00000000ec100000,0x00000000ec180000,0x00000000ec180000)
  to   space 1024K, 0% used [0x00000000ebf80000,0x00000000ebf80000,0x00000000ec080000)
 ParOldGen       total 68608K, used 26635K [0x00000000c0000000, 0x00000000c4300000, 0x00000000eab00000)
  object space 68608K, 38% used [0x00000000c0000000,0x00000000c1a02f10,0x00000000c4300000)
 Metaspace       used 53948K, committed 55104K, reserved 1114112K
  class space    used 5730K, committed 6272K, reserved 1048576K
}
Event: 20.274 GC heap after
{Heap after GC invocations=25 (full 2):
 PSYoungGen      total 21504K, used 1016K [0x00000000eab00000, 0x00000000ec500000, 0x0000000100000000)
  eden space 20480K, 0% used [0x00000000eab00000,0x00000000eab00000,0x00000000ebf00000)
  from space 1024K, 99% used [0x00000000ebf80000,0x00000000ec07e1b8,0x00000000ec080000)
  to   space 3072K, 0% used [0x00000000ec200000,0x00000000ec200000,0x00000000ec500000)
 ParOldGen       total 68608K, used 27887K [0x00000000c0000000, 0x00000000c4300000, 0x00000000eab00000)
  object space 68608K, 40% used [0x00000000c0000000,0x00000000c1b3bd58,0x00000000c4300000)
 Metaspace       used 53948K, committed 55104K, reserved 1114112K
  class space    used 5730K, committed 6272K, reserved 1048576K
}
Event: 20.352 GC heap before
{Heap before GC invocations=26 (full 2):
 PSYoungGen      total 21504K, used 21496K [0x00000000eab00000, 0x00000000ec500000, 0x0000000100000000)
  eden space 20480K, 100% used [0x00000000eab00000,0x00000000ebf00000,0x00000000ebf00000)
  from space 1024K, 99% used [0x00000000ebf80000,0x00000000ec07e1b8,0x00000000ec080000)
  to   space 3072K, 0% used [0x00000000ec200000,0x00000000ec200000,0x00000000ec500000)
 ParOldGen       total 68608K, used 27887K [0x00000000c0000000, 0x00000000c4300000, 0x00000000eab00000)
  object space 68608K, 40% used [0x00000000c0000000,0x00000000c1b3bd58,0x00000000c4300000)
 Metaspace       used 54421K, committed 55680K, reserved 1114112K
  class space    used 5785K, committed 6336K, reserved 1048576K
}
Event: 20.354 GC heap after
{Heap after GC invocations=26 (full 2):
 PSYoungGen      total 23040K, used 2400K [0x00000000eab00000, 0x00000000ec480000, 0x0000000100000000)
  eden space 20480K, 0% used [0x00000000eab00000,0x00000000eab00000,0x00000000ebf00000)
  from space 2560K, 93% used [0x00000000ec200000,0x00000000ec458040,0x00000000ec480000)
  to   space 2560K, 0% used [0x00000000ebf80000,0x00000000ebf80000,0x00000000ec200000)
 ParOldGen       total 68608K, used 28919K [0x00000000c0000000, 0x00000000c4300000, 0x00000000eab00000)
  object space 68608K, 42% used [0x00000000c0000000,0x00000000c1c3dc70,0x00000000c4300000)
 Metaspace       used 54421K, committed 55680K, reserved 1114112K
  class space    used 5785K, committed 6336K, reserved 1048576K
}

Dll operation events (14 events):
Event: 0.009 Loaded shared library c:\Users\ASUS\.vscode\extensions\redhat.java-1.39.0-win32-x64\jre\21.0.5-win32-x86_64\bin\java.dll
Event: 0.071 Loaded shared library c:\Users\ASUS\.vscode\extensions\redhat.java-1.39.0-win32-x64\jre\21.0.5-win32-x86_64\bin\zip.dll
Event: 0.089 Loaded shared library C:\Users\ASUS\.vscode\extensions\redhat.java-1.39.0-win32-x64\jre\21.0.5-win32-x86_64\bin\instrument.dll
Event: 0.092 Loaded shared library C:\Users\ASUS\.vscode\extensions\redhat.java-1.39.0-win32-x64\jre\21.0.5-win32-x86_64\bin\net.dll
Event: 0.095 Loaded shared library C:\Users\ASUS\.vscode\extensions\redhat.java-1.39.0-win32-x64\jre\21.0.5-win32-x86_64\bin\nio.dll
Event: 0.098 Loaded shared library C:\Users\ASUS\.vscode\extensions\redhat.java-1.39.0-win32-x64\jre\21.0.5-win32-x86_64\bin\zip.dll
Event: 0.111 Loaded shared library C:\Users\ASUS\.vscode\extensions\redhat.java-1.39.0-win32-x64\jre\21.0.5-win32-x86_64\bin\jimage.dll
Event: 0.175 Loaded shared library c:\Users\ASUS\.vscode\extensions\redhat.java-1.39.0-win32-x64\jre\21.0.5-win32-x86_64\bin\verify.dll
Event: 1.190 Loaded shared library C:\Users\ASUS\AppData\Roaming\Code\User\globalStorage\redhat.java\1.39.0\config_win\org.eclipse.equinox.launcher\org.eclipse.equinox.launcher.win32.win32.x86_64_1.2.1100.v20240722-2106\eclipse_11904.dll
Event: 2.245 Loaded shared library C:\Users\ASUS\.vscode\extensions\redhat.java-1.39.0-win32-x64\jre\21.0.5-win32-x86_64\bin\management.dll
Event: 2.248 Loaded shared library C:\Users\ASUS\.vscode\extensions\redhat.java-1.39.0-win32-x64\jre\21.0.5-win32-x86_64\bin\management_ext.dll
Event: 3.307 Loaded shared library C:\Users\ASUS\AppData\Local\Temp\jna-2018896\jna17410751767697196516.dll
Event: 3.383 Loaded shared library C:\Users\ASUS\.vscode\extensions\redhat.java-1.39.0-win32-x64\jre\21.0.5-win32-x86_64\bin\sunmscapi.dll
Event: 3.593 Loaded shared library C:\Users\ASUS\.vscode\extensions\redhat.java-1.39.0-win32-x64\jre\21.0.5-win32-x86_64\bin\extnet.dll

Deoptimization events (20 events):
Event: 20.307 Thread 0x00000203f69c0900 Uncommon trap: trap_request=0xffffffc6 fr.pc=0x00000203a1a457d8 relative=0x00000000000002b8
Event: 20.307 Thread 0x00000203f69c0900 Uncommon trap: reason=bimorphic_or_optimized_type_check action=maybe_recompile pc=0x00000203a1a457d8 method=jdk.internal.jimage.ImageReader$SharedImageReader.findNode(Ljava/lang/String;)Ljdk/internal/jimage/ImageReader$Node; @ 22 c2
Event: 20.307 Thread 0x00000203f69c0900 DEOPT PACKING pc=0x00000203a1a457d8 sp=0x000000faab3fca40
Event: 20.307 Thread 0x00000203f69c0900 DEOPT UNPACKING pc=0x00000203a0ee3aa2 sp=0x000000faab3fca18 mode 2
Event: 20.307 Thread 0x00000203f69c0900 Uncommon trap: trap_request=0xffffffc6 fr.pc=0x00000203a1a457d8 relative=0x00000000000002b8
Event: 20.307 Thread 0x00000203f69c0900 Uncommon trap: reason=bimorphic_or_optimized_type_check action=maybe_recompile pc=0x00000203a1a457d8 method=jdk.internal.jimage.ImageReader$SharedImageReader.findNode(Ljava/lang/String;)Ljdk/internal/jimage/ImageReader$Node; @ 22 c2
Event: 20.307 Thread 0x00000203f69c0900 DEOPT PACKING pc=0x00000203a1a457d8 sp=0x000000faab3fca40
Event: 20.307 Thread 0x00000203f69c0900 DEOPT UNPACKING pc=0x00000203a0ee3aa2 sp=0x000000faab3fca18 mode 2
Event: 20.316 Thread 0x00000203f69c0900 Uncommon trap: trap_request=0xffffffc6 fr.pc=0x00000203a1a01e54 relative=0x00000000000004b4
Event: 20.316 Thread 0x00000203f69c0900 Uncommon trap: reason=bimorphic_or_optimized_type_check action=maybe_recompile pc=0x00000203a1a01e54 method=java.util.HashMap.putVal(ILjava/lang/Object;Ljava/lang/Object;ZZ)Ljava/lang/Object; @ 253 c2
Event: 20.316 Thread 0x00000203f69c0900 DEOPT PACKING pc=0x00000203a1a01e54 sp=0x000000faab3fd150
Event: 20.316 Thread 0x00000203f69c0900 DEOPT UNPACKING pc=0x00000203a0ee3aa2 sp=0x000000faab3fd0c0 mode 2
Event: 20.325 Thread 0x00000203f69c0900 Uncommon trap: trap_request=0xffffffc6 fr.pc=0x00000203a1a01e54 relative=0x00000000000004b4
Event: 20.325 Thread 0x00000203f69c0900 Uncommon trap: reason=bimorphic_or_optimized_type_check action=maybe_recompile pc=0x00000203a1a01e54 method=java.util.HashMap.putVal(ILjava/lang/Object;Ljava/lang/Object;ZZ)Ljava/lang/Object; @ 253 c2
Event: 20.325 Thread 0x00000203f69c0900 DEOPT PACKING pc=0x00000203a1a01e54 sp=0x000000faab3fd150
Event: 20.325 Thread 0x00000203f69c0900 DEOPT UNPACKING pc=0x00000203a0ee3aa2 sp=0x000000faab3fd0c0 mode 2
Event: 20.375 Thread 0x00000203f69c0900 Uncommon trap: trap_request=0xffffff45 fr.pc=0x00000203a1a5a510 relative=0x0000000000000650
Event: 20.376 Thread 0x00000203f69c0900 Uncommon trap: reason=unstable_if action=reinterpret pc=0x00000203a1a5a510 method=java.util.ArrayList.equalsRange(Ljava/util/List;II)Z @ 76 c2
Event: 20.376 Thread 0x00000203f69c0900 DEOPT PACKING pc=0x00000203a1a5a510 sp=0x000000faab3fcf50
Event: 20.376 Thread 0x00000203f69c0900 DEOPT UNPACKING pc=0x00000203a0ee3aa2 sp=0x000000faab3fcef0 mode 2

Classes loaded (20 events):
Event: 20.262 Loading class java/io/UTFDataFormatException
Event: 20.262 Loading class java/io/UTFDataFormatException done
Event: 20.264 Loading class java/nio/file/ClosedDirectoryStreamException
Event: 20.264 Loading class java/nio/file/ClosedDirectoryStreamException done
Event: 20.264 Loading class jdk/internal/jrtfs/JrtFileSystem
Event: 20.264 Loading class jdk/internal/jrtfs/JrtFileSystem done
Event: 20.264 Loading class jdk/internal/jrtfs/JrtPath
Event: 20.264 Loading class jdk/internal/jrtfs/JrtPath done
Event: 20.264 Loading class jdk/internal/jimage/ImageReader$Node
Event: 20.265 Loading class jdk/internal/jimage/ImageReader$Node done
Event: 20.267 Loading class java/nio/ByteBufferAsIntBufferL
Event: 20.267 Loading class java/nio/ByteBufferAsIntBufferL done
Event: 20.269 Loading class jdk/internal/jimage/ImageReader$Directory
Event: 20.269 Loading class jdk/internal/jimage/ImageReader$Directory done
Event: 20.319 Loading class java/nio/channels/Channels$ReadableByteChannelImpl
Event: 20.319 Loading class java/nio/channels/Channels$ReadableByteChannelImpl done
Event: 20.319 Loading class java/nio/channels/NonWritableChannelException
Event: 20.319 Loading class java/nio/channels/NonWritableChannelException done
Event: 20.361 Loading class java/util/ArrayDeque$DeqSpliterator
Event: 20.361 Loading class java/util/ArrayDeque$DeqSpliterator done

Classes unloaded (7 events):
Event: 2.752 Thread 0x000002039678e7d0 Unloading class 0x00000203ac19f400 'java/lang/invoke/LambdaForm$MH+0x00000203ac19f400'
Event: 2.752 Thread 0x000002039678e7d0 Unloading class 0x00000203ac19f000 'java/lang/invoke/LambdaForm$MH+0x00000203ac19f000'
Event: 2.752 Thread 0x000002039678e7d0 Unloading class 0x00000203ac19ec00 'java/lang/invoke/LambdaForm$MH+0x00000203ac19ec00'
Event: 2.752 Thread 0x000002039678e7d0 Unloading class 0x00000203ac19e800 'java/lang/invoke/LambdaForm$MH+0x00000203ac19e800'
Event: 2.752 Thread 0x000002039678e7d0 Unloading class 0x00000203ac19e400 'java/lang/invoke/LambdaForm$BMH+0x00000203ac19e400'
Event: 2.752 Thread 0x000002039678e7d0 Unloading class 0x00000203ac19e000 'java/lang/invoke/LambdaForm$DMH+0x00000203ac19e000'
Event: 2.752 Thread 0x000002039678e7d0 Unloading class 0x00000203ac19cc00 'java/lang/invoke/LambdaForm$DMH+0x00000203ac19cc00'

Classes redefined (0 events):
No events

Internal exceptions (20 events):
Event: 20.177 Thread 0x00000203f3be2f40 Exception <a 'sun/nio/fs/WindowsException'{0x00000000eb3f7f78}> (0x00000000eb3f7f78) 
thrown [s\src\hotspot\share\prims\jni.cpp, line 520]
Event: 20.188 Thread 0x00000203f3be2f40 Exception <a 'java/io/FileNotFoundException'{0x00000000eb53f290}> (0x00000000eb53f290) 
thrown [s\src\hotspot\share\prims\jni.cpp, line 520]
Event: 20.198 Thread 0x00000203f3be2f40 Exception <a 'java/io/FileNotFoundException'{0x00000000eb64ac38}> (0x00000000eb64ac38) 
thrown [s\src\hotspot\share\prims\jni.cpp, line 520]
Event: 20.199 Thread 0x00000203f3be2f40 Exception <a 'java/io/FileNotFoundException'{0x00000000eb64bc30}> (0x00000000eb64bc30) 
thrown [s\src\hotspot\share\prims\jni.cpp, line 520]
Event: 20.199 Thread 0x00000203f3be2f40 Exception <a 'java/io/FileNotFoundException'{0x00000000eb64c988}> (0x00000000eb64c988) 
thrown [s\src\hotspot\share\prims\jni.cpp, line 520]
Event: 20.224 Thread 0x00000203f69c0900 Implicit null exception at 0x00000203a19e3f72 to 0x00000203a19e4130
Event: 20.233 Thread 0x00000203f69c0f90 Exception <a 'java/lang/NoSuchMethodError'{0x00000000eba9bbb8}: 'java.lang.Object java.lang.invoke.DirectMethodHandle$Holder.newInvokeSpecial(java.lang.Object, java.lang.Object, java.lang.Object, java.lang.Object, java.lang.Object, java.lang.Object, java.lang.Object, java.lang.Object)'> (0x00000000eba9bbb8) 
thrown [s\src\hotspot\share\interpreter\linkResolver.cpp, line 773]
Event: 20.238 Thread 0x00000203f69c0f90 Exception <a 'sun/nio/fs/WindowsException'{0x00000000ebbac1c8}> (0x00000000ebbac1c8) 
thrown [s\src\hotspot\share\prims\jni.cpp, line 520]
Event: 20.238 Thread 0x00000203f69c0f90 Exception <a 'sun/nio/fs/WindowsException'{0x00000000ebbad910}> (0x00000000ebbad910) 
thrown [s\src\hotspot\share\prims\jni.cpp, line 520]
Event: 20.258 Thread 0x00000203f69c0900 Implicit null exception at 0x00000203a1934483 to 0x00000203a1934704
Event: 20.259 Thread 0x00000203f69c0900 Exception <a 'java/lang/NoSuchMethodError'{0x00000000ebdf8d20}: 'java.lang.Object java.lang.invoke.DelegatingMethodHandle$Holder.reinvoke_L(java.lang.Object, int, long, java.lang.Object, java.lang.Object, int, java.lang.Object)'> (0x00000000ebdf8d20) 
thrown [s\src\hotspot\share\interpreter\linkResolver.cpp, line 773]
Event: 20.304 Thread 0x00000203f69c0900 Exception <a 'java/lang/NoSuchMethodError'{0x00000000eaf6dd98}: 'java.lang.Object java.lang.invoke.Invokers$Holder.invoke_MT(java.lang.Object, java.lang.Object, java.lang.Object, java.lang.Object, java.lang.Object, java.lang.Object, java.lang.Object, java.lang.Object, java.lang.Object, java.lang.Object)'> (0x00000000eaf6dd98) 
thrown [s\src\hotspot\share\interpreter\linkResolver.cpp, line 773]
Event: 20.348 Thread 0x00000203f3be42f0 Exception <a 'sun/nio/fs/WindowsException'{0x00000000ebbf0378}> (0x00000000ebbf0378) 
thrown [s\src\hotspot\share\prims\jni.cpp, line 520]
Event: 20.348 Thread 0x00000203f3be42f0 Exception <a 'sun/nio/fs/WindowsException'{0x00000000ebbf09a8}> (0x00000000ebbf09a8) 
thrown [s\src\hotspot\share\prims\jni.cpp, line 520]
Event: 20.359 Thread 0x00000203f3be42f0 Exception <a 'sun/nio/fs/WindowsException'{0x00000000ead04e70}> (0x00000000ead04e70) 
thrown [s\src\hotspot\share\prims\jni.cpp, line 520]
Event: 20.359 Thread 0x00000203f3be42f0 Exception <a 'sun/nio/fs/WindowsException'{0x00000000ead05750}> (0x00000000ead05750) 
thrown [s\src\hotspot\share\prims\jni.cpp, line 520]
Event: 20.379 Thread 0x00000203f3be42f0 Exception <a 'java/lang/NoSuchMethodError'{0x00000000eb48ac90}: 'int java.lang.invoke.DirectMethodHandle$Holder.invokeStatic(java.lang.Object)'> (0x00000000eb48ac90) 
thrown [s\src\hotspot\share\interpreter\linkResolver.cpp, line 773]
Event: 20.401 Thread 0x00000203f3be42f0 Exception <a 'java/io/FileNotFoundException'{0x00000000eb96f568}> (0x00000000eb96f568) 
thrown [s\src\hotspot\share\prims\jni.cpp, line 520]
Event: 20.402 Thread 0x00000203f3be42f0 Exception <a 'java/io/FileNotFoundException'{0x00000000eb970820}> (0x00000000eb970820) 
thrown [s\src\hotspot\share\prims\jni.cpp, line 520]
Event: 20.402 Thread 0x00000203f3be42f0 Exception <a 'java/io/FileNotFoundException'{0x00000000eb971830}> (0x00000000eb971830) 
thrown [s\src\hotspot\share\prims\jni.cpp, line 520]

ZGC Phase Switch (0 events):
No events

VM Operations (20 events):
Event: 20.244 Executing VM operation: HandshakeAllThreads (Deoptimize)
Event: 20.244 Executing VM operation: HandshakeAllThreads (Deoptimize) done
Event: 20.246 Executing VM operation: ICBufferFull
Event: 20.246 Executing VM operation: ICBufferFull done
Event: 20.250 Executing VM operation: HandshakeAllThreads (Deoptimize)
Event: 20.250 Executing VM operation: HandshakeAllThreads (Deoptimize) done
Event: 20.252 Executing VM operation: HandshakeAllThreads (Deoptimize)
Event: 20.252 Executing VM operation: HandshakeAllThreads (Deoptimize) done
Event: 20.263 Executing VM operation: HandshakeAllThreads (Deoptimize)
Event: 20.264 Executing VM operation: HandshakeAllThreads (Deoptimize) done
Event: 20.268 Executing VM operation: HandshakeAllThreads (Deoptimize)
Event: 20.268 Executing VM operation: HandshakeAllThreads (Deoptimize) done
Event: 20.272 Executing VM operation: ParallelGCFailedAllocation (Allocation Failure)
Event: 20.274 Executing VM operation: ParallelGCFailedAllocation (Allocation Failure) done
Event: 20.287 Executing VM operation: HandshakeAllThreads (Deoptimize)
Event: 20.287 Executing VM operation: HandshakeAllThreads (Deoptimize) done
Event: 20.352 Executing VM operation: ParallelGCFailedAllocation (Allocation Failure)
Event: 20.354 Executing VM operation: ParallelGCFailedAllocation (Allocation Failure) done
Event: 20.383 Executing VM operation: HandshakeAllThreads (Deoptimize)
Event: 20.384 Executing VM operation: HandshakeAllThreads (Deoptimize) done

Memory protections (0 events):
No events

Nmethod flushes (20 events):
Event: 3.543 Thread 0x000002039678e7d0 flushing  nmethod 0x000002039a133690
Event: 3.543 Thread 0x000002039678e7d0 flushing  nmethod 0x000002039a134d10
Event: 3.543 Thread 0x000002039678e7d0 flushing  nmethod 0x000002039a135610
Event: 3.543 Thread 0x000002039678e7d0 flushing  nmethod 0x000002039a138410
Event: 3.543 Thread 0x000002039678e7d0 flushing  nmethod 0x000002039a138b90
Event: 3.543 Thread 0x000002039678e7d0 flushing  nmethod 0x000002039a13a110
Event: 3.543 Thread 0x000002039678e7d0 flushing  nmethod 0x000002039a13a610
Event: 3.543 Thread 0x000002039678e7d0 flushing  nmethod 0x000002039a13af10
Event: 3.543 Thread 0x000002039678e7d0 flushing  nmethod 0x000002039a13b790
Event: 3.543 Thread 0x000002039678e7d0 flushing  nmethod 0x000002039a13c310
Event: 3.543 Thread 0x000002039678e7d0 flushing  nmethod 0x000002039a13dd90
Event: 3.543 Thread 0x000002039678e7d0 flushing  nmethod 0x000002039a13f810
Event: 3.543 Thread 0x000002039678e7d0 flushing  nmethod 0x000002039a180e90
Event: 3.543 Thread 0x000002039678e7d0 flushing  nmethod 0x000002039a187290
Event: 3.543 Thread 0x000002039678e7d0 flushing  nmethod 0x000002039a191210
Event: 3.543 Thread 0x000002039678e7d0 flushing  nmethod 0x000002039a225f10
Event: 3.543 Thread 0x000002039678e7d0 flushing  nmethod 0x000002039a226590
Event: 3.543 Thread 0x000002039678e7d0 flushing  nmethod 0x000002039a24a190
Event: 3.543 Thread 0x000002039678e7d0 flushing  nmethod 0x000002039a270d10
Event: 3.543 Thread 0x000002039678e7d0 flushing  nmethod 0x000002039a2bc290

Events (20 events):
Event: 6.931 Thread 0x00000203f4a57f60 Thread exited: 0x00000203f4a57f60
Event: 6.931 Thread 0x00000203ed2d4630 Thread exited: 0x00000203ed2d4630
Event: 7.639 Thread 0x00000203f3be07e0 Thread exited: 0x00000203f3be07e0
Event: 8.451 Thread 0x00000203ed43b4e0 Thread exited: 0x00000203ed43b4e0
Event: 8.685 Thread 0x00000203f3be2f40 Thread added: 0x00000203f69c3060
Event: 9.915 Thread 0x00000203ed296940 Thread exited: 0x00000203ed296940
Event: 14.999 Thread 0x00000203ed2940d0 Thread exited: 0x00000203ed2940d0
Event: 19.175 Thread 0x00000203f69c1620 Thread exited: 0x00000203f69c1620
Event: 19.655 Thread 0x00000203967acd30 Thread added: 0x00000203ed43b4e0
Event: 19.736 Thread 0x00000203967acd30 Thread added: 0x00000203f9cce820
Event: 19.737 Thread 0x00000203967acd30 Thread added: 0x00000203f608df20
Event: 19.738 Thread 0x00000203967acd30 Thread added: 0x00000203f4508840
Event: 19.740 Thread 0x00000203f608df20 Thread added: 0x00000203f45095e0
Event: 20.217 Thread 0x00000203f69c0f90 Thread added: 0x00000203f69c1620
Event: 20.219 Thread 0x00000203f69c1620 Thread exited: 0x00000203f69c1620
Event: 20.288 Thread 0x00000203ed43b4e0 Thread added: 0x00000203f5b53690
Event: 20.355 Thread 0x00000203f608df20 Thread added: 0x00000203f5b53d60
Event: 20.379 Thread 0x00000203ed43b4e0 Thread added: 0x00000203f5b50010
Event: 20.386 Thread 0x00000203ed43b4e0 Thread added: 0x00000203f5b573e0
Event: 20.387 Thread 0x00000203f5b573e0 Thread added: 0x00000203f5b51b50


Dynamic libraries:
0x00007ff7b0700000 - 0x00007ff7b070e000 	c:\Users\ASUS\.vscode\extensions\redhat.java-1.39.0-win32-x64\jre\21.0.5-win32-x86_64\bin\java.exe
0x00007ffcf1750000 - 0x00007ffcf1967000 	C:\WINDOWS\SYSTEM32\ntdll.dll
0x00007ffcf0760000 - 0x00007ffcf0824000 	C:\WINDOWS\System32\KERNEL32.DLL
0x00007ffceebe0000 - 0x00007ffceefb0000 	C:\WINDOWS\System32\KERNELBASE.dll
0x00007ffcef2f0000 - 0x00007ffcef401000 	C:\WINDOWS\System32\ucrtbase.dll
0x00007ffcdca90000 - 0x00007ffcdcaae000 	c:\Users\ASUS\.vscode\extensions\redhat.java-1.39.0-win32-x64\jre\21.0.5-win32-x86_64\bin\VCRUNTIME140.dll
0x00007ffcdb4c0000 - 0x00007ffcdb4d8000 	c:\Users\ASUS\.vscode\extensions\redhat.java-1.39.0-win32-x64\jre\21.0.5-win32-x86_64\bin\jli.dll
0x00007ffcefad0000 - 0x00007ffcefc7e000 	C:\WINDOWS\System32\USER32.dll
0x00007ffcef240000 - 0x00007ffcef266000 	C:\WINDOWS\System32\win32u.dll
0x00007ffcde0e0000 - 0x00007ffcde372000 	C:\WINDOWS\WinSxS\amd64_microsoft.windows.common-controls_6595b64144ccf1df_6.0.22621.4830_none_270fe7d773858e80\COMCTL32.dll
0x00007ffcf0640000 - 0x00007ffcf0669000 	C:\WINDOWS\System32\GDI32.dll
0x00007ffcf0670000 - 0x00007ffcf0717000 	C:\WINDOWS\System32\msvcrt.dll
0x00007ffceea00000 - 0x00007ffceeb1b000 	C:\WINDOWS\System32\gdi32full.dll
0x00007ffceefb0000 - 0x00007ffcef04a000 	C:\WINDOWS\System32\msvcp_win.dll
0x00007ffcf0720000 - 0x00007ffcf0751000 	C:\WINDOWS\System32\IMM32.DLL
0x00007ffce1820000 - 0x00007ffce182c000 	c:\Users\ASUS\.vscode\extensions\redhat.java-1.39.0-win32-x64\jre\21.0.5-win32-x86_64\bin\vcruntime140_1.dll
0x00007ffcabd00000 - 0x00007ffcabd8d000 	c:\Users\ASUS\.vscode\extensions\redhat.java-1.39.0-win32-x64\jre\21.0.5-win32-x86_64\bin\msvcp140.dll
0x00007ffc6dac0000 - 0x00007ffc6e84f000 	c:\Users\ASUS\.vscode\extensions\redhat.java-1.39.0-win32-x64\jre\21.0.5-win32-x86_64\bin\server\jvm.dll
0x00007ffcf0580000 - 0x00007ffcf0631000 	C:\WINDOWS\System32\ADVAPI32.dll
0x00007ffcf0900000 - 0x00007ffcf09a7000 	C:\WINDOWS\System32\sechost.dll
0x00007ffcef410000 - 0x00007ffcef438000 	C:\WINDOWS\System32\bcrypt.dll
0x00007ffcefd90000 - 0x00007ffcefea4000 	C:\WINDOWS\System32\RPCRT4.dll
0x00007ffcef440000 - 0x00007ffcef4b1000 	C:\WINDOWS\System32\WS2_32.dll
0x00007ffcee8d0000 - 0x00007ffcee91d000 	C:\WINDOWS\SYSTEM32\POWRPROF.dll
0x00007ffceab10000 - 0x00007ffceab1a000 	C:\WINDOWS\SYSTEM32\VERSION.dll
0x00007ffce3d40000 - 0x00007ffce3d74000 	C:\WINDOWS\SYSTEM32\WINMM.dll
0x00007ffcee8b0000 - 0x00007ffcee8c3000 	C:\WINDOWS\SYSTEM32\UMPDC.dll
0x00007ffceda40000 - 0x00007ffceda58000 	C:\WINDOWS\SYSTEM32\kernel.appcore.dll
0x00007ffcdea20000 - 0x00007ffcdea2a000 	c:\Users\ASUS\.vscode\extensions\redhat.java-1.39.0-win32-x64\jre\21.0.5-win32-x86_64\bin\jimage.dll
0x00007ffce9ce0000 - 0x00007ffce9f12000 	C:\WINDOWS\SYSTEM32\DBGHELP.DLL
0x00007ffcef740000 - 0x00007ffcefad0000 	C:\WINDOWS\System32\combase.dll
0x00007ffcf1570000 - 0x00007ffcf1647000 	C:\WINDOWS\System32\OLEAUT32.dll
0x00007ffce6f90000 - 0x00007ffce6fc2000 	C:\WINDOWS\SYSTEM32\dbgcore.DLL
0x00007ffcef270000 - 0x00007ffcef2eb000 	C:\WINDOWS\System32\bcryptPrimitives.dll
0x00007ffcde840000 - 0x00007ffcde84f000 	c:\Users\ASUS\.vscode\extensions\redhat.java-1.39.0-win32-x64\jre\21.0.5-win32-x86_64\bin\instrument.dll
0x00007ffcdaf30000 - 0x00007ffcdaf4f000 	c:\Users\ASUS\.vscode\extensions\redhat.java-1.39.0-win32-x64\jre\21.0.5-win32-x86_64\bin\java.dll
0x00007ffcf0cf0000 - 0x00007ffcf1568000 	C:\WINDOWS\System32\SHELL32.dll
0x00007ffcec950000 - 0x00007ffced260000 	C:\WINDOWS\SYSTEM32\windows.storage.dll
0x00007ffcec810000 - 0x00007ffcec94f000 	C:\WINDOWS\SYSTEM32\wintypes.dll
0x00007ffcf0b70000 - 0x00007ffcf0c7a000 	C:\WINDOWS\System32\SHCORE.dll
0x00007ffcf0890000 - 0x00007ffcf08ee000 	C:\WINDOWS\System32\shlwapi.dll
0x00007ffcee930000 - 0x00007ffcee95b000 	C:\WINDOWS\SYSTEM32\profapi.dll
0x00007ffcdaf10000 - 0x00007ffcdaf28000 	c:\Users\ASUS\.vscode\extensions\redhat.java-1.39.0-win32-x64\jre\21.0.5-win32-x86_64\bin\zip.dll
0x00007ffcde710000 - 0x00007ffcde720000 	C:\Users\ASUS\.vscode\extensions\redhat.java-1.39.0-win32-x64\jre\21.0.5-win32-x86_64\bin\net.dll
0x00007ffceb8f0000 - 0x00007ffceba1c000 	C:\WINDOWS\SYSTEM32\WINHTTP.dll
0x00007ffcedec0000 - 0x00007ffcedf2a000 	C:\WINDOWS\system32\mswsock.dll
0x00007ffccf520000 - 0x00007ffccf536000 	C:\Users\ASUS\.vscode\extensions\redhat.java-1.39.0-win32-x64\jre\21.0.5-win32-x86_64\bin\nio.dll
0x00007ffcdd5d0000 - 0x00007ffcdd5e0000 	c:\Users\ASUS\.vscode\extensions\redhat.java-1.39.0-win32-x64\jre\21.0.5-win32-x86_64\bin\verify.dll
0x00007ffcbd240000 - 0x00007ffcbd285000 	C:\Users\ASUS\AppData\Roaming\Code\User\globalStorage\redhat.java\1.39.0\config_win\org.eclipse.equinox.launcher\org.eclipse.equinox.launcher.win32.win32.x86_64_1.2.1100.v20240722-2106\eclipse_11904.dll
0x00007ffcf09c0000 - 0x00007ffcf0b61000 	C:\WINDOWS\System32\ole32.dll
0x00007ffcdca60000 - 0x00007ffcdca6a000 	C:\Users\ASUS\.vscode\extensions\redhat.java-1.39.0-win32-x64\jre\21.0.5-win32-x86_64\bin\management.dll
0x00007ffcdc930000 - 0x00007ffcdc93b000 	C:\Users\ASUS\.vscode\extensions\redhat.java-1.39.0-win32-x64\jre\21.0.5-win32-x86_64\bin\management_ext.dll
0x00007ffcf1650000 - 0x00007ffcf1658000 	C:\WINDOWS\System32\PSAPI.DLL
0x00007ffcee110000 - 0x00007ffcee12b000 	C:\WINDOWS\SYSTEM32\CRYPTSP.dll
0x00007ffced9a0000 - 0x00007ffced9d5000 	C:\WINDOWS\system32\rsaenh.dll
0x00007ffcedfb0000 - 0x00007ffcedfd8000 	C:\WINDOWS\SYSTEM32\USERENV.dll
0x00007ffcee130000 - 0x00007ffcee13c000 	C:\WINDOWS\SYSTEM32\CRYPTBASE.dll
0x00007ffced4c0000 - 0x00007ffced4ed000 	C:\WINDOWS\SYSTEM32\IPHLPAPI.DLL
0x00007ffcf08f0000 - 0x00007ffcf08f9000 	C:\WINDOWS\System32\NSI.dll
0x00007ffcdbe40000 - 0x00007ffcdbe89000 	C:\Users\ASUS\AppData\Local\Temp\jna-2018896\jna17410751767697196516.dll
0x00007ffceb0e0000 - 0x00007ffceb0f9000 	C:\WINDOWS\SYSTEM32\dhcpcsvc6.DLL
0x00007ffceb080000 - 0x00007ffceb09f000 	C:\WINDOWS\SYSTEM32\dhcpcsvc.DLL
0x00007ffcdc8d0000 - 0x00007ffcdc8de000 	C:\Users\ASUS\.vscode\extensions\redhat.java-1.39.0-win32-x64\jre\21.0.5-win32-x86_64\bin\sunmscapi.dll
0x00007ffcef0d0000 - 0x00007ffcef236000 	C:\WINDOWS\System32\CRYPT32.dll
0x00007ffcee2d0000 - 0x00007ffcee2fd000 	C:\WINDOWS\SYSTEM32\ncrypt.dll
0x00007ffcee290000 - 0x00007ffcee2c7000 	C:\WINDOWS\SYSTEM32\NTASN1.dll
0x00007ffced4f0000 - 0x00007ffced5f2000 	C:\WINDOWS\SYSTEM32\DNSAPI.dll
0x00007ffceae40000 - 0x00007ffceae4a000 	C:\Windows\System32\rasadhlp.dll
0x00007ffcead10000 - 0x00007ffcead93000 	C:\WINDOWS\System32\fwpuclnt.dll
0x00007ffcdb4b0000 - 0x00007ffcdb4b9000 	C:\Users\ASUS\.vscode\extensions\redhat.java-1.39.0-win32-x64\jre\21.0.5-win32-x86_64\bin\extnet.dll

dbghelp: loaded successfully - version: 4.0.5 - missing functions: none
symbol engine: initialized successfully - sym options: 0x614 - pdb path: .;c:\Users\ASUS\.vscode\extensions\redhat.java-1.39.0-win32-x64\jre\21.0.5-win32-x86_64\bin;C:\WINDOWS\SYSTEM32;C:\WINDOWS\WinSxS\amd64_microsoft.windows.common-controls_6595b64144ccf1df_6.0.22621.4830_none_270fe7d773858e80;c:\Users\ASUS\.vscode\extensions\redhat.java-1.39.0-win32-x64\jre\21.0.5-win32-x86_64\bin\server;C:\Users\ASUS\AppData\Roaming\Code\User\globalStorage\redhat.java\1.39.0\config_win\org.eclipse.equinox.launcher\org.eclipse.equinox.launcher.win32.win32.x86_64_1.2.1100.v20240722-2106;C:\Users\ASUS\AppData\Local\Temp\jna-2018896

VM Arguments:
jvm_args: --add-modules=ALL-SYSTEM --add-opens=java.base/java.util=ALL-UNNAMED --add-opens=java.base/java.lang=ALL-UNNAMED --add-opens=java.base/sun.nio.fs=ALL-UNNAMED -Declipse.application=org.eclipse.jdt.ls.core.id1 -Dosgi.bundles.defaultStartLevel=4 -Declipse.product=org.eclipse.jdt.ls.core.product -Djava.import.generatesMetadataFilesAtProjectRoot=false -DDetectVMInstallationsJob.disabled=true -Dfile.encoding=utf8 -XX:+UseParallelGC -XX:GCTimeRatio=4 -XX:AdaptiveSizePolicyWeight=90 -Dsun.zip.disableMemoryMapping=true -Xmx1G -Xms100m -Xlog:disable -javaagent:c:\Users\ASUS\.vscode\extensions\redhat.java-1.39.0-win32-x64\lombok\lombok-1.18.34.jar -XX:+HeapDumpOnOutOfMemoryError -XX:HeapDumpPath=c:\Users\ASUS\AppData\Roaming\Code\User\workspaceStorage\a26ced7fe018b66e12da886babd7af56\redhat.java -Daether.dependencyCollector.impl=bf 
java_command: c:\Users\ASUS\.vscode\extensions\redhat.java-1.39.0-win32-x64\server\plugins\org.eclipse.equinox.launcher_1.6.900.v20240613-2009.jar -configuration c:\Users\ASUS\AppData\Roaming\Code\User\globalStorage\redhat.java\1.39.0\config_win -data c:\Users\ASUS\AppData\Roaming\Code\User\workspaceStorage\a26ced7fe018b66e12da886babd7af56\redhat.java\jdt_ws --pipe=\\.\pipe\lsp-17e406c49d4d9c07edbaa3e0ff7d0125-sock
java_class_path (initial): c:\Users\ASUS\.vscode\extensions\redhat.java-1.39.0-win32-x64\server\plugins\org.eclipse.equinox.launcher_1.6.900.v20240613-2009.jar
Launcher Type: SUN_STANDARD

[Global flags]
    uintx AdaptiveSizePolicyWeight                 = 90                                        {product} {command line}
     intx CICompilerCount                          = 12                                        {product} {ergonomic}
    uintx GCTimeRatio                              = 4                                         {product} {command line}
     bool HeapDumpOnOutOfMemoryError               = true                                   {manageable} {command line}
    ccstr HeapDumpPath                             = c:\Users\ASUS\AppData\Roaming\Code\User\workspaceStorage\a26ced7fe018b66e12da886babd7af56\redhat.java         {manageable} {command line}
   size_t InitialHeapSize                          = 104857600                                 {product} {command line}
   size_t MaxHeapSize                              = 1073741824                                {product} {command line}
   size_t MaxNewSize                               = 357564416                                 {product} {ergonomic}
   size_t MinHeapDeltaBytes                        = 524288                                    {product} {ergonomic}
   size_t MinHeapSize                              = 104857600                                 {product} {command line}
   size_t NewSize                                  = 34603008                                  {product} {ergonomic}
    uintx NonNMethodCodeHeapSize                   = 7602480                                {pd product} {ergonomic}
    uintx NonProfiledCodeHeapSize                  = 122027880                              {pd product} {ergonomic}
   size_t OldSize                                  = 70254592                                  {product} {ergonomic}
    uintx ProfiledCodeHeapSize                     = 122027880                              {pd product} {ergonomic}
    uintx ReservedCodeCacheSize                    = 251658240                              {pd product} {ergonomic}
     bool SegmentedCodeCache                       = true                                      {product} {ergonomic}
   size_t SoftMaxHeapSize                          = 1073741824                             {manageable} {ergonomic}
     bool UseCompressedOops                        = true                           {product lp64_product} {ergonomic}
     bool UseLargePagesIndividualAllocation        = false                                  {pd product} {ergonomic}
     bool UseParallelGC                            = true                                      {product} {command line}

Logging:
Log output configuration:
 #0: stdout all=off uptime,level,tags foldmultilines=false
 #1: stderr all=off uptime,level,tags foldmultilines=false

Environment Variables:
PATH=C:\Program Files\Common Files\Oracle\Java\javapath;C:\Program Files (x86)\Common Files\Oracle\Java\java8path;C:\Program Files (x86)\Common Files\Oracle\Java\javapath;C:\ProgramData\Oracle\Java\javapath;C:\Windows\system32;C:\Windows;C:\Windows\System32\Wbem;C:\Windows\System32\WindowsPowerShell\v1.0\;C:\Windows\System32\OpenSSH\;C:\Program Files (x86)\NVIDIA Corporation\PhysX\Common;C:\WINDOWS\system32;C:\WINDOWS;C:\WINDOWS\System32\Wbem;C:\WINDOWS\System32\WindowsPowerShell\v1.0\;C:\WINDOWS\System32\OpenSSH\;C:\Program Files (x86)\Microsoft SQL Server\160\Tools\Binn\;C:\Program Files\Microsoft SQL Server\160\Tools\Binn\;C:\Program Files\Microsoft SQL Server\Client SDK\ODBC\170\Tools\Binn\;C:\Program Files\Microsoft SQL Server\160\DTS\Binn\;C:\Program Files (x86)\Microsoft SQL Server\160\DTS\Binn\;C:\Program Files\Azure Data Studio\bin;C:\Program Files\dotnet\;C:\Program Files\nodejs\;C:\Program Files\Git\cmd;C:\Program Files\Cloudflare\Cloudflare WARP\;C:\Program Files\NVIDIA Corporation\NVIDIA app\NvDLISR;C:\Program Files\MySQL\MySQL Shell 8.0\bin\;C:\Users\ASUS\AppData\Local\Microsoft\WindowsApps;C:\Program Files\Azure Data Studio\bin;C:\Users\ASUS\AppData\Local\Programs\Microsoft VS Code\bin;C:\Users\ASUS\AppData\Roaming\npm;C:\Program Files\Git\mingw64\bin\;
USERNAME=ASUS
OS=Windows_NT
PROCESSOR_IDENTIFIER=AMD64 Family 25 Model 68 Stepping 1, AuthenticAMD
TMP=C:\Users\ASUS\AppData\Local\Temp
TEMP=C:\Users\ASUS\AppData\Local\Temp




Periodic native trim disabled

---------------  S Y S T E M  ---------------

OS:
 Windows 11 , 64 bit Build 22621 (10.0.22621.4830)
OS uptime: 0 days 8:59 hours

CPU: total 16 (initial active 16) (16 cores per cpu, 2 threads per core) family 25 model 68 stepping 1 microcode 0x0, cx8, cmov, fxsr, ht, mmx, 3dnowpref, sse, sse2, sse3, ssse3, sse4a, sse4.1, sse4.2, popcnt, lzcnt, tsc, tscinvbit, avx, avx2, aes, clmul, bmi1, bmi2, adx, sha, fma, vzeroupper, clflush, clflushopt, rdtscp, rdpid, f16c, pku, cet_ss
Processor Information for all 16 processors :
  Max Mhz: 3201, Current Mhz: 3201, Mhz Limit: 3201

Memory: 4k page, system-wide physical 15613M (2779M free)
TotalPageFile size 19709M (AvailPageFile size 8M)
current process WorkingSet (physical memory assigned to process): 247M, peak: 308M
current process commit charge ("private bytes"): 341M, peak: 410M

vm_info: OpenJDK 64-Bit Server VM (21.0.5+11-LTS) for windows-amd64 JRE (21.0.5+11-LTS), built on 2024-10-15T00:00:00Z by "admin" with MS VC++ 17.7 (VS2022)

END.
