#
# There is insufficient memory for the Java Runtime Environment to continue.
# Native memory allocation (malloc) failed to allocate 752976 bytes. Error detail: Chunk::new
# Possible reasons:
#   The system is out of physical RAM or swap space
#   This process is running with CompressedOops enabled, and the Java Heap may be blocking the growth of the native heap
# Possible solutions:
#   Reduce memory load on the system
#   Increase physical memory or swap space
#   Check if swap backing store is full
#   Decrease Java heap size (-Xmx/-Xms)
#   Decrease number of Java threads
#   Decrease Java thread stack sizes (-Xss)
#   Set larger code cache with -XX:ReservedCodeCacheSize=
#   JVM is running with Unscaled Compressed Oops mode in which the Java heap is
#     placed in the first 4GB address space. The Java Heap base address is the
#     maximum limit for the native heap growth. Please use -XX:HeapBaseMinAddress
#     to set the Java Heap base and to place the Java Heap above 4GB virtual address.
# This output file may be truncated or incomplete.
#
#  Out of Memory Error (arena.cpp:168), pid=22388, tid=7200
#
# JRE version: OpenJDK Runtime Environment Temurin-21.0.6+7 (21.0.6+7) (build 21.0.6+7-LTS)
# Java VM: OpenJDK 64-Bit Server VM Temurin-21.0.6+7 (21.0.6+7-LTS, mixed mode, sharing, tiered, compressed oops, compressed class ptrs, parallel gc, windows-amd64)
# No core dump will be written. Minidumps are not enabled by default on client versions of Windows
#

---------------  S U M M A R Y ------------

Command Line: --add-modules=ALL-SYSTEM --add-opens=java.base/java.util=ALL-UNNAMED --add-opens=java.base/java.lang=ALL-UNNAMED --add-opens=java.base/sun.nio.fs=ALL-UNNAMED -Declipse.application=org.eclipse.jdt.ls.core.id1 -Dosgi.bundles.defaultStartLevel=4 -Declipse.product=org.eclipse.jdt.ls.core.product -Djava.import.generatesMetadataFilesAtProjectRoot=false -DDetectVMInstallationsJob.disabled=true -Dfile.encoding=utf8 -XX:+UseParallelGC -XX:GCTimeRatio=4 -XX:AdaptiveSizePolicyWeight=90 -Dsun.zip.disableMemoryMapping=true -Xmx1G -Xms100m -Xlog:disable -javaagent:c:\Users\ASUS\.vscode\extensions\redhat.java-1.40.0-win32-x64\lombok\lombok-1.18.36.jar -XX:+HeapDumpOnOutOfMemoryError -XX:HeapDumpPath=c:\Users\ASUS\AppData\Roaming\Code\User\workspaceStorage\a26ced7fe018b66e12da886babd7af56\redhat.java -Daether.dependencyCollector.impl=bf c:\Users\ASUS\.vscode\extensions\redhat.java-1.40.0-win32-x64\server\plugins\org.eclipse.equinox.launcher_1.6.1000.v20250131-0606.jar -configuration c:\Users\ASUS\AppData\Roaming\Code\User\globalStorage\redhat.java\1.40.0\config_win -data c:\Users\ASUS\AppData\Roaming\Code\User\workspaceStorage\a26ced7fe018b66e12da886babd7af56\redhat.java\jdt_ws --pipe=\\.\pipe\lsp-863fd420cd6c8f079721de30bf80db7e-sock

Host: AMD Ryzen 7 6800H with Radeon Graphics         , 16 cores, 15G,  Windows 11 , 64 bit Build 22621 (10.0.22621.4830)
Time: Wed Mar  5 02:45:51 2025 SE Asia Standard Time elapsed time: 29.194348 seconds (0d 0h 0m 29s)

---------------  T H R E A D  ---------------

Current thread (0x000001c5e569bf50):  JavaThread "C2 CompilerThread6" daemon [_thread_in_native, id=7200, stack(0x0000006b51f00000,0x0000006b52000000) (1024K)]


Current CompileTask:
C2:29194 10007       4       java.lang.invoke.MethodType::methodType (69 bytes)

Stack: [0x0000006b51f00000,0x0000006b52000000]
Native frames: (J=compiled Java code, j=interpreted, Vv=VM code, C=native code)
V  [jvm.dll+0x6cdee9]
V  [jvm.dll+0x8a83d1]
V  [jvm.dll+0x8aa8fe]
V  [jvm.dll+0x8aafe3]
V  [jvm.dll+0x27f706]
V  [jvm.dll+0xc500d]
V  [jvm.dll+0xc5543]
V  [jvm.dll+0x2f2acd]
V  [jvm.dll+0x5f6a2a]
V  [jvm.dll+0x250bb2]
V  [jvm.dll+0x250f6f]
V  [jvm.dll+0x249834]
V  [jvm.dll+0x246ec4]
V  [jvm.dll+0x1c75ee]
V  [jvm.dll+0x25685a]
V  [jvm.dll+0x254dfa]
V  [jvm.dll+0x3f0256]
V  [jvm.dll+0x851f8b]
V  [jvm.dll+0x6cc5ed]
C  [ucrtbase.dll+0x29333]
C  [KERNEL32.DLL+0x1259d]
C  [ntdll.dll+0x5af38]


---------------  P R O C E S S  ---------------

Threads class SMR info:
_java_thread_list=0x000001c5e3ca9980, length=58, elements={
0x000001c5c2b08570, 0x000001c5da8d8400, 0x000001c5d920e680, 0x000001c5da8decc0,
0x000001c5da8df910, 0x000001c5da8e6830, 0x000001c5da8e81c0, 0x000001c5da9152b0,
0x000001c5da915d40, 0x000001c5c4e8c720, 0x000001c5e00161b0, 0x000001c5e08cef00,
0x000001c5e08b3940, 0x000001c5e0939dd0, 0x000001c5e0b34020, 0x000001c5e11d93f0,
0x000001c5e0e05f60, 0x000001c5e1241070, 0x000001c5e1243e60, 0x000001c5e1241700,
0x000001c5e1241d90, 0x000001c5e1242420, 0x000001c5e1243140, 0x000001c5e12409e0,
0x000001c5dabe31d0, 0x000001c5e12437d0, 0x000001c5e3ecca00, 0x000001c5e3ecd090,
0x000001c5e3ec8860, 0x000001c5e3ecead0, 0x000001c5e3eca2a0, 0x000001c5e3ece440,
0x000001c5e3ecafc0, 0x000001c5e3ecb650, 0x000001c5e3ecfe80, 0x000001c5e3ecf160,
0x000001c5e3eca930, 0x000001c5e3ec8ef0, 0x000001c5e3ecd720, 0x000001c5e3ec9580,
0x000001c5e3ecddb0, 0x000001c5e3ec9c10, 0x000001c5e3ecbce0, 0x000001c5e3ecc370,
0x000001c5e39b1810, 0x000001c5e39b6040, 0x000001c5e39b5320, 0x000001c5e39af740,
0x000001c5e39b1180, 0x000001c5e39b4c90, 0x000001c5e5cce9d0, 0x000001c5e5ccfe40,
0x000001c5e569d3c0, 0x000001c5e569fca0, 0x000001c5e569e830, 0x000001c5e569b880,
0x000001c5e569bf50, 0x000001c5e569ef00
}

Java Threads: ( => current thread )
  0x000001c5c2b08570 JavaThread "main"                              [_thread_blocked, id=5288, stack(0x0000006b4db00000,0x0000006b4dc00000) (1024K)]
  0x000001c5da8d8400 JavaThread "Reference Handler"          daemon [_thread_blocked, id=25760, stack(0x0000006b4df00000,0x0000006b4e000000) (1024K)]
  0x000001c5d920e680 JavaThread "Finalizer"                  daemon [_thread_blocked, id=8404, stack(0x0000006b4e000000,0x0000006b4e100000) (1024K)]
  0x000001c5da8decc0 JavaThread "Signal Dispatcher"          daemon [_thread_blocked, id=27948, stack(0x0000006b4e100000,0x0000006b4e200000) (1024K)]
  0x000001c5da8df910 JavaThread "Attach Listener"            daemon [_thread_blocked, id=3332, stack(0x0000006b4e200000,0x0000006b4e300000) (1024K)]
  0x000001c5da8e6830 JavaThread "Service Thread"             daemon [_thread_blocked, id=24572, stack(0x0000006b4e300000,0x0000006b4e400000) (1024K)]
  0x000001c5da8e81c0 JavaThread "Monitor Deflation Thread"   daemon [_thread_blocked, id=16284, stack(0x0000006b4e400000,0x0000006b4e500000) (1024K)]
  0x000001c5da9152b0 JavaThread "C2 CompilerThread0"         daemon [_thread_in_native, id=11012, stack(0x0000006b4e500000,0x0000006b4e600000) (1024K)]
  0x000001c5da915d40 JavaThread "C1 CompilerThread0"         daemon [_thread_blocked, id=29392, stack(0x0000006b4e600000,0x0000006b4e700000) (1024K)]
  0x000001c5c4e8c720 JavaThread "Common-Cleaner"             daemon [_thread_blocked, id=28988, stack(0x0000006b4e700000,0x0000006b4e800000) (1024K)]
  0x000001c5e00161b0 JavaThread "Notification Thread"        daemon [_thread_blocked, id=18116, stack(0x0000006b4ec00000,0x0000006b4ed00000) (1024K)]
  0x000001c5e08cef00 JavaThread "Active Thread: Equinox Container: 81b18d89-b170-4660-afb4-23f0c3630663"        [_thread_blocked, id=21608, stack(0x0000006b4f400000,0x0000006b4f500000) (1024K)]
  0x000001c5e08b3940 JavaThread "Refresh Thread: Equinox Container: 81b18d89-b170-4660-afb4-23f0c3630663" daemon [_thread_blocked, id=6168, stack(0x0000006b4f700000,0x0000006b4f800000) (1024K)]
  0x000001c5e0939dd0 JavaThread "Framework Event Dispatcher: Equinox Container: 81b18d89-b170-4660-afb4-23f0c3630663" daemon [_thread_blocked, id=17992, stack(0x0000006b4f800000,0x0000006b4f900000) (1024K)]
  0x000001c5e0b34020 JavaThread "Start Level: Equinox Container: 81b18d89-b170-4660-afb4-23f0c3630663" daemon [_thread_blocked, id=13772, stack(0x0000006b4f900000,0x0000006b4fa00000) (1024K)]
  0x000001c5e11d93f0 JavaThread "Bundle File Closer"         daemon [_thread_blocked, id=21496, stack(0x0000006b4fa00000,0x0000006b4fb00000) (1024K)]
  0x000001c5e0e05f60 JavaThread "SCR Component Actor"        daemon [_thread_blocked, id=12264, stack(0x0000006b4e900000,0x0000006b4ea00000) (1024K)]
  0x000001c5e1241070 JavaThread "Worker-JM"                         [_thread_blocked, id=21452, stack(0x0000006b50000000,0x0000006b50100000) (1024K)]
  0x000001c5e1243e60 JavaThread "JNA Cleaner"                daemon [_thread_blocked, id=19588, stack(0x0000006b50100000,0x0000006b50200000) (1024K)]
  0x000001c5e1241700 JavaThread "Worker-0: Initialize workspace"        [_thread_blocked, id=13760, stack(0x0000006b50200000,0x0000006b50300000) (1024K)]
  0x000001c5e1241d90 JavaThread "Worker-1: Initialize Workspace"        [_thread_blocked, id=20756, stack(0x0000006b50300000,0x0000006b50400000) (1024K)]
  0x000001c5e1242420 JavaThread "Worker-2"                          [_thread_blocked, id=11140, stack(0x0000006b50400000,0x0000006b50500000) (1024K)]
  0x000001c5e1243140 JavaThread "Worker-3"                          [_thread_blocked, id=1668, stack(0x0000006b50500000,0x0000006b50600000) (1024K)]
  0x000001c5e12409e0 JavaThread "Java indexing"              daemon [_thread_blocked, id=19516, stack(0x0000006b4e800000,0x0000006b4e900000) (1024K)]
  0x000001c5dabe31d0 JavaThread "C1 CompilerThread1"         daemon [_thread_blocked, id=5256, stack(0x0000006b4ea00000,0x0000006b4eb00000) (1024K)]
  0x000001c5e12437d0 JavaThread "Worker-4"                          [_thread_blocked, id=7596, stack(0x0000006b50800000,0x0000006b50900000) (1024K)]
  0x000001c5e3ecca00 JavaThread "Worker-5"                          [_thread_blocked, id=23440, stack(0x0000006b50900000,0x0000006b50a00000) (1024K)]
  0x000001c5e3ecd090 JavaThread "Worker-6"                          [_thread_blocked, id=11220, stack(0x0000006b50a00000,0x0000006b50b00000) (1024K)]
  0x000001c5e3ec8860 JavaThread "Thread-2"                   daemon [_thread_in_native, id=26816, stack(0x0000006b50b00000,0x0000006b50c00000) (1024K)]
  0x000001c5e3ecead0 JavaThread "Thread-3"                   daemon [_thread_in_native, id=10124, stack(0x0000006b50c00000,0x0000006b50d00000) (1024K)]
  0x000001c5e3eca2a0 JavaThread "Thread-4"                   daemon [_thread_in_native, id=29068, stack(0x0000006b50d00000,0x0000006b50e00000) (1024K)]
  0x000001c5e3ece440 JavaThread "Thread-5"                   daemon [_thread_in_native, id=29484, stack(0x0000006b50e00000,0x0000006b50f00000) (1024K)]
  0x000001c5e3ecafc0 JavaThread "Thread-6"                   daemon [_thread_in_native, id=19060, stack(0x0000006b50f00000,0x0000006b51000000) (1024K)]
  0x000001c5e3ecb650 JavaThread "Thread-7"                   daemon [_thread_in_native, id=5464, stack(0x0000006b51000000,0x0000006b51100000) (1024K)]
  0x000001c5e3ecfe80 JavaThread "Thread-8"                   daemon [_thread_in_native, id=25084, stack(0x0000006b51100000,0x0000006b51200000) (1024K)]
  0x000001c5e3ecf160 JavaThread "Thread-9"                   daemon [_thread_in_native, id=27504, stack(0x0000006b51200000,0x0000006b51300000) (1024K)]
  0x000001c5e3eca930 JavaThread "Thread-10"                  daemon [_thread_in_native, id=29328, stack(0x0000006b51300000,0x0000006b51400000) (1024K)]
  0x000001c5e3ec8ef0 JavaThread "Thread-11"                  daemon [_thread_in_native, id=10592, stack(0x0000006b51400000,0x0000006b51500000) (1024K)]
  0x000001c5e3ecd720 JavaThread "Thread-12"                  daemon [_thread_in_native, id=7348, stack(0x0000006b51500000,0x0000006b51600000) (1024K)]
  0x000001c5e3ec9580 JavaThread "Thread-13"                  daemon [_thread_in_native, id=23740, stack(0x0000006b51600000,0x0000006b51700000) (1024K)]
  0x000001c5e3ecddb0 JavaThread "Thread-14"                  daemon [_thread_in_native, id=25340, stack(0x0000006b51700000,0x0000006b51800000) (1024K)]
  0x000001c5e3ec9c10 JavaThread "Thread-15"                  daemon [_thread_in_native, id=22492, stack(0x0000006b51800000,0x0000006b51900000) (1024K)]
  0x000001c5e3ecbce0 JavaThread "Thread-16"                  daemon [_thread_in_native, id=26804, stack(0x0000006b51900000,0x0000006b51a00000) (1024K)]
  0x000001c5e3ecc370 JavaThread "Thread-17"                  daemon [_thread_in_native, id=29580, stack(0x0000006b51a00000,0x0000006b51b00000) (1024K)]
  0x000001c5e39b1810 JavaThread "Thread-18"                  daemon [_thread_in_native, id=3088, stack(0x0000006b51b00000,0x0000006b51c00000) (1024K)]
  0x000001c5e39b6040 JavaThread "pool-2-thread-1"                   [_thread_blocked, id=26100, stack(0x0000006b51c00000,0x0000006b51d00000) (1024K)]
  0x000001c5e39b5320 JavaThread "WorkspaceEventsHandler"            [_thread_blocked, id=31404, stack(0x0000006b52100000,0x0000006b52200000) (1024K)]
  0x000001c5e39af740 JavaThread "pool-1-thread-1"                   [_thread_in_native, id=20808, stack(0x0000006b52200000,0x0000006b52300000) (1024K)]
  0x000001c5e39b1180 JavaThread "Worker-7"                          [_thread_blocked, id=15112, stack(0x0000006b52300000,0x0000006b52400000) (1024K)]
  0x000001c5e39b4c90 JavaThread "pool-3-thread-1"                   [_thread_blocked, id=14492, stack(0x0000006b50600000,0x0000006b50700000) (1024K)]
  0x000001c5e5cce9d0 JavaThread "C2 CompilerThread1"         daemon [_thread_blocked, id=27124, stack(0x0000006b4eb00000,0x0000006b4ec00000) (1024K)]
  0x000001c5e5ccfe40 JavaThread "C2 CompilerThread2"         daemon [_thread_in_native, id=29056, stack(0x0000006b4ed00000,0x0000006b4ee00000) (1024K)]
  0x000001c5e569d3c0 JavaThread "C1 CompilerThread2"         daemon [_thread_blocked, id=9916, stack(0x0000006b50700000,0x0000006b50800000) (1024K)]
  0x000001c5e569fca0 JavaThread "C2 CompilerThread3"         daemon [_thread_in_native, id=31448, stack(0x0000006b4ee00000,0x0000006b4ef00000) (1024K)]
  0x000001c5e569e830 JavaThread "C2 CompilerThread4"         daemon [_thread_in_native, id=30180, stack(0x0000006b51d00000,0x0000006b51e00000) (1024K)]
  0x000001c5e569b880 JavaThread "C2 CompilerThread5"         daemon [_thread_in_native, id=10656, stack(0x0000006b51e00000,0x0000006b51f00000) (1024K)]
=>0x000001c5e569bf50 JavaThread "C2 CompilerThread6"         daemon [_thread_in_native, id=7200, stack(0x0000006b51f00000,0x0000006b52000000) (1024K)]
  0x000001c5e569ef00 JavaThread "C2 CompilerThread7"         daemon [_thread_blocked, id=15492, stack(0x0000006b52000000,0x0000006b52100000) (1024K)]
Total: 58

Other Threads:
  0x000001c5da8d32d0 VMThread "VM Thread"                           [id=356, stack(0x0000006b4de00000,0x0000006b4df00000) (1024K)]
  0x000001c5d90eca00 WatcherThread "VM Periodic Task Thread"        [id=26628, stack(0x0000006b4dd00000,0x0000006b4de00000) (1024K)]
  0x000001c5c4e3e710 WorkerThread "GC Thread#0"                     [id=17768, stack(0x0000006b4dc00000,0x0000006b4dd00000) (1024K)]
  0x000001c5e0a2b4b0 WorkerThread "GC Thread#1"                     [id=9752, stack(0x0000006b4ef00000,0x0000006b4f000000) (1024K)]
  0x000001c5e0a2b850 WorkerThread "GC Thread#2"                     [id=28396, stack(0x0000006b4f000000,0x0000006b4f100000) (1024K)]
  0x000001c5e0a2bbf0 WorkerThread "GC Thread#3"                     [id=23288, stack(0x0000006b4f100000,0x0000006b4f200000) (1024K)]
  0x000001c5e00d0ce0 WorkerThread "GC Thread#4"                     [id=16840, stack(0x0000006b4f200000,0x0000006b4f300000) (1024K)]
  0x000001c5e00d1080 WorkerThread "GC Thread#5"                     [id=14896, stack(0x0000006b4f300000,0x0000006b4f400000) (1024K)]
  0x000001c5e0a6a0a0 WorkerThread "GC Thread#6"                     [id=20296, stack(0x0000006b4f500000,0x0000006b4f600000) (1024K)]
  0x000001c5e0ba1c90 WorkerThread "GC Thread#7"                     [id=19504, stack(0x0000006b4f600000,0x0000006b4f700000) (1024K)]
  0x000001c5e0f53560 WorkerThread "GC Thread#8"                     [id=24952, stack(0x0000006b4fb00000,0x0000006b4fc00000) (1024K)]
  0x000001c5e0f51fa0 WorkerThread "GC Thread#9"                     [id=9724, stack(0x0000006b4fc00000,0x0000006b4fd00000) (1024K)]
  0x000001c5e0f52e20 WorkerThread "GC Thread#10"                    [id=25740, stack(0x0000006b4fd00000,0x0000006b4fe00000) (1024K)]
  0x000001c5e0f53900 WorkerThread "GC Thread#11"                    [id=25484, stack(0x0000006b4fe00000,0x0000006b4ff00000) (1024K)]
  0x000001c5e10b37b0 WorkerThread "GC Thread#12"                    [id=19580, stack(0x0000006b4ff00000,0x0000006b50000000) (1024K)]
Total: 15

Threads with active compile tasks:
C2 CompilerThread0  29228 9917 %     4       org.lombokweb.asm.SymbolTable::<init> @ 98 (536 bytes)
C2 CompilerThread2  29228 9742       4       java.lang.invoke.MethodHandleImpl::makePairwiseConvertByEditor (617 bytes)
C2 CompilerThread3  29228 9942       4       org.lombokweb.asm.ClassReader::readMethod (1070 bytes)
C2 CompilerThread4  29228 10022       4       java.lang.invoke.MethodType::makeImpl (109 bytes)
C2 CompilerThread5  29228 9968 %     4       org.lombokweb.asm.ClassReader::readCode @ 2187 (5117 bytes)
C2 CompilerThread6  29228 10007       4       java.lang.invoke.MethodType::methodType (69 bytes)
Total: 6

VM state: not at safepoint (normal execution)

VM Mutex/Monitor currently owned by a thread: None

Heap address: 0x00000000c0000000, size: 1024 MB, Compressed Oops mode: 32-bit

CDS archive(s) mapped at: [0x000001c580000000-0x000001c580ba0000-0x000001c580ba0000), size 12189696, SharedBaseAddress: 0x000001c580000000, ArchiveRelocationMode: 1.
Compressed class space mapped at: 0x000001c581000000-0x000001c5c1000000, reserved size: 1073741824
Narrow klass base: 0x000001c580000000, Narrow klass shift: 0, Narrow klass range: 0x100000000

GC Precious Log:
 CardTable entry size: 512
 CPUs: 16 total, 16 available
 Memory: 15613M
 Large Page Support: Disabled
 NUMA Support: Disabled
 Compressed Oops: Enabled (32-bit)
 Alignments: Space 512K, Generation 512K, Heap 2M
 Heap Min Capacity: 100M
 Heap Initial Capacity: 100M
 Heap Max Capacity: 1G
 Pre-touch: Disabled
 Parallel Workers: 13

Heap:
 PSYoungGen      total 3584K, used 690K [0x00000000eab00000, 0x00000000eb080000, 0x0000000100000000)
  eden space 3072K, 8% used [0x00000000eab00000,0x00000000eab449d8,0x00000000eae00000)
  from space 512K, 81% used [0x00000000eb000000,0x00000000eb068010,0x00000000eb080000)
  to   space 512K, 0% used [0x00000000eaf80000,0x00000000eaf80000,0x00000000eb000000)
 ParOldGen       total 655872K, used 655742K [0x00000000c0000000, 0x00000000e8080000, 0x00000000eab00000)
  object space 655872K, 99% used [0x00000000c0000000,0x00000000e805f9b8,0x00000000e8080000)
 Metaspace       used 56718K, committed 57920K, reserved 1114112K
  class space    used 5873K, committed 6400K, reserved 1048576K

Card table byte_map: [0x000001c5c47c0000,0x000001c5c49d0000] _byte_map_base: 0x000001c5c41c0000

Marking Bits: (ParMarkBitMap*) 0x00007ff9c8603260
 Begin Bits: [0x000001c5d7010000, 0x000001c5d8010000)
 End Bits:   [0x000001c5d8010000, 0x000001c5d9010000)

Polling page: 0x000001c5c2cc0000

Metaspace:

Usage:
  Non-class:     49.65 MB used.
      Class:      5.74 MB used.
       Both:     55.39 MB used.

Virtual space:
  Non-class space:       64.00 MB reserved,      50.31 MB ( 79%) committed,  1 nodes.
      Class space:        1.00 GB reserved,       6.25 MB ( <1%) committed,  1 nodes.
             Both:        1.06 GB reserved,      56.56 MB (  5%) committed. 

Chunk freelists:
   Non-Class:  13.02 MB
       Class:  9.63 MB
        Both:  22.65 MB

MaxMetaspaceSize: unlimited
CompressedClassSpaceSize: 1.00 GB
Initial GC threshold: 21.00 MB
Current GC threshold: 58.38 MB
CDS: on
 - commit_granule_bytes: 65536.
 - commit_granule_words: 8192.
 - virtual_space_node_default_size: 8388608.
 - enlarge_chunks_in_place: 1.
 - use_allocation_guard: 0.


Internal statistics:

num_allocs_failed_limit: 6.
num_arena_births: 946.
num_arena_deaths: 42.
num_vsnodes_births: 2.
num_vsnodes_deaths: 0.
num_space_committed: 905.
num_space_uncommitted: 0.
num_chunks_returned_to_freelist: 56.
num_chunks_taken_from_freelist: 3463.
num_chunk_merges: 12.
num_chunk_splits: 2184.
num_chunks_enlarged: 1328.
num_inconsistent_stats: 0.

CodeHeap 'non-profiled nmethods': size=119168Kb used=8747Kb max_used=8747Kb free=110420Kb
 bounds [0x000001c5cfbb0000, 0x000001c5d0440000, 0x000001c5d7010000]
CodeHeap 'profiled nmethods': size=119104Kb used=21741Kb max_used=21741Kb free=97362Kb
 bounds [0x000001c5c8010000, 0x000001c5c9550000, 0x000001c5cf460000]
CodeHeap 'non-nmethods': size=7488Kb used=2537Kb max_used=3166Kb free=4951Kb
 bounds [0x000001c5cf460000, 0x000001c5cf780000, 0x000001c5cfbb0000]
 total_blobs=10169 nmethods=9449 adapters=624
 compilation: enabled
              stopped_count=0, restarted_count=0
 full_count=0

Compilation events (20 events):
Event: 29.161 Thread 0x000001c5e569d3c0 nmethod 10040 0x000001c5c9545510 code [0x000001c5c95456c0, 0x000001c5c9545828]
Event: 29.165 Thread 0x000001c5e5cce9d0 10021       4       java.util.Collections$1::next (25 bytes)
Event: 29.165 Thread 0x000001c5e569d3c0 10041       3       org.eclipse.jdt.internal.compiler.impl.BooleanConstant::fromValue (14 bytes)
Event: 29.165 Thread 0x000001c5e569d3c0 nmethod 10041 0x000001c5c9545910 code [0x000001c5c9545ac0, 0x000001c5c9545c28]
Event: 29.166 Thread 0x000001c5e5cce9d0 nmethod 10021 0x000001c5d0436410 code [0x000001c5d04365a0, 0x000001c5d0436650]
Event: 29.166 Thread 0x000001c5e5cce9d0 10038       4       lombok.core.LombokImmutableList::get (7 bytes)
Event: 29.166 Thread 0x000001c5e5cce9d0 nmethod 10038 0x000001c5d0436710 code [0x000001c5d04368a0, 0x000001c5d0436970]
Event: 29.166 Thread 0x000001c5e5cce9d0 10042       4       java.lang.invoke.MemberName::initResolved (53 bytes)
Event: 29.167 Thread 0x000001c5e5cce9d0 nmethod 10042 0x000001c5d0436a10 code [0x000001c5d0436ba0, 0x000001c5d0436c48]
Event: 29.172 Thread 0x000001c5e569ef00 nmethod 9998 0x000001c5d0436d10 code [0x000001c5d04370a0, 0x000001c5d0439180]
Event: 29.173 Thread 0x000001c5da915d40 10043       3       org.eclipse.jdt.internal.core.JavaModelCache::peekAtInfo (156 bytes)
Event: 29.173 Thread 0x000001c5dabe31d0 10044       3       org.eclipse.jdt.internal.core.JavaElement::close (9 bytes)
Event: 29.173 Thread 0x000001c5dabe31d0 nmethod 10044 0x000001c5c9545c90 code [0x000001c5c9545e40, 0x000001c5c9546000]
Event: 29.173 Thread 0x000001c5e569d3c0 10045  s!   3       org.eclipse.jdt.internal.core.JavaModelManager::removeInfoAndChildren (115 bytes)
Event: 29.173 Thread 0x000001c5da915d40 nmethod 10043 0x000001c5c9546110 code [0x000001c5c9546480, 0x000001c5c9548160]
Event: 29.174 Thread 0x000001c5e569d3c0 nmethod 10045 0x000001c5c9548690 code [0x000001c5c9548980, 0x000001c5c9549780]
Event: 29.187 Thread 0x000001c5da915d40 10046   !   3       org.eclipse.osgi.internal.loader.BundleLoader::isDynamicallyImported (150 bytes)
Event: 29.187 Thread 0x000001c5e569d3c0 10047       3       lombok.launch.ShadowClassLoader::partOfShadow (46 bytes)
Event: 29.187 Thread 0x000001c5e569d3c0 nmethod 10047 0x000001c5c9549d90 code [0x000001c5c9549f80, 0x000001c5c954a368]
Event: 29.187 Thread 0x000001c5da915d40 nmethod 10046 0x000001c5c954a510 code [0x000001c5c954a760, 0x000001c5c954b0d0]

GC Heap History (20 events):
Event: 28.957 GC heap before
{Heap before GC invocations=932 (full 2):
 PSYoungGen      total 4096K, used 3558K [0x00000000eab00000, 0x00000000eb080000, 0x0000000100000000)
  eden space 2560K, 100% used [0x00000000eab00000,0x00000000ead80000,0x00000000ead80000)
  from space 1536K, 65% used [0x00000000ead80000,0x00000000eae79aa8,0x00000000eaf00000)
  to   space 1536K, 0% used [0x00000000eaf00000,0x00000000eaf00000,0x00000000eb080000)
 ParOldGen       total 655360K, used 654958K [0x00000000c0000000, 0x00000000e8000000, 0x00000000eab00000)
  object space 655360K, 99% used [0x00000000c0000000,0x00000000e7f9b998,0x00000000e8000000)
 Metaspace       used 54842K, committed 56128K, reserved 1114112K
  class space    used 5693K, committed 6272K, reserved 1048576K
}
Event: 28.958 GC heap after
{Heap after GC invocations=932 (full 2):
 PSYoungGen      total 4096K, used 1415K [0x00000000eab00000, 0x00000000eb080000, 0x0000000100000000)
  eden space 2560K, 0% used [0x00000000eab00000,0x00000000eab00000,0x00000000ead80000)
  from space 1536K, 92% used [0x00000000eaf00000,0x00000000eb061e08,0x00000000eb080000)
  to   space 1536K, 0% used [0x00000000ead80000,0x00000000ead80000,0x00000000eaf00000)
 ParOldGen       total 655360K, used 654958K [0x00000000c0000000, 0x00000000e8000000, 0x00000000eab00000)
  object space 655360K, 99% used [0x00000000c0000000,0x00000000e7f9b998,0x00000000e8000000)
 Metaspace       used 54842K, committed 56128K, reserved 1114112K
  class space    used 5693K, committed 6272K, reserved 1048576K
}
Event: 28.963 GC heap before
{Heap before GC invocations=933 (full 2):
 PSYoungGen      total 4096K, used 3949K [0x00000000eab00000, 0x00000000eb080000, 0x0000000100000000)
  eden space 2560K, 98% used [0x00000000eab00000,0x00000000ead798b0,0x00000000ead80000)
  from space 1536K, 92% used [0x00000000eaf00000,0x00000000eb061e08,0x00000000eb080000)
  to   space 1536K, 0% used [0x00000000ead80000,0x00000000ead80000,0x00000000eaf00000)
 ParOldGen       total 655360K, used 654958K [0x00000000c0000000, 0x00000000e8000000, 0x00000000eab00000)
  object space 655360K, 99% used [0x00000000c0000000,0x00000000e7f9b998,0x00000000e8000000)
 Metaspace       used 54845K, committed 56128K, reserved 1114112K
  class space    used 5693K, committed 6272K, reserved 1048576K
}
Event: 28.964 GC heap after
{Heap after GC invocations=933 (full 2):
 PSYoungGen      total 3584K, used 726K [0x00000000eab00000, 0x00000000eaf80000, 0x0000000100000000)
  eden space 2560K, 0% used [0x00000000eab00000,0x00000000eab00000,0x00000000ead80000)
  from space 1024K, 70% used [0x00000000ead80000,0x00000000eae35ad0,0x00000000eae80000)
  to   space 1024K, 0% used [0x00000000eae80000,0x00000000eae80000,0x00000000eaf80000)
 ParOldGen       total 655360K, used 654982K [0x00000000c0000000, 0x00000000e8000000, 0x00000000eab00000)
  object space 655360K, 99% used [0x00000000c0000000,0x00000000e7fa1998,0x00000000e8000000)
 Metaspace       used 54845K, committed 56128K, reserved 1114112K
  class space    used 5693K, committed 6272K, reserved 1048576K
}
Event: 28.969 GC heap before
{Heap before GC invocations=934 (full 2):
 PSYoungGen      total 3584K, used 3286K [0x00000000eab00000, 0x00000000eaf80000, 0x0000000100000000)
  eden space 2560K, 100% used [0x00000000eab00000,0x00000000ead80000,0x00000000ead80000)
  from space 1024K, 70% used [0x00000000ead80000,0x00000000eae35ad0,0x00000000eae80000)
  to   space 1024K, 0% used [0x00000000eae80000,0x00000000eae80000,0x00000000eaf80000)
 ParOldGen       total 655360K, used 654982K [0x00000000c0000000, 0x00000000e8000000, 0x00000000eab00000)
  object space 655360K, 99% used [0x00000000c0000000,0x00000000e7fa1998,0x00000000e8000000)
 Metaspace       used 54845K, committed 56128K, reserved 1114112K
  class space    used 5693K, committed 6272K, reserved 1048576K
}
Event: 28.970 GC heap after
{Heap after GC invocations=934 (full 2):
 PSYoungGen      total 3072K, used 1014K [0x00000000eab00000, 0x00000000eb080000, 0x0000000100000000)
  eden space 2048K, 0% used [0x00000000eab00000,0x00000000eab00000,0x00000000ead00000)
  from space 1024K, 99% used [0x00000000eae80000,0x00000000eaf7d9a8,0x00000000eaf80000)
  to   space 1536K, 0% used [0x00000000ead00000,0x00000000ead00000,0x00000000eae80000)
 ParOldGen       total 655360K, used 655030K [0x00000000c0000000, 0x00000000e8000000, 0x00000000eab00000)
  object space 655360K, 99% used [0x00000000c0000000,0x00000000e7fad998,0x00000000e8000000)
 Metaspace       used 54845K, committed 56128K, reserved 1114112K
  class space    used 5693K, committed 6272K, reserved 1048576K
}
Event: 28.974 GC heap before
{Heap before GC invocations=935 (full 2):
 PSYoungGen      total 3072K, used 3062K [0x00000000eab00000, 0x00000000eb080000, 0x0000000100000000)
  eden space 2048K, 100% used [0x00000000eab00000,0x00000000ead00000,0x00000000ead00000)
  from space 1024K, 99% used [0x00000000eae80000,0x00000000eaf7d9a8,0x00000000eaf80000)
  to   space 1536K, 0% used [0x00000000ead00000,0x00000000ead00000,0x00000000eae80000)
 ParOldGen       total 655360K, used 655030K [0x00000000c0000000, 0x00000000e8000000, 0x00000000eab00000)
  object space 655360K, 99% used [0x00000000c0000000,0x00000000e7fad998,0x00000000e8000000)
 Metaspace       used 54845K, committed 56128K, reserved 1114112K
  class space    used 5693K, committed 6272K, reserved 1048576K
}
Event: 28.976 GC heap after
{Heap after GC invocations=935 (full 2):
 PSYoungGen      total 3584K, used 965K [0x00000000eab00000, 0x00000000eaf80000, 0x0000000100000000)
  eden space 2048K, 0% used [0x00000000eab00000,0x00000000eab00000,0x00000000ead00000)
  from space 1536K, 62% used [0x00000000ead00000,0x00000000eadf14b8,0x00000000eae80000)
  to   space 1024K, 0% used [0x00000000eae80000,0x00000000eae80000,0x00000000eaf80000)
 ParOldGen       total 655360K, used 655102K [0x00000000c0000000, 0x00000000e8000000, 0x00000000eab00000)
  object space 655360K, 99% used [0x00000000c0000000,0x00000000e7fbf998,0x00000000e8000000)
 Metaspace       used 54845K, committed 56128K, reserved 1114112K
  class space    used 5693K, committed 6272K, reserved 1048576K
}
Event: 28.979 GC heap before
{Heap before GC invocations=936 (full 2):
 PSYoungGen      total 3584K, used 3000K [0x00000000eab00000, 0x00000000eaf80000, 0x0000000100000000)
  eden space 2048K, 99% used [0x00000000eab00000,0x00000000eacfcbe0,0x00000000ead00000)
  from space 1536K, 62% used [0x00000000ead00000,0x00000000eadf14b8,0x00000000eae80000)
  to   space 1024K, 0% used [0x00000000eae80000,0x00000000eae80000,0x00000000eaf80000)
 ParOldGen       total 655360K, used 655102K [0x00000000c0000000, 0x00000000e8000000, 0x00000000eab00000)
  object space 655360K, 99% used [0x00000000c0000000,0x00000000e7fbf998,0x00000000e8000000)
 Metaspace       used 54845K, committed 56128K, reserved 1114112K
  class space    used 5693K, committed 6272K, reserved 1048576K
}
Event: 28.980 GC heap after
{Heap after GC invocations=936 (full 2):
 PSYoungGen      total 3584K, used 790K [0x00000000eab00000, 0x00000000eaf80000, 0x0000000100000000)
  eden space 2560K, 0% used [0x00000000eab00000,0x00000000eab00000,0x00000000ead80000)
  from space 1024K, 77% used [0x00000000eae80000,0x00000000eaf45958,0x00000000eaf80000)
  to   space 1024K, 0% used [0x00000000ead80000,0x00000000ead80000,0x00000000eae80000)
 ParOldGen       total 655360K, used 655102K [0x00000000c0000000, 0x00000000e8000000, 0x00000000eab00000)
  object space 655360K, 99% used [0x00000000c0000000,0x00000000e7fbf998,0x00000000e8000000)
 Metaspace       used 54845K, committed 56128K, reserved 1114112K
  class space    used 5693K, committed 6272K, reserved 1048576K
}
Event: 28.984 GC heap before
{Heap before GC invocations=937 (full 2):
 PSYoungGen      total 3584K, used 3206K [0x00000000eab00000, 0x00000000eaf80000, 0x0000000100000000)
  eden space 2560K, 94% used [0x00000000eab00000,0x00000000ead5c0e0,0x00000000ead80000)
  from space 1024K, 77% used [0x00000000eae80000,0x00000000eaf45958,0x00000000eaf80000)
  to   space 1024K, 0% used [0x00000000ead80000,0x00000000ead80000,0x00000000eae80000)
 ParOldGen       total 655360K, used 655102K [0x00000000c0000000, 0x00000000e8000000, 0x00000000eab00000)
  object space 655360K, 99% used [0x00000000c0000000,0x00000000e7fbf998,0x00000000e8000000)
 Metaspace       used 54845K, committed 56128K, reserved 1114112K
  class space    used 5693K, committed 6272K, reserved 1048576K
}
Event: 28.985 GC heap after
{Heap after GC invocations=937 (full 2):
 PSYoungGen      total 3584K, used 1000K [0x00000000eab00000, 0x00000000eb100000, 0x0000000100000000)
  eden space 2560K, 0% used [0x00000000eab00000,0x00000000eab00000,0x00000000ead80000)
  from space 1024K, 97% used [0x00000000ead80000,0x00000000eae7a040,0x00000000eae80000)
  to   space 1536K, 0% used [0x00000000eaf80000,0x00000000eaf80000,0x00000000eb100000)
 ParOldGen       total 655360K, used 655158K [0x00000000c0000000, 0x00000000e8000000, 0x00000000eab00000)
  object space 655360K, 99% used [0x00000000c0000000,0x00000000e7fcd998,0x00000000e8000000)
 Metaspace       used 54845K, committed 56128K, reserved 1114112K
  class space    used 5693K, committed 6272K, reserved 1048576K
}
Event: 28.992 GC heap before
{Heap before GC invocations=938 (full 2):
 PSYoungGen      total 3584K, used 3431K [0x00000000eab00000, 0x00000000eb100000, 0x0000000100000000)
  eden space 2560K, 94% used [0x00000000eab00000,0x00000000ead5fdb8,0x00000000ead80000)
  from space 1024K, 97% used [0x00000000ead80000,0x00000000eae7a040,0x00000000eae80000)
  to   space 1536K, 0% used [0x00000000eaf80000,0x00000000eaf80000,0x00000000eb100000)
 ParOldGen       total 655360K, used 655158K [0x00000000c0000000, 0x00000000e8000000, 0x00000000eab00000)
  object space 655360K, 99% used [0x00000000c0000000,0x00000000e7fcd998,0x00000000e8000000)
 Metaspace       used 54846K, committed 56128K, reserved 1114112K
  class space    used 5693K, committed 6272K, reserved 1048576K
}
Event: 28.993 GC heap after
{Heap after GC invocations=938 (full 2):
 PSYoungGen      total 4608K, used 1209K [0x00000000eab00000, 0x00000000eb100000, 0x0000000100000000)
  eden space 3072K, 0% used [0x00000000eab00000,0x00000000eab00000,0x00000000eae00000)
  from space 1536K, 78% used [0x00000000eaf80000,0x00000000eb0ae7f8,0x00000000eb100000)
  to   space 1536K, 0% used [0x00000000eae00000,0x00000000eae00000,0x00000000eaf80000)
 ParOldGen       total 655360K, used 655262K [0x00000000c0000000, 0x00000000e8000000, 0x00000000eab00000)
  object space 655360K, 99% used [0x00000000c0000000,0x00000000e7fe7998,0x00000000e8000000)
 Metaspace       used 54846K, committed 56128K, reserved 1114112K
  class space    used 5693K, committed 6272K, reserved 1048576K
}
Event: 29.021 GC heap before
{Heap before GC invocations=939 (full 2):
 PSYoungGen      total 4608K, used 4281K [0x00000000eab00000, 0x00000000eb100000, 0x0000000100000000)
  eden space 3072K, 100% used [0x00000000eab00000,0x00000000eae00000,0x00000000eae00000)
  from space 1536K, 78% used [0x00000000eaf80000,0x00000000eb0ae7f8,0x00000000eb100000)
  to   space 1536K, 0% used [0x00000000eae00000,0x00000000eae00000,0x00000000eaf80000)
 ParOldGen       total 655360K, used 655262K [0x00000000c0000000, 0x00000000e8000000, 0x00000000eab00000)
  object space 655360K, 99% used [0x00000000c0000000,0x00000000e7fe7998,0x00000000e8000000)
 Metaspace       used 55291K, committed 56512K, reserved 1114112K
  class space    used 5733K, committed 6272K, reserved 1048576K
}
Event: 29.025 GC heap after
{Heap after GC invocations=939 (full 2):
 PSYoungGen      total 4608K, used 224K [0x00000000eab00000, 0x00000000eb100000, 0x0000000100000000)
  eden space 3072K, 0% used [0x00000000eab00000,0x00000000eab00000,0x00000000eae00000)
  from space 1536K, 14% used [0x00000000eae00000,0x00000000eae38000,0x00000000eaf80000)
  to   space 1024K, 0% used [0x00000000eb000000,0x00000000eb000000,0x00000000eb100000)
 ParOldGen       total 655360K, used 655270K [0x00000000c0000000, 0x00000000e8000000, 0x00000000eab00000)
  object space 655360K, 99% used [0x00000000c0000000,0x00000000e7fe9998,0x00000000e8000000)
 Metaspace       used 55291K, committed 56512K, reserved 1114112K
  class space    used 5733K, committed 6272K, reserved 1048576K
}
Event: 29.047 GC heap before
{Heap before GC invocations=940 (full 2):
 PSYoungGen      total 4608K, used 3294K [0x00000000eab00000, 0x00000000eb100000, 0x0000000100000000)
  eden space 3072K, 99% used [0x00000000eab00000,0x00000000eadff9e8,0x00000000eae00000)
  from space 1536K, 14% used [0x00000000eae00000,0x00000000eae38000,0x00000000eaf80000)
  to   space 1024K, 0% used [0x00000000eb000000,0x00000000eb000000,0x00000000eb100000)
 ParOldGen       total 655360K, used 655270K [0x00000000c0000000, 0x00000000e8000000, 0x00000000eab00000)
  object space 655360K, 99% used [0x00000000c0000000,0x00000000e7fe9998,0x00000000e8000000)
 Metaspace       used 55840K, committed 57088K, reserved 1114112K
  class space    used 5789K, committed 6336K, reserved 1048576K
}
Event: 29.048 GC heap after
{Heap after GC invocations=940 (full 2):
 PSYoungGen      total 3584K, used 320K [0x00000000eab00000, 0x00000000eb080000, 0x0000000100000000)
  eden space 3072K, 0% used [0x00000000eab00000,0x00000000eab00000,0x00000000eae00000)
  from space 512K, 62% used [0x00000000eb000000,0x00000000eb050000,0x00000000eb080000)
  to   space 512K, 0% used [0x00000000eaf80000,0x00000000eaf80000,0x00000000eb000000)
 ParOldGen       total 655360K, used 655334K [0x00000000c0000000, 0x00000000e8000000, 0x00000000eab00000)
  object space 655360K, 99% used [0x00000000c0000000,0x00000000e7ff9998,0x00000000e8000000)
 Metaspace       used 55840K, committed 57088K, reserved 1114112K
  class space    used 5789K, committed 6336K, reserved 1048576K
}
Event: 29.110 GC heap before
{Heap before GC invocations=941 (full 2):
 PSYoungGen      total 3584K, used 3392K [0x00000000eab00000, 0x00000000eb080000, 0x0000000100000000)
  eden space 3072K, 100% used [0x00000000eab00000,0x00000000eae00000,0x00000000eae00000)
  from space 512K, 62% used [0x00000000eb000000,0x00000000eb050000,0x00000000eb080000)
  to   space 512K, 0% used [0x00000000eaf80000,0x00000000eaf80000,0x00000000eb000000)
 ParOldGen       total 655360K, used 655334K [0x00000000c0000000, 0x00000000e8000000, 0x00000000eab00000)
  object space 655360K, 99% used [0x00000000c0000000,0x00000000e7ff9998,0x00000000e8000000)
 Metaspace       used 56207K, committed 57472K, reserved 1114112K
  class space    used 5826K, committed 6400K, reserved 1048576K
}
Event: 29.112 GC heap after
{Heap after GC invocations=941 (full 2):
 PSYoungGen      total 3584K, used 512K [0x00000000eab00000, 0x00000000eb080000, 0x0000000100000000)
  eden space 3072K, 0% used [0x00000000eab00000,0x00000000eab00000,0x00000000eae00000)
  from space 512K, 100% used [0x00000000eaf80000,0x00000000eb000000,0x00000000eb000000)
  to   space 512K, 0% used [0x00000000eb000000,0x00000000eb000000,0x00000000eb080000)
 ParOldGen       total 655872K, used 655438K [0x00000000c0000000, 0x00000000e8080000, 0x00000000eab00000)
  object space 655872K, 99% used [0x00000000c0000000,0x00000000e8013998,0x00000000e8080000)
 Metaspace       used 56207K, committed 57472K, reserved 1114112K
  class space    used 5826K, committed 6400K, reserved 1048576K
}

Dll operation events (10 events):
Event: 0.008 Loaded shared library c:\Users\ASUS\.vscode\extensions\redhat.java-1.40.0-win32-x64\jre\21.0.6-win32-x86_64\bin\java.dll
Event: 0.068 Loaded shared library c:\Users\ASUS\.vscode\extensions\redhat.java-1.40.0-win32-x64\jre\21.0.6-win32-x86_64\bin\zip.dll
Event: 0.093 Loaded shared library C:\Users\ASUS\.vscode\extensions\redhat.java-1.40.0-win32-x64\jre\21.0.6-win32-x86_64\bin\instrument.dll
Event: 0.101 Loaded shared library C:\Users\ASUS\.vscode\extensions\redhat.java-1.40.0-win32-x64\jre\21.0.6-win32-x86_64\bin\net.dll
Event: 0.104 Loaded shared library C:\Users\ASUS\.vscode\extensions\redhat.java-1.40.0-win32-x64\jre\21.0.6-win32-x86_64\bin\nio.dll
Event: 0.110 Loaded shared library C:\Users\ASUS\.vscode\extensions\redhat.java-1.40.0-win32-x64\jre\21.0.6-win32-x86_64\bin\zip.dll
Event: 0.130 Loaded shared library C:\Users\ASUS\.vscode\extensions\redhat.java-1.40.0-win32-x64\jre\21.0.6-win32-x86_64\bin\jimage.dll
Event: 0.202 Loaded shared library c:\Users\ASUS\.vscode\extensions\redhat.java-1.40.0-win32-x64\jre\21.0.6-win32-x86_64\bin\verify.dll
Event: 1.086 Loaded shared library C:\Users\ASUS\AppData\Roaming\Code\User\globalStorage\redhat.java\1.40.0\config_win\org.eclipse.equinox.launcher\org.eclipse.equinox.launcher.win32.win32.x86_64_1.2.1200.v20250212-0927\eclipse_11909.dll
Event: 3.081 Loaded shared library C:\Users\ASUS\AppData\Local\Temp\jna-2018896\jna4253371269712250303.dll

Deoptimization events (20 events):
Event: 28.927 Thread 0x000001c5e39af740 Uncommon trap: trap_request=0xffffffde fr.pc=0x000001c5cfd985b0 relative=0x0000000000000ff0
Event: 28.927 Thread 0x000001c5e39af740 Uncommon trap: reason=class_check action=maybe_recompile pc=0x000001c5cfd985b0 method=lombok.patcher.PatchScript$MethodPatcher.visitMethod(ILjava/lang/String;Ljava/lang/String;Ljava/lang/String;[Ljava/lang/String;)Lorg/lombokweb/asm/MethodVisitor; @ 101 c
Event: 28.927 Thread 0x000001c5e39af740 DEOPT PACKING pc=0x000001c5cfd985b0 sp=0x0000006b522fa120
Event: 28.927 Thread 0x000001c5e39af740 DEOPT UNPACKING pc=0x000001c5cf4b3aa2 sp=0x0000006b522fa108 mode 2
Event: 28.935 Thread 0x000001c5e39af740 DEOPT PACKING pc=0x000001c5c89a5bb3 sp=0x0000006b522fa2c0
Event: 28.935 Thread 0x000001c5e39af740 DEOPT UNPACKING pc=0x000001c5cf4b4242 sp=0x0000006b522f97f0 mode 0
Event: 28.942 Thread 0x000001c5e39af740 DEOPT PACKING pc=0x000001c5c89a5bb3 sp=0x0000006b522fa2c0
Event: 28.942 Thread 0x000001c5e39af740 DEOPT UNPACKING pc=0x000001c5cf4b4242 sp=0x0000006b522f97f0 mode 0
Event: 28.959 Thread 0x000001c5e39af740 DEOPT PACKING pc=0x000001c5c89a5bb3 sp=0x0000006b522fa2c0
Event: 28.959 Thread 0x000001c5e39af740 DEOPT UNPACKING pc=0x000001c5cf4b4242 sp=0x0000006b522f97f0 mode 0
Event: 28.963 Thread 0x000001c5e39af740 DEOPT PACKING pc=0x000001c5c89a5bb3 sp=0x0000006b522fa2c0
Event: 28.963 Thread 0x000001c5e39af740 DEOPT UNPACKING pc=0x000001c5cf4b4242 sp=0x0000006b522f97f0 mode 0
Event: 29.055 Thread 0x000001c5e39af740 Uncommon trap: trap_request=0xffffffcc fr.pc=0x000001c5d0429484 relative=0x0000000000001864
Event: 29.055 Thread 0x000001c5e39af740 Uncommon trap: reason=intrinsic_or_type_checked_inlining action=make_not_entrant pc=0x000001c5d0429484 method=java.util.ArrayList$SubList.toArray([Ljava/lang/Object;)[Ljava/lang/Object; @ 58 c2
Event: 29.055 Thread 0x000001c5e39af740 DEOPT PACKING pc=0x000001c5d0429484 sp=0x0000006b522fd4e0
Event: 29.055 Thread 0x000001c5e39af740 DEOPT UNPACKING pc=0x000001c5cf4b3aa2 sp=0x0000006b522fd408 mode 2
Event: 29.164 Thread 0x000001c5e39af740 Uncommon trap: trap_request=0xffffff45 fr.pc=0x000001c5d0335760 relative=0x00000000000000c0
Event: 29.164 Thread 0x000001c5e39af740 Uncommon trap: reason=unstable_if action=reinterpret pc=0x000001c5d0335760 method=org.eclipse.jdt.core.compiler.CharOperation.fragmentEquals([C[CIZ)Z @ 46 c2
Event: 29.164 Thread 0x000001c5e39af740 DEOPT PACKING pc=0x000001c5d0335760 sp=0x0000006b522fdd70
Event: 29.164 Thread 0x000001c5e39af740 DEOPT UNPACKING pc=0x000001c5cf4b3aa2 sp=0x0000006b522fdc80 mode 2

Classes loaded (20 events):
Event: 28.866 Loading class java/util/stream/ReferencePipeline$4
Event: 28.866 Loading class java/util/stream/IntPipeline$StatelessOp
Event: 28.866 Loading class java/util/stream/IntPipeline
Event: 28.867 Loading class java/util/stream/IntStream
Event: 28.867 Loading class java/util/stream/IntStream done
Event: 28.867 Loading class java/util/stream/IntPipeline done
Event: 28.867 Loading class java/util/stream/IntPipeline$StatelessOp done
Event: 28.867 Loading class java/util/stream/ReferencePipeline$4 done
Event: 28.867 Loading class java/util/stream/Nodes$IntFixedNodeBuilder
Event: 28.868 Loading class java/util/stream/Node$Builder$OfInt
Event: 28.868 Loading class java/util/stream/Sink$OfInt
Event: 28.868 Loading class java/util/stream/Sink$OfInt done
Event: 28.868 Loading class java/util/stream/Node$Builder$OfInt done
Event: 28.868 Loading class java/util/stream/Nodes$IntArrayNode
Event: 28.868 Loading class java/util/stream/Nodes$IntArrayNode done
Event: 28.868 Loading class java/util/stream/Nodes$IntFixedNodeBuilder done
Event: 28.868 Loading class java/util/stream/ReferencePipeline$4$1
Event: 28.868 Loading class java/util/stream/ReferencePipeline$4$1 done
Event: 29.170 Loading class java/util/Hashtable$ValueCollection
Event: 29.170 Loading class java/util/Hashtable$ValueCollection done

Classes unloaded (20 events):
Event: 3.393 Thread 0x000001c5da8d32d0 Unloading class 0x000001c58119d000 'java/lang/invoke/LambdaForm$MH+0x000001c58119d000'
Event: 3.393 Thread 0x000001c5da8d32d0 Unloading class 0x000001c58119cc00 'java/lang/invoke/LambdaForm$MH+0x000001c58119cc00'
Event: 3.393 Thread 0x000001c5da8d32d0 Unloading class 0x000001c58119c800 'java/lang/invoke/LambdaForm$MH+0x000001c58119c800'
Event: 3.393 Thread 0x000001c5da8d32d0 Unloading class 0x000001c58119c400 'java/lang/invoke/LambdaForm$BMH+0x000001c58119c400'
Event: 3.393 Thread 0x000001c5da8d32d0 Unloading class 0x000001c58119c000 'java/lang/invoke/LambdaForm$DMH+0x000001c58119c000'
Event: 3.393 Thread 0x000001c5da8d32d0 Unloading class 0x000001c58119ac00 'java/lang/invoke/LambdaForm$DMH+0x000001c58119ac00'
Event: 5.714 Thread 0x000001c5da8d32d0 Unloading class 0x000001c581308000 'java/lang/invoke/LambdaForm$MH+0x000001c581308000'
Event: 5.714 Thread 0x000001c5da8d32d0 Unloading class 0x000001c581307400 'java/lang/invoke/LambdaForm$MH+0x000001c581307400'
Event: 5.714 Thread 0x000001c5da8d32d0 Unloading class 0x000001c581306c00 'java/lang/invoke/LambdaForm$MH+0x000001c581306c00'
Event: 5.714 Thread 0x000001c5da8d32d0 Unloading class 0x000001c581306400 'java/lang/invoke/LambdaForm$MH+0x000001c581306400'
Event: 5.714 Thread 0x000001c5da8d32d0 Unloading class 0x000001c581306000 'java/lang/invoke/LambdaForm$DMH+0x000001c581306000'
Event: 5.714 Thread 0x000001c5da8d32d0 Unloading class 0x000001c581305400 'java/lang/invoke/LambdaForm$MH+0x000001c581305400'
Event: 5.714 Thread 0x000001c5da8d32d0 Unloading class 0x000001c581301c00 'java/lang/invoke/LambdaForm$MH+0x000001c581301c00'
Event: 5.714 Thread 0x000001c5da8d32d0 Unloading class 0x000001c581301400 'java/lang/invoke/LambdaForm$MH+0x000001c581301400'
Event: 5.714 Thread 0x000001c5da8d32d0 Unloading class 0x000001c581300c00 'java/lang/invoke/LambdaForm$MH+0x000001c581300c00'
Event: 5.714 Thread 0x000001c5da8d32d0 Unloading class 0x000001c581300800 'java/lang/invoke/LambdaForm$MH+0x000001c581300800'
Event: 5.714 Thread 0x000001c5da8d32d0 Unloading class 0x000001c5812fbc00 'java/lang/invoke/LambdaForm$MH+0x000001c5812fbc00'
Event: 5.714 Thread 0x000001c5da8d32d0 Unloading class 0x000001c5812fb400 'java/lang/invoke/LambdaForm$MH+0x000001c5812fb400'
Event: 5.714 Thread 0x000001c5da8d32d0 Unloading class 0x000001c5812fac00 'java/lang/invoke/LambdaForm$MH+0x000001c5812fac00'
Event: 5.714 Thread 0x000001c5da8d32d0 Unloading class 0x000001c5812fa400 'java/lang/invoke/LambdaForm$MH+0x000001c5812fa400'

Classes redefined (0 events):
No events

Internal exceptions (20 events):
Event: 28.312 Thread 0x000001c5e1241d90 Exception <a 'sun/nio/fs/WindowsException'{0x00000000eac60a10}> (0x00000000eac60a10) 
thrown [s\src\hotspot\share\prims\jni.cpp, line 520]
Event: 28.312 Thread 0x000001c5e1241d90 Exception <a 'sun/nio/fs/WindowsException'{0x00000000eac612f0}> (0x00000000eac612f0) 
thrown [s\src\hotspot\share\prims\jni.cpp, line 520]
Event: 28.320 Thread 0x000001c5e1241d90 Exception <a 'sun/nio/fs/WindowsException'{0x00000000eacaae08}> (0x00000000eacaae08) 
thrown [s\src\hotspot\share\prims\jni.cpp, line 520]
Event: 28.321 Thread 0x000001c5e1241d90 Exception <a 'sun/nio/fs/WindowsException'{0x00000000eacab6e8}> (0x00000000eacab6e8) 
thrown [s\src\hotspot\share\prims\jni.cpp, line 520]
Event: 28.323 Thread 0x000001c5e1241d90 Exception <a 'sun/nio/fs/WindowsException'{0x00000000ead49190}> (0x00000000ead49190) 
thrown [s\src\hotspot\share\prims\jni.cpp, line 520]
Event: 28.323 Thread 0x000001c5e1241d90 Exception <a 'sun/nio/fs/WindowsException'{0x00000000ead49a70}> (0x00000000ead49a70) 
thrown [s\src\hotspot\share\prims\jni.cpp, line 520]
Event: 28.347 Thread 0x000001c5e1241d90 Exception <a 'sun/nio/fs/WindowsException'{0x00000000ead3c3f8}> (0x00000000ead3c3f8) 
thrown [s\src\hotspot\share\prims\jni.cpp, line 520]
Event: 28.347 Thread 0x000001c5e1241d90 Exception <a 'sun/nio/fs/WindowsException'{0x00000000ead3ccd8}> (0x00000000ead3ccd8) 
thrown [s\src\hotspot\share\prims\jni.cpp, line 520]
Event: 28.349 Thread 0x000001c5e1241d90 Exception <a 'sun/nio/fs/WindowsException'{0x00000000ead5c248}> (0x00000000ead5c248) 
thrown [s\src\hotspot\share\prims\jni.cpp, line 520]
Event: 28.349 Thread 0x000001c5e1241d90 Exception <a 'sun/nio/fs/WindowsException'{0x00000000ead5c878}> (0x00000000ead5c878) 
thrown [s\src\hotspot\share\prims\jni.cpp, line 520]
Event: 28.518 Thread 0x000001c5e3ecd090 Exception <a 'sun/nio/fs/WindowsException'{0x00000000eac92578}> (0x00000000eac92578) 
thrown [s\src\hotspot\share\prims\jni.cpp, line 520]
Event: 28.519 Thread 0x000001c5e3ecd090 Exception <a 'sun/nio/fs/WindowsException'{0x00000000eac92bc8}> (0x00000000eac92bc8) 
thrown [s\src\hotspot\share\prims\jni.cpp, line 520]
Event: 28.527 Thread 0x000001c5e3ecd090 Exception <a 'sun/nio/fs/WindowsException'{0x00000000eab1e660}> (0x00000000eab1e660) 
thrown [s\src\hotspot\share\prims\jni.cpp, line 520]
Event: 28.527 Thread 0x000001c5e3ecd090 Exception <a 'sun/nio/fs/WindowsException'{0x00000000eab1f1a8}> (0x00000000eab1f1a8) 
thrown [s\src\hotspot\share\prims\jni.cpp, line 520]
Event: 28.544 Thread 0x000001c5e3ecd090 Exception <a 'java/io/FileNotFoundException'{0x00000000eabc9a70}> (0x00000000eabc9a70) 
thrown [s\src\hotspot\share\prims\jni.cpp, line 520]
Event: 28.545 Thread 0x000001c5e3ecd090 Exception <a 'java/io/FileNotFoundException'{0x00000000eabcace0}> (0x00000000eabcace0) 
thrown [s\src\hotspot\share\prims\jni.cpp, line 520]
Event: 28.545 Thread 0x000001c5e3ecd090 Exception <a 'java/io/FileNotFoundException'{0x00000000eabe50d8}> (0x00000000eabe50d8) 
thrown [s\src\hotspot\share\prims\jni.cpp, line 520]
Event: 28.545 Thread 0x000001c5e3ecd090 Exception <a 'java/io/FileNotFoundException'{0x00000000eabe6390}> (0x00000000eabe6390) 
thrown [s\src\hotspot\share\prims\jni.cpp, line 520]
Event: 28.545 Thread 0x000001c5e3ecd090 Exception <a 'java/io/FileNotFoundException'{0x00000000eabe7600}> (0x00000000eabe7600) 
thrown [s\src\hotspot\share\prims\jni.cpp, line 520]
Event: 28.598 Thread 0x000001c5e3ecd090 Exception <a 'java/lang/NoSuchMethodError'{0x00000000eab5e6f0}: 'java.util.List org.eclipse.jdt.internal.core.JavaProject.internalDefaultRootModules(java.lang.Iterable, java.util.function.Function, java.util.function.Function)'> (0x00000000eab5e6f0) 
thrown [s\src\hotspot\share\interpreter\linkResolver.cpp, line 773]

ZGC Phase Switch (0 events):
No events

VM Operations (20 events):
Event: 28.963 Executing VM operation: ParallelGCFailedAllocation (Allocation Failure)
Event: 28.964 Executing VM operation: ParallelGCFailedAllocation (Allocation Failure) done
Event: 28.969 Executing VM operation: ParallelGCFailedAllocation (Allocation Failure)
Event: 28.970 Executing VM operation: ParallelGCFailedAllocation (Allocation Failure) done
Event: 28.974 Executing VM operation: ParallelGCFailedAllocation (Allocation Failure)
Event: 28.976 Executing VM operation: ParallelGCFailedAllocation (Allocation Failure) done
Event: 28.978 Executing VM operation: ParallelGCFailedAllocation (Allocation Failure)
Event: 28.980 Executing VM operation: ParallelGCFailedAllocation (Allocation Failure) done
Event: 28.984 Executing VM operation: ParallelGCFailedAllocation (Allocation Failure)
Event: 28.985 Executing VM operation: ParallelGCFailedAllocation (Allocation Failure) done
Event: 28.992 Executing VM operation: ParallelGCFailedAllocation (Allocation Failure)
Event: 28.994 Executing VM operation: ParallelGCFailedAllocation (Allocation Failure) done
Event: 29.021 Executing VM operation: ParallelGCFailedAllocation (Allocation Failure)
Event: 29.025 Executing VM operation: ParallelGCFailedAllocation (Allocation Failure) done
Event: 29.047 Executing VM operation: ParallelGCFailedAllocation (Allocation Failure)
Event: 29.048 Executing VM operation: ParallelGCFailedAllocation (Allocation Failure) done
Event: 29.057 Executing VM operation: HandshakeAllThreads (Deoptimize)
Event: 29.058 Executing VM operation: HandshakeAllThreads (Deoptimize) done
Event: 29.110 Executing VM operation: ParallelGCFailedAllocation (Allocation Failure)
Event: 29.112 Executing VM operation: ParallelGCFailedAllocation (Allocation Failure) done

Memory protections (0 events):
No events

Nmethod flushes (20 events):
Event: 5.726 Thread 0x000001c5da8d32d0 flushing  nmethod 0x000001c5c8744690
Event: 5.726 Thread 0x000001c5da8d32d0 flushing  nmethod 0x000001c5c8766d90
Event: 5.726 Thread 0x000001c5da8d32d0 flushing  nmethod 0x000001c5c8767190
Event: 5.726 Thread 0x000001c5da8d32d0 flushing  nmethod 0x000001c5c8767a90
Event: 5.726 Thread 0x000001c5da8d32d0 flushing  nmethod 0x000001c5c8768c90
Event: 5.726 Thread 0x000001c5da8d32d0 flushing  nmethod 0x000001c5c8769490
Event: 5.726 Thread 0x000001c5da8d32d0 flushing  nmethod 0x000001c5c876a590
Event: 5.726 Thread 0x000001c5da8d32d0 flushing  nmethod 0x000001c5c876b690
Event: 5.726 Thread 0x000001c5da8d32d0 flushing  nmethod 0x000001c5c876bf90
Event: 5.726 Thread 0x000001c5da8d32d0 flushing  nmethod 0x000001c5c876d390
Event: 5.726 Thread 0x000001c5da8d32d0 flushing  nmethod 0x000001c5c876ee10
Event: 5.726 Thread 0x000001c5da8d32d0 flushing  nmethod 0x000001c5c8770890
Event: 5.726 Thread 0x000001c5da8d32d0 flushing  nmethod 0x000001c5c87b3790
Event: 5.726 Thread 0x000001c5da8d32d0 flushing  nmethod 0x000001c5c87b4290
Event: 5.726 Thread 0x000001c5da8d32d0 flushing  nmethod 0x000001c5c87bc390
Event: 5.726 Thread 0x000001c5da8d32d0 flushing  nmethod 0x000001c5c87df590
Event: 5.726 Thread 0x000001c5da8d32d0 flushing  nmethod 0x000001c5c87e5c90
Event: 5.726 Thread 0x000001c5da8d32d0 flushing  nmethod 0x000001c5c8832790
Event: 5.726 Thread 0x000001c5da8d32d0 flushing  nmethod 0x000001c5c8833a10
Event: 5.726 Thread 0x000001c5da8d32d0 flushing  nmethod 0x000001c5c886e390

Events (20 events):
Event: 25.355 Thread 0x000001c5e56cf390 Thread exited: 0x000001c5e56cf390
Event: 25.489 Thread 0x000001c5e6614480 Thread exited: 0x000001c5e6614480
Event: 25.719 Thread 0x000001c5dabe31d0 Thread added: 0x000001c5e5ccd560
Event: 25.719 Thread 0x000001c5dabe31d0 Thread added: 0x000001c5e5ccdc30
Event: 25.773 Thread 0x000001c5dabe31d0 Thread added: 0x000001c5e5cce9d0
Event: 25.773 Thread 0x000001c5dabe31d0 Thread added: 0x000001c5e5ccfe40
Event: 26.831 Thread 0x000001c5e5ccfe40 Thread exited: 0x000001c5e5ccfe40
Event: 26.831 Thread 0x000001c5e5cce9d0 Thread exited: 0x000001c5e5cce9d0
Event: 27.987 Thread 0x000001c5e5ccdc30 Thread exited: 0x000001c5e5ccdc30
Event: 27.989 Thread 0x000001c5e5ccd560 Thread exited: 0x000001c5e5ccd560
Event: 28.057 Thread 0x000001c5da915d40 Thread added: 0x000001c5e5cce9d0
Event: 28.132 Thread 0x000001c5da9152b0 Thread added: 0x000001c5e5ccfe40
Event: 28.132 Thread 0x000001c5da9152b0 Thread added: 0x000001c5e5ccdc30
Event: 28.302 Thread 0x000001c5dabe31d0 Thread added: 0x000001c5e569d3c0
Event: 28.722 Thread 0x000001c5e5ccdc30 Thread exited: 0x000001c5e5ccdc30
Event: 28.936 Thread 0x000001c5e569d3c0 Thread added: 0x000001c5e569fca0
Event: 28.942 Thread 0x000001c5dabe31d0 Thread added: 0x000001c5e569e830
Event: 28.952 Thread 0x000001c5e569d3c0 Thread added: 0x000001c5e569b880
Event: 28.973 Thread 0x000001c5e5cce9d0 Thread added: 0x000001c5e569bf50
Event: 28.973 Thread 0x000001c5e5cce9d0 Thread added: 0x000001c5e569ef00


Dynamic libraries:
0x00007ff66b7c0000 - 0x00007ff66b7ce000 	c:\Users\ASUS\.vscode\extensions\redhat.java-1.40.0-win32-x64\jre\21.0.6-win32-x86_64\bin\java.exe
0x00007ffa54df0000 - 0x00007ffa55007000 	C:\WINDOWS\SYSTEM32\ntdll.dll
0x00007ffa53560000 - 0x00007ffa53624000 	C:\WINDOWS\System32\KERNEL32.DLL
0x00007ffa52610000 - 0x00007ffa529e0000 	C:\WINDOWS\System32\KERNELBASE.dll
0x00007ffa52160000 - 0x00007ffa52271000 	C:\WINDOWS\System32\ucrtbase.dll
0x00007ffa18e90000 - 0x00007ffa18eae000 	c:\Users\ASUS\.vscode\extensions\redhat.java-1.40.0-win32-x64\jre\21.0.6-win32-x86_64\bin\VCRUNTIME140.dll
0x00007ffa34fa0000 - 0x00007ffa34fb8000 	c:\Users\ASUS\.vscode\extensions\redhat.java-1.40.0-win32-x64\jre\21.0.6-win32-x86_64\bin\jli.dll
0x00007ffa52e70000 - 0x00007ffa5301e000 	C:\WINDOWS\System32\USER32.dll
0x00007ffa52320000 - 0x00007ffa52346000 	C:\WINDOWS\System32\win32u.dll
0x00007ffa440a0000 - 0x00007ffa44332000 	C:\WINDOWS\WinSxS\amd64_microsoft.windows.common-controls_6595b64144ccf1df_6.0.22621.4830_none_270fe7d773858e80\COMCTL32.dll
0x00007ffa52db0000 - 0x00007ffa52dd9000 	C:\WINDOWS\System32\GDI32.dll
0x00007ffa534b0000 - 0x00007ffa53557000 	C:\WINDOWS\System32\msvcrt.dll
0x00007ffa52350000 - 0x00007ffa5246b000 	C:\WINDOWS\System32\gdi32full.dll
0x00007ffa52280000 - 0x00007ffa5231a000 	C:\WINDOWS\System32\msvcp_win.dll
0x00007ffa53040000 - 0x00007ffa53071000 	C:\WINDOWS\System32\IMM32.DLL
0x00007ffa3e8c0000 - 0x00007ffa3e8cc000 	c:\Users\ASUS\.vscode\extensions\redhat.java-1.40.0-win32-x64\jre\21.0.6-win32-x86_64\bin\vcruntime140_1.dll
0x00007ff9dff60000 - 0x00007ff9dffed000 	c:\Users\ASUS\.vscode\extensions\redhat.java-1.40.0-win32-x64\jre\21.0.6-win32-x86_64\bin\msvcp140.dll
0x00007ff9c7950000 - 0x00007ff9c86e0000 	c:\Users\ASUS\.vscode\extensions\redhat.java-1.40.0-win32-x64\jre\21.0.6-win32-x86_64\bin\server\jvm.dll
0x00007ffa531a0000 - 0x00007ffa53251000 	C:\WINDOWS\System32\ADVAPI32.dll
0x00007ffa542d0000 - 0x00007ffa54377000 	C:\WINDOWS\System32\sechost.dll
0x00007ffa52470000 - 0x00007ffa52498000 	C:\WINDOWS\System32\bcrypt.dll
0x00007ffa53080000 - 0x00007ffa53194000 	C:\WINDOWS\System32\RPCRT4.dll
0x00007ffa53630000 - 0x00007ffa536a1000 	C:\WINDOWS\System32\WS2_32.dll
0x00007ffa51dc0000 - 0x00007ffa51e0d000 	C:\WINDOWS\SYSTEM32\POWRPROF.dll
0x00007ffa49850000 - 0x00007ffa49884000 	C:\WINDOWS\SYSTEM32\WINMM.dll
0x00007ffa4c0c0000 - 0x00007ffa4c0ca000 	C:\WINDOWS\SYSTEM32\VERSION.dll
0x00007ffa51da0000 - 0x00007ffa51db3000 	C:\WINDOWS\SYSTEM32\UMPDC.dll
0x00007ffa510e0000 - 0x00007ffa510f8000 	C:\WINDOWS\SYSTEM32\kernel.appcore.dll
0x00007ffa34070000 - 0x00007ffa3407a000 	c:\Users\ASUS\.vscode\extensions\redhat.java-1.40.0-win32-x64\jre\21.0.6-win32-x86_64\bin\jimage.dll
0x00007ffa4aef0000 - 0x00007ffa4b122000 	C:\WINDOWS\SYSTEM32\DBGHELP.DLL
0x00007ffa545a0000 - 0x00007ffa54930000 	C:\WINDOWS\System32\combase.dll
0x00007ffa54080000 - 0x00007ffa54157000 	C:\WINDOWS\System32\OLEAUT32.dll
0x00007ffa48c50000 - 0x00007ffa48c82000 	C:\WINDOWS\SYSTEM32\dbgcore.DLL
0x00007ffa529e0000 - 0x00007ffa52a5b000 	C:\WINDOWS\System32\bcryptPrimitives.dll
0x00007ffa26da0000 - 0x00007ffa26daf000 	c:\Users\ASUS\.vscode\extensions\redhat.java-1.40.0-win32-x64\jre\21.0.6-win32-x86_64\bin\instrument.dll
0x00007ffa10910000 - 0x00007ffa1092f000 	c:\Users\ASUS\.vscode\extensions\redhat.java-1.40.0-win32-x64\jre\21.0.6-win32-x86_64\bin\java.dll
0x00007ffa536d0000 - 0x00007ffa53f48000 	C:\WINDOWS\System32\SHELL32.dll
0x00007ffa4fff0000 - 0x00007ffa50900000 	C:\WINDOWS\SYSTEM32\windows.storage.dll
0x00007ffa4feb0000 - 0x00007ffa4ffef000 	C:\WINDOWS\SYSTEM32\wintypes.dll
0x00007ffa54490000 - 0x00007ffa5459a000 	C:\WINDOWS\System32\SHCORE.dll
0x00007ffa53f50000 - 0x00007ffa53fae000 	C:\WINDOWS\System32\shlwapi.dll
0x00007ffa51fd0000 - 0x00007ffa51ffb000 	C:\WINDOWS\SYSTEM32\profapi.dll
0x00007ffa0aee0000 - 0x00007ffa0aef8000 	c:\Users\ASUS\.vscode\extensions\redhat.java-1.40.0-win32-x64\jre\21.0.6-win32-x86_64\bin\zip.dll
0x00007ffa268f0000 - 0x00007ffa26900000 	C:\Users\ASUS\.vscode\extensions\redhat.java-1.40.0-win32-x64\jre\21.0.6-win32-x86_64\bin\net.dll
0x00007ffa4f040000 - 0x00007ffa4f16c000 	C:\WINDOWS\SYSTEM32\WINHTTP.dll
0x00007ffa51560000 - 0x00007ffa515ca000 	C:\WINDOWS\system32\mswsock.dll
0x00007ff9fbb50000 - 0x00007ff9fbb66000 	C:\Users\ASUS\.vscode\extensions\redhat.java-1.40.0-win32-x64\jre\21.0.6-win32-x86_64\bin\nio.dll
0x00007ffa25050000 - 0x00007ffa25060000 	c:\Users\ASUS\.vscode\extensions\redhat.java-1.40.0-win32-x64\jre\21.0.6-win32-x86_64\bin\verify.dll
0x00007ff9e87b0000 - 0x00007ff9e87f5000 	C:\Users\ASUS\AppData\Roaming\Code\User\globalStorage\redhat.java\1.40.0\config_win\org.eclipse.equinox.launcher\org.eclipse.equinox.launcher.win32.win32.x86_64_1.2.1200.v20250212-0927\eclipse_11909.dll
0x00007ffa53270000 - 0x00007ffa53411000 	C:\WINDOWS\System32\ole32.dll
0x00007ffa517c0000 - 0x00007ffa517db000 	C:\WINDOWS\SYSTEM32\CRYPTSP.dll
0x00007ffa51040000 - 0x00007ffa51075000 	C:\WINDOWS\system32\rsaenh.dll
0x00007ffa51650000 - 0x00007ffa51678000 	C:\WINDOWS\SYSTEM32\USERENV.dll
0x00007ffa517b0000 - 0x00007ffa517bc000 	C:\WINDOWS\SYSTEM32\CRYPTBASE.dll
0x00007ffa50b50000 - 0x00007ffa50b7d000 	C:\WINDOWS\SYSTEM32\IPHLPAPI.DLL
0x00007ffa536c0000 - 0x00007ffa536c9000 	C:\WINDOWS\System32\NSI.dll
0x00007ffa27060000 - 0x00007ffa270a9000 	C:\Users\ASUS\AppData\Local\Temp\jna-2018896\jna4253371269712250303.dll
0x00007ffa536b0000 - 0x00007ffa536b8000 	C:\WINDOWS\System32\PSAPI.DLL
0x00007ffa4e770000 - 0x00007ffa4e789000 	C:\WINDOWS\SYSTEM32\dhcpcsvc6.DLL
0x00007ffa4e710000 - 0x00007ffa4e72f000 	C:\WINDOWS\SYSTEM32\dhcpcsvc.DLL

dbghelp: loaded successfully - version: 4.0.5 - missing functions: none
symbol engine: initialized successfully - sym options: 0x614 - pdb path: .;c:\Users\ASUS\.vscode\extensions\redhat.java-1.40.0-win32-x64\jre\21.0.6-win32-x86_64\bin;C:\WINDOWS\SYSTEM32;C:\WINDOWS\WinSxS\amd64_microsoft.windows.common-controls_6595b64144ccf1df_6.0.22621.4830_none_270fe7d773858e80;c:\Users\ASUS\.vscode\extensions\redhat.java-1.40.0-win32-x64\jre\21.0.6-win32-x86_64\bin\server;C:\Users\ASUS\AppData\Roaming\Code\User\globalStorage\redhat.java\1.40.0\config_win\org.eclipse.equinox.launcher\org.eclipse.equinox.launcher.win32.win32.x86_64_1.2.1200.v20250212-0927;C:\Users\ASUS\AppData\Local\Temp\jna-2018896

VM Arguments:
jvm_args: --add-modules=ALL-SYSTEM --add-opens=java.base/java.util=ALL-UNNAMED --add-opens=java.base/java.lang=ALL-UNNAMED --add-opens=java.base/sun.nio.fs=ALL-UNNAMED -Declipse.application=org.eclipse.jdt.ls.core.id1 -Dosgi.bundles.defaultStartLevel=4 -Declipse.product=org.eclipse.jdt.ls.core.product -Djava.import.generatesMetadataFilesAtProjectRoot=false -DDetectVMInstallationsJob.disabled=true -Dfile.encoding=utf8 -XX:+UseParallelGC -XX:GCTimeRatio=4 -XX:AdaptiveSizePolicyWeight=90 -Dsun.zip.disableMemoryMapping=true -Xmx1G -Xms100m -Xlog:disable -javaagent:c:\Users\ASUS\.vscode\extensions\redhat.java-1.40.0-win32-x64\lombok\lombok-1.18.36.jar -XX:+HeapDumpOnOutOfMemoryError -XX:HeapDumpPath=c:\Users\ASUS\AppData\Roaming\Code\User\workspaceStorage\a26ced7fe018b66e12da886babd7af56\redhat.java -Daether.dependencyCollector.impl=bf 
java_command: c:\Users\ASUS\.vscode\extensions\redhat.java-1.40.0-win32-x64\server\plugins\org.eclipse.equinox.launcher_1.6.1000.v20250131-0606.jar -configuration c:\Users\ASUS\AppData\Roaming\Code\User\globalStorage\redhat.java\1.40.0\config_win -data c:\Users\ASUS\AppData\Roaming\Code\User\workspaceStorage\a26ced7fe018b66e12da886babd7af56\redhat.java\jdt_ws --pipe=\\.\pipe\lsp-863fd420cd6c8f079721de30bf80db7e-sock
java_class_path (initial): c:\Users\ASUS\.vscode\extensions\redhat.java-1.40.0-win32-x64\server\plugins\org.eclipse.equinox.launcher_1.6.1000.v20250131-0606.jar
Launcher Type: SUN_STANDARD

[Global flags]
    uintx AdaptiveSizePolicyWeight                 = 90                                        {product} {command line}
     intx CICompilerCount                          = 12                                        {product} {ergonomic}
    uintx GCTimeRatio                              = 4                                         {product} {command line}
     bool HeapDumpOnOutOfMemoryError               = true                                   {manageable} {command line}
    ccstr HeapDumpPath                             = c:\Users\ASUS\AppData\Roaming\Code\User\workspaceStorage\a26ced7fe018b66e12da886babd7af56\redhat.java         {manageable} {command line}
   size_t InitialHeapSize                          = 104857600                                 {product} {command line}
   size_t MaxHeapSize                              = 1073741824                                {product} {command line}
   size_t MaxNewSize                               = 357564416                                 {product} {ergonomic}
   size_t MinHeapDeltaBytes                        = 524288                                    {product} {ergonomic}
   size_t MinHeapSize                              = 104857600                                 {product} {command line}
   size_t NewSize                                  = 34603008                                  {product} {ergonomic}
    uintx NonNMethodCodeHeapSize                   = 7602480                                {pd product} {ergonomic}
    uintx NonProfiledCodeHeapSize                  = 122027880                              {pd product} {ergonomic}
   size_t OldSize                                  = 70254592                                  {product} {ergonomic}
    uintx ProfiledCodeHeapSize                     = 122027880                              {pd product} {ergonomic}
    uintx ReservedCodeCacheSize                    = 251658240                              {pd product} {ergonomic}
     bool SegmentedCodeCache                       = true                                      {product} {ergonomic}
   size_t SoftMaxHeapSize                          = 1073741824                             {manageable} {ergonomic}
     bool UseCompressedOops                        = true                           {product lp64_product} {ergonomic}
     bool UseLargePagesIndividualAllocation        = false                                  {pd product} {ergonomic}
     bool UseParallelGC                            = true                                      {product} {command line}

Logging:
Log output configuration:
 #0: stdout all=off uptime,level,tags foldmultilines=false
 #1: stderr all=off uptime,level,tags foldmultilines=false

Environment Variables:
PATH=C:\Program Files\Common Files\Oracle\Java\javapath;C:\Program Files (x86)\Common Files\Oracle\Java\java8path;C:\Program Files (x86)\Common Files\Oracle\Java\javapath;C:\ProgramData\Oracle\Java\javapath;C:\Windows\system32;C:\Windows;C:\Windows\System32\Wbem;C:\Windows\System32\WindowsPowerShell\v1.0\;C:\Windows\System32\OpenSSH\;C:\Program Files (x86)\NVIDIA Corporation\PhysX\Common;C:\WINDOWS\system32;C:\WINDOWS;C:\WINDOWS\System32\Wbem;C:\WINDOWS\System32\WindowsPowerShell\v1.0\;C:\WINDOWS\System32\OpenSSH\;C:\Program Files (x86)\Microsoft SQL Server\160\Tools\Binn\;C:\Program Files\Microsoft SQL Server\160\Tools\Binn\;C:\Program Files\Microsoft SQL Server\Client SDK\ODBC\170\Tools\Binn\;C:\Program Files\Microsoft SQL Server\160\DTS\Binn\;C:\Program Files (x86)\Microsoft SQL Server\160\DTS\Binn\;C:\Program Files\Azure Data Studio\bin;C:\Program Files\dotnet\;C:\Program Files\nodejs\;C:\Program Files\Git\cmd;C:\Program Files\NVIDIA Corporation\NVIDIA app\NvDLISR;C:\Program Files\Cloudflare\Cloudflare WARP\;C:\Program Files\MySQL\MySQL Shell 8.0\bin\;C:\Users\ASUS\AppData\Local\Microsoft\WindowsApps;C:\Program Files\Azure Data Studio\bin;C:\Users\ASUS\AppData\Local\Programs\Microsoft VS Code\bin;C:\Users\ASUS\AppData\Roaming\npm;C:\Program Files\Git\mingw64\bin\;
USERNAME=ASUS
OS=Windows_NT
PROCESSOR_IDENTIFIER=AMD64 Family 25 Model 68 Stepping 1, AuthenticAMD
TMP=C:\Users\ASUS\AppData\Local\Temp
TEMP=C:\Users\ASUS\AppData\Local\Temp




Periodic native trim disabled

---------------  S Y S T E M  ---------------

OS:
 Windows 11 , 64 bit Build 22621 (10.0.22621.4830)
OS uptime: 0 days 12:33 hours

CPU: total 16 (initial active 16) (16 cores per cpu, 2 threads per core) family 25 model 68 stepping 1 microcode 0x0, cx8, cmov, fxsr, ht, mmx, 3dnowpref, sse, sse2, sse3, ssse3, sse4a, sse4.1, sse4.2, popcnt, lzcnt, tsc, tscinvbit, avx, avx2, aes, clmul, bmi1, bmi2, adx, sha, fma, vzeroupper, clflush, clflushopt, rdtscp, rdpid, f16c, pku, cet_ss
Processor Information for the first 16 processors :
  Max Mhz: 3201, Current Mhz: 3201, Mhz Limit: 3201

Memory: 4k page, system-wide physical 15613M (1789M free)
TotalPageFile size 19709M (AvailPageFile size 322M)
current process WorkingSet (physical memory assigned to process): 1040M, peak: 1040M
current process commit charge ("private bytes"): 990M, peak: 990M

vm_info: OpenJDK 64-Bit Server VM (21.0.6+7-LTS) for windows-amd64 JRE (21.0.6+7-LTS), built on 2025-01-21T00:00:00Z by "admin" with MS VC++ 17.7 (VS2022)

END.
