#
# There is insufficient memory for the Java Runtime Environment to continue.
# Native memory allocation (malloc) failed to allocate 2873392 bytes. Error detail: Chunk::new
# Possible reasons:
#   The system is out of physical RAM or swap space
#   This process is running with CompressedOops enabled, and the Java Heap may be blocking the growth of the native heap
# Possible solutions:
#   Reduce memory load on the system
#   Increase physical memory or swap space
#   Check if swap backing store is full
#   Decrease Java heap size (-Xmx/-Xms)
#   Decrease number of Java threads
#   Decrease Java thread stack sizes (-Xss)
#   Set larger code cache with -XX:ReservedCodeCacheSize=
#   JVM is running with Unscaled Compressed Oops mode in which the Java heap is
#     placed in the first 4GB address space. The Java Heap base address is the
#     maximum limit for the native heap growth. Please use -XX:HeapBaseMinAddress
#     to set the Java Heap base and to place the Java Heap above 4GB virtual address.
# This output file may be truncated or incomplete.
#
#  Out of Memory Error (arena.cpp:168), pid=7124, tid=23488
#
# JRE version: OpenJDK Runtime Environment Temurin-21.0.6+7 (21.0.6+7) (build 21.0.6+7-LTS)
# Java VM: OpenJDK 64-Bit Server VM Temurin-21.0.6+7 (21.0.6+7-LTS, mixed mode, sharing, tiered, compressed oops, compressed class ptrs, parallel gc, windows-amd64)
# No core dump will be written. Minidumps are not enabled by default on client versions of Windows
#

---------------  S U M M A R Y ------------

Command Line: --add-modules=ALL-SYSTEM --add-opens=java.base/java.util=ALL-UNNAMED --add-opens=java.base/java.lang=ALL-UNNAMED --add-opens=java.base/sun.nio.fs=ALL-UNNAMED -Declipse.application=org.eclipse.jdt.ls.core.id1 -Dosgi.bundles.defaultStartLevel=4 -Declipse.product=org.eclipse.jdt.ls.core.product -Djava.import.generatesMetadataFilesAtProjectRoot=false -DDetectVMInstallationsJob.disabled=true -Dfile.encoding=utf8 -XX:+UseParallelGC -XX:GCTimeRatio=4 -XX:AdaptiveSizePolicyWeight=90 -Dsun.zip.disableMemoryMapping=true -Xmx1G -Xms100m -Xlog:disable -javaagent:c:\Users\ASUS\.vscode\extensions\redhat.java-1.40.0-win32-x64\lombok\lombok-1.18.36.jar -XX:+HeapDumpOnOutOfMemoryError -XX:HeapDumpPath=c:\Users\ASUS\AppData\Roaming\Code\User\workspaceStorage\a26ced7fe018b66e12da886babd7af56\redhat.java -Daether.dependencyCollector.impl=bf c:\Users\ASUS\.vscode\extensions\redhat.java-1.40.0-win32-x64\server\plugins\org.eclipse.equinox.launcher_1.6.1000.v20250131-0606.jar -configuration c:\Users\ASUS\AppData\Roaming\Code\User\globalStorage\redhat.java\1.40.0\config_win -data c:\Users\ASUS\AppData\Roaming\Code\User\workspaceStorage\a26ced7fe018b66e12da886babd7af56\redhat.java\jdt_ws --pipe=\\.\pipe\lsp-675ff11c702fe9b1272e56ef11099e4a-sock

Host: AMD Ryzen 7 6800H with Radeon Graphics         , 16 cores, 15G,  Windows 11 , 64 bit Build 22621 (10.0.22621.4830)
Time: Sun Mar  9 01:29:56 2025 SE Asia Standard Time elapsed time: 10.041496 seconds (0d 0h 0m 10s)

---------------  T H R E A D  ---------------

Current thread (0x0000029ffd6fa5f0):  JavaThread "C2 CompilerThread5" daemon [_thread_in_native, id=23488, stack(0x000000fe32d00000,0x000000fe32e00000) (1024K)]


Current CompileTask:
C2:10041 8836 %     4       org.lombokweb.asm.ClassReader::readCode @ 2187 (5117 bytes)

Stack: [0x000000fe32d00000,0x000000fe32e00000]
Native frames: (J=compiled Java code, j=interpreted, Vv=VM code, C=native code)
V  [jvm.dll+0x6cdee9]
V  [jvm.dll+0x8a83d1]
V  [jvm.dll+0x8aa8fe]
V  [jvm.dll+0x8aafe3]
V  [jvm.dll+0x27f706]
V  [jvm.dll+0xc500d]
V  [jvm.dll+0xc5543]
V  [jvm.dll+0x3b678c]
V  [jvm.dll+0x1e0009]
V  [jvm.dll+0x247b42]
V  [jvm.dll+0x246fcf]
V  [jvm.dll+0x1c75ee]
V  [jvm.dll+0x25685a]
V  [jvm.dll+0x254dfa]
V  [jvm.dll+0x3f0256]
V  [jvm.dll+0x851f8b]
V  [jvm.dll+0x6cc5ed]
C  [ucrtbase.dll+0x29333]
C  [KERNEL32.DLL+0x1259d]
C  [ntdll.dll+0x5af38]


---------------  P R O C E S S  ---------------

Threads class SMR info:
_java_thread_list=0x0000029fc80bf130, length=86, elements={
0x0000029fe58bd9e0, 0x0000029ffb398400, 0x0000029ff9cac650, 0x0000029ffb39b190,
0x0000029ffb39b8f0, 0x0000029ffb3a2fc0, 0x0000029ffb3a3650, 0x0000029ffb3ccd10,
0x0000029ffb3cd8f0, 0x0000029ffb3a5720, 0x0000029ffb4cd170, 0x0000029ffb4cd810,
0x0000029ffb3a4a00, 0x0000029ffb3a3ce0, 0x0000029ffb3a4370, 0x0000029ffb3a5090,
0x0000029ffb3a5db0, 0x0000029ffb3a6440, 0x0000029ffd299820, 0x0000029ffd29b8f0,
0x0000029ffd29b260, 0x0000029ffd29f400, 0x0000029ffd298470, 0x0000029ffd6facc0,
0x0000029ffd6f9f20, 0x0000029ffd6fb390, 0x0000029ffd29fa90, 0x0000029ffd29bf80,
0x0000029ffd6fced0, 0x0000029ffd298b00, 0x0000029ffd29c610, 0x0000029ffd29d330,
0x0000029ffd29e050, 0x0000029ffd299eb0, 0x0000029ffd29e6e0, 0x0000029ffd29cca0,
0x0000029ffd299190, 0x0000029ffd29d9c0, 0x0000029ffd29a540, 0x0000029fc59b3720,
0x0000029fc59b3090, 0x0000029fc59b1ce0, 0x0000029fc59b5160, 0x0000029fc59ae860,
0x0000029fc59aeef0, 0x0000029fc59b02a0, 0x0000029fc59b4ad0, 0x0000029fc59b3db0,
0x0000029fc59af580, 0x0000029fc59afc10, 0x0000029ffd6fc800, 0x0000029ffd6fa5f0,
0x0000029ffd6fba60, 0x0000029fc59b4440, 0x0000029fc59b0fc0, 0x0000029ffd6fc130,
0x0000029fc59b2370, 0x0000029fc59b2a00, 0x0000029fc59b57f0, 0x0000029ffd29ed70,
0x0000029fc8940b60, 0x0000029fc8941880, 0x0000029fc893e400, 0x0000029fc893fe40,
0x0000029fc89404d0, 0x0000029fc89411f0, 0x0000029fc8941f10, 0x0000029fc893ea90,
0x0000029fc8942c30, 0x0000029fc89425a0, 0x0000029fc89432c0, 0x0000029fc8943950,
0x0000029fc893f120, 0x0000029fc8943fe0, 0x0000029fc893d050, 0x0000029fc8944670,
0x0000029fc893d6e0, 0x0000029fc893dd70, 0x0000029fc893f7b0, 0x0000029fc6d7a270,
0x0000029fc6d78ec0, 0x0000029fc6d7fe50, 0x0000029fc6d7d060, 0x0000029fc6d7dd80,
0x0000029fc6d7b620, 0x0000029fc6d7f7c0
}

Java Threads: ( => current thread )
  0x0000029fe58bd9e0 JavaThread "main"                              [_thread_blocked, id=22736, stack(0x000000fe2ea00000,0x000000fe2eb00000) (1024K)]
  0x0000029ffb398400 JavaThread "Reference Handler"          daemon [_thread_blocked, id=18460, stack(0x000000fe2ee00000,0x000000fe2ef00000) (1024K)]
  0x0000029ff9cac650 JavaThread "Finalizer"                  daemon [_thread_blocked, id=300, stack(0x000000fe2ef00000,0x000000fe2f000000) (1024K)]
  0x0000029ffb39b190 JavaThread "Signal Dispatcher"          daemon [_thread_blocked, id=2216, stack(0x000000fe2f000000,0x000000fe2f100000) (1024K)]
  0x0000029ffb39b8f0 JavaThread "Attach Listener"            daemon [_thread_blocked, id=23700, stack(0x000000fe2f100000,0x000000fe2f200000) (1024K)]
  0x0000029ffb3a2fc0 JavaThread "Service Thread"             daemon [_thread_blocked, id=2128, stack(0x000000fe2f200000,0x000000fe2f300000) (1024K)]
  0x0000029ffb3a3650 JavaThread "Monitor Deflation Thread"   daemon [_thread_blocked, id=11832, stack(0x000000fe2f300000,0x000000fe2f400000) (1024K)]
  0x0000029ffb3ccd10 JavaThread "C2 CompilerThread0"         daemon [_thread_blocked, id=15616, stack(0x000000fe2f400000,0x000000fe2f500000) (1024K)]
  0x0000029ffb3cd8f0 JavaThread "C1 CompilerThread0"         daemon [_thread_blocked, id=7232, stack(0x000000fe2f500000,0x000000fe2f600000) (1024K)]
  0x0000029ffb3a5720 JavaThread "Common-Cleaner"             daemon [_thread_blocked, id=5944, stack(0x000000fe2f600000,0x000000fe2f700000) (1024K)]
  0x0000029ffb4cd170 JavaThread "C1 CompilerThread1"         daemon [_thread_blocked, id=26452, stack(0x000000fe2f700000,0x000000fe2f800000) (1024K)]
  0x0000029ffb4cd810 JavaThread "C1 CompilerThread2"         daemon [_thread_blocked, id=25688, stack(0x000000fe2f800000,0x000000fe2f900000) (1024K)]
  0x0000029ffb3a4a00 JavaThread "Notification Thread"        daemon [_thread_blocked, id=12264, stack(0x000000fe2f900000,0x000000fe2fa00000) (1024K)]
  0x0000029ffb3a3ce0 JavaThread "Active Thread: Equinox Container: 9df39e20-16db-43e3-821a-a4fade524e72"        [_thread_blocked, id=23292, stack(0x000000fe30300000,0x000000fe30400000) (1024K)]
  0x0000029ffb3a4370 JavaThread "Refresh Thread: Equinox Container: 9df39e20-16db-43e3-821a-a4fade524e72" daemon [_thread_blocked, id=2908, stack(0x000000fe30400000,0x000000fe30500000) (1024K)]
  0x0000029ffb3a5090 JavaThread "Framework Event Dispatcher: Equinox Container: 9df39e20-16db-43e3-821a-a4fade524e72" daemon [_thread_blocked, id=18852, stack(0x000000fe30600000,0x000000fe30700000) (1024K)]
  0x0000029ffb3a5db0 JavaThread "Start Level: Equinox Container: 9df39e20-16db-43e3-821a-a4fade524e72" daemon [_thread_blocked, id=18324, stack(0x000000fe30700000,0x000000fe30800000) (1024K)]
  0x0000029ffb3a6440 JavaThread "Bundle File Closer"         daemon [_thread_blocked, id=4308, stack(0x000000fe30800000,0x000000fe30900000) (1024K)]
  0x0000029ffd299820 JavaThread "SCR Component Actor"        daemon [_thread_blocked, id=13412, stack(0x000000fe2fc00000,0x000000fe2fd00000) (1024K)]
  0x0000029ffd29b8f0 JavaThread "Worker-JM"                         [_thread_blocked, id=21388, stack(0x000000fe30f00000,0x000000fe31000000) (1024K)]
  0x0000029ffd29b260 JavaThread "JNA Cleaner"                daemon [_thread_blocked, id=15076, stack(0x000000fe31000000,0x000000fe31100000) (1024K)]
  0x0000029ffd29f400 JavaThread "Worker-0"                          [_thread_blocked, id=28688, stack(0x000000fe31100000,0x000000fe31200000) (1024K)]
  0x0000029ffd298470 JavaThread "Worker-1: Building"                [_thread_blocked, id=18640, stack(0x000000fe31200000,0x000000fe31300000) (1024K)]
  0x0000029ffd6facc0 JavaThread "C1 CompilerThread3"         daemon [_thread_blocked, id=23812, stack(0x000000fe31300000,0x000000fe31400000) (1024K)]
  0x0000029ffd6f9f20 JavaThread "C2 CompilerThread1"         daemon [_thread_blocked, id=23592, stack(0x000000fe2fa00000,0x000000fe2fb00000) (1024K)]
  0x0000029ffd6fb390 JavaThread "C2 CompilerThread2"         daemon [_thread_blocked, id=25816, stack(0x000000fe2fb00000,0x000000fe2fc00000) (1024K)]
  0x0000029ffd29fa90 JavaThread "Java indexing"              daemon [_thread_blocked, id=19796, stack(0x000000fe31400000,0x000000fe31500000) (1024K)]
  0x0000029ffd29bf80 JavaThread "Worker-2"                          [_thread_blocked, id=22096, stack(0x000000fe31500000,0x000000fe31600000) (1024K)]
  0x0000029ffd6fced0 JavaThread "C2 CompilerThread3"         daemon [_thread_in_native, id=22768, stack(0x000000fe31600000,0x000000fe31700000) (1024K)]
  0x0000029ffd298b00 JavaThread "Worker-3"                          [_thread_blocked, id=6984, stack(0x000000fe31700000,0x000000fe31800000) (1024K)]
  0x0000029ffd29c610 JavaThread "Worker-4: Java indexing... "        [_thread_blocked, id=23060, stack(0x000000fe31800000,0x000000fe31900000) (1024K)]
  0x0000029ffd29d330 JavaThread "Thread-2"                   daemon [_thread_in_native, id=4336, stack(0x000000fe31900000,0x000000fe31a00000) (1024K)]
  0x0000029ffd29e050 JavaThread "Thread-3"                   daemon [_thread_in_native, id=14512, stack(0x000000fe31a00000,0x000000fe31b00000) (1024K)]
  0x0000029ffd299eb0 JavaThread "Thread-4"                   daemon [_thread_in_native, id=26504, stack(0x000000fe31b00000,0x000000fe31c00000) (1024K)]
  0x0000029ffd29e6e0 JavaThread "Thread-5"                   daemon [_thread_in_native, id=8704, stack(0x000000fe31c00000,0x000000fe31d00000) (1024K)]
  0x0000029ffd29cca0 JavaThread "Thread-6"                   daemon [_thread_in_native, id=21716, stack(0x000000fe31d00000,0x000000fe31e00000) (1024K)]
  0x0000029ffd299190 JavaThread "Thread-7"                   daemon [_thread_in_native, id=28452, stack(0x000000fe31e00000,0x000000fe31f00000) (1024K)]
  0x0000029ffd29d9c0 JavaThread "Thread-8"                   daemon [_thread_in_native, id=2340, stack(0x000000fe31f00000,0x000000fe32000000) (1024K)]
  0x0000029ffd29a540 JavaThread "Thread-9"                   daemon [_thread_in_native, id=25092, stack(0x000000fe32000000,0x000000fe32100000) (1024K)]
  0x0000029fc59b3720 JavaThread "Thread-10"                  daemon [_thread_in_native, id=3196, stack(0x000000fe32100000,0x000000fe32200000) (1024K)]
  0x0000029fc59b3090 JavaThread "Thread-11"                  daemon [_thread_in_native, id=27452, stack(0x000000fe32200000,0x000000fe32300000) (1024K)]
  0x0000029fc59b1ce0 JavaThread "Thread-12"                  daemon [_thread_in_native, id=7392, stack(0x000000fe32300000,0x000000fe32400000) (1024K)]
  0x0000029fc59b5160 JavaThread "Thread-13"                  daemon [_thread_in_native, id=14984, stack(0x000000fe32400000,0x000000fe32500000) (1024K)]
  0x0000029fc59ae860 JavaThread "Thread-14"                  daemon [_thread_in_native, id=4456, stack(0x000000fe32500000,0x000000fe32600000) (1024K)]
  0x0000029fc59aeef0 JavaThread "Thread-15"                  daemon [_thread_in_native, id=24960, stack(0x000000fe32600000,0x000000fe32700000) (1024K)]
  0x0000029fc59b02a0 JavaThread "Thread-16"                  daemon [_thread_in_native, id=18116, stack(0x000000fe32700000,0x000000fe32800000) (1024K)]
  0x0000029fc59b4ad0 JavaThread "Thread-17"                  daemon [_thread_in_native, id=13640, stack(0x000000fe32800000,0x000000fe32900000) (1024K)]
  0x0000029fc59b3db0 JavaThread "Thread-18"                  daemon [_thread_in_native, id=10924, stack(0x000000fe32900000,0x000000fe32a00000) (1024K)]
  0x0000029fc59af580 JavaThread "Worker-5"                          [_thread_blocked, id=12744, stack(0x000000fe32a00000,0x000000fe32b00000) (1024K)]
  0x0000029fc59afc10 JavaThread "pool-2-thread-1"                   [_thread_blocked, id=14036, stack(0x000000fe32b00000,0x000000fe32c00000) (1024K)]
  0x0000029ffd6fc800 JavaThread "C2 CompilerThread4"         daemon [_thread_in_native, id=17472, stack(0x000000fe32c00000,0x000000fe32d00000) (1024K)]
=>0x0000029ffd6fa5f0 JavaThread "C2 CompilerThread5"         daemon [_thread_in_native, id=23488, stack(0x000000fe32d00000,0x000000fe32e00000) (1024K)]
  0x0000029ffd6fba60 JavaThread "C2 CompilerThread6"         daemon [_thread_in_native, id=20172, stack(0x000000fe32e00000,0x000000fe32f00000) (1024K)]
  0x0000029fc59b4440 JavaThread "WorkspaceEventsHandler"            [_thread_blocked, id=13428, stack(0x000000fe33000000,0x000000fe33100000) (1024K)]
  0x0000029fc59b0fc0 JavaThread "pool-1-thread-1"                   [_thread_blocked, id=10868, stack(0x000000fe33100000,0x000000fe33200000) (1024K)]
  0x0000029ffd6fc130 JavaThread "C2 CompilerThread7"         daemon [_thread_in_native, id=18156, stack(0x000000fe32f00000,0x000000fe33000000) (1024K)]
  0x0000029fc59b2370 JavaThread "LocalFile Deleter"          daemon [_thread_blocked, id=10036, stack(0x000000fe33200000,0x000000fe33300000) (1024K)]
  0x0000029fc59b2a00 JavaThread "LocalFile Deleter"          daemon [_thread_blocked, id=28456, stack(0x000000fe33300000,0x000000fe33400000) (1024K)]
  0x0000029fc59b57f0 JavaThread "LocalFile Deleter"          daemon [_thread_blocked, id=13156, stack(0x000000fe33400000,0x000000fe33500000) (1024K)]
  0x0000029ffd29ed70 JavaThread "LocalFile Deleter"          daemon [_thread_blocked, id=23948, stack(0x000000fe33500000,0x000000fe33600000) (1024K)]
  0x0000029fc8940b60 JavaThread "LocalFile Deleter"          daemon [_thread_blocked, id=14624, stack(0x000000fe33600000,0x000000fe33700000) (1024K)]
  0x0000029fc8941880 JavaThread "LocalFile Deleter"          daemon [_thread_blocked, id=3052, stack(0x000000fe33700000,0x000000fe33800000) (1024K)]
  0x0000029fc893e400 JavaThread "LocalFile Deleter"          daemon [_thread_blocked, id=23884, stack(0x000000fe33800000,0x000000fe33900000) (1024K)]
  0x0000029fc893fe40 JavaThread "LocalFile Deleter"          daemon [_thread_blocked, id=3408, stack(0x000000fe33900000,0x000000fe33a00000) (1024K)]
  0x0000029fc89404d0 JavaThread "LocalFile Deleter"          daemon [_thread_blocked, id=23036, stack(0x000000fe33a00000,0x000000fe33b00000) (1024K)]
  0x0000029fc89411f0 JavaThread "LocalFile Deleter"          daemon [_thread_blocked, id=21644, stack(0x000000fe33b00000,0x000000fe33c00000) (1024K)]
  0x0000029fc8941f10 JavaThread "LocalFile Deleter"          daemon [_thread_blocked, id=15004, stack(0x000000fe33c00000,0x000000fe33d00000) (1024K)]
  0x0000029fc893ea90 JavaThread "LocalFile Deleter"          daemon [_thread_blocked, id=18644, stack(0x000000fe33d00000,0x000000fe33e00000) (1024K)]
  0x0000029fc8942c30 JavaThread "LocalFile Deleter"          daemon [_thread_blocked, id=23116, stack(0x000000fe33e00000,0x000000fe33f00000) (1024K)]
  0x0000029fc89425a0 JavaThread "LocalFile Deleter"          daemon [_thread_blocked, id=2376, stack(0x000000fe33f00000,0x000000fe34000000) (1024K)]
  0x0000029fc89432c0 JavaThread "LocalFile Deleter"          daemon [_thread_blocked, id=10604, stack(0x000000fe34000000,0x000000fe34100000) (1024K)]
  0x0000029fc8943950 JavaThread "LocalFile Deleter"          daemon [_thread_blocked, id=17120, stack(0x000000fe34100000,0x000000fe34200000) (1024K)]
  0x0000029fc893f120 JavaThread "Compiler Source File Reader" daemon [_thread_blocked, id=13540, stack(0x000000fe34200000,0x000000fe34300000) (1024K)]
  0x0000029fc8943fe0 JavaThread "Compiler Source File Reader" daemon [_thread_blocked, id=22236, stack(0x000000fe34300000,0x000000fe34400000) (1024K)]
  0x0000029fc893d050 JavaThread "Compiler Source File Reader" daemon [_thread_blocked, id=22656, stack(0x000000fe34400000,0x000000fe34500000) (1024K)]
  0x0000029fc8944670 JavaThread "Compiler Source File Reader" daemon [_thread_blocked, id=28664, stack(0x000000fe34500000,0x000000fe34600000) (1024K)]
  0x0000029fc893d6e0 JavaThread "Compiler Source File Reader" daemon [_thread_blocked, id=28480, stack(0x000000fe34600000,0x000000fe34700000) (1024K)]
  0x0000029fc893dd70 JavaThread "Compiler Source File Reader" daemon [_thread_blocked, id=13980, stack(0x000000fe34700000,0x000000fe34800000) (1024K)]
  0x0000029fc893f7b0 JavaThread "Compiler Source File Reader" daemon [_thread_blocked, id=21776, stack(0x000000fe34800000,0x000000fe34900000) (1024K)]
  0x0000029fc6d7a270 JavaThread "Compiler Source File Reader" daemon [_thread_blocked, id=23256, stack(0x000000fe34900000,0x000000fe34a00000) (1024K)]
  0x0000029fc6d78ec0 JavaThread "Compiler Source File Reader" daemon [_thread_blocked, id=15228, stack(0x000000fe34a00000,0x000000fe34b00000) (1024K)]
  0x0000029fc6d7fe50 JavaThread "Compiler Source File Reader" daemon [_thread_blocked, id=23376, stack(0x000000fe34b00000,0x000000fe34c00000) (1024K)]
  0x0000029fc6d7d060 JavaThread "Compiler Source File Reader" daemon [_thread_blocked, id=22176, stack(0x000000fe34c00000,0x000000fe34d00000) (1024K)]
  0x0000029fc6d7dd80 JavaThread "Compiler Source File Reader" daemon [_thread_blocked, id=24080, stack(0x000000fe34d00000,0x000000fe34e00000) (1024K)]
  0x0000029fc6d7b620 JavaThread "Compiler Source File Reader" daemon [_thread_blocked, id=22864, stack(0x000000fe34e00000,0x000000fe34f00000) (1024K)]
  0x0000029fc6d7f7c0 JavaThread "Compiler Source File Reader" daemon [_thread_blocked, id=25280, stack(0x000000fe34f00000,0x000000fe35000000) (1024K)]
Total: 86

Other Threads:
  0x0000029ff9c94a30 VMThread "VM Thread"                           [id=23924, stack(0x000000fe2ed00000,0x000000fe2ee00000) (1024K)]
  0x0000029fe59277c0 WatcherThread "VM Periodic Task Thread"        [id=10084, stack(0x000000fe2ec00000,0x000000fe2ed00000) (1024K)]
  0x0000029fe58dba70 WorkerThread "GC Thread#0"                     [id=23604, stack(0x000000fe2eb00000,0x000000fe2ec00000) (1024K)]
  0x0000029ffcf75480 WorkerThread "GC Thread#1"                     [id=8880, stack(0x000000fe2fd00000,0x000000fe2fe00000) (1024K)]
  0x0000029ffcb4e3a0 WorkerThread "GC Thread#2"                     [id=14348, stack(0x000000fe2fe00000,0x000000fe2ff00000) (1024K)]
  0x0000029ffcb4ef50 WorkerThread "GC Thread#3"                     [id=5336, stack(0x000000fe2ff00000,0x000000fe30000000) (1024K)]
  0x0000029ffcb4f2f0 WorkerThread "GC Thread#4"                     [id=23780, stack(0x000000fe30000000,0x000000fe30100000) (1024K)]
  0x0000029ffcb4f690 WorkerThread "GC Thread#5"                     [id=27556, stack(0x000000fe30100000,0x000000fe30200000) (1024K)]
  0x0000029ffcb4fa30 WorkerThread "GC Thread#6"                     [id=27136, stack(0x000000fe30200000,0x000000fe30300000) (1024K)]
  0x0000029ffd6a4bf0 WorkerThread "GC Thread#7"                     [id=3032, stack(0x000000fe30500000,0x000000fe30600000) (1024K)]
  0x0000029ffd9f6d10 WorkerThread "GC Thread#8"                     [id=7236, stack(0x000000fe30900000,0x000000fe30a00000) (1024K)]
  0x0000029ffd52fb70 WorkerThread "GC Thread#9"                     [id=10000, stack(0x000000fe30a00000,0x000000fe30b00000) (1024K)]
  0x0000029ffd454db0 WorkerThread "GC Thread#10"                    [id=2004, stack(0x000000fe30c00000,0x000000fe30d00000) (1024K)]
  0x0000029ffd455c30 WorkerThread "GC Thread#11"                    [id=3524, stack(0x000000fe30d00000,0x000000fe30e00000) (1024K)]
  0x0000029ffd4554f0 WorkerThread "GC Thread#12"                    [id=4268, stack(0x000000fe30e00000,0x000000fe30f00000) (1024K)]
Total: 15

Threads with active compile tasks:
C2 CompilerThread0  10110 10240       4       org.eclipse.jdt.internal.compiler.ast.CompilationUnitDeclaration::recordSuppressWarnings (246 bytes)
C2 CompilerThread1  10110 10225       4       org.eclipse.jdt.internal.core.builder.NameEnvironment::getModulesDeclaringPackage (336 bytes)
C2 CompilerThread2  10110 10213       4       org.eclipse.jdt.internal.compiler.lookup.Scope::getTypeOrPackage (1787 bytes)
C2 CompilerThread3  10110 9386   !   4       lombok.core.FieldAugment$ReflectionFieldAugment::getAndSet (80 bytes)
C2 CompilerThread4  10111 9410       4       lombok.eclipse.handlers.EclipseHandlerUtil::setGeneratedBy (10 bytes)
C2 CompilerThread5  10111 8836 %     4       org.lombokweb.asm.ClassReader::readCode @ 2187 (5117 bytes)
C2 CompilerThread6  10111 9734       4       org.eclipse.jdt.internal.compiler.lookup.BinaryTypeBinding::createMethod (1724 bytes)
C2 CompilerThread7  10111 9109   !   4       org.eclipse.jdt.internal.core.search.indexing.BinaryIndexer::indexDocument (1204 bytes)
Total: 8

VM state: at safepoint (normal execution)

VM Mutex/Monitor currently owned by a thread:  ([mutex/lock_event])
[0x00007fff55e8e380] Threads_lock - owner thread: 0x0000029ff9c94a30
[0x00007fff55e8e480] Heap_lock - owner thread: 0x0000029ffd29fa90

Heap address: 0x00000000c0000000, size: 1024 MB, Compressed Oops mode: 32-bit

CDS archive(s) mapped at: [0x0000029f80000000-0x0000029f80ba0000-0x0000029f80ba0000), size 12189696, SharedBaseAddress: 0x0000029f80000000, ArchiveRelocationMode: 1.
Compressed class space mapped at: 0x0000029f81000000-0x0000029fc1000000, reserved size: 1073741824
Narrow klass base: 0x0000029f80000000, Narrow klass shift: 0, Narrow klass range: 0x100000000

GC Precious Log:
 CardTable entry size: 512
 CPUs: 16 total, 16 available
 Memory: 15613M
 Large Page Support: Disabled
 NUMA Support: Disabled
 Compressed Oops: Enabled (32-bit)
 Alignments: Space 512K, Generation 512K, Heap 2M
 Heap Min Capacity: 100M
 Heap Initial Capacity: 100M
 Heap Max Capacity: 1G
 Pre-touch: Disabled
 Parallel Workers: 13

Heap:
 PSYoungGen      total 3584K, used 3232K [0x00000000eab00000, 0x00000000eaf80000, 0x0000000100000000)
  eden space 2560K, 100% used [0x00000000eab00000,0x00000000ead80000,0x00000000ead80000)
  from space 1024K, 65% used [0x00000000ead80000,0x00000000eae28000,0x00000000eae80000)
  to   space 1024K, 64% used [0x00000000eae80000,0x00000000eaf252a0,0x00000000eaf80000)
 ParOldGen       total 202240K, used 202097K [0x00000000c0000000, 0x00000000cc580000, 0x00000000eab00000)
  object space 202240K, 99% used [0x00000000c0000000,0x00000000cc55c700,0x00000000cc580000)
 Metaspace       used 57242K, committed 58432K, reserved 1114112K
  class space    used 5848K, committed 6400K, reserved 1048576K

Card table byte_map: [0x0000029fe5260000,0x0000029fe5470000] _byte_map_base: 0x0000029fe4c60000

Marking Bits: (ParMarkBitMap*) 0x00007fff55e93260
 Begin Bits: [0x0000029ff7ab0000, 0x0000029ff8ab0000)
 End Bits:   [0x0000029ff8ab0000, 0x0000029ff9ab0000)

Polling page: 0x0000029fe3770000

Metaspace:

Usage:
  Non-class:     50.19 MB used.
      Class:      5.71 MB used.
       Both:     55.90 MB used.

Virtual space:
  Non-class space:       64.00 MB reserved,      50.81 MB ( 79%) committed,  1 nodes.
      Class space:        1.00 GB reserved,       6.25 MB ( <1%) committed,  1 nodes.
             Both:        1.06 GB reserved,      57.06 MB (  5%) committed. 

Chunk freelists:
   Non-Class:  12.38 MB
       Class:  9.63 MB
        Both:  22.01 MB

MaxMetaspaceSize: unlimited
CompressedClassSpaceSize: 1.00 GB
Initial GC threshold: 21.00 MB
Current GC threshold: 58.38 MB
CDS: on
 - commit_granule_bytes: 65536.
 - commit_granule_words: 8192.
 - virtual_space_node_default_size: 8388608.
 - enlarge_chunks_in_place: 1.
 - use_allocation_guard: 0.


Internal statistics:

num_allocs_failed_limit: 6.
num_arena_births: 956.
num_arena_deaths: 40.
num_vsnodes_births: 2.
num_vsnodes_deaths: 0.
num_space_committed: 913.
num_space_uncommitted: 0.
num_chunks_returned_to_freelist: 56.
num_chunks_taken_from_freelist: 3516.
num_chunk_merges: 13.
num_chunk_splits: 2199.
num_chunks_enlarged: 1355.
num_inconsistent_stats: 0.

CodeHeap 'non-profiled nmethods': size=119168Kb used=7422Kb max_used=7422Kb free=111745Kb
 bounds [0x0000029ff0650000, 0x0000029ff0d90000, 0x0000029ff7ab0000]
CodeHeap 'profiled nmethods': size=119104Kb used=22466Kb max_used=22466Kb free=96637Kb
 bounds [0x0000029fe8ab0000, 0x0000029fea0b0000, 0x0000029feff00000]
CodeHeap 'non-nmethods': size=7488Kb used=3105Kb max_used=3207Kb free=4383Kb
 bounds [0x0000029feff00000, 0x0000029ff0240000, 0x0000029ff0650000]
 total_blobs=10358 nmethods=9634 adapters=626
 compilation: enabled
              stopped_count=0, restarted_count=0
 full_count=0

Compilation events (20 events):
Event: 10.030 Thread 0x0000029ffb4cd170 nmethod 10224 0x0000029ff0d8be90 code [0x0000029ff0d8c020, 0x0000029ff0d8c0e8]
Event: 10.030 Thread 0x0000029ffb3cd8f0 nmethod 10223 0x0000029fea08d710 code [0x0000029fea08d940, 0x0000029fea08e208]
Event: 10.030 Thread 0x0000029ffd6f9f20 nmethod 10217 0x0000029ff0d8c190 code [0x0000029ff0d8c320, 0x0000029ff0d8c458]
Event: 10.030 Thread 0x0000029ffd6f9f20 10225       4       org.eclipse.jdt.internal.core.builder.NameEnvironment::getModulesDeclaringPackage (336 bytes)
Event: 10.030 Thread 0x0000029ffd6facc0 nmethod 10218 0x0000029fea08e510 code [0x0000029fea08ea60, 0x0000029fea0905e0]
Event: 10.030 Thread 0x0000029ffb3cd8f0 10226       3       org.eclipse.jdt.internal.compiler.ast.Annotation::recordSuppressWarnings (302 bytes)
Event: 10.031 Thread 0x0000029ffb3cd8f0 nmethod 10226 0x0000029fea090b90 code [0x0000029fea090f20, 0x0000029fea092778]
Event: 10.031 Thread 0x0000029ffb4cd170 10228       1       org.eclipse.jdt.internal.compiler.lookup.NestedTypeBinding::enclosingType (5 bytes)
Event: 10.031 Thread 0x0000029ffb4cd170 nmethod 10228 0x0000029ff0d8c590 code [0x0000029ff0d8c720, 0x0000029ff0d8c7f0]
Event: 10.032 Thread 0x0000029ffb4cd810 nmethod 10221 0x0000029fea093190 code [0x0000029fea0937a0, 0x0000029fea097ea8]
Event: 10.033 Thread 0x0000029ffb3cd8f0 10231       3       org.eclipse.jdt.internal.compiler.lookup.MethodBinding::isPublic (13 bytes)
Event: 10.033 Thread 0x0000029ffb3cd8f0 nmethod 10231 0x0000029fea099690 code [0x0000029fea099840, 0x0000029fea0999b8]
Event: 10.033 Thread 0x0000029ffd6facc0 10232       3       org.eclipse.jdt.internal.compiler.lookup.MethodBinding::hasNonNullDefaultForReturnType (24 bytes)
Event: 10.033 Thread 0x0000029ffb4cd810 10233       3       org.eclipse.jdt.internal.compiler.lookup.MethodBinding::hasNonNullDefaultForParameter (270 bytes)
Event: 10.033 Thread 0x0000029ffd6facc0 nmethod 10232 0x0000029fea099a90 code [0x0000029fea099c40, 0x0000029fea099de8]
Event: 10.033 Thread 0x0000029ffb4cd170 10234       3       org.eclipse.jdt.internal.compiler.ast.SingleTypeReference::traverse (67 bytes)
Event: 10.034 Thread 0x0000029ffd6facc0 10235       3       org.eclipse.jdt.internal.compiler.lookup.ImplicitNullAnnotationVerifier::<init> (20 bytes)
Event: 10.034 Thread 0x0000029ffb4cd170 nmethod 10234 0x0000029fea099e90 code [0x0000029fea09a080, 0x0000029fea09a620]
Event: 10.034 Thread 0x0000029ffd6facc0 nmethod 10235 0x0000029fea09a890 code [0x0000029fea09aa40, 0x0000029fea09abe0]
Event: 10.036 Thread 0x0000029ffb4cd810 nmethod 10233 0x0000029fea09ac90 code [0x0000029fea09af20, 0x0000029fea09bc90]

GC Heap History (20 events):
Event: 9.914 GC heap before
{Heap before GC invocations=156 (full 2):
 PSYoungGen      total 3072K, used 2656K [0x00000000eab00000, 0x00000000eaf80000, 0x0000000100000000)
  eden space 2048K, 100% used [0x00000000eab00000,0x00000000ead00000,0x00000000ead00000)
  from space 1024K, 59% used [0x00000000ead00000,0x00000000ead98000,0x00000000eae00000)
  to   space 1024K, 0% used [0x00000000eae80000,0x00000000eae80000,0x00000000eaf80000)
 ParOldGen       total 196096K, used 195936K [0x00000000c0000000, 0x00000000cbf80000, 0x00000000eab00000)
  object space 196096K, 99% used [0x00000000c0000000,0x00000000cbf58028,0x00000000cbf80000)
 Metaspace       used 57043K, committed 58304K, reserved 1114112K
  class space    used 5846K, committed 6400K, reserved 1048576K
}
Event: 9.916 GC heap after
{Heap after GC invocations=156 (full 2):
 PSYoungGen      total 3584K, used 599K [0x00000000eab00000, 0x00000000eaf80000, 0x0000000100000000)
  eden space 2560K, 0% used [0x00000000eab00000,0x00000000eab00000,0x00000000ead80000)
  from space 1024K, 58% used [0x00000000eae80000,0x00000000eaf15c10,0x00000000eaf80000)
  to   space 1024K, 0% used [0x00000000ead80000,0x00000000ead80000,0x00000000eae80000)
 ParOldGen       total 196608K, used 196408K [0x00000000c0000000, 0x00000000cc000000, 0x00000000eab00000)
  object space 196608K, 99% used [0x00000000c0000000,0x00000000cbfce398,0x00000000cc000000)
 Metaspace       used 57043K, committed 58304K, reserved 1114112K
  class space    used 5846K, committed 6400K, reserved 1048576K
}
Event: 9.925 GC heap before
{Heap before GC invocations=157 (full 2):
 PSYoungGen      total 3584K, used 3159K [0x00000000eab00000, 0x00000000eaf80000, 0x0000000100000000)
  eden space 2560K, 100% used [0x00000000eab00000,0x00000000ead80000,0x00000000ead80000)
  from space 1024K, 58% used [0x00000000eae80000,0x00000000eaf15c10,0x00000000eaf80000)
  to   space 1024K, 0% used [0x00000000ead80000,0x00000000ead80000,0x00000000eae80000)
 ParOldGen       total 196608K, used 196408K [0x00000000c0000000, 0x00000000cc000000, 0x00000000eab00000)
  object space 196608K, 99% used [0x00000000c0000000,0x00000000cbfce398,0x00000000cc000000)
 Metaspace       used 57064K, committed 58304K, reserved 1114112K
  class space    used 5846K, committed 6400K, reserved 1048576K
}
Event: 9.927 GC heap after
{Heap after GC invocations=157 (full 2):
 PSYoungGen      total 3584K, used 672K [0x00000000eab00000, 0x00000000eaf80000, 0x0000000100000000)
  eden space 2560K, 0% used [0x00000000eab00000,0x00000000eab00000,0x00000000ead80000)
  from space 1024K, 65% used [0x00000000ead80000,0x00000000eae28000,0x00000000eae80000)
  to   space 1024K, 0% used [0x00000000eae80000,0x00000000eae80000,0x00000000eaf80000)
 ParOldGen       total 197120K, used 196864K [0x00000000c0000000, 0x00000000cc080000, 0x00000000eab00000)
  object space 197120K, 99% used [0x00000000c0000000,0x00000000cc040068,0x00000000cc080000)
 Metaspace       used 57064K, committed 58304K, reserved 1114112K
  class space    used 5846K, committed 6400K, reserved 1048576K
}
Event: 9.936 GC heap before
{Heap before GC invocations=158 (full 2):
 PSYoungGen      total 3584K, used 3232K [0x00000000eab00000, 0x00000000eaf80000, 0x0000000100000000)
  eden space 2560K, 100% used [0x00000000eab00000,0x00000000ead80000,0x00000000ead80000)
  from space 1024K, 65% used [0x00000000ead80000,0x00000000eae28000,0x00000000eae80000)
  to   space 1024K, 0% used [0x00000000eae80000,0x00000000eae80000,0x00000000eaf80000)
 ParOldGen       total 197120K, used 196864K [0x00000000c0000000, 0x00000000cc080000, 0x00000000eab00000)
  object space 197120K, 99% used [0x00000000c0000000,0x00000000cc040068,0x00000000cc080000)
 Metaspace       used 57072K, committed 58304K, reserved 1114112K
  class space    used 5846K, committed 6400K, reserved 1048576K
}
Event: 9.938 GC heap after
{Heap after GC invocations=158 (full 2):
 PSYoungGen      total 3584K, used 748K [0x00000000eab00000, 0x00000000eaf80000, 0x0000000100000000)
  eden space 2560K, 0% used [0x00000000eab00000,0x00000000eab00000,0x00000000ead80000)
  from space 1024K, 73% used [0x00000000eae80000,0x00000000eaf3b0c0,0x00000000eaf80000)
  to   space 1024K, 0% used [0x00000000ead80000,0x00000000ead80000,0x00000000eae80000)
 ParOldGen       total 197632K, used 197323K [0x00000000c0000000, 0x00000000cc100000, 0x00000000eab00000)
  object space 197632K, 99% used [0x00000000c0000000,0x00000000cc0b2d48,0x00000000cc100000)
 Metaspace       used 57072K, committed 58304K, reserved 1114112K
  class space    used 5846K, committed 6400K, reserved 1048576K
}
Event: 9.948 GC heap before
{Heap before GC invocations=159 (full 2):
 PSYoungGen      total 3584K, used 3308K [0x00000000eab00000, 0x00000000eaf80000, 0x0000000100000000)
  eden space 2560K, 100% used [0x00000000eab00000,0x00000000ead80000,0x00000000ead80000)
  from space 1024K, 73% used [0x00000000eae80000,0x00000000eaf3b0c0,0x00000000eaf80000)
  to   space 1024K, 0% used [0x00000000ead80000,0x00000000ead80000,0x00000000eae80000)
 ParOldGen       total 197632K, used 197323K [0x00000000c0000000, 0x00000000cc100000, 0x00000000eab00000)
  object space 197632K, 99% used [0x00000000c0000000,0x00000000cc0b2d48,0x00000000cc100000)
 Metaspace       used 57076K, committed 58304K, reserved 1114112K
  class space    used 5846K, committed 6400K, reserved 1048576K
}
Event: 9.949 GC heap after
{Heap after GC invocations=159 (full 2):
 PSYoungGen      total 3584K, used 750K [0x00000000eab00000, 0x00000000eaf80000, 0x0000000100000000)
  eden space 2560K, 0% used [0x00000000eab00000,0x00000000eab00000,0x00000000ead80000)
  from space 1024K, 73% used [0x00000000ead80000,0x00000000eae3b980,0x00000000eae80000)
  to   space 1024K, 0% used [0x00000000eae80000,0x00000000eae80000,0x00000000eaf80000)
 ParOldGen       total 198144K, used 197775K [0x00000000c0000000, 0x00000000cc180000, 0x00000000eab00000)
  object space 198144K, 99% used [0x00000000c0000000,0x00000000cc123ce8,0x00000000cc180000)
 Metaspace       used 57076K, committed 58304K, reserved 1114112K
  class space    used 5846K, committed 6400K, reserved 1048576K
}
Event: 9.967 GC heap before
{Heap before GC invocations=160 (full 2):
 PSYoungGen      total 3584K, used 3310K [0x00000000eab00000, 0x00000000eaf80000, 0x0000000100000000)
  eden space 2560K, 100% used [0x00000000eab00000,0x00000000ead80000,0x00000000ead80000)
  from space 1024K, 73% used [0x00000000ead80000,0x00000000eae3b980,0x00000000eae80000)
  to   space 1024K, 0% used [0x00000000eae80000,0x00000000eae80000,0x00000000eaf80000)
 ParOldGen       total 198144K, used 197775K [0x00000000c0000000, 0x00000000cc180000, 0x00000000eab00000)
  object space 198144K, 99% used [0x00000000c0000000,0x00000000cc123ce8,0x00000000cc180000)
 Metaspace       used 57097K, committed 58304K, reserved 1114112K
  class space    used 5846K, committed 6400K, reserved 1048576K
}
Event: 9.969 GC heap after
{Heap after GC invocations=160 (full 2):
 PSYoungGen      total 3584K, used 640K [0x00000000eab00000, 0x00000000eaf80000, 0x0000000100000000)
  eden space 2560K, 0% used [0x00000000eab00000,0x00000000eab00000,0x00000000ead80000)
  from space 1024K, 62% used [0x00000000eae80000,0x00000000eaf20000,0x00000000eaf80000)
  to   space 1024K, 0% used [0x00000000ead80000,0x00000000ead80000,0x00000000eae80000)
 ParOldGen       total 198656K, used 198293K [0x00000000c0000000, 0x00000000cc200000, 0x00000000eab00000)
  object space 198656K, 99% used [0x00000000c0000000,0x00000000cc1a5610,0x00000000cc200000)
 Metaspace       used 57097K, committed 58304K, reserved 1114112K
  class space    used 5846K, committed 6400K, reserved 1048576K
}
Event: 9.981 GC heap before
{Heap before GC invocations=161 (full 2):
 PSYoungGen      total 3584K, used 3189K [0x00000000eab00000, 0x00000000eaf80000, 0x0000000100000000)
  eden space 2560K, 99% used [0x00000000eab00000,0x00000000ead7d560,0x00000000ead80000)
  from space 1024K, 62% used [0x00000000eae80000,0x00000000eaf20000,0x00000000eaf80000)
  to   space 1024K, 0% used [0x00000000ead80000,0x00000000ead80000,0x00000000eae80000)
 ParOldGen       total 198656K, used 198293K [0x00000000c0000000, 0x00000000cc200000, 0x00000000eab00000)
  object space 198656K, 99% used [0x00000000c0000000,0x00000000cc1a5610,0x00000000cc200000)
 Metaspace       used 57109K, committed 58368K, reserved 1114112K
  class space    used 5846K, committed 6400K, reserved 1048576K
}
Event: 9.982 GC heap after
{Heap after GC invocations=161 (full 2):
 PSYoungGen      total 3584K, used 672K [0x00000000eab00000, 0x00000000eaf80000, 0x0000000100000000)
  eden space 2560K, 0% used [0x00000000eab00000,0x00000000eab00000,0x00000000ead80000)
  from space 1024K, 65% used [0x00000000ead80000,0x00000000eae28000,0x00000000eae80000)
  to   space 1024K, 0% used [0x00000000eae80000,0x00000000eae80000,0x00000000eaf80000)
 ParOldGen       total 199168K, used 198767K [0x00000000c0000000, 0x00000000cc280000, 0x00000000eab00000)
  object space 199168K, 99% used [0x00000000c0000000,0x00000000cc21bfe8,0x00000000cc280000)
 Metaspace       used 57109K, committed 58368K, reserved 1114112K
  class space    used 5846K, committed 6400K, reserved 1048576K
}
Event: 9.997 GC heap before
{Heap before GC invocations=162 (full 2):
 PSYoungGen      total 3584K, used 3232K [0x00000000eab00000, 0x00000000eaf80000, 0x0000000100000000)
  eden space 2560K, 100% used [0x00000000eab00000,0x00000000ead80000,0x00000000ead80000)
  from space 1024K, 65% used [0x00000000ead80000,0x00000000eae28000,0x00000000eae80000)
  to   space 1024K, 0% used [0x00000000eae80000,0x00000000eae80000,0x00000000eaf80000)
 ParOldGen       total 199168K, used 198767K [0x00000000c0000000, 0x00000000cc280000, 0x00000000eab00000)
  object space 199168K, 99% used [0x00000000c0000000,0x00000000cc21bfe8,0x00000000cc280000)
 Metaspace       used 57146K, committed 58368K, reserved 1114112K
  class space    used 5846K, committed 6400K, reserved 1048576K
}
Event: 9.998 GC heap after
{Heap after GC invocations=162 (full 2):
 PSYoungGen      total 3584K, used 640K [0x00000000eab00000, 0x00000000eaf80000, 0x0000000100000000)
  eden space 2560K, 0% used [0x00000000eab00000,0x00000000eab00000,0x00000000ead80000)
  from space 1024K, 62% used [0x00000000eae80000,0x00000000eaf20000,0x00000000eaf80000)
  to   space 1024K, 0% used [0x00000000ead80000,0x00000000ead80000,0x00000000eae80000)
 ParOldGen       total 199680K, used 199251K [0x00000000c0000000, 0x00000000cc300000, 0x00000000eab00000)
  object space 199680K, 99% used [0x00000000c0000000,0x00000000cc294fa0,0x00000000cc300000)
 Metaspace       used 57146K, committed 58368K, reserved 1114112K
  class space    used 5846K, committed 6400K, reserved 1048576K
}
Event: 10.009 GC heap before
{Heap before GC invocations=163 (full 2):
 PSYoungGen      total 3584K, used 3200K [0x00000000eab00000, 0x00000000eaf80000, 0x0000000100000000)
  eden space 2560K, 100% used [0x00000000eab00000,0x00000000ead80000,0x00000000ead80000)
  from space 1024K, 62% used [0x00000000eae80000,0x00000000eaf20000,0x00000000eaf80000)
  to   space 1024K, 0% used [0x00000000ead80000,0x00000000ead80000,0x00000000eae80000)
 ParOldGen       total 199680K, used 199251K [0x00000000c0000000, 0x00000000cc300000, 0x00000000eab00000)
  object space 199680K, 99% used [0x00000000c0000000,0x00000000cc294fa0,0x00000000cc300000)
 Metaspace       used 57185K, committed 58432K, reserved 1114112K
  class space    used 5846K, committed 6400K, reserved 1048576K
}
Event: 10.010 GC heap after
{Heap after GC invocations=163 (full 2):
 PSYoungGen      total 3584K, used 576K [0x00000000eab00000, 0x00000000eaf80000, 0x0000000100000000)
  eden space 2560K, 0% used [0x00000000eab00000,0x00000000eab00000,0x00000000ead80000)
  from space 1024K, 56% used [0x00000000ead80000,0x00000000eae10000,0x00000000eae80000)
  to   space 1024K, 0% used [0x00000000eae80000,0x00000000eae80000,0x00000000eaf80000)
 ParOldGen       total 200192K, used 199746K [0x00000000c0000000, 0x00000000cc380000, 0x00000000eab00000)
  object space 200192K, 99% used [0x00000000c0000000,0x00000000cc310a68,0x00000000cc380000)
 Metaspace       used 57185K, committed 58432K, reserved 1114112K
  class space    used 5846K, committed 6400K, reserved 1048576K
}
Event: 10.023 GC heap before
{Heap before GC invocations=164 (full 2):
 PSYoungGen      total 3584K, used 3136K [0x00000000eab00000, 0x00000000eaf80000, 0x0000000100000000)
  eden space 2560K, 100% used [0x00000000eab00000,0x00000000ead80000,0x00000000ead80000)
  from space 1024K, 56% used [0x00000000ead80000,0x00000000eae10000,0x00000000eae80000)
  to   space 1024K, 0% used [0x00000000eae80000,0x00000000eae80000,0x00000000eaf80000)
 ParOldGen       total 200192K, used 199746K [0x00000000c0000000, 0x00000000cc380000, 0x00000000eab00000)
  object space 200192K, 99% used [0x00000000c0000000,0x00000000cc310a68,0x00000000cc380000)
 Metaspace       used 57199K, committed 58432K, reserved 1114112K
  class space    used 5846K, committed 6400K, reserved 1048576K
}
Event: 10.025 GC heap after
{Heap after GC invocations=164 (full 2):
 PSYoungGen      total 3584K, used 656K [0x00000000eab00000, 0x00000000eaf80000, 0x0000000100000000)
  eden space 2560K, 0% used [0x00000000eab00000,0x00000000eab00000,0x00000000ead80000)
  from space 1024K, 64% used [0x00000000eae80000,0x00000000eaf24308,0x00000000eaf80000)
  to   space 1024K, 0% used [0x00000000ead80000,0x00000000ead80000,0x00000000eae80000)
 ParOldGen       total 200704K, used 200204K [0x00000000c0000000, 0x00000000cc400000, 0x00000000eab00000)
  object space 200704K, 99% used [0x00000000c0000000,0x00000000cc383220,0x00000000cc400000)
 Metaspace       used 57199K, committed 58432K, reserved 1114112K
  class space    used 5846K, committed 6400K, reserved 1048576K
}
Event: 10.034 GC heap before
{Heap before GC invocations=165 (full 2):
 PSYoungGen      total 3584K, used 3216K [0x00000000eab00000, 0x00000000eaf80000, 0x0000000100000000)
  eden space 2560K, 100% used [0x00000000eab00000,0x00000000ead80000,0x00000000ead80000)
  from space 1024K, 64% used [0x00000000eae80000,0x00000000eaf24308,0x00000000eaf80000)
  to   space 1024K, 0% used [0x00000000ead80000,0x00000000ead80000,0x00000000eae80000)
 ParOldGen       total 200704K, used 200204K [0x00000000c0000000, 0x00000000cc400000, 0x00000000eab00000)
  object space 200704K, 99% used [0x00000000c0000000,0x00000000cc383220,0x00000000cc400000)
 Metaspace       used 57214K, committed 58432K, reserved 1114112K
  class space    used 5846K, committed 6400K, reserved 1048576K
}
Event: 10.036 GC heap after
{Heap after GC invocations=165 (full 2):
 PSYoungGen      total 3584K, used 666K [0x00000000eab00000, 0x00000000eaf80000, 0x0000000100000000)
  eden space 2560K, 0% used [0x00000000eab00000,0x00000000eab00000,0x00000000ead80000)
  from space 1024K, 65% used [0x00000000ead80000,0x00000000eae26900,0x00000000eae80000)
  to   space 1024K, 0% used [0x00000000eae80000,0x00000000eae80000,0x00000000eaf80000)
 ParOldGen       total 200704K, used 200661K [0x00000000c0000000, 0x00000000cc400000, 0x00000000eab00000)
  object space 200704K, 99% used [0x00000000c0000000,0x00000000cc3f5768,0x00000000cc400000)
 Metaspace       used 57214K, committed 58432K, reserved 1114112K
  class space    used 5846K, committed 6400K, reserved 1048576K
}

Dll operation events (10 events):
Event: 0.011 Loaded shared library c:\Users\ASUS\.vscode\extensions\redhat.java-1.40.0-win32-x64\jre\21.0.6-win32-x86_64\bin\java.dll
Event: 0.083 Loaded shared library c:\Users\ASUS\.vscode\extensions\redhat.java-1.40.0-win32-x64\jre\21.0.6-win32-x86_64\bin\zip.dll
Event: 0.105 Loaded shared library C:\Users\ASUS\.vscode\extensions\redhat.java-1.40.0-win32-x64\jre\21.0.6-win32-x86_64\bin\instrument.dll
Event: 0.111 Loaded shared library C:\Users\ASUS\.vscode\extensions\redhat.java-1.40.0-win32-x64\jre\21.0.6-win32-x86_64\bin\net.dll
Event: 0.120 Loaded shared library C:\Users\ASUS\.vscode\extensions\redhat.java-1.40.0-win32-x64\jre\21.0.6-win32-x86_64\bin\nio.dll
Event: 0.125 Loaded shared library C:\Users\ASUS\.vscode\extensions\redhat.java-1.40.0-win32-x64\jre\21.0.6-win32-x86_64\bin\zip.dll
Event: 0.144 Loaded shared library C:\Users\ASUS\.vscode\extensions\redhat.java-1.40.0-win32-x64\jre\21.0.6-win32-x86_64\bin\jimage.dll
Event: 0.252 Loaded shared library c:\Users\ASUS\.vscode\extensions\redhat.java-1.40.0-win32-x64\jre\21.0.6-win32-x86_64\bin\verify.dll
Event: 1.580 Loaded shared library C:\Users\ASUS\AppData\Roaming\Code\User\globalStorage\redhat.java\1.40.0\config_win\org.eclipse.equinox.launcher\org.eclipse.equinox.launcher.win32.win32.x86_64_1.2.1200.v20250212-0927\eclipse_11909.dll
Event: 2.912 Loaded shared library C:\Users\ASUS\AppData\Local\Temp\jna-2018896\jna10437267697141782474.dll

Deoptimization events (20 events):
Event: 9.806 Thread 0x0000029ffd298470 DEOPT PACKING pc=0x0000029ff06ede28 sp=0x000000fe312fc790
Event: 9.806 Thread 0x0000029ffd298470 DEOPT UNPACKING pc=0x0000029feff53aa2 sp=0x000000fe312fc710 mode 2
Event: 9.826 Thread 0x0000029ffd298470 Uncommon trap: trap_request=0xffffff45 fr.pc=0x0000029ff09fa53c relative=0x000000000000027c
Event: 9.826 Thread 0x0000029ffd298470 Uncommon trap: reason=unstable_if action=reinterpret pc=0x0000029ff09fa53c method=org.eclipse.jdt.internal.compiler.classfmt.ClassFileStruct.utf8At(II)[C @ 46 c2
Event: 9.826 Thread 0x0000029ffd298470 DEOPT PACKING pc=0x0000029ff09fa53c sp=0x000000fe312fc8b0
Event: 9.826 Thread 0x0000029ffd298470 DEOPT UNPACKING pc=0x0000029feff53aa2 sp=0x000000fe312fc830 mode 2
Event: 9.887 Thread 0x0000029ffd298470 Uncommon trap: trap_request=0xffffff45 fr.pc=0x0000029ff0aee3ac relative=0x000000000000086c
Event: 9.887 Thread 0x0000029ffd298470 Uncommon trap: reason=unstable_if action=reinterpret pc=0x0000029ff0aee3ac method=org.eclipse.jdt.internal.compiler.util.HashtableOfObject.putUnsafely([CLjava/lang/Object;)V @ 23 c2
Event: 9.887 Thread 0x0000029ffd298470 DEOPT PACKING pc=0x0000029ff0aee3ac sp=0x000000fe312fd990
Event: 9.887 Thread 0x0000029ffd298470 DEOPT UNPACKING pc=0x0000029feff53aa2 sp=0x000000fe312fd8b0 mode 2
Event: 9.891 Thread 0x0000029ffd298470 Uncommon trap: trap_request=0xffffffd6 fr.pc=0x0000029ff0d6aa44 relative=0x0000000000000464
Event: 9.891 Thread 0x0000029ffd298470 Uncommon trap: reason=array_check action=maybe_recompile pc=0x0000029ff0d6aa44 method=java.util.TimSort.binarySort([Ljava/lang/Object;IIILjava/util/Comparator;)V @ 215 c2
Event: 9.891 Thread 0x0000029ffd298470 DEOPT PACKING pc=0x0000029ff0d6aa44 sp=0x000000fe312fd850
Event: 9.891 Thread 0x0000029ffd298470 DEOPT UNPACKING pc=0x0000029feff53aa2 sp=0x000000fe312fd7e8 mode 2
Event: 9.912 Thread 0x0000029ffd298470 Uncommon trap: trap_request=0xffffffd6 fr.pc=0x0000029ff0d6aa44 relative=0x0000000000000464
Event: 9.912 Thread 0x0000029ffd298470 Uncommon trap: reason=array_check action=maybe_recompile pc=0x0000029ff0d6aa44 method=java.util.TimSort.binarySort([Ljava/lang/Object;IIILjava/util/Comparator;)V @ 215 c2
Event: 9.912 Thread 0x0000029ffd298470 DEOPT PACKING pc=0x0000029ff0d6aa44 sp=0x000000fe312fd830
Event: 9.912 Thread 0x0000029ffd298470 DEOPT UNPACKING pc=0x0000029feff53aa2 sp=0x000000fe312fd7c8 mode 2
Event: 10.030 Thread 0x0000029ffd298470 DEOPT PACKING pc=0x0000029fe9ea12c9 sp=0x000000fe312fd5e0
Event: 10.030 Thread 0x0000029ffd298470 DEOPT UNPACKING pc=0x0000029feff54242 sp=0x000000fe312fcaf8 mode 0

Classes loaded (20 events):
Event: 7.564 Loading class sun/nio/ch/WindowsAsynchronousFileChannelImpl$WriteTask
Event: 7.565 Loading class sun/nio/ch/WindowsAsynchronousFileChannelImpl$WriteTask done
Event: 7.609 Loading class jdk/internal/math/FormattedFPDecimal
Event: 7.609 Loading class jdk/internal/math/FormattedFPDecimal done
Event: 7.794 Loading class java/util/ImmutableCollections$SubList
Event: 7.795 Loading class java/util/ImmutableCollections$SubList done
Event: 8.038 Loading class java/util/concurrent/ForkJoinTask$AdaptedCallable
Event: 8.039 Loading class java/util/concurrent/ForkJoinTask$AdaptedCallable done
Event: 8.304 Loading class java/util/Vector$1
Event: 8.305 Loading class java/util/Vector$1 done
Event: 8.667 Loading class java/util/regex/Pattern$Caret
Event: 8.667 Loading class java/util/regex/Pattern$Caret done
Event: 8.716 Loading class java/util/regex/Pattern$LazyLoop
Event: 8.717 Loading class java/util/regex/Pattern$LazyLoop done
Event: 9.536 Loading class java/util/stream/ReduceOps$4
Event: 9.536 Loading class java/util/stream/ReduceOps$4 done
Event: 9.539 Loading class java/util/stream/ReduceOps$4ReducingSink
Event: 9.539 Loading class java/util/stream/ReduceOps$4ReducingSink done
Event: 9.541 Loading class java/nio/file/Files$2
Event: 9.541 Loading class java/nio/file/Files$2 done

Classes unloaded (20 events):
Event: 3.350 Thread 0x0000029ff9c94a30 Unloading class 0x0000029f81195c00 'java/lang/invoke/LambdaForm$MH+0x0000029f81195c00'
Event: 3.350 Thread 0x0000029ff9c94a30 Unloading class 0x0000029f81195800 'java/lang/invoke/LambdaForm$MH+0x0000029f81195800'
Event: 3.350 Thread 0x0000029ff9c94a30 Unloading class 0x0000029f81195400 'java/lang/invoke/LambdaForm$MH+0x0000029f81195400'
Event: 3.350 Thread 0x0000029ff9c94a30 Unloading class 0x0000029f81195000 'java/lang/invoke/LambdaForm$MH+0x0000029f81195000'
Event: 3.350 Thread 0x0000029ff9c94a30 Unloading class 0x0000029f81194c00 'java/lang/invoke/LambdaForm$BMH+0x0000029f81194c00'
Event: 3.350 Thread 0x0000029ff9c94a30 Unloading class 0x0000029f81194800 'java/lang/invoke/LambdaForm$DMH+0x0000029f81194800'
Event: 3.350 Thread 0x0000029ff9c94a30 Unloading class 0x0000029f81193400 'java/lang/invoke/LambdaForm$DMH+0x0000029f81193400'
Event: 4.846 Thread 0x0000029ff9c94a30 Unloading class 0x0000029f81370400 'java/lang/invoke/LambdaForm$MH+0x0000029f81370400'
Event: 4.846 Thread 0x0000029ff9c94a30 Unloading class 0x0000029f8136b800 'java/lang/invoke/LambdaForm$MH+0x0000029f8136b800'
Event: 4.846 Thread 0x0000029ff9c94a30 Unloading class 0x0000029f8136b000 'java/lang/invoke/LambdaForm$MH+0x0000029f8136b000'
Event: 4.846 Thread 0x0000029ff9c94a30 Unloading class 0x0000029f8136a800 'java/lang/invoke/LambdaForm$MH+0x0000029f8136a800'
Event: 4.846 Thread 0x0000029ff9c94a30 Unloading class 0x0000029f8136a400 'java/lang/invoke/LambdaForm$DMH+0x0000029f8136a400'
Event: 4.846 Thread 0x0000029ff9c94a30 Unloading class 0x0000029f81369800 'java/lang/invoke/LambdaForm$MH+0x0000029f81369800'
Event: 4.846 Thread 0x0000029ff9c94a30 Unloading class 0x0000029f81362000 'java/lang/invoke/LambdaForm$MH+0x0000029f81362000'
Event: 4.846 Thread 0x0000029ff9c94a30 Unloading class 0x0000029f81361800 'java/lang/invoke/LambdaForm$MH+0x0000029f81361800'
Event: 4.846 Thread 0x0000029ff9c94a30 Unloading class 0x0000029f81361000 'java/lang/invoke/LambdaForm$MH+0x0000029f81361000'
Event: 4.846 Thread 0x0000029ff9c94a30 Unloading class 0x0000029f81360800 'java/lang/invoke/LambdaForm$MH+0x0000029f81360800'
Event: 4.846 Thread 0x0000029ff9c94a30 Unloading class 0x0000029f81360000 'java/lang/invoke/LambdaForm$MH+0x0000029f81360000'
Event: 4.846 Thread 0x0000029ff9c94a30 Unloading class 0x0000029f81359800 'java/lang/invoke/LambdaForm$MH+0x0000029f81359800'
Event: 4.846 Thread 0x0000029ff9c94a30 Unloading class 0x0000029f81359000 'java/lang/invoke/LambdaForm$MH+0x0000029f81359000'

Classes redefined (0 events):
No events

Internal exceptions (20 events):
Event: 8.040 Thread 0x0000029fc59b2370 Exception <a 'sun/nio/fs/WindowsException'{0x00000000eb633358}> (0x00000000eb633358) 
thrown [s\src\hotspot\share\prims\jni.cpp, line 520]
Event: 8.040 Thread 0x0000029fc59b2a00 Exception <a 'sun/nio/fs/WindowsException'{0x00000000eb676808}> (0x00000000eb676808) 
thrown [s\src\hotspot\share\prims\jni.cpp, line 520]
Event: 8.041 Thread 0x0000029fc59b57f0 Exception <a 'sun/nio/fs/WindowsException'{0x00000000eb6bb120}> (0x00000000eb6bb120) 
thrown [s\src\hotspot\share\prims\jni.cpp, line 520]
Event: 8.041 Thread 0x0000029ffd29ed70 Exception <a 'sun/nio/fs/WindowsException'{0x00000000eb7001f0}> (0x00000000eb7001f0) 
thrown [s\src\hotspot\share\prims\jni.cpp, line 520]
Event: 8.041 Thread 0x0000029fc8940b60 Exception <a 'sun/nio/fs/WindowsException'{0x00000000eb70dff8}> (0x00000000eb70dff8) 
thrown [s\src\hotspot\share\prims\jni.cpp, line 520]
Event: 8.041 Thread 0x0000029fc8941880 Exception <a 'sun/nio/fs/WindowsException'{0x00000000eb71be60}> (0x00000000eb71be60) 
thrown [s\src\hotspot\share\prims\jni.cpp, line 520]
Event: 8.041 Thread 0x0000029fc893e400 Exception <a 'sun/nio/fs/WindowsException'{0x00000000eb729c80}> (0x00000000eb729c80) 
thrown [s\src\hotspot\share\prims\jni.cpp, line 520]
Event: 8.042 Thread 0x0000029fc89404d0 Exception <a 'sun/nio/fs/WindowsException'{0x00000000eb77af78}> (0x00000000eb77af78) 
thrown [s\src\hotspot\share\prims\jni.cpp, line 520]
Event: 8.043 Thread 0x0000029fc8941f10 Exception <a 'sun/nio/fs/WindowsException'{0x00000000eb796be8}> (0x00000000eb796be8) 
thrown [s\src\hotspot\share\prims\jni.cpp, line 520]
Event: 8.044 Thread 0x0000029fc893ea90 Exception <a 'sun/nio/fs/WindowsException'{0x00000000eb7a4bb0}> (0x00000000eb7a4bb0) 
thrown [s\src\hotspot\share\prims\jni.cpp, line 520]
Event: 8.055 Thread 0x0000029ffd298470 Exception <a 'sun/nio/fs/WindowsException'{0x00000000ead6f750}> (0x00000000ead6f750) 
thrown [s\src\hotspot\share\prims\jni.cpp, line 520]
Event: 8.058 Thread 0x0000029ffd298470 Exception <a 'sun/nio/fs/WindowsException'{0x00000000eae106a8}> (0x00000000eae106a8) 
thrown [s\src\hotspot\share\prims\jni.cpp, line 520]
Event: 8.289 Thread 0x0000029ffd29fa90 Implicit null exception at 0x0000029ff0bb835d to 0x0000029ff0bbf4dc
Event: 9.306 Thread 0x0000029ffd298470 Implicit null exception at 0x0000029ff0839786 to 0x0000029ff083987c
Event: 9.424 Thread 0x0000029ffd298470 Exception <a 'java/lang/NoSuchMethodError'{0x00000000eaef9508}: 'java.lang.Object java.lang.invoke.DirectMethodHandle$Holder.invokeStatic(java.lang.Object, java.lang.Object, int, int)'> (0x00000000eaef9508) 
thrown [s\src\hotspot\share\interpreter\linkResolver.cpp, line 773]
Event: 9.425 Thread 0x0000029ffd298470 Exception <a 'java/lang/NoSuchMethodError'{0x00000000eaf350d8}: 'java.lang.Object java.lang.invoke.DirectMethodHandle$Holder.invokeSpecial(java.lang.Object, java.lang.Object, java.lang.Object, int, int)'> (0x00000000eaf350d8) 
thrown [s\src\hotspot\share\interpreter\linkResolver.cpp, line 773]
Event: 9.516 Thread 0x0000029ffd298470 Implicit null exception at 0x0000029ff0ce4ea3 to 0x0000029ff0ce520c
Event: 9.543 Thread 0x0000029ffd298470 Exception <a 'java/lang/NoSuchMethodError'{0x00000000eadd0350}: 'int java.lang.invoke.DirectMethodHandle$Holder.invokeSpecialIFC(java.lang.Object, java.lang.Object, java.lang.Object)'> (0x00000000eadd0350) 
thrown [s\src\hotspot\share\interpreter\linkResolver.cpp, line 773]
Event: 9.556 Thread 0x0000029ffd298470 Implicit null exception at 0x0000029ff0be0ae3 to 0x0000029ff0be1120
Event: 9.746 Thread 0x0000029ffd298470 Implicit null exception at 0x0000029ff09f4c4f to 0x0000029ff09f4dac

ZGC Phase Switch (0 events):
No events

VM Operations (20 events):
Event: 9.914 Executing VM operation: ParallelGCFailedAllocation (Allocation Failure)
Event: 9.916 Executing VM operation: ParallelGCFailedAllocation (Allocation Failure) done
Event: 9.925 Executing VM operation: ParallelGCFailedAllocation (Allocation Failure)
Event: 9.927 Executing VM operation: ParallelGCFailedAllocation (Allocation Failure) done
Event: 9.936 Executing VM operation: ParallelGCFailedAllocation (Allocation Failure)
Event: 9.938 Executing VM operation: ParallelGCFailedAllocation (Allocation Failure) done
Event: 9.948 Executing VM operation: ParallelGCFailedAllocation (Allocation Failure)
Event: 9.949 Executing VM operation: ParallelGCFailedAllocation (Allocation Failure) done
Event: 9.967 Executing VM operation: ParallelGCFailedAllocation (Allocation Failure)
Event: 9.969 Executing VM operation: ParallelGCFailedAllocation (Allocation Failure) done
Event: 9.981 Executing VM operation: ParallelGCFailedAllocation (Allocation Failure)
Event: 9.982 Executing VM operation: ParallelGCFailedAllocation (Allocation Failure) done
Event: 9.997 Executing VM operation: ParallelGCFailedAllocation (Allocation Failure)
Event: 9.998 Executing VM operation: ParallelGCFailedAllocation (Allocation Failure) done
Event: 10.009 Executing VM operation: ParallelGCFailedAllocation (Allocation Failure)
Event: 10.010 Executing VM operation: ParallelGCFailedAllocation (Allocation Failure) done
Event: 10.023 Executing VM operation: ParallelGCFailedAllocation (Allocation Failure)
Event: 10.025 Executing VM operation: ParallelGCFailedAllocation (Allocation Failure) done
Event: 10.034 Executing VM operation: ParallelGCFailedAllocation (Allocation Failure)
Event: 10.036 Executing VM operation: ParallelGCFailedAllocation (Allocation Failure) done

Memory protections (0 events):
No events

Nmethod flushes (20 events):
Event: 4.861 Thread 0x0000029ff9c94a30 flushing  nmethod 0x0000029fe916cc10
Event: 4.861 Thread 0x0000029ff9c94a30 flushing  nmethod 0x0000029fe919bd10
Event: 4.861 Thread 0x0000029ff9c94a30 flushing  nmethod 0x0000029fe91c0290
Event: 4.861 Thread 0x0000029ff9c94a30 flushing  nmethod 0x0000029fe91c0690
Event: 4.861 Thread 0x0000029ff9c94a30 flushing  nmethod 0x0000029fe91c0f90
Event: 4.861 Thread 0x0000029ff9c94a30 flushing  nmethod 0x0000029fe91c2190
Event: 4.861 Thread 0x0000029ff9c94a30 flushing  nmethod 0x0000029fe91c2e90
Event: 4.861 Thread 0x0000029ff9c94a30 flushing  nmethod 0x0000029fe91c4690
Event: 4.861 Thread 0x0000029ff9c94a30 flushing  nmethod 0x0000029fe91c4b90
Event: 4.861 Thread 0x0000029ff9c94a30 flushing  nmethod 0x0000029fe91c5490
Event: 4.861 Thread 0x0000029ff9c94a30 flushing  nmethod 0x0000029fe91c5d10
Event: 4.861 Thread 0x0000029ff9c94a30 flushing  nmethod 0x0000029fe91c6890
Event: 4.861 Thread 0x0000029ff9c94a30 flushing  nmethod 0x0000029fe91c8310
Event: 4.861 Thread 0x0000029ff9c94a30 flushing  nmethod 0x0000029fe91c8c90
Event: 4.861 Thread 0x0000029ff9c94a30 flushing  nmethod 0x0000029fe91c9d90
Event: 4.861 Thread 0x0000029ff9c94a30 flushing  nmethod 0x0000029fe9209790
Event: 4.861 Thread 0x0000029ff9c94a30 flushing  nmethod 0x0000029fe920ff10
Event: 4.861 Thread 0x0000029ff9c94a30 flushing  nmethod 0x0000029fe921ac90
Event: 4.861 Thread 0x0000029ff9c94a30 flushing  nmethod 0x0000029fe92d2310
Event: 4.861 Thread 0x0000029ff9c94a30 flushing  nmethod 0x0000029fe92f6f90

Events (20 events):
Event: 8.041 Thread 0x0000029fc893e400 Thread added: 0x0000029fc893ea90
Event: 8.041 Thread 0x0000029fc59b57f0 Thread added: 0x0000029fc8942c30
Event: 8.041 Thread 0x0000029fc8941f10 Thread added: 0x0000029fc89425a0
Event: 8.042 Thread 0x0000029fc89404d0 Thread added: 0x0000029fc89432c0
Event: 8.042 Thread 0x0000029ffd29ed70 Thread added: 0x0000029fc8943950
Event: 8.078 Thread 0x0000029ffd298470 Thread added: 0x0000029fc893f120
Event: 8.078 Thread 0x0000029ffd298470 Thread added: 0x0000029fc8943fe0
Event: 8.078 Thread 0x0000029ffd298470 Thread added: 0x0000029fc893d050
Event: 8.078 Thread 0x0000029ffd298470 Thread added: 0x0000029fc8944670
Event: 8.078 Thread 0x0000029ffd298470 Thread added: 0x0000029fc893d6e0
Event: 8.078 Thread 0x0000029ffd298470 Thread added: 0x0000029fc893dd70
Event: 8.078 Thread 0x0000029ffd298470 Thread added: 0x0000029fc893f7b0
Event: 8.078 Thread 0x0000029ffd298470 Thread added: 0x0000029fc6d7a270
Event: 8.078 Thread 0x0000029fc893f7b0 Thread added: 0x0000029fc6d78ec0
Event: 8.078 Thread 0x0000029fc6d7a270 Thread added: 0x0000029fc6d7fe50
Event: 8.079 Thread 0x0000029fc6d78ec0 Thread added: 0x0000029fc6d7d060
Event: 8.079 Thread 0x0000029fc8943fe0 Thread added: 0x0000029fc6d7dd80
Event: 8.079 Thread 0x0000029fc893f120 Thread added: 0x0000029fc6d7b620
Event: 8.079 Thread 0x0000029fc6d7dd80 Thread added: 0x0000029fc6d7f7c0
Event: 8.335 Thread 0x0000029ffd29abd0 Thread exited: 0x0000029ffd29abd0


Dynamic libraries:
0x00007ff7e7640000 - 0x00007ff7e764e000 	c:\Users\ASUS\.vscode\extensions\redhat.java-1.40.0-win32-x64\jre\21.0.6-win32-x86_64\bin\java.exe
0x00007fffc38b0000 - 0x00007fffc3ac7000 	C:\WINDOWS\SYSTEM32\ntdll.dll
0x00007fffc26d0000 - 0x00007fffc2794000 	C:\WINDOWS\System32\KERNEL32.DLL
0x00007fffc0b60000 - 0x00007fffc0f30000 	C:\WINDOWS\System32\KERNELBASE.dll
0x00007fffc1220000 - 0x00007fffc1331000 	C:\WINDOWS\System32\ucrtbase.dll
0x00007fffb5300000 - 0x00007fffb5318000 	c:\Users\ASUS\.vscode\extensions\redhat.java-1.40.0-win32-x64\jre\21.0.6-win32-x86_64\bin\jli.dll
0x00007fffb5600000 - 0x00007fffb561e000 	c:\Users\ASUS\.vscode\extensions\redhat.java-1.40.0-win32-x64\jre\21.0.6-win32-x86_64\bin\VCRUNTIME140.dll
0x00007fffc2b30000 - 0x00007fffc2cde000 	C:\WINDOWS\System32\USER32.dll
0x00007fffc0fe0000 - 0x00007fffc1006000 	C:\WINDOWS\System32\win32u.dll
0x00007fffb0460000 - 0x00007fffb06f2000 	C:\WINDOWS\WinSxS\amd64_microsoft.windows.common-controls_6595b64144ccf1df_6.0.22621.4830_none_270fe7d773858e80\COMCTL32.dll
0x00007fffc2870000 - 0x00007fffc2899000 	C:\WINDOWS\System32\GDI32.dll
0x00007fffc2a80000 - 0x00007fffc2b27000 	C:\WINDOWS\System32\msvcrt.dll
0x00007fffc1480000 - 0x00007fffc159b000 	C:\WINDOWS\System32\gdi32full.dll
0x00007fffc1010000 - 0x00007fffc10aa000 	C:\WINDOWS\System32\msvcp_win.dll
0x00007fffc27a0000 - 0x00007fffc27d1000 	C:\WINDOWS\System32\IMM32.DLL
0x00007fffb97f0000 - 0x00007fffb97fc000 	c:\Users\ASUS\.vscode\extensions\redhat.java-1.40.0-win32-x64\jre\21.0.6-win32-x86_64\bin\vcruntime140_1.dll
0x00007fffad510000 - 0x00007fffad59d000 	c:\Users\ASUS\.vscode\extensions\redhat.java-1.40.0-win32-x64\jre\21.0.6-win32-x86_64\bin\msvcp140.dll
0x00007fff551e0000 - 0x00007fff55f70000 	c:\Users\ASUS\.vscode\extensions\redhat.java-1.40.0-win32-x64\jre\21.0.6-win32-x86_64\bin\server\jvm.dll
0x00007fffc17e0000 - 0x00007fffc1891000 	C:\WINDOWS\System32\ADVAPI32.dll
0x00007fffc3390000 - 0x00007fffc3437000 	C:\WINDOWS\System32\sechost.dll
0x00007fffc0fb0000 - 0x00007fffc0fd8000 	C:\WINDOWS\System32\bcrypt.dll
0x00007fffc3270000 - 0x00007fffc3384000 	C:\WINDOWS\System32\RPCRT4.dll
0x00007fffc1dd0000 - 0x00007fffc1e41000 	C:\WINDOWS\System32\WS2_32.dll
0x00007fffc0880000 - 0x00007fffc08cd000 	C:\WINDOWS\SYSTEM32\POWRPROF.dll
0x00007fffbab60000 - 0x00007fffbab6a000 	C:\WINDOWS\SYSTEM32\VERSION.dll
0x00007fffb7bd0000 - 0x00007fffb7c04000 	C:\WINDOWS\SYSTEM32\WINMM.dll
0x00007fffc0860000 - 0x00007fffc0873000 	C:\WINDOWS\SYSTEM32\UMPDC.dll
0x00007fffbfba0000 - 0x00007fffbfbb8000 	C:\WINDOWS\SYSTEM32\kernel.appcore.dll
0x00007fffb5b30000 - 0x00007fffb5b3a000 	c:\Users\ASUS\.vscode\extensions\redhat.java-1.40.0-win32-x64\jre\21.0.6-win32-x86_64\bin\jimage.dll
0x00007fffb9ec0000 - 0x00007fffba0f2000 	C:\WINDOWS\SYSTEM32\DBGHELP.DLL
0x00007fffc3440000 - 0x00007fffc37d0000 	C:\WINDOWS\System32\combase.dll
0x00007fffc1a90000 - 0x00007fffc1b67000 	C:\WINDOWS\System32\OLEAUT32.dll
0x00007fffb9390000 - 0x00007fffb93c2000 	C:\WINDOWS\SYSTEM32\dbgcore.DLL
0x00007fffc1400000 - 0x00007fffc147b000 	C:\WINDOWS\System32\bcryptPrimitives.dll
0x00007fffb57e0000 - 0x00007fffb57ef000 	c:\Users\ASUS\.vscode\extensions\redhat.java-1.40.0-win32-x64\jre\21.0.6-win32-x86_64\bin\instrument.dll
0x00007fffb1260000 - 0x00007fffb127f000 	c:\Users\ASUS\.vscode\extensions\redhat.java-1.40.0-win32-x64\jre\21.0.6-win32-x86_64\bin\java.dll
0x00007fffc1e50000 - 0x00007fffc26c8000 	C:\WINDOWS\System32\SHELL32.dll
0x00007fffbeab0000 - 0x00007fffbf3c0000 	C:\WINDOWS\SYSTEM32\windows.storage.dll
0x00007fffbe970000 - 0x00007fffbeaaf000 	C:\WINDOWS\SYSTEM32\wintypes.dll
0x00007fffc28a0000 - 0x00007fffc29aa000 	C:\WINDOWS\System32\SHCORE.dll
0x00007fffc15d0000 - 0x00007fffc162e000 	C:\WINDOWS\System32\shlwapi.dll
0x00007fffc0a90000 - 0x00007fffc0abb000 	C:\WINDOWS\SYSTEM32\profapi.dll
0x00007fffb0e50000 - 0x00007fffb0e68000 	c:\Users\ASUS\.vscode\extensions\redhat.java-1.40.0-win32-x64\jre\21.0.6-win32-x86_64\bin\zip.dll
0x00007fffb5790000 - 0x00007fffb57a0000 	C:\Users\ASUS\.vscode\extensions\redhat.java-1.40.0-win32-x64\jre\21.0.6-win32-x86_64\bin\net.dll
0x00007fffbdb00000 - 0x00007fffbdc2c000 	C:\WINDOWS\SYSTEM32\WINHTTP.dll
0x00007fffc0020000 - 0x00007fffc008a000 	C:\WINDOWS\system32\mswsock.dll
0x00007fffb1220000 - 0x00007fffb1236000 	C:\Users\ASUS\.vscode\extensions\redhat.java-1.40.0-win32-x64\jre\21.0.6-win32-x86_64\bin\nio.dll
0x00007fffb52f0000 - 0x00007fffb5300000 	c:\Users\ASUS\.vscode\extensions\redhat.java-1.40.0-win32-x64\jre\21.0.6-win32-x86_64\bin\verify.dll
0x00007fff8a0a0000 - 0x00007fff8a0e5000 	C:\Users\ASUS\AppData\Roaming\Code\User\globalStorage\redhat.java\1.40.0\config_win\org.eclipse.equinox.launcher\org.eclipse.equinox.launcher.win32.win32.x86_64_1.2.1200.v20250212-0927\eclipse_11909.dll
0x00007fffc1630000 - 0x00007fffc17d1000 	C:\WINDOWS\System32\ole32.dll
0x00007fffc0270000 - 0x00007fffc028b000 	C:\WINDOWS\SYSTEM32\CRYPTSP.dll
0x00007fffbfb00000 - 0x00007fffbfb35000 	C:\WINDOWS\system32\rsaenh.dll
0x00007fffc0110000 - 0x00007fffc0138000 	C:\WINDOWS\SYSTEM32\USERENV.dll
0x00007fffc0290000 - 0x00007fffc029c000 	C:\WINDOWS\SYSTEM32\CRYPTBASE.dll
0x00007fffbf610000 - 0x00007fffbf63d000 	C:\WINDOWS\SYSTEM32\IPHLPAPI.DLL
0x00007fffc15a0000 - 0x00007fffc15a9000 	C:\WINDOWS\System32\NSI.dll
0x00007fffb1090000 - 0x00007fffb10d9000 	C:\Users\ASUS\AppData\Local\Temp\jna-2018896\jna10437267697141782474.dll
0x00007fffc3850000 - 0x00007fffc3858000 	C:\WINDOWS\System32\PSAPI.DLL
0x00007fffbd1f0000 - 0x00007fffbd209000 	C:\WINDOWS\SYSTEM32\dhcpcsvc6.DLL
0x00007fffbd1d0000 - 0x00007fffbd1ef000 	C:\WINDOWS\SYSTEM32\dhcpcsvc.DLL

dbghelp: loaded successfully - version: 4.0.5 - missing functions: none
symbol engine: initialized successfully - sym options: 0x614 - pdb path: .;c:\Users\ASUS\.vscode\extensions\redhat.java-1.40.0-win32-x64\jre\21.0.6-win32-x86_64\bin;C:\WINDOWS\SYSTEM32;C:\WINDOWS\WinSxS\amd64_microsoft.windows.common-controls_6595b64144ccf1df_6.0.22621.4830_none_270fe7d773858e80;c:\Users\ASUS\.vscode\extensions\redhat.java-1.40.0-win32-x64\jre\21.0.6-win32-x86_64\bin\server;C:\Users\ASUS\AppData\Roaming\Code\User\globalStorage\redhat.java\1.40.0\config_win\org.eclipse.equinox.launcher\org.eclipse.equinox.launcher.win32.win32.x86_64_1.2.1200.v20250212-0927;C:\Users\ASUS\AppData\Local\Temp\jna-2018896

VM Arguments:
jvm_args: --add-modules=ALL-SYSTEM --add-opens=java.base/java.util=ALL-UNNAMED --add-opens=java.base/java.lang=ALL-UNNAMED --add-opens=java.base/sun.nio.fs=ALL-UNNAMED -Declipse.application=org.eclipse.jdt.ls.core.id1 -Dosgi.bundles.defaultStartLevel=4 -Declipse.product=org.eclipse.jdt.ls.core.product -Djava.import.generatesMetadataFilesAtProjectRoot=false -DDetectVMInstallationsJob.disabled=true -Dfile.encoding=utf8 -XX:+UseParallelGC -XX:GCTimeRatio=4 -XX:AdaptiveSizePolicyWeight=90 -Dsun.zip.disableMemoryMapping=true -Xmx1G -Xms100m -Xlog:disable -javaagent:c:\Users\ASUS\.vscode\extensions\redhat.java-1.40.0-win32-x64\lombok\lombok-1.18.36.jar -XX:+HeapDumpOnOutOfMemoryError -XX:HeapDumpPath=c:\Users\ASUS\AppData\Roaming\Code\User\workspaceStorage\a26ced7fe018b66e12da886babd7af56\redhat.java -Daether.dependencyCollector.impl=bf 
java_command: c:\Users\ASUS\.vscode\extensions\redhat.java-1.40.0-win32-x64\server\plugins\org.eclipse.equinox.launcher_1.6.1000.v20250131-0606.jar -configuration c:\Users\ASUS\AppData\Roaming\Code\User\globalStorage\redhat.java\1.40.0\config_win -data c:\Users\ASUS\AppData\Roaming\Code\User\workspaceStorage\a26ced7fe018b66e12da886babd7af56\redhat.java\jdt_ws --pipe=\\.\pipe\lsp-675ff11c702fe9b1272e56ef11099e4a-sock
java_class_path (initial): c:\Users\ASUS\.vscode\extensions\redhat.java-1.40.0-win32-x64\server\plugins\org.eclipse.equinox.launcher_1.6.1000.v20250131-0606.jar
Launcher Type: SUN_STANDARD

[Global flags]
    uintx AdaptiveSizePolicyWeight                 = 90                                        {product} {command line}
     intx CICompilerCount                          = 12                                        {product} {ergonomic}
    uintx GCTimeRatio                              = 4                                         {product} {command line}
     bool HeapDumpOnOutOfMemoryError               = true                                   {manageable} {command line}
    ccstr HeapDumpPath                             = c:\Users\ASUS\AppData\Roaming\Code\User\workspaceStorage\a26ced7fe018b66e12da886babd7af56\redhat.java         {manageable} {command line}
   size_t InitialHeapSize                          = 104857600                                 {product} {command line}
   size_t MaxHeapSize                              = 1073741824                                {product} {command line}
   size_t MaxNewSize                               = 357564416                                 {product} {ergonomic}
   size_t MinHeapDeltaBytes                        = 524288                                    {product} {ergonomic}
   size_t MinHeapSize                              = 104857600                                 {product} {command line}
   size_t NewSize                                  = 34603008                                  {product} {ergonomic}
    uintx NonNMethodCodeHeapSize                   = 7602480                                {pd product} {ergonomic}
    uintx NonProfiledCodeHeapSize                  = 122027880                              {pd product} {ergonomic}
   size_t OldSize                                  = 70254592                                  {product} {ergonomic}
    uintx ProfiledCodeHeapSize                     = 122027880                              {pd product} {ergonomic}
    uintx ReservedCodeCacheSize                    = 251658240                              {pd product} {ergonomic}
     bool SegmentedCodeCache                       = true                                      {product} {ergonomic}
   size_t SoftMaxHeapSize                          = 1073741824                             {manageable} {ergonomic}
     bool UseCompressedOops                        = true                           {product lp64_product} {ergonomic}
     bool UseLargePagesIndividualAllocation        = false                                  {pd product} {ergonomic}
     bool UseParallelGC                            = true                                      {product} {command line}

Logging:
Log output configuration:
 #0: stdout all=off uptime,level,tags foldmultilines=false
 #1: stderr all=off uptime,level,tags foldmultilines=false

Environment Variables:
PATH=C:\Program Files\Common Files\Oracle\Java\javapath;C:\Program Files (x86)\Common Files\Oracle\Java\java8path;C:\Program Files (x86)\Common Files\Oracle\Java\javapath;C:\ProgramData\Oracle\Java\javapath;C:\Windows\system32;C:\Windows;C:\Windows\System32\Wbem;C:\Windows\System32\WindowsPowerShell\v1.0\;C:\Windows\System32\OpenSSH\;C:\Program Files (x86)\NVIDIA Corporation\PhysX\Common;C:\WINDOWS\system32;C:\WINDOWS;C:\WINDOWS\System32\Wbem;C:\WINDOWS\System32\WindowsPowerShell\v1.0\;C:\WINDOWS\System32\OpenSSH\;C:\Program Files (x86)\Microsoft SQL Server\160\Tools\Binn\;C:\Program Files\Microsoft SQL Server\160\Tools\Binn\;C:\Program Files\Microsoft SQL Server\Client SDK\ODBC\170\Tools\Binn\;C:\Program Files\Microsoft SQL Server\160\DTS\Binn\;C:\Program Files (x86)\Microsoft SQL Server\160\DTS\Binn\;C:\Program Files\Azure Data Studio\bin;C:\Program Files\dotnet\;C:\Program Files\nodejs\;C:\Program Files\Git\cmd;C:\Program Files\NVIDIA Corporation\NVIDIA app\NvDLISR;C:\Program Files\Cloudflare\Cloudflare WARP\;C:\Program Files\MySQL\MySQL Shell 8.0\bin\;C:\Users\ASUS\AppData\Local\Microsoft\WindowsApps;C:\Program Files\Azure Data Studio\bin;C:\Users\ASUS\AppData\Local\Programs\Microsoft VS Code\bin;C:\Users\ASUS\AppData\Roaming\npm;C:\Program Files\Git\mingw64\bin\;
USERNAME=ASUS
OS=Windows_NT
PROCESSOR_IDENTIFIER=AMD64 Family 25 Model 68 Stepping 1, AuthenticAMD
TMP=C:\Users\ASUS\AppData\Local\Temp
TEMP=C:\Users\ASUS\AppData\Local\Temp




Periodic native trim disabled

---------------  S Y S T E M  ---------------

OS:
 Windows 11 , 64 bit Build 22621 (10.0.22621.4830)
OS uptime: 0 days 1:28 hours

CPU: total 16 (initial active 16) (16 cores per cpu, 2 threads per core) family 25 model 68 stepping 1 microcode 0x0, cx8, cmov, fxsr, ht, mmx, 3dnowpref, sse, sse2, sse3, ssse3, sse4a, sse4.1, sse4.2, popcnt, lzcnt, tsc, tscinvbit, avx, avx2, aes, clmul, bmi1, bmi2, adx, sha, fma, vzeroupper, clflush, clflushopt, rdtscp, rdpid, f16c, pku, cet_ss
Processor Information for the first 16 processors :
  Max Mhz: 3201, Current Mhz: 3201, Mhz Limit: 3201

Memory: 4k page, system-wide physical 15613M (2799M free)
TotalPageFile size 19709M (AvailPageFile size 3M)
current process WorkingSet (physical memory assigned to process): 591M, peak: 591M
current process commit charge ("private bytes"): 593M, peak: 1078M

vm_info: OpenJDK 64-Bit Server VM (21.0.6+7-LTS) for windows-amd64 JRE (21.0.6+7-LTS), built on 2025-01-21T00:00:00Z by "admin" with MS VC++ 17.7 (VS2022)

END.
