#
# There is insufficient memory for the Java Runtime Environment to continue.
# Native memory allocation (malloc) failed to allocate 5530288 bytes. Error detail: Chunk::new
# Possible reasons:
#   The system is out of physical RAM or swap space
#   This process is running with CompressedOops enabled, and the Java Heap may be blocking the growth of the native heap
# Possible solutions:
#   Reduce memory load on the system
#   Increase physical memory or swap space
#   Check if swap backing store is full
#   Decrease Java heap size (-Xmx/-Xms)
#   Decrease number of Java threads
#   Decrease Java thread stack sizes (-Xss)
#   Set larger code cache with -XX:ReservedCodeCacheSize=
#   JVM is running with Unscaled Compressed Oops mode in which the Java heap is
#     placed in the first 4GB address space. The Java Heap base address is the
#     maximum limit for the native heap growth. Please use -XX:HeapBaseMinAddress
#     to set the Java Heap base and to place the Java Heap above 4GB virtual address.
# This output file may be truncated or incomplete.
#
#  Out of Memory Error (arena.cpp:168), pid=12612, tid=28132
#
# JRE version: OpenJDK Runtime Environment Temurin-21.0.6+7 (21.0.6+7) (build 21.0.6+7-LTS)
# Java VM: OpenJDK 64-Bit Server VM Temurin-21.0.6+7 (21.0.6+7-LTS, mixed mode, sharing, tiered, compressed oops, compressed class ptrs, parallel gc, windows-amd64)
# No core dump will be written. Minidumps are not enabled by default on client versions of Windows
#

---------------  S U M M A R Y ------------

Command Line: --add-modules=ALL-SYSTEM --add-opens=java.base/java.util=ALL-UNNAMED --add-opens=java.base/java.lang=ALL-UNNAMED --add-opens=java.base/sun.nio.fs=ALL-UNNAMED -Declipse.application=org.eclipse.jdt.ls.core.id1 -Dosgi.bundles.defaultStartLevel=4 -Declipse.product=org.eclipse.jdt.ls.core.product -Djava.import.generatesMetadataFilesAtProjectRoot=false -DDetectVMInstallationsJob.disabled=true -Dfile.encoding=utf8 -XX:+UseParallelGC -XX:GCTimeRatio=4 -XX:AdaptiveSizePolicyWeight=90 -Dsun.zip.disableMemoryMapping=true -Xmx1G -Xms100m -Xlog:disable -javaagent:c:\Users\ASUS\.vscode\extensions\redhat.java-1.40.0-win32-x64\lombok\lombok-1.18.36.jar c:\Users\ASUS\.vscode\extensions\redhat.java-1.40.0-win32-x64\server\plugins\org.eclipse.equinox.launcher_1.6.1000.v20250131-0606.jar -configuration c:\Users\ASUS\AppData\Roaming\Code\User\globalStorage\redhat.java\1.40.0\config_ss_win -data c:\Users\ASUS\AppData\Roaming\Code\User\workspaceStorage\a26ced7fe018b66e12da886babd7af56\redhat.java\ss_ws --pipe=\\.\pipe\lsp-4bf249446f97d5fb08fdcf29a7f05fe2-sock

Host: AMD Ryzen 7 6800H with Radeon Graphics         , 16 cores, 15G,  Windows 11 , 64 bit Build 22621 (10.0.22621.4830)
Time: Mon Mar  3 16:36:01 2025 SE Asia Standard Time elapsed time: 6.591740 seconds (0d 0h 0m 6s)

---------------  T H R E A D  ---------------

Current thread (0x0000025217c56820):  JavaThread "C2 CompilerThread3" daemon [_thread_in_native, id=28132, stack(0x0000009bddd00000,0x0000009bdde00000) (1024K)]


Current CompileTask:
C2:6591 6940       4       lombok.eclipse.handlers.EclipseHandlerUtil::setGeneratedBy (10 bytes)

Stack: [0x0000009bddd00000,0x0000009bdde00000]
Native frames: (J=compiled Java code, j=interpreted, Vv=VM code, C=native code)
V  [jvm.dll+0x6cdee9]
V  [jvm.dll+0x8a83d1]
V  [jvm.dll+0x8aa8fe]
V  [jvm.dll+0x8aafe3]
V  [jvm.dll+0x27f706]
V  [jvm.dll+0xc500d]
V  [jvm.dll+0xc5543]
V  [jvm.dll+0x3b678c]
V  [jvm.dll+0x1e0009]
V  [jvm.dll+0x247b42]
V  [jvm.dll+0x246fcf]
V  [jvm.dll+0x1c75ee]
V  [jvm.dll+0x25685a]
V  [jvm.dll+0x254dfa]
V  [jvm.dll+0x3f0256]
V  [jvm.dll+0x851f8b]
V  [jvm.dll+0x6cc5ed]
C  [ucrtbase.dll+0x29333]
C  [KERNEL32.DLL+0x1259d]
C  [ntdll.dll+0x5af38]


---------------  P R O C E S S  ---------------

Threads class SMR info:
_java_thread_list=0x0000025220661330, length=57, elements={
0x00000251c111bbc0, 0x00000251d550ce80, 0x00000251d550e780, 0x0000025217c26a80,
0x0000025217c27990, 0x0000025217c2d190, 0x0000025217c32130, 0x0000025217c335f0,
0x0000025217c575c0, 0x0000025217d19600, 0x0000025217c56ef0, 0x0000025217c553b0,
0x0000025217c58360, 0x0000025217f14310, 0x00000252199c8e50, 0x000002521e2ac350,
0x000002521944b8a0, 0x00000252197959b0, 0x000002521e394c90, 0x000002521e481f40,
0x0000025219752f90, 0x000002521e75c4c0, 0x000002521e62c640, 0x000002521e629ee0,
0x000002521e6291c0, 0x000002521e629850, 0x000002521e62bfb0, 0x000002521e62a570,
0x000002521e62ac00, 0x000002521e62b290, 0x000002521e62b920, 0x00000252203e33f0,
0x00000252203e0600, 0x00000252203e2040, 0x00000252203de530, 0x00000252203dff70,
0x00000252203ddea0, 0x00000252203e19b0, 0x00000252203e0c90, 0x00000252203df250,
0x00000252203df8e0, 0x00000252203dd810, 0x00000252203debc0, 0x00000252203e1320,
0x00000252203e26d0, 0x00000252203e2d60, 0x00000252203dc460, 0x00000252203e3a80,
0x0000025217c57c90, 0x00000252203dcaf0, 0x00000252203dd180, 0x0000025217c58a30,
0x0000025217c56820, 0x0000025219322e10, 0x000002521931fe60, 0x0000025219322070,
0x000002521931f0c0
}

Java Threads: ( => current thread )
  0x00000251c111bbc0 JavaThread "main"                              [_thread_blocked, id=25960, stack(0x0000009bdc500000,0x0000009bdc600000) (1024K)]
  0x00000251d550ce80 JavaThread "Reference Handler"          daemon [_thread_blocked, id=18676, stack(0x0000009bdc900000,0x0000009bdca00000) (1024K)]
  0x00000251d550e780 JavaThread "Finalizer"                  daemon [_thread_blocked, id=25496, stack(0x0000009bdca00000,0x0000009bdcb00000) (1024K)]
  0x0000025217c26a80 JavaThread "Signal Dispatcher"          daemon [_thread_blocked, id=8680, stack(0x0000009bdcb00000,0x0000009bdcc00000) (1024K)]
  0x0000025217c27990 JavaThread "Attach Listener"            daemon [_thread_blocked, id=21336, stack(0x0000009bdcc00000,0x0000009bdcd00000) (1024K)]
  0x0000025217c2d190 JavaThread "Service Thread"             daemon [_thread_blocked, id=27084, stack(0x0000009bdcd00000,0x0000009bdce00000) (1024K)]
  0x0000025217c32130 JavaThread "Monitor Deflation Thread"   daemon [_thread_blocked, id=23156, stack(0x0000009bdce00000,0x0000009bdcf00000) (1024K)]
  0x0000025217c335f0 JavaThread "C2 CompilerThread0"         daemon [_thread_blocked, id=24356, stack(0x0000009bdcf00000,0x0000009bdd000000) (1024K)]
  0x0000025217c575c0 JavaThread "C1 CompilerThread0"         daemon [_thread_blocked, id=25956, stack(0x0000009bdd000000,0x0000009bdd100000) (1024K)]
  0x0000025217d19600 JavaThread "Common-Cleaner"             daemon [_thread_blocked, id=7844, stack(0x0000009bdd100000,0x0000009bdd200000) (1024K)]
  0x0000025217c56ef0 JavaThread "C1 CompilerThread1"         daemon [_thread_blocked, id=24240, stack(0x0000009bdd200000,0x0000009bdd300000) (1024K)]
  0x0000025217c553b0 JavaThread "C1 CompilerThread2"         daemon [_thread_blocked, id=26800, stack(0x0000009bdd300000,0x0000009bdd400000) (1024K)]
  0x0000025217c58360 JavaThread "C1 CompilerThread3"         daemon [_thread_blocked, id=27092, stack(0x0000009bdd500000,0x0000009bdd600000) (1024K)]
  0x0000025217f14310 JavaThread "Notification Thread"        daemon [_thread_blocked, id=27972, stack(0x0000009bdd600000,0x0000009bdd700000) (1024K)]
  0x00000252199c8e50 JavaThread "Active Thread: Equinox Container: 9671aca3-1b82-4738-b6c2-c81244d16584"        [_thread_blocked, id=28516, stack(0x0000009bdde00000,0x0000009bddf00000) (1024K)]
  0x000002521e2ac350 JavaThread "Framework Event Dispatcher: Equinox Container: 9671aca3-1b82-4738-b6c2-c81244d16584" daemon [_thread_blocked, id=28416, stack(0x0000009bddf00000,0x0000009bde000000) (1024K)]
  0x000002521944b8a0 JavaThread "Start Level: Equinox Container: 9671aca3-1b82-4738-b6c2-c81244d16584" daemon [_thread_blocked, id=28648, stack(0x0000009bde000000,0x0000009bde100000) (1024K)]
  0x00000252197959b0 JavaThread "SCR Component Actor"        daemon [_thread_blocked, id=28604, stack(0x0000009bde300000,0x0000009bde400000) (1024K)]
  0x000002521e394c90 JavaThread "SCR Component Registry"     daemon [_thread_blocked, id=28600, stack(0x0000009bde400000,0x0000009bde500000) (1024K)]
  0x000002521e481f40 JavaThread "Worker-JM"                         [_thread_blocked, id=27820, stack(0x0000009bde500000,0x0000009bde600000) (1024K)]
  0x0000025219752f90 JavaThread "JNA Cleaner"                daemon [_thread_blocked, id=6832, stack(0x0000009bde800000,0x0000009bde900000) (1024K)]
  0x000002521e75c4c0 JavaThread "Worker-0"                          [_thread_blocked, id=27740, stack(0x0000009bde900000,0x0000009bdea00000) (1024K)]
  0x000002521e62c640 JavaThread "Worker-1"                          [_thread_blocked, id=28052, stack(0x0000009bdea00000,0x0000009bdeb00000) (1024K)]
  0x000002521e629ee0 JavaThread "Thread-2"                   daemon [_thread_in_native, id=28544, stack(0x0000009bdee00000,0x0000009bdef00000) (1024K)]
  0x000002521e6291c0 JavaThread "Thread-3"                   daemon [_thread_in_native, id=28632, stack(0x0000009bdef00000,0x0000009bdf000000) (1024K)]
  0x000002521e629850 JavaThread "Thread-4"                   daemon [_thread_in_native, id=28584, stack(0x0000009bdf000000,0x0000009bdf100000) (1024K)]
  0x000002521e62bfb0 JavaThread "Thread-5"                   daemon [_thread_in_native, id=28580, stack(0x0000009bdf100000,0x0000009bdf200000) (1024K)]
  0x000002521e62a570 JavaThread "Thread-6"                   daemon [_thread_in_native, id=28628, stack(0x0000009bdf200000,0x0000009bdf300000) (1024K)]
  0x000002521e62ac00 JavaThread "Thread-7"                   daemon [_thread_in_native, id=28448, stack(0x0000009bdf300000,0x0000009bdf400000) (1024K)]
  0x000002521e62b290 JavaThread "Thread-8"                   daemon [_thread_in_native, id=28404, stack(0x0000009bdf400000,0x0000009bdf500000) (1024K)]
  0x000002521e62b920 JavaThread "Thread-9"                   daemon [_thread_in_native, id=28444, stack(0x0000009bdf500000,0x0000009bdf600000) (1024K)]
  0x00000252203e33f0 JavaThread "Thread-10"                  daemon [_thread_in_native, id=28380, stack(0x0000009bdf600000,0x0000009bdf700000) (1024K)]
  0x00000252203e0600 JavaThread "Thread-11"                  daemon [_thread_in_native, id=28264, stack(0x0000009bdf700000,0x0000009bdf800000) (1024K)]
  0x00000252203e2040 JavaThread "Thread-12"                  daemon [_thread_in_native, id=27688, stack(0x0000009bdf800000,0x0000009bdf900000) (1024K)]
  0x00000252203de530 JavaThread "Thread-13"                  daemon [_thread_in_native, id=27736, stack(0x0000009bdf900000,0x0000009bdfa00000) (1024K)]
  0x00000252203dff70 JavaThread "Thread-14"                  daemon [_thread_in_native, id=28352, stack(0x0000009bdfa00000,0x0000009bdfb00000) (1024K)]
  0x00000252203ddea0 JavaThread "Thread-15"                  daemon [_thread_in_native, id=28420, stack(0x0000009bdfb00000,0x0000009bdfc00000) (1024K)]
  0x00000252203e19b0 JavaThread "Thread-16"                  daemon [_thread_in_native, id=2580, stack(0x0000009bdfc00000,0x0000009bdfd00000) (1024K)]
  0x00000252203e0c90 JavaThread "Thread-17"                  daemon [_thread_in_native, id=15664, stack(0x0000009bdfd00000,0x0000009bdfe00000) (1024K)]
  0x00000252203df250 JavaThread "Thread-18"                  daemon [_thread_in_native, id=28612, stack(0x0000009bdfe00000,0x0000009bdff00000) (1024K)]
  0x00000252203df8e0 JavaThread "pool-2-thread-1"                   [_thread_blocked, id=27684, stack(0x0000009bdff00000,0x0000009be0000000) (1024K)]
  0x00000252203dd810 JavaThread "Worker-2"                          [_thread_blocked, id=28636, stack(0x0000009be0000000,0x0000009be0100000) (1024K)]
  0x00000252203debc0 JavaThread "WorkspaceEventsHandler"            [_thread_blocked, id=9544, stack(0x0000009be0100000,0x0000009be0200000) (1024K)]
  0x00000252203e1320 JavaThread "pool-1-thread-1"                   [_thread_blocked, id=27652, stack(0x0000009be0200000,0x0000009be0300000) (1024K)]
  0x00000252203e26d0 JavaThread "ForkJoinPool.commonPool-worker-1" daemon [_thread_blocked, id=6712, stack(0x0000009be0300000,0x0000009be0400000) (1024K)]
  0x00000252203e2d60 JavaThread "ForkJoinPool.commonPool-worker-2" daemon [_thread_blocked, id=28504, stack(0x0000009be0400000,0x0000009be0500000) (1024K)]
  0x00000252203dc460 JavaThread "ForkJoinPool.commonPool-worker-3" daemon [_thread_blocked, id=28320, stack(0x0000009be0500000,0x0000009be0600000) (1024K)]
  0x00000252203e3a80 JavaThread "ForkJoinPool.commonPool-worker-4" daemon [_thread_blocked, id=28556, stack(0x0000009be0600000,0x0000009be0700000) (1024K)]
  0x0000025217c57c90 JavaThread "C2 CompilerThread1"         daemon [_thread_blocked, id=28200, stack(0x0000009bdd400000,0x0000009bdd500000) (1024K)]
  0x00000252203dcaf0 JavaThread "ForkJoinPool.commonPool-worker-5" daemon [_thread_blocked, id=28340, stack(0x0000009be0b00000,0x0000009be0c00000) (1024K)]
  0x00000252203dd180 JavaThread "ForkJoinPool.commonPool-worker-6" daemon [_thread_blocked, id=28212, stack(0x0000009be0c00000,0x0000009be0d00000) (1024K)]
  0x0000025217c58a30 JavaThread "C2 CompilerThread2"         daemon [_thread_blocked, id=24520, stack(0x0000009bdd700000,0x0000009bdd800000) (1024K)]
=>0x0000025217c56820 JavaThread "C2 CompilerThread3"         daemon [_thread_in_native, id=28132, stack(0x0000009bddd00000,0x0000009bdde00000) (1024K)]
  0x0000025219322e10 JavaThread "C2 CompilerThread4"         daemon [_thread_blocked, id=27760, stack(0x0000009be0700000,0x0000009be0800000) (1024K)]
  0x000002521931fe60 JavaThread "C2 CompilerThread5"         daemon [_thread_in_native, id=27764, stack(0x0000009be0800000,0x0000009be0900000) (1024K)]
  0x0000025219322070 JavaThread "C2 CompilerThread6"         daemon [_thread_blocked, id=12312, stack(0x0000009be0900000,0x0000009be0a00000) (1024K)]
  0x000002521931f0c0 JavaThread "C2 CompilerThread7"         daemon [_thread_blocked, id=14640, stack(0x0000009be0a00000,0x0000009be0b00000) (1024K)]
Total: 57

Other Threads:
  0x00000251d54f4b20 VMThread "VM Thread"                           [id=23636, stack(0x0000009bdc800000,0x0000009bdc900000) (1024K)]
  0x00000251c1184be0 WatcherThread "VM Periodic Task Thread"        [id=4660, stack(0x0000009bdc700000,0x0000009bdc800000) (1024K)]
  0x00000251c113a930 WorkerThread "GC Thread#0"                     [id=20620, stack(0x0000009bdc600000,0x0000009bdc700000) (1024K)]
  0x00000252195b7fe0 WorkerThread "GC Thread#1"                     [id=27800, stack(0x0000009bdd800000,0x0000009bdd900000) (1024K)]
  0x000002521955a260 WorkerThread "GC Thread#2"                     [id=27816, stack(0x0000009bdd900000,0x0000009bdda00000) (1024K)]
  0x00000252195ba950 WorkerThread "GC Thread#3"                     [id=27824, stack(0x0000009bdda00000,0x0000009bddb00000) (1024K)]
  0x00000252195bacf0 WorkerThread "GC Thread#4"                     [id=27796, stack(0x0000009bddb00000,0x0000009bddc00000) (1024K)]
  0x000002521977d020 WorkerThread "GC Thread#5"                     [id=14192, stack(0x0000009bddc00000,0x0000009bddd00000) (1024K)]
  0x000002521e2ab960 WorkerThread "GC Thread#6"                     [id=28644, stack(0x0000009bde100000,0x0000009bde200000) (1024K)]
  0x000002521e2a7d60 WorkerThread "GC Thread#7"                     [id=28640, stack(0x0000009bde200000,0x0000009bde300000) (1024K)]
  0x000002521e391b90 WorkerThread "GC Thread#8"                     [id=23440, stack(0x0000009bde600000,0x0000009bde700000) (1024K)]
  0x000002521e390d10 WorkerThread "GC Thread#9"                     [id=27928, stack(0x0000009bde700000,0x0000009bde800000) (1024K)]
  0x000002521e3922d0 WorkerThread "GC Thread#10"                    [id=27708, stack(0x0000009bdeb00000,0x0000009bdec00000) (1024K)]
  0x000002521e390970 WorkerThread "GC Thread#11"                    [id=28248, stack(0x0000009bdec00000,0x0000009bded00000) (1024K)]
  0x000002521e3910b0 WorkerThread "GC Thread#12"                    [id=27792, stack(0x0000009bded00000,0x0000009bdee00000) (1024K)]
Total: 15

Threads with active compile tasks:
C2 CompilerThread3  6610 6940       4       lombok.eclipse.handlers.EclipseHandlerUtil::setGeneratedBy (10 bytes)
C2 CompilerThread5  6610 6939   !   4       lombok.core.FieldAugment$ReflectionFieldAugment::getAndSet (80 bytes)
Total: 2

VM state: not at safepoint (normal execution)

VM Mutex/Monitor currently owned by a thread: None

Heap address: 0x00000000c0000000, size: 1024 MB, Compressed Oops mode: 32-bit

CDS archive(s) mapped at: [0x00000251d6000000-0x00000251d6ba0000-0x00000251d6ba0000), size 12189696, SharedBaseAddress: 0x00000251d6000000, ArchiveRelocationMode: 1.
Compressed class space mapped at: 0x00000251d7000000-0x0000025217000000, reserved size: 1073741824
Narrow klass base: 0x00000251d6000000, Narrow klass shift: 0, Narrow klass range: 0x100000000

GC Precious Log:
 CardTable entry size: 512
 CPUs: 16 total, 16 available
 Memory: 15613M
 Large Page Support: Disabled
 NUMA Support: Disabled
 Compressed Oops: Enabled (32-bit)
 Alignments: Space 512K, Generation 512K, Heap 2M
 Heap Min Capacity: 100M
 Heap Initial Capacity: 100M
 Heap Max Capacity: 1G
 Pre-touch: Disabled
 Parallel Workers: 13

Heap:
 PSYoungGen      total 22016K, used 10624K [0x00000000eab00000, 0x00000000ec300000, 0x0000000100000000)
  eden space 20480K, 44% used [0x00000000eab00000,0x00000000eb3fc068,0x00000000ebf00000)
  from space 1536K, 92% used [0x00000000ec180000,0x00000000ec2e4030,0x00000000ec300000)
  to   space 2048K, 0% used [0x00000000ebf00000,0x00000000ebf00000,0x00000000ec100000)
 ParOldGen       total 68608K, used 34194K [0x00000000c0000000, 0x00000000c4300000, 0x00000000eab00000)
  object space 68608K, 49% used [0x00000000c0000000,0x00000000c21648b0,0x00000000c4300000)
 Metaspace       used 44066K, committed 45184K, reserved 1114112K
  class space    used 4251K, committed 4736K, reserved 1048576K

Card table byte_map: [0x00000251c0ac0000,0x00000251c0cd0000] _byte_map_base: 0x00000251c04c0000

Marking Bits: (ParMarkBitMap*) 0x00007ff9a4923260
 Begin Bits: [0x00000251d3310000, 0x00000251d4310000)
 End Bits:   [0x00000251d4310000, 0x00000251d5310000)

Polling page: 0x00000251beff0000

Metaspace:

Usage:
  Non-class:     38.88 MB used.
      Class:      4.15 MB used.
       Both:     43.03 MB used.

Virtual space:
  Non-class space:       64.00 MB reserved,      39.50 MB ( 62%) committed,  1 nodes.
      Class space:        1.00 GB reserved,       4.62 MB ( <1%) committed,  1 nodes.
             Both:        1.06 GB reserved,      44.12 MB (  4%) committed. 

Chunk freelists:
   Non-Class:  8.08 MB
       Class:  11.19 MB
        Both:  19.27 MB

MaxMetaspaceSize: unlimited
CompressedClassSpaceSize: 1.00 GB
Initial GC threshold: 21.00 MB
Current GC threshold: 58.38 MB
CDS: on
 - commit_granule_bytes: 65536.
 - commit_granule_words: 8192.
 - virtual_space_node_default_size: 8388608.
 - enlarge_chunks_in_place: 1.
 - use_allocation_guard: 0.


Internal statistics:

num_allocs_failed_limit: 6.
num_arena_births: 1148.
num_arena_deaths: 198.
num_vsnodes_births: 2.
num_vsnodes_deaths: 0.
num_space_committed: 706.
num_space_uncommitted: 0.
num_chunks_returned_to_freelist: 278.
num_chunks_taken_from_freelist: 3238.
num_chunk_merges: 110.
num_chunk_splits: 1929.
num_chunks_enlarged: 1074.
num_inconsistent_stats: 0.

CodeHeap 'non-profiled nmethods': size=119168Kb used=4642Kb max_used=4642Kb free=114526Kb
 bounds [0x00000251cbeb0000, 0x00000251cc340000, 0x00000251d3310000]
CodeHeap 'profiled nmethods': size=119104Kb used=16468Kb max_used=16468Kb free=102635Kb
 bounds [0x00000251c4310000, 0x00000251c5330000, 0x00000251cb760000]
CodeHeap 'non-nmethods': size=7488Kb used=3102Kb max_used=3204Kb free=4385Kb
 bounds [0x00000251cb760000, 0x00000251cba90000, 0x00000251cbeb0000]
 total_blobs=7649 nmethods=6926 adapters=624
 compilation: enabled
              stopped_count=0, restarted_count=0
 full_count=0

Compilation events (20 events):
Event: 5.944 Thread 0x000002521931f0c0 nmethod 7218 0x00000251cc2fa590 code [0x00000251cc2fa720, 0x00000251cc2fa7d8]
Event: 5.944 Thread 0x000002521931f0c0 6856   !   4       lombok.eclipse.EclipseAST::$SWITCH_TABLE$lombok$core$AST$Kind (157 bytes)
Event: 5.944 Thread 0x000002521931f0c0 nmethod 6856 0x00000251cc2fa890 code [0x00000251cc2faa20, 0x00000251cc2faab8]
Event: 5.944 Thread 0x000002521931f0c0 6854       4       lombok.eclipse.EclipseAST::buildTree (183 bytes)
Event: 5.947 Thread 0x000002521931f0c0 nmethod 6854 0x00000251cc2fab90 code [0x00000251cc2fada0, 0x00000251cc2fb130]
Event: 5.947 Thread 0x000002521931f0c0 6804       4       org.eclipse.jdt.internal.core.JavaElement::getJavaProject (5 bytes)
Event: 5.947 Thread 0x000002521931f0c0 nmethod 6804 0x00000251cc2fb490 code [0x00000251cc2fb620, 0x00000251cc2fb6d0]
Event: 5.947 Thread 0x000002521931f0c0 6805       4       lombok.launch.PatchFixesHider$Delegate::isDelegateSourceMethod (21 bytes)
Event: 5.953 Thread 0x000002521931f0c0 nmethod 6805 0x00000251cc2fb790 code [0x00000251cc2fba00, 0x00000251cc2fc050]
Event: 5.953 Thread 0x000002521931f0c0 6991       4       org.eclipse.jdt.internal.compiler.env.ITypeAnnotationWalker$1::toMethodParameter (2 bytes)
Event: 5.953 Thread 0x000002521931f0c0 nmethod 6991 0x00000251cc2fc710 code [0x00000251cc2fc8a0, 0x00000251cc2fc928]
Event: 5.953 Thread 0x000002521931f0c0 7076       4       org.eclipse.jdt.internal.compiler.env.ITypeAnnotationWalker$1::toReceiver (2 bytes)
Event: 5.953 Thread 0x000002521931f0c0 nmethod 7076 0x00000251cc2fca10 code [0x00000251cc2fcba0, 0x00000251cc2fcc28]
Event: 5.953 Thread 0x000002521931f0c0 7087       4       org.eclipse.jdt.internal.compiler.lookup.Scope::referenceCompilationUnit (8 bytes)
Event: 5.954 Thread 0x000002521931f0c0 nmethod 7087 0x00000251cc2fcd10 code [0x00000251cc2fcea0, 0x00000251cc2fcf48]
Event: 5.976 Thread 0x0000025217c335f0 nmethod 7192 0x00000251cc2fd010 code [0x00000251cc2fd480, 0x00000251cc2ffc78]
Event: 5.977 Thread 0x0000025217c58a30 nmethod 7185 0x00000251cc301310 code [0x00000251cc3018a0, 0x00000251cc305070]
Event: 5.983 Thread 0x0000025219322070 nmethod 6806 0x00000251cc309e90 code [0x00000251cc30a660, 0x00000251cc311b30]
Event: 6.072 Thread 0x0000025219322e10 nmethod 6503 0x00000251cc315990 code [0x00000251cc316420, 0x00000251cc31f730]
Event: 6.174 Thread 0x0000025217c57c90 nmethod 6312 0x00000251cc325c90 code [0x00000251cc326e40, 0x00000251cc331650]

GC Heap History (20 events):
Event: 3.707 GC heap before
{Heap before GC invocations=17 (full 1):
 PSYoungGen      total 24064K, used 23823K [0x00000000eab00000, 0x00000000ec500000, 0x0000000100000000)
  eden space 21504K, 99% used [0x00000000eab00000,0x00000000ebff5c98,0x00000000ec000000)
  from space 2560K, 92% used [0x00000000ec080000,0x00000000ec2ce200,0x00000000ec300000)
  to   space 2048K, 0% used [0x00000000ec300000,0x00000000ec300000,0x00000000ec500000)
 ParOldGen       total 68608K, used 27221K [0x00000000c0000000, 0x00000000c4300000, 0x00000000eab00000)
  object space 68608K, 39% used [0x00000000c0000000,0x00000000c1a954c8,0x00000000c4300000)
 Metaspace       used 34755K, committed 35840K, reserved 1114112K
  class space    used 3441K, committed 3904K, reserved 1048576K
}
Event: 3.709 GC heap after
{Heap after GC invocations=17 (full 1):
 PSYoungGen      total 23040K, used 1268K [0x00000000eab00000, 0x00000000ec480000, 0x0000000100000000)
  eden space 21504K, 0% used [0x00000000eab00000,0x00000000eab00000,0x00000000ec000000)
  from space 1536K, 82% used [0x00000000ec300000,0x00000000ec43d3c8,0x00000000ec480000)
  to   space 2048K, 0% used [0x00000000ec080000,0x00000000ec080000,0x00000000ec280000)
 ParOldGen       total 68608K, used 29426K [0x00000000c0000000, 0x00000000c4300000, 0x00000000eab00000)
  object space 68608K, 42% used [0x00000000c0000000,0x00000000c1cbca20,0x00000000c4300000)
 Metaspace       used 34755K, committed 35840K, reserved 1114112K
  class space    used 3441K, committed 3904K, reserved 1048576K
}
Event: 3.774 GC heap before
{Heap before GC invocations=18 (full 1):
 PSYoungGen      total 23040K, used 6860K [0x00000000eab00000, 0x00000000ec480000, 0x0000000100000000)
  eden space 21504K, 26% used [0x00000000eab00000,0x00000000eb075cd8,0x00000000ec000000)
  from space 1536K, 82% used [0x00000000ec300000,0x00000000ec43d3c8,0x00000000ec480000)
  to   space 2048K, 0% used [0x00000000ec080000,0x00000000ec080000,0x00000000ec280000)
 ParOldGen       total 68608K, used 29426K [0x00000000c0000000, 0x00000000c4300000, 0x00000000eab00000)
  object space 68608K, 42% used [0x00000000c0000000,0x00000000c1cbca20,0x00000000c4300000)
 Metaspace       used 34831K, committed 35840K, reserved 1114112K
  class space    used 3472K, committed 3904K, reserved 1048576K
}
Event: 3.775 GC heap after
{Heap after GC invocations=18 (full 1):
 PSYoungGen      total 23552K, used 288K [0x00000000eab00000, 0x00000000ec380000, 0x0000000100000000)
  eden space 21504K, 0% used [0x00000000eab00000,0x00000000eab00000,0x00000000ec000000)
  from space 2048K, 14% used [0x00000000ec080000,0x00000000ec0c8010,0x00000000ec280000)
  to   space 1024K, 0% used [0x00000000ec280000,0x00000000ec280000,0x00000000ec380000)
 ParOldGen       total 68608K, used 30617K [0x00000000c0000000, 0x00000000c4300000, 0x00000000eab00000)
  object space 68608K, 44% used [0x00000000c0000000,0x00000000c1de6758,0x00000000c4300000)
 Metaspace       used 34831K, committed 35840K, reserved 1114112K
  class space    used 3472K, committed 3904K, reserved 1048576K
}
Event: 3.775 GC heap before
{Heap before GC invocations=19 (full 2):
 PSYoungGen      total 23552K, used 288K [0x00000000eab00000, 0x00000000ec380000, 0x0000000100000000)
  eden space 21504K, 0% used [0x00000000eab00000,0x00000000eab00000,0x00000000ec000000)
  from space 2048K, 14% used [0x00000000ec080000,0x00000000ec0c8010,0x00000000ec280000)
  to   space 1024K, 0% used [0x00000000ec280000,0x00000000ec280000,0x00000000ec380000)
 ParOldGen       total 68608K, used 30617K [0x00000000c0000000, 0x00000000c4300000, 0x00000000eab00000)
  object space 68608K, 44% used [0x00000000c0000000,0x00000000c1de6758,0x00000000c4300000)
 Metaspace       used 34831K, committed 35840K, reserved 1114112K
  class space    used 3472K, committed 3904K, reserved 1048576K
}
Event: 3.819 GC heap after
{Heap after GC invocations=19 (full 2):
 PSYoungGen      total 23552K, used 0K [0x00000000eab00000, 0x00000000ec380000, 0x0000000100000000)
  eden space 21504K, 0% used [0x00000000eab00000,0x00000000eab00000,0x00000000ec000000)
  from space 2048K, 0% used [0x00000000ec080000,0x00000000ec080000,0x00000000ec280000)
  to   space 1024K, 0% used [0x00000000ec280000,0x00000000ec280000,0x00000000ec380000)
 ParOldGen       total 68608K, used 28898K [0x00000000c0000000, 0x00000000c4300000, 0x00000000eab00000)
  object space 68608K, 42% used [0x00000000c0000000,0x00000000c1c38b90,0x00000000c4300000)
 Metaspace       used 34670K, committed 35840K, reserved 1114112K
  class space    used 3427K, committed 3904K, reserved 1048576K
}
Event: 4.176 GC heap before
{Heap before GC invocations=20 (full 2):
 PSYoungGen      total 23552K, used 21504K [0x00000000eab00000, 0x00000000ec380000, 0x0000000100000000)
  eden space 21504K, 100% used [0x00000000eab00000,0x00000000ec000000,0x00000000ec000000)
  from space 2048K, 0% used [0x00000000ec080000,0x00000000ec080000,0x00000000ec280000)
  to   space 1024K, 0% used [0x00000000ec280000,0x00000000ec280000,0x00000000ec380000)
 ParOldGen       total 68608K, used 28898K [0x00000000c0000000, 0x00000000c4300000, 0x00000000eab00000)
  object space 68608K, 42% used [0x00000000c0000000,0x00000000c1c38b90,0x00000000c4300000)
 Metaspace       used 36198K, committed 37184K, reserved 1114112K
  class space    used 3565K, committed 3968K, reserved 1048576K
}
Event: 4.177 GC heap after
{Heap after GC invocations=20 (full 2):
 PSYoungGen      total 22528K, used 800K [0x00000000eab00000, 0x00000000ec380000, 0x0000000100000000)
  eden space 21504K, 0% used [0x00000000eab00000,0x00000000eab00000,0x00000000ec000000)
  from space 1024K, 78% used [0x00000000ec280000,0x00000000ec348020,0x00000000ec380000)
  to   space 1024K, 0% used [0x00000000ec180000,0x00000000ec180000,0x00000000ec280000)
 ParOldGen       total 68608K, used 28906K [0x00000000c0000000, 0x00000000c4300000, 0x00000000eab00000)
  object space 68608K, 42% used [0x00000000c0000000,0x00000000c1c3ab90,0x00000000c4300000)
 Metaspace       used 36198K, committed 37184K, reserved 1114112K
  class space    used 3565K, committed 3968K, reserved 1048576K
}
Event: 4.282 GC heap before
{Heap before GC invocations=21 (full 2):
 PSYoungGen      total 22528K, used 22304K [0x00000000eab00000, 0x00000000ec380000, 0x0000000100000000)
  eden space 21504K, 100% used [0x00000000eab00000,0x00000000ec000000,0x00000000ec000000)
  from space 1024K, 78% used [0x00000000ec280000,0x00000000ec348020,0x00000000ec380000)
  to   space 1024K, 0% used [0x00000000ec180000,0x00000000ec180000,0x00000000ec280000)
 ParOldGen       total 68608K, used 28906K [0x00000000c0000000, 0x00000000c4300000, 0x00000000eab00000)
  object space 68608K, 42% used [0x00000000c0000000,0x00000000c1c3ab90,0x00000000c4300000)
 Metaspace       used 36520K, committed 37440K, reserved 1114112K
  class space    used 3592K, committed 3968K, reserved 1048576K
}
Event: 4.284 GC heap after
{Heap after GC invocations=21 (full 2):
 PSYoungGen      total 22528K, used 992K [0x00000000eab00000, 0x00000000ec400000, 0x0000000100000000)
  eden space 21504K, 0% used [0x00000000eab00000,0x00000000eab00000,0x00000000ec000000)
  from space 1024K, 96% used [0x00000000ec180000,0x00000000ec2781f8,0x00000000ec280000)
  to   space 1536K, 0% used [0x00000000ec280000,0x00000000ec280000,0x00000000ec400000)
 ParOldGen       total 68608K, used 29410K [0x00000000c0000000, 0x00000000c4300000, 0x00000000eab00000)
  object space 68608K, 42% used [0x00000000c0000000,0x00000000c1cb8b90,0x00000000c4300000)
 Metaspace       used 36520K, committed 37440K, reserved 1114112K
  class space    used 3592K, committed 3968K, reserved 1048576K
}
Event: 4.427 GC heap before
{Heap before GC invocations=22 (full 2):
 PSYoungGen      total 22528K, used 22492K [0x00000000eab00000, 0x00000000ec400000, 0x0000000100000000)
  eden space 21504K, 99% used [0x00000000eab00000,0x00000000ebfff0e8,0x00000000ec000000)
  from space 1024K, 96% used [0x00000000ec180000,0x00000000ec2781f8,0x00000000ec280000)
  to   space 1536K, 0% used [0x00000000ec280000,0x00000000ec280000,0x00000000ec400000)
 ParOldGen       total 68608K, used 29410K [0x00000000c0000000, 0x00000000c4300000, 0x00000000eab00000)
  object space 68608K, 42% used [0x00000000c0000000,0x00000000c1cb8b90,0x00000000c4300000)
 Metaspace       used 37822K, committed 38720K, reserved 1114112K
  class space    used 3717K, committed 4096K, reserved 1048576K
}
Event: 4.428 GC heap after
{Heap after GC invocations=22 (full 2):
 PSYoungGen      total 22528K, used 891K [0x00000000eab00000, 0x00000000ec380000, 0x0000000100000000)
  eden space 21504K, 0% used [0x00000000eab00000,0x00000000eab00000,0x00000000ec000000)
  from space 1024K, 87% used [0x00000000ec280000,0x00000000ec35ec00,0x00000000ec380000)
  to   space 1536K, 0% used [0x00000000ec080000,0x00000000ec080000,0x00000000ec200000)
 ParOldGen       total 68608K, used 29570K [0x00000000c0000000, 0x00000000c4300000, 0x00000000eab00000)
  object space 68608K, 43% used [0x00000000c0000000,0x00000000c1ce0b90,0x00000000c4300000)
 Metaspace       used 37822K, committed 38720K, reserved 1114112K
  class space    used 3717K, committed 4096K, reserved 1048576K
}
Event: 5.108 GC heap before
{Heap before GC invocations=23 (full 2):
 PSYoungGen      total 22528K, used 22395K [0x00000000eab00000, 0x00000000ec380000, 0x0000000100000000)
  eden space 21504K, 100% used [0x00000000eab00000,0x00000000ec000000,0x00000000ec000000)
  from space 1024K, 87% used [0x00000000ec280000,0x00000000ec35ec00,0x00000000ec380000)
  to   space 1536K, 0% used [0x00000000ec080000,0x00000000ec080000,0x00000000ec200000)
 ParOldGen       total 68608K, used 29570K [0x00000000c0000000, 0x00000000c4300000, 0x00000000eab00000)
  object space 68608K, 43% used [0x00000000c0000000,0x00000000c1ce0b90,0x00000000c4300000)
 Metaspace       used 39443K, committed 40448K, reserved 1114112K
  class space    used 3878K, committed 4288K, reserved 1048576K
}
Event: 5.109 GC heap after
{Heap after GC invocations=23 (full 2):
 PSYoungGen      total 23040K, used 1170K [0x00000000eab00000, 0x00000000ec300000, 0x0000000100000000)
  eden space 21504K, 0% used [0x00000000eab00000,0x00000000eab00000,0x00000000ec000000)
  from space 1536K, 76% used [0x00000000ec080000,0x00000000ec1a4870,0x00000000ec200000)
  to   space 1024K, 0% used [0x00000000ec200000,0x00000000ec200000,0x00000000ec300000)
 ParOldGen       total 68608K, used 29906K [0x00000000c0000000, 0x00000000c4300000, 0x00000000eab00000)
  object space 68608K, 43% used [0x00000000c0000000,0x00000000c1d34b90,0x00000000c4300000)
 Metaspace       used 39443K, committed 40448K, reserved 1114112K
  class space    used 3878K, committed 4288K, reserved 1048576K
}
Event: 5.424 GC heap before
{Heap before GC invocations=24 (full 2):
 PSYoungGen      total 23040K, used 22674K [0x00000000eab00000, 0x00000000ec300000, 0x0000000100000000)
  eden space 21504K, 100% used [0x00000000eab00000,0x00000000ec000000,0x00000000ec000000)
  from space 1536K, 76% used [0x00000000ec080000,0x00000000ec1a4870,0x00000000ec200000)
  to   space 1024K, 0% used [0x00000000ec200000,0x00000000ec200000,0x00000000ec300000)
 ParOldGen       total 68608K, used 29906K [0x00000000c0000000, 0x00000000c4300000, 0x00000000eab00000)
  object space 68608K, 43% used [0x00000000c0000000,0x00000000c1d34b90,0x00000000c4300000)
 Metaspace       used 41181K, committed 42240K, reserved 1114112K
  class space    used 4054K, committed 4544K, reserved 1048576K
}
Event: 5.426 GC heap after
{Heap after GC invocations=24 (full 2):
 PSYoungGen      total 21504K, used 1006K [0x00000000eab00000, 0x00000000ec600000, 0x0000000100000000)
  eden space 20480K, 0% used [0x00000000eab00000,0x00000000eab00000,0x00000000ebf00000)
  from space 1024K, 98% used [0x00000000ec200000,0x00000000ec2fba60,0x00000000ec300000)
  to   space 3072K, 0% used [0x00000000ebf00000,0x00000000ebf00000,0x00000000ec200000)
 ParOldGen       total 68608K, used 31483K [0x00000000c0000000, 0x00000000c4300000, 0x00000000eab00000)
  object space 68608K, 45% used [0x00000000c0000000,0x00000000c1ebeff8,0x00000000c4300000)
 Metaspace       used 41181K, committed 42240K, reserved 1114112K
  class space    used 4054K, committed 4544K, reserved 1048576K
}
Event: 5.665 GC heap before
{Heap before GC invocations=25 (full 2):
 PSYoungGen      total 21504K, used 21486K [0x00000000eab00000, 0x00000000ec600000, 0x0000000100000000)
  eden space 20480K, 100% used [0x00000000eab00000,0x00000000ebf00000,0x00000000ebf00000)
  from space 1024K, 98% used [0x00000000ec200000,0x00000000ec2fba60,0x00000000ec300000)
  to   space 3072K, 0% used [0x00000000ebf00000,0x00000000ebf00000,0x00000000ec200000)
 ParOldGen       total 68608K, used 31483K [0x00000000c0000000, 0x00000000c4300000, 0x00000000eab00000)
  object space 68608K, 45% used [0x00000000c0000000,0x00000000c1ebeff8,0x00000000c4300000)
 Metaspace       used 42485K, committed 43584K, reserved 1114112K
  class space    used 4161K, committed 4672K, reserved 1048576K
}
Event: 5.667 GC heap after
{Heap after GC invocations=25 (full 2):
 PSYoungGen      total 22528K, used 1944K [0x00000000eab00000, 0x00000000ec400000, 0x0000000100000000)
  eden space 20480K, 0% used [0x00000000eab00000,0x00000000eab00000,0x00000000ebf00000)
  from space 2048K, 94% used [0x00000000ebf00000,0x00000000ec0e6018,0x00000000ec100000)
  to   space 2560K, 0% used [0x00000000ec180000,0x00000000ec180000,0x00000000ec400000)
 ParOldGen       total 68608K, used 32469K [0x00000000c0000000, 0x00000000c4300000, 0x00000000eab00000)
  object space 68608K, 47% used [0x00000000c0000000,0x00000000c1fb5748,0x00000000c4300000)
 Metaspace       used 42485K, committed 43584K, reserved 1114112K
  class space    used 4161K, committed 4672K, reserved 1048576K
}
Event: 5.828 GC heap before
{Heap before GC invocations=26 (full 2):
 PSYoungGen      total 22528K, used 22424K [0x00000000eab00000, 0x00000000ec400000, 0x0000000100000000)
  eden space 20480K, 100% used [0x00000000eab00000,0x00000000ebf00000,0x00000000ebf00000)
  from space 2048K, 94% used [0x00000000ebf00000,0x00000000ec0e6018,0x00000000ec100000)
  to   space 2560K, 0% used [0x00000000ec180000,0x00000000ec180000,0x00000000ec400000)
 ParOldGen       total 68608K, used 32469K [0x00000000c0000000, 0x00000000c4300000, 0x00000000eab00000)
  object space 68608K, 47% used [0x00000000c0000000,0x00000000c1fb5748,0x00000000c4300000)
 Metaspace       used 43784K, committed 44928K, reserved 1114112K
  class space    used 4241K, committed 4736K, reserved 1048576K
}
Event: 5.830 GC heap after
{Heap after GC invocations=26 (full 2):
 PSYoungGen      total 22016K, used 1424K [0x00000000eab00000, 0x00000000ec300000, 0x0000000100000000)
  eden space 20480K, 0% used [0x00000000eab00000,0x00000000eab00000,0x00000000ebf00000)
  from space 1536K, 92% used [0x00000000ec180000,0x00000000ec2e4030,0x00000000ec300000)
  to   space 2048K, 0% used [0x00000000ebf00000,0x00000000ebf00000,0x00000000ec100000)
 ParOldGen       total 68608K, used 34194K [0x00000000c0000000, 0x00000000c4300000, 0x00000000eab00000)
  object space 68608K, 49% used [0x00000000c0000000,0x00000000c21648b0,0x00000000c4300000)
 Metaspace       used 43784K, committed 44928K, reserved 1114112K
  class space    used 4241K, committed 4736K, reserved 1048576K
}

Dll operation events (10 events):
Event: 0.010 Loaded shared library c:\Users\ASUS\.vscode\extensions\redhat.java-1.40.0-win32-x64\jre\21.0.6-win32-x86_64\bin\java.dll
Event: 0.067 Loaded shared library c:\Users\ASUS\.vscode\extensions\redhat.java-1.40.0-win32-x64\jre\21.0.6-win32-x86_64\bin\zip.dll
Event: 0.082 Loaded shared library C:\Users\ASUS\.vscode\extensions\redhat.java-1.40.0-win32-x64\jre\21.0.6-win32-x86_64\bin\instrument.dll
Event: 0.087 Loaded shared library C:\Users\ASUS\.vscode\extensions\redhat.java-1.40.0-win32-x64\jre\21.0.6-win32-x86_64\bin\net.dll
Event: 0.090 Loaded shared library C:\Users\ASUS\.vscode\extensions\redhat.java-1.40.0-win32-x64\jre\21.0.6-win32-x86_64\bin\nio.dll
Event: 0.093 Loaded shared library C:\Users\ASUS\.vscode\extensions\redhat.java-1.40.0-win32-x64\jre\21.0.6-win32-x86_64\bin\zip.dll
Event: 0.107 Loaded shared library C:\Users\ASUS\.vscode\extensions\redhat.java-1.40.0-win32-x64\jre\21.0.6-win32-x86_64\bin\jimage.dll
Event: 0.177 Loaded shared library c:\Users\ASUS\.vscode\extensions\redhat.java-1.40.0-win32-x64\jre\21.0.6-win32-x86_64\bin\verify.dll
Event: 1.099 Loaded shared library C:\Users\ASUS\AppData\Roaming\Code\User\globalStorage\redhat.java\1.40.0\config_ss_win\org.eclipse.equinox.launcher\org.eclipse.equinox.launcher.win32.win32.x86_64_1.2.1200.v20250212-0927\eclipse_11909.dll
Event: 1.691 Loaded shared library C:\Users\ASUS\AppData\Local\Temp\jna-2018896\jna1236185045956228535.dll

Deoptimization events (20 events):
Event: 5.854 Thread 0x000002521e75c4c0 DEOPT PACKING pc=0x00000251cc2a3a90 sp=0x0000009bde9fea30
Event: 5.854 Thread 0x000002521e75c4c0 DEOPT UNPACKING pc=0x00000251cb7b3aa2 sp=0x0000009bde9fe9d0 mode 2
Event: 5.860 Thread 0x000002521e75c4c0 DEOPT PACKING pc=0x00000251c4f8184f sp=0x0000009bde9fc2a0
Event: 5.860 Thread 0x000002521e75c4c0 DEOPT UNPACKING pc=0x00000251cb7b4242 sp=0x0000009bde9fb7b8 mode 0
Event: 5.865 Thread 0x000002521e75c4c0 DEOPT PACKING pc=0x00000251c4f8184f sp=0x0000009bde9fbfb0
Event: 5.865 Thread 0x000002521e75c4c0 DEOPT UNPACKING pc=0x00000251cb7b4242 sp=0x0000009bde9fb4c8 mode 0
Event: 5.885 Thread 0x000002521e75c4c0 DEOPT PACKING pc=0x00000251c5238f92 sp=0x0000009bde9fde90
Event: 5.885 Thread 0x000002521e75c4c0 DEOPT UNPACKING pc=0x00000251cb7b4242 sp=0x0000009bde9fd338 mode 0
Event: 5.885 Thread 0x000002521e75c4c0 Uncommon trap: trap_request=0xffffffd6 fr.pc=0x00000251cc2defa0 relative=0x00000000000003c0
Event: 5.885 Thread 0x000002521e75c4c0 Uncommon trap: reason=array_check action=maybe_recompile pc=0x00000251cc2defa0 method=java.util.TimSort.binarySort([Ljava/lang/Object;IIILjava/util/Comparator;)V @ 215 c2
Event: 5.885 Thread 0x000002521e75c4c0 DEOPT PACKING pc=0x00000251cc2defa0 sp=0x0000009bde9fdd50
Event: 5.885 Thread 0x000002521e75c4c0 DEOPT UNPACKING pc=0x00000251cb7b3aa2 sp=0x0000009bde9fdce8 mode 2
Event: 5.886 Thread 0x000002521e75c4c0 Uncommon trap: trap_request=0xffffffd6 fr.pc=0x00000251cc2df0fc relative=0x000000000000051c
Event: 5.886 Thread 0x000002521e75c4c0 Uncommon trap: reason=array_check action=maybe_recompile pc=0x00000251cc2df0fc method=java.util.TimSort.binarySort([Ljava/lang/Object;IIILjava/util/Comparator;)V @ 193 c2
Event: 5.886 Thread 0x000002521e75c4c0 DEOPT PACKING pc=0x00000251cc2df0fc sp=0x0000009bde9fe900
Event: 5.886 Thread 0x000002521e75c4c0 DEOPT UNPACKING pc=0x00000251cb7b3aa2 sp=0x0000009bde9fe898 mode 2
Event: 5.886 Thread 0x000002521e75c4c0 Uncommon trap: trap_request=0xffffffd6 fr.pc=0x00000251cc2defa0 relative=0x00000000000003c0
Event: 5.886 Thread 0x000002521e75c4c0 Uncommon trap: reason=array_check action=maybe_recompile pc=0x00000251cc2defa0 method=java.util.TimSort.binarySort([Ljava/lang/Object;IIILjava/util/Comparator;)V @ 215 c2
Event: 5.886 Thread 0x000002521e75c4c0 DEOPT PACKING pc=0x00000251cc2defa0 sp=0x0000009bde9fe900
Event: 5.886 Thread 0x000002521e75c4c0 DEOPT UNPACKING pc=0x00000251cb7b3aa2 sp=0x0000009bde9fe898 mode 2

Classes loaded (20 events):
Event: 5.153 Loading class java/util/stream/MatchOps$BooleanTerminalSink
Event: 5.153 Loading class java/util/stream/MatchOps$BooleanTerminalSink done
Event: 5.154 Loading class java/util/stream/MatchOps$1MatchSink
Event: 5.154 Loading class java/util/stream/MatchOps$1MatchSink done
Event: 5.216 Loading class java/util/stream/ReduceOps$4
Event: 5.217 Loading class java/util/stream/ReduceOps$4 done
Event: 5.217 Loading class java/util/stream/ReduceOps$4ReducingSink
Event: 5.217 Loading class java/util/stream/ReduceOps$4ReducingSink done
Event: 5.363 Loading class java/util/regex/Pattern$Pos
Event: 5.363 Loading class java/util/regex/Pattern$Pos done
Event: 5.584 Loading class java/util/stream/Streams$ConcatSpliterator$OfRef
Event: 5.585 Loading class java/util/stream/Streams$ConcatSpliterator
Event: 5.585 Loading class java/util/stream/Streams$ConcatSpliterator done
Event: 5.585 Loading class java/util/stream/Streams$ConcatSpliterator$OfRef done
Event: 5.585 Loading class java/util/stream/Streams$2
Event: 5.585 Loading class java/util/stream/Streams$2 done
Event: 5.725 Loading class java/util/concurrent/ConcurrentHashMap$TreeNode
Event: 5.725 Loading class java/util/concurrent/ConcurrentHashMap$TreeNode done
Event: 5.726 Loading class java/util/concurrent/ConcurrentHashMap$TreeBin
Event: 5.726 Loading class java/util/concurrent/ConcurrentHashMap$TreeBin done

Classes unloaded (20 events):
Event: 3.781 Thread 0x00000251d54f4b20 Unloading class 0x00000251d735d400 'java/lang/invoke/LambdaForm$MH+0x00000251d735d400'
Event: 3.781 Thread 0x00000251d54f4b20 Unloading class 0x00000251d735d000 'java/lang/invoke/LambdaForm$MH+0x00000251d735d000'
Event: 3.781 Thread 0x00000251d54f4b20 Unloading class 0x00000251d735cc00 'java/lang/invoke/LambdaForm$MH+0x00000251d735cc00'
Event: 3.781 Thread 0x00000251d54f4b20 Unloading class 0x00000251d735c800 'java/lang/invoke/LambdaForm$MH+0x00000251d735c800'
Event: 3.781 Thread 0x00000251d54f4b20 Unloading class 0x00000251d735c000 'java/lang/invoke/LambdaForm$MH+0x00000251d735c000'
Event: 3.781 Thread 0x00000251d54f4b20 Unloading class 0x00000251d735bc00 'java/lang/invoke/LambdaForm$MH+0x00000251d735bc00'
Event: 3.781 Thread 0x00000251d54f4b20 Unloading class 0x00000251d735b800 'java/lang/invoke/LambdaForm$MH+0x00000251d735b800'
Event: 3.781 Thread 0x00000251d54f4b20 Unloading class 0x00000251d735b400 'java/lang/invoke/LambdaForm$MH+0x00000251d735b400'
Event: 3.781 Thread 0x00000251d54f4b20 Unloading class 0x00000251d735ac00 'java/lang/invoke/LambdaForm$MH+0x00000251d735ac00'
Event: 3.781 Thread 0x00000251d54f4b20 Unloading class 0x00000251d735a800 'java/lang/invoke/LambdaForm$MH+0x00000251d735a800'
Event: 3.781 Thread 0x00000251d54f4b20 Unloading class 0x00000251d735a400 'java/lang/invoke/LambdaForm$MH+0x00000251d735a400'
Event: 3.781 Thread 0x00000251d54f4b20 Unloading class 0x00000251d735a000 'java/lang/invoke/LambdaForm$MH+0x00000251d735a000'
Event: 3.781 Thread 0x00000251d54f4b20 Unloading class 0x00000251d7359c00 'java/lang/invoke/LambdaForm$MH+0x00000251d7359c00'
Event: 3.781 Thread 0x00000251d54f4b20 Unloading class 0x00000251d7359800 'java/lang/invoke/LambdaForm$MH+0x00000251d7359800'
Event: 3.781 Thread 0x00000251d54f4b20 Unloading class 0x00000251d7359400 'java/lang/invoke/LambdaForm$MH+0x00000251d7359400'
Event: 3.781 Thread 0x00000251d54f4b20 Unloading class 0x00000251d7359000 'java/lang/invoke/LambdaForm$MH+0x00000251d7359000'
Event: 3.781 Thread 0x00000251d54f4b20 Unloading class 0x00000251d7358800 'java/lang/invoke/LambdaForm$DMH+0x00000251d7358800'
Event: 3.781 Thread 0x00000251d54f4b20 Unloading class 0x00000251d7358400 'java/lang/invoke/LambdaForm$DMH+0x00000251d7358400'
Event: 3.781 Thread 0x00000251d54f4b20 Unloading class 0x00000251d7358000 'java/lang/invoke/LambdaForm$DMH+0x00000251d7358000'
Event: 3.781 Thread 0x00000251d54f4b20 Unloading class 0x00000251d7351c00 'java/lang/invoke/LambdaForm$DMH+0x00000251d7351c00'

Classes redefined (0 events):
No events

Internal exceptions (20 events):
Event: 4.507 Thread 0x00000252203dc460 Exception <a 'java/lang/NoSuchMethodError'{0x00000000eb102230}: 'java.lang.Object java.lang.invoke.Invokers$Holder.linkToTargetMethod(java.lang.Object, java.lang.Object, java.lang.Object, int, java.lang.Object)'> (0x00000000eb102230) 
thrown [s\src\hotspot\share\interpreter\linkResolver.cpp, line 773]
Event: 4.508 Thread 0x00000252203e3a80 Exception <a 'java/lang/NoSuchMethodError'{0x00000000eb1082e8}: 'java.lang.Object java.lang.invoke.Invokers$Holder.linkToTargetMethod(java.lang.Object, java.lang.Object, java.lang.Object, int, java.lang.Object)'> (0x00000000eb1082e8) 
thrown [s\src\hotspot\share\interpreter\linkResolver.cpp, line 773]
Event: 4.664 Thread 0x00000252203e1320 Exception <a 'java/lang/IncompatibleClassChangeError'{0x00000000eb8e1e50}: Found class java.lang.Object, but interface was expected> (0x00000000eb8e1e50) 
thrown [s\src\hotspot\share\interpreter\linkResolver.cpp, line 840]
Event: 4.670 Thread 0x00000252203e1320 Exception <a 'java/lang/IncompatibleClassChangeError'{0x00000000eb926638}: Found class java.lang.Object, but interface was expected> (0x00000000eb926638) 
thrown [s\src\hotspot\share\interpreter\linkResolver.cpp, line 840]
Event: 5.094 Thread 0x000002521e75c4c0 Exception <a 'java/lang/NoSuchMethodError'{0x00000000ebe67260}: 'java.lang.Object java.lang.invoke.DirectMethodHandle$Holder.invokeSpecial(java.lang.Object, java.lang.Object, int, long)'> (0x00000000ebe67260) 
thrown [s\src\hotspot\share\interpreter\linkResolver.cpp, line 773]
Event: 5.104 Thread 0x00000252203dcaf0 Exception <a 'java/lang/ArrayIndexOutOfBoundsException'{0x00000000ebf69098}> (0x00000000ebf69098) 
thrown [s\src\hotspot\share\runtime\sharedRuntime.cpp, line 625]
Event: 5.133 Thread 0x00000252203dd180 Exception <a 'java/lang/NoSuchMethodError'{0x00000000eabe43b0}: 'int java.lang.invoke.Invokers$Holder.invokeExact_MT(java.lang.Object, java.lang.Object)'> (0x00000000eabe43b0) 
thrown [s\src\hotspot\share\interpreter\linkResolver.cpp, line 773]
Event: 5.172 Thread 0x00000252203dd180 Exception <a 'java/lang/NoSuchMethodError'{0x00000000eae4dc70}: 'int java.lang.invoke.DirectMethodHandle$Holder.invokeInterface(java.lang.Object, java.lang.Object)'> (0x00000000eae4dc70) 
thrown [s\src\hotspot\share\interpreter\linkResolver.cpp, line 773]
Event: 5.173 Thread 0x00000252203dd180 Exception <a 'java/lang/IncompatibleClassChangeError'{0x00000000eae50f30}: Found class java.lang.Object, but interface was expected> (0x00000000eae50f30) 
thrown [s\src\hotspot\share\interpreter\linkResolver.cpp, line 840]
Event: 5.220 Thread 0x00000252203dd180 Exception <a 'java/lang/NoSuchMethodError'{0x00000000eb1587a0}: 'int java.lang.invoke.DirectMethodHandle$Holder.invokeSpecialIFC(java.lang.Object, java.lang.Object, java.lang.Object)'> (0x00000000eb1587a0) 
thrown [s\src\hotspot\share\interpreter\linkResolver.cpp, line 773]
Event: 5.225 Thread 0x00000252203dd180 Implicit null exception at 0x00000251cc21428f to 0x00000251cc214e78
Event: 5.230 Thread 0x00000252203dd180 Exception <a 'java/io/FileNotFoundException'{0x00000000eb20cf60}> (0x00000000eb20cf60) 
thrown [s\src\hotspot\share\prims\jni.cpp, line 520]
Event: 5.230 Thread 0x00000252203dd180 Exception <a 'java/io/FileNotFoundException'{0x00000000eb20df58}> (0x00000000eb20df58) 
thrown [s\src\hotspot\share\prims\jni.cpp, line 520]
Event: 5.231 Thread 0x00000252203dd180 Implicit null exception at 0x00000251cc219520 to 0x00000251cc219ee0
Event: 5.451 Thread 0x00000252203dd180 Exception <a 'java/lang/NoSuchMethodError'{0x00000000ead442b8}: 'java.lang.Object java.lang.invoke.DirectMethodHandle$Holder.invokeStatic(java.lang.Object, java.lang.Object, int, int)'> (0x00000000ead442b8) 
thrown [s\src\hotspot\share\interpreter\linkResolver.cpp, line 773]
Event: 5.452 Thread 0x00000252203dd180 Exception <a 'java/lang/NoSuchMethodError'{0x00000000ead485c8}: 'java.lang.Object java.lang.invoke.DirectMethodHandle$Holder.invokeSpecial(java.lang.Object, java.lang.Object, java.lang.Object, int, int)'> (0x00000000ead485c8) 
thrown [s\src\hotspot\share\interpreter\linkResolver.cpp, line 773]
Event: 5.722 Thread 0x000002521e75c4c0 Implicit null exception at 0x00000251cc272849 to 0x00000251cc2729ac
Event: 5.811 Thread 0x000002521e75c4c0 Exception <a 'java/io/FileNotFoundException'{0x00000000ebcf8ed8}> (0x00000000ebcf8ed8) 
thrown [s\src\hotspot\share\prims\jni.cpp, line 520]
Event: 5.811 Thread 0x000002521e75c4c0 Exception <a 'java/io/FileNotFoundException'{0x00000000ebcfa150}> (0x00000000ebcfa150) 
thrown [s\src\hotspot\share\prims\jni.cpp, line 520]
Event: 5.811 Thread 0x000002521e75c4c0 Exception <a 'java/io/FileNotFoundException'{0x00000000ebcfb100}> (0x00000000ebcfb100) 
thrown [s\src\hotspot\share\prims\jni.cpp, line 520]

ZGC Phase Switch (0 events):
No events

VM Operations (20 events):
Event: 5.348 Executing VM operation: HandshakeAllThreads (Deoptimize)
Event: 5.349 Executing VM operation: HandshakeAllThreads (Deoptimize) done
Event: 5.350 Executing VM operation: HandshakeAllThreads (Deoptimize)
Event: 5.350 Executing VM operation: HandshakeAllThreads (Deoptimize) done
Event: 5.413 Executing VM operation: ICBufferFull
Event: 5.413 Executing VM operation: ICBufferFull done
Event: 5.424 Executing VM operation: ParallelGCFailedAllocation (Allocation Failure)
Event: 5.426 Executing VM operation: ParallelGCFailedAllocation (Allocation Failure) done
Event: 5.479 Executing VM operation: HandshakeAllThreads (Deoptimize)
Event: 5.479 Executing VM operation: HandshakeAllThreads (Deoptimize) done
Event: 5.541 Executing VM operation: ICBufferFull
Event: 5.541 Executing VM operation: ICBufferFull done
Event: 5.665 Executing VM operation: ParallelGCFailedAllocation (Allocation Failure)
Event: 5.667 Executing VM operation: ParallelGCFailedAllocation (Allocation Failure) done
Event: 5.736 Executing VM operation: ICBufferFull
Event: 5.737 Executing VM operation: ICBufferFull done
Event: 5.803 Executing VM operation: ICBufferFull
Event: 5.803 Executing VM operation: ICBufferFull done
Event: 5.828 Executing VM operation: ParallelGCFailedAllocation (Allocation Failure)
Event: 5.830 Executing VM operation: ParallelGCFailedAllocation (Allocation Failure) done

Memory protections (0 events):
No events

Nmethod flushes (20 events):
Event: 3.793 Thread 0x00000251d54f4b20 flushing  nmethod 0x00000251c4774f10
Event: 3.793 Thread 0x00000251d54f4b20 flushing  nmethod 0x00000251c47bd590
Event: 3.793 Thread 0x00000251d54f4b20 flushing  nmethod 0x00000251c47eae10
Event: 3.793 Thread 0x00000251d54f4b20 flushing  nmethod 0x00000251c47f9490
Event: 3.793 Thread 0x00000251d54f4b20 flushing  nmethod 0x00000251c4821d10
Event: 3.793 Thread 0x00000251d54f4b20 flushing  nmethod 0x00000251c4822110
Event: 3.793 Thread 0x00000251d54f4b20 flushing  nmethod 0x00000251c4823410
Event: 3.793 Thread 0x00000251d54f4b20 flushing  nmethod 0x00000251c4827410
Event: 3.793 Thread 0x00000251d54f4b20 flushing  nmethod 0x00000251c4842e90
Event: 3.793 Thread 0x00000251d54f4b20 flushing  nmethod 0x00000251c4848c90
Event: 3.793 Thread 0x00000251d54f4b20 flushing  nmethod 0x00000251c484a510
Event: 3.793 Thread 0x00000251d54f4b20 flushing  nmethod 0x00000251c484bb90
Event: 3.793 Thread 0x00000251d54f4b20 flushing  nmethod 0x00000251c484c110
Event: 3.793 Thread 0x00000251d54f4b20 flushing  nmethod 0x00000251c484c490
Event: 3.793 Thread 0x00000251d54f4b20 flushing  nmethod 0x00000251c484cd10
Event: 3.793 Thread 0x00000251d54f4b20 flushing  nmethod 0x00000251c485b690
Event: 3.793 Thread 0x00000251d54f4b20 flushing  nmethod 0x00000251c485bb90
Event: 3.793 Thread 0x00000251d54f4b20 flushing  nmethod 0x00000251c485c690
Event: 3.793 Thread 0x00000251d54f4b20 flushing  nmethod 0x00000251c485f910
Event: 3.793 Thread 0x00000251d54f4b20 flushing  nmethod 0x00000251c4860690

Events (20 events):
Event: 4.229 Thread 0x0000025217c575c0 Thread added: 0x0000025217c56820
Event: 4.242 Thread 0x0000025217c56820 Thread added: 0x0000025217c58a30
Event: 4.259 Thread 0x0000025217c553b0 Thread added: 0x0000025217c55a80
Event: 4.269 Thread 0x0000025217c57c90 Thread added: 0x0000025221a44730
Event: 4.443 Thread 0x0000025217c58360 Thread added: 0x0000025221a44060
Event: 4.443 Thread 0x0000025217c56ef0 Thread added: 0x0000025221a42520
Event: 4.669 Thread 0x00000252203e1320 Thread added: 0x00000252203dcaf0
Event: 4.674 Thread 0x00000252203e1320 Thread added: 0x00000252203dd180
Event: 5.092 Thread 0x0000025221a42520 Thread exited: 0x0000025221a42520
Event: 5.092 Thread 0x0000025221a44060 Thread exited: 0x0000025221a44060
Event: 5.093 Thread 0x0000025221a44730 Thread exited: 0x0000025221a44730
Event: 5.093 Thread 0x0000025217c55a80 Thread exited: 0x0000025217c55a80
Event: 5.093 Thread 0x0000025217c58a30 Thread exited: 0x0000025217c58a30
Event: 5.094 Thread 0x0000025217c56820 Thread exited: 0x0000025217c56820
Event: 5.183 Thread 0x0000025217c56ef0 Thread added: 0x0000025217c58a30
Event: 5.360 Thread 0x0000025217c553b0 Thread added: 0x0000025217c56820
Event: 5.474 Thread 0x0000025217c58360 Thread added: 0x0000025219322e10
Event: 5.594 Thread 0x0000025217c575c0 Thread added: 0x000002521931fe60
Event: 5.624 Thread 0x0000025217c553b0 Thread added: 0x0000025219322070
Event: 5.742 Thread 0x0000025217c553b0 Thread added: 0x000002521931f0c0


Dynamic libraries:
0x00007ff7ec370000 - 0x00007ff7ec37e000 	c:\Users\ASUS\.vscode\extensions\redhat.java-1.40.0-win32-x64\jre\21.0.6-win32-x86_64\bin\java.exe
0x00007ffa33750000 - 0x00007ffa33967000 	C:\WINDOWS\SYSTEM32\ntdll.dll
0x00007ffa326a0000 - 0x00007ffa32764000 	C:\WINDOWS\System32\KERNEL32.DLL
0x00007ffa30a00000 - 0x00007ffa30dd0000 	C:\WINDOWS\System32\KERNELBASE.dll
0x00007ffa30dd0000 - 0x00007ffa30ee1000 	C:\WINDOWS\System32\ucrtbase.dll
0x00007ff9e0140000 - 0x00007ff9e0158000 	c:\Users\ASUS\.vscode\extensions\redhat.java-1.40.0-win32-x64\jre\21.0.6-win32-x86_64\bin\jli.dll
0x00007ff9e0160000 - 0x00007ff9e017e000 	c:\Users\ASUS\.vscode\extensions\redhat.java-1.40.0-win32-x64\jre\21.0.6-win32-x86_64\bin\VCRUNTIME140.dll
0x00007ffa31570000 - 0x00007ffa3171e000 	C:\WINDOWS\System32\USER32.dll
0x00007ffa310e0000 - 0x00007ffa31106000 	C:\WINDOWS\System32\win32u.dll
0x00007ffa1dd70000 - 0x00007ffa1e002000 	C:\WINDOWS\WinSxS\amd64_microsoft.windows.common-controls_6595b64144ccf1df_6.0.22621.4830_none_270fe7d773858e80\COMCTL32.dll
0x00007ffa327b0000 - 0x00007ffa327d9000 	C:\WINDOWS\System32\GDI32.dll
0x00007ffa31440000 - 0x00007ffa314e7000 	C:\WINDOWS\System32\msvcrt.dll
0x00007ffa31250000 - 0x00007ffa3136b000 	C:\WINDOWS\System32\gdi32full.dll
0x00007ffa313a0000 - 0x00007ffa3143a000 	C:\WINDOWS\System32\msvcp_win.dll
0x00007ffa32770000 - 0x00007ffa327a1000 	C:\WINDOWS\System32\IMM32.DLL
0x00007ff9e7d90000 - 0x00007ff9e7d9c000 	c:\Users\ASUS\.vscode\extensions\redhat.java-1.40.0-win32-x64\jre\21.0.6-win32-x86_64\bin\vcruntime140_1.dll
0x00007ff9b9e60000 - 0x00007ff9b9eed000 	c:\Users\ASUS\.vscode\extensions\redhat.java-1.40.0-win32-x64\jre\21.0.6-win32-x86_64\bin\msvcp140.dll
0x00007ff9a3c70000 - 0x00007ff9a4a00000 	c:\Users\ASUS\.vscode\extensions\redhat.java-1.40.0-win32-x64\jre\21.0.6-win32-x86_64\bin\server\jvm.dll
0x00007ffa31bf0000 - 0x00007ffa31ca1000 	C:\WINDOWS\System32\ADVAPI32.dll
0x00007ffa33660000 - 0x00007ffa33707000 	C:\WINDOWS\System32\sechost.dll
0x00007ffa31370000 - 0x00007ffa31398000 	C:\WINDOWS\System32\bcrypt.dll
0x00007ffa327e0000 - 0x00007ffa328f4000 	C:\WINDOWS\System32\RPCRT4.dll
0x00007ffa314f0000 - 0x00007ffa31561000 	C:\WINDOWS\System32\WS2_32.dll
0x00007ffa308d0000 - 0x00007ffa3091d000 	C:\WINDOWS\SYSTEM32\POWRPROF.dll
0x00007ffa269c0000 - 0x00007ffa269f4000 	C:\WINDOWS\SYSTEM32\WINMM.dll
0x00007ffa2ca90000 - 0x00007ffa2ca9a000 	C:\WINDOWS\SYSTEM32\VERSION.dll
0x00007ffa308b0000 - 0x00007ffa308c3000 	C:\WINDOWS\SYSTEM32\UMPDC.dll
0x00007ffa2fa40000 - 0x00007ffa2fa58000 	C:\WINDOWS\SYSTEM32\kernel.appcore.dll
0x00007ff9e4c50000 - 0x00007ff9e4c5a000 	c:\Users\ASUS\.vscode\extensions\redhat.java-1.40.0-win32-x64\jre\21.0.6-win32-x86_64\bin\jimage.dll
0x00007ffa2d520000 - 0x00007ffa2d752000 	C:\WINDOWS\SYSTEM32\DBGHELP.DLL
0x00007ffa31740000 - 0x00007ffa31ad0000 	C:\WINDOWS\System32\combase.dll
0x00007ffa32bd0000 - 0x00007ffa32ca7000 	C:\WINDOWS\System32\OLEAUT32.dll
0x00007ffa2d4e0000 - 0x00007ffa2d512000 	C:\WINDOWS\SYSTEM32\dbgcore.DLL
0x00007ffa31060000 - 0x00007ffa310db000 	C:\WINDOWS\System32\bcryptPrimitives.dll
0x00007ff9b9e50000 - 0x00007ff9b9e5f000 	c:\Users\ASUS\.vscode\extensions\redhat.java-1.40.0-win32-x64\jre\21.0.6-win32-x86_64\bin\instrument.dll
0x00007ff9b9e30000 - 0x00007ff9b9e4f000 	c:\Users\ASUS\.vscode\extensions\redhat.java-1.40.0-win32-x64\jre\21.0.6-win32-x86_64\bin\java.dll
0x00007ffa32dc0000 - 0x00007ffa33638000 	C:\WINDOWS\System32\SHELL32.dll
0x00007ffa2e950000 - 0x00007ffa2f260000 	C:\WINDOWS\SYSTEM32\windows.storage.dll
0x00007ffa2e810000 - 0x00007ffa2e94f000 	C:\WINDOWS\SYSTEM32\wintypes.dll
0x00007ffa32910000 - 0x00007ffa32a1a000 	C:\WINDOWS\System32\SHCORE.dll
0x00007ffa31b90000 - 0x00007ffa31bee000 	C:\WINDOWS\System32\shlwapi.dll
0x00007ffa30930000 - 0x00007ffa3095b000 	C:\WINDOWS\SYSTEM32\profapi.dll
0x00007ff9b9e10000 - 0x00007ff9b9e28000 	c:\Users\ASUS\.vscode\extensions\redhat.java-1.40.0-win32-x64\jre\21.0.6-win32-x86_64\bin\zip.dll
0x00007ff9b9e00000 - 0x00007ff9b9e10000 	C:\Users\ASUS\.vscode\extensions\redhat.java-1.40.0-win32-x64\jre\21.0.6-win32-x86_64\bin\net.dll
0x00007ffa2a750000 - 0x00007ffa2a87c000 	C:\WINDOWS\SYSTEM32\WINHTTP.dll
0x00007ffa2fec0000 - 0x00007ffa2ff2a000 	C:\WINDOWS\system32\mswsock.dll
0x00007ff9b9de0000 - 0x00007ff9b9df6000 	C:\Users\ASUS\.vscode\extensions\redhat.java-1.40.0-win32-x64\jre\21.0.6-win32-x86_64\bin\nio.dll
0x00007ff9b9da0000 - 0x00007ff9b9db0000 	c:\Users\ASUS\.vscode\extensions\redhat.java-1.40.0-win32-x64\jre\21.0.6-win32-x86_64\bin\verify.dll
0x00007ffa13120000 - 0x00007ffa13165000 	C:\Users\ASUS\AppData\Roaming\Code\User\globalStorage\redhat.java\1.40.0\config_ss_win\org.eclipse.equinox.launcher\org.eclipse.equinox.launcher.win32.win32.x86_64_1.2.1200.v20250212-0927\eclipse_11909.dll
0x00007ffa32a20000 - 0x00007ffa32bc1000 	C:\WINDOWS\System32\ole32.dll
0x00007ffa30110000 - 0x00007ffa3012b000 	C:\WINDOWS\SYSTEM32\CRYPTSP.dll
0x00007ffa2f9a0000 - 0x00007ffa2f9d5000 	C:\WINDOWS\system32\rsaenh.dll
0x00007ffa2ffb0000 - 0x00007ffa2ffd8000 	C:\WINDOWS\SYSTEM32\USERENV.dll
0x00007ffa30130000 - 0x00007ffa3013c000 	C:\WINDOWS\SYSTEM32\CRYPTBASE.dll
0x00007ffa2f4c0000 - 0x00007ffa2f4ed000 	C:\WINDOWS\SYSTEM32\IPHLPAPI.DLL
0x00007ffa32900000 - 0x00007ffa32909000 	C:\WINDOWS\System32\NSI.dll
0x00007ffa15540000 - 0x00007ffa15589000 	C:\Users\ASUS\AppData\Local\Temp\jna-2018896\jna1236185045956228535.dll
0x00007ffa32020000 - 0x00007ffa32028000 	C:\WINDOWS\System32\PSAPI.DLL
0x00007ffa2d1b0000 - 0x00007ffa2d1c9000 	C:\WINDOWS\SYSTEM32\dhcpcsvc6.DLL
0x00007ffa2cf40000 - 0x00007ffa2cf5f000 	C:\WINDOWS\SYSTEM32\dhcpcsvc.DLL

dbghelp: loaded successfully - version: 4.0.5 - missing functions: none
symbol engine: initialized successfully - sym options: 0x614 - pdb path: .;c:\Users\ASUS\.vscode\extensions\redhat.java-1.40.0-win32-x64\jre\21.0.6-win32-x86_64\bin;C:\WINDOWS\SYSTEM32;C:\WINDOWS\WinSxS\amd64_microsoft.windows.common-controls_6595b64144ccf1df_6.0.22621.4830_none_270fe7d773858e80;c:\Users\ASUS\.vscode\extensions\redhat.java-1.40.0-win32-x64\jre\21.0.6-win32-x86_64\bin\server;C:\Users\ASUS\AppData\Roaming\Code\User\globalStorage\redhat.java\1.40.0\config_ss_win\org.eclipse.equinox.launcher\org.eclipse.equinox.launcher.win32.win32.x86_64_1.2.1200.v20250212-0927;C:\Users\ASUS\AppData\Local\Temp\jna-2018896

VM Arguments:
jvm_args: --add-modules=ALL-SYSTEM --add-opens=java.base/java.util=ALL-UNNAMED --add-opens=java.base/java.lang=ALL-UNNAMED --add-opens=java.base/sun.nio.fs=ALL-UNNAMED -Declipse.application=org.eclipse.jdt.ls.core.id1 -Dosgi.bundles.defaultStartLevel=4 -Declipse.product=org.eclipse.jdt.ls.core.product -Djava.import.generatesMetadataFilesAtProjectRoot=false -DDetectVMInstallationsJob.disabled=true -Dfile.encoding=utf8 -XX:+UseParallelGC -XX:GCTimeRatio=4 -XX:AdaptiveSizePolicyWeight=90 -Dsun.zip.disableMemoryMapping=true -Xmx1G -Xms100m -Xlog:disable -javaagent:c:\Users\ASUS\.vscode\extensions\redhat.java-1.40.0-win32-x64\lombok\lombok-1.18.36.jar 
java_command: c:\Users\ASUS\.vscode\extensions\redhat.java-1.40.0-win32-x64\server\plugins\org.eclipse.equinox.launcher_1.6.1000.v20250131-0606.jar -configuration c:\Users\ASUS\AppData\Roaming\Code\User\globalStorage\redhat.java\1.40.0\config_ss_win -data c:\Users\ASUS\AppData\Roaming\Code\User\workspaceStorage\a26ced7fe018b66e12da886babd7af56\redhat.java\ss_ws --pipe=\\.\pipe\lsp-4bf249446f97d5fb08fdcf29a7f05fe2-sock
java_class_path (initial): c:\Users\ASUS\.vscode\extensions\redhat.java-1.40.0-win32-x64\server\plugins\org.eclipse.equinox.launcher_1.6.1000.v20250131-0606.jar
Launcher Type: SUN_STANDARD

[Global flags]
    uintx AdaptiveSizePolicyWeight                 = 90                                        {product} {command line}
     intx CICompilerCount                          = 12                                        {product} {ergonomic}
    uintx GCTimeRatio                              = 4                                         {product} {command line}
   size_t InitialHeapSize                          = 104857600                                 {product} {command line}
   size_t MaxHeapSize                              = 1073741824                                {product} {command line}
   size_t MaxNewSize                               = 357564416                                 {product} {ergonomic}
   size_t MinHeapDeltaBytes                        = 524288                                    {product} {ergonomic}
   size_t MinHeapSize                              = 104857600                                 {product} {command line}
   size_t NewSize                                  = 34603008                                  {product} {ergonomic}
    uintx NonNMethodCodeHeapSize                   = 7602480                                {pd product} {ergonomic}
    uintx NonProfiledCodeHeapSize                  = 122027880                              {pd product} {ergonomic}
   size_t OldSize                                  = 70254592                                  {product} {ergonomic}
    uintx ProfiledCodeHeapSize                     = 122027880                              {pd product} {ergonomic}
    uintx ReservedCodeCacheSize                    = 251658240                              {pd product} {ergonomic}
     bool SegmentedCodeCache                       = true                                      {product} {ergonomic}
   size_t SoftMaxHeapSize                          = 1073741824                             {manageable} {ergonomic}
     bool UseCompressedOops                        = true                           {product lp64_product} {ergonomic}
     bool UseLargePagesIndividualAllocation        = false                                  {pd product} {ergonomic}
     bool UseParallelGC                            = true                                      {product} {command line}

Logging:
Log output configuration:
 #0: stdout all=off uptime,level,tags foldmultilines=false
 #1: stderr all=off uptime,level,tags foldmultilines=false

Environment Variables:
PATH=C:\Program Files\Common Files\Oracle\Java\javapath;C:\Program Files (x86)\Common Files\Oracle\Java\java8path;C:\Program Files (x86)\Common Files\Oracle\Java\javapath;C:\ProgramData\Oracle\Java\javapath;C:\Windows\system32;C:\Windows;C:\Windows\System32\Wbem;C:\Windows\System32\WindowsPowerShell\v1.0\;C:\Windows\System32\OpenSSH\;C:\Program Files (x86)\NVIDIA Corporation\PhysX\Common;C:\WINDOWS\system32;C:\WINDOWS;C:\WINDOWS\System32\Wbem;C:\WINDOWS\System32\WindowsPowerShell\v1.0\;C:\WINDOWS\System32\OpenSSH\;C:\Program Files (x86)\Microsoft SQL Server\160\Tools\Binn\;C:\Program Files\Microsoft SQL Server\160\Tools\Binn\;C:\Program Files\Microsoft SQL Server\Client SDK\ODBC\170\Tools\Binn\;C:\Program Files\Microsoft SQL Server\160\DTS\Binn\;C:\Program Files (x86)\Microsoft SQL Server\160\DTS\Binn\;C:\Program Files\Azure Data Studio\bin;C:\Program Files\dotnet\;C:\Program Files\nodejs\;C:\Program Files\Git\cmd;C:\Program Files\NVIDIA Corporation\NVIDIA app\NvDLISR;C:\Program Files\Cloudflare\Cloudflare WARP\;C:\Program Files\MySQL\MySQL Shell 8.0\bin\;C:\Users\ASUS\AppData\Local\Microsoft\WindowsApps;C:\Program Files\Azure Data Studio\bin;C:\Users\ASUS\AppData\Local\Programs\Microsoft VS Code\bin;C:\Users\ASUS\AppData\Roaming\npm;C:\Program Files\Git\mingw64\bin\;
USERNAME=ASUS
OS=Windows_NT
PROCESSOR_IDENTIFIER=AMD64 Family 25 Model 68 Stepping 1, AuthenticAMD
TMP=C:\Users\ASUS\AppData\Local\Temp
TEMP=C:\Users\ASUS\AppData\Local\Temp




Periodic native trim disabled

---------------  S Y S T E M  ---------------

OS:
 Windows 11 , 64 bit Build 22621 (10.0.22621.4830)
OS uptime: 0 days 1:23 hours

CPU: total 16 (initial active 16) (16 cores per cpu, 2 threads per core) family 25 model 68 stepping 1 microcode 0x0, cx8, cmov, fxsr, ht, mmx, 3dnowpref, sse, sse2, sse3, ssse3, sse4a, sse4.1, sse4.2, popcnt, lzcnt, tsc, tscinvbit, avx, avx2, aes, clmul, bmi1, bmi2, adx, sha, fma, vzeroupper, clflush, clflushopt, rdtscp, rdpid, f16c, pku, cet_ss
Processor Information for the first 16 processors :
  Max Mhz: 3201, Current Mhz: 3201, Mhz Limit: 3201

Memory: 4k page, system-wide physical 15613M (1961M free)
TotalPageFile size 19709M (AvailPageFile size 5M)
current process WorkingSet (physical memory assigned to process): 355M, peak: 374M
current process commit charge ("private bytes"): 449M, peak: 465M

vm_info: OpenJDK 64-Bit Server VM (21.0.6+7-LTS) for windows-amd64 JRE (21.0.6+7-LTS), built on 2025-01-21T00:00:00Z by "admin" with MS VC++ 17.7 (VS2022)

END.
