#
# There is insufficient memory for the Java Runtime Environment to continue.
# Native memory allocation (malloc) failed to allocate 6212464 bytes. Error detail: Chunk::new
# Possible reasons:
#   The system is out of physical RAM or swap space
#   This process is running with CompressedOops enabled, and the Java Heap may be blocking the growth of the native heap
# Possible solutions:
#   Reduce memory load on the system
#   Increase physical memory or swap space
#   Check if swap backing store is full
#   Decrease Java heap size (-Xmx/-Xms)
#   Decrease number of Java threads
#   Decrease Java thread stack sizes (-Xss)
#   Set larger code cache with -XX:ReservedCodeCacheSize=
#   JVM is running with Unscaled Compressed Oops mode in which the Java heap is
#     placed in the first 4GB address space. The Java Heap base address is the
#     maximum limit for the native heap growth. Please use -XX:HeapBaseMinAddress
#     to set the Java Heap base and to place the Java Heap above 4GB virtual address.
# This output file may be truncated or incomplete.
#
#  Out of Memory Error (arena.cpp:168), pid=17860, tid=17120
#
# JRE version: OpenJDK Runtime Environment Temurin-21.0.6+7 (21.0.6+7) (build 21.0.6+7-LTS)
# Java VM: OpenJDK 64-Bit Server VM Temurin-21.0.6+7 (21.0.6+7-LTS, mixed mode, sharing, tiered, compressed oops, compressed class ptrs, parallel gc, windows-amd64)
# No core dump will be written. Minidumps are not enabled by default on client versions of Windows
#

---------------  S U M M A R Y ------------

Command Line: --add-modules=ALL-SYSTEM --add-opens=java.base/java.util=ALL-UNNAMED --add-opens=java.base/java.lang=ALL-UNNAMED --add-opens=java.base/sun.nio.fs=ALL-UNNAMED -Declipse.application=org.eclipse.jdt.ls.core.id1 -Dosgi.bundles.defaultStartLevel=4 -Declipse.product=org.eclipse.jdt.ls.core.product -Djava.import.generatesMetadataFilesAtProjectRoot=false -DDetectVMInstallationsJob.disabled=true -Dfile.encoding=utf8 -XX:+UseParallelGC -XX:GCTimeRatio=4 -XX:AdaptiveSizePolicyWeight=90 -Dsun.zip.disableMemoryMapping=true -Xmx1G -Xms100m -Xlog:disable -javaagent:c:\Users\ASUS\.vscode\extensions\redhat.java-1.40.0-win32-x64\lombok\lombok-1.18.36.jar -XX:+HeapDumpOnOutOfMemoryError -XX:HeapDumpPath=c:\Users\ASUS\AppData\Roaming\Code\User\workspaceStorage\a26ced7fe018b66e12da886babd7af56\redhat.java -Daether.dependencyCollector.impl=bf c:\Users\ASUS\.vscode\extensions\redhat.java-1.40.0-win32-x64\server\plugins\org.eclipse.equinox.launcher_1.6.1000.v20250131-0606.jar -configuration c:\Users\ASUS\AppData\Roaming\Code\User\globalStorage\redhat.java\1.40.0\config_win -data c:\Users\ASUS\AppData\Roaming\Code\User\workspaceStorage\a26ced7fe018b66e12da886babd7af56\redhat.java\jdt_ws --pipe=\\.\pipe\lsp-9800918bf557b48cf5fd82b0b37c38d4-sock

Host: AMD Ryzen 7 6800H with Radeon Graphics         , 16 cores, 15G,  Windows 11 , 64 bit Build 22621 (10.0.22621.4830)
Time: Sun Mar  9 01:30:15 2025 SE Asia Standard Time elapsed time: 8.798080 seconds (0d 0h 0m 8s)

---------------  T H R E A D  ---------------

Current thread (0x000001fbedbd6610):  JavaThread "C2 CompilerThread5" daemon [_thread_in_native, id=17120, stack(0x0000002620c00000,0x0000002620d00000) (1024K)]


Current CompileTask:
C2:8798 9303   !   4       lombok.core.FieldAugment$ReflectionFieldAugment::getAndSet (80 bytes)

Stack: [0x0000002620c00000,0x0000002620d00000]
Native frames: (J=compiled Java code, j=interpreted, Vv=VM code, C=native code)
V  [jvm.dll+0x6cdee9]
V  [jvm.dll+0x8a83d1]
V  [jvm.dll+0x8aa8fe]
V  [jvm.dll+0x8aafe3]
V  [jvm.dll+0x27f706]
V  [jvm.dll+0xc500d]
V  [jvm.dll+0xc5543]
V  [jvm.dll+0x3b678c]
V  [jvm.dll+0x1e0009]
V  [jvm.dll+0x247b42]
V  [jvm.dll+0x246fcf]
V  [jvm.dll+0x1c75ee]
V  [jvm.dll+0x25685a]
V  [jvm.dll+0x254dfa]
V  [jvm.dll+0x3f0256]
V  [jvm.dll+0x851f8b]
V  [jvm.dll+0x6cc5ed]
C  [ucrtbase.dll+0x29333]
C  [KERNEL32.DLL+0x1259d]
C  [ntdll.dll+0x5af38]


---------------  P R O C E S S  ---------------

Threads class SMR info:
_java_thread_list=0x000001fb81059f30, length=99, elements={
0x000001fb8de84500, 0x000001fbe4a08400, 0x000001fba226c7d0, 0x000001fbe4a0c070,
0x000001fbe4a0cbc0, 0x000001fbe4a10380, 0x000001fbe4a15480, 0x000001fbe4a1a160,
0x000001fbe4a1b390, 0x000001fbe4ad8f10, 0x000001fbe4b4fdf0, 0x000001fbe4b60750,
0x000001fbe4cf9250, 0x000001fbe4cf98f0, 0x000001fbe4d84f00, 0x000001fbe6177d20,
0x000001fbe63079d0, 0x000001fbe64e6450, 0x000001fbeb0f0a50, 0x000001fbeb190e50,
0x000001fbe67b66a0, 0x000001fbeb4dbf80, 0x000001fbeb453110, 0x000001fbeb534d20,
0x000001fbeb534000, 0x000001fbeb5325c0, 0x000001fbeb531f30, 0x000001fbeb5353b0,
0x000001fbeb5332e0, 0x000001fbeb532c50, 0x000001fbeb533970, 0x000001fbeb534690,
0x000001fbed9401a0, 0x000001fbed940830, 0x000001fbed940ec0, 0x000001fbed942270,
0x000001fbed941550, 0x000001fbed943cb0, 0x000001fbed93edf0, 0x000001fbed93da40,
0x000001fbed93e760, 0x000001fbed944340, 0x000001fbed93d3b0, 0x000001fbed943620,
0x000001fbed93e0d0, 0x000001fbed9449d0, 0x000001fbed941be0, 0x000001fbedf6c440,
0x000001fbedbd6610, 0x000001fbed93f480, 0x000001fbed942900, 0x000001fbed942f90,
0x000001fbed93fb10, 0x000001fbeecd7040, 0x000001fbeeab0ca0, 0x000001fbf0f058b0,
0x000001fbf0f08d30, 0x000001fbf0f03e70, 0x000001fbf0f0a0e0, 0x000001fbf0f093c0,
0x000001fbf0f04b90, 0x000001fbf0f09a50, 0x000001fbf0f07980, 0x000001fbf0f05f40,
0x000001fbf0f0a770, 0x000001fbf0f08010, 0x000001fbf0f06c60, 0x000001fbf0f037e0,
0x000001fbf0f0ae00, 0x000001fbf0f072f0, 0x000001fbf0f04500, 0x000001fbf9dd3790,
0x000001fbf9dd3100, 0x000001fbf9dd23e0, 0x000001fbf9dd2a70, 0x000001fbf9dcc800,
0x000001fbf9dd3e20, 0x000001fbf9dcce90, 0x000001fbf9dd16c0, 0x000001fbf9dcd520,
0x000001fbf9dce240, 0x000001fbf9dcfc80, 0x000001fbf9dd0310, 0x000001fbf9dcf5f0,
0x000001fbf9dcef60, 0x000001fbf9dd09a0, 0x000001fbf9dd1030, 0x000001fbf9dd1d50,
0x000001fbfab8acb0, 0x000001fbfab86b10, 0x000001fbfab8c060, 0x000001fbfab871a0,
0x000001fbfab87830, 0x000001fbfab87ec0, 0x000001fbfab85df0, 0x000001fbfab8a620,
0x000001fbfab8c6f0, 0x000001fbfab89f90, 0x000001fbfab88550
}

Java Threads: ( => current thread )
  0x000001fb8de84500 JavaThread "main"                              [_thread_blocked, id=7116, stack(0x000000261cc00000,0x000000261cd00000) (1024K)]
  0x000001fbe4a08400 JavaThread "Reference Handler"          daemon [_thread_blocked, id=29476, stack(0x000000261d000000,0x000000261d100000) (1024K)]
  0x000001fba226c7d0 JavaThread "Finalizer"                  daemon [_thread_blocked, id=11056, stack(0x000000261d100000,0x000000261d200000) (1024K)]
  0x000001fbe4a0c070 JavaThread "Signal Dispatcher"          daemon [_thread_blocked, id=29452, stack(0x000000261d200000,0x000000261d300000) (1024K)]
  0x000001fbe4a0cbc0 JavaThread "Attach Listener"            daemon [_thread_blocked, id=16308, stack(0x000000261d300000,0x000000261d400000) (1024K)]
  0x000001fbe4a10380 JavaThread "Service Thread"             daemon [_thread_blocked, id=9836, stack(0x000000261d400000,0x000000261d500000) (1024K)]
  0x000001fbe4a15480 JavaThread "Monitor Deflation Thread"   daemon [_thread_blocked, id=25416, stack(0x000000261d500000,0x000000261d600000) (1024K)]
  0x000001fbe4a1a160 JavaThread "C2 CompilerThread0"         daemon [_thread_in_native, id=29512, stack(0x000000261d600000,0x000000261d700000) (1024K)]
  0x000001fbe4a1b390 JavaThread "C1 CompilerThread0"         daemon [_thread_in_native, id=22968, stack(0x000000261d700000,0x000000261d800000) (1024K)]
  0x000001fbe4ad8f10 JavaThread "C1 CompilerThread1"         daemon [_thread_blocked, id=4020, stack(0x000000261d800000,0x000000261d900000) (1024K)]
  0x000001fbe4b4fdf0 JavaThread "Common-Cleaner"             daemon [_thread_blocked, id=11452, stack(0x000000261d900000,0x000000261da00000) (1024K)]
  0x000001fbe4b60750 JavaThread "C2 CompilerThread1"         daemon [_thread_in_native, id=3440, stack(0x000000261da00000,0x000000261db00000) (1024K)]
  0x000001fbe4cf9250 JavaThread "C1 CompilerThread2"         daemon [_thread_blocked, id=21276, stack(0x000000261db00000,0x000000261dc00000) (1024K)]
  0x000001fbe4cf98f0 JavaThread "C1 CompilerThread3"         daemon [_thread_in_vm, id=26532, stack(0x000000261dc00000,0x000000261dd00000) (1024K)]
  0x000001fbe4d84f00 JavaThread "Notification Thread"        daemon [_thread_blocked, id=1060, stack(0x000000261dd00000,0x000000261de00000) (1024K)]
  0x000001fbe6177d20 JavaThread "C2 CompilerThread2"         daemon [_thread_in_native, id=14244, stack(0x000000261de00000,0x000000261df00000) (1024K)]
  0x000001fbe63079d0 JavaThread "C2 CompilerThread3"         daemon [_thread_in_native, id=25200, stack(0x000000261e400000,0x000000261e500000) (1024K)]
  0x000001fbe64e6450 JavaThread "Active Thread: Equinox Container: 6c2c757d-e39e-45ba-88b1-ad8d451d138f"        [_thread_blocked, id=26452, stack(0x000000261e600000,0x000000261e700000) (1024K)]
  0x000001fbeb0f0a50 JavaThread "Refresh Thread: Equinox Container: 6c2c757d-e39e-45ba-88b1-ad8d451d138f" daemon [_thread_blocked, id=23924, stack(0x000000261e900000,0x000000261ea00000) (1024K)]
  0x000001fbeb190e50 JavaThread "Framework Event Dispatcher: Equinox Container: 6c2c757d-e39e-45ba-88b1-ad8d451d138f" daemon [_thread_blocked, id=23700, stack(0x000000261ea00000,0x000000261eb00000) (1024K)]
  0x000001fbe67b66a0 JavaThread "Start Level: Equinox Container: 6c2c757d-e39e-45ba-88b1-ad8d451d138f" daemon [_thread_blocked, id=11832, stack(0x000000261eb00000,0x000000261ec00000) (1024K)]
  0x000001fbeb4dbf80 JavaThread "Bundle File Closer"         daemon [_thread_blocked, id=15616, stack(0x000000261ec00000,0x000000261ed00000) (1024K)]
  0x000001fbeb453110 JavaThread "SCR Component Actor"        daemon [_thread_blocked, id=8880, stack(0x000000261ef00000,0x000000261f000000) (1024K)]
  0x000001fbeb534d20 JavaThread "Worker-JM"                         [_thread_blocked, id=2908, stack(0x000000261f300000,0x000000261f400000) (1024K)]
  0x000001fbeb534000 JavaThread "JNA Cleaner"                daemon [_thread_blocked, id=13412, stack(0x000000261f400000,0x000000261f500000) (1024K)]
  0x000001fbeb5325c0 JavaThread "Worker-0"                          [_thread_blocked, id=19796, stack(0x000000261f500000,0x000000261f600000) (1024K)]
  0x000001fbeb531f30 JavaThread "Worker-1: Java indexing... "        [_thread_blocked, id=8704, stack(0x000000261f600000,0x000000261f700000) (1024K)]
  0x000001fbeb5353b0 JavaThread "Java indexing"              daemon [_thread_in_Java, id=12744, stack(0x000000261f700000,0x000000261f800000) (1024K)]
  0x000001fbeb5332e0 JavaThread "Worker-2"                          [_thread_blocked, id=14036, stack(0x000000261f800000,0x000000261f900000) (1024K)]
  0x000001fbeb532c50 JavaThread "Worker-3: Building"                [_thread_blocked, id=17472, stack(0x000000261f900000,0x000000261fa00000) (1024K)]
  0x000001fbeb533970 JavaThread "Thread-2"                   daemon [_thread_in_native, id=20172, stack(0x000000261fa00000,0x000000261fb00000) (1024K)]
  0x000001fbeb534690 JavaThread "Thread-3"                   daemon [_thread_in_native, id=10036, stack(0x000000261fb00000,0x000000261fc00000) (1024K)]
  0x000001fbed9401a0 JavaThread "Thread-4"                   daemon [_thread_in_native, id=13428, stack(0x000000261fc00000,0x000000261fd00000) (1024K)]
  0x000001fbed940830 JavaThread "Thread-5"                   daemon [_thread_in_native, id=10868, stack(0x000000261fd00000,0x000000261fe00000) (1024K)]
  0x000001fbed940ec0 JavaThread "Thread-6"                   daemon [_thread_in_native, id=23948, stack(0x000000261fe00000,0x000000261ff00000) (1024K)]
  0x000001fbed942270 JavaThread "Thread-7"                   daemon [_thread_in_native, id=13156, stack(0x000000261ff00000,0x0000002620000000) (1024K)]
  0x000001fbed941550 JavaThread "Thread-8"                   daemon [_thread_in_native, id=14624, stack(0x0000002620000000,0x0000002620100000) (1024K)]
  0x000001fbed943cb0 JavaThread "Thread-9"                   daemon [_thread_in_native, id=3052, stack(0x0000002620100000,0x0000002620200000) (1024K)]
  0x000001fbed93edf0 JavaThread "Thread-10"                  daemon [_thread_in_native, id=23884, stack(0x0000002620200000,0x0000002620300000) (1024K)]
  0x000001fbed93da40 JavaThread "Thread-11"                  daemon [_thread_in_native, id=3408, stack(0x0000002620300000,0x0000002620400000) (1024K)]
  0x000001fbed93e760 JavaThread "Thread-12"                  daemon [_thread_in_native, id=23036, stack(0x0000002620400000,0x0000002620500000) (1024K)]
  0x000001fbed944340 JavaThread "Thread-13"                  daemon [_thread_in_native, id=21644, stack(0x0000002620500000,0x0000002620600000) (1024K)]
  0x000001fbed93d3b0 JavaThread "Thread-14"                  daemon [_thread_in_native, id=15004, stack(0x0000002620600000,0x0000002620700000) (1024K)]
  0x000001fbed943620 JavaThread "Thread-15"                  daemon [_thread_in_native, id=18644, stack(0x0000002620700000,0x0000002620800000) (1024K)]
  0x000001fbed93e0d0 JavaThread "Thread-16"                  daemon [_thread_in_native, id=23116, stack(0x0000002620800000,0x0000002620900000) (1024K)]
  0x000001fbed9449d0 JavaThread "Thread-17"                  daemon [_thread_in_native, id=2376, stack(0x0000002620900000,0x0000002620a00000) (1024K)]
  0x000001fbed941be0 JavaThread "Thread-18"                  daemon [_thread_in_native, id=15228, stack(0x0000002620a00000,0x0000002620b00000) (1024K)]
  0x000001fbedf6c440 JavaThread "C2 CompilerThread4"         daemon [_thread_in_native, id=10604, stack(0x0000002620b00000,0x0000002620c00000) (1024K)]
=>0x000001fbedbd6610 JavaThread "C2 CompilerThread5"         daemon [_thread_in_native, id=17120, stack(0x0000002620c00000,0x0000002620d00000) (1024K)]
  0x000001fbed93f480 JavaThread "pool-2-thread-1"                   [_thread_blocked, id=13540, stack(0x0000002620d00000,0x0000002620e00000) (1024K)]
  0x000001fbed942900 JavaThread "WorkspaceEventsHandler"            [_thread_blocked, id=24528, stack(0x0000002621000000,0x0000002621100000) (1024K)]
  0x000001fbed942f90 JavaThread "pool-1-thread-1"                   [_thread_blocked, id=10252, stack(0x0000002621100000,0x0000002621200000) (1024K)]
  0x000001fbed93fb10 JavaThread "Worker-4"                          [_thread_blocked, id=23824, stack(0x0000002621200000,0x0000002621300000) (1024K)]
  0x000001fbeecd7040 JavaThread "C2 CompilerThread6"         daemon [_thread_in_native, id=25724, stack(0x0000002620e00000,0x0000002620f00000) (1024K)]
  0x000001fbeeab0ca0 JavaThread "C2 CompilerThread7"         daemon [_thread_in_native, id=2228, stack(0x0000002620f00000,0x0000002621000000) (1024K)]
  0x000001fbf0f058b0 JavaThread "LocalFile Deleter"          daemon [_thread_blocked, id=4392, stack(0x0000002621300000,0x0000002621400000) (1024K)]
  0x000001fbf0f08d30 JavaThread "LocalFile Deleter"          daemon [_thread_blocked, id=11408, stack(0x0000002621400000,0x0000002621500000) (1024K)]
  0x000001fbf0f03e70 JavaThread "LocalFile Deleter"          daemon [_thread_blocked, id=13596, stack(0x0000002621500000,0x0000002621600000) (1024K)]
  0x000001fbf0f0a0e0 JavaThread "LocalFile Deleter"          daemon [_thread_blocked, id=26548, stack(0x0000002621600000,0x0000002621700000) (1024K)]
  0x000001fbf0f093c0 JavaThread "LocalFile Deleter"          daemon [_thread_blocked, id=16200, stack(0x0000002621700000,0x0000002621800000) (1024K)]
  0x000001fbf0f04b90 JavaThread "LocalFile Deleter"          daemon [_thread_blocked, id=21564, stack(0x0000002621800000,0x0000002621900000) (1024K)]
  0x000001fbf0f09a50 JavaThread "LocalFile Deleter"          daemon [_thread_blocked, id=2696, stack(0x0000002621900000,0x0000002621a00000) (1024K)]
  0x000001fbf0f07980 JavaThread "LocalFile Deleter"          daemon [_thread_blocked, id=6812, stack(0x0000002621a00000,0x0000002621b00000) (1024K)]
  0x000001fbf0f05f40 JavaThread "LocalFile Deleter"          daemon [_thread_blocked, id=28596, stack(0x0000002621b00000,0x0000002621c00000) (1024K)]
  0x000001fbf0f0a770 JavaThread "LocalFile Deleter"          daemon [_thread_blocked, id=14368, stack(0x0000002621c00000,0x0000002621d00000) (1024K)]
  0x000001fbf0f08010 JavaThread "LocalFile Deleter"          daemon [_thread_blocked, id=2288, stack(0x0000002621d00000,0x0000002621e00000) (1024K)]
  0x000001fbf0f06c60 JavaThread "LocalFile Deleter"          daemon [_thread_blocked, id=7816, stack(0x0000002621e00000,0x0000002621f00000) (1024K)]
  0x000001fbf0f037e0 JavaThread "LocalFile Deleter"          daemon [_thread_blocked, id=18764, stack(0x0000002621f00000,0x0000002622000000) (1024K)]
  0x000001fbf0f0ae00 JavaThread "LocalFile Deleter"          daemon [_thread_blocked, id=6404, stack(0x0000002622000000,0x0000002622100000) (1024K)]
  0x000001fbf0f072f0 JavaThread "LocalFile Deleter"          daemon [_thread_blocked, id=24600, stack(0x0000002622100000,0x0000002622200000) (1024K)]
  0x000001fbf0f04500 JavaThread "Compiler Source File Reader" daemon [_thread_blocked, id=22648, stack(0x0000002622200000,0x0000002622300000) (1024K)]
  0x000001fbf9dd3790 JavaThread "Compiler Source File Reader" daemon [_thread_blocked, id=10860, stack(0x0000002622300000,0x0000002622400000) (1024K)]
  0x000001fbf9dd3100 JavaThread "Compiler Source File Reader" daemon [_thread_blocked, id=13240, stack(0x0000002622400000,0x0000002622500000) (1024K)]
  0x000001fbf9dd23e0 JavaThread "Compiler Source File Reader" daemon [_thread_blocked, id=26960, stack(0x0000002622500000,0x0000002622600000) (1024K)]
  0x000001fbf9dd2a70 JavaThread "Compiler Source File Reader" daemon [_thread_blocked, id=10548, stack(0x0000002622600000,0x0000002622700000) (1024K)]
  0x000001fbf9dcc800 JavaThread "Compiler Source File Reader" daemon [_thread_blocked, id=19736, stack(0x0000002622700000,0x0000002622800000) (1024K)]
  0x000001fbf9dd3e20 JavaThread "Compiler Source File Reader" daemon [_thread_blocked, id=14260, stack(0x0000002622800000,0x0000002622900000) (1024K)]
  0x000001fbf9dcce90 JavaThread "Compiler Source File Reader" daemon [_thread_blocked, id=1592, stack(0x0000002622900000,0x0000002622a00000) (1024K)]
  0x000001fbf9dd16c0 JavaThread "Compiler Source File Reader" daemon [_thread_blocked, id=5328, stack(0x0000002622a00000,0x0000002622b00000) (1024K)]
  0x000001fbf9dcd520 JavaThread "Compiler Source File Reader" daemon [_thread_blocked, id=21568, stack(0x0000002622b00000,0x0000002622c00000) (1024K)]
  0x000001fbf9dce240 JavaThread "Compiler Source File Reader" daemon [_thread_blocked, id=4296, stack(0x0000002622c00000,0x0000002622d00000) (1024K)]
  0x000001fbf9dcfc80 JavaThread "Compiler Source File Reader" daemon [_thread_blocked, id=20896, stack(0x0000002622d00000,0x0000002622e00000) (1024K)]
  0x000001fbf9dd0310 JavaThread "Compiler Source File Reader" daemon [_thread_blocked, id=22064, stack(0x0000002622e00000,0x0000002622f00000) (1024K)]
  0x000001fbf9dcf5f0 JavaThread "Compiler Source File Reader" daemon [_thread_blocked, id=29300, stack(0x0000002622f00000,0x0000002623000000) (1024K)]
  0x000001fbf9dcef60 JavaThread "Compiler Processing Task"   daemon [_thread_blocked, id=11064, stack(0x000000261e500000,0x000000261e600000) (1024K)]
  0x000001fbf9dd09a0 JavaThread "Compiler Class File Writer" daemon [_thread_blocked, id=5796, stack(0x0000002623000000,0x0000002623100000) (1024K)]
  0x000001fbf9dd1030 JavaThread "Compiler Class File Writer" daemon [_thread_blocked, id=10600, stack(0x0000002623100000,0x0000002623200000) (1024K)]
  0x000001fbf9dd1d50 JavaThread "Compiler Class File Writer" daemon [_thread_blocked, id=26780, stack(0x0000002623200000,0x0000002623300000) (1024K)]
  0x000001fbfab8acb0 JavaThread "Compiler Class File Writer" daemon [_thread_blocked, id=29200, stack(0x0000002623300000,0x0000002623400000) (1024K)]
  0x000001fbfab86b10 JavaThread "Compiler Class File Writer" daemon [_thread_blocked, id=1568, stack(0x0000002623400000,0x0000002623500000) (1024K)]
  0x000001fbfab8c060 JavaThread "Compiler Class File Writer" daemon [_thread_blocked, id=23956, stack(0x0000002623500000,0x0000002623600000) (1024K)]
  0x000001fbfab871a0 JavaThread "Compiler Class File Writer" daemon [_thread_blocked, id=15340, stack(0x0000002623600000,0x0000002623700000) (1024K)]
  0x000001fbfab87830 JavaThread "Compiler Class File Writer" daemon [_thread_blocked, id=23624, stack(0x0000002623700000,0x0000002623800000) (1024K)]
  0x000001fbfab87ec0 JavaThread "Compiler Class File Writer" daemon [_thread_blocked, id=22836, stack(0x0000002623800000,0x0000002623900000) (1024K)]
  0x000001fbfab85df0 JavaThread "Compiler Class File Writer" daemon [_thread_blocked, id=10688, stack(0x0000002623900000,0x0000002623a00000) (1024K)]
  0x000001fbfab8a620 JavaThread "Compiler Class File Writer" daemon [_thread_blocked, id=10536, stack(0x0000002623a00000,0x0000002623b00000) (1024K)]
  0x000001fbfab8c6f0 JavaThread "Compiler Class File Writer" daemon [_thread_blocked, id=25132, stack(0x0000002623b00000,0x0000002623c00000) (1024K)]
  0x000001fbfab89f90 JavaThread "Compiler Class File Writer" daemon [_thread_blocked, id=29088, stack(0x0000002623c00000,0x0000002623d00000) (1024K)]
  0x000001fbfab88550 JavaThread "Compiler Class File Writer" daemon [_thread_blocked, id=7636, stack(0x0000002623d00000,0x0000002623e00000) (1024K)]
Total: 99

Other Threads:
  0x000001fbe4a03220 VMThread "VM Thread"                           [id=23480, stack(0x000000261cf00000,0x000000261d000000) (1024K)]
  0x000001fba214ca00 WatcherThread "VM Periodic Task Thread"        [id=11236, stack(0x000000261ce00000,0x000000261cf00000) (1024K)]
  0x000001fb8dea2310 WorkerThread "GC Thread#0"                     [id=15320, stack(0x000000261cd00000,0x000000261ce00000) (1024K)]
  0x000001fbeb359b50 WorkerThread "GC Thread#1"                     [id=28524, stack(0x000000261df00000,0x000000261e000000) (1024K)]
  0x000001fbe66ae360 WorkerThread "GC Thread#2"                     [id=25688, stack(0x000000261e000000,0x000000261e100000) (1024K)]
  0x000001fbeb2f1820 WorkerThread "GC Thread#3"                     [id=7104, stack(0x000000261e100000,0x000000261e200000) (1024K)]
  0x000001fbe63147a0 WorkerThread "GC Thread#4"                     [id=23596, stack(0x000000261e200000,0x000000261e300000) (1024K)]
  0x000001fbe6314f40 WorkerThread "GC Thread#5"                     [id=26036, stack(0x000000261e300000,0x000000261e400000) (1024K)]
  0x000001fbeb121260 WorkerThread "GC Thread#6"                     [id=29248, stack(0x000000261e700000,0x000000261e800000) (1024K)]
  0x000001fbe6732d40 WorkerThread "GC Thread#7"                     [id=23604, stack(0x000000261e800000,0x000000261e900000) (1024K)]
  0x000001fbe667a970 WorkerThread "GC Thread#8"                     [id=7232, stack(0x000000261ed00000,0x000000261ee00000) (1024K)]
  0x000001fbe667b0b0 WorkerThread "GC Thread#9"                     [id=5944, stack(0x000000261ee00000,0x000000261ef00000) (1024K)]
  0x000001fbe667bb90 WorkerThread "GC Thread#10"                    [id=23780, stack(0x000000261f000000,0x000000261f100000) (1024K)]
  0x000001fbe667bf30 WorkerThread "GC Thread#11"                    [id=27556, stack(0x000000261f100000,0x000000261f200000) (1024K)]
  0x000001fbe667b450 WorkerThread "GC Thread#12"                    [id=27136, stack(0x000000261f200000,0x000000261f300000) (1024K)]
Total: 15

Threads with active compile tasks:
C2 CompilerThread0  8830 9333       4       lombok.eclipse.handlers.EclipseHandlerUtil::setGeneratedBy (10 bytes)
C2 CompilerThread1  8830 10327       4       lombok.core.AST::buildWithField (21 bytes)
C2 CompilerThread2  8831 11090       4       lombok.core.TypeResolver::typeRefToFullyQualifiedName (487 bytes)
C2 CompilerThread3  8831 10700   !   4       lombok.core.AST::buildWithField0 (121 bytes)
C2 CompilerThread4  8831 10695       4       lombok.eclipse.EclipseAST::drill (80 bytes)
C2 CompilerThread5  8831 9303   !   4       lombok.core.FieldAugment$ReflectionFieldAugment::getAndSet (80 bytes)
C2 CompilerThread6  8831 10838       4       java.lang.reflect.Field::get (39 bytes)
C2 CompilerThread7  8831 10328       4       lombok.eclipse.EclipseAST::buildStatement (57 bytes)
Total: 8

VM state: not at safepoint (normal execution)

VM Mutex/Monitor currently owned by a thread: None

Heap address: 0x00000000c0000000, size: 1024 MB, Compressed Oops mode: 32-bit

CDS archive(s) mapped at: [0x000001fba3000000-0x000001fba3ba0000-0x000001fba3ba0000), size 12189696, SharedBaseAddress: 0x000001fba3000000, ArchiveRelocationMode: 1.
Compressed class space mapped at: 0x000001fba4000000-0x000001fbe4000000, reserved size: 1073741824
Narrow klass base: 0x000001fba3000000, Narrow klass shift: 0, Narrow klass range: 0x100000000

GC Precious Log:
 CardTable entry size: 512
 CPUs: 16 total, 16 available
 Memory: 15613M
 Large Page Support: Disabled
 NUMA Support: Disabled
 Compressed Oops: Enabled (32-bit)
 Alignments: Space 512K, Generation 512K, Heap 2M
 Heap Min Capacity: 100M
 Heap Initial Capacity: 100M
 Heap Max Capacity: 1G
 Pre-touch: Disabled
 Parallel Workers: 13

Heap:
 PSYoungGen      total 4096K, used 1567K [0x00000000eab00000, 0x00000000eb000000, 0x0000000100000000)
  eden space 3072K, 20% used [0x00000000eab00000,0x00000000eab9ec18,0x00000000eae00000)
  from space 1024K, 95% used [0x00000000eae00000,0x00000000eaef4d68,0x00000000eaf00000)
  to   space 1024K, 0% used [0x00000000eaf00000,0x00000000eaf00000,0x00000000eb000000)
 ParOldGen       total 263168K, used 247168K [0x00000000c0000000, 0x00000000d0100000, 0x00000000eab00000)
  object space 263168K, 93% used [0x00000000c0000000,0x00000000cf160178,0x00000000d0100000)
 Metaspace       used 59583K, committed 60928K, reserved 1114112K
  class space    used 6025K, committed 6592K, reserved 1048576K

Card table byte_map: [0x000001fb8d820000,0x000001fb8da30000] _byte_map_base: 0x000001fb8d220000

Marking Bits: (ParMarkBitMap*) 0x00007fff55e93260
 Begin Bits: [0x000001fba0070000, 0x000001fba1070000)
 End Bits:   [0x000001fba1070000, 0x000001fba2070000)

Polling page: 0x000001fb8bca0000

Metaspace:

Usage:
  Non-class:     52.30 MB used.
      Class:      5.88 MB used.
       Both:     58.19 MB used.

Virtual space:
  Non-class space:       64.00 MB reserved,      53.06 MB ( 83%) committed,  1 nodes.
      Class space:        1.00 GB reserved,       6.44 MB ( <1%) committed,  1 nodes.
             Both:        1.06 GB reserved,      59.50 MB (  5%) committed. 

Chunk freelists:
   Non-Class:  10.86 MB
       Class:  9.44 MB
        Both:  20.30 MB

MaxMetaspaceSize: unlimited
CompressedClassSpaceSize: 1.00 GB
Initial GC threshold: 21.00 MB
Current GC threshold: 97.31 MB
CDS: on
 - commit_granule_bytes: 65536.
 - commit_granule_words: 8192.
 - virtual_space_node_default_size: 8388608.
 - enlarge_chunks_in_place: 1.
 - use_allocation_guard: 0.


Internal statistics:

num_allocs_failed_limit: 11.
num_arena_births: 1002.
num_arena_deaths: 14.
num_vsnodes_births: 2.
num_vsnodes_deaths: 0.
num_space_committed: 952.
num_space_uncommitted: 0.
num_chunks_returned_to_freelist: 25.
num_chunks_taken_from_freelist: 3626.
num_chunk_merges: 16.
num_chunk_splits: 2313.
num_chunks_enlarged: 1428.
num_inconsistent_stats: 0.

CodeHeap 'non-profiled nmethods': size=119168Kb used=7969Kb max_used=7969Kb free=111198Kb
 bounds [0x000001fb98c10000, 0x000001fb993e0000, 0x000001fba0070000]
CodeHeap 'profiled nmethods': size=119104Kb used=24830Kb max_used=24830Kb free=94273Kb
 bounds [0x000001fb91070000, 0x000001fb928b0000, 0x000001fb984c0000]
CodeHeap 'non-nmethods': size=7488Kb used=3111Kb max_used=3224Kb free=4377Kb
 bounds [0x000001fb984c0000, 0x000001fb987f0000, 0x000001fb98c10000]
 total_blobs=11065 nmethods=10333 adapters=634
 compilation: enabled
              stopped_count=0, restarted_count=0
 full_count=0

Compilation events (20 events):
Event: 8.788 Thread 0x000001fbe4cf98f0 11161  s!   3       org.eclipse.core.internal.watson.ElementTree::openElementData (136 bytes)
Event: 8.790 Thread 0x000001fbe4ad8f10 nmethod 11154 0x000001fb92877c10 code [0x000001fb92878160, 0x000001fb9287b198]
Event: 8.791 Thread 0x000001fbe4a1b390 11163   !   3       org.eclipse.core.internal.localstore.FileSystemResourceManager::getStore (32 bytes)
Event: 8.791 Thread 0x000001fbe4a1b390 nmethod 11163 0x000001fb9287bf10 code [0x000001fb9287c140, 0x000001fb9287c848]
Event: 8.791 Thread 0x000001fbe4cf9250 nmethod 11162 0x000001fb9287cb90 code [0x000001fb9287cec0, 0x000001fb9287e128]
Event: 8.792 Thread 0x000001fbe4cf98f0 nmethod 11161 0x000001fb9287e890 code [0x000001fb9287ebe0, 0x000001fb92880070]
Event: 8.792 Thread 0x000001fbe4cf9250 11164       3       org.eclipse.jdt.internal.compiler.lookup.FieldBinding::isRecordComponent (39 bytes)
Event: 8.792 Thread 0x000001fbe4ad8f10 11165       3       org.eclipse.jdt.internal.compiler.ast.FieldReference::resolveType (743 bytes)
Event: 8.793 Thread 0x000001fbe4cf98f0 11166   !   3       org.eclipse.jdt.internal.compiler.lookup.Scope::getField (104 bytes)
Event: 8.793 Thread 0x000001fbe4cf9250 nmethod 11164 0x000001fb92880790 code [0x000001fb92880960, 0x000001fb92880cd8]
Event: 8.793 Thread 0x000001fbe4cf98f0 nmethod 11166 0x000001fb92880e10 code [0x000001fb92881020, 0x000001fb92881878]
Event: 8.793 Thread 0x000001fbe4cf9250 11167       3       org.eclipse.jdt.internal.compiler.ast.Statement::bindingsWhenTrue (4 bytes)
Event: 8.794 Thread 0x000001fbe4cf9250 nmethod 11167 0x000001fb92881d10 code [0x000001fb92881ea0, 0x000001fb92881fb8]
Event: 8.795 Thread 0x000001fbe4cf9250 11168       3       org.eclipse.jdt.internal.compiler.ast.Expression::checkNPE (9 bytes)
Event: 8.795 Thread 0x000001fbe4cf98f0 11169       3       org.eclipse.jdt.internal.compiler.ast.FieldReference::manageSyntheticAccessIfNecessary (325 bytes)
Event: 8.796 Thread 0x000001fbe4a1b390 11170       3       org.eclipse.jdt.internal.compiler.ast.SingleNameReference::nullStatus (35 bytes)
Event: 8.796 Thread 0x000001fbe4cf9250 nmethod 11168 0x000001fb92882090 code [0x000001fb92882240, 0x000001fb92882410]
Event: 8.796 Thread 0x000001fbe4cf9250 11172       3       org.eclipse.jdt.internal.compiler.lookup.BlockScope::isLastInMethod (229 bytes)
Event: 8.796 Thread 0x000001fbe4a1b390 nmethod 11170 0x000001fb92882510 code [0x000001fb92882700, 0x000001fb92882aa0]
Event: 8.796 Thread 0x000001fbe4a1b390 11171       3       org.eclipse.jdt.internal.compiler.flow.FlowInfo::nullStatus (79 bytes)

GC Heap History (20 events):
Event: 8.628 GC heap before
{Heap before GC invocations=252 (full 3):
 PSYoungGen      total 3584K, used 3533K [0x00000000eab00000, 0x00000000eaf80000, 0x0000000100000000)
  eden space 2560K, 100% used [0x00000000eab00000,0x00000000ead80000,0x00000000ead80000)
  from space 1024K, 95% used [0x00000000eae80000,0x00000000eaf73538,0x00000000eaf80000)
  to   space 1024K, 0% used [0x00000000ead80000,0x00000000ead80000,0x00000000eae80000)
 ParOldGen       total 263168K, used 238252K [0x00000000c0000000, 0x00000000d0100000, 0x00000000eab00000)
  object space 263168K, 90% used [0x00000000c0000000,0x00000000ce8ab258,0x00000000d0100000)
 Metaspace       used 59198K, committed 60480K, reserved 1114112K
  class space    used 6019K, committed 6592K, reserved 1048576K
}
Event: 8.630 GC heap after
{Heap after GC invocations=252 (full 3):
 PSYoungGen      total 3584K, used 881K [0x00000000eab00000, 0x00000000eaf80000, 0x0000000100000000)
  eden space 2560K, 0% used [0x00000000eab00000,0x00000000eab00000,0x00000000ead80000)
  from space 1024K, 86% used [0x00000000ead80000,0x00000000eae5c5b0,0x00000000eae80000)
  to   space 1024K, 0% used [0x00000000eae80000,0x00000000eae80000,0x00000000eaf80000)
 ParOldGen       total 263168K, used 238987K [0x00000000c0000000, 0x00000000d0100000, 0x00000000eab00000)
  object space 263168K, 90% used [0x00000000c0000000,0x00000000ce962c98,0x00000000d0100000)
 Metaspace       used 59198K, committed 60480K, reserved 1114112K
  class space    used 6019K, committed 6592K, reserved 1048576K
}
Event: 8.640 GC heap before
{Heap before GC invocations=253 (full 3):
 PSYoungGen      total 3584K, used 3441K [0x00000000eab00000, 0x00000000eaf80000, 0x0000000100000000)
  eden space 2560K, 100% used [0x00000000eab00000,0x00000000ead80000,0x00000000ead80000)
  from space 1024K, 86% used [0x00000000ead80000,0x00000000eae5c5b0,0x00000000eae80000)
  to   space 1024K, 0% used [0x00000000eae80000,0x00000000eae80000,0x00000000eaf80000)
 ParOldGen       total 263168K, used 238987K [0x00000000c0000000, 0x00000000d0100000, 0x00000000eab00000)
  object space 263168K, 90% used [0x00000000c0000000,0x00000000ce962c98,0x00000000d0100000)
 Metaspace       used 59229K, committed 60480K, reserved 1114112K
  class space    used 6019K, committed 6592K, reserved 1048576K
}
Event: 8.643 GC heap after
{Heap after GC invocations=253 (full 3):
 PSYoungGen      total 3584K, used 831K [0x00000000eab00000, 0x00000000eaf80000, 0x0000000100000000)
  eden space 2560K, 0% used [0x00000000eab00000,0x00000000eab00000,0x00000000ead80000)
  from space 1024K, 81% used [0x00000000eae80000,0x00000000eaf4fe90,0x00000000eaf80000)
  to   space 1024K, 0% used [0x00000000ead80000,0x00000000ead80000,0x00000000eae80000)
 ParOldGen       total 263168K, used 239620K [0x00000000c0000000, 0x00000000d0100000, 0x00000000eab00000)
  object space 263168K, 91% used [0x00000000c0000000,0x00000000cea01288,0x00000000d0100000)
 Metaspace       used 59229K, committed 60480K, reserved 1114112K
  class space    used 6019K, committed 6592K, reserved 1048576K
}
Event: 8.648 GC heap before
{Heap before GC invocations=254 (full 3):
 PSYoungGen      total 3584K, used 3391K [0x00000000eab00000, 0x00000000eaf80000, 0x0000000100000000)
  eden space 2560K, 100% used [0x00000000eab00000,0x00000000ead80000,0x00000000ead80000)
  from space 1024K, 81% used [0x00000000eae80000,0x00000000eaf4fe90,0x00000000eaf80000)
  to   space 1024K, 0% used [0x00000000ead80000,0x00000000ead80000,0x00000000eae80000)
 ParOldGen       total 263168K, used 239620K [0x00000000c0000000, 0x00000000d0100000, 0x00000000eab00000)
  object space 263168K, 91% used [0x00000000c0000000,0x00000000cea01288,0x00000000d0100000)
 Metaspace       used 59250K, committed 60544K, reserved 1114112K
  class space    used 6019K, committed 6592K, reserved 1048576K
}
Event: 8.650 GC heap after
{Heap after GC invocations=254 (full 3):
 PSYoungGen      total 3584K, used 776K [0x00000000eab00000, 0x00000000eb000000, 0x0000000100000000)
  eden space 2560K, 0% used [0x00000000eab00000,0x00000000eab00000,0x00000000ead80000)
  from space 1024K, 75% used [0x00000000ead80000,0x00000000eae422e0,0x00000000eae80000)
  to   space 1024K, 0% used [0x00000000eaf00000,0x00000000eaf00000,0x00000000eb000000)
 ParOldGen       total 263168K, used 240173K [0x00000000c0000000, 0x00000000d0100000, 0x00000000eab00000)
  object space 263168K, 91% used [0x00000000c0000000,0x00000000cea8b5b0,0x00000000d0100000)
 Metaspace       used 59250K, committed 60544K, reserved 1114112K
  class space    used 6019K, committed 6592K, reserved 1048576K
}
Event: 8.657 GC heap before
{Heap before GC invocations=255 (full 3):
 PSYoungGen      total 3584K, used 3336K [0x00000000eab00000, 0x00000000eb000000, 0x0000000100000000)
  eden space 2560K, 100% used [0x00000000eab00000,0x00000000ead80000,0x00000000ead80000)
  from space 1024K, 75% used [0x00000000ead80000,0x00000000eae422e0,0x00000000eae80000)
  to   space 1024K, 0% used [0x00000000eaf00000,0x00000000eaf00000,0x00000000eb000000)
 ParOldGen       total 263168K, used 240173K [0x00000000c0000000, 0x00000000d0100000, 0x00000000eab00000)
  object space 263168K, 91% used [0x00000000c0000000,0x00000000cea8b5b0,0x00000000d0100000)
 Metaspace       used 59263K, committed 60544K, reserved 1114112K
  class space    used 6019K, committed 6592K, reserved 1048576K
}
Event: 8.658 GC heap after
{Heap after GC invocations=255 (full 3):
 PSYoungGen      total 4096K, used 791K [0x00000000eab00000, 0x00000000eb000000, 0x0000000100000000)
  eden space 3072K, 0% used [0x00000000eab00000,0x00000000eab00000,0x00000000eae00000)
  from space 1024K, 77% used [0x00000000eaf00000,0x00000000eafc5cf0,0x00000000eb000000)
  to   space 1024K, 0% used [0x00000000eae00000,0x00000000eae00000,0x00000000eaf00000)
 ParOldGen       total 263168K, used 240806K [0x00000000c0000000, 0x00000000d0100000, 0x00000000eab00000)
  object space 263168K, 91% used [0x00000000c0000000,0x00000000ceb29b30,0x00000000d0100000)
 Metaspace       used 59263K, committed 60544K, reserved 1114112K
  class space    used 6019K, committed 6592K, reserved 1048576K
}
Event: 8.669 GC heap before
{Heap before GC invocations=256 (full 3):
 PSYoungGen      total 4096K, used 3863K [0x00000000eab00000, 0x00000000eb000000, 0x0000000100000000)
  eden space 3072K, 99% used [0x00000000eab00000,0x00000000eadfffc0,0x00000000eae00000)
  from space 1024K, 77% used [0x00000000eaf00000,0x00000000eafc5cf0,0x00000000eb000000)
  to   space 1024K, 0% used [0x00000000eae00000,0x00000000eae00000,0x00000000eaf00000)
 ParOldGen       total 263168K, used 240806K [0x00000000c0000000, 0x00000000d0100000, 0x00000000eab00000)
  object space 263168K, 91% used [0x00000000c0000000,0x00000000ceb29b30,0x00000000d0100000)
 Metaspace       used 59296K, committed 60608K, reserved 1114112K
  class space    used 6019K, committed 6592K, reserved 1048576K
}
Event: 8.671 GC heap after
{Heap after GC invocations=256 (full 3):
 PSYoungGen      total 4096K, used 914K [0x00000000eab00000, 0x00000000eb000000, 0x0000000100000000)
  eden space 3072K, 0% used [0x00000000eab00000,0x00000000eab00000,0x00000000eae00000)
  from space 1024K, 89% used [0x00000000eae00000,0x00000000eaee4a98,0x00000000eaf00000)
  to   space 1024K, 0% used [0x00000000eaf00000,0x00000000eaf00000,0x00000000eb000000)
 ParOldGen       total 263168K, used 241384K [0x00000000c0000000, 0x00000000d0100000, 0x00000000eab00000)
  object space 263168K, 91% used [0x00000000c0000000,0x00000000cebba318,0x00000000d0100000)
 Metaspace       used 59296K, committed 60608K, reserved 1114112K
  class space    used 6019K, committed 6592K, reserved 1048576K
}
Event: 8.708 GC heap before
{Heap before GC invocations=257 (full 3):
 PSYoungGen      total 4096K, used 3986K [0x00000000eab00000, 0x00000000eb000000, 0x0000000100000000)
  eden space 3072K, 99% used [0x00000000eab00000,0x00000000eadffff0,0x00000000eae00000)
  from space 1024K, 89% used [0x00000000eae00000,0x00000000eaee4a98,0x00000000eaf00000)
  to   space 1024K, 0% used [0x00000000eaf00000,0x00000000eaf00000,0x00000000eb000000)
 ParOldGen       total 263168K, used 241384K [0x00000000c0000000, 0x00000000d0100000, 0x00000000eab00000)
  object space 263168K, 91% used [0x00000000c0000000,0x00000000cebba318,0x00000000d0100000)
 Metaspace       used 59325K, committed 60672K, reserved 1114112K
  class space    used 6020K, committed 6592K, reserved 1048576K
}
Event: 8.710 GC heap after
{Heap after GC invocations=257 (full 3):
 PSYoungGen      total 4096K, used 849K [0x00000000eab00000, 0x00000000eb000000, 0x0000000100000000)
  eden space 3072K, 0% used [0x00000000eab00000,0x00000000eab00000,0x00000000eae00000)
  from space 1024K, 82% used [0x00000000eaf00000,0x00000000eafd4750,0x00000000eb000000)
  to   space 1024K, 0% used [0x00000000eae00000,0x00000000eae00000,0x00000000eaf00000)
 ParOldGen       total 263168K, used 242176K [0x00000000c0000000, 0x00000000d0100000, 0x00000000eab00000)
  object space 263168K, 92% used [0x00000000c0000000,0x00000000cec80290,0x00000000d0100000)
 Metaspace       used 59325K, committed 60672K, reserved 1114112K
  class space    used 6020K, committed 6592K, reserved 1048576K
}
Event: 8.733 GC heap before
{Heap before GC invocations=258 (full 3):
 PSYoungGen      total 4096K, used 3921K [0x00000000eab00000, 0x00000000eb000000, 0x0000000100000000)
  eden space 3072K, 100% used [0x00000000eab00000,0x00000000eae00000,0x00000000eae00000)
  from space 1024K, 82% used [0x00000000eaf00000,0x00000000eafd4750,0x00000000eb000000)
  to   space 1024K, 0% used [0x00000000eae00000,0x00000000eae00000,0x00000000eaf00000)
 ParOldGen       total 263168K, used 242176K [0x00000000c0000000, 0x00000000d0100000, 0x00000000eab00000)
  object space 263168K, 92% used [0x00000000c0000000,0x00000000cec80290,0x00000000d0100000)
 Metaspace       used 59352K, committed 60672K, reserved 1114112K
  class space    used 6021K, committed 6592K, reserved 1048576K
}
Event: 8.737 GC heap after
{Heap after GC invocations=258 (full 3):
 PSYoungGen      total 4096K, used 922K [0x00000000eab00000, 0x00000000eb000000, 0x0000000100000000)
  eden space 3072K, 0% used [0x00000000eab00000,0x00000000eab00000,0x00000000eae00000)
  from space 1024K, 90% used [0x00000000eae00000,0x00000000eaee6b80,0x00000000eaf00000)
  to   space 1024K, 0% used [0x00000000eaf00000,0x00000000eaf00000,0x00000000eb000000)
 ParOldGen       total 263168K, used 242875K [0x00000000c0000000, 0x00000000d0100000, 0x00000000eab00000)
  object space 263168K, 92% used [0x00000000c0000000,0x00000000ced2ec60,0x00000000d0100000)
 Metaspace       used 59352K, committed 60672K, reserved 1114112K
  class space    used 6021K, committed 6592K, reserved 1048576K
}
Event: 8.752 GC heap before
{Heap before GC invocations=259 (full 3):
 PSYoungGen      total 4096K, used 3994K [0x00000000eab00000, 0x00000000eb000000, 0x0000000100000000)
  eden space 3072K, 100% used [0x00000000eab00000,0x00000000eae00000,0x00000000eae00000)
  from space 1024K, 90% used [0x00000000eae00000,0x00000000eaee6b80,0x00000000eaf00000)
  to   space 1024K, 0% used [0x00000000eaf00000,0x00000000eaf00000,0x00000000eb000000)
 ParOldGen       total 263168K, used 242875K [0x00000000c0000000, 0x00000000d0100000, 0x00000000eab00000)
  object space 263168K, 92% used [0x00000000c0000000,0x00000000ced2ec60,0x00000000d0100000)
 Metaspace       used 59382K, committed 60736K, reserved 1114112K
  class space    used 6021K, committed 6592K, reserved 1048576K
}
Event: 8.755 GC heap after
{Heap after GC invocations=259 (full 3):
 PSYoungGen      total 4096K, used 888K [0x00000000eab00000, 0x00000000eb000000, 0x0000000100000000)
  eden space 3072K, 0% used [0x00000000eab00000,0x00000000eab00000,0x00000000eae00000)
  from space 1024K, 86% used [0x00000000eaf00000,0x00000000eafde3b0,0x00000000eb000000)
  to   space 1024K, 0% used [0x00000000eae00000,0x00000000eae00000,0x00000000eaf00000)
 ParOldGen       total 263168K, used 243617K [0x00000000c0000000, 0x00000000d0100000, 0x00000000eab00000)
  object space 263168K, 92% used [0x00000000c0000000,0x00000000cede8528,0x00000000d0100000)
 Metaspace       used 59382K, committed 60736K, reserved 1114112K
  class space    used 6021K, committed 6592K, reserved 1048576K
}
Event: 8.770 GC heap before
{Heap before GC invocations=260 (full 3):
 PSYoungGen      total 4096K, used 3960K [0x00000000eab00000, 0x00000000eb000000, 0x0000000100000000)
  eden space 3072K, 100% used [0x00000000eab00000,0x00000000eae00000,0x00000000eae00000)
  from space 1024K, 86% used [0x00000000eaf00000,0x00000000eafde3b0,0x00000000eb000000)
  to   space 1024K, 0% used [0x00000000eae00000,0x00000000eae00000,0x00000000eaf00000)
 ParOldGen       total 263168K, used 243617K [0x00000000c0000000, 0x00000000d0100000, 0x00000000eab00000)
  object space 263168K, 92% used [0x00000000c0000000,0x00000000cede8528,0x00000000d0100000)
 Metaspace       used 59437K, committed 60800K, reserved 1114112K
  class space    used 6021K, committed 6592K, reserved 1048576K
}
Event: 8.772 GC heap after
{Heap after GC invocations=260 (full 3):
 PSYoungGen      total 4096K, used 940K [0x00000000eab00000, 0x00000000eb000000, 0x0000000100000000)
  eden space 3072K, 0% used [0x00000000eab00000,0x00000000eab00000,0x00000000eae00000)
  from space 1024K, 91% used [0x00000000eae00000,0x00000000eaeeb328,0x00000000eaf00000)
  to   space 1024K, 0% used [0x00000000eaf00000,0x00000000eaf00000,0x00000000eb000000)
 ParOldGen       total 263168K, used 244372K [0x00000000c0000000, 0x00000000d0100000, 0x00000000eab00000)
  object space 263168K, 92% used [0x00000000c0000000,0x00000000ceea50d8,0x00000000d0100000)
 Metaspace       used 59437K, committed 60800K, reserved 1114112K
  class space    used 6021K, committed 6592K, reserved 1048576K
}
Event: 8.788 GC heap before
{Heap before GC invocations=261 (full 3):
 PSYoungGen      total 4096K, used 4012K [0x00000000eab00000, 0x00000000eb000000, 0x0000000100000000)
  eden space 3072K, 100% used [0x00000000eab00000,0x00000000eae00000,0x00000000eae00000)
  from space 1024K, 91% used [0x00000000eae00000,0x00000000eaeeb328,0x00000000eaf00000)
  to   space 1024K, 0% used [0x00000000eaf00000,0x00000000eaf00000,0x00000000eb000000)
 ParOldGen       total 263168K, used 244372K [0x00000000c0000000, 0x00000000d0100000, 0x00000000eab00000)
  object space 263168K, 92% used [0x00000000c0000000,0x00000000ceea50d8,0x00000000d0100000)
 Metaspace       used 59508K, committed 60864K, reserved 1114112K
  class space    used 6023K, committed 6592K, reserved 1048576K
}
Event: 8.790 GC heap after
{Heap after GC invocations=261 (full 3):
 PSYoungGen      total 4096K, used 878K [0x00000000eab00000, 0x00000000eb000000, 0x0000000100000000)
  eden space 3072K, 0% used [0x00000000eab00000,0x00000000eab00000,0x00000000eae00000)
  from space 1024K, 85% used [0x00000000eaf00000,0x00000000eafdbbf8,0x00000000eb000000)
  to   space 1024K, 0% used [0x00000000eae00000,0x00000000eae00000,0x00000000eaf00000)
 ParOldGen       total 263168K, used 245112K [0x00000000c0000000, 0x00000000d0100000, 0x00000000eab00000)
  object space 263168K, 93% used [0x00000000c0000000,0x00000000cef5e370,0x00000000d0100000)
 Metaspace       used 59508K, committed 60864K, reserved 1114112K
  class space    used 6023K, committed 6592K, reserved 1048576K
}

Dll operation events (10 events):
Event: 0.007 Loaded shared library c:\Users\ASUS\.vscode\extensions\redhat.java-1.40.0-win32-x64\jre\21.0.6-win32-x86_64\bin\java.dll
Event: 0.053 Loaded shared library c:\Users\ASUS\.vscode\extensions\redhat.java-1.40.0-win32-x64\jre\21.0.6-win32-x86_64\bin\zip.dll
Event: 0.066 Loaded shared library C:\Users\ASUS\.vscode\extensions\redhat.java-1.40.0-win32-x64\jre\21.0.6-win32-x86_64\bin\instrument.dll
Event: 0.069 Loaded shared library C:\Users\ASUS\.vscode\extensions\redhat.java-1.40.0-win32-x64\jre\21.0.6-win32-x86_64\bin\net.dll
Event: 0.072 Loaded shared library C:\Users\ASUS\.vscode\extensions\redhat.java-1.40.0-win32-x64\jre\21.0.6-win32-x86_64\bin\nio.dll
Event: 0.074 Loaded shared library C:\Users\ASUS\.vscode\extensions\redhat.java-1.40.0-win32-x64\jre\21.0.6-win32-x86_64\bin\zip.dll
Event: 0.085 Loaded shared library C:\Users\ASUS\.vscode\extensions\redhat.java-1.40.0-win32-x64\jre\21.0.6-win32-x86_64\bin\jimage.dll
Event: 0.129 Loaded shared library c:\Users\ASUS\.vscode\extensions\redhat.java-1.40.0-win32-x64\jre\21.0.6-win32-x86_64\bin\verify.dll
Event: 0.749 Loaded shared library C:\Users\ASUS\AppData\Roaming\Code\User\globalStorage\redhat.java\1.40.0\config_win\org.eclipse.equinox.launcher\org.eclipse.equinox.launcher.win32.win32.x86_64_1.2.1200.v20250212-0927\eclipse_11909.dll
Event: 1.645 Loaded shared library C:\Users\ASUS\AppData\Local\Temp\jna-2018896\jna12001344178296656744.dll

Deoptimization events (20 events):
Event: 8.554 Thread 0x000001fbf9dcef60 DEOPT PACKING pc=0x000001fb993428a8 sp=0x000000261e5fe2c0
Event: 8.554 Thread 0x000001fbf9dcef60 DEOPT UNPACKING pc=0x000001fb98513aa2 sp=0x000000261e5fe238 mode 2
Event: 8.685 Thread 0x000001fbf9dcef60 Uncommon trap: trap_request=0xffffff45 fr.pc=0x000001fb993d212c relative=0x00000000000018cc
Event: 8.685 Thread 0x000001fbf9dcef60 Uncommon trap: reason=unstable_if action=reinterpret pc=0x000001fb993d212c method=org.eclipse.jdt.internal.compiler.parser.Parser.consumeToken(I)V @ 1 c2
Event: 8.688 Thread 0x000001fbf9dcef60 DEOPT PACKING pc=0x000001fb993d212c sp=0x000000261e5fee30
Event: 8.690 Thread 0x000001fbf9dcef60 DEOPT UNPACKING pc=0x000001fb98513aa2 sp=0x000000261e5fedc8 mode 2
Event: 8.763 Thread 0x000001fbf9dcef60 DEOPT PACKING pc=0x000001fb91bfc91b sp=0x000000261e5fecb0
Event: 8.763 Thread 0x000001fbf9dcef60 DEOPT UNPACKING pc=0x000001fb98514242 sp=0x000000261e5fe148 mode 0
Event: 8.776 Thread 0x000001fbf9dcef60 Uncommon trap: trap_request=0xffffff76 fr.pc=0x000001fb993d6e18 relative=0x0000000000000178
Event: 8.776 Thread 0x000001fbf9dcef60 Uncommon trap: reason=predicate action=maybe_recompile pc=0x000001fb993d6e18 method=java.util.Arrays.fill([Ljava/lang/Object;Ljava/lang/Object;)V @ 7 c2
Event: 8.776 Thread 0x000001fbf9dcef60 DEOPT PACKING pc=0x000001fb993d6e18 sp=0x000000261e5fee00
Event: 8.776 Thread 0x000001fbf9dcef60 DEOPT UNPACKING pc=0x000001fb98513aa2 sp=0x000000261e5fed88 mode 2
Event: 8.776 Thread 0x000001fbf9dcef60 Uncommon trap: trap_request=0xffffffbe fr.pc=0x000001fb993d5a74 relative=0x0000000000000254
Event: 8.776 Thread 0x000001fbf9dcef60 Uncommon trap: reason=profile_predicate action=maybe_recompile pc=0x000001fb993d5a74 method=java.util.Arrays.fill([Ljava/lang/Object;Ljava/lang/Object;)V @ 5 c2
Event: 8.776 Thread 0x000001fbf9dcef60 DEOPT PACKING pc=0x000001fb993d5a74 sp=0x000000261e5fedc0
Event: 8.776 Thread 0x000001fbf9dcef60 DEOPT UNPACKING pc=0x000001fb98513aa2 sp=0x000000261e5fed98 mode 2
Event: 8.781 Thread 0x000001fbf9dcef60 Uncommon trap: trap_request=0xffffffbe fr.pc=0x000001fb993d5a74 relative=0x0000000000000254
Event: 8.781 Thread 0x000001fbf9dcef60 Uncommon trap: reason=profile_predicate action=maybe_recompile pc=0x000001fb993d5a74 method=java.util.Arrays.fill([Ljava/lang/Object;Ljava/lang/Object;)V @ 5 c2
Event: 8.781 Thread 0x000001fbf9dcef60 DEOPT PACKING pc=0x000001fb993d5a74 sp=0x000000261e5fedc0
Event: 8.781 Thread 0x000001fbf9dcef60 DEOPT UNPACKING pc=0x000001fb98513aa2 sp=0x000000261e5fed98 mode 2

Classes loaded (20 events):
Event: 7.905 Loading class sun/nio/ch/ChannelOutputStream
Event: 7.905 Loading class sun/nio/ch/ChannelOutputStream done
Event: 8.018 Loading class java/util/stream/ReferencePipeline$4
Event: 8.018 Loading class java/util/stream/IntPipeline$StatelessOp
Event: 8.018 Loading class java/util/stream/IntPipeline
Event: 8.019 Loading class java/util/stream/IntStream
Event: 8.019 Loading class java/util/stream/IntStream done
Event: 8.019 Loading class java/util/stream/IntPipeline done
Event: 8.019 Loading class java/util/stream/IntPipeline$StatelessOp done
Event: 8.019 Loading class java/util/stream/ReferencePipeline$4 done
Event: 8.020 Loading class java/util/stream/Nodes$IntFixedNodeBuilder
Event: 8.020 Loading class java/util/stream/Node$Builder$OfInt
Event: 8.020 Loading class java/util/stream/Sink$OfInt
Event: 8.020 Loading class java/util/stream/Sink$OfInt done
Event: 8.020 Loading class java/util/stream/Node$Builder$OfInt done
Event: 8.020 Loading class java/util/stream/Nodes$IntArrayNode
Event: 8.020 Loading class java/util/stream/Nodes$IntArrayNode done
Event: 8.020 Loading class java/util/stream/Nodes$IntFixedNodeBuilder done
Event: 8.020 Loading class java/util/stream/ReferencePipeline$4$1
Event: 8.021 Loading class java/util/stream/ReferencePipeline$4$1 done

Classes unloaded (7 events):
Event: 2.099 Thread 0x000001fbe4a03220 Unloading class 0x000001fba4199400 'java/lang/invoke/LambdaForm$MH+0x000001fba4199400'
Event: 2.099 Thread 0x000001fbe4a03220 Unloading class 0x000001fba4199000 'java/lang/invoke/LambdaForm$MH+0x000001fba4199000'
Event: 2.099 Thread 0x000001fbe4a03220 Unloading class 0x000001fba4198c00 'java/lang/invoke/LambdaForm$MH+0x000001fba4198c00'
Event: 2.099 Thread 0x000001fbe4a03220 Unloading class 0x000001fba4198800 'java/lang/invoke/LambdaForm$MH+0x000001fba4198800'
Event: 2.099 Thread 0x000001fbe4a03220 Unloading class 0x000001fba4198400 'java/lang/invoke/LambdaForm$BMH+0x000001fba4198400'
Event: 2.099 Thread 0x000001fbe4a03220 Unloading class 0x000001fba4198000 'java/lang/invoke/LambdaForm$DMH+0x000001fba4198000'
Event: 2.099 Thread 0x000001fbe4a03220 Unloading class 0x000001fba4196c00 'java/lang/invoke/LambdaForm$DMH+0x000001fba4196c00'

Classes redefined (0 events):
No events

Internal exceptions (20 events):
Event: 5.124 Thread 0x000001fbeb532c50 Exception <a 'java/io/FileNotFoundException'{0x00000000ead350b8}> (0x00000000ead350b8) 
thrown [s\src\hotspot\share\prims\jni.cpp, line 520]
Event: 5.126 Thread 0x000001fbeb532c50 Exception <a 'java/io/FileNotFoundException'{0x00000000eadf8d28}> (0x00000000eadf8d28) 
thrown [s\src\hotspot\share\prims\jni.cpp, line 520]
Event: 5.126 Thread 0x000001fbeb532c50 Exception <a 'java/io/FileNotFoundException'{0x00000000eadf9fe0}> (0x00000000eadf9fe0) 
thrown [s\src\hotspot\share\prims\jni.cpp, line 520]
Event: 5.127 Thread 0x000001fbeb532c50 Exception <a 'java/io/FileNotFoundException'{0x00000000eadfaff0}> (0x00000000eadfaff0) 
thrown [s\src\hotspot\share\prims\jni.cpp, line 520]
Event: 5.452 Thread 0x000001fbeb532c50 Exception <a 'sun/nio/fs/WindowsException'{0x00000000eb1b29f8}> (0x00000000eb1b29f8) 
thrown [s\src\hotspot\share\prims\jni.cpp, line 520]
Event: 5.456 Thread 0x000001fbf0f058b0 Exception <a 'sun/nio/fs/WindowsException'{0x00000000eb2e0210}> (0x00000000eb2e0210) 
thrown [s\src\hotspot\share\prims\jni.cpp, line 520]
Event: 5.457 Thread 0x000001fbf0f08d30 Exception <a 'sun/nio/fs/WindowsException'{0x00000000eb31f2f0}> (0x00000000eb31f2f0) 
thrown [s\src\hotspot\share\prims\jni.cpp, line 520]
Event: 5.457 Thread 0x000001fbf0f03e70 Exception <a 'sun/nio/fs/WindowsException'{0x00000000eb32a170}> (0x00000000eb32a170) 
thrown [s\src\hotspot\share\prims\jni.cpp, line 520]
Event: 5.458 Thread 0x000001fbf0f0a0e0 Exception <a 'sun/nio/fs/WindowsException'{0x00000000eb334d40}> (0x00000000eb334d40) 
thrown [s\src\hotspot\share\prims\jni.cpp, line 520]
Event: 5.471 Thread 0x000001fbeb532c50 Exception <a 'sun/nio/fs/WindowsException'{0x00000000eb693268}> (0x00000000eb693268) 
thrown [s\src\hotspot\share\prims\jni.cpp, line 520]
Event: 5.478 Thread 0x000001fbeb532c50 Exception <a 'sun/nio/fs/WindowsException'{0x00000000eabaa6a0}> (0x00000000eabaa6a0) 
thrown [s\src\hotspot\share\prims\jni.cpp, line 520]
Event: 5.967 Thread 0x000001fbeb5353b0 Implicit null exception at 0x000001fb991b7214 to 0x000001fb991bc120
Event: 6.943 Thread 0x000001fbeb532c50 Exception <a 'java/lang/NoSuchMethodError'{0x00000000eada1578}: 'java.lang.Object java.lang.invoke.DirectMethodHandle$Holder.invokeStatic(java.lang.Object, java.lang.Object, int, int)'> (0x00000000eada1578) 
thrown [s\src\hotspot\share\interpreter\linkResolver.cpp, line 773]
Event: 6.943 Thread 0x000001fbeb532c50 Exception <a 'java/lang/NoSuchMethodError'{0x00000000eadbd800}: 'java.lang.Object java.lang.invoke.DirectMethodHandle$Holder.invokeSpecial(java.lang.Object, java.lang.Object, java.lang.Object, int, int)'> (0x00000000eadbd800) 
thrown [s\src\hotspot\share\interpreter\linkResolver.cpp, line 773]
Event: 7.070 Thread 0x000001fbeb532c50 Implicit null exception at 0x000001fb992786a3 to 0x000001fb99278a08
Event: 7.115 Thread 0x000001fbeb532c50 Exception <a 'java/lang/NoSuchMethodError'{0x00000000eabd0c48}: 'int java.lang.invoke.DirectMethodHandle$Holder.invokeSpecialIFC(java.lang.Object, java.lang.Object, java.lang.Object)'> (0x00000000eabd0c48) 
thrown [s\src\hotspot\share\interpreter\linkResolver.cpp, line 773]
Event: 7.372 Thread 0x000001fbeb532c50 Implicit null exception at 0x000001fb98fc1bcf to 0x000001fb98fc1d34
Event: 7.857 Thread 0x000001fbf9dcef60 Exception <a 'java/lang/NoSuchMethodError'{0x00000000ead442f0}: 'void java.lang.invoke.DirectMethodHandle$Holder.invokeStatic(java.lang.Object, int, java.lang.Object)'> (0x00000000ead442f0) 
thrown [s\src\hotspot\share\interpreter\linkResolver.cpp, line 773]
Event: 7.891 Thread 0x000001fbeb532c50 Exception <a 'java/lang/NoSuchMethodError'{0x00000000ead92df8}: 'java.lang.Object java.lang.invoke.DirectMethodHandle$Holder.newInvokeSpecial(java.lang.Object, java.lang.Object, int, int, java.lang.Object)'> (0x00000000ead92df8) 
thrown [s\src\hotspot\share\interpreter\linkResolver.cpp, line 773]
Event: 7.965 Thread 0x000001fbf9dcef60 Implicit null exception at 0x000001fb9926e4c7 to 0x000001fb9926eb94

ZGC Phase Switch (0 events):
No events

VM Operations (20 events):
Event: 8.628 Executing VM operation: ParallelGCFailedAllocation (Allocation Failure)
Event: 8.630 Executing VM operation: ParallelGCFailedAllocation (Allocation Failure) done
Event: 8.640 Executing VM operation: ParallelGCFailedAllocation (Allocation Failure)
Event: 8.643 Executing VM operation: ParallelGCFailedAllocation (Allocation Failure) done
Event: 8.648 Executing VM operation: ParallelGCFailedAllocation (Allocation Failure)
Event: 8.650 Executing VM operation: ParallelGCFailedAllocation (Allocation Failure) done
Event: 8.657 Executing VM operation: ParallelGCFailedAllocation (Allocation Failure)
Event: 8.658 Executing VM operation: ParallelGCFailedAllocation (Allocation Failure) done
Event: 8.669 Executing VM operation: ParallelGCFailedAllocation (Allocation Failure)
Event: 8.671 Executing VM operation: ParallelGCFailedAllocation (Allocation Failure) done
Event: 8.708 Executing VM operation: ParallelGCFailedAllocation (Allocation Failure)
Event: 8.710 Executing VM operation: ParallelGCFailedAllocation (Allocation Failure) done
Event: 8.732 Executing VM operation: ParallelGCFailedAllocation (Allocation Failure)
Event: 8.737 Executing VM operation: ParallelGCFailedAllocation (Allocation Failure) done
Event: 8.752 Executing VM operation: ParallelGCFailedAllocation (Allocation Failure)
Event: 8.755 Executing VM operation: ParallelGCFailedAllocation (Allocation Failure) done
Event: 8.770 Executing VM operation: ParallelGCFailedAllocation (Allocation Failure)
Event: 8.772 Executing VM operation: ParallelGCFailedAllocation (Allocation Failure) done
Event: 8.788 Executing VM operation: ParallelGCFailedAllocation (Allocation Failure)
Event: 8.790 Executing VM operation: ParallelGCFailedAllocation (Allocation Failure) done

Memory protections (0 events):
No events

Nmethod flushes (20 events):
Event: 8.229 Thread 0x000001fbe4a03220 flushing  nmethod 0x000001fb919efe10
Event: 8.229 Thread 0x000001fbe4a03220 flushing  nmethod 0x000001fb919f0510
Event: 8.229 Thread 0x000001fbe4a03220 flushing  nmethod 0x000001fb919f1d90
Event: 8.229 Thread 0x000001fbe4a03220 flushing  nmethod 0x000001fb91a08890
Event: 8.229 Thread 0x000001fbe4a03220 flushing  nmethod 0x000001fb91a0ee90
Event: 8.229 Thread 0x000001fbe4a03220 flushing  nmethod 0x000001fb91a25110
Event: 8.229 Thread 0x000001fbe4a03220 flushing osr nmethod 0x000001fb91a33390
Event: 8.229 Thread 0x000001fbe4a03220 flushing  nmethod 0x000001fb91aad990
Event: 8.229 Thread 0x000001fbe4a03220 flushing  nmethod 0x000001fb91aaf490
Event: 8.229 Thread 0x000001fbe4a03220 flushing  nmethod 0x000001fb91aafe90
Event: 8.229 Thread 0x000001fbe4a03220 flushing  nmethod 0x000001fb91ab0290
Event: 8.229 Thread 0x000001fbe4a03220 flushing  nmethod 0x000001fb91ab0710
Event: 8.229 Thread 0x000001fbe4a03220 flushing  nmethod 0x000001fb91ab2010
Event: 8.229 Thread 0x000001fbe4a03220 flushing  nmethod 0x000001fb91ab2a10
Event: 8.229 Thread 0x000001fbe4a03220 flushing  nmethod 0x000001fb91ac6490
Event: 8.229 Thread 0x000001fbe4a03220 flushing  nmethod 0x000001fb91af1c90
Event: 8.229 Thread 0x000001fbe4a03220 flushing  nmethod 0x000001fb91afc490
Event: 8.229 Thread 0x000001fbe4a03220 flushing  nmethod 0x000001fb91b07090
Event: 8.229 Thread 0x000001fbe4a03220 flushing  nmethod 0x000001fb91b47c10
Event: 8.229 Thread 0x000001fbe4a03220 flushing  nmethod 0x000001fb91b6fa10

Events (20 events):
Event: 5.510 Thread 0x000001fbeb532c50 Thread added: 0x000001fbf9dce240
Event: 5.510 Thread 0x000001fbeb532c50 Thread added: 0x000001fbf9dcfc80
Event: 5.510 Thread 0x000001fbeb532c50 Thread added: 0x000001fbf9dd0310
Event: 5.511 Thread 0x000001fbeb532c50 Thread added: 0x000001fbf9dcf5f0
Event: 7.085 Thread 0x000001fbeb9bc000 Thread exited: 0x000001fbeb9bc000
Event: 7.779 Thread 0x000001fbeb532c50 Thread added: 0x000001fbf9dcef60
Event: 7.891 Thread 0x000001fbeb532c50 Thread added: 0x000001fbf9dd09a0
Event: 7.951 Thread 0x000001fbeb532c50 Thread added: 0x000001fbf9dd1030
Event: 7.961 Thread 0x000001fbeb532c50 Thread added: 0x000001fbf9dd1d50
Event: 8.010 Thread 0x000001fbeb532c50 Thread added: 0x000001fbfab8acb0
Event: 8.018 Thread 0x000001fbeb532c50 Thread added: 0x000001fbfab86b10
Event: 8.126 Thread 0x000001fbeb532c50 Thread added: 0x000001fbfab8c060
Event: 8.150 Thread 0x000001fbeb532c50 Thread added: 0x000001fbfab871a0
Event: 8.449 Thread 0x000001fbeb532c50 Thread added: 0x000001fbfab87830
Event: 8.472 Thread 0x000001fbeb532c50 Thread added: 0x000001fbfab87ec0
Event: 8.477 Thread 0x000001fbeb532c50 Thread added: 0x000001fbfab85df0
Event: 8.541 Thread 0x000001fbeb532c50 Thread added: 0x000001fbfab8a620
Event: 8.564 Thread 0x000001fbeb532c50 Thread added: 0x000001fbfab8c6f0
Event: 8.569 Thread 0x000001fbeb532c50 Thread added: 0x000001fbfab89f90
Event: 8.655 Thread 0x000001fbeb532c50 Thread added: 0x000001fbfab88550


Dynamic libraries:
0x00007ff7e7640000 - 0x00007ff7e764e000 	c:\Users\ASUS\.vscode\extensions\redhat.java-1.40.0-win32-x64\jre\21.0.6-win32-x86_64\bin\java.exe
0x00007fffc38b0000 - 0x00007fffc3ac7000 	C:\WINDOWS\SYSTEM32\ntdll.dll
0x00007fffc26d0000 - 0x00007fffc2794000 	C:\WINDOWS\System32\KERNEL32.DLL
0x00007fffc0b60000 - 0x00007fffc0f30000 	C:\WINDOWS\System32\KERNELBASE.dll
0x00007fffc1220000 - 0x00007fffc1331000 	C:\WINDOWS\System32\ucrtbase.dll
0x00007fffb5600000 - 0x00007fffb561e000 	c:\Users\ASUS\.vscode\extensions\redhat.java-1.40.0-win32-x64\jre\21.0.6-win32-x86_64\bin\VCRUNTIME140.dll
0x00007fffb5300000 - 0x00007fffb5318000 	c:\Users\ASUS\.vscode\extensions\redhat.java-1.40.0-win32-x64\jre\21.0.6-win32-x86_64\bin\jli.dll
0x00007fffc2b30000 - 0x00007fffc2cde000 	C:\WINDOWS\System32\USER32.dll
0x00007fffc0fe0000 - 0x00007fffc1006000 	C:\WINDOWS\System32\win32u.dll
0x00007fffb0460000 - 0x00007fffb06f2000 	C:\WINDOWS\WinSxS\amd64_microsoft.windows.common-controls_6595b64144ccf1df_6.0.22621.4830_none_270fe7d773858e80\COMCTL32.dll
0x00007fffc2870000 - 0x00007fffc2899000 	C:\WINDOWS\System32\GDI32.dll
0x00007fffc2a80000 - 0x00007fffc2b27000 	C:\WINDOWS\System32\msvcrt.dll
0x00007fffc1480000 - 0x00007fffc159b000 	C:\WINDOWS\System32\gdi32full.dll
0x00007fffc1010000 - 0x00007fffc10aa000 	C:\WINDOWS\System32\msvcp_win.dll
0x00007fffc27a0000 - 0x00007fffc27d1000 	C:\WINDOWS\System32\IMM32.DLL
0x00007fffb97f0000 - 0x00007fffb97fc000 	c:\Users\ASUS\.vscode\extensions\redhat.java-1.40.0-win32-x64\jre\21.0.6-win32-x86_64\bin\vcruntime140_1.dll
0x00007fffad510000 - 0x00007fffad59d000 	c:\Users\ASUS\.vscode\extensions\redhat.java-1.40.0-win32-x64\jre\21.0.6-win32-x86_64\bin\msvcp140.dll
0x00007fff551e0000 - 0x00007fff55f70000 	c:\Users\ASUS\.vscode\extensions\redhat.java-1.40.0-win32-x64\jre\21.0.6-win32-x86_64\bin\server\jvm.dll
0x00007fffc17e0000 - 0x00007fffc1891000 	C:\WINDOWS\System32\ADVAPI32.dll
0x00007fffc3390000 - 0x00007fffc3437000 	C:\WINDOWS\System32\sechost.dll
0x00007fffc0fb0000 - 0x00007fffc0fd8000 	C:\WINDOWS\System32\bcrypt.dll
0x00007fffc3270000 - 0x00007fffc3384000 	C:\WINDOWS\System32\RPCRT4.dll
0x00007fffc1dd0000 - 0x00007fffc1e41000 	C:\WINDOWS\System32\WS2_32.dll
0x00007fffc0880000 - 0x00007fffc08cd000 	C:\WINDOWS\SYSTEM32\POWRPROF.dll
0x00007fffbab60000 - 0x00007fffbab6a000 	C:\WINDOWS\SYSTEM32\VERSION.dll
0x00007fffb7bd0000 - 0x00007fffb7c04000 	C:\WINDOWS\SYSTEM32\WINMM.dll
0x00007fffc0860000 - 0x00007fffc0873000 	C:\WINDOWS\SYSTEM32\UMPDC.dll
0x00007fffbfba0000 - 0x00007fffbfbb8000 	C:\WINDOWS\SYSTEM32\kernel.appcore.dll
0x00007fffb5b30000 - 0x00007fffb5b3a000 	c:\Users\ASUS\.vscode\extensions\redhat.java-1.40.0-win32-x64\jre\21.0.6-win32-x86_64\bin\jimage.dll
0x00007fffb9ec0000 - 0x00007fffba0f2000 	C:\WINDOWS\SYSTEM32\DBGHELP.DLL
0x00007fffc3440000 - 0x00007fffc37d0000 	C:\WINDOWS\System32\combase.dll
0x00007fffc1a90000 - 0x00007fffc1b67000 	C:\WINDOWS\System32\OLEAUT32.dll
0x00007fffb9390000 - 0x00007fffb93c2000 	C:\WINDOWS\SYSTEM32\dbgcore.DLL
0x00007fffc1400000 - 0x00007fffc147b000 	C:\WINDOWS\System32\bcryptPrimitives.dll
0x00007fffb57e0000 - 0x00007fffb57ef000 	c:\Users\ASUS\.vscode\extensions\redhat.java-1.40.0-win32-x64\jre\21.0.6-win32-x86_64\bin\instrument.dll
0x00007fffb1260000 - 0x00007fffb127f000 	c:\Users\ASUS\.vscode\extensions\redhat.java-1.40.0-win32-x64\jre\21.0.6-win32-x86_64\bin\java.dll
0x00007fffc1e50000 - 0x00007fffc26c8000 	C:\WINDOWS\System32\SHELL32.dll
0x00007fffbeab0000 - 0x00007fffbf3c0000 	C:\WINDOWS\SYSTEM32\windows.storage.dll
0x00007fffbe970000 - 0x00007fffbeaaf000 	C:\WINDOWS\SYSTEM32\wintypes.dll
0x00007fffc28a0000 - 0x00007fffc29aa000 	C:\WINDOWS\System32\SHCORE.dll
0x00007fffc15d0000 - 0x00007fffc162e000 	C:\WINDOWS\System32\shlwapi.dll
0x00007fffc0a90000 - 0x00007fffc0abb000 	C:\WINDOWS\SYSTEM32\profapi.dll
0x00007fffb0e50000 - 0x00007fffb0e68000 	c:\Users\ASUS\.vscode\extensions\redhat.java-1.40.0-win32-x64\jre\21.0.6-win32-x86_64\bin\zip.dll
0x00007fffb5790000 - 0x00007fffb57a0000 	C:\Users\ASUS\.vscode\extensions\redhat.java-1.40.0-win32-x64\jre\21.0.6-win32-x86_64\bin\net.dll
0x00007fffbdb00000 - 0x00007fffbdc2c000 	C:\WINDOWS\SYSTEM32\WINHTTP.dll
0x00007fffc0020000 - 0x00007fffc008a000 	C:\WINDOWS\system32\mswsock.dll
0x00007fffb1220000 - 0x00007fffb1236000 	C:\Users\ASUS\.vscode\extensions\redhat.java-1.40.0-win32-x64\jre\21.0.6-win32-x86_64\bin\nio.dll
0x00007fffb52f0000 - 0x00007fffb5300000 	c:\Users\ASUS\.vscode\extensions\redhat.java-1.40.0-win32-x64\jre\21.0.6-win32-x86_64\bin\verify.dll
0x00007fffb1090000 - 0x00007fffb10d5000 	C:\Users\ASUS\AppData\Roaming\Code\User\globalStorage\redhat.java\1.40.0\config_win\org.eclipse.equinox.launcher\org.eclipse.equinox.launcher.win32.win32.x86_64_1.2.1200.v20250212-0927\eclipse_11909.dll
0x00007fffc1630000 - 0x00007fffc17d1000 	C:\WINDOWS\System32\ole32.dll
0x00007fffc0270000 - 0x00007fffc028b000 	C:\WINDOWS\SYSTEM32\CRYPTSP.dll
0x00007fffbfb00000 - 0x00007fffbfb35000 	C:\WINDOWS\system32\rsaenh.dll
0x00007fffc0110000 - 0x00007fffc0138000 	C:\WINDOWS\SYSTEM32\USERENV.dll
0x00007fffc0290000 - 0x00007fffc029c000 	C:\WINDOWS\SYSTEM32\CRYPTBASE.dll
0x00007fffbf610000 - 0x00007fffbf63d000 	C:\WINDOWS\SYSTEM32\IPHLPAPI.DLL
0x00007fffc15a0000 - 0x00007fffc15a9000 	C:\WINDOWS\System32\NSI.dll
0x00007fffad4c0000 - 0x00007fffad509000 	C:\Users\ASUS\AppData\Local\Temp\jna-2018896\jna12001344178296656744.dll
0x00007fffc3850000 - 0x00007fffc3858000 	C:\WINDOWS\System32\PSAPI.DLL
0x00007fffbd1f0000 - 0x00007fffbd209000 	C:\WINDOWS\SYSTEM32\dhcpcsvc6.DLL
0x00007fffbd1d0000 - 0x00007fffbd1ef000 	C:\WINDOWS\SYSTEM32\dhcpcsvc.DLL

dbghelp: loaded successfully - version: 4.0.5 - missing functions: none
symbol engine: initialized successfully - sym options: 0x614 - pdb path: .;c:\Users\ASUS\.vscode\extensions\redhat.java-1.40.0-win32-x64\jre\21.0.6-win32-x86_64\bin;C:\WINDOWS\SYSTEM32;C:\WINDOWS\WinSxS\amd64_microsoft.windows.common-controls_6595b64144ccf1df_6.0.22621.4830_none_270fe7d773858e80;c:\Users\ASUS\.vscode\extensions\redhat.java-1.40.0-win32-x64\jre\21.0.6-win32-x86_64\bin\server;C:\Users\ASUS\AppData\Roaming\Code\User\globalStorage\redhat.java\1.40.0\config_win\org.eclipse.equinox.launcher\org.eclipse.equinox.launcher.win32.win32.x86_64_1.2.1200.v20250212-0927;C:\Users\ASUS\AppData\Local\Temp\jna-2018896

VM Arguments:
jvm_args: --add-modules=ALL-SYSTEM --add-opens=java.base/java.util=ALL-UNNAMED --add-opens=java.base/java.lang=ALL-UNNAMED --add-opens=java.base/sun.nio.fs=ALL-UNNAMED -Declipse.application=org.eclipse.jdt.ls.core.id1 -Dosgi.bundles.defaultStartLevel=4 -Declipse.product=org.eclipse.jdt.ls.core.product -Djava.import.generatesMetadataFilesAtProjectRoot=false -DDetectVMInstallationsJob.disabled=true -Dfile.encoding=utf8 -XX:+UseParallelGC -XX:GCTimeRatio=4 -XX:AdaptiveSizePolicyWeight=90 -Dsun.zip.disableMemoryMapping=true -Xmx1G -Xms100m -Xlog:disable -javaagent:c:\Users\ASUS\.vscode\extensions\redhat.java-1.40.0-win32-x64\lombok\lombok-1.18.36.jar -XX:+HeapDumpOnOutOfMemoryError -XX:HeapDumpPath=c:\Users\ASUS\AppData\Roaming\Code\User\workspaceStorage\a26ced7fe018b66e12da886babd7af56\redhat.java -Daether.dependencyCollector.impl=bf 
java_command: c:\Users\ASUS\.vscode\extensions\redhat.java-1.40.0-win32-x64\server\plugins\org.eclipse.equinox.launcher_1.6.1000.v20250131-0606.jar -configuration c:\Users\ASUS\AppData\Roaming\Code\User\globalStorage\redhat.java\1.40.0\config_win -data c:\Users\ASUS\AppData\Roaming\Code\User\workspaceStorage\a26ced7fe018b66e12da886babd7af56\redhat.java\jdt_ws --pipe=\\.\pipe\lsp-9800918bf557b48cf5fd82b0b37c38d4-sock
java_class_path (initial): c:\Users\ASUS\.vscode\extensions\redhat.java-1.40.0-win32-x64\server\plugins\org.eclipse.equinox.launcher_1.6.1000.v20250131-0606.jar
Launcher Type: SUN_STANDARD

[Global flags]
    uintx AdaptiveSizePolicyWeight                 = 90                                        {product} {command line}
     intx CICompilerCount                          = 12                                        {product} {ergonomic}
    uintx GCTimeRatio                              = 4                                         {product} {command line}
     bool HeapDumpOnOutOfMemoryError               = true                                   {manageable} {command line}
    ccstr HeapDumpPath                             = c:\Users\ASUS\AppData\Roaming\Code\User\workspaceStorage\a26ced7fe018b66e12da886babd7af56\redhat.java         {manageable} {command line}
   size_t InitialHeapSize                          = 104857600                                 {product} {command line}
   size_t MaxHeapSize                              = 1073741824                                {product} {command line}
   size_t MaxNewSize                               = 357564416                                 {product} {ergonomic}
   size_t MinHeapDeltaBytes                        = 524288                                    {product} {ergonomic}
   size_t MinHeapSize                              = 104857600                                 {product} {command line}
   size_t NewSize                                  = 34603008                                  {product} {ergonomic}
    uintx NonNMethodCodeHeapSize                   = 7602480                                {pd product} {ergonomic}
    uintx NonProfiledCodeHeapSize                  = 122027880                              {pd product} {ergonomic}
   size_t OldSize                                  = 70254592                                  {product} {ergonomic}
    uintx ProfiledCodeHeapSize                     = 122027880                              {pd product} {ergonomic}
    uintx ReservedCodeCacheSize                    = 251658240                              {pd product} {ergonomic}
     bool SegmentedCodeCache                       = true                                      {product} {ergonomic}
   size_t SoftMaxHeapSize                          = 1073741824                             {manageable} {ergonomic}
     bool UseCompressedOops                        = true                           {product lp64_product} {ergonomic}
     bool UseLargePagesIndividualAllocation        = false                                  {pd product} {ergonomic}
     bool UseParallelGC                            = true                                      {product} {command line}

Logging:
Log output configuration:
 #0: stdout all=off uptime,level,tags foldmultilines=false
 #1: stderr all=off uptime,level,tags foldmultilines=false

Environment Variables:
PATH=C:\Program Files\Common Files\Oracle\Java\javapath;C:\Program Files (x86)\Common Files\Oracle\Java\java8path;C:\Program Files (x86)\Common Files\Oracle\Java\javapath;C:\ProgramData\Oracle\Java\javapath;C:\Windows\system32;C:\Windows;C:\Windows\System32\Wbem;C:\Windows\System32\WindowsPowerShell\v1.0\;C:\Windows\System32\OpenSSH\;C:\Program Files (x86)\NVIDIA Corporation\PhysX\Common;C:\WINDOWS\system32;C:\WINDOWS;C:\WINDOWS\System32\Wbem;C:\WINDOWS\System32\WindowsPowerShell\v1.0\;C:\WINDOWS\System32\OpenSSH\;C:\Program Files (x86)\Microsoft SQL Server\160\Tools\Binn\;C:\Program Files\Microsoft SQL Server\160\Tools\Binn\;C:\Program Files\Microsoft SQL Server\Client SDK\ODBC\170\Tools\Binn\;C:\Program Files\Microsoft SQL Server\160\DTS\Binn\;C:\Program Files (x86)\Microsoft SQL Server\160\DTS\Binn\;C:\Program Files\Azure Data Studio\bin;C:\Program Files\dotnet\;C:\Program Files\nodejs\;C:\Program Files\Git\cmd;C:\Program Files\NVIDIA Corporation\NVIDIA app\NvDLISR;C:\Program Files\Cloudflare\Cloudflare WARP\;C:\Program Files\MySQL\MySQL Shell 8.0\bin\;C:\Users\ASUS\AppData\Local\Microsoft\WindowsApps;C:\Program Files\Azure Data Studio\bin;C:\Users\ASUS\AppData\Local\Programs\Microsoft VS Code\bin;C:\Users\ASUS\AppData\Roaming\npm;C:\Program Files\Git\mingw64\bin\;
USERNAME=ASUS
OS=Windows_NT
PROCESSOR_IDENTIFIER=AMD64 Family 25 Model 68 Stepping 1, AuthenticAMD
TMP=C:\Users\ASUS\AppData\Local\Temp
TEMP=C:\Users\ASUS\AppData\Local\Temp




Periodic native trim disabled

---------------  S Y S T E M  ---------------

OS:
 Windows 11 , 64 bit Build 22621 (10.0.22621.4830)
OS uptime: 0 days 1:28 hours

CPU: total 16 (initial active 16) (16 cores per cpu, 2 threads per core) family 25 model 68 stepping 1 microcode 0x0, cx8, cmov, fxsr, ht, mmx, 3dnowpref, sse, sse2, sse3, ssse3, sse4a, sse4.1, sse4.2, popcnt, lzcnt, tsc, tscinvbit, avx, avx2, aes, clmul, bmi1, bmi2, adx, sha, fma, vzeroupper, clflush, clflushopt, rdtscp, rdpid, f16c, pku, cet_ss
Processor Information for the first 16 processors :
  Max Mhz: 3201, Current Mhz: 3201, Mhz Limit: 3201

Memory: 4k page, system-wide physical 15613M (2541M free)
TotalPageFile size 19709M (AvailPageFile size 13M)
current process WorkingSet (physical memory assigned to process): 819M, peak: 820M
current process commit charge ("private bytes"): 789M, peak: 793M

vm_info: OpenJDK 64-Bit Server VM (21.0.6+7-LTS) for windows-amd64 JRE (21.0.6+7-LTS), built on 2025-01-21T00:00:00Z by "admin" with MS VC++ 17.7 (VS2022)

END.
