#
# There is insufficient memory for the Java Runtime Environment to continue.
# Native memory allocation (malloc) failed to allocate 1754736 bytes for Chunk::new
# Possible reasons:
#   The system is out of physical RAM or swap space
#   The process is running with CompressedOops enabled, and the Java Heap may be blocking the growth of the native heap
# Possible solutions:
#   Reduce memory load on the system
#   Increase physical memory or swap space
#   Check if swap backing store is full
#   Decrease Java heap size (-Xmx/-Xms)
#   Decrease number of Java threads
#   Decrease Java thread stack sizes (-Xss)
#   Set larger code cache with -XX:ReservedCodeCacheSize=
#   JVM is running with Unscaled Compressed Oops mode in which the Java heap is
#     placed in the first 4GB address space. The Java Heap base address is the
#     maximum limit for the native heap growth. Please use -XX:HeapBaseMinAddress
#     to set the Java Heap base and to place the Java Heap above 4GB virtual address.
# This output file may be truncated or incomplete.
#
#  Out of Memory Error (arena.cpp:189), pid=2632, tid=28760
#
# JRE version: Java(TM) SE Runtime Environment (17.0.9+11) (build 17.0.9+11-LTS-201)
# Java VM: Java HotSpot(TM) 64-Bit Server VM (17.0.9+11-LTS-201, mixed mode, sharing, tiered, compressed oops, compressed class ptrs, g1 gc, windows-amd64)
# No core dump will be written. Minidumps are not enabled by default on client versions of Windows
#

---------------  S U M M A R Y ------------

Command Line: --add-opens=java.base/java.lang=ALL-UNNAMED --add-opens=java.base/java.lang.invoke=ALL-UNNAMED --add-opens=java.base/java.util=ALL-UNNAMED --add-opens=java.prefs/java.util.prefs=ALL-UNNAMED --add-exports=jdk.compiler/com.sun.tools.javac.api=ALL-UNNAMED --add-exports=jdk.compiler/com.sun.tools.javac.util=ALL-UNNAMED --add-opens=java.base/java.util=ALL-UNNAMED --add-opens=java.prefs/java.util.prefs=ALL-UNNAMED --add-opens=java.base/java.nio.charset=ALL-UNNAMED --add-opens=java.base/java.net=ALL-UNNAMED --add-opens=java.base/java.util.concurrent.atomic=ALL-UNNAMED --add-opens=java.xml/javax.xml.namespace=ALL-UNNAMED -XX:MaxMetaspaceSize=384m -XX:+HeapDumpOnOutOfMemoryError -Xms256m -Xmx512m -Dfile.encoding=UTF-8 -Duser.country=US -Duser.language=en -Duser.variant -javaagent:C:\Users\ASUS\.gradle\wrapper\dists\gradle-8.11.1-bin\bpt9gzteqjrbo1mjrsomdt32c\gradle-8.11.1\lib\agents\gradle-instrumentation-agent-8.11.1.jar org.gradle.launcher.daemon.bootstrap.GradleDaemon 8.11.1

Host: AMD Ryzen 7 6800H with Radeon Graphics         , 16 cores, 15G,  Windows 11 , 64 bit Build 22621 (10.0.22621.4830)
Time: Mon Feb 24 13:24:47 2025 SE Asia Standard Time elapsed time: 7.849369 seconds (0d 0h 0m 7s)

---------------  T H R E A D  ---------------

Current thread (0x0000024dbc1478f0):  JavaThread "C2 CompilerThread3" daemon [_thread_in_native, id=28760, stack(0x000000a5ef600000,0x000000a5ef700000)]


Current CompileTask:
C2:   7850 8094       4       java.io.ObjectOutputStream::writeClassDesc (60 bytes)

Stack: [0x000000a5ef600000,0x000000a5ef700000]
Native frames: (J=compiled Java code, j=interpreted, Vv=VM code, C=native code)
V  [jvm.dll+0x678a4a]
V  [jvm.dll+0x7d9cfd]
V  [jvm.dll+0x7db60e]
V  [jvm.dll+0x7dbc73]
V  [jvm.dll+0x245e1f]
V  [jvm.dll+0xaaafb]
V  [jvm.dll+0xab09c]
V  [jvm.dll+0x36237e]
V  [jvm.dll+0x32ca01]
V  [jvm.dll+0x32be9a]
V  [jvm.dll+0x21812f]
V  [jvm.dll+0x217561]
V  [jvm.dll+0x1a3bc0]
V  [jvm.dll+0x2272de]
V  [jvm.dll+0x22548b]
V  [jvm.dll+0x78f58c]
V  [jvm.dll+0x78998a]
V  [jvm.dll+0x677875]
C  [ucrtbase.dll+0x29333]
C  [KERNEL32.DLL+0x1259d]
C  [ntdll.dll+0x5af38]


---------------  P R O C E S S  ---------------

Threads class SMR info:
_java_thread_list=0x0000024dbf4780a0, length=97, elements={
0x0000024d851390d0, 0x0000024da2445bd0, 0x0000024da2446790, 0x0000024da245bf40,
0x0000024da245ca10, 0x0000024da245f4e0, 0x0000024da245fea0, 0x0000024da2460b90,
0x0000024da2474220, 0x0000024da25b8070, 0x0000024da269ecb0, 0x0000024da242ef70,
0x0000024da26a94f0, 0x0000024da26e39b0, 0x0000024da26ff0f0, 0x0000024da269d360,
0x0000024da28c4390, 0x0000024dbc1478f0, 0x0000024da269bf20, 0x0000024da269c430,
0x0000024da269ce50, 0x0000024da269d870, 0x0000024da269dd80, 0x0000024da269e290,
0x0000024da269ba10, 0x0000024da269e7a0, 0x0000024da269b500, 0x0000024dbe59e150,
0x0000024dbe59c800, 0x0000024dbe59e660, 0x0000024dbe59dc40, 0x0000024dbe59a9a0,
0x0000024dbe599050, 0x0000024dbe59aeb0, 0x0000024dbe59ffb0, 0x0000024dbe59b8d0,
0x0000024dbe59c2f0, 0x0000024dbe59f590, 0x0000024dbe59faa0, 0x0000024dbe59cd10,
0x0000024dbe59b3c0, 0x0000024dbe59d220, 0x0000024dbd2e6cf0, 0x0000024dbd2e4d10,
0x0000024dbd2e57b0, 0x0000024dbe599560, 0x0000024dbe59bde0, 0x0000024dbe59f080,
0x0000024dbe5a09d0, 0x0000024dbe5a04c0, 0x0000024dbe599a70, 0x0000024dbe59a490,
0x0000024dc3f4ba50, 0x0000024dc3f4d8b0, 0x0000024dc3f50130, 0x0000024dc3f4c470,
0x0000024dc3f4a610, 0x0000024dc3f4ab20, 0x0000024dc3f4b030, 0x0000024dc3f4b540,
0x0000024dc3f4bf60, 0x0000024dc3f51060, 0x0000024dc3f4c980, 0x0000024dc3f4ce90,
0x0000024dc3f50b50, 0x0000024dc3f4f200, 0x0000024dc3f4f710, 0x0000024dc3f49bf0,
0x0000024dc3f50640, 0x0000024dc3f51570, 0x0000024dc3f4ddc0, 0x0000024dc3f4d3a0,
0x0000024dc3f4a100, 0x0000024dc3f4e2d0, 0x0000024dc3f4e7e0, 0x0000024dc3f4ecf0,
0x0000024dc3f4fc20, 0x0000024dc2ebfeb0, 0x0000024dc2ebdb40, 0x0000024dc2eb9460,
0x0000024dc2ebf490, 0x0000024dc2ebb7d0, 0x0000024dc2ebf9a0, 0x0000024dc2ebe560,
0x0000024dc2eba390, 0x0000024dc2ebd120, 0x0000024dc2eb9e80, 0x0000024dc2ebd630,
0x0000024dc2ebbce0, 0x0000024dc2ec03c0, 0x0000024dc2ebc700, 0x0000024dc2ebe050,
0x0000024dc2ebea70, 0x0000024dc2ec0de0, 0x0000024dc2eba8a0, 0x0000024dc2ebadb0,
0x0000024dc2ebc1f0
}

Java Threads: ( => current thread )
  0x0000024d851390d0 JavaThread "main" [_thread_blocked, id=26172, stack(0x000000a5ede00000,0x000000a5edf00000)]
  0x0000024da2445bd0 JavaThread "Reference Handler" daemon [_thread_blocked, id=28972, stack(0x000000a5ee500000,0x000000a5ee600000)]
  0x0000024da2446790 JavaThread "Finalizer" daemon [_thread_blocked, id=1688, stack(0x000000a5ee600000,0x000000a5ee700000)]
  0x0000024da245bf40 JavaThread "Signal Dispatcher" daemon [_thread_blocked, id=2576, stack(0x000000a5ee700000,0x000000a5ee800000)]
  0x0000024da245ca10 JavaThread "Attach Listener" daemon [_thread_blocked, id=27472, stack(0x000000a5ee800000,0x000000a5ee900000)]
  0x0000024da245f4e0 JavaThread "Service Thread" daemon [_thread_blocked, id=6192, stack(0x000000a5ee900000,0x000000a5eea00000)]
  0x0000024da245fea0 JavaThread "Monitor Deflation Thread" daemon [_thread_blocked, id=11600, stack(0x000000a5eea00000,0x000000a5eeb00000)]
  0x0000024da2460b90 JavaThread "C2 CompilerThread0" daemon [_thread_in_native, id=5904, stack(0x000000a5eeb00000,0x000000a5eec00000)]
  0x0000024da2474220 JavaThread "C1 CompilerThread0" daemon [_thread_blocked, id=29384, stack(0x000000a5eec00000,0x000000a5eed00000)]
  0x0000024da25b8070 JavaThread "Sweeper thread" daemon [_thread_blocked, id=20176, stack(0x000000a5eed00000,0x000000a5eee00000)]
  0x0000024da269ecb0 JavaThread "Common-Cleaner" daemon [_thread_blocked, id=28008, stack(0x000000a5eee00000,0x000000a5eef00000)]
  0x0000024da242ef70 JavaThread "C1 CompilerThread1" daemon [_thread_blocked, id=13888, stack(0x000000a5eef00000,0x000000a5ef000000)]
  0x0000024da26a94f0 JavaThread "C1 CompilerThread2" daemon [_thread_blocked, id=16356, stack(0x000000a5ef000000,0x000000a5ef100000)]
  0x0000024da26e39b0 JavaThread "C1 CompilerThread3" daemon [_thread_blocked, id=17448, stack(0x000000a5ef100000,0x000000a5ef200000)]
  0x0000024da26ff0f0 JavaThread "C2 CompilerThread1" daemon [_thread_in_native, id=25204, stack(0x000000a5ef200000,0x000000a5ef300000)]
  0x0000024da269d360 JavaThread "Notification Thread" daemon [_thread_blocked, id=28352, stack(0x000000a5ef300000,0x000000a5ef400000)]
  0x0000024da28c4390 JavaThread "C2 CompilerThread2" daemon [_thread_in_native, id=23976, stack(0x000000a5ef500000,0x000000a5ef600000)]
=>0x0000024dbc1478f0 JavaThread "C2 CompilerThread3" daemon [_thread_in_native, id=28760, stack(0x000000a5ef600000,0x000000a5ef700000)]
  0x0000024da269bf20 JavaThread "Daemon health stats" [_thread_blocked, id=21472, stack(0x000000a5ef700000,0x000000a5ef800000)]
  0x0000024da269c430 JavaThread "Incoming local TCP Connector on port 56350" [_thread_in_native, id=1768, stack(0x000000a5efd00000,0x000000a5efe00000)]
  0x0000024da269ce50 JavaThread "Daemon periodic checks" [_thread_blocked, id=14544, stack(0x000000a5efe00000,0x000000a5eff00000)]
  0x0000024da269d870 JavaThread "Daemon" [_thread_blocked, id=17084, stack(0x000000a5eff00000,0x000000a5f0000000)]
  0x0000024da269dd80 JavaThread "Handler for socket connection from /127.0.0.1:56350 to /127.0.0.1:56351" [_thread_in_native, id=7360, stack(0x000000a5f0000000,0x000000a5f0100000)]
  0x0000024da269e290 JavaThread "Cancel handler" [_thread_blocked, id=10772, stack(0x000000a5f0100000,0x000000a5f0200000)]
  0x0000024da269ba10 JavaThread "Daemon worker" [_thread_in_Java, id=27892, stack(0x000000a5f0200000,0x000000a5f0300000)]
  0x0000024da269e7a0 JavaThread "Asynchronous log dispatcher for DefaultDaemonConnection: socket connection from /127.0.0.1:56350 to /127.0.0.1:56351" [_thread_blocked, id=16660, stack(0x000000a5f0300000,0x000000a5f0400000)]
  0x0000024da269b500 JavaThread "Stdin handler" [_thread_blocked, id=29096, stack(0x000000a5f0400000,0x000000a5f0500000)]
  0x0000024dbe59e150 JavaThread "Daemon client event forwarder" [_thread_blocked, id=14256, stack(0x000000a5f0500000,0x000000a5f0600000)]
  0x0000024dbe59c800 JavaThread "Cache worker for journal cache (C:\Users\ASUS\.gradle\caches\journal-1)" [_thread_blocked, id=17984, stack(0x000000a5f0600000,0x000000a5f0700000)]
  0x0000024dbe59e660 JavaThread "File lock request listener" [_thread_in_native, id=14824, stack(0x000000a5f0700000,0x000000a5f0800000)]
  0x0000024dbe59dc40 JavaThread "Cache worker for file hash cache (C:\Users\ASUS\.gradle\caches\8.11.1\fileHashes)" [_thread_blocked, id=18580, stack(0x000000a5f0800000,0x000000a5f0900000)]
  0x0000024dbe59a9a0 JavaThread "Cache worker for file content cache (C:\Users\ASUS\.gradle\caches\8.11.1\fileContent)" [_thread_blocked, id=3588, stack(0x000000a5f0900000,0x000000a5f0a00000)]
  0x0000024dbe599050 JavaThread "Cache worker for file hash cache (E:\SWP391_GR5_SE1812\ReadHasha_BackEnd\thuan\.gradle\8.11.1\fileHashes)" [_thread_blocked, id=29056, stack(0x000000a5f0a00000,0x000000a5f0b00000)]
  0x0000024dbe59aeb0 JavaThread "Cache worker for Build Output Cleanup Cache (E:\SWP391_GR5_SE1812\ReadHasha_BackEnd\thuan\.gradle\buildOutputCleanup)" [_thread_blocked, id=29156, stack(0x000000a5f0b00000,0x000000a5f0c00000)]
  0x0000024dbe59ffb0 JavaThread "File watcher server" daemon [_thread_in_native, id=26200, stack(0x000000a5f1500000,0x000000a5f1600000)]
  0x0000024dbe59b8d0 JavaThread "File watcher consumer" daemon [_thread_blocked, id=11288, stack(0x000000a5f1600000,0x000000a5f1700000)]
  0x0000024dbe59c2f0 JavaThread "jar transforms" [_thread_blocked, id=21792, stack(0x000000a5f1700000,0x000000a5f1800000)]
  0x0000024dbe59f590 JavaThread "jar transforms Thread 2" [_thread_blocked, id=20516, stack(0x000000a5f1800000,0x000000a5f1900000)]
  0x0000024dbe59faa0 JavaThread "jar transforms Thread 3" [_thread_blocked, id=21628, stack(0x000000a5f1900000,0x000000a5f1a00000)]
  0x0000024dbe59cd10 JavaThread "Cache worker for checksums cache (E:\SWP391_GR5_SE1812\ReadHasha_BackEnd\thuan\.gradle\8.11.1\checksums)" [_thread_blocked, id=14960, stack(0x000000a5f1a00000,0x000000a5f1b00000)]
  0x0000024dbe59b3c0 JavaThread "Cache worker for cache directory md-rule (C:\Users\ASUS\.gradle\caches\8.11.1\md-rule)" [_thread_blocked, id=24780, stack(0x000000a5f1b00000,0x000000a5f1c00000)]
  0x0000024dbe59d220 JavaThread "Cache worker for cache directory md-supplier (C:\Users\ASUS\.gradle\caches\8.11.1\md-supplier)" [_thread_blocked, id=19420, stack(0x000000a5f1c00000,0x000000a5f1d00000)]
  0x0000024dbd2e6cf0 JavaThread "C2 CompilerThread4" daemon [_thread_in_native, id=25920, stack(0x000000a5f1d00000,0x000000a5f1e00000)]
  0x0000024dbd2e4d10 JavaThread "C2 CompilerThread5" daemon [_thread_in_native, id=24544, stack(0x000000a5f1e00000,0x000000a5f1f00000)]
  0x0000024dbd2e57b0 JavaThread "C2 CompilerThread6" daemon [_thread_in_native, id=22872, stack(0x000000a5f1f00000,0x000000a5f2000000)]
  0x0000024dbe599560 JavaThread "jar transforms Thread 4" [_thread_blocked, id=4172, stack(0x000000a5f2100000,0x000000a5f2200000)]
  0x0000024dbe59bde0 JavaThread "jar transforms Thread 5" [_thread_blocked, id=26880, stack(0x000000a5f2200000,0x000000a5f2300000)]
  0x0000024dbe59f080 JavaThread "jar transforms Thread 6" [_thread_blocked, id=29508, stack(0x000000a5f2300000,0x000000a5f2400000)]
  0x0000024dbe5a09d0 JavaThread "jar transforms Thread 7" [_thread_blocked, id=9348, stack(0x000000a5f2400000,0x000000a5f2500000)]
  0x0000024dbe5a04c0 JavaThread "jar transforms Thread 8" [_thread_blocked, id=22820, stack(0x000000a5f2000000,0x000000a5f2100000)]
  0x0000024dbe599a70 JavaThread "jar transforms Thread 9" [_thread_blocked, id=10432, stack(0x000000a5f2500000,0x000000a5f2600000)]
  0x0000024dbe59a490 JavaThread "Unconstrained build operations" [_thread_blocked, id=12760, stack(0x000000a5f2600000,0x000000a5f2700000)]
  0x0000024dc3f4ba50 JavaThread "Unconstrained build operations Thread 2" [_thread_blocked, id=19140, stack(0x000000a5f2700000,0x000000a5f2800000)]
  0x0000024dc3f4d8b0 JavaThread "Unconstrained build operations Thread 3" [_thread_blocked, id=12080, stack(0x000000a5f2800000,0x000000a5f2900000)]
  0x0000024dc3f50130 JavaThread "Unconstrained build operations Thread 4" [_thread_blocked, id=24640, stack(0x000000a5f2900000,0x000000a5f2a00000)]
  0x0000024dc3f4c470 JavaThread "Unconstrained build operations Thread 5" [_thread_blocked, id=13744, stack(0x000000a5f2a00000,0x000000a5f2b00000)]
  0x0000024dc3f4a610 JavaThread "Unconstrained build operations Thread 6" [_thread_blocked, id=27784, stack(0x000000a5f2b00000,0x000000a5f2c00000)]
  0x0000024dc3f4ab20 JavaThread "Unconstrained build operations Thread 7" [_thread_blocked, id=4340, stack(0x000000a5f2c00000,0x000000a5f2d00000)]
  0x0000024dc3f4b030 JavaThread "Unconstrained build operations Thread 8" [_thread_blocked, id=29376, stack(0x000000a5f2d00000,0x000000a5f2e00000)]
  0x0000024dc3f4b540 JavaThread "Unconstrained build operations Thread 9" [_thread_blocked, id=9696, stack(0x000000a5f2e00000,0x000000a5f2f00000)]
  0x0000024dc3f4bf60 JavaThread "Unconstrained build operations Thread 10" [_thread_blocked, id=368, stack(0x000000a5f2f00000,0x000000a5f3000000)]
  0x0000024dc3f51060 JavaThread "Unconstrained build operations Thread 11" [_thread_blocked, id=17508, stack(0x000000a5f3000000,0x000000a5f3100000)]
  0x0000024dc3f4c980 JavaThread "Unconstrained build operations Thread 12" [_thread_blocked, id=22684, stack(0x000000a5f3100000,0x000000a5f3200000)]
  0x0000024dc3f4ce90 JavaThread "Unconstrained build operations Thread 13" [_thread_blocked, id=5848, stack(0x000000a5f3200000,0x000000a5f3300000)]
  0x0000024dc3f50b50 JavaThread "Unconstrained build operations Thread 14" [_thread_blocked, id=19668, stack(0x000000a5f3300000,0x000000a5f3400000)]
  0x0000024dc3f4f200 JavaThread "Unconstrained build operations Thread 15" [_thread_blocked, id=19432, stack(0x000000a5f3400000,0x000000a5f3500000)]
  0x0000024dc3f4f710 JavaThread "Unconstrained build operations Thread 16" [_thread_blocked, id=29252, stack(0x000000a5f3500000,0x000000a5f3600000)]
  0x0000024dc3f49bf0 JavaThread "Unconstrained build operations Thread 17" [_thread_blocked, id=23156, stack(0x000000a5f3600000,0x000000a5f3700000)]
  0x0000024dc3f50640 JavaThread "Unconstrained build operations Thread 18" [_thread_blocked, id=7820, stack(0x000000a5f3700000,0x000000a5f3800000)]
  0x0000024dc3f51570 JavaThread "Unconstrained build operations Thread 19" [_thread_blocked, id=22060, stack(0x000000a5f3800000,0x000000a5f3900000)]
  0x0000024dc3f4ddc0 JavaThread "Unconstrained build operations Thread 20" [_thread_blocked, id=29108, stack(0x000000a5f3900000,0x000000a5f3a00000)]
  0x0000024dc3f4d3a0 JavaThread "Unconstrained build operations Thread 21" [_thread_blocked, id=18272, stack(0x000000a5f3a00000,0x000000a5f3b00000)]
  0x0000024dc3f4a100 JavaThread "Unconstrained build operations Thread 22" [_thread_blocked, id=22984, stack(0x000000a5f3b00000,0x000000a5f3c00000)]
  0x0000024dc3f4e2d0 JavaThread "Unconstrained build operations Thread 23" [_thread_blocked, id=23820, stack(0x000000a5f3c00000,0x000000a5f3d00000)]
  0x0000024dc3f4e7e0 JavaThread "Unconstrained build operations Thread 24" [_thread_blocked, id=17616, stack(0x000000a5f3d00000,0x000000a5f3e00000)]
  0x0000024dc3f4ecf0 JavaThread "Unconstrained build operations Thread 25" [_thread_blocked, id=29068, stack(0x000000a5f3e00000,0x000000a5f3f00000)]
  0x0000024dc3f4fc20 JavaThread "Unconstrained build operations Thread 26" [_thread_blocked, id=13460, stack(0x000000a5f3f00000,0x000000a5f4000000)]
  0x0000024dc2ebfeb0 JavaThread "Unconstrained build operations Thread 27" [_thread_blocked, id=15848, stack(0x000000a5f4000000,0x000000a5f4100000)]
  0x0000024dc2ebdb40 JavaThread "Unconstrained build operations Thread 28" [_thread_blocked, id=29132, stack(0x000000a5f4100000,0x000000a5f4200000)]
  0x0000024dc2eb9460 JavaThread "Unconstrained build operations Thread 29" [_thread_blocked, id=4940, stack(0x000000a5f4200000,0x000000a5f4300000)]
  0x0000024dc2ebf490 JavaThread "Unconstrained build operations Thread 30" [_thread_blocked, id=21668, stack(0x000000a5f4300000,0x000000a5f4400000)]
  0x0000024dc2ebb7d0 JavaThread "Unconstrained build operations Thread 31" [_thread_blocked, id=17740, stack(0x000000a5f4400000,0x000000a5f4500000)]
  0x0000024dc2ebf9a0 JavaThread "Unconstrained build operations Thread 32" [_thread_blocked, id=12284, stack(0x000000a5f4500000,0x000000a5f4600000)]
  0x0000024dc2ebe560 JavaThread "Unconstrained build operations Thread 33" [_thread_blocked, id=26996, stack(0x000000a5f4600000,0x000000a5f4700000)]
  0x0000024dc2eba390 JavaThread "Unconstrained build operations Thread 34" [_thread_blocked, id=28932, stack(0x000000a5f4700000,0x000000a5f4800000)]
  0x0000024dc2ebd120 JavaThread "Unconstrained build operations Thread 35" [_thread_blocked, id=23860, stack(0x000000a5f4800000,0x000000a5f4900000)]
  0x0000024dc2eb9e80 JavaThread "Unconstrained build operations Thread 36" [_thread_blocked, id=18864, stack(0x000000a5f4900000,0x000000a5f4a00000)]
  0x0000024dc2ebd630 JavaThread "Unconstrained build operations Thread 37" [_thread_blocked, id=28168, stack(0x000000a5f4a00000,0x000000a5f4b00000)]
  0x0000024dc2ebbce0 JavaThread "Unconstrained build operations Thread 38" [_thread_blocked, id=4324, stack(0x000000a5f4b00000,0x000000a5f4c00000)]
  0x0000024dc2ec03c0 JavaThread "Unconstrained build operations Thread 39" [_thread_blocked, id=28992, stack(0x000000a5f4c00000,0x000000a5f4d00000)]
  0x0000024dc2ebc700 JavaThread "Unconstrained build operations Thread 40" [_thread_blocked, id=9204, stack(0x000000a5f4d00000,0x000000a5f4e00000)]
  0x0000024dc2ebe050 JavaThread "Unconstrained build operations Thread 41" [_thread_blocked, id=20184, stack(0x000000a5f4e00000,0x000000a5f4f00000)]
  0x0000024dc2ebea70 JavaThread "Unconstrained build operations Thread 42" [_thread_blocked, id=1084, stack(0x000000a5f4f00000,0x000000a5f5000000)]
  0x0000024dc2ec0de0 JavaThread "Unconstrained build operations Thread 43" [_thread_blocked, id=16496, stack(0x000000a5f5000000,0x000000a5f5100000)]
  0x0000024dc2eba8a0 JavaThread "Unconstrained build operations Thread 44" [_thread_blocked, id=19576, stack(0x000000a5f5100000,0x000000a5f5200000)]
  0x0000024dc2ebadb0 JavaThread "Unconstrained build operations Thread 45" [_thread_blocked, id=12920, stack(0x000000a5f5200000,0x000000a5f5300000)]
  0x0000024dc2ebc1f0 JavaThread "Memory manager" [_thread_blocked, id=26284, stack(0x000000a5f5300000,0x000000a5f5400000)]

Other Threads:
  0x0000024da2442090 VMThread "VM Thread" [stack: 0x000000a5ee400000,0x000000a5ee500000] [id=25432]
  0x0000024d85139aa0 WatcherThread [stack: 0x000000a5ef400000,0x000000a5ef500000] [id=28956]
  0x0000024d85165e50 GCTaskThread "GC Thread#0" [stack: 0x000000a5edf00000,0x000000a5ee000000] [id=23916]
  0x0000024dbc65f3c0 GCTaskThread "GC Thread#1" [stack: 0x000000a5ef800000,0x000000a5ef900000] [id=9272]
  0x0000024dbc6d6790 GCTaskThread "GC Thread#2" [stack: 0x000000a5ef900000,0x000000a5efa00000] [id=27816]
  0x0000024da299ec60 GCTaskThread "GC Thread#3" [stack: 0x000000a5efa00000,0x000000a5efb00000] [id=17088]
  0x0000024dbc772170 GCTaskThread "GC Thread#4" [stack: 0x000000a5efb00000,0x000000a5efc00000] [id=14296]
  0x0000024dbc772640 GCTaskThread "GC Thread#5" [stack: 0x000000a5efc00000,0x000000a5efd00000] [id=10912]
  0x0000024dbf85a0f0 GCTaskThread "GC Thread#6" [stack: 0x000000a5f0c00000,0x000000a5f0d00000] [id=20532]
  0x0000024dbf859b70 GCTaskThread "GC Thread#7" [stack: 0x000000a5f0d00000,0x000000a5f0e00000] [id=13996]
  0x0000024dbf8598b0 GCTaskThread "GC Thread#8" [stack: 0x000000a5f0e00000,0x000000a5f0f00000] [id=16072]
  0x0000024dbf858af0 GCTaskThread "GC Thread#9" [stack: 0x000000a5f0f00000,0x000000a5f1000000] [id=26968]
  0x0000024dbf859e30 GCTaskThread "GC Thread#10" [stack: 0x000000a5f1000000,0x000000a5f1100000] [id=2220]
  0x0000024dbf8595f0 GCTaskThread "GC Thread#11" [stack: 0x000000a5f1100000,0x000000a5f1200000] [id=3632]
  0x0000024dbf859070 GCTaskThread "GC Thread#12" [stack: 0x000000a5f1200000,0x000000a5f1300000] [id=25148]
  0x0000024d8516ac40 ConcurrentGCThread "G1 Main Marker" [stack: 0x000000a5ee000000,0x000000a5ee100000] [id=29216]
  0x0000024d8516b4f0 ConcurrentGCThread "G1 Conc#0" [stack: 0x000000a5ee100000,0x000000a5ee200000] [id=1496]
  0x0000024dbf858db0 ConcurrentGCThread "G1 Conc#1" [stack: 0x000000a5f1300000,0x000000a5f1400000] [id=24468]
  0x0000024dbf858570 ConcurrentGCThread "G1 Conc#2" [stack: 0x000000a5f1400000,0x000000a5f1500000] [id=17164]
  0x0000024d851fdcf0 ConcurrentGCThread "G1 Refine#0" [stack: 0x000000a5ee200000,0x000000a5ee300000] [id=24516]
  0x0000024d851fe5c0 ConcurrentGCThread "G1 Service" [stack: 0x000000a5ee300000,0x000000a5ee400000] [id=16364]

Threads with active compile tasks:
C2 CompilerThread0     7953 8321   !   4       java.io.ObjectOutputStream::writeObject0 (620 bytes)
C2 CompilerThread1     7954 8435       4       java.io.ObjectStreamClass::writeNonProxy (161 bytes)
C2 CompilerThread2     7955 8392       4       org.objectweb.asm.Frame::execute (2303 bytes)
C2 CompilerThread3     7956 8094       4       java.io.ObjectOutputStream::writeClassDesc (60 bytes)
C2 CompilerThread4     7957 7184       4       org.objectweb.asm.ClassReader::readCode (5117 bytes)
C2 CompilerThread5     7957 8341       4       org.gradle.internal.service.DefaultServiceRegistry$ClassInspector$ClassDetails::collectTypes (63 bytes)
C2 CompilerThread6     7958 7366       4       org.gradle.internal.service.DefaultServiceRegistry$ParentServices::getService (12 bytes)

VM state: not at safepoint (normal execution)

VM Mutex/Monitor currently owned by a thread: None

Heap address: 0x00000000e0000000, size: 512 MB, Compressed Oops mode: 32-bit

CDS archive(s) mapped at: [0x0000024da3000000-0x0000024da3bd0000-0x0000024da3bd0000), size 12386304, SharedBaseAddress: 0x0000024da3000000, ArchiveRelocationMode: 1.
Compressed class space mapped at: 0x0000024da4000000-0x0000024db8000000, reserved size: 335544320
Narrow klass base: 0x0000024da3000000, Narrow klass shift: 0, Narrow klass range: 0x100000000

GC Precious Log:
 CPUs: 16 total, 16 available
 Memory: 15613M
 Large Page Support: Disabled
 NUMA Support: Disabled
 Compressed Oops: Enabled (32-bit)
 Heap Region Size: 1M
 Heap Min Capacity: 256M
 Heap Initial Capacity: 256M
 Heap Max Capacity: 512M
 Pre-touch: Disabled
 Parallel Workers: 13
 Concurrent Workers: 3
 Concurrent Refinement Workers: 13
 Periodic GC: Disabled

Heap:
 garbage-first heap   total 262144K, used 176203K [0x00000000e0000000, 0x0000000100000000)
  region size 1024K, 141 young (144384K), 16 survivors (16384K)
 Metaspace       used 58486K, committed 59200K, reserved 393216K
  class space    used 8241K, committed 8576K, reserved 327680K

Heap Regions: E=young(eden), S=young(survivor), O=old, HS=humongous(starts), HC=humongous(continues), CS=collection set, F=free, OA=open archive, CA=closed archive, TAMS=top-at-mark-start (previous, next)
|   0|0x00000000e0000000, 0x00000000e0100000, 0x00000000e0100000|100%| O|  |TAMS 0x00000000e0100000, 0x00000000e0000000| Untracked 
|   1|0x00000000e0100000, 0x00000000e0200000, 0x00000000e0200000|100%|HS|  |TAMS 0x00000000e0200000, 0x00000000e0100000| Complete 
|   2|0x00000000e0200000, 0x00000000e0300000, 0x00000000e0300000|100%|HC|  |TAMS 0x00000000e0300000, 0x00000000e0200000| Complete 
|   3|0x00000000e0300000, 0x00000000e0400000, 0x00000000e0400000|100%|HC|  |TAMS 0x00000000e0400000, 0x00000000e0300000| Complete 
|   4|0x00000000e0400000, 0x00000000e0500000, 0x00000000e0500000|100%| O|  |TAMS 0x00000000e0500000, 0x00000000e0400000| Untracked 
|   5|0x00000000e0500000, 0x00000000e0600000, 0x00000000e0600000|100%| O|  |TAMS 0x00000000e0600000, 0x00000000e0500000| Untracked 
|   6|0x00000000e0600000, 0x00000000e0700000, 0x00000000e0700000|100%| O|  |TAMS 0x00000000e0700000, 0x00000000e0600000| Untracked 
|   7|0x00000000e0700000, 0x00000000e0800000, 0x00000000e0800000|100%|HS|  |TAMS 0x00000000e0800000, 0x00000000e0700000| Complete 
|   8|0x00000000e0800000, 0x00000000e0900000, 0x00000000e0900000|100%| O|  |TAMS 0x00000000e0800000, 0x00000000e0800000| Untracked 
|   9|0x00000000e0900000, 0x00000000e0a00000, 0x00000000e0a00000|100%| O|  |TAMS 0x00000000e0a00000, 0x00000000e0900000| Untracked 
|  10|0x00000000e0a00000, 0x00000000e0b00000, 0x00000000e0b00000|100%| O|  |TAMS 0x00000000e0b00000, 0x00000000e0a00000| Untracked 
|  11|0x00000000e0b00000, 0x00000000e0c00000, 0x00000000e0c00000|100%| O|  |TAMS 0x00000000e0c00000, 0x00000000e0b00000| Untracked 
|  12|0x00000000e0c00000, 0x00000000e0d00000, 0x00000000e0d00000|100%| O|  |TAMS 0x00000000e0ccb600, 0x00000000e0c00000| Untracked 
|  13|0x00000000e0d00000, 0x00000000e0e00000, 0x00000000e0e00000|100%| O|  |TAMS 0x00000000e0d00000, 0x00000000e0d00000| Untracked 
|  14|0x00000000e0e00000, 0x00000000e0f00000, 0x00000000e0f00000|100%| O|  |TAMS 0x00000000e0e00000, 0x00000000e0e00000| Untracked 
|  15|0x00000000e0f00000, 0x00000000e1000000, 0x00000000e1000000|100%| O|  |TAMS 0x00000000e0f00000, 0x00000000e0f00000| Untracked 
|  16|0x00000000e1000000, 0x00000000e1100000, 0x00000000e1100000|100%| O|  |TAMS 0x00000000e1000000, 0x00000000e1000000| Untracked 
|  17|0x00000000e1100000, 0x00000000e1200000, 0x00000000e1200000|100%| O|  |TAMS 0x00000000e1100000, 0x00000000e1100000| Untracked 
|  18|0x00000000e1200000, 0x00000000e1300000, 0x00000000e1300000|100%| O|  |TAMS 0x00000000e1200000, 0x00000000e1200000| Untracked 
|  19|0x00000000e1300000, 0x00000000e1400000, 0x00000000e1400000|100%| O|  |TAMS 0x00000000e1300000, 0x00000000e1300000| Untracked 
|  20|0x00000000e1400000, 0x00000000e1500000, 0x00000000e1500000|100%| O|  |TAMS 0x00000000e1400000, 0x00000000e1400000| Untracked 
|  21|0x00000000e1500000, 0x00000000e1600000, 0x00000000e1600000|100%| O|  |TAMS 0x00000000e1500000, 0x00000000e1500000| Untracked 
|  22|0x00000000e1600000, 0x00000000e1700000, 0x00000000e1700000|100%| O|  |TAMS 0x00000000e1600000, 0x00000000e1600000| Untracked 
|  23|0x00000000e1700000, 0x00000000e1800000, 0x00000000e1800000|100%| O|  |TAMS 0x00000000e1700000, 0x00000000e1700000| Untracked 
|  24|0x00000000e1800000, 0x00000000e1900000, 0x00000000e1900000|100%| O|  |TAMS 0x00000000e1800000, 0x00000000e1800000| Untracked 
|  25|0x00000000e1900000, 0x00000000e1a00000, 0x00000000e1a00000|100%| O|  |TAMS 0x00000000e1900000, 0x00000000e1900000| Untracked 
|  26|0x00000000e1a00000, 0x00000000e1b00000, 0x00000000e1b00000|100%| O|  |TAMS 0x00000000e1a00000, 0x00000000e1a00000| Untracked 
|  27|0x00000000e1b00000, 0x00000000e1c00000, 0x00000000e1c00000|100%| O|  |TAMS 0x00000000e1b00000, 0x00000000e1b00000| Untracked 
|  28|0x00000000e1c00000, 0x00000000e1d00000, 0x00000000e1d00000|100%| O|  |TAMS 0x00000000e1c00000, 0x00000000e1c00000| Untracked 
|  29|0x00000000e1d00000, 0x00000000e1e00000, 0x00000000e1e00000|100%| O|  |TAMS 0x00000000e1d00000, 0x00000000e1d00000| Untracked 
|  30|0x00000000e1e00000, 0x00000000e1f00000, 0x00000000e1f00000|100%| O|  |TAMS 0x00000000e1e00000, 0x00000000e1e00000| Untracked 
|  31|0x00000000e1f00000, 0x00000000e1f96200, 0x00000000e2000000| 58%| O|  |TAMS 0x00000000e1f00000, 0x00000000e1f00000| Untracked 
|  32|0x00000000e2000000, 0x00000000e2100000, 0x00000000e2100000|100%|HS|  |TAMS 0x00000000e2000000, 0x00000000e2000000| Complete 
|  33|0x00000000e2100000, 0x00000000e2200000, 0x00000000e2200000|100%|HS|  |TAMS 0x00000000e2100000, 0x00000000e2100000| Complete 
|  34|0x00000000e2200000, 0x00000000e2200000, 0x00000000e2300000|  0%| F|  |TAMS 0x00000000e2200000, 0x00000000e2200000| Untracked 
|  35|0x00000000e2300000, 0x00000000e2300000, 0x00000000e2400000|  0%| F|  |TAMS 0x00000000e2300000, 0x00000000e2300000| Untracked 
|  36|0x00000000e2400000, 0x00000000e2400000, 0x00000000e2500000|  0%| F|  |TAMS 0x00000000e2400000, 0x00000000e2400000| Untracked 
|  37|0x00000000e2500000, 0x00000000e2500000, 0x00000000e2600000|  0%| F|  |TAMS 0x00000000e2500000, 0x00000000e2500000| Untracked 
|  38|0x00000000e2600000, 0x00000000e2600000, 0x00000000e2700000|  0%| F|  |TAMS 0x00000000e2600000, 0x00000000e2600000| Untracked 
|  39|0x00000000e2700000, 0x00000000e2700000, 0x00000000e2800000|  0%| F|  |TAMS 0x00000000e2700000, 0x00000000e2700000| Untracked 
|  40|0x00000000e2800000, 0x00000000e2800000, 0x00000000e2900000|  0%| F|  |TAMS 0x00000000e2800000, 0x00000000e2800000| Untracked 
|  41|0x00000000e2900000, 0x00000000e2900000, 0x00000000e2a00000|  0%| F|  |TAMS 0x00000000e2900000, 0x00000000e2900000| Untracked 
|  42|0x00000000e2a00000, 0x00000000e2a00000, 0x00000000e2b00000|  0%| F|  |TAMS 0x00000000e2a00000, 0x00000000e2a00000| Untracked 
|  43|0x00000000e2b00000, 0x00000000e2b00000, 0x00000000e2c00000|  0%| F|  |TAMS 0x00000000e2b00000, 0x00000000e2b00000| Untracked 
|  44|0x00000000e2c00000, 0x00000000e2c00000, 0x00000000e2d00000|  0%| F|  |TAMS 0x00000000e2c00000, 0x00000000e2c00000| Untracked 
|  45|0x00000000e2d00000, 0x00000000e2d00000, 0x00000000e2e00000|  0%| F|  |TAMS 0x00000000e2d00000, 0x00000000e2d00000| Untracked 
|  46|0x00000000e2e00000, 0x00000000e2e00000, 0x00000000e2f00000|  0%| F|  |TAMS 0x00000000e2e00000, 0x00000000e2e00000| Untracked 
|  47|0x00000000e2f00000, 0x00000000e2f00000, 0x00000000e3000000|  0%| F|  |TAMS 0x00000000e2f00000, 0x00000000e2f00000| Untracked 
|  48|0x00000000e3000000, 0x00000000e3000000, 0x00000000e3100000|  0%| F|  |TAMS 0x00000000e3000000, 0x00000000e3000000| Untracked 
|  49|0x00000000e3100000, 0x00000000e3100000, 0x00000000e3200000|  0%| F|  |TAMS 0x00000000e3100000, 0x00000000e3100000| Untracked 
|  50|0x00000000e3200000, 0x00000000e3200000, 0x00000000e3300000|  0%| F|  |TAMS 0x00000000e3200000, 0x00000000e3200000| Untracked 
|  51|0x00000000e3300000, 0x00000000e3300000, 0x00000000e3400000|  0%| F|  |TAMS 0x00000000e3300000, 0x00000000e3300000| Untracked 
|  52|0x00000000e3400000, 0x00000000e3400000, 0x00000000e3500000|  0%| F|  |TAMS 0x00000000e3400000, 0x00000000e3400000| Untracked 
|  53|0x00000000e3500000, 0x00000000e3500000, 0x00000000e3600000|  0%| F|  |TAMS 0x00000000e3500000, 0x00000000e3500000| Untracked 
|  54|0x00000000e3600000, 0x00000000e3600000, 0x00000000e3700000|  0%| F|  |TAMS 0x00000000e3600000, 0x00000000e3600000| Untracked 
|  55|0x00000000e3700000, 0x00000000e3700000, 0x00000000e3800000|  0%| F|  |TAMS 0x00000000e3700000, 0x00000000e3700000| Untracked 
|  56|0x00000000e3800000, 0x00000000e3800000, 0x00000000e3900000|  0%| F|  |TAMS 0x00000000e3800000, 0x00000000e3800000| Untracked 
|  57|0x00000000e3900000, 0x00000000e3900000, 0x00000000e3a00000|  0%| F|  |TAMS 0x00000000e3900000, 0x00000000e3900000| Untracked 
|  58|0x00000000e3a00000, 0x00000000e3a00000, 0x00000000e3b00000|  0%| F|  |TAMS 0x00000000e3a00000, 0x00000000e3a00000| Untracked 
|  59|0x00000000e3b00000, 0x00000000e3b00000, 0x00000000e3c00000|  0%| F|  |TAMS 0x00000000e3b00000, 0x00000000e3b00000| Untracked 
|  60|0x00000000e3c00000, 0x00000000e3c00000, 0x00000000e3d00000|  0%| F|  |TAMS 0x00000000e3c00000, 0x00000000e3c00000| Untracked 
|  61|0x00000000e3d00000, 0x00000000e3d00000, 0x00000000e3e00000|  0%| F|  |TAMS 0x00000000e3d00000, 0x00000000e3d00000| Untracked 
|  62|0x00000000e3e00000, 0x00000000e3e00000, 0x00000000e3f00000|  0%| F|  |TAMS 0x00000000e3e00000, 0x00000000e3e00000| Untracked 
|  63|0x00000000e3f00000, 0x00000000e3f00000, 0x00000000e4000000|  0%| F|  |TAMS 0x00000000e3f00000, 0x00000000e3f00000| Untracked 
|  64|0x00000000e4000000, 0x00000000e4000000, 0x00000000e4100000|  0%| F|  |TAMS 0x00000000e4000000, 0x00000000e4000000| Untracked 
|  65|0x00000000e4100000, 0x00000000e4100000, 0x00000000e4200000|  0%| F|  |TAMS 0x00000000e4100000, 0x00000000e4100000| Untracked 
|  66|0x00000000e4200000, 0x00000000e4200000, 0x00000000e4300000|  0%| F|  |TAMS 0x00000000e4200000, 0x00000000e4200000| Untracked 
|  67|0x00000000e4300000, 0x00000000e4300000, 0x00000000e4400000|  0%| F|  |TAMS 0x00000000e4300000, 0x00000000e4300000| Untracked 
|  68|0x00000000e4400000, 0x00000000e4400000, 0x00000000e4500000|  0%| F|  |TAMS 0x00000000e4400000, 0x00000000e4400000| Untracked 
|  69|0x00000000e4500000, 0x00000000e4500000, 0x00000000e4600000|  0%| F|  |TAMS 0x00000000e4500000, 0x00000000e4500000| Untracked 
|  70|0x00000000e4600000, 0x00000000e4600000, 0x00000000e4700000|  0%| F|  |TAMS 0x00000000e4600000, 0x00000000e4600000| Untracked 
|  71|0x00000000e4700000, 0x00000000e4700000, 0x00000000e4800000|  0%| F|  |TAMS 0x00000000e4700000, 0x00000000e4700000| Untracked 
|  72|0x00000000e4800000, 0x00000000e4800000, 0x00000000e4900000|  0%| F|  |TAMS 0x00000000e4800000, 0x00000000e4800000| Untracked 
|  73|0x00000000e4900000, 0x00000000e4900000, 0x00000000e4a00000|  0%| F|  |TAMS 0x00000000e4900000, 0x00000000e4900000| Untracked 
|  74|0x00000000e4a00000, 0x00000000e4a00000, 0x00000000e4b00000|  0%| F|  |TAMS 0x00000000e4a00000, 0x00000000e4a00000| Untracked 
|  75|0x00000000e4b00000, 0x00000000e4b00000, 0x00000000e4c00000|  0%| F|  |TAMS 0x00000000e4b00000, 0x00000000e4b00000| Untracked 
|  76|0x00000000e4c00000, 0x00000000e4c00000, 0x00000000e4d00000|  0%| F|  |TAMS 0x00000000e4c00000, 0x00000000e4c00000| Untracked 
|  77|0x00000000e4d00000, 0x00000000e4d00000, 0x00000000e4e00000|  0%| F|  |TAMS 0x00000000e4d00000, 0x00000000e4d00000| Untracked 
|  78|0x00000000e4e00000, 0x00000000e4e00000, 0x00000000e4f00000|  0%| F|  |TAMS 0x00000000e4e00000, 0x00000000e4e00000| Untracked 
|  79|0x00000000e4f00000, 0x00000000e4f00000, 0x00000000e5000000|  0%| F|  |TAMS 0x00000000e4f00000, 0x00000000e4f00000| Untracked 
|  80|0x00000000e5000000, 0x00000000e5000000, 0x00000000e5100000|  0%| F|  |TAMS 0x00000000e5000000, 0x00000000e5000000| Untracked 
|  81|0x00000000e5100000, 0x00000000e5100000, 0x00000000e5200000|  0%| F|  |TAMS 0x00000000e5100000, 0x00000000e5100000| Untracked 
|  82|0x00000000e5200000, 0x00000000e5200000, 0x00000000e5300000|  0%| F|  |TAMS 0x00000000e5200000, 0x00000000e5200000| Untracked 
|  83|0x00000000e5300000, 0x00000000e5300000, 0x00000000e5400000|  0%| F|  |TAMS 0x00000000e5300000, 0x00000000e5300000| Untracked 
|  84|0x00000000e5400000, 0x00000000e5400000, 0x00000000e5500000|  0%| F|  |TAMS 0x00000000e5400000, 0x00000000e5400000| Untracked 
|  85|0x00000000e5500000, 0x00000000e5500000, 0x00000000e5600000|  0%| F|  |TAMS 0x00000000e5500000, 0x00000000e5500000| Untracked 
|  86|0x00000000e5600000, 0x00000000e5600000, 0x00000000e5700000|  0%| F|  |TAMS 0x00000000e5600000, 0x00000000e5600000| Untracked 
|  87|0x00000000e5700000, 0x00000000e5700000, 0x00000000e5800000|  0%| F|  |TAMS 0x00000000e5700000, 0x00000000e5700000| Untracked 
|  88|0x00000000e5800000, 0x00000000e5800000, 0x00000000e5900000|  0%| F|  |TAMS 0x00000000e5800000, 0x00000000e5800000| Untracked 
|  89|0x00000000e5900000, 0x00000000e5900000, 0x00000000e5a00000|  0%| F|  |TAMS 0x00000000e5900000, 0x00000000e5900000| Untracked 
|  90|0x00000000e5a00000, 0x00000000e5a00000, 0x00000000e5b00000|  0%| F|  |TAMS 0x00000000e5a00000, 0x00000000e5a00000| Untracked 
|  91|0x00000000e5b00000, 0x00000000e5b00000, 0x00000000e5c00000|  0%| F|  |TAMS 0x00000000e5b00000, 0x00000000e5b00000| Untracked 
|  92|0x00000000e5c00000, 0x00000000e5c7ca40, 0x00000000e5d00000| 48%| S|CS|TAMS 0x00000000e5c00000, 0x00000000e5c00000| Complete 
|  93|0x00000000e5d00000, 0x00000000e5e00000, 0x00000000e5e00000|100%| S|CS|TAMS 0x00000000e5d00000, 0x00000000e5d00000| Complete 
|  94|0x00000000e5e00000, 0x00000000e5f00000, 0x00000000e5f00000|100%| S|CS|TAMS 0x00000000e5e00000, 0x00000000e5e00000| Complete 
|  95|0x00000000e5f00000, 0x00000000e6000000, 0x00000000e6000000|100%| S|CS|TAMS 0x00000000e5f00000, 0x00000000e5f00000| Complete 
|  96|0x00000000e6000000, 0x00000000e6100000, 0x00000000e6100000|100%| S|CS|TAMS 0x00000000e6000000, 0x00000000e6000000| Complete 
|  97|0x00000000e6100000, 0x00000000e6200000, 0x00000000e6200000|100%| S|CS|TAMS 0x00000000e6100000, 0x00000000e6100000| Complete 
|  98|0x00000000e6200000, 0x00000000e6300000, 0x00000000e6300000|100%| S|CS|TAMS 0x00000000e6200000, 0x00000000e6200000| Complete 
|  99|0x00000000e6300000, 0x00000000e6400000, 0x00000000e6400000|100%| S|CS|TAMS 0x00000000e6300000, 0x00000000e6300000| Complete 
| 100|0x00000000e6400000, 0x00000000e6500000, 0x00000000e6500000|100%| S|CS|TAMS 0x00000000e6400000, 0x00000000e6400000| Complete 
| 101|0x00000000e6500000, 0x00000000e6600000, 0x00000000e6600000|100%| S|CS|TAMS 0x00000000e6500000, 0x00000000e6500000| Complete 
| 102|0x00000000e6600000, 0x00000000e6700000, 0x00000000e6700000|100%| S|CS|TAMS 0x00000000e6600000, 0x00000000e6600000| Complete 
| 103|0x00000000e6700000, 0x00000000e6800000, 0x00000000e6800000|100%| S|CS|TAMS 0x00000000e6700000, 0x00000000e6700000| Complete 
| 104|0x00000000e6800000, 0x00000000e6900000, 0x00000000e6900000|100%| S|CS|TAMS 0x00000000e6800000, 0x00000000e6800000| Complete 
| 105|0x00000000e6900000, 0x00000000e6a00000, 0x00000000e6a00000|100%| S|CS|TAMS 0x00000000e6900000, 0x00000000e6900000| Complete 
| 106|0x00000000e6a00000, 0x00000000e6a00000, 0x00000000e6b00000|  0%| F|  |TAMS 0x00000000e6a00000, 0x00000000e6a00000| Untracked 
| 107|0x00000000e6b00000, 0x00000000e6b00000, 0x00000000e6c00000|  0%| F|  |TAMS 0x00000000e6b00000, 0x00000000e6b00000| Untracked 
| 108|0x00000000e6c00000, 0x00000000e6c00000, 0x00000000e6d00000|  0%| F|  |TAMS 0x00000000e6c00000, 0x00000000e6c00000| Untracked 
| 109|0x00000000e6d00000, 0x00000000e6d00000, 0x00000000e6e00000|  0%| F|  |TAMS 0x00000000e6d00000, 0x00000000e6d00000| Untracked 
| 110|0x00000000e6e00000, 0x00000000e6e00000, 0x00000000e6f00000|  0%| F|  |TAMS 0x00000000e6e00000, 0x00000000e6e00000| Untracked 
| 111|0x00000000e6f00000, 0x00000000e6f00000, 0x00000000e7000000|  0%| F|  |TAMS 0x00000000e6f00000, 0x00000000e6f00000| Untracked 
| 112|0x00000000e7000000, 0x00000000e7000000, 0x00000000e7100000|  0%| F|  |TAMS 0x00000000e7000000, 0x00000000e7000000| Untracked 
| 113|0x00000000e7100000, 0x00000000e7100000, 0x00000000e7200000|  0%| F|  |TAMS 0x00000000e7100000, 0x00000000e7100000| Untracked 
| 114|0x00000000e7200000, 0x00000000e7200000, 0x00000000e7300000|  0%| F|  |TAMS 0x00000000e7200000, 0x00000000e7200000| Untracked 
| 115|0x00000000e7300000, 0x00000000e7300000, 0x00000000e7400000|  0%| F|  |TAMS 0x00000000e7300000, 0x00000000e7300000| Untracked 
| 116|0x00000000e7400000, 0x00000000e7400000, 0x00000000e7500000|  0%| F|  |TAMS 0x00000000e7400000, 0x00000000e7400000| Untracked 
| 117|0x00000000e7500000, 0x00000000e7500000, 0x00000000e7600000|  0%| F|  |TAMS 0x00000000e7500000, 0x00000000e7500000| Untracked 
| 118|0x00000000e7600000, 0x00000000e7600000, 0x00000000e7700000|  0%| F|  |TAMS 0x00000000e7600000, 0x00000000e7600000| Untracked 
| 119|0x00000000e7700000, 0x00000000e7700000, 0x00000000e7800000|  0%| F|  |TAMS 0x00000000e7700000, 0x00000000e7700000| Untracked 
| 120|0x00000000e7800000, 0x00000000e7900000, 0x00000000e7900000|100%| S|CS|TAMS 0x00000000e7800000, 0x00000000e7800000| Complete 
| 121|0x00000000e7900000, 0x00000000e7a00000, 0x00000000e7a00000|100%| S|CS|TAMS 0x00000000e7900000, 0x00000000e7900000| Complete 
| 122|0x00000000e7a00000, 0x00000000e7a00000, 0x00000000e7b00000|  0%| F|  |TAMS 0x00000000e7a00000, 0x00000000e7a00000| Untracked 
| 123|0x00000000e7b00000, 0x00000000e7b00000, 0x00000000e7c00000|  0%| F|  |TAMS 0x00000000e7b00000, 0x00000000e7b00000| Untracked 
| 124|0x00000000e7c00000, 0x00000000e7c00000, 0x00000000e7d00000|  0%| F|  |TAMS 0x00000000e7c00000, 0x00000000e7c00000| Untracked 
| 125|0x00000000e7d00000, 0x00000000e7d00000, 0x00000000e7e00000|  0%| F|  |TAMS 0x00000000e7d00000, 0x00000000e7d00000| Untracked 
| 126|0x00000000e7e00000, 0x00000000e7e00000, 0x00000000e7f00000|  0%| F|  |TAMS 0x00000000e7e00000, 0x00000000e7e00000| Untracked 
| 127|0x00000000e7f00000, 0x00000000e7f00000, 0x00000000e8000000|  0%| F|  |TAMS 0x00000000e7f00000, 0x00000000e7f00000| Untracked 
| 128|0x00000000e8000000, 0x00000000e80919a0, 0x00000000e8100000| 56%| E|  |TAMS 0x00000000e8000000, 0x00000000e8000000| Complete 
| 129|0x00000000e8100000, 0x00000000e8200000, 0x00000000e8200000|100%| E|CS|TAMS 0x00000000e8100000, 0x00000000e8100000| Complete 
| 130|0x00000000e8200000, 0x00000000e8300000, 0x00000000e8300000|100%| E|CS|TAMS 0x00000000e8200000, 0x00000000e8200000| Complete 
| 131|0x00000000e8300000, 0x00000000e8400000, 0x00000000e8400000|100%| E|CS|TAMS 0x00000000e8300000, 0x00000000e8300000| Complete 
| 132|0x00000000e8400000, 0x00000000e8500000, 0x00000000e8500000|100%| E|CS|TAMS 0x00000000e8400000, 0x00000000e8400000| Complete 
| 133|0x00000000e8500000, 0x00000000e8600000, 0x00000000e8600000|100%| E|CS|TAMS 0x00000000e8500000, 0x00000000e8500000| Complete 
| 134|0x00000000e8600000, 0x00000000e8700000, 0x00000000e8700000|100%| E|CS|TAMS 0x00000000e8600000, 0x00000000e8600000| Complete 
| 135|0x00000000e8700000, 0x00000000e8800000, 0x00000000e8800000|100%| E|CS|TAMS 0x00000000e8700000, 0x00000000e8700000| Complete 
| 136|0x00000000e8800000, 0x00000000e8900000, 0x00000000e8900000|100%| E|CS|TAMS 0x00000000e8800000, 0x00000000e8800000| Complete 
| 137|0x00000000e8900000, 0x00000000e8a00000, 0x00000000e8a00000|100%| E|CS|TAMS 0x00000000e8900000, 0x00000000e8900000| Complete 
| 138|0x00000000e8a00000, 0x00000000e8b00000, 0x00000000e8b00000|100%| E|CS|TAMS 0x00000000e8a00000, 0x00000000e8a00000| Complete 
| 139|0x00000000e8b00000, 0x00000000e8c00000, 0x00000000e8c00000|100%| E|CS|TAMS 0x00000000e8b00000, 0x00000000e8b00000| Complete 
| 140|0x00000000e8c00000, 0x00000000e8d00000, 0x00000000e8d00000|100%| E|CS|TAMS 0x00000000e8c00000, 0x00000000e8c00000| Complete 
| 141|0x00000000e8d00000, 0x00000000e8e00000, 0x00000000e8e00000|100%| E|CS|TAMS 0x00000000e8d00000, 0x00000000e8d00000| Complete 
| 142|0x00000000e8e00000, 0x00000000e8f00000, 0x00000000e8f00000|100%| E|CS|TAMS 0x00000000e8e00000, 0x00000000e8e00000| Complete 
| 143|0x00000000e8f00000, 0x00000000e9000000, 0x00000000e9000000|100%| E|CS|TAMS 0x00000000e8f00000, 0x00000000e8f00000| Complete 
| 144|0x00000000e9000000, 0x00000000e9100000, 0x00000000e9100000|100%| E|CS|TAMS 0x00000000e9000000, 0x00000000e9000000| Complete 
| 145|0x00000000e9100000, 0x00000000e9200000, 0x00000000e9200000|100%| E|CS|TAMS 0x00000000e9100000, 0x00000000e9100000| Complete 
| 146|0x00000000e9200000, 0x00000000e9300000, 0x00000000e9300000|100%| E|CS|TAMS 0x00000000e9200000, 0x00000000e9200000| Complete 
| 147|0x00000000e9300000, 0x00000000e9400000, 0x00000000e9400000|100%| E|CS|TAMS 0x00000000e9300000, 0x00000000e9300000| Complete 
| 148|0x00000000e9400000, 0x00000000e9500000, 0x00000000e9500000|100%| E|CS|TAMS 0x00000000e9400000, 0x00000000e9400000| Complete 
| 149|0x00000000e9500000, 0x00000000e9600000, 0x00000000e9600000|100%| E|CS|TAMS 0x00000000e9500000, 0x00000000e9500000| Complete 
| 150|0x00000000e9600000, 0x00000000e9700000, 0x00000000e9700000|100%| E|CS|TAMS 0x00000000e9600000, 0x00000000e9600000| Complete 
| 151|0x00000000e9700000, 0x00000000e9800000, 0x00000000e9800000|100%| E|CS|TAMS 0x00000000e9700000, 0x00000000e9700000| Complete 
| 152|0x00000000e9800000, 0x00000000e9900000, 0x00000000e9900000|100%| E|CS|TAMS 0x00000000e9800000, 0x00000000e9800000| Complete 
| 153|0x00000000e9900000, 0x00000000e9a00000, 0x00000000e9a00000|100%| E|CS|TAMS 0x00000000e9900000, 0x00000000e9900000| Complete 
| 154|0x00000000e9a00000, 0x00000000e9b00000, 0x00000000e9b00000|100%| E|CS|TAMS 0x00000000e9a00000, 0x00000000e9a00000| Complete 
| 155|0x00000000e9b00000, 0x00000000e9c00000, 0x00000000e9c00000|100%| E|CS|TAMS 0x00000000e9b00000, 0x00000000e9b00000| Complete 
| 156|0x00000000e9c00000, 0x00000000e9d00000, 0x00000000e9d00000|100%| E|CS|TAMS 0x00000000e9c00000, 0x00000000e9c00000| Complete 
| 157|0x00000000e9d00000, 0x00000000e9e00000, 0x00000000e9e00000|100%| E|CS|TAMS 0x00000000e9d00000, 0x00000000e9d00000| Complete 
| 158|0x00000000e9e00000, 0x00000000e9f00000, 0x00000000e9f00000|100%| E|CS|TAMS 0x00000000e9e00000, 0x00000000e9e00000| Complete 
| 159|0x00000000e9f00000, 0x00000000ea000000, 0x00000000ea000000|100%| E|  |TAMS 0x00000000e9f00000, 0x00000000e9f00000| Complete 
| 160|0x00000000ea000000, 0x00000000ea100000, 0x00000000ea100000|100%| E|CS|TAMS 0x00000000ea000000, 0x00000000ea000000| Complete 
| 161|0x00000000ea100000, 0x00000000ea200000, 0x00000000ea200000|100%| E|CS|TAMS 0x00000000ea100000, 0x00000000ea100000| Complete 
| 162|0x00000000ea200000, 0x00000000ea300000, 0x00000000ea300000|100%| E|CS|TAMS 0x00000000ea200000, 0x00000000ea200000| Complete 
| 163|0x00000000ea300000, 0x00000000ea400000, 0x00000000ea400000|100%| E|CS|TAMS 0x00000000ea300000, 0x00000000ea300000| Complete 
| 164|0x00000000ea400000, 0x00000000ea500000, 0x00000000ea500000|100%| E|CS|TAMS 0x00000000ea400000, 0x00000000ea400000| Complete 
| 165|0x00000000ea500000, 0x00000000ea600000, 0x00000000ea600000|100%| E|CS|TAMS 0x00000000ea500000, 0x00000000ea500000| Complete 
| 166|0x00000000ea600000, 0x00000000ea700000, 0x00000000ea700000|100%| E|CS|TAMS 0x00000000ea600000, 0x00000000ea600000| Complete 
| 167|0x00000000ea700000, 0x00000000ea800000, 0x00000000ea800000|100%| E|CS|TAMS 0x00000000ea700000, 0x00000000ea700000| Complete 
| 168|0x00000000ea800000, 0x00000000ea900000, 0x00000000ea900000|100%| E|CS|TAMS 0x00000000ea800000, 0x00000000ea800000| Complete 
| 169|0x00000000ea900000, 0x00000000eaa00000, 0x00000000eaa00000|100%| E|CS|TAMS 0x00000000ea900000, 0x00000000ea900000| Complete 
| 170|0x00000000eaa00000, 0x00000000eab00000, 0x00000000eab00000|100%| E|CS|TAMS 0x00000000eaa00000, 0x00000000eaa00000| Complete 
| 171|0x00000000eab00000, 0x00000000eac00000, 0x00000000eac00000|100%| E|CS|TAMS 0x00000000eab00000, 0x00000000eab00000| Complete 
| 172|0x00000000eac00000, 0x00000000ead00000, 0x00000000ead00000|100%| E|CS|TAMS 0x00000000eac00000, 0x00000000eac00000| Complete 
| 173|0x00000000ead00000, 0x00000000eae00000, 0x00000000eae00000|100%| E|CS|TAMS 0x00000000ead00000, 0x00000000ead00000| Complete 
| 174|0x00000000eae00000, 0x00000000eaf00000, 0x00000000eaf00000|100%| E|CS|TAMS 0x00000000eae00000, 0x00000000eae00000| Complete 
| 175|0x00000000eaf00000, 0x00000000eb000000, 0x00000000eb000000|100%| E|CS|TAMS 0x00000000eaf00000, 0x00000000eaf00000| Complete 
| 176|0x00000000eb000000, 0x00000000eb100000, 0x00000000eb100000|100%| E|CS|TAMS 0x00000000eb000000, 0x00000000eb000000| Complete 
| 177|0x00000000eb100000, 0x00000000eb200000, 0x00000000eb200000|100%| E|CS|TAMS 0x00000000eb100000, 0x00000000eb100000| Complete 
| 178|0x00000000eb200000, 0x00000000eb300000, 0x00000000eb300000|100%| E|CS|TAMS 0x00000000eb200000, 0x00000000eb200000| Complete 
| 179|0x00000000eb300000, 0x00000000eb400000, 0x00000000eb400000|100%| E|CS|TAMS 0x00000000eb300000, 0x00000000eb300000| Complete 
| 180|0x00000000eb400000, 0x00000000eb500000, 0x00000000eb500000|100%| E|CS|TAMS 0x00000000eb400000, 0x00000000eb400000| Complete 
| 181|0x00000000eb500000, 0x00000000eb600000, 0x00000000eb600000|100%| E|CS|TAMS 0x00000000eb500000, 0x00000000eb500000| Complete 
| 182|0x00000000eb600000, 0x00000000eb700000, 0x00000000eb700000|100%| E|CS|TAMS 0x00000000eb600000, 0x00000000eb600000| Complete 
| 183|0x00000000eb700000, 0x00000000eb800000, 0x00000000eb800000|100%| E|CS|TAMS 0x00000000eb700000, 0x00000000eb700000| Complete 
| 184|0x00000000eb800000, 0x00000000eb900000, 0x00000000eb900000|100%| E|CS|TAMS 0x00000000eb800000, 0x00000000eb800000| Complete 
| 185|0x00000000eb900000, 0x00000000eba00000, 0x00000000eba00000|100%| E|CS|TAMS 0x00000000eb900000, 0x00000000eb900000| Complete 
| 186|0x00000000eba00000, 0x00000000ebb00000, 0x00000000ebb00000|100%| E|CS|TAMS 0x00000000eba00000, 0x00000000eba00000| Complete 
| 187|0x00000000ebb00000, 0x00000000ebc00000, 0x00000000ebc00000|100%| E|CS|TAMS 0x00000000ebb00000, 0x00000000ebb00000| Complete 
| 188|0x00000000ebc00000, 0x00000000ebd00000, 0x00000000ebd00000|100%| E|CS|TAMS 0x00000000ebc00000, 0x00000000ebc00000| Complete 
| 189|0x00000000ebd00000, 0x00000000ebe00000, 0x00000000ebe00000|100%| E|CS|TAMS 0x00000000ebd00000, 0x00000000ebd00000| Complete 
| 190|0x00000000ebe00000, 0x00000000ebf00000, 0x00000000ebf00000|100%| E|CS|TAMS 0x00000000ebe00000, 0x00000000ebe00000| Complete 
| 191|0x00000000ebf00000, 0x00000000ec000000, 0x00000000ec000000|100%| E|CS|TAMS 0x00000000ebf00000, 0x00000000ebf00000| Complete 
| 192|0x00000000ec000000, 0x00000000ec100000, 0x00000000ec100000|100%| E|CS|TAMS 0x00000000ec000000, 0x00000000ec000000| Complete 
| 193|0x00000000ec100000, 0x00000000ec200000, 0x00000000ec200000|100%| E|CS|TAMS 0x00000000ec100000, 0x00000000ec100000| Complete 
| 194|0x00000000ec200000, 0x00000000ec300000, 0x00000000ec300000|100%| E|CS|TAMS 0x00000000ec200000, 0x00000000ec200000| Complete 
| 195|0x00000000ec300000, 0x00000000ec400000, 0x00000000ec400000|100%| E|CS|TAMS 0x00000000ec300000, 0x00000000ec300000| Complete 
| 196|0x00000000ec400000, 0x00000000ec500000, 0x00000000ec500000|100%| E|CS|TAMS 0x00000000ec400000, 0x00000000ec400000| Complete 
| 197|0x00000000ec500000, 0x00000000ec600000, 0x00000000ec600000|100%| E|CS|TAMS 0x00000000ec500000, 0x00000000ec500000| Complete 
| 198|0x00000000ec600000, 0x00000000ec700000, 0x00000000ec700000|100%| E|CS|TAMS 0x00000000ec600000, 0x00000000ec600000| Complete 
| 199|0x00000000ec700000, 0x00000000ec800000, 0x00000000ec800000|100%| E|CS|TAMS 0x00000000ec700000, 0x00000000ec700000| Complete 
| 200|0x00000000ec800000, 0x00000000ec900000, 0x00000000ec900000|100%| E|CS|TAMS 0x00000000ec800000, 0x00000000ec800000| Complete 
| 201|0x00000000ec900000, 0x00000000eca00000, 0x00000000eca00000|100%| E|CS|TAMS 0x00000000ec900000, 0x00000000ec900000| Complete 
| 202|0x00000000eca00000, 0x00000000ecb00000, 0x00000000ecb00000|100%| E|CS|TAMS 0x00000000eca00000, 0x00000000eca00000| Complete 
| 203|0x00000000ecb00000, 0x00000000ecc00000, 0x00000000ecc00000|100%| E|CS|TAMS 0x00000000ecb00000, 0x00000000ecb00000| Complete 
| 204|0x00000000ecc00000, 0x00000000ecd00000, 0x00000000ecd00000|100%| E|CS|TAMS 0x00000000ecc00000, 0x00000000ecc00000| Complete 
| 205|0x00000000ecd00000, 0x00000000ece00000, 0x00000000ece00000|100%| E|CS|TAMS 0x00000000ecd00000, 0x00000000ecd00000| Complete 
| 206|0x00000000ece00000, 0x00000000ecf00000, 0x00000000ecf00000|100%| E|CS|TAMS 0x00000000ece00000, 0x00000000ece00000| Complete 
| 207|0x00000000ecf00000, 0x00000000ed000000, 0x00000000ed000000|100%| E|CS|TAMS 0x00000000ecf00000, 0x00000000ecf00000| Complete 
| 208|0x00000000ed000000, 0x00000000ed100000, 0x00000000ed100000|100%| E|CS|TAMS 0x00000000ed000000, 0x00000000ed000000| Complete 
| 209|0x00000000ed100000, 0x00000000ed200000, 0x00000000ed200000|100%| E|CS|TAMS 0x00000000ed100000, 0x00000000ed100000| Complete 
| 210|0x00000000ed200000, 0x00000000ed300000, 0x00000000ed300000|100%| E|CS|TAMS 0x00000000ed200000, 0x00000000ed200000| Complete 
| 211|0x00000000ed300000, 0x00000000ed400000, 0x00000000ed400000|100%| E|CS|TAMS 0x00000000ed300000, 0x00000000ed300000| Complete 
| 212|0x00000000ed400000, 0x00000000ed500000, 0x00000000ed500000|100%| E|CS|TAMS 0x00000000ed400000, 0x00000000ed400000| Complete 
| 213|0x00000000ed500000, 0x00000000ed600000, 0x00000000ed600000|100%| E|CS|TAMS 0x00000000ed500000, 0x00000000ed500000| Complete 
| 214|0x00000000ed600000, 0x00000000ed700000, 0x00000000ed700000|100%| E|CS|TAMS 0x00000000ed600000, 0x00000000ed600000| Complete 
| 215|0x00000000ed700000, 0x00000000ed800000, 0x00000000ed800000|100%| E|CS|TAMS 0x00000000ed700000, 0x00000000ed700000| Complete 
| 216|0x00000000ed800000, 0x00000000ed900000, 0x00000000ed900000|100%| E|CS|TAMS 0x00000000ed800000, 0x00000000ed800000| Complete 
| 217|0x00000000ed900000, 0x00000000eda00000, 0x00000000eda00000|100%| E|CS|TAMS 0x00000000ed900000, 0x00000000ed900000| Complete 
| 218|0x00000000eda00000, 0x00000000edb00000, 0x00000000edb00000|100%| E|CS|TAMS 0x00000000eda00000, 0x00000000eda00000| Complete 
| 219|0x00000000edb00000, 0x00000000edc00000, 0x00000000edc00000|100%| E|CS|TAMS 0x00000000edb00000, 0x00000000edb00000| Complete 
| 220|0x00000000edc00000, 0x00000000edd00000, 0x00000000edd00000|100%| E|CS|TAMS 0x00000000edc00000, 0x00000000edc00000| Complete 
| 221|0x00000000edd00000, 0x00000000ede00000, 0x00000000ede00000|100%| E|CS|TAMS 0x00000000edd00000, 0x00000000edd00000| Complete 
| 222|0x00000000ede00000, 0x00000000edf00000, 0x00000000edf00000|100%| E|CS|TAMS 0x00000000ede00000, 0x00000000ede00000| Complete 
| 223|0x00000000edf00000, 0x00000000ee000000, 0x00000000ee000000|100%| E|CS|TAMS 0x00000000edf00000, 0x00000000edf00000| Complete 
| 224|0x00000000ee000000, 0x00000000ee100000, 0x00000000ee100000|100%| E|CS|TAMS 0x00000000ee000000, 0x00000000ee000000| Complete 
| 225|0x00000000ee100000, 0x00000000ee200000, 0x00000000ee200000|100%| E|CS|TAMS 0x00000000ee100000, 0x00000000ee100000| Complete 
| 226|0x00000000ee200000, 0x00000000ee300000, 0x00000000ee300000|100%| E|CS|TAMS 0x00000000ee200000, 0x00000000ee200000| Complete 
| 227|0x00000000ee300000, 0x00000000ee400000, 0x00000000ee400000|100%| E|CS|TAMS 0x00000000ee300000, 0x00000000ee300000| Complete 
| 228|0x00000000ee400000, 0x00000000ee500000, 0x00000000ee500000|100%| E|CS|TAMS 0x00000000ee400000, 0x00000000ee400000| Complete 
| 229|0x00000000ee500000, 0x00000000ee600000, 0x00000000ee600000|100%| E|CS|TAMS 0x00000000ee500000, 0x00000000ee500000| Complete 
| 230|0x00000000ee600000, 0x00000000ee700000, 0x00000000ee700000|100%| E|CS|TAMS 0x00000000ee600000, 0x00000000ee600000| Complete 
| 231|0x00000000ee700000, 0x00000000ee800000, 0x00000000ee800000|100%| E|CS|TAMS 0x00000000ee700000, 0x00000000ee700000| Complete 
| 232|0x00000000ee800000, 0x00000000ee900000, 0x00000000ee900000|100%| E|CS|TAMS 0x00000000ee800000, 0x00000000ee800000| Complete 
| 233|0x00000000ee900000, 0x00000000eea00000, 0x00000000eea00000|100%| E|CS|TAMS 0x00000000ee900000, 0x00000000ee900000| Complete 
| 234|0x00000000eea00000, 0x00000000eeb00000, 0x00000000eeb00000|100%| E|CS|TAMS 0x00000000eea00000, 0x00000000eea00000| Complete 
| 235|0x00000000eeb00000, 0x00000000eec00000, 0x00000000eec00000|100%| E|CS|TAMS 0x00000000eeb00000, 0x00000000eeb00000| Complete 
| 236|0x00000000eec00000, 0x00000000eed00000, 0x00000000eed00000|100%| E|CS|TAMS 0x00000000eec00000, 0x00000000eec00000| Complete 
| 237|0x00000000eed00000, 0x00000000eee00000, 0x00000000eee00000|100%| E|CS|TAMS 0x00000000eed00000, 0x00000000eed00000| Complete 
| 238|0x00000000eee00000, 0x00000000eef00000, 0x00000000eef00000|100%| E|CS|TAMS 0x00000000eee00000, 0x00000000eee00000| Complete 
| 239|0x00000000eef00000, 0x00000000ef000000, 0x00000000ef000000|100%| E|CS|TAMS 0x00000000eef00000, 0x00000000eef00000| Complete 
| 240|0x00000000ef000000, 0x00000000ef100000, 0x00000000ef100000|100%| E|CS|TAMS 0x00000000ef000000, 0x00000000ef000000| Complete 
| 241|0x00000000ef100000, 0x00000000ef200000, 0x00000000ef200000|100%| E|CS|TAMS 0x00000000ef100000, 0x00000000ef100000| Complete 
| 242|0x00000000ef200000, 0x00000000ef300000, 0x00000000ef300000|100%| E|CS|TAMS 0x00000000ef200000, 0x00000000ef200000| Complete 
| 243|0x00000000ef300000, 0x00000000ef400000, 0x00000000ef400000|100%| E|CS|TAMS 0x00000000ef300000, 0x00000000ef300000| Complete 
| 244|0x00000000ef400000, 0x00000000ef500000, 0x00000000ef500000|100%| E|CS|TAMS 0x00000000ef400000, 0x00000000ef400000| Complete 
| 245|0x00000000ef500000, 0x00000000ef600000, 0x00000000ef600000|100%| E|CS|TAMS 0x00000000ef500000, 0x00000000ef500000| Complete 
| 246|0x00000000ef600000, 0x00000000ef700000, 0x00000000ef700000|100%| E|CS|TAMS 0x00000000ef600000, 0x00000000ef600000| Complete 
| 247|0x00000000ef700000, 0x00000000ef800000, 0x00000000ef800000|100%| E|CS|TAMS 0x00000000ef700000, 0x00000000ef700000| Complete 
| 248|0x00000000ef800000, 0x00000000ef900000, 0x00000000ef900000|100%| E|CS|TAMS 0x00000000ef800000, 0x00000000ef800000| Complete 
| 249|0x00000000ef900000, 0x00000000efa00000, 0x00000000efa00000|100%| E|CS|TAMS 0x00000000ef900000, 0x00000000ef900000| Complete 
| 250|0x00000000efa00000, 0x00000000efb00000, 0x00000000efb00000|100%| E|CS|TAMS 0x00000000efa00000, 0x00000000efa00000| Complete 
| 251|0x00000000efb00000, 0x00000000efc00000, 0x00000000efc00000|100%| E|CS|TAMS 0x00000000efb00000, 0x00000000efb00000| Complete 
| 252|0x00000000efc00000, 0x00000000efd00000, 0x00000000efd00000|100%| E|CS|TAMS 0x00000000efc00000, 0x00000000efc00000| Complete 
| 253|0x00000000efd00000, 0x00000000efe00000, 0x00000000efe00000|100%| E|CS|TAMS 0x00000000efd00000, 0x00000000efd00000| Complete 
| 254|0x00000000efe00000, 0x00000000eff00000, 0x00000000eff00000|100%| E|CS|TAMS 0x00000000efe00000, 0x00000000efe00000| Complete 
| 255|0x00000000eff00000, 0x00000000f0000000, 0x00000000f0000000|100%| E|CS|TAMS 0x00000000eff00000, 0x00000000eff00000| Complete 

Card table byte_map: [0x0000024d9e280000,0x0000024d9e380000] _byte_map_base: 0x0000024d9db80000

Marking Bits (Prev, Next): (CMBitMap*) 0x0000024d85166310, (CMBitMap*) 0x0000024d85166350
 Prev Bits: [0x0000024d9e480000, 0x0000024d9ec80000)
 Next Bits: [0x0000024d9ec80000, 0x0000024d9f480000)

Polling page: 0x0000024d85200000

Metaspace:

Usage:
  Non-class:     49.55 MB used.
      Class:      8.16 MB used.
       Both:     57.70 MB used.

Virtual space:
  Non-class space:       64.00 MB reserved,      49.88 MB ( 78%) committed,  1 nodes.
      Class space:      320.00 MB reserved,       8.50 MB (  3%) committed,  1 nodes.
             Both:      384.00 MB reserved,      58.38 MB ( 15%) committed. 

Chunk freelists:
   Non-Class:  13.97 MB
       Class:  7.36 MB
        Both:  21.33 MB

MaxMetaspaceSize: 384.00 MB
CompressedClassSpaceSize: 320.00 MB
Initial GC threshold: 21.00 MB
Current GC threshold: 58.75 MB
CDS: on
MetaspaceReclaimPolicy: balanced
 - commit_granule_bytes: 65536.
 - commit_granule_words: 8192.
 - virtual_space_node_default_size: 8388608.
 - enlarge_chunks_in_place: 1.
 - new_chunks_are_fully_committed: 0.
 - uncommit_free_chunks: 1.
 - use_allocation_guard: 0.
 - handle_deallocations: 1.


Internal statistics:

num_allocs_failed_limit: 6.
num_arena_births: 784.
num_arena_deaths: 0.
num_vsnodes_births: 2.
num_vsnodes_deaths: 0.
num_space_committed: 935.
num_space_uncommitted: 0.
num_chunks_returned_to_freelist: 6.
num_chunks_taken_from_freelist: 3191.
num_chunk_merges: 3.
num_chunk_splits: 2079.
num_chunks_enlarged: 1384.
num_inconsistent_stats: 0.

CodeHeap 'non-profiled nmethods': size=119168Kb used=4251Kb max_used=5151Kb free=114916Kb
 bounds [0x0000024d95d50000, 0x0000024d96260000, 0x0000024d9d1b0000]
CodeHeap 'profiled nmethods': size=119104Kb used=14062Kb max_used=15677Kb free=105041Kb
 bounds [0x0000024d8e1b0000, 0x0000024d8f100000, 0x0000024d95600000]
CodeHeap 'non-nmethods': size=7488Kb used=4101Kb max_used=4101Kb free=3387Kb
 bounds [0x0000024d95600000, 0x0000024d95a20000, 0x0000024d95d50000]
 total_blobs=7973 nmethods=7094 adapters=786
 compilation: enabled
              stopped_count=0, restarted_count=0
 full_count=0

Compilation events (20 events):
Event: 7.779 Thread 0x0000024da242ef70 nmethod 8409 0x0000024d95d8e090 code [0x0000024d95d8e220, 0x0000024d95d8e2f8]
Event: 7.780 Thread 0x0000024da26a94f0 8410   !   3       jdk.proxy1.$Proxy7::annotationType (29 bytes)
Event: 7.780 Thread 0x0000024da26a94f0 nmethod 8410 0x0000024d8e1c3510 code [0x0000024d8e1c36e0, 0x0000024d8e1c3ad8]
Event: 7.786 Thread 0x0000024da26e39b0 8411       3       org.gradle.internal.instantiation.generator.AsmBackedClassGenerator$ClassBuilderImpl::access$5600 (4 bytes)
Event: 7.786 Thread 0x0000024da2474220 8412   !   3       org.gradle.internal.instantiation.generator.AbstractClassGenerator::generateUnderLock (702 bytes)
Event: 7.786 Thread 0x0000024da26e39b0 nmethod 8411 0x0000024d8e7d2890 code [0x0000024d8e7d2a20, 0x0000024d8e7d2b18]
Event: 7.790 Thread 0x0000024da26a94f0 8413       3       java.util.regex.Pattern$SliceI::match (96 bytes)
Event: 7.790 Thread 0x0000024da242ef70 8414       3       java.util.regex.ASCII::toLower (16 bytes)
Event: 7.790 Thread 0x0000024da26e39b0 8415       3       java.util.regex.ASCII::isUpper (18 bytes)
Event: 7.790 Thread 0x0000024da26e39b0 nmethod 8415 0x0000024d8e265010 code [0x0000024d8e2651a0, 0x0000024d8e2652f8]
Event: 7.791 Thread 0x0000024da242ef70 nmethod 8414 0x0000024d8e3bc910 code [0x0000024d8e3bcaa0, 0x0000024d8e3bcc98]
Event: 7.791 Thread 0x0000024da26a94f0 nmethod 8413 0x0000024d8ed9a610 code [0x0000024d8ed9a800, 0x0000024d8ed9ae58]
Event: 7.792 Thread 0x0000024da2474220 nmethod 8412 0x0000024d8ea9d110 code [0x0000024d8ea9dba0, 0x0000024d8eaa5608]
Event: 7.837 Thread 0x0000024da26a94f0 8416       3       java.util.concurrent.ConcurrentSkipListMap::cpr (26 bytes)
Event: 7.837 Thread 0x0000024da26e39b0 8417       3       org.gradle.internal.serialize.DefaultSerializerRegistry$1::compare (13 bytes)
Event: 7.837 Thread 0x0000024da2474220 8418       3       org.gradle.internal.serialize.DefaultSerializerRegistry$1::compare (12 bytes)
Event: 7.837 Thread 0x0000024da26a94f0 nmethod 8416 0x0000024d8e285d90 code [0x0000024d8e285f60, 0x0000024d8e286358]
Event: 7.837 Thread 0x0000024da2474220 nmethod 8418 0x0000024d8e3c5710 code [0x0000024d8e3c58e0, 0x0000024d8e3c5c28]
Event: 7.837 Thread 0x0000024da26e39b0 nmethod 8417 0x0000024d8e208990 code [0x0000024d8e208b80, 0x0000024d8e209128]
Event: 7.838 Thread 0x0000024da26ff0f0 8419       4       java.lang.invoke.VarHandleGuards::guard_LLL_Z (86 bytes)

GC Heap History (14 events):
Event: 0.326 GC heap before
{Heap before GC invocations=0 (full 0):
 garbage-first heap   total 262144K, used 22528K [0x00000000e0000000, 0x0000000100000000)
  region size 1024K, 23 young (23552K), 0 survivors (0K)
 Metaspace       used 1109K, committed 1280K, reserved 393216K
  class space    used 73K, committed 128K, reserved 327680K
}
Event: 0.330 GC heap after
{Heap after GC invocations=1 (full 0):
 garbage-first heap   total 262144K, used 3650K [0x00000000e0000000, 0x0000000100000000)
  region size 1024K, 3 young (3072K), 3 survivors (3072K)
 Metaspace       used 1109K, committed 1280K, reserved 393216K
  class space    used 73K, committed 128K, reserved 327680K
}
Event: 0.787 GC heap before
{Heap before GC invocations=1 (full 0):
 garbage-first heap   total 262144K, used 39490K [0x00000000e0000000, 0x0000000100000000)
  region size 1024K, 36 young (36864K), 3 survivors (3072K)
 Metaspace       used 4439K, committed 4608K, reserved 393216K
  class space    used 540K, committed 640K, reserved 327680K
}
Event: 0.793 GC heap after
{Heap after GC invocations=2 (full 0):
 garbage-first heap   total 262144K, used 11239K [0x00000000e0000000, 0x0000000100000000)
  region size 1024K, 5 young (5120K), 5 survivors (5120K)
 Metaspace       used 4439K, committed 4608K, reserved 393216K
  class space    used 540K, committed 640K, reserved 327680K
}
Event: 1.184 GC heap before
{Heap before GC invocations=2 (full 0):
 garbage-first heap   total 262144K, used 60391K [0x00000000e0000000, 0x0000000100000000)
  region size 1024K, 51 young (52224K), 5 survivors (5120K)
 Metaspace       used 4706K, committed 4928K, reserved 393216K
  class space    used 585K, committed 704K, reserved 327680K
}
Event: 1.189 GC heap after
{Heap after GC invocations=3 (full 0):
 garbage-first heap   total 262144K, used 16733K [0x00000000e0000000, 0x0000000100000000)
  region size 1024K, 5 young (5120K), 5 survivors (5120K)
 Metaspace       used 4706K, committed 4928K, reserved 393216K
  class space    used 585K, committed 704K, reserved 327680K
}
Event: 2.749 GC heap before
{Heap before GC invocations=3 (full 0):
 garbage-first heap   total 262144K, used 121181K [0x00000000e0000000, 0x0000000100000000)
  region size 1024K, 108 young (110592K), 5 survivors (5120K)
 Metaspace       used 21164K, committed 21504K, reserved 393216K
  class space    used 3060K, committed 3264K, reserved 327680K
}
Event: 2.755 GC heap after
{Heap after GC invocations=4 (full 0):
 garbage-first heap   total 262144K, used 24061K [0x00000000e0000000, 0x0000000100000000)
  region size 1024K, 12 young (12288K), 12 survivors (12288K)
 Metaspace       used 21164K, committed 21504K, reserved 393216K
  class space    used 3060K, committed 3264K, reserved 327680K
}
Event: 4.211 GC heap before
{Heap before GC invocations=5 (full 0):
 garbage-first heap   total 262144K, used 163325K [0x00000000e0000000, 0x0000000100000000)
  region size 1024K, 150 young (153600K), 12 survivors (12288K)
 Metaspace       used 35568K, committed 35968K, reserved 393216K
  class space    used 5148K, committed 5376K, reserved 327680K
}
Event: 4.222 GC heap after
{Heap after GC invocations=6 (full 0):
 garbage-first heap   total 262144K, used 33303K [0x00000000e0000000, 0x0000000100000000)
  region size 1024K, 17 young (17408K), 17 survivors (17408K)
 Metaspace       used 35568K, committed 35968K, reserved 393216K
  class space    used 5148K, committed 5376K, reserved 327680K
}
Event: 5.332 GC heap before
{Heap before GC invocations=7 (full 0):
 garbage-first heap   total 262144K, used 176663K [0x00000000e0000000, 0x0000000100000000)
  region size 1024K, 153 young (156672K), 17 survivors (17408K)
 Metaspace       used 44016K, committed 44480K, reserved 393216K
  class space    used 6099K, committed 6336K, reserved 327680K
}
Event: 5.345 GC heap after
{Heap after GC invocations=8 (full 0):
 garbage-first heap   total 262144K, used 42795K [0x00000000e0000000, 0x0000000100000000)
  region size 1024K, 19 young (19456K), 19 survivors (19456K)
 Metaspace       used 44016K, committed 44480K, reserved 393216K
  class space    used 6099K, committed 6336K, reserved 327680K
}
Event: 6.353 GC heap before
{Heap before GC invocations=8 (full 0):
 garbage-first heap   total 262144K, used 180011K [0x00000000e0000000, 0x0000000100000000)
  region size 1024K, 153 young (156672K), 19 survivors (19456K)
 Metaspace       used 47637K, committed 48256K, reserved 393216K
  class space    used 6548K, committed 6848K, reserved 327680K
}
Event: 6.364 GC heap after
{Heap after GC invocations=9 (full 0):
 garbage-first heap   total 262144K, used 48203K [0x00000000e0000000, 0x0000000100000000)
  region size 1024K, 16 young (16384K), 16 survivors (16384K)
 Metaspace       used 47637K, committed 48256K, reserved 393216K
  class space    used 6548K, committed 6848K, reserved 327680K
}

Deoptimization events (20 events):
Event: 7.536 Thread 0x0000024da269ba10 Uncommon trap: trap_request=0xffffffd6 fr.pc=0x0000024d96233a58 relative=0x0000000000000c38
Event: 7.536 Thread 0x0000024da269ba10 Uncommon trap: reason=array_check action=maybe_recompile pc=0x0000024d96233a58 method=java.util.TimSort.reverseRange([Ljava/lang/Object;II)V @ 27 c2
Event: 7.536 Thread 0x0000024da269ba10 DEOPT PACKING pc=0x0000024d96233a58 sp=0x000000a5f02f6a10
Event: 7.536 Thread 0x0000024da269ba10 DEOPT UNPACKING pc=0x0000024d956523a3 sp=0x000000a5f02f6950 mode 2
Event: 7.539 Thread 0x0000024da269ba10 Uncommon trap: trap_request=0xffffffd6 fr.pc=0x0000024d96233a58 relative=0x0000000000000c38
Event: 7.539 Thread 0x0000024da269ba10 Uncommon trap: reason=array_check action=maybe_recompile pc=0x0000024d96233a58 method=java.util.TimSort.reverseRange([Ljava/lang/Object;II)V @ 27 c2
Event: 7.539 Thread 0x0000024da269ba10 DEOPT PACKING pc=0x0000024d96233a58 sp=0x000000a5f02f7020
Event: 7.539 Thread 0x0000024da269ba10 DEOPT UNPACKING pc=0x0000024d956523a3 sp=0x000000a5f02f6f60 mode 2
Event: 7.584 Thread 0x0000024dbe59dc40 DEOPT PACKING pc=0x0000024d8ed9ad71 sp=0x000000a5f08fe600
Event: 7.584 Thread 0x0000024dbe59dc40 DEOPT UNPACKING pc=0x0000024d95652b43 sp=0x000000a5f08fdaa0 mode 0
Event: 7.597 Thread 0x0000024dbe59dc40 DEOPT PACKING pc=0x0000024d8e6e31c3 sp=0x000000a5f08fe550
Event: 7.597 Thread 0x0000024dbe59dc40 DEOPT UNPACKING pc=0x0000024d95652b43 sp=0x000000a5f08fd9d8 mode 0
Event: 7.723 Thread 0x0000024da269ba10 Uncommon trap: trap_request=0xffffffbe fr.pc=0x0000024d96143594 relative=0x0000000000000934
Event: 7.723 Thread 0x0000024da269ba10 Uncommon trap: reason=profile_predicate action=maybe_recompile pc=0x0000024d96143594 method=java.util.regex.Pattern$BnM.optimize(Ljava/util/regex/Pattern$Node;)Ljava/util/regex/Pattern$Node; @ 67 c2
Event: 7.723 Thread 0x0000024da269ba10 DEOPT PACKING pc=0x0000024d96143594 sp=0x000000a5f02f5690
Event: 7.723 Thread 0x0000024da269ba10 DEOPT UNPACKING pc=0x0000024d956523a3 sp=0x000000a5f02f55e0 mode 2
Event: 7.736 Thread 0x0000024da269ba10 Uncommon trap: trap_request=0xffffffdc fr.pc=0x0000024d95f7123c relative=0x000000000000029c
Event: 7.736 Thread 0x0000024da269ba10 Uncommon trap: reason=class_check action=make_not_entrant pc=0x0000024d95f7123c method=java.util.ArrayList.toArray([Ljava/lang/Object;)[Ljava/lang/Object; @ 21 c2
Event: 7.736 Thread 0x0000024da269ba10 DEOPT PACKING pc=0x0000024d95f7123c sp=0x000000a5f02f4320
Event: 7.736 Thread 0x0000024da269ba10 DEOPT UNPACKING pc=0x0000024d956523a3 sp=0x000000a5f02f42f0 mode 2

Classes unloaded (0 events):
No events

Classes redefined (0 events):
No events

Internal exceptions (20 events):
Event: 6.672 Thread 0x0000024da269ba10 Implicit null exception at 0x0000024d96151406 to 0x0000024d96152594
Event: 6.675 Thread 0x0000024da269ba10 Exception <a 'java/lang/ClassNotFoundException'{0x00000000ee7c4a30}: java/io/FileBeanInfo> (0x00000000ee7c4a30) 
thrown [s\open\src\hotspot\share\classfile\systemDictionary.cpp, line 256]
Event: 6.675 Thread 0x0000024da269ba10 Exception <a 'java/lang/ClassNotFoundException'{0x00000000ee7cfbe8}: java/io/FileCustomizer> (0x00000000ee7cfbe8) 
thrown [s\open\src\hotspot\share\classfile\systemDictionary.cpp, line 256]
Event: 6.691 Thread 0x0000024dbe59e150 Exception <a 'java/lang/NoSuchMethodError'{0x00000000eeb106f8}: static Lorg/gradle/internal/build/event/types/DefaultProjectConfigurationDescriptor;.<clinit>()V> (0x00000000eeb106f8) 
thrown [s\open\src\hotspot\share\prims\jni.cpp, line 1107]
Event: 6.915 Thread 0x0000024da269ba10 Exception <a 'java/lang/NoSuchMethodError'{0x00000000ed7be7e8}: 'int java.lang.invoke.DirectMethodHandle$Holder.invokeInterface(java.lang.Object, java.lang.Object, java.lang.Object, java.lang.Object)'> (0x00000000ed7be7e8) 
thrown [s\open\src\hotspot\share\interpreter\linkResolver.cpp, line 759]
Event: 6.940 Thread 0x0000024da269ba10 Exception <a 'java/lang/NoSuchMethodError'{0x00000000ed5a3030}: 'java.lang.Object java.lang.invoke.DirectMethodHandle$Holder.invokeStatic(java.lang.Object, long, java.lang.Object)'> (0x00000000ed5a3030) 
thrown [s\open\src\hotspot\share\interpreter\linkResolver.cpp, line 759]
Event: 6.941 Thread 0x0000024da269ba10 Exception <a 'java/lang/NoSuchMethodError'{0x00000000ed5ab010}: 'java.lang.Object java.lang.invoke.DirectMethodHandle$Holder.newInvokeSpecial(java.lang.Object, long)'> (0x00000000ed5ab010) 
thrown [s\open\src\hotspot\share\interpreter\linkResolver.cpp, line 759]
Event: 6.948 Thread 0x0000024da269ba10 Exception <a 'java/lang/NoSuchMethodError'{0x00000000ed41bf70}: 'java.lang.Object java.lang.invoke.Invokers$Holder.linkToTargetMethod(java.lang.Object, java.lang.Object, java.lang.Object, java.lang.Object, long, java.lang.Object, java.lang.Object)'> (0x00000000ed41bf70) 
thrown [s\open\src\hotspot\share\interpreter\linkResolver.cpp, line 759]
Event: 6.951 Thread 0x0000024da269ba10 Exception <a 'java/lang/NoSuchMethodError'{0x00000000ed4626e8}: 'java.lang.Object java.lang.invoke.DirectMethodHandle$Holder.newInvokeSpecial(java.lang.Object, java.lang.Object, java.lang.Object, long, java.lang.Object)'> (0x00000000ed4626e8) 
thrown [s\open\src\hotspot\share\interpreter\linkResolver.cpp, line 759]
Event: 6.952 Thread 0x0000024da269ba10 Exception <a 'java/lang/NoSuchMethodError'{0x00000000ed467818}: 'java.lang.Object java.lang.invoke.DirectMethodHandle$Holder.invokeSpecial(java.lang.Object, java.lang.Object, java.lang.Object, java.lang.Object, long, java.lang.Object)'> (0x00000000ed467818) 
thrown [s\open\src\hotspot\share\interpreter\linkResolver.cpp, line 759]
Event: 6.952 Thread 0x0000024da269ba10 Exception <a 'java/lang/NoSuchMethodError'{0x00000000ed46c000}: 'java.lang.Object java.lang.invoke.Invokers$Holder.linkToTargetMethod(java.lang.Object, java.lang.Object, long, java.lang.Object, java.lang.Object)'> (0x00000000ed46c000) 
thrown [s\open\src\hotspot\share\interpreter\linkResolver.cpp, line 759]
Event: 7.118 Thread 0x0000024da269ba10 Exception <a 'java/lang/NoSuchMethodError'{0x00000000ec7b3240}: 'java.lang.Object java.lang.invoke.DirectMethodHandle$Holder.newInvokeSpecial(java.lang.Object, int, java.lang.Object)'> (0x00000000ec7b3240) 
thrown [s\open\src\hotspot\share\interpreter\linkResolver.cpp, line 759]
Event: 7.232 Thread 0x0000024da269ba10 Exception <a 'java/lang/NoSuchMethodError'{0x00000000ebefc5b0}: 'int java.lang.invoke.DirectMethodHandle$Holder.invokeSpecialIFC(java.lang.Object, java.lang.Object, java.lang.Object)'> (0x00000000ebefc5b0) 
thrown [s\open\src\hotspot\share\interpreter\linkResolver.cpp, line 759]
Event: 7.293 Thread 0x0000024da269ba10 Exception <a 'java/lang/NoSuchMethodError'{0x00000000eb9bbdc0}: 'java.lang.Object java.lang.invoke.DirectMethodHandle$Holder.invokeSpecial(java.lang.Object, java.lang.Object, java.lang.Object, java.lang.Object, java.lang.Object, long)'> (0x00000000eb9bbdc0) 
thrown [s\open\src\hotspot\share\interpreter\linkResolver.cpp, line 759]
Event: 7.294 Thread 0x0000024da269ba10 Exception <a 'java/lang/NoSuchMethodError'{0x00000000eb9e73e0}: 'void java.lang.invoke.DirectMethodHandle$Holder.invokeStatic(java.lang.Object, java.lang.Object, java.lang.Object, int, java.lang.Object)'> (0x00000000eb9e73e0) 
thrown [s\open\src\hotspot\share\interpreter\linkResolver.cpp, line 759]
Event: 7.308 Thread 0x0000024da269ba10 Exception <a 'java/lang/NoSuchMethodError'{0x00000000eb7770e8}: 'int java.lang.invoke.DirectMethodHandle$Holder.invokeInterface(java.lang.Object, java.lang.Object, java.lang.Object, java.lang.Object, java.lang.Object)'> (0x00000000eb7770e8) 
thrown [s\open\src\hotspot\share\interpreter\linkResolver.cpp, line 759]
Event: 7.343 Thread 0x0000024da269ba10 Exception <a 'java/lang/NoSuchMethodError'{0x00000000eb5dd180}: 'java.lang.Object java.lang.invoke.DirectMethodHandle$Holder.invokeSpecial(java.lang.Object, java.lang.Object, long, java.lang.Object, java.lang.Object)'> (0x00000000eb5dd180) 
thrown [s\open\src\hotspot\share\interpreter\linkResolver.cpp, line 759]
Event: 7.454 Thread 0x0000024da269ba10 Exception <a 'java/lang/NoSuchMethodError'{0x00000000eadeea50}: 'java.lang.Object java.lang.invoke.DirectMethodHandle$Holder.newInvokeSpecial(java.lang.Object, java.lang.Object, java.lang.Object, java.lang.Object, int, java.lang.Object)'> (0x00000000eadeea50) 
thrown [s\open\src\hotspot\share\interpreter\linkResolver.cpp, line 759]
Event: 7.454 Thread 0x0000024da269ba10 Exception <a 'java/lang/NoSuchMethodError'{0x00000000eadf7850}: 'java.lang.Object java.lang.invoke.Invokers$Holder.linkToTargetMethod(java.lang.Object, java.lang.Object, java.lang.Object, int, java.lang.Object, java.lang.Object)'> (0x00000000eadf7850) 
thrown [s\open\src\hotspot\share\interpreter\linkResolver.cpp, line 759]
Event: 7.541 Thread 0x0000024da269ba10 Exception <a 'java/lang/NoSuchMethodError'{0x00000000ea4fd040}: 'java.lang.Object java.lang.invoke.DirectMethodHandle$Holder.invokeSpecialIFC(java.lang.Object, java.lang.Object, java.lang.Object)'> (0x00000000ea4fd040) 
thrown [s\open\src\hotspot\share\interpreter\linkResolver.cpp, line 759]

VM Operations (20 events):
Event: 6.913 Executing VM operation: HandshakeAllThreads
Event: 6.914 Executing VM operation: HandshakeAllThreads done
Event: 7.245 Executing VM operation: ICBufferFull
Event: 7.245 Executing VM operation: ICBufferFull done
Event: 7.248 Executing VM operation: HandshakeAllThreads
Event: 7.248 Executing VM operation: HandshakeAllThreads done
Event: 7.451 Executing VM operation: HandshakeAllThreads
Event: 7.451 Executing VM operation: HandshakeAllThreads done
Event: 7.505 Executing VM operation: ICBufferFull
Event: 7.506 Executing VM operation: ICBufferFull done
Event: 7.611 Executing VM operation: ICBufferFull
Event: 7.612 Executing VM operation: ICBufferFull done
Event: 7.617 Executing VM operation: HandshakeAllThreads
Event: 7.617 Executing VM operation: HandshakeAllThreads done
Event: 7.655 Executing VM operation: HandshakeAllThreads
Event: 7.655 Executing VM operation: HandshakeAllThreads done
Event: 7.697 Executing VM operation: HandshakeAllThreads
Event: 7.697 Executing VM operation: HandshakeAllThreads done
Event: 7.769 Executing VM operation: ICBufferFull
Event: 7.769 Executing VM operation: ICBufferFull done

Events (20 events):
Event: 7.741 loading class javax/xml/parsers/DocumentBuilderFactory done
Event: 7.741 loading class javax/xml/parsers/FactoryFinder
Event: 7.741 loading class javax/xml/parsers/FactoryFinder done
Event: 7.742 loading class javax/xml/parsers/FactoryFinder$1
Event: 7.742 loading class javax/xml/parsers/FactoryFinder$1 done
Event: 7.743 loading class com/sun/org/apache/xerces/internal/jaxp/DocumentBuilderFactoryImpl
Event: 7.743 loading class com/sun/org/apache/xerces/internal/jaxp/DocumentBuilderFactoryImpl done
Event: 7.743 loading class com/sun/org/apache/xerces/internal/utils/XMLSecurityManager
Event: 7.743 loading class com/sun/org/apache/xerces/internal/utils/XMLSecurityManager done
Event: 7.743 loading class com/sun/org/apache/xerces/internal/utils/XMLSecurityManager$Limit
Event: 7.743 loading class com/sun/org/apache/xerces/internal/utils/XMLSecurityManager$Limit done
Event: 7.743 loading class com/sun/org/apache/xerces/internal/utils/XMLSecurityManager$NameMap
Event: 7.743 loading class com/sun/org/apache/xerces/internal/utils/XMLSecurityManager$NameMap done
Event: 7.743 loading class com/sun/org/apache/xerces/internal/utils/XMLSecurityPropertyManager
Event: 7.743 loading class com/sun/org/apache/xerces/internal/utils/XMLSecurityPropertyManager done
Event: 7.743 loading class com/sun/org/apache/xerces/internal/utils/XMLSecurityPropertyManager$State
Event: 7.744 loading class com/sun/org/apache/xerces/internal/utils/XMLSecurityPropertyManager$State done
Event: 7.744 loading class com/sun/org/apache/xerces/internal/utils/XMLSecurityPropertyManager$Property
Event: 7.744 loading class com/sun/org/apache/xerces/internal/utils/XMLSecurityPropertyManager$Property done
Event: 7.819 Thread 0x0000024dc2ebc1f0 Thread added: 0x0000024dc2ebc1f0


Dynamic libraries:
0x00007ff709fb0000 - 0x00007ff709fc0000 	C:\Program Files\Java\jdk-17\bin\java.exe
0x00007ffcf1750000 - 0x00007ffcf1967000 	C:\WINDOWS\SYSTEM32\ntdll.dll
0x00007ffcf0760000 - 0x00007ffcf0824000 	C:\WINDOWS\System32\KERNEL32.DLL
0x00007ffceebe0000 - 0x00007ffceefb0000 	C:\WINDOWS\System32\KERNELBASE.dll
0x00007ffcef2f0000 - 0x00007ffcef401000 	C:\WINDOWS\System32\ucrtbase.dll
0x00007ffcc1ad0000 - 0x00007ffcc1ae9000 	C:\Program Files\Java\jdk-17\bin\jli.dll
0x00007ffcc5c50000 - 0x00007ffcc5c6b000 	C:\Program Files\Java\jdk-17\bin\VCRUNTIME140.dll
0x00007ffcf0580000 - 0x00007ffcf0631000 	C:\WINDOWS\System32\ADVAPI32.dll
0x00007ffcf0670000 - 0x00007ffcf0717000 	C:\WINDOWS\System32\msvcrt.dll
0x00007ffcf0900000 - 0x00007ffcf09a7000 	C:\WINDOWS\System32\sechost.dll
0x00007ffcef410000 - 0x00007ffcef438000 	C:\WINDOWS\System32\bcrypt.dll
0x00007ffcefd90000 - 0x00007ffcefea4000 	C:\WINDOWS\System32\RPCRT4.dll
0x00007ffcefad0000 - 0x00007ffcefc7e000 	C:\WINDOWS\System32\USER32.dll
0x00007ffcef240000 - 0x00007ffcef266000 	C:\WINDOWS\System32\win32u.dll
0x00007ffcf0640000 - 0x00007ffcf0669000 	C:\WINDOWS\System32\GDI32.dll
0x00007ffcde0e0000 - 0x00007ffcde372000 	C:\WINDOWS\WinSxS\amd64_microsoft.windows.common-controls_6595b64144ccf1df_6.0.22621.4830_none_270fe7d773858e80\COMCTL32.dll
0x00007ffceea00000 - 0x00007ffceeb1b000 	C:\WINDOWS\System32\gdi32full.dll
0x00007ffceefb0000 - 0x00007ffcef04a000 	C:\WINDOWS\System32\msvcp_win.dll
0x00007ffceab10000 - 0x00007ffceab1a000 	C:\WINDOWS\SYSTEM32\VERSION.dll
0x00007ffcf0720000 - 0x00007ffcf0751000 	C:\WINDOWS\System32\IMM32.DLL
0x00007ffcdbe30000 - 0x00007ffcdbe3c000 	C:\Program Files\Java\jdk-17\bin\vcruntime140_1.dll
0x00007ffcabc70000 - 0x00007ffcabcfe000 	C:\Program Files\Java\jdk-17\bin\msvcp140.dll
0x00007ffc6ad30000 - 0x00007ffc6b911000 	C:\Program Files\Java\jdk-17\bin\server\jvm.dll
0x00007ffcf1650000 - 0x00007ffcf1658000 	C:\WINDOWS\System32\PSAPI.DLL
0x00007ffce3d40000 - 0x00007ffce3d74000 	C:\WINDOWS\SYSTEM32\WINMM.dll
0x00007ffcdadf0000 - 0x00007ffcdadf9000 	C:\WINDOWS\SYSTEM32\WSOCK32.dll
0x00007ffcef440000 - 0x00007ffcef4b1000 	C:\WINDOWS\System32\WS2_32.dll
0x00007ffceda40000 - 0x00007ffceda58000 	C:\WINDOWS\SYSTEM32\kernel.appcore.dll
0x00007ffcdaf00000 - 0x00007ffcdaf0a000 	C:\Program Files\Java\jdk-17\bin\jimage.dll
0x00007ffce9ce0000 - 0x00007ffce9f12000 	C:\WINDOWS\SYSTEM32\DBGHELP.DLL
0x00007ffcef740000 - 0x00007ffcefad0000 	C:\WINDOWS\System32\combase.dll
0x00007ffcf1570000 - 0x00007ffcf1647000 	C:\WINDOWS\System32\OLEAUT32.dll
0x00007ffce6f90000 - 0x00007ffce6fc2000 	C:\WINDOWS\SYSTEM32\dbgcore.DLL
0x00007ffcef270000 - 0x00007ffcef2eb000 	C:\WINDOWS\System32\bcryptPrimitives.dll
0x00007ffcdae90000 - 0x00007ffcdae9e000 	C:\Program Files\Java\jdk-17\bin\instrument.dll
0x00007ffcbf5b0000 - 0x00007ffcbf5d5000 	C:\Program Files\Java\jdk-17\bin\java.dll
0x00007ffc9e6e0000 - 0x00007ffc9e7b7000 	C:\Program Files\Java\jdk-17\bin\jsvml.dll
0x00007ffcf0cf0000 - 0x00007ffcf1568000 	C:\WINDOWS\System32\SHELL32.dll
0x00007ffcec950000 - 0x00007ffced260000 	C:\WINDOWS\SYSTEM32\windows.storage.dll
0x00007ffcec810000 - 0x00007ffcec94f000 	C:\WINDOWS\SYSTEM32\wintypes.dll
0x00007ffcf0b70000 - 0x00007ffcf0c7a000 	C:\WINDOWS\System32\SHCORE.dll
0x00007ffcf0890000 - 0x00007ffcf08ee000 	C:\WINDOWS\System32\shlwapi.dll
0x00007ffcee930000 - 0x00007ffcee95b000 	C:\WINDOWS\SYSTEM32\profapi.dll
0x00007ffcc0ad0000 - 0x00007ffcc0ae8000 	C:\Program Files\Java\jdk-17\bin\zip.dll
0x00007ffcbf680000 - 0x00007ffcbf699000 	C:\Program Files\Java\jdk-17\bin\net.dll
0x00007ffceb8f0000 - 0x00007ffceba1c000 	C:\WINDOWS\SYSTEM32\WINHTTP.dll
0x00007ffcedec0000 - 0x00007ffcedf2a000 	C:\WINDOWS\system32\mswsock.dll
0x00007ffcbeac0000 - 0x00007ffcbead6000 	C:\Program Files\Java\jdk-17\bin\nio.dll
0x00007ffcdaad0000 - 0x00007ffcdaae0000 	C:\Program Files\Java\jdk-17\bin\verify.dll
0x00007ffcb8850000 - 0x00007ffcb8877000 	C:\Users\ASUS\.gradle\native\c067742578af261105cb4f569cf0c3c89f3d7b1fecec35dd04571415982c5e48\windows-amd64\native-platform.dll
0x00007ffc8d9b0000 - 0x00007ffc8daf4000 	C:\Users\ASUS\.gradle\native\100fb08df4bc3b14c8652ba06237920a3bd2aa13389f12d3474272988ae205f9\windows-amd64\native-platform-file-events.dll
0x00007ffcd2600000 - 0x00007ffcd260a000 	C:\Program Files\Java\jdk-17\bin\management.dll
0x00007ffcd2530000 - 0x00007ffcd253b000 	C:\Program Files\Java\jdk-17\bin\management_ext.dll
0x00007ffcee110000 - 0x00007ffcee12b000 	C:\WINDOWS\SYSTEM32\CRYPTSP.dll
0x00007ffced9a0000 - 0x00007ffced9d5000 	C:\WINDOWS\system32\rsaenh.dll
0x00007ffcedfb0000 - 0x00007ffcedfd8000 	C:\WINDOWS\SYSTEM32\USERENV.dll
0x00007ffcee130000 - 0x00007ffcee13c000 	C:\WINDOWS\SYSTEM32\CRYPTBASE.dll
0x00007ffced4c0000 - 0x00007ffced4ed000 	C:\WINDOWS\SYSTEM32\IPHLPAPI.DLL
0x00007ffcf08f0000 - 0x00007ffcf08f9000 	C:\WINDOWS\System32\NSI.dll
0x00007ffceb0e0000 - 0x00007ffceb0f9000 	C:\WINDOWS\SYSTEM32\dhcpcsvc6.DLL
0x00007ffceb080000 - 0x00007ffceb09f000 	C:\WINDOWS\SYSTEM32\dhcpcsvc.DLL
0x00007ffced4f0000 - 0x00007ffced5f2000 	C:\WINDOWS\SYSTEM32\DNSAPI.dll
0x00007ffcd1430000 - 0x00007ffcd143e000 	C:\Program Files\Java\jdk-17\bin\sunmscapi.dll
0x00007ffcef0d0000 - 0x00007ffcef236000 	C:\WINDOWS\System32\CRYPT32.dll
0x00007ffcee2d0000 - 0x00007ffcee2fd000 	C:\WINDOWS\SYSTEM32\ncrypt.dll
0x00007ffcee290000 - 0x00007ffcee2c7000 	C:\WINDOWS\SYSTEM32\NTASN1.dll
0x00007ffcdb9e0000 - 0x00007ffcdb9e8000 	C:\WINDOWS\system32\wshunix.dll
0x00007ffcedb50000 - 0x00007ffcedb84000 	C:\WINDOWS\SYSTEM32\ntmarta.dll

dbghelp: loaded successfully - version: 4.0.5 - missing functions: none
symbol engine: initialized successfully - sym options: 0x614 - pdb path: .;C:\Program Files\Java\jdk-17\bin;C:\WINDOWS\SYSTEM32;C:\WINDOWS\WinSxS\amd64_microsoft.windows.common-controls_6595b64144ccf1df_6.0.22621.4830_none_270fe7d773858e80;C:\Program Files\Java\jdk-17\bin\server;C:\Users\ASUS\.gradle\native\c067742578af261105cb4f569cf0c3c89f3d7b1fecec35dd04571415982c5e48\windows-amd64;C:\Users\ASUS\.gradle\native\100fb08df4bc3b14c8652ba06237920a3bd2aa13389f12d3474272988ae205f9\windows-amd64

VM Arguments:
jvm_args: --add-opens=java.base/java.lang=ALL-UNNAMED --add-opens=java.base/java.lang.invoke=ALL-UNNAMED --add-opens=java.base/java.util=ALL-UNNAMED --add-opens=java.prefs/java.util.prefs=ALL-UNNAMED --add-exports=jdk.compiler/com.sun.tools.javac.api=ALL-UNNAMED --add-exports=jdk.compiler/com.sun.tools.javac.util=ALL-UNNAMED --add-opens=java.base/java.util=ALL-UNNAMED --add-opens=java.prefs/java.util.prefs=ALL-UNNAMED --add-opens=java.base/java.nio.charset=ALL-UNNAMED --add-opens=java.base/java.net=ALL-UNNAMED --add-opens=java.base/java.util.concurrent.atomic=ALL-UNNAMED --add-opens=java.xml/javax.xml.namespace=ALL-UNNAMED -XX:MaxMetaspaceSize=384m -XX:+HeapDumpOnOutOfMemoryError -Xms256m -Xmx512m -Dfile.encoding=UTF-8 -Duser.country=US -Duser.language=en -Duser.variant -javaagent:C:\Users\ASUS\.gradle\wrapper\dists\gradle-8.11.1-bin\bpt9gzteqjrbo1mjrsomdt32c\gradle-8.11.1\lib\agents\gradle-instrumentation-agent-8.11.1.jar 
java_command: org.gradle.launcher.daemon.bootstrap.GradleDaemon 8.11.1
java_class_path (initial): C:\Users\ASUS\.gradle\wrapper\dists\gradle-8.11.1-bin\bpt9gzteqjrbo1mjrsomdt32c\gradle-8.11.1\lib\gradle-daemon-main-8.11.1.jar
Launcher Type: SUN_STANDARD

[Global flags]
     intx CICompilerCount                          = 12                                        {product} {ergonomic}
   size_t CompressedClassSpaceSize                 = 335544320                                 {product} {ergonomic}
     uint ConcGCThreads                            = 3                                         {product} {ergonomic}
     uint G1ConcRefinementThreads                  = 13                                        {product} {ergonomic}
   size_t G1HeapRegionSize                         = 1048576                                   {product} {ergonomic}
    uintx GCDrainStackTargetSize                   = 64                                        {product} {ergonomic}
     bool HeapDumpOnOutOfMemoryError               = true                                   {manageable} {command line}
   size_t InitialHeapSize                          = 268435456                                 {product} {command line}
   size_t MarkStackSize                            = 4194304                                   {product} {ergonomic}
   size_t MaxHeapSize                              = 536870912                                 {product} {command line}
   size_t MaxMetaspaceSize                         = 402653184                                 {product} {command line}
   size_t MaxNewSize                               = 321912832                                 {product} {ergonomic}
   size_t MinHeapDeltaBytes                        = 1048576                                   {product} {ergonomic}
   size_t MinHeapSize                              = 268435456                                 {product} {command line}
    uintx NonNMethodCodeHeapSize                   = 7602480                                {pd product} {ergonomic}
    uintx NonProfiledCodeHeapSize                  = 122027880                              {pd product} {ergonomic}
    uintx ProfiledCodeHeapSize                     = 122027880                              {pd product} {ergonomic}
    uintx ReservedCodeCacheSize                    = 251658240                              {pd product} {ergonomic}
     bool SegmentedCodeCache                       = true                                      {product} {ergonomic}
   size_t SoftMaxHeapSize                          = 536870912                              {manageable} {ergonomic}
     bool UseCompressedClassPointers               = true                           {product lp64_product} {ergonomic}
     bool UseCompressedOops                        = true                           {product lp64_product} {ergonomic}
     bool UseG1GC                                  = true                                      {product} {ergonomic}
     bool UseLargePagesIndividualAllocation        = false                                  {pd product} {ergonomic}

Logging:
Log output configuration:
 #0: stdout all=warning uptime,level,tags
 #1: stderr all=off uptime,level,tags

Environment Variables:
PATH=C:\Program Files\Common Files\Oracle\Java\javapath;C:\Program Files (x86)\Common Files\Oracle\Java\java8path;C:\Program Files (x86)\Common Files\Oracle\Java\javapath;C:\ProgramData\Oracle\Java\javapath;C:\Windows\system32;C:\Windows;C:\Windows\System32\Wbem;C:\Windows\System32\WindowsPowerShell\v1.0\;C:\Windows\System32\OpenSSH\;C:\Program Files (x86)\NVIDIA Corporation\PhysX\Common;C:\WINDOWS\system32;C:\WINDOWS;C:\WINDOWS\System32\Wbem;C:\WINDOWS\System32\WindowsPowerShell\v1.0\;C:\WINDOWS\System32\OpenSSH\;C:\Program Files (x86)\Microsoft SQL Server\160\Tools\Binn\;C:\Program Files\Microsoft SQL Server\160\Tools\Binn\;C:\Program Files\Microsoft SQL Server\Client SDK\ODBC\170\Tools\Binn\;C:\Program Files\Microsoft SQL Server\160\DTS\Binn\;C:\Program Files (x86)\Microsoft SQL Server\160\DTS\Binn\;C:\Program Files\Azure Data Studio\bin;C:\Program Files\dotnet\;C:\Program Files\nodejs\;C:\Program Files\Git\cmd;C:\Program Files\Cloudflare\Cloudflare WARP\;C:\Program Files\NVIDIA Corporation\NVIDIA app\NvDLISR;C:\Program Files\MySQL\MySQL Shell 8.0\bin\;C:\Users\ASUS\AppData\Local\Microsoft\WindowsApps;C:\Program Files\Azure Data Studio\bin;C:\Users\ASUS\AppData\Local\Programs\Microsoft VS Code\bin;C:\Users\ASUS\AppData\Roaming\npm;C:\Program Files\Git\mingw64\bin\;
USERNAME=ASUS
OS=Windows_NT
PROCESSOR_IDENTIFIER=AMD64 Family 25 Model 68 Stepping 1, AuthenticAMD



---------------  S Y S T E M  ---------------

OS:
 Windows 11 , 64 bit Build 22621 (10.0.22621.4830)
OS uptime: 0 days 9:02 hours

CPU: total 16 (initial active 16) (16 cores per cpu, 2 threads per core) family 25 model 68 stepping 1 microcode 0x0, cx8, cmov, fxsr, ht, mmx, 3dnowpref, sse, sse2, sse3, ssse3, sse4a, sse4.1, sse4.2, popcnt, lzcnt, tsc, tscinvbit, avx, avx2, aes, clmul, bmi1, bmi2, adx, sha, fma, vzeroupper, clflush, clflushopt

Memory: 4k page, system-wide physical 15613M (2346M free)
TotalPageFile size 19709M (AvailPageFile size 6M)
current process WorkingSet (physical memory assigned to process): 504M, peak: 508M
current process commit charge ("private bytes"): 614M, peak: 622M

vm_info: Java HotSpot(TM) 64-Bit Server VM (17.0.9+11-LTS-201) for windows-amd64 JRE (17.0.9+11-LTS-201), built on Oct 10 2023 23:16:06 by "mach5one" with MS VC++ 17.1 (VS2022)

END.
