#
# There is insufficient memory for the Java Runtime Environment to continue.
# Native memory allocation (malloc) failed to allocate 601584 bytes. Error detail: Chunk::new
# Possible reasons:
#   The system is out of physical RAM or swap space
#   This process is running with CompressedOops enabled, and the Java Heap may be blocking the growth of the native heap
# Possible solutions:
#   Reduce memory load on the system
#   Increase physical memory or swap space
#   Check if swap backing store is full
#   Decrease Java heap size (-Xmx/-Xms)
#   Decrease number of Java threads
#   Decrease Java thread stack sizes (-Xss)
#   Set larger code cache with -XX:ReservedCodeCacheSize=
#   JVM is running with Unscaled Compressed Oops mode in which the Java heap is
#     placed in the first 4GB address space. The Java Heap base address is the
#     maximum limit for the native heap growth. Please use -XX:HeapBaseMinAddress
#     to set the Java Heap base and to place the Java Heap above 4GB virtual address.
# This output file may be truncated or incomplete.
#
#  Out of Memory Error (arena.cpp:168), pid=21828, tid=21860
#
# JRE version: OpenJDK Runtime Environment Temurin-21.0.6+7 (21.0.6+7) (build 21.0.6+7-LTS)
# Java VM: OpenJDK 64-Bit Server VM Temurin-21.0.6+7 (21.0.6+7-LTS, mixed mode, sharing, tiered, compressed oops, compressed class ptrs, parallel gc, windows-amd64)
# No core dump will be written. Minidumps are not enabled by default on client versions of Windows
#

---------------  S U M M A R Y ------------

Command Line: --add-modules=ALL-SYSTEM --add-opens=java.base/java.util=ALL-UNNAMED --add-opens=java.base/java.lang=ALL-UNNAMED --add-opens=java.base/sun.nio.fs=ALL-UNNAMED -Declipse.application=org.eclipse.jdt.ls.core.id1 -Dosgi.bundles.defaultStartLevel=4 -Declipse.product=org.eclipse.jdt.ls.core.product -Djava.import.generatesMetadataFilesAtProjectRoot=false -DDetectVMInstallationsJob.disabled=true -Dfile.encoding=utf8 -XX:+UseParallelGC -XX:GCTimeRatio=4 -XX:AdaptiveSizePolicyWeight=90 -Dsun.zip.disableMemoryMapping=true -Xmx1G -Xms100m -Xlog:disable -javaagent:c:\Users\ASUS\.vscode\extensions\redhat.java-1.40.0-win32-x64\lombok\lombok-1.18.36.jar -XX:+HeapDumpOnOutOfMemoryError -XX:HeapDumpPath=c:\Users\ASUS\AppData\Roaming\Code\User\workspaceStorage\a26ced7fe018b66e12da886babd7af56\redhat.java -Daether.dependencyCollector.impl=bf c:\Users\ASUS\.vscode\extensions\redhat.java-1.40.0-win32-x64\server\plugins\org.eclipse.equinox.launcher_1.6.1000.v20250131-0606.jar -configuration c:\Users\ASUS\AppData\Roaming\Code\User\globalStorage\redhat.java\1.40.0\config_win -data c:\Users\ASUS\AppData\Roaming\Code\User\workspaceStorage\a26ced7fe018b66e12da886babd7af56\redhat.java\jdt_ws --pipe=\\.\pipe\lsp-bdcff928fd3b42f413e0a94f6a7923c2-sock

Host: AMD Ryzen 7 6800H with Radeon Graphics         , 16 cores, 15G,  Windows 11 , 64 bit Build 22621 (10.0.22621.4830)
Time: Wed Mar  5 02:43:22 2025 SE Asia Standard Time elapsed time: 6.899160 seconds (0d 0h 0m 6s)

---------------  T H R E A D  ---------------

Current thread (0x000001c4e8fac7e0):  JavaThread "C2 CompilerThread0" daemon [_thread_in_native, id=21860, stack(0x0000004d9a100000,0x0000004d9a200000) (1024K)]


Current CompileTask:
C2:6899 2391   !   4       java.util.jar.Attributes::read (494 bytes)

Stack: [0x0000004d9a100000,0x0000004d9a200000]
Native frames: (J=compiled Java code, j=interpreted, Vv=VM code, C=native code)
V  [jvm.dll+0x6cdee9]
V  [jvm.dll+0x8a83d1]
V  [jvm.dll+0x8aa8fe]
V  [jvm.dll+0x8aafe3]
V  [jvm.dll+0x27f706]
V  [jvm.dll+0xc500d]
V  [jvm.dll+0xc5543]
V  [jvm.dll+0x3b678c]
V  [jvm.dll+0x382935]
V  [jvm.dll+0x381d9a]
V  [jvm.dll+0x2479f0]
V  [jvm.dll+0x246fcf]
V  [jvm.dll+0x1c75ee]
V  [jvm.dll+0x25685a]
V  [jvm.dll+0x254dfa]
V  [jvm.dll+0x3f0256]
V  [jvm.dll+0x851f8b]
V  [jvm.dll+0x6cc5ed]
C  [ucrtbase.dll+0x29333]
C  [KERNEL32.DLL+0x1259d]
C  [ntdll.dll+0x5af38]


---------------  P R O C E S S  ---------------

Threads class SMR info:
_java_thread_list=0x000001c4ef200690, length=16, elements={
0x000001c4d34bf350, 0x000001c4e8f983d0, 0x000001c4e78acbf0, 0x000001c4e8f9bc30,
0x000001c4e8f9c880, 0x000001c4e8f9f4a0, 0x000001c4e8fa5f20, 0x000001c4e8fac7e0,
0x000001c4e8fadbf0, 0x000001c4e8fa65b0, 0x000001c4e8fa6c40, 0x000001c4e8fa4b70,
0x000001c4e8fa72d0, 0x000001c4e8fa7960, 0x000001c4e8fa5200, 0x000001c4e8fa44e0
}

Java Threads: ( => current thread )
  0x000001c4d34bf350 JavaThread "main"                              [_thread_blocked, id=9852, stack(0x0000004d99700000,0x0000004d99800000) (1024K)]
  0x000001c4e8f983d0 JavaThread "Reference Handler"          daemon [_thread_blocked, id=17028, stack(0x0000004d99b00000,0x0000004d99c00000) (1024K)]
  0x000001c4e78acbf0 JavaThread "Finalizer"                  daemon [_thread_blocked, id=30020, stack(0x0000004d99c00000,0x0000004d99d00000) (1024K)]
  0x000001c4e8f9bc30 JavaThread "Signal Dispatcher"          daemon [_thread_blocked, id=28832, stack(0x0000004d99d00000,0x0000004d99e00000) (1024K)]
  0x000001c4e8f9c880 JavaThread "Attach Listener"            daemon [_thread_blocked, id=30088, stack(0x0000004d99e00000,0x0000004d99f00000) (1024K)]
  0x000001c4e8f9f4a0 JavaThread "Service Thread"             daemon [_thread_blocked, id=3692, stack(0x0000004d99f00000,0x0000004d9a000000) (1024K)]
  0x000001c4e8fa5f20 JavaThread "Monitor Deflation Thread"   daemon [_thread_blocked, id=29056, stack(0x0000004d9a000000,0x0000004d9a100000) (1024K)]
=>0x000001c4e8fac7e0 JavaThread "C2 CompilerThread0"         daemon [_thread_in_native, id=21860, stack(0x0000004d9a100000,0x0000004d9a200000) (1024K)]
  0x000001c4e8fadbf0 JavaThread "C1 CompilerThread0"         daemon [_thread_blocked, id=27544, stack(0x0000004d9a200000,0x0000004d9a300000) (1024K)]
  0x000001c4e8fa65b0 JavaThread "Common-Cleaner"             daemon [_thread_blocked, id=9904, stack(0x0000004d9a300000,0x0000004d9a400000) (1024K)]
  0x000001c4e8fa6c40 JavaThread "Notification Thread"        daemon [_thread_blocked, id=12316, stack(0x0000004d9a800000,0x0000004d9a900000) (1024K)]
  0x000001c4e8fa4b70 JavaThread "Active Thread: Equinox Container: 7d88b29a-b26d-43b5-b39c-7dfca98ea6c7"        [_thread_blocked, id=10228, stack(0x0000004d9b100000,0x0000004d9b200000) (1024K)]
  0x000001c4e8fa72d0 JavaThread "Refresh Thread: Equinox Container: 7d88b29a-b26d-43b5-b39c-7dfca98ea6c7" daemon [_thread_blocked, id=30004, stack(0x0000004d9a600000,0x0000004d9a700000) (1024K)]
  0x000001c4e8fa7960 JavaThread "Framework Event Dispatcher: Equinox Container: 7d88b29a-b26d-43b5-b39c-7dfca98ea6c7" daemon [_thread_blocked, id=29404, stack(0x0000004d9a700000,0x0000004d9a800000) (1024K)]
  0x000001c4e8fa5200 JavaThread "Start Level: Equinox Container: 7d88b29a-b26d-43b5-b39c-7dfca98ea6c7" daemon [_thread_in_native, id=12068, stack(0x0000004d9a900000,0x0000004d9aa00000) (1024K)]
  0x000001c4e8fa44e0 JavaThread "Bundle File Closer"         daemon [_thread_blocked, id=24444, stack(0x0000004d9af00000,0x0000004d9b000000) (1024K)]
Total: 16

Other Threads:
  0x000001c4e7893c00 VMThread "VM Thread"                           [id=4112, stack(0x0000004d99a00000,0x0000004d99b00000) (1024K)]
  0x000001c4e778ca00 WatcherThread "VM Periodic Task Thread"        [id=31068, stack(0x0000004d99900000,0x0000004d99a00000) (1024K)]
  0x000001c4d34dcf70 WorkerThread "GC Thread#0"                     [id=8600, stack(0x0000004d99800000,0x0000004d99900000) (1024K)]
  0x000001c4ea9f64e0 WorkerThread "GC Thread#1"                     [id=14748, stack(0x0000004d9aa00000,0x0000004d9ab00000) (1024K)]
  0x000001c4ead16600 WorkerThread "GC Thread#2"                     [id=30852, stack(0x0000004d9ab00000,0x0000004d9ac00000) (1024K)]
  0x000001c4ead169a0 WorkerThread "GC Thread#3"                     [id=2560, stack(0x0000004d9ac00000,0x0000004d9ad00000) (1024K)]
  0x000001c4ead85870 WorkerThread "GC Thread#4"                     [id=14296, stack(0x0000004d9ad00000,0x0000004d9ae00000) (1024K)]
  0x000001c4ead17970 WorkerThread "GC Thread#5"                     [id=30788, stack(0x0000004d9ae00000,0x0000004d9af00000) (1024K)]
  0x000001c4ea6f9290 WorkerThread "GC Thread#6"                     [id=14844, stack(0x0000004d9a400000,0x0000004d9a500000) (1024K)]
  0x000001c4eadcaf70 WorkerThread "GC Thread#7"                     [id=2228, stack(0x0000004d9a500000,0x0000004d9a600000) (1024K)]
  0x000001c4ef9d5a00 WorkerThread "GC Thread#8"                     [id=3236, stack(0x0000004d9b000000,0x0000004d9b100000) (1024K)]
  0x000001c4ef7dbfb0 WorkerThread "GC Thread#9"                     [id=18480, stack(0x0000004d9b200000,0x0000004d9b300000) (1024K)]
Total: 12

Threads with active compile tasks:
C2 CompilerThread0  6977 2391   !   4       java.util.jar.Attributes::read (494 bytes)
Total: 1

VM state: not at safepoint (normal execution)

VM Mutex/Monitor currently owned by a thread: None

Heap address: 0x00000000c0000000, size: 1024 MB, Compressed Oops mode: 32-bit

CDS archive(s) mapped at: [0x000001c480000000-0x000001c480ba0000-0x000001c480ba0000), size 12189696, SharedBaseAddress: 0x000001c480000000, ArchiveRelocationMode: 1.
Compressed class space mapped at: 0x000001c481000000-0x000001c4c1000000, reserved size: 1073741824
Narrow klass base: 0x000001c480000000, Narrow klass shift: 0, Narrow klass range: 0x100000000

GC Precious Log:
 CardTable entry size: 512
 CPUs: 16 total, 16 available
 Memory: 15613M
 Large Page Support: Disabled
 NUMA Support: Disabled
 Compressed Oops: Enabled (32-bit)
 Alignments: Space 512K, Generation 512K, Heap 2M
 Heap Min Capacity: 100M
 Heap Initial Capacity: 100M
 Heap Max Capacity: 1G
 Pre-touch: Disabled
 Parallel Workers: 13

Heap:
 PSYoungGen      total 29696K, used 10189K [0x00000000eab00000, 0x00000000ecc00000, 0x0000000100000000)
  eden space 25600K, 23% used [0x00000000eab00000,0x00000000eb0f5618,0x00000000ec400000)
  from space 4096K, 99% used [0x00000000ec400000,0x00000000ec7fdf10,0x00000000ec800000)
  to   space 4096K, 0% used [0x00000000ec800000,0x00000000ec800000,0x00000000ecc00000)
 ParOldGen       total 68608K, used 5444K [0x00000000c0000000, 0x00000000c4300000, 0x00000000eab00000)
  object space 68608K, 7% used [0x00000000c0000000,0x00000000c05510e8,0x00000000c4300000)
 Metaspace       used 9255K, committed 9600K, reserved 1114112K
  class space    used 913K, committed 1088K, reserved 1048576K

Card table byte_map: [0x000001c4d2e70000,0x000001c4d3080000] _byte_map_base: 0x000001c4d2870000

Marking Bits: (ParMarkBitMap*) 0x00007ff9c8603260
 Begin Bits: [0x000001c4e56b0000, 0x000001c4e66b0000)
 End Bits:   [0x000001c4e66b0000, 0x000001c4e76b0000)

Polling page: 0x000001c4d13b0000

Metaspace:

Usage:
  Non-class:      8.15 MB used.
      Class:    913.48 KB used.
       Both:      9.04 MB used.

Virtual space:
  Non-class space:       64.00 MB reserved,       8.31 MB ( 13%) committed,  1 nodes.
      Class space:        1.00 GB reserved,       1.06 MB ( <1%) committed,  1 nodes.
             Both:        1.06 GB reserved,       9.38 MB ( <1%) committed. 

Chunk freelists:
   Non-Class:  6.86 MB
       Class:  14.84 MB
        Both:  21.70 MB

MaxMetaspaceSize: unlimited
CompressedClassSpaceSize: 1.00 GB
Initial GC threshold: 21.00 MB
Current GC threshold: 21.00 MB
CDS: on
 - commit_granule_bytes: 65536.
 - commit_granule_words: 8192.
 - virtual_space_node_default_size: 8388608.
 - enlarge_chunks_in_place: 1.
 - use_allocation_guard: 0.


Internal statistics:

num_allocs_failed_limit: 0.
num_arena_births: 228.
num_arena_deaths: 0.
num_vsnodes_births: 2.
num_vsnodes_deaths: 0.
num_space_committed: 150.
num_space_uncommitted: 0.
num_chunks_returned_to_freelist: 0.
num_chunks_taken_from_freelist: 445.
num_chunk_merges: 0.
num_chunk_splits: 297.
num_chunks_enlarged: 213.
num_inconsistent_stats: 0.

CodeHeap 'non-profiled nmethods': size=119168Kb used=1091Kb max_used=1091Kb free=118076Kb
 bounds [0x000001c4de250000, 0x000001c4de4c0000, 0x000001c4e56b0000]
CodeHeap 'profiled nmethods': size=119104Kb used=4606Kb max_used=4606Kb free=114497Kb
 bounds [0x000001c4d66b0000, 0x000001c4d6b30000, 0x000001c4ddb00000]
CodeHeap 'non-nmethods': size=7488Kb used=1227Kb max_used=2933Kb free=6260Kb
 bounds [0x000001c4ddb00000, 0x000001c4dddf0000, 0x000001c4de250000]
 total_blobs=2881 nmethods=2390 adapters=397
 compilation: enabled
              stopped_count=0, restarted_count=0
 full_count=0

Compilation events (20 events):
Event: 6.834 Thread 0x000001c4e8fadbf0 nmethod 2381 0x000001c4d6b28190 code [0x000001c4d6b28340, 0x000001c4d6b28598]
Event: 6.834 Thread 0x000001c4e8fadbf0 2382       3       java.util.AbstractList$Itr::<init> (31 bytes)
Event: 6.834 Thread 0x000001c4e8fadbf0 nmethod 2382 0x000001c4d6b28690 code [0x000001c4d6b28840, 0x000001c4d6b289e0]
Event: 6.852 Thread 0x000001c4e8fadbf0 2383       3       org.eclipse.osgi.internal.framework.EquinoxBundle::getHeaders (6 bytes)
Event: 6.852 Thread 0x000001c4e8fadbf0 nmethod 2383 0x000001c4d6b28b10 code [0x000001c4d6b28cc0, 0x000001c4d6b28e98]
Event: 6.852 Thread 0x000001c4e8fadbf0 2388   !   3       org.eclipse.osgi.storage.ManifestLocalization::getHeaders (243 bytes)
Event: 6.853 Thread 0x000001c4e8fadbf0 nmethod 2388 0x000001c4d6b28f90 code [0x000001c4d6b29360, 0x000001c4d6b2ad50]
Event: 6.853 Thread 0x000001c4e8fadbf0 2384       3       org.eclipse.osgi.internal.framework.EquinoxBundle::getHeaders (16 bytes)
Event: 6.854 Thread 0x000001c4e8fadbf0 nmethod 2384 0x000001c4d6b2b710 code [0x000001c4d6b2b920, 0x000001c4d6b2bda8]
Event: 6.854 Thread 0x000001c4e8fadbf0 2385       3       org.eclipse.osgi.internal.framework.EquinoxBundle::privGetHeaders (20 bytes)
Event: 6.854 Thread 0x000001c4e8fadbf0 nmethod 2385 0x000001c4d6b2c010 code [0x000001c4d6b2c200, 0x000001c4d6b2c5c0]
Event: 6.854 Thread 0x000001c4e8fadbf0 2386       3       org.eclipse.osgi.storage.BundleInfo$Generation::getHeaders (11 bytes)
Event: 6.854 Thread 0x000001c4e8fadbf0 nmethod 2386 0x000001c4d6b2c790 code [0x000001c4d6b2c940, 0x000001c4d6b2cae0]
Event: 6.854 Thread 0x000001c4e8fadbf0 2387   !   3       org.eclipse.osgi.storage.BundleInfo$Generation::getManifestLocalization (59 bytes)
Event: 6.854 Thread 0x000001c4e8fadbf0 nmethod 2387 0x000001c4d6b2cc10 code [0x000001c4d6b2ce40, 0x000001c4d6b2d600]
Event: 6.854 Thread 0x000001c4e8fadbf0 2389       3       org.eclipse.osgi.framework.util.CaseInsensitiveDictionaryMap$UnmodifiableDictionary::get (9 bytes)
Event: 6.854 Thread 0x000001c4e8fadbf0 nmethod 2389 0x000001c4d6b2da90 code [0x000001c4d6b2dc40, 0x000001c4d6b2de18]
Event: 6.854 Thread 0x000001c4e8fadbf0 2390       3       java.util.Collections::singletonIterator (9 bytes)
Event: 6.854 Thread 0x000001c4e8fadbf0 nmethod 2390 0x000001c4d6b2df10 code [0x000001c4d6b2e0c0, 0x000001c4d6b2e2e8]
Event: 6.860 Thread 0x000001c4e8fac7e0 2391   !   4       java.util.jar.Attributes::read (494 bytes)

GC Heap History (6 events):
Event: 1.025 GC heap before
{Heap before GC invocations=1 (full 0):
 PSYoungGen      total 29696K, used 25600K [0x00000000eab00000, 0x00000000ecc00000, 0x0000000100000000)
  eden space 25600K, 100% used [0x00000000eab00000,0x00000000ec400000,0x00000000ec400000)
  from space 4096K, 0% used [0x00000000ec800000,0x00000000ec800000,0x00000000ecc00000)
  to   space 4096K, 0% used [0x00000000ec400000,0x00000000ec400000,0x00000000ec800000)
 ParOldGen       total 68608K, used 0K [0x00000000c0000000, 0x00000000c4300000, 0x00000000eab00000)
  object space 68608K, 0% used [0x00000000c0000000,0x00000000c0000000,0x00000000c4300000)
 Metaspace       used 3972K, committed 4160K, reserved 1114112K
  class space    used 393K, committed 448K, reserved 1048576K
}
Event: 1.029 GC heap after
{Heap after GC invocations=1 (full 0):
 PSYoungGen      total 29696K, used 3158K [0x00000000eab00000, 0x00000000ecc00000, 0x0000000100000000)
  eden space 25600K, 0% used [0x00000000eab00000,0x00000000eab00000,0x00000000ec400000)
  from space 4096K, 77% used [0x00000000ec400000,0x00000000ec715800,0x00000000ec800000)
  to   space 4096K, 0% used [0x00000000ec800000,0x00000000ec800000,0x00000000ecc00000)
 ParOldGen       total 68608K, used 16K [0x00000000c0000000, 0x00000000c4300000, 0x00000000eab00000)
  object space 68608K, 0% used [0x00000000c0000000,0x00000000c0004000,0x00000000c4300000)
 Metaspace       used 3972K, committed 4160K, reserved 1114112K
  class space    used 393K, committed 448K, reserved 1048576K
}
Event: 2.921 GC heap before
{Heap before GC invocations=2 (full 0):
 PSYoungGen      total 29696K, used 28758K [0x00000000eab00000, 0x00000000ecc00000, 0x0000000100000000)
  eden space 25600K, 100% used [0x00000000eab00000,0x00000000ec400000,0x00000000ec400000)
  from space 4096K, 77% used [0x00000000ec400000,0x00000000ec715800,0x00000000ec800000)
  to   space 4096K, 0% used [0x00000000ec800000,0x00000000ec800000,0x00000000ecc00000)
 ParOldGen       total 68608K, used 16K [0x00000000c0000000, 0x00000000c4300000, 0x00000000eab00000)
  object space 68608K, 0% used [0x00000000c0000000,0x00000000c0004000,0x00000000c4300000)
 Metaspace       used 7708K, committed 8000K, reserved 1114112K
  class space    used 738K, committed 896K, reserved 1048576K
}
Event: 2.927 GC heap after
{Heap after GC invocations=2 (full 0):
 PSYoungGen      total 29696K, used 4086K [0x00000000eab00000, 0x00000000ecc00000, 0x0000000100000000)
  eden space 25600K, 0% used [0x00000000eab00000,0x00000000eab00000,0x00000000ec400000)
  from space 4096K, 99% used [0x00000000ec800000,0x00000000ecbfd800,0x00000000ecc00000)
  to   space 4096K, 0% used [0x00000000ec400000,0x00000000ec400000,0x00000000ec800000)
 ParOldGen       total 68608K, used 1576K [0x00000000c0000000, 0x00000000c4300000, 0x00000000eab00000)
  object space 68608K, 2% used [0x00000000c0000000,0x00000000c018a020,0x00000000c4300000)
 Metaspace       used 7708K, committed 8000K, reserved 1114112K
  class space    used 738K, committed 896K, reserved 1048576K
}
Event: 5.388 GC heap before
{Heap before GC invocations=3 (full 0):
 PSYoungGen      total 29696K, used 29679K [0x00000000eab00000, 0x00000000ecc00000, 0x0000000100000000)
  eden space 25600K, 99% used [0x00000000eab00000,0x00000000ec3fe748,0x00000000ec400000)
  from space 4096K, 99% used [0x00000000ec800000,0x00000000ecbfd800,0x00000000ecc00000)
  to   space 4096K, 0% used [0x00000000ec400000,0x00000000ec400000,0x00000000ec800000)
 ParOldGen       total 68608K, used 1576K [0x00000000c0000000, 0x00000000c4300000, 0x00000000eab00000)
  object space 68608K, 2% used [0x00000000c0000000,0x00000000c018a020,0x00000000c4300000)
 Metaspace       used 9155K, committed 9536K, reserved 1114112K
  class space    used 913K, committed 1088K, reserved 1048576K
}
Event: 5.392 GC heap after
{Heap after GC invocations=3 (full 0):
 PSYoungGen      total 29696K, used 4087K [0x00000000eab00000, 0x00000000ecc00000, 0x0000000100000000)
  eden space 25600K, 0% used [0x00000000eab00000,0x00000000eab00000,0x00000000ec400000)
  from space 4096K, 99% used [0x00000000ec400000,0x00000000ec7fdf10,0x00000000ec800000)
  to   space 4096K, 0% used [0x00000000ec800000,0x00000000ec800000,0x00000000ecc00000)
 ParOldGen       total 68608K, used 5444K [0x00000000c0000000, 0x00000000c4300000, 0x00000000eab00000)
  object space 68608K, 7% used [0x00000000c0000000,0x00000000c05510e8,0x00000000c4300000)
 Metaspace       used 9155K, committed 9536K, reserved 1114112K
  class space    used 913K, committed 1088K, reserved 1048576K
}

Dll operation events (9 events):
Event: 0.580 Loaded shared library c:\Users\ASUS\.vscode\extensions\redhat.java-1.40.0-win32-x64\jre\21.0.6-win32-x86_64\bin\java.dll
Event: 0.633 Loaded shared library c:\Users\ASUS\.vscode\extensions\redhat.java-1.40.0-win32-x64\jre\21.0.6-win32-x86_64\bin\zip.dll
Event: 0.651 Loaded shared library C:\Users\ASUS\.vscode\extensions\redhat.java-1.40.0-win32-x64\jre\21.0.6-win32-x86_64\bin\instrument.dll
Event: 0.659 Loaded shared library C:\Users\ASUS\.vscode\extensions\redhat.java-1.40.0-win32-x64\jre\21.0.6-win32-x86_64\bin\net.dll
Event: 0.667 Loaded shared library C:\Users\ASUS\.vscode\extensions\redhat.java-1.40.0-win32-x64\jre\21.0.6-win32-x86_64\bin\nio.dll
Event: 0.670 Loaded shared library C:\Users\ASUS\.vscode\extensions\redhat.java-1.40.0-win32-x64\jre\21.0.6-win32-x86_64\bin\zip.dll
Event: 0.682 Loaded shared library C:\Users\ASUS\.vscode\extensions\redhat.java-1.40.0-win32-x64\jre\21.0.6-win32-x86_64\bin\jimage.dll
Event: 0.737 Loaded shared library c:\Users\ASUS\.vscode\extensions\redhat.java-1.40.0-win32-x64\jre\21.0.6-win32-x86_64\bin\verify.dll
Event: 3.715 Loaded shared library C:\Users\ASUS\AppData\Roaming\Code\User\globalStorage\redhat.java\1.40.0\config_win\org.eclipse.equinox.launcher\org.eclipse.equinox.launcher.win32.win32.x86_64_1.2.1200.v20250212-0927\eclipse_11909.dll

Deoptimization events (20 events):
Event: 4.265 Thread 0x000001c4e8fa5200 DEOPT PACKING pc=0x000001c4de25aa0c sp=0x0000004d9a9fe090
Event: 4.265 Thread 0x000001c4e8fa5200 DEOPT UNPACKING pc=0x000001c4ddb53aa2 sp=0x0000004d9a9fe020 mode 2
Event: 5.217 Thread 0x000001c4e8fa5200 Uncommon trap: trap_request=0xffffff45 fr.pc=0x000001c4de267ea0 relative=0x0000000000000100
Event: 5.217 Thread 0x000001c4e8fa5200 Uncommon trap: reason=unstable_if action=reinterpret pc=0x000001c4de267ea0 method=java.lang.StringCoding.countPositives([BII)I @ 17 c2
Event: 5.217 Thread 0x000001c4e8fa5200 DEOPT PACKING pc=0x000001c4de267ea0 sp=0x0000004d9a9fd450
Event: 5.217 Thread 0x000001c4e8fa5200 DEOPT UNPACKING pc=0x000001c4ddb53aa2 sp=0x0000004d9a9fd3d8 mode 2
Event: 5.294 Thread 0x000001c4e8fa5200 DEOPT PACKING pc=0x000001c4d6adfc49 sp=0x0000004d9a9fd460
Event: 5.294 Thread 0x000001c4e8fa5200 DEOPT UNPACKING pc=0x000001c4ddb54242 sp=0x0000004d9a9fc8d0 mode 0
Event: 5.350 Thread 0x000001c4e8fa5200 DEOPT PACKING pc=0x000001c4d6adfc49 sp=0x0000004d9a9fd460
Event: 5.350 Thread 0x000001c4e8fa5200 DEOPT UNPACKING pc=0x000001c4ddb54242 sp=0x0000004d9a9fc8d0 mode 0
Event: 5.392 Thread 0x000001c4e8f983d0 Uncommon trap: trap_request=0xffffff45 fr.pc=0x000001c4de32a5fc relative=0x00000000000000dc
Event: 5.392 Thread 0x000001c4e8f983d0 Uncommon trap: reason=unstable_if action=reinterpret pc=0x000001c4de32a5fc method=java.util.concurrent.locks.ReentrantLock$NonfairSync.initialTryLock()Z @ 25 c2
Event: 5.393 Thread 0x000001c4e8f983d0 DEOPT PACKING pc=0x000001c4de32a5fc sp=0x0000004d99bff370
Event: 5.393 Thread 0x000001c4e8f983d0 DEOPT UNPACKING pc=0x000001c4ddb53aa2 sp=0x0000004d99bff238 mode 2
Event: 5.816 Thread 0x000001c4e8fa5200 Uncommon trap: trap_request=0xffffff45 fr.pc=0x000001c4de2c35cc relative=0x000000000000018c
Event: 5.816 Thread 0x000001c4e8fa5200 Uncommon trap: reason=unstable_if action=reinterpret pc=0x000001c4de2c35cc method=java.lang.String.startsWith(Ljava/lang/String;I)Z @ 50 c2
Event: 5.816 Thread 0x000001c4e8fa5200 DEOPT PACKING pc=0x000001c4de2c35cc sp=0x0000004d9a9fe530
Event: 5.816 Thread 0x000001c4e8fa5200 DEOPT UNPACKING pc=0x000001c4ddb53aa2 sp=0x0000004d9a9fe460 mode 2
Event: 5.818 Thread 0x000001c4e8fa5200 DEOPT PACKING pc=0x000001c4d6adfc49 sp=0x0000004d9a9fd9e0
Event: 5.818 Thread 0x000001c4e8fa5200 DEOPT UNPACKING pc=0x000001c4ddb54242 sp=0x0000004d9a9fce68 mode 0

Classes loaded (20 events):
Event: 3.778 Loading class sun/util/logging/resources/logging_en
Event: 3.778 Loading class sun/util/logging/resources/logging_en done
Event: 3.779 Loading class sun/util/logging/resources/logging_en_US
Event: 3.779 Loading class sun/util/logging/resources/logging_en_US done
Event: 3.779 Loading class sun/util/logging/resources/logging_en_US
Event: 3.779 Loading class sun/util/logging/resources/logging_en_US done
Event: 3.780 Loading class java/util/Formatter$DateTime
Event: 3.780 Loading class java/util/Formatter$DateTime done
Event: 3.780 Loading class java/util/Formatter$FixedString
Event: 3.780 Loading class java/util/Formatter$FixedString done
Event: 3.780 Loading class java/time/ZonedDateTime$1
Event: 3.780 Loading class java/time/ZonedDateTime$1 done
Event: 3.782 Loading class jdk/internal/module/ModulePatcher$PatchedModuleReader
Event: 3.782 Loading class jdk/internal/module/ModulePatcher$PatchedModuleReader done
Event: 3.786 Loading class sun/text/resources/cldr/FormatData_en
Event: 3.786 Loading class sun/text/resources/cldr/FormatData_en done
Event: 3.786 Loading class sun/text/resources/cldr/FormatData_en_US
Event: 3.786 Loading class sun/text/resources/cldr/FormatData_en_US done
Event: 3.789 Loading class java/io/InterruptedIOException
Event: 3.789 Loading class java/io/InterruptedIOException done

Classes unloaded (0 events):
No events

Classes redefined (0 events):
No events

Internal exceptions (20 events):
Event: 1.049 Thread 0x000001c4d34bf350 Implicit null exception at 0x000001c4de2960bd to 0x000001c4de296141
Event: 1.072 Thread 0x000001c4d34bf350 Exception <a 'java/lang/NoSuchMethodError'{0x00000000eaf73ab8}: 'long java.lang.invoke.DirectMethodHandle$Holder.invokeStatic(java.lang.Object, java.lang.Object, int)'> (0x00000000eaf73ab8) 
thrown [s\src\hotspot\share\interpreter\linkResolver.cpp, line 773]
Event: 1.073 Thread 0x000001c4d34bf350 Exception <a 'java/lang/NoSuchMethodError'{0x00000000eaf7b620}: 'java.lang.Object java.lang.invoke.DirectMethodHandle$Holder.invokeSpecial(java.lang.Object, java.lang.Object, java.lang.Object, java.lang.Object, long)'> (0x00000000eaf7b620) 
thrown [s\src\hotspot\share\interpreter\linkResolver.cpp, line 773]
Event: 1.073 Thread 0x000001c4d34bf350 Exception <a 'java/lang/NoSuchMethodError'{0x00000000eaf894e8}: 'java.lang.Object java.lang.invoke.DirectMethodHandle$Holder.invokeSpecial(java.lang.Object, java.lang.Object, java.lang.Object, int, java.lang.Object)'> (0x00000000eaf894e8) 
thrown [s\src\hotspot\share\interpreter\linkResolver.cpp, line 773]
Event: 1.075 Thread 0x000001c4d34bf350 Exception <a 'java/lang/NoSuchMethodError'{0x00000000eafa2ee8}: 'java.lang.Object java.lang.invoke.Invokers$Holder.invokeExact_MT(java.lang.Object, java.lang.Object, java.lang.Object, java.lang.Object, java.lang.Object, java.lang.Object)'> (0x00000000eafa2ee8) 
thrown [s\src\hotspot\share\interpreter\linkResolver.cpp, line 773]
Event: 1.077 Thread 0x000001c4d34bf350 Exception <a 'java/lang/NoSuchMethodError'{0x00000000eafbc798}: 'int java.lang.invoke.DirectMethodHandle$Holder.invokeStaticInit(java.lang.Object, java.lang.Object, java.lang.Object, java.lang.Object)'> (0x00000000eafbc798) 
thrown [s\src\hotspot\share\interpreter\linkResolver.cpp, line 773]
Event: 1.078 Thread 0x000001c4d34bf350 Exception <a 'java/lang/NoSuchMethodError'{0x00000000eafc51e8}: 'java.lang.Object java.lang.invoke.DirectMethodHandle$Holder.invokeInterface(java.lang.Object, java.lang.Object)'> (0x00000000eafc51e8) 
thrown [s\src\hotspot\share\interpreter\linkResolver.cpp, line 773]
Event: 1.078 Thread 0x000001c4d34bf350 Exception <a 'java/lang/IncompatibleClassChangeError'{0x00000000eafc8720}: Found class java.lang.Object, but interface was expected> (0x00000000eafc8720) 
thrown [s\src\hotspot\share\interpreter\linkResolver.cpp, line 840]
Event: 1.078 Thread 0x000001c4d34bf350 Exception <a 'java/lang/NoSuchMethodError'{0x00000000eafcc8d8}: 'void java.lang.invoke.DirectMethodHandle$Holder.invokeStatic(java.lang.Object, java.lang.Object)'> (0x00000000eafcc8d8) 
thrown [s\src\hotspot\share\interpreter\linkResolver.cpp, line 773]
Event: 1.078 Thread 0x000001c4d34bf350 Exception <a 'java/lang/NoSuchMethodError'{0x00000000eafcfc80}: 'void java.lang.invoke.DirectMethodHandle$Holder.invokeStaticInit(java.lang.Object, java.lang.Object)'> (0x00000000eafcfc80) 
thrown [s\src\hotspot\share\interpreter\linkResolver.cpp, line 773]
Event: 1.079 Thread 0x000001c4d34bf350 Exception <a 'java/lang/NoSuchMethodError'{0x00000000eafd6f40}: 'int java.lang.invoke.DirectMethodHandle$Holder.invokeStaticInit(java.lang.Object, java.lang.Object)'> (0x00000000eafd6f40) 
thrown [s\src\hotspot\share\interpreter\linkResolver.cpp, line 773]
Event: 1.103 Thread 0x000001c4d34bf350 Exception <a 'java/lang/NoSuchMethodError'{0x00000000eb139538}: 'void java.lang.invoke.DirectMethodHandle$Holder.invokeSpecial(java.lang.Object, java.lang.Object, java.lang.Object)'> (0x00000000eb139538) 
thrown [s\src\hotspot\share\interpreter\linkResolver.cpp, line 773]
Event: 1.208 Thread 0x000001c4d34bf350 Exception <a 'java/lang/NoSuchMethodError'{0x00000000ebb475c8}: 'int java.lang.invoke.DirectMethodHandle$Holder.invokeVirtual(java.lang.Object, java.lang.Object)'> (0x00000000ebb475c8) 
thrown [s\src\hotspot\share\interpreter\linkResolver.cpp, line 773]
Event: 1.243 Thread 0x000001c4d34bf350 Exception <a 'java/lang/NoSuchMethodError'{0x00000000ebeb89f0}: 'java.lang.Object java.lang.invoke.DirectMethodHandle$Holder.newInvokeSpecial(java.lang.Object, int, java.lang.Object)'> (0x00000000ebeb89f0) 
thrown [s\src\hotspot\share\interpreter\linkResolver.cpp, line 773]
Event: 1.259 Thread 0x000001c4d34bf350 Exception <a 'java/lang/NoSuchMethodError'{0x00000000ec062590}: 'java.lang.Object java.lang.invoke.DirectMethodHandle$Holder.newInvokeSpecial(java.lang.Object, java.lang.Object, java.lang.Object, java.lang.Object, int, java.lang.Object)'> (0x00000000ec062590) 
thrown [s\src\hotspot\share\interpreter\linkResolver.cpp, line 773]
Event: 3.707 Thread 0x000001c4d34bf350 Exception <a 'java/lang/UnsatisfiedLinkError'{0x00000000eac6b5c0}: 'void org.eclipse.equinox.launcher.JNIBridge._update_splash()'> (0x00000000eac6b5c0) 
thrown [s\src\hotspot\share\prims\nativeLookup.cpp, line 415]
Event: 3.758 Thread 0x000001c4e8fa5200 Exception <a 'java/lang/NoSuchMethodError'{0x00000000eb2349d0}: 'java.lang.Object java.lang.invoke.DirectMethodHandle$Holder.newInvokeSpecial(java.lang.Object, java.lang.Object, int, java.lang.Object)'> (0x00000000eb2349d0) 
thrown [s\src\hotspot\share\interpreter\linkResolver.cpp, line 773]
Event: 3.778 Thread 0x000001c4e8fa5200 Exception <a 'java/lang/ClassNotFoundException'{0x00000000eb450b88}: sun/util/logging/resources/spi/loggingProvider> (0x00000000eb450b88) 
thrown [s\src\hotspot\share\classfile\systemDictionary.cpp, line 312]
Event: 3.789 Thread 0x000001c4e8fa5200 Exception <a 'java/io/IOException'{0x00000000eb5e7f50}> (0x00000000eb5e7f50) 
thrown [s\src\hotspot\share\prims\jni.cpp, line 520]
Event: 3.792 Thread 0x000001c4e8fa5200 Exception <a 'java/io/IOException'{0x00000000eb625db8}> (0x00000000eb625db8) 
thrown [s\src\hotspot\share\prims\jni.cpp, line 520]

ZGC Phase Switch (0 events):
No events

VM Operations (20 events):
Event: 2.275 Executing VM operation: Cleanup
Event: 2.275 Executing VM operation: Cleanup done
Event: 2.921 Executing VM operation: ParallelGCFailedAllocation (Allocation Failure)
Event: 2.927 Executing VM operation: ParallelGCFailedAllocation (Allocation Failure) done
Event: 3.744 Executing VM operation: HandshakeAllThreads (Deoptimize)
Event: 3.744 Executing VM operation: HandshakeAllThreads (Deoptimize) done
Event: 3.771 Executing VM operation: HandshakeAllThreads (Deoptimize)
Event: 3.771 Executing VM operation: HandshakeAllThreads (Deoptimize) done
Event: 3.782 Executing VM operation: HandshakeAllThreads (Deoptimize)
Event: 3.782 Executing VM operation: HandshakeAllThreads (Deoptimize) done
Event: 3.788 Executing VM operation: HandshakeAllThreads (Deoptimize)
Event: 3.788 Executing VM operation: HandshakeAllThreads (Deoptimize) done
Event: 3.810 Executing VM operation: HandshakeAllThreads (Deoptimize)
Event: 3.810 Executing VM operation: HandshakeAllThreads (Deoptimize) done
Event: 4.814 Executing VM operation: Cleanup
Event: 4.814 Executing VM operation: Cleanup done
Event: 5.388 Executing VM operation: ParallelGCFailedAllocation (Allocation Failure)
Event: 5.392 Executing VM operation: ParallelGCFailedAllocation (Allocation Failure) done
Event: 6.406 Executing VM operation: Cleanup
Event: 6.406 Executing VM operation: Cleanup done

Memory protections (0 events):
No events

Nmethod flushes (0 events):
No events

Events (20 events):
Event: 1.125 Thread 0x000001c4e8fadbf0 Thread added: 0x000001c4eadcaf70
Event: 1.126 Thread 0x000001c4eadcaf70 Thread added: 0x000001c4ea850da0
Event: 1.229 Thread 0x000001c4d34bf350 Thread added: 0x000001c4e8fa4b70
Event: 2.132 Thread 0x000001c4ea850da0 Thread exited: 0x000001c4ea850da0
Event: 2.132 Thread 0x000001c4e90a7a00 Thread exited: 0x000001c4e90a7a00
Event: 2.132 Thread 0x000001c4e928a7f0 Thread exited: 0x000001c4e928a7f0
Event: 2.132 Thread 0x000001c4eadcaf70 Thread exited: 0x000001c4eadcaf70
Event: 2.133 Thread 0x000001c4ea6f9290 Thread exited: 0x000001c4ea6f9290
Event: 2.879 Thread 0x000001c4e90fb9e0 Thread exited: 0x000001c4e90fb9e0
Event: 2.879 Thread 0x000001c4e90a7360 Thread exited: 0x000001c4e90a7360
Event: 3.706 Thread 0x000001c4d34bf350 Thread added: 0x000001c4e8fa72d0
Event: 3.720 Thread 0x000001c4e8fa72d0 Thread added: 0x000001c4e8fa7960
Event: 3.723 Thread 0x000001c4d34bf350 Thread added: 0x000001c4e8fa5200
Event: 3.813 Thread 0x000001c4e8fadbf0 Thread added: 0x000001c4ef1deef0
Event: 3.813 Thread 0x000001c4e8fadbf0 Thread added: 0x000001c4ef1df590
Event: 3.813 Thread 0x000001c4e8fadbf0 Thread added: 0x000001c4ef0fe380
Event: 4.260 Thread 0x000001c4ef0fe380 Thread exited: 0x000001c4ef0fe380
Event: 4.261 Thread 0x000001c4ef1df590 Thread exited: 0x000001c4ef1df590
Event: 4.261 Thread 0x000001c4ef1deef0 Thread exited: 0x000001c4ef1deef0
Event: 4.263 Thread 0x000001c4e8fa5200 Thread added: 0x000001c4e8fa44e0


Dynamic libraries:
0x00007ff66b7c0000 - 0x00007ff66b7ce000 	c:\Users\ASUS\.vscode\extensions\redhat.java-1.40.0-win32-x64\jre\21.0.6-win32-x86_64\bin\java.exe
0x00007ffa54df0000 - 0x00007ffa55007000 	C:\WINDOWS\SYSTEM32\ntdll.dll
0x00007ffa53560000 - 0x00007ffa53624000 	C:\WINDOWS\System32\KERNEL32.DLL
0x00007ffa52610000 - 0x00007ffa529e0000 	C:\WINDOWS\System32\KERNELBASE.dll
0x00007ffa52160000 - 0x00007ffa52271000 	C:\WINDOWS\System32\ucrtbase.dll
0x00007ffa34fa0000 - 0x00007ffa34fb8000 	c:\Users\ASUS\.vscode\extensions\redhat.java-1.40.0-win32-x64\jre\21.0.6-win32-x86_64\bin\jli.dll
0x00007ffa18e90000 - 0x00007ffa18eae000 	c:\Users\ASUS\.vscode\extensions\redhat.java-1.40.0-win32-x64\jre\21.0.6-win32-x86_64\bin\VCRUNTIME140.dll
0x00007ffa52e70000 - 0x00007ffa5301e000 	C:\WINDOWS\System32\USER32.dll
0x00007ffa52320000 - 0x00007ffa52346000 	C:\WINDOWS\System32\win32u.dll
0x00007ffa440a0000 - 0x00007ffa44332000 	C:\WINDOWS\WinSxS\amd64_microsoft.windows.common-controls_6595b64144ccf1df_6.0.22621.4830_none_270fe7d773858e80\COMCTL32.dll
0x00007ffa52db0000 - 0x00007ffa52dd9000 	C:\WINDOWS\System32\GDI32.dll
0x00007ffa534b0000 - 0x00007ffa53557000 	C:\WINDOWS\System32\msvcrt.dll
0x00007ffa52350000 - 0x00007ffa5246b000 	C:\WINDOWS\System32\gdi32full.dll
0x00007ffa52280000 - 0x00007ffa5231a000 	C:\WINDOWS\System32\msvcp_win.dll
0x00007ffa53040000 - 0x00007ffa53071000 	C:\WINDOWS\System32\IMM32.DLL
0x00007ffa3e8c0000 - 0x00007ffa3e8cc000 	c:\Users\ASUS\.vscode\extensions\redhat.java-1.40.0-win32-x64\jre\21.0.6-win32-x86_64\bin\vcruntime140_1.dll
0x00007ff9dff60000 - 0x00007ff9dffed000 	c:\Users\ASUS\.vscode\extensions\redhat.java-1.40.0-win32-x64\jre\21.0.6-win32-x86_64\bin\msvcp140.dll
0x00007ff9c7950000 - 0x00007ff9c86e0000 	c:\Users\ASUS\.vscode\extensions\redhat.java-1.40.0-win32-x64\jre\21.0.6-win32-x86_64\bin\server\jvm.dll
0x00007ffa531a0000 - 0x00007ffa53251000 	C:\WINDOWS\System32\ADVAPI32.dll
0x00007ffa542d0000 - 0x00007ffa54377000 	C:\WINDOWS\System32\sechost.dll
0x00007ffa52470000 - 0x00007ffa52498000 	C:\WINDOWS\System32\bcrypt.dll
0x00007ffa53080000 - 0x00007ffa53194000 	C:\WINDOWS\System32\RPCRT4.dll
0x00007ffa53630000 - 0x00007ffa536a1000 	C:\WINDOWS\System32\WS2_32.dll
0x00007ffa51dc0000 - 0x00007ffa51e0d000 	C:\WINDOWS\SYSTEM32\POWRPROF.dll
0x00007ffa49850000 - 0x00007ffa49884000 	C:\WINDOWS\SYSTEM32\WINMM.dll
0x00007ffa4c0c0000 - 0x00007ffa4c0ca000 	C:\WINDOWS\SYSTEM32\VERSION.dll
0x00007ffa51da0000 - 0x00007ffa51db3000 	C:\WINDOWS\SYSTEM32\UMPDC.dll
0x00007ffa510e0000 - 0x00007ffa510f8000 	C:\WINDOWS\SYSTEM32\kernel.appcore.dll
0x00007ffa34070000 - 0x00007ffa3407a000 	c:\Users\ASUS\.vscode\extensions\redhat.java-1.40.0-win32-x64\jre\21.0.6-win32-x86_64\bin\jimage.dll
0x00007ffa4aef0000 - 0x00007ffa4b122000 	C:\WINDOWS\SYSTEM32\DBGHELP.DLL
0x00007ffa545a0000 - 0x00007ffa54930000 	C:\WINDOWS\System32\combase.dll
0x00007ffa54080000 - 0x00007ffa54157000 	C:\WINDOWS\System32\OLEAUT32.dll
0x00007ffa48c50000 - 0x00007ffa48c82000 	C:\WINDOWS\SYSTEM32\dbgcore.DLL
0x00007ffa529e0000 - 0x00007ffa52a5b000 	C:\WINDOWS\System32\bcryptPrimitives.dll
0x00007ffa26da0000 - 0x00007ffa26daf000 	c:\Users\ASUS\.vscode\extensions\redhat.java-1.40.0-win32-x64\jre\21.0.6-win32-x86_64\bin\instrument.dll
0x00007ffa10910000 - 0x00007ffa1092f000 	c:\Users\ASUS\.vscode\extensions\redhat.java-1.40.0-win32-x64\jre\21.0.6-win32-x86_64\bin\java.dll
0x00007ffa536d0000 - 0x00007ffa53f48000 	C:\WINDOWS\System32\SHELL32.dll
0x00007ffa4fff0000 - 0x00007ffa50900000 	C:\WINDOWS\SYSTEM32\windows.storage.dll
0x00007ffa4feb0000 - 0x00007ffa4ffef000 	C:\WINDOWS\SYSTEM32\wintypes.dll
0x00007ffa54490000 - 0x00007ffa5459a000 	C:\WINDOWS\System32\SHCORE.dll
0x00007ffa53f50000 - 0x00007ffa53fae000 	C:\WINDOWS\System32\shlwapi.dll
0x00007ffa51fd0000 - 0x00007ffa51ffb000 	C:\WINDOWS\SYSTEM32\profapi.dll
0x00007ffa0aee0000 - 0x00007ffa0aef8000 	c:\Users\ASUS\.vscode\extensions\redhat.java-1.40.0-win32-x64\jre\21.0.6-win32-x86_64\bin\zip.dll
0x00007ffa268f0000 - 0x00007ffa26900000 	C:\Users\ASUS\.vscode\extensions\redhat.java-1.40.0-win32-x64\jre\21.0.6-win32-x86_64\bin\net.dll
0x00007ffa4f040000 - 0x00007ffa4f16c000 	C:\WINDOWS\SYSTEM32\WINHTTP.dll
0x00007ffa51560000 - 0x00007ffa515ca000 	C:\WINDOWS\system32\mswsock.dll
0x00007ff9fbb50000 - 0x00007ff9fbb66000 	C:\Users\ASUS\.vscode\extensions\redhat.java-1.40.0-win32-x64\jre\21.0.6-win32-x86_64\bin\nio.dll
0x00007ffa25050000 - 0x00007ffa25060000 	c:\Users\ASUS\.vscode\extensions\redhat.java-1.40.0-win32-x64\jre\21.0.6-win32-x86_64\bin\verify.dll
0x00007ff9e87b0000 - 0x00007ff9e87f5000 	C:\Users\ASUS\AppData\Roaming\Code\User\globalStorage\redhat.java\1.40.0\config_win\org.eclipse.equinox.launcher\org.eclipse.equinox.launcher.win32.win32.x86_64_1.2.1200.v20250212-0927\eclipse_11909.dll
0x00007ffa53270000 - 0x00007ffa53411000 	C:\WINDOWS\System32\ole32.dll

dbghelp: loaded successfully - version: 4.0.5 - missing functions: none
symbol engine: initialized successfully - sym options: 0x614 - pdb path: .;c:\Users\ASUS\.vscode\extensions\redhat.java-1.40.0-win32-x64\jre\21.0.6-win32-x86_64\bin;C:\WINDOWS\SYSTEM32;C:\WINDOWS\WinSxS\amd64_microsoft.windows.common-controls_6595b64144ccf1df_6.0.22621.4830_none_270fe7d773858e80;c:\Users\ASUS\.vscode\extensions\redhat.java-1.40.0-win32-x64\jre\21.0.6-win32-x86_64\bin\server;C:\Users\ASUS\AppData\Roaming\Code\User\globalStorage\redhat.java\1.40.0\config_win\org.eclipse.equinox.launcher\org.eclipse.equinox.launcher.win32.win32.x86_64_1.2.1200.v20250212-0927

VM Arguments:
jvm_args: --add-modules=ALL-SYSTEM --add-opens=java.base/java.util=ALL-UNNAMED --add-opens=java.base/java.lang=ALL-UNNAMED --add-opens=java.base/sun.nio.fs=ALL-UNNAMED -Declipse.application=org.eclipse.jdt.ls.core.id1 -Dosgi.bundles.defaultStartLevel=4 -Declipse.product=org.eclipse.jdt.ls.core.product -Djava.import.generatesMetadataFilesAtProjectRoot=false -DDetectVMInstallationsJob.disabled=true -Dfile.encoding=utf8 -XX:+UseParallelGC -XX:GCTimeRatio=4 -XX:AdaptiveSizePolicyWeight=90 -Dsun.zip.disableMemoryMapping=true -Xmx1G -Xms100m -Xlog:disable -javaagent:c:\Users\ASUS\.vscode\extensions\redhat.java-1.40.0-win32-x64\lombok\lombok-1.18.36.jar -XX:+HeapDumpOnOutOfMemoryError -XX:HeapDumpPath=c:\Users\ASUS\AppData\Roaming\Code\User\workspaceStorage\a26ced7fe018b66e12da886babd7af56\redhat.java -Daether.dependencyCollector.impl=bf 
java_command: c:\Users\ASUS\.vscode\extensions\redhat.java-1.40.0-win32-x64\server\plugins\org.eclipse.equinox.launcher_1.6.1000.v20250131-0606.jar -configuration c:\Users\ASUS\AppData\Roaming\Code\User\globalStorage\redhat.java\1.40.0\config_win -data c:\Users\ASUS\AppData\Roaming\Code\User\workspaceStorage\a26ced7fe018b66e12da886babd7af56\redhat.java\jdt_ws --pipe=\\.\pipe\lsp-bdcff928fd3b42f413e0a94f6a7923c2-sock
java_class_path (initial): c:\Users\ASUS\.vscode\extensions\redhat.java-1.40.0-win32-x64\server\plugins\org.eclipse.equinox.launcher_1.6.1000.v20250131-0606.jar
Launcher Type: SUN_STANDARD

[Global flags]
    uintx AdaptiveSizePolicyWeight                 = 90                                        {product} {command line}
     intx CICompilerCount                          = 12                                        {product} {ergonomic}
    uintx GCTimeRatio                              = 4                                         {product} {command line}
     bool HeapDumpOnOutOfMemoryError               = true                                   {manageable} {command line}
    ccstr HeapDumpPath                             = c:\Users\ASUS\AppData\Roaming\Code\User\workspaceStorage\a26ced7fe018b66e12da886babd7af56\redhat.java         {manageable} {command line}
   size_t InitialHeapSize                          = 104857600                                 {product} {command line}
   size_t MaxHeapSize                              = 1073741824                                {product} {command line}
   size_t MaxNewSize                               = 357564416                                 {product} {ergonomic}
   size_t MinHeapDeltaBytes                        = 524288                                    {product} {ergonomic}
   size_t MinHeapSize                              = 104857600                                 {product} {command line}
   size_t NewSize                                  = 34603008                                  {product} {ergonomic}
    uintx NonNMethodCodeHeapSize                   = 7602480                                {pd product} {ergonomic}
    uintx NonProfiledCodeHeapSize                  = 122027880                              {pd product} {ergonomic}
   size_t OldSize                                  = 70254592                                  {product} {ergonomic}
    uintx ProfiledCodeHeapSize                     = 122027880                              {pd product} {ergonomic}
    uintx ReservedCodeCacheSize                    = 251658240                              {pd product} {ergonomic}
     bool SegmentedCodeCache                       = true                                      {product} {ergonomic}
   size_t SoftMaxHeapSize                          = 1073741824                             {manageable} {ergonomic}
     bool UseCompressedOops                        = true                           {product lp64_product} {ergonomic}
     bool UseLargePagesIndividualAllocation        = false                                  {pd product} {ergonomic}
     bool UseParallelGC                            = true                                      {product} {command line}

Logging:
Log output configuration:
 #0: stdout all=off uptime,level,tags foldmultilines=false
 #1: stderr all=off uptime,level,tags foldmultilines=false

Environment Variables:
PATH=C:\Program Files\Common Files\Oracle\Java\javapath;C:\Program Files (x86)\Common Files\Oracle\Java\java8path;C:\Program Files (x86)\Common Files\Oracle\Java\javapath;C:\ProgramData\Oracle\Java\javapath;C:\Windows\system32;C:\Windows;C:\Windows\System32\Wbem;C:\Windows\System32\WindowsPowerShell\v1.0\;C:\Windows\System32\OpenSSH\;C:\Program Files (x86)\NVIDIA Corporation\PhysX\Common;C:\WINDOWS\system32;C:\WINDOWS;C:\WINDOWS\System32\Wbem;C:\WINDOWS\System32\WindowsPowerShell\v1.0\;C:\WINDOWS\System32\OpenSSH\;C:\Program Files (x86)\Microsoft SQL Server\160\Tools\Binn\;C:\Program Files\Microsoft SQL Server\160\Tools\Binn\;C:\Program Files\Microsoft SQL Server\Client SDK\ODBC\170\Tools\Binn\;C:\Program Files\Microsoft SQL Server\160\DTS\Binn\;C:\Program Files (x86)\Microsoft SQL Server\160\DTS\Binn\;C:\Program Files\Azure Data Studio\bin;C:\Program Files\dotnet\;C:\Program Files\nodejs\;C:\Program Files\Git\cmd;C:\Program Files\NVIDIA Corporation\NVIDIA app\NvDLISR;C:\Program Files\Cloudflare\Cloudflare WARP\;C:\Program Files\MySQL\MySQL Shell 8.0\bin\;C:\Users\ASUS\AppData\Local\Microsoft\WindowsApps;C:\Program Files\Azure Data Studio\bin;C:\Users\ASUS\AppData\Local\Programs\Microsoft VS Code\bin;C:\Users\ASUS\AppData\Roaming\npm;C:\Program Files\Git\mingw64\bin\;
USERNAME=ASUS
OS=Windows_NT
PROCESSOR_IDENTIFIER=AMD64 Family 25 Model 68 Stepping 1, AuthenticAMD
TMP=C:\Users\ASUS\AppData\Local\Temp
TEMP=C:\Users\ASUS\AppData\Local\Temp




Periodic native trim disabled

---------------  S Y S T E M  ---------------

OS:
 Windows 11 , 64 bit Build 22621 (10.0.22621.4830)
OS uptime: 0 days 12:30 hours

CPU: total 16 (initial active 16) (16 cores per cpu, 2 threads per core) family 25 model 68 stepping 1 microcode 0x0, cx8, cmov, fxsr, ht, mmx, 3dnowpref, sse, sse2, sse3, ssse3, sse4a, sse4.1, sse4.2, popcnt, lzcnt, tsc, tscinvbit, avx, avx2, aes, clmul, bmi1, bmi2, adx, sha, fma, vzeroupper, clflush, clflushopt, rdtscp, rdpid, f16c, pku, cet_ss
Processor Information for the first 16 processors :
  Max Mhz: 3201, Current Mhz: 3201, Mhz Limit: 3201

Memory: 4k page, system-wide physical 15613M (2040M free)
TotalPageFile size 19709M (AvailPageFile size 154M)
current process WorkingSet (physical memory assigned to process): 106M, peak: 110M
current process commit charge ("private bytes"): 234M, peak: 236M

vm_info: OpenJDK 64-Bit Server VM (21.0.6+7-LTS) for windows-amd64 JRE (21.0.6+7-LTS), built on 2025-01-21T00:00:00Z by "admin" with MS VC++ 17.7 (VS2022)

END.
