#
# There is insufficient memory for the Java Runtime Environment to continue.
# Native memory allocation (malloc) failed to allocate 1586496 bytes. Error detail: Chunk::new
# Possible reasons:
#   The system is out of physical RAM or swap space
#   This process is running with CompressedOops enabled, and the Java Heap may be blocking the growth of the native heap
# Possible solutions:
#   Reduce memory load on the system
#   Increase physical memory or swap space
#   Check if swap backing store is full
#   Decrease Java heap size (-Xmx/-Xms)
#   Decrease number of Java threads
#   Decrease Java thread stack sizes (-Xss)
#   Set larger code cache with -XX:ReservedCodeCacheSize=
#   JVM is running with Unscaled Compressed Oops mode in which the Java heap is
#     placed in the first 4GB address space. The Java Heap base address is the
#     maximum limit for the native heap growth. Please use -XX:HeapBaseMinAddress
#     to set the Java Heap base and to place the Java Heap above 4GB virtual address.
# This output file may be truncated or incomplete.
#
#  Out of Memory Error (arena.cpp:168), pid=6724, tid=26756
#
# JRE version: OpenJDK Runtime Environment Temurin-21.0.6+7 (21.0.6+7) (build 21.0.6+7-LTS)
# Java VM: OpenJDK 64-Bit Server VM Temurin-21.0.6+7 (21.0.6+7-LTS, mixed mode, sharing, tiered, compressed oops, compressed class ptrs, parallel gc, windows-amd64)
# No core dump will be written. Minidumps are not enabled by default on client versions of Windows
#

---------------  S U M M A R Y ------------

Command Line: --add-modules=ALL-SYSTEM --add-opens=java.base/java.util=ALL-UNNAMED --add-opens=java.base/java.lang=ALL-UNNAMED --add-opens=java.base/sun.nio.fs=ALL-UNNAMED -Declipse.application=org.eclipse.jdt.ls.core.id1 -Dosgi.bundles.defaultStartLevel=4 -Declipse.product=org.eclipse.jdt.ls.core.product -Djava.import.generatesMetadataFilesAtProjectRoot=false -DDetectVMInstallationsJob.disabled=true -Dfile.encoding=utf8 -XX:+UseParallelGC -XX:GCTimeRatio=4 -XX:AdaptiveSizePolicyWeight=90 -Dsun.zip.disableMemoryMapping=true -Xmx1G -Xms100m -Xlog:disable -javaagent:c:\Users\ASUS\.vscode\extensions\redhat.java-1.40.0-win32-x64\lombok\lombok-1.18.36.jar -XX:+HeapDumpOnOutOfMemoryError -XX:HeapDumpPath=c:\Users\ASUS\AppData\Roaming\Code\User\workspaceStorage\a26ced7fe018b66e12da886babd7af56\redhat.java -Daether.dependencyCollector.impl=bf c:\Users\ASUS\.vscode\extensions\redhat.java-1.40.0-win32-x64\server\plugins\org.eclipse.equinox.launcher_1.6.1000.v20250131-0606.jar -configuration c:\Users\ASUS\AppData\Roaming\Code\User\globalStorage\redhat.java\1.40.0\config_win -data c:\Users\ASUS\AppData\Roaming\Code\User\workspaceStorage\a26ced7fe018b66e12da886babd7af56\redhat.java\jdt_ws --pipe=\\.\pipe\lsp-d01e5f36e52ebf28fb03c54e63a7035e-sock

Host: AMD Ryzen 7 6800H with Radeon Graphics         , 16 cores, 15G,  Windows 11 , 64 bit Build 22621 (10.0.22621.4830)
Time: Wed Mar  5 14:59:55 2025 SE Asia Standard Time elapsed time: 9.278783 seconds (0d 0h 0m 9s)

---------------  T H R E A D  ---------------

Current thread (0x00000236497915a0):  JavaThread "C2 CompilerThread5" daemon [_thread_in_native, id=26756, stack(0x000000c72f300000,0x000000c72f400000) (1024K)]


Current CompileTask:
C2:9278 9335       4       lombok.eclipse.handlers.EclipseHandlerUtil::setGeneratedBy (10 bytes)

Stack: [0x000000c72f300000,0x000000c72f400000]
Native frames: (J=compiled Java code, j=interpreted, Vv=VM code, C=native code)
V  [jvm.dll+0x6cdee9]
V  [jvm.dll+0x8a83d1]
V  [jvm.dll+0x8aa8fe]
V  [jvm.dll+0x8aafe3]
V  [jvm.dll+0x27f706]
V  [jvm.dll+0xc500d]
V  [jvm.dll+0xc5543]
V  [jvm.dll+0x2f2acd]
V  [jvm.dll+0x5f6a2a]
V  [jvm.dll+0x250bb2]
V  [jvm.dll+0x250f6f]
V  [jvm.dll+0x249834]
V  [jvm.dll+0x246ec4]
V  [jvm.dll+0x1c75ee]
V  [jvm.dll+0x25685a]
V  [jvm.dll+0x254dfa]
V  [jvm.dll+0x3f0256]
V  [jvm.dll+0x851f8b]
V  [jvm.dll+0x6cc5ed]
C  [ucrtbase.dll+0x29333]
C  [KERNEL32.DLL+0x1259d]
C  [ntdll.dll+0x5af38]


---------------  P R O C E S S  ---------------

Threads class SMR info:
_java_thread_list=0x000002364d50e4b0, length=86, elements={
0x000002366ad43a60, 0x00000236418e8390, 0x000002367f12c860, 0x00000236418ec250,
0x00000236418ee350, 0x00000236418f4c50, 0x00000236418f3210, 0x00000236418fabe0,
0x0000023641922170, 0x00000236418f17d0, 0x0000023641a1b090, 0x0000023641a1c110,
0x00000236418f1e60, 0x00000236418f2b80, 0x00000236418f38a0, 0x00000236418f3f30,
0x00000236418f45c0, 0x00000236418f24f0, 0x00000236481082d0, 0x000002364810b0c0,
0x0000023648109680, 0x000002364810deb0, 0x000002364810b750, 0x00000236481fb590,
0x0000023647547ee0, 0x000002364924d050, 0x0000023648108ff0, 0x000002364810a3a0,
0x000002364810aa30, 0x000002364810d190, 0x000002364810d820, 0x000002364810c470,
0x000002364810e540, 0x000002364810f260, 0x000002364810ebd0, 0x000002364810f8f0,
0x000002364810bde0, 0x0000023648108960, 0x0000023648109d10, 0x000002364a8b61d0,
0x000002364a8b5b40, 0x000002364a8b7580, 0x000002364a8b2030, 0x000002364a8b4790,
0x000002364a8b82a0, 0x000002364a8b33e0, 0x000002364a8b4e20, 0x000002364a8b7c10,
0x0000023649790ed0, 0x000002364a8b6860, 0x000002364a8b3a70, 0x0000023649790800,
0x00000236497915a0, 0x000002364a8b4100, 0x000002364a8b26c0, 0x000002364af713c0,
0x000002364a8b8fc0, 0x000002364a8b2d50, 0x000002364b7a64d0, 0x000002364b7a57b0,
0x000002364b7a6b60, 0x000002364b7a7f10, 0x000002364b7a8c30, 0x000002364b7a92c0,
0x000002364b7a71f0, 0x000002364b7a2330, 0x000002364b7a9950, 0x000002364b7a29c0,
0x000002364b7a3050, 0x000002364b7a3d70, 0x000002364b7a7880, 0x000002364b7a85a0,
0x000002364b7a36e0, 0x000002364b7a5120, 0x000002364b7a4400, 0x000002364b7a4a90,
0x000002364b7a5e40, 0x000002364d4ad0b0, 0x000002364d4abd00, 0x000002364d4a81f0,
0x000002364d4aafe0, 0x000002364d4ad740, 0x000002364d4aa950, 0x000002364d4addd0,
0x000002364d4ae460, 0x000002364d4ac390
}

Java Threads: ( => current thread )
  0x000002366ad43a60 JavaThread "main"                              [_thread_blocked, id=11276, stack(0x000000c72af00000,0x000000c72b000000) (1024K)]
  0x00000236418e8390 JavaThread "Reference Handler"          daemon [_thread_blocked, id=28676, stack(0x000000c72b300000,0x000000c72b400000) (1024K)]
  0x000002367f12c860 JavaThread "Finalizer"                  daemon [_thread_blocked, id=22796, stack(0x000000c72b400000,0x000000c72b500000) (1024K)]
  0x00000236418ec250 JavaThread "Signal Dispatcher"          daemon [_thread_blocked, id=26836, stack(0x000000c72b500000,0x000000c72b600000) (1024K)]
  0x00000236418ee350 JavaThread "Attach Listener"            daemon [_thread_blocked, id=26668, stack(0x000000c72b600000,0x000000c72b700000) (1024K)]
  0x00000236418f4c50 JavaThread "Service Thread"             daemon [_thread_blocked, id=18216, stack(0x000000c72b700000,0x000000c72b800000) (1024K)]
  0x00000236418f3210 JavaThread "Monitor Deflation Thread"   daemon [_thread_blocked, id=21472, stack(0x000000c72b800000,0x000000c72b900000) (1024K)]
  0x00000236418fabe0 JavaThread "C2 CompilerThread0"         daemon [_thread_in_vm, id=15456, stack(0x000000c72b900000,0x000000c72ba00000) (1024K)]
  0x0000023641922170 JavaThread "C1 CompilerThread0"         daemon [_thread_blocked, id=27476, stack(0x000000c72ba00000,0x000000c72bb00000) (1024K)]
  0x00000236418f17d0 JavaThread "Common-Cleaner"             daemon [_thread_blocked, id=18836, stack(0x000000c72bb00000,0x000000c72bc00000) (1024K)]
  0x0000023641a1b090 JavaThread "C1 CompilerThread1"         daemon [_thread_blocked, id=18352, stack(0x000000c72bc00000,0x000000c72bd00000) (1024K)]
  0x0000023641a1c110 JavaThread "C1 CompilerThread2"         daemon [_thread_blocked, id=30220, stack(0x000000c72bd00000,0x000000c72be00000) (1024K)]
  0x00000236418f1e60 JavaThread "Notification Thread"        daemon [_thread_blocked, id=12204, stack(0x000000c72bf00000,0x000000c72c000000) (1024K)]
  0x00000236418f2b80 JavaThread "Active Thread: Equinox Container: 8909367f-e178-498a-9482-cb9a13d7311d"        [_thread_blocked, id=27944, stack(0x000000c72c900000,0x000000c72ca00000) (1024K)]
  0x00000236418f38a0 JavaThread "Refresh Thread: Equinox Container: 8909367f-e178-498a-9482-cb9a13d7311d" daemon [_thread_blocked, id=27592, stack(0x000000c72ca00000,0x000000c72cb00000) (1024K)]
  0x00000236418f3f30 JavaThread "Framework Event Dispatcher: Equinox Container: 8909367f-e178-498a-9482-cb9a13d7311d" daemon [_thread_blocked, id=356, stack(0x000000c72cc00000,0x000000c72cd00000) (1024K)]
  0x00000236418f45c0 JavaThread "Start Level: Equinox Container: 8909367f-e178-498a-9482-cb9a13d7311d" daemon [_thread_blocked, id=19508, stack(0x000000c72cd00000,0x000000c72ce00000) (1024K)]
  0x00000236418f24f0 JavaThread "Bundle File Closer"         daemon [_thread_blocked, id=8200, stack(0x000000c72c800000,0x000000c72c900000) (1024K)]
  0x00000236481082d0 JavaThread "SCR Component Actor"        daemon [_thread_blocked, id=21952, stack(0x000000c72d000000,0x000000c72d100000) (1024K)]
  0x000002364810b0c0 JavaThread "Worker-JM"                         [_thread_blocked, id=24728, stack(0x000000c72d500000,0x000000c72d600000) (1024K)]
  0x0000023648109680 JavaThread "JNA Cleaner"                daemon [_thread_blocked, id=30344, stack(0x000000c72d600000,0x000000c72d700000) (1024K)]
  0x000002364810deb0 JavaThread "Worker-0"                          [_thread_blocked, id=26428, stack(0x000000c72d700000,0x000000c72d800000) (1024K)]
  0x000002364810b750 JavaThread "Worker-1"                          [_thread_blocked, id=13956, stack(0x000000c72d800000,0x000000c72d900000) (1024K)]
  0x00000236481fb590 JavaThread "C1 CompilerThread3"         daemon [_thread_blocked, id=8880, stack(0x000000c72d900000,0x000000c72da00000) (1024K)]
  0x0000023647547ee0 JavaThread "C2 CompilerThread1"         daemon [_thread_in_native, id=24636, stack(0x000000c72be00000,0x000000c72bf00000) (1024K)]
  0x000002364924d050 JavaThread "C2 CompilerThread2"         daemon [_thread_in_native, id=9752, stack(0x000000c72c000000,0x000000c72c100000) (1024K)]
  0x0000023648108ff0 JavaThread "Java indexing"              daemon [_thread_blocked, id=7556, stack(0x000000c72c100000,0x000000c72c200000) (1024K)]
  0x000002364810a3a0 JavaThread "Worker-2: Java indexing... "        [_thread_blocked, id=9852, stack(0x000000c72da00000,0x000000c72db00000) (1024K)]
  0x000002364810aa30 JavaThread "Worker-3"                          [_thread_blocked, id=27212, stack(0x000000c72db00000,0x000000c72dc00000) (1024K)]
  0x000002364810d190 JavaThread "Worker-4: Building"                [_thread_blocked, id=20712, stack(0x000000c72dc00000,0x000000c72dd00000) (1024K)]
  0x000002364810d820 JavaThread "Worker-5"                          [_thread_blocked, id=13872, stack(0x000000c72dd00000,0x000000c72de00000) (1024K)]
  0x000002364810c470 JavaThread "Thread-2"                   daemon [_thread_in_native, id=324, stack(0x000000c72de00000,0x000000c72df00000) (1024K)]
  0x000002364810e540 JavaThread "Thread-3"                   daemon [_thread_in_native, id=27096, stack(0x000000c72df00000,0x000000c72e000000) (1024K)]
  0x000002364810f260 JavaThread "Thread-4"                   daemon [_thread_in_native, id=24652, stack(0x000000c72e000000,0x000000c72e100000) (1024K)]
  0x000002364810ebd0 JavaThread "Thread-5"                   daemon [_thread_in_native, id=27228, stack(0x000000c72e100000,0x000000c72e200000) (1024K)]
  0x000002364810f8f0 JavaThread "Thread-6"                   daemon [_thread_in_native, id=2720, stack(0x000000c72e200000,0x000000c72e300000) (1024K)]
  0x000002364810bde0 JavaThread "Thread-7"                   daemon [_thread_in_native, id=2312, stack(0x000000c72e300000,0x000000c72e400000) (1024K)]
  0x0000023648108960 JavaThread "Thread-8"                   daemon [_thread_in_native, id=8368, stack(0x000000c72e400000,0x000000c72e500000) (1024K)]
  0x0000023648109d10 JavaThread "Thread-9"                   daemon [_thread_in_native, id=29132, stack(0x000000c72e500000,0x000000c72e600000) (1024K)]
  0x000002364a8b61d0 JavaThread "Thread-10"                  daemon [_thread_in_native, id=19984, stack(0x000000c72e600000,0x000000c72e700000) (1024K)]
  0x000002364a8b5b40 JavaThread "Thread-11"                  daemon [_thread_in_native, id=3696, stack(0x000000c72e700000,0x000000c72e800000) (1024K)]
  0x000002364a8b7580 JavaThread "Thread-12"                  daemon [_thread_in_native, id=14792, stack(0x000000c72e800000,0x000000c72e900000) (1024K)]
  0x000002364a8b2030 JavaThread "Thread-13"                  daemon [_thread_in_native, id=10000, stack(0x000000c72e900000,0x000000c72ea00000) (1024K)]
  0x000002364a8b4790 JavaThread "Thread-14"                  daemon [_thread_in_native, id=14772, stack(0x000000c72ea00000,0x000000c72eb00000) (1024K)]
  0x000002364a8b82a0 JavaThread "Thread-15"                  daemon [_thread_in_native, id=23448, stack(0x000000c72eb00000,0x000000c72ec00000) (1024K)]
  0x000002364a8b33e0 JavaThread "Thread-16"                  daemon [_thread_in_native, id=31512, stack(0x000000c72ec00000,0x000000c72ed00000) (1024K)]
  0x000002364a8b4e20 JavaThread "Thread-17"                  daemon [_thread_in_native, id=6496, stack(0x000000c72ed00000,0x000000c72ee00000) (1024K)]
  0x000002364a8b7c10 JavaThread "Thread-18"                  daemon [_thread_in_native, id=30692, stack(0x000000c72ee00000,0x000000c72ef00000) (1024K)]
  0x0000023649790ed0 JavaThread "C2 CompilerThread3"         daemon [_thread_in_native, id=19688, stack(0x000000c72ef00000,0x000000c72f000000) (1024K)]
  0x000002364a8b6860 JavaThread "Worker-6"                          [_thread_blocked, id=21280, stack(0x000000c72f000000,0x000000c72f100000) (1024K)]
  0x000002364a8b3a70 JavaThread "pool-2-thread-1"                   [_thread_blocked, id=22384, stack(0x000000c72f100000,0x000000c72f200000) (1024K)]
  0x0000023649790800 JavaThread "C2 CompilerThread4"         daemon [_thread_in_native, id=17212, stack(0x000000c72f200000,0x000000c72f300000) (1024K)]
=>0x00000236497915a0 JavaThread "C2 CompilerThread5"         daemon [_thread_in_native, id=26756, stack(0x000000c72f300000,0x000000c72f400000) (1024K)]
  0x000002364a8b4100 JavaThread "WorkspaceEventsHandler"            [_thread_blocked, id=31216, stack(0x000000c72f600000,0x000000c72f700000) (1024K)]
  0x000002364a8b26c0 JavaThread "pool-1-thread-1"                   [_thread_blocked, id=15492, stack(0x000000c72f700000,0x000000c72f800000) (1024K)]
  0x000002364af713c0 JavaThread "C2 CompilerThread6"         daemon [_thread_in_native, id=24736, stack(0x000000c72f400000,0x000000c72f500000) (1024K)]
  0x000002364a8b8fc0 JavaThread "LocalFile Deleter"          daemon [_thread_blocked, id=31116, stack(0x000000c72f800000,0x000000c72f900000) (1024K)]
  0x000002364a8b2d50 JavaThread "LocalFile Deleter"          daemon [_thread_blocked, id=10396, stack(0x000000c72f900000,0x000000c72fa00000) (1024K)]
  0x000002364b7a64d0 JavaThread "LocalFile Deleter"          daemon [_thread_blocked, id=29752, stack(0x000000c72fa00000,0x000000c72fb00000) (1024K)]
  0x000002364b7a57b0 JavaThread "LocalFile Deleter"          daemon [_thread_blocked, id=20328, stack(0x000000c72fb00000,0x000000c72fc00000) (1024K)]
  0x000002364b7a6b60 JavaThread "LocalFile Deleter"          daemon [_thread_blocked, id=21232, stack(0x000000c72fc00000,0x000000c72fd00000) (1024K)]
  0x000002364b7a7f10 JavaThread "LocalFile Deleter"          daemon [_thread_blocked, id=3408, stack(0x000000c72fd00000,0x000000c72fe00000) (1024K)]
  0x000002364b7a8c30 JavaThread "LocalFile Deleter"          daemon [_thread_blocked, id=23088, stack(0x000000c72fe00000,0x000000c72ff00000) (1024K)]
  0x000002364b7a92c0 JavaThread "LocalFile Deleter"          daemon [_thread_blocked, id=16872, stack(0x000000c72ff00000,0x000000c730000000) (1024K)]
  0x000002364b7a71f0 JavaThread "LocalFile Deleter"          daemon [_thread_blocked, id=17964, stack(0x000000c730000000,0x000000c730100000) (1024K)]
  0x000002364b7a2330 JavaThread "LocalFile Deleter"          daemon [_thread_blocked, id=29800, stack(0x000000c730100000,0x000000c730200000) (1024K)]
  0x000002364b7a9950 JavaThread "LocalFile Deleter"          daemon [_thread_blocked, id=28988, stack(0x000000c730200000,0x000000c730300000) (1024K)]
  0x000002364b7a29c0 JavaThread "LocalFile Deleter"          daemon [_thread_blocked, id=28212, stack(0x000000c730300000,0x000000c730400000) (1024K)]
  0x000002364b7a3050 JavaThread "LocalFile Deleter"          daemon [_thread_blocked, id=2288, stack(0x000000c730400000,0x000000c730500000) (1024K)]
  0x000002364b7a3d70 JavaThread "LocalFile Deleter"          daemon [_thread_blocked, id=30092, stack(0x000000c730500000,0x000000c730600000) (1024K)]
  0x000002364b7a7880 JavaThread "LocalFile Deleter"          daemon [_thread_blocked, id=17424, stack(0x000000c730600000,0x000000c730700000) (1024K)]
  0x000002364b7a85a0 JavaThread "LocalFile Deleter"          daemon [_thread_blocked, id=17480, stack(0x000000c730700000,0x000000c730800000) (1024K)]
  0x000002364b7a36e0 JavaThread "Compiler Source File Reader" daemon [_thread_blocked, id=24324, stack(0x000000c730800000,0x000000c730900000) (1024K)]
  0x000002364b7a5120 JavaThread "Compiler Source File Reader" daemon [_thread_blocked, id=19352, stack(0x000000c730900000,0x000000c730a00000) (1024K)]
  0x000002364b7a4400 JavaThread "Compiler Source File Reader" daemon [_thread_blocked, id=11432, stack(0x000000c730a00000,0x000000c730b00000) (1024K)]
  0x000002364b7a4a90 JavaThread "Compiler Source File Reader" daemon [_thread_blocked, id=8868, stack(0x000000c730b00000,0x000000c730c00000) (1024K)]
  0x000002364b7a5e40 JavaThread "Compiler Source File Reader" daemon [_thread_blocked, id=14032, stack(0x000000c730c00000,0x000000c730d00000) (1024K)]
  0x000002364d4ad0b0 JavaThread "Compiler Source File Reader" daemon [_thread_blocked, id=21604, stack(0x000000c730d00000,0x000000c730e00000) (1024K)]
  0x000002364d4abd00 JavaThread "Compiler Source File Reader" daemon [_thread_blocked, id=27440, stack(0x000000c730e00000,0x000000c730f00000) (1024K)]
  0x000002364d4a81f0 JavaThread "Compiler Source File Reader" daemon [_thread_blocked, id=27284, stack(0x000000c730f00000,0x000000c731000000) (1024K)]
  0x000002364d4aafe0 JavaThread "Compiler Source File Reader" daemon [_thread_blocked, id=15428, stack(0x000000c731000000,0x000000c731100000) (1024K)]
  0x000002364d4ad740 JavaThread "Compiler Source File Reader" daemon [_thread_blocked, id=24740, stack(0x000000c731100000,0x000000c731200000) (1024K)]
  0x000002364d4aa950 JavaThread "Compiler Source File Reader" daemon [_thread_blocked, id=10128, stack(0x000000c731200000,0x000000c731300000) (1024K)]
  0x000002364d4addd0 JavaThread "Compiler Source File Reader" daemon [_thread_blocked, id=30324, stack(0x000000c731300000,0x000000c731400000) (1024K)]
  0x000002364d4ae460 JavaThread "Compiler Source File Reader" daemon [_thread_blocked, id=15524, stack(0x000000c731400000,0x000000c731500000) (1024K)]
  0x000002364d4ac390 JavaThread "Compiler Source File Reader" daemon [_thread_blocked, id=15420, stack(0x000000c731500000,0x000000c731600000) (1024K)]
Total: 86

Other Threads:
  0x000002366adfea30 VMThread "VM Thread"                           [id=8660, stack(0x000000c72b200000,0x000000c72b300000) (1024K)]
  0x000002367f00ca00 WatcherThread "VM Periodic Task Thread"        [id=28200, stack(0x000000c72b100000,0x000000c72b200000) (1024K)]
  0x000002366ad618d0 WorkerThread "GC Thread#0"                     [id=17260, stack(0x000000c72b000000,0x000000c72b100000) (1024K)]
  0x00000236478c9850 WorkerThread "GC Thread#1"                     [id=24796, stack(0x000000c72c200000,0x000000c72c300000) (1024K)]
  0x00000236478c9bf0 WorkerThread "GC Thread#2"                     [id=14648, stack(0x000000c72c300000,0x000000c72c400000) (1024K)]
  0x00000236479f7010 WorkerThread "GC Thread#3"                     [id=8724, stack(0x000000c72c400000,0x000000c72c500000) (1024K)]
  0x00000236479f73b0 WorkerThread "GC Thread#4"                     [id=10076, stack(0x000000c72c500000,0x000000c72c600000) (1024K)]
  0x0000023647a3ec90 WorkerThread "GC Thread#5"                     [id=26824, stack(0x000000c72c600000,0x000000c72c700000) (1024K)]
  0x0000023647a3f440 WorkerThread "GC Thread#6"                     [id=25852, stack(0x000000c72c700000,0x000000c72c800000) (1024K)]
  0x000002364799d700 WorkerThread "GC Thread#7"                     [id=24244, stack(0x000000c72cb00000,0x000000c72cc00000) (1024K)]
  0x0000023647ae0b50 WorkerThread "GC Thread#8"                     [id=17932, stack(0x000000c72ce00000,0x000000c72cf00000) (1024K)]
  0x0000023648145a70 WorkerThread "GC Thread#9"                     [id=15832, stack(0x000000c72cf00000,0x000000c72d000000) (1024K)]
  0x0000023648144bf0 WorkerThread "GC Thread#10"                    [id=26124, stack(0x000000c72d200000,0x000000c72d300000) (1024K)]
  0x0000023648144f90 WorkerThread "GC Thread#11"                    [id=29716, stack(0x000000c72d300000,0x000000c72d400000) (1024K)]
  0x0000023648145330 WorkerThread "GC Thread#12"                    [id=23772, stack(0x000000c72d400000,0x000000c72d500000) (1024K)]
Total: 15

Threads with active compile tasks:
C2 CompilerThread0  9315 9724       4       org.eclipse.core.internal.dtree.DeltaDataTree::lookup (158 bytes)
C2 CompilerThread1  9315 9721       4       org.eclipse.jdt.internal.compiler.lookup.BinaryTypeBinding::createMethod (1724 bytes)
C2 CompilerThread2  9315 9334   !   4       lombok.core.FieldAugment$ReflectionFieldAugment::getAndSet (80 bytes)
C2 CompilerThread3  9315 9076   !   4       org.eclipse.jdt.internal.core.search.indexing.BinaryIndexer::indexDocument (1204 bytes)
C2 CompilerThread4  9315 8778 %     4       org.lombokweb.asm.ClassReader::readCode @ 2187 (5117 bytes)
C2 CompilerThread5  9315 9335       4       lombok.eclipse.handlers.EclipseHandlerUtil::setGeneratedBy (10 bytes)
C2 CompilerThread6  9315 9657       4       org.eclipse.jdt.internal.compiler.lookup.LookupEnvironment::getCachedType (122 bytes)
Total: 7

VM state: not at safepoint (normal execution)

VM Mutex/Monitor currently owned by a thread: None

Heap address: 0x00000000c0000000, size: 1024 MB, Compressed Oops mode: 32-bit

CDS archive(s) mapped at: [0x0000023600000000-0x0000023600ba0000-0x0000023600ba0000), size 12189696, SharedBaseAddress: 0x0000023600000000, ArchiveRelocationMode: 1.
Compressed class space mapped at: 0x0000023601000000-0x0000023641000000, reserved size: 1073741824
Narrow klass base: 0x0000023600000000, Narrow klass shift: 0, Narrow klass range: 0x100000000

GC Precious Log:
 CardTable entry size: 512
 CPUs: 16 total, 16 available
 Memory: 15613M
 Large Page Support: Disabled
 NUMA Support: Disabled
 Compressed Oops: Enabled (32-bit)
 Alignments: Space 512K, Generation 512K, Heap 2M
 Heap Min Capacity: 100M
 Heap Initial Capacity: 100M
 Heap Max Capacity: 1G
 Pre-touch: Disabled
 Parallel Workers: 13

Heap:
 PSYoungGen      total 7168K, used 6037K [0x00000000eab00000, 0x00000000eb400000, 0x0000000100000000)
  eden space 5632K, 84% used [0x00000000eab00000,0x00000000eafa3f48,0x00000000eb080000)
  from space 1536K, 83% used [0x00000000eb280000,0x00000000eb3c17b8,0x00000000eb400000)
  to   space 1536K, 0% used [0x00000000eb100000,0x00000000eb100000,0x00000000eb280000)
 ParOldGen       total 205312K, used 205196K [0x00000000c0000000, 0x00000000cc880000, 0x00000000eab00000)
  object space 205312K, 99% used [0x00000000c0000000,0x00000000cc863160,0x00000000cc880000)
 Metaspace       used 56526K, committed 57728K, reserved 1114112K
  class space    used 5814K, committed 6336K, reserved 1048576K

Card table byte_map: [0x000002366a6e0000,0x000002366a8f0000] _byte_map_base: 0x000002366a0e0000

Marking Bits: (ParMarkBitMap*) 0x00007ff9b4a83260
 Begin Bits: [0x000002367cf30000, 0x000002367df30000)
 End Bits:   [0x000002367df30000, 0x000002367ef30000)

Polling page: 0x0000023668c20000

Metaspace:

Usage:
  Non-class:     49.52 MB used.
      Class:      5.68 MB used.
       Both:     55.20 MB used.

Virtual space:
  Non-class space:       64.00 MB reserved,      50.19 MB ( 78%) committed,  1 nodes.
      Class space:        1.00 GB reserved,       6.19 MB ( <1%) committed,  1 nodes.
             Both:        1.06 GB reserved,      56.38 MB (  5%) committed. 

Chunk freelists:
   Non-Class:  12.94 MB
       Class:  9.69 MB
        Both:  22.63 MB

MaxMetaspaceSize: unlimited
CompressedClassSpaceSize: 1.00 GB
Initial GC threshold: 21.00 MB
Current GC threshold: 58.38 MB
CDS: on
 - commit_granule_bytes: 65536.
 - commit_granule_words: 8192.
 - virtual_space_node_default_size: 8388608.
 - enlarge_chunks_in_place: 1.
 - use_allocation_guard: 0.


Internal statistics:

num_allocs_failed_limit: 6.
num_arena_births: 934.
num_arena_deaths: 14.
num_vsnodes_births: 2.
num_vsnodes_deaths: 0.
num_space_committed: 902.
num_space_uncommitted: 0.
num_chunks_returned_to_freelist: 20.
num_chunks_taken_from_freelist: 3423.
num_chunk_merges: 12.
num_chunk_splits: 2167.
num_chunks_enlarged: 1309.
num_inconsistent_stats: 0.

CodeHeap 'non-profiled nmethods': size=119168Kb used=7086Kb max_used=7086Kb free=112081Kb
 bounds [0x0000023675ad0000, 0x00000236761c0000, 0x000002367cf30000]
CodeHeap 'profiled nmethods': size=119104Kb used=21004Kb max_used=21004Kb free=98100Kb
 bounds [0x000002366df30000, 0x000002366f3c0000, 0x0000023675380000]
CodeHeap 'non-nmethods': size=7488Kb used=3099Kb max_used=3181Kb free=4388Kb
 bounds [0x0000023675380000, 0x00000236756a0000, 0x0000023675ad0000]
 total_blobs=9839 nmethods=9120 adapters=622
 compilation: enabled
              stopped_count=0, restarted_count=0
 full_count=0

Compilation events (20 events):
Event: 9.259 Thread 0x00000236481fb590 nmethod 9701 0x000002366f39d290 code [0x000002366f39d440, 0x000002366f39d6e0]
Event: 9.260 Thread 0x0000023641a1c110 nmethod 9703 0x00000236761a7290 code [0x00000236761a7420, 0x00000236761a74e8]
Event: 9.260 Thread 0x00000236481fb590 9704       3       org.eclipse.jdt.internal.core.builder.NameEnvironment::findType (24 bytes)
Event: 9.261 Thread 0x00000236481fb590 nmethod 9704 0x000002366f39d810 code [0x000002366f39da40, 0x000002366f39df78]
Event: 9.263 Thread 0x00000236481fb590 9705       3       org.eclipse.jdt.internal.compiler.lookup.AnnotatableTypeSystem::getParameterizedType (123 bytes)
Event: 9.263 Thread 0x0000023641922170 9706       3       org.eclipse.jdt.internal.compiler.lookup.LookupEnvironment::usesNullTypeAnnotations (152 bytes)
Event: 9.264 Thread 0x00000236481fb590 nmethod 9705 0x000002366f39e210 code [0x000002366f39e480, 0x000002366f39ed78]
Event: 9.264 Thread 0x0000023641922170 nmethod 9706 0x000002366f39f090 code [0x000002366f39f320, 0x000002366f39fd50]
Event: 9.268 Thread 0x00000236481fb590 9707       3       org.eclipse.jdt.internal.compiler.lookup.UnresolvedReferenceBinding::<init> (44 bytes)
Event: 9.268 Thread 0x0000023641a1c110 9708       3       org.eclipse.jdt.internal.compiler.classfmt.FieldInfo::readModifierRelatedAttributes (159 bytes)
Event: 9.268 Thread 0x0000023641a1b090 9709       3       org.eclipse.jdt.internal.compiler.lookup.BinaryTypeBinding::signature2qualifiedTypeName (12 bytes)
Event: 9.270 Thread 0x0000023641a1b090 nmethod 9709 0x000002366f3a0090 code [0x000002366f3a0240, 0x000002366f3a0378]
Event: 9.270 Thread 0x0000023641922170 9710       3       org.eclipse.jdt.internal.compiler.lookup.PackageBinding::subsumes (9 bytes)
Event: 9.272 Thread 0x00000236481fb590 nmethod 9707 0x000002366f3a0490 code [0x000002366f3a0660, 0x000002366f3a0a78]
Event: 9.273 Thread 0x0000023641a1b090 9711       3       org.eclipse.jdt.internal.compiler.lookup.AnnotatableTypeSystem::getParameterizedType (11 bytes)
Event: 9.274 Thread 0x0000023641922170 nmethod 9710 0x000002366f3a0c10 code [0x000002366f3a0dc0, 0x000002366f3a0f30]
Event: 9.274 Thread 0x0000023641a1c110 nmethod 9708 0x000002366f3a1010 code [0x000002366f3a1240, 0x000002366f3a1c50]
Event: 9.274 Thread 0x00000236481fb590 9712       3       org.eclipse.jdt.internal.compiler.lookup.TypeBinding::isRawType (14 bytes)
Event: 9.274 Thread 0x0000023641a1b090 nmethod 9711 0x000002366f3a2010 code [0x000002366f3a21c0, 0x000002366f3a2320]
Event: 9.274 Thread 0x00000236481fb590 nmethod 9712 0x000002366f3a2410 code [0x000002366f3a25c0, 0x000002366f3a27f0]

GC Heap History (20 events):
Event: 8.930 GC heap before
{Heap before GC invocations=108 (full 2):
 PSYoungGen      total 7168K, used 7029K [0x00000000eab00000, 0x00000000eb380000, 0x0000000100000000)
  eden space 5632K, 100% used [0x00000000eab00000,0x00000000eb080000,0x00000000eb080000)
  from space 1536K, 90% used [0x00000000eb080000,0x00000000eb1dd4c8,0x00000000eb200000)
  to   space 1536K, 0% used [0x00000000eb200000,0x00000000eb200000,0x00000000eb380000)
 ParOldGen       total 189952K, used 189450K [0x00000000c0000000, 0x00000000cb980000, 0x00000000eab00000)
  object space 189952K, 99% used [0x00000000c0000000,0x00000000cb902af8,0x00000000cb980000)
 Metaspace       used 55871K, committed 57088K, reserved 1114112K
  class space    used 5773K, committed 6336K, reserved 1048576K
}
Event: 8.931 GC heap after
{Heap after GC invocations=108 (full 2):
 PSYoungGen      total 7168K, used 1310K [0x00000000eab00000, 0x00000000eb380000, 0x0000000100000000)
  eden space 5632K, 0% used [0x00000000eab00000,0x00000000eab00000,0x00000000eb080000)
  from space 1536K, 85% used [0x00000000eb200000,0x00000000eb3478a8,0x00000000eb380000)
  to   space 1536K, 0% used [0x00000000eb080000,0x00000000eb080000,0x00000000eb200000)
 ParOldGen       total 190976K, used 190661K [0x00000000c0000000, 0x00000000cba80000, 0x00000000eab00000)
  object space 190976K, 99% used [0x00000000c0000000,0x00000000cba317d0,0x00000000cba80000)
 Metaspace       used 55871K, committed 57088K, reserved 1114112K
  class space    used 5773K, committed 6336K, reserved 1048576K
}
Event: 8.946 GC heap before
{Heap before GC invocations=109 (full 2):
 PSYoungGen      total 7168K, used 6942K [0x00000000eab00000, 0x00000000eb380000, 0x0000000100000000)
  eden space 5632K, 100% used [0x00000000eab00000,0x00000000eb080000,0x00000000eb080000)
  from space 1536K, 85% used [0x00000000eb200000,0x00000000eb3478a8,0x00000000eb380000)
  to   space 1536K, 0% used [0x00000000eb080000,0x00000000eb080000,0x00000000eb200000)
 ParOldGen       total 190976K, used 190661K [0x00000000c0000000, 0x00000000cba80000, 0x00000000eab00000)
  object space 190976K, 99% used [0x00000000c0000000,0x00000000cba317d0,0x00000000cba80000)
 Metaspace       used 55896K, committed 57152K, reserved 1114112K
  class space    used 5776K, committed 6336K, reserved 1048576K
}
Event: 8.948 GC heap after
{Heap after GC invocations=109 (full 2):
 PSYoungGen      total 7168K, used 1152K [0x00000000eab00000, 0x00000000eb380000, 0x0000000100000000)
  eden space 5632K, 0% used [0x00000000eab00000,0x00000000eab00000,0x00000000eb080000)
  from space 1536K, 75% used [0x00000000eb080000,0x00000000eb1a0020,0x00000000eb200000)
  to   space 1536K, 0% used [0x00000000eb200000,0x00000000eb200000,0x00000000eb380000)
 ParOldGen       total 192000K, used 191781K [0x00000000c0000000, 0x00000000cbb80000, 0x00000000eab00000)
  object space 192000K, 99% used [0x00000000c0000000,0x00000000cbb49688,0x00000000cbb80000)
 Metaspace       used 55896K, committed 57152K, reserved 1114112K
  class space    used 5776K, committed 6336K, reserved 1048576K
}
Event: 8.972 GC heap before
{Heap before GC invocations=110 (full 2):
 PSYoungGen      total 7168K, used 6784K [0x00000000eab00000, 0x00000000eb380000, 0x0000000100000000)
  eden space 5632K, 100% used [0x00000000eab00000,0x00000000eb080000,0x00000000eb080000)
  from space 1536K, 75% used [0x00000000eb080000,0x00000000eb1a0020,0x00000000eb200000)
  to   space 1536K, 0% used [0x00000000eb200000,0x00000000eb200000,0x00000000eb380000)
 ParOldGen       total 192000K, used 191781K [0x00000000c0000000, 0x00000000cbb80000, 0x00000000eab00000)
  object space 192000K, 99% used [0x00000000c0000000,0x00000000cbb49688,0x00000000cbb80000)
 Metaspace       used 55923K, committed 57216K, reserved 1114112K
  class space    used 5776K, committed 6336K, reserved 1048576K
}
Event: 8.975 GC heap after
{Heap after GC invocations=110 (full 2):
 PSYoungGen      total 7168K, used 1195K [0x00000000eab00000, 0x00000000eb380000, 0x0000000100000000)
  eden space 5632K, 0% used [0x00000000eab00000,0x00000000eab00000,0x00000000eb080000)
  from space 1536K, 77% used [0x00000000eb200000,0x00000000eb32ac08,0x00000000eb380000)
  to   space 1536K, 0% used [0x00000000eb080000,0x00000000eb080000,0x00000000eb200000)
 ParOldGen       total 193024K, used 192767K [0x00000000c0000000, 0x00000000cbc80000, 0x00000000eab00000)
  object space 193024K, 99% used [0x00000000c0000000,0x00000000cbc3ffa0,0x00000000cbc80000)
 Metaspace       used 55923K, committed 57216K, reserved 1114112K
  class space    used 5776K, committed 6336K, reserved 1048576K
}
Event: 9.001 GC heap before
{Heap before GC invocations=111 (full 2):
 PSYoungGen      total 7168K, used 6827K [0x00000000eab00000, 0x00000000eb380000, 0x0000000100000000)
  eden space 5632K, 100% used [0x00000000eab00000,0x00000000eb080000,0x00000000eb080000)
  from space 1536K, 77% used [0x00000000eb200000,0x00000000eb32ac08,0x00000000eb380000)
  to   space 1536K, 0% used [0x00000000eb080000,0x00000000eb080000,0x00000000eb200000)
 ParOldGen       total 196608K, used 196223K [0x00000000c0000000, 0x00000000cc000000, 0x00000000eab00000)
  object space 196608K, 99% used [0x00000000c0000000,0x00000000cbf9ffa8,0x00000000cc000000)
 Metaspace       used 55951K, committed 57216K, reserved 1114112K
  class space    used 5776K, committed 6336K, reserved 1048576K
}
Event: 9.004 GC heap after
{Heap after GC invocations=111 (full 2):
 PSYoungGen      total 7168K, used 1387K [0x00000000eab00000, 0x00000000eb380000, 0x0000000100000000)
  eden space 5632K, 0% used [0x00000000eab00000,0x00000000eab00000,0x00000000eb080000)
  from space 1536K, 90% used [0x00000000eb080000,0x00000000eb1dac98,0x00000000eb200000)
  to   space 1536K, 0% used [0x00000000eb200000,0x00000000eb200000,0x00000000eb380000)
 ParOldGen       total 197632K, used 197205K [0x00000000c0000000, 0x00000000cc100000, 0x00000000eab00000)
  object space 197632K, 99% used [0x00000000c0000000,0x00000000cc095680,0x00000000cc100000)
 Metaspace       used 55951K, committed 57216K, reserved 1114112K
  class space    used 5776K, committed 6336K, reserved 1048576K
}
Event: 9.113 GC heap before
{Heap before GC invocations=112 (full 2):
 PSYoungGen      total 7168K, used 7019K [0x00000000eab00000, 0x00000000eb380000, 0x0000000100000000)
  eden space 5632K, 100% used [0x00000000eab00000,0x00000000eb080000,0x00000000eb080000)
  from space 1536K, 90% used [0x00000000eb080000,0x00000000eb1dac98,0x00000000eb200000)
  to   space 1536K, 0% used [0x00000000eb200000,0x00000000eb200000,0x00000000eb380000)
 ParOldGen       total 197632K, used 197205K [0x00000000c0000000, 0x00000000cc100000, 0x00000000eab00000)
  object space 197632K, 99% used [0x00000000c0000000,0x00000000cc095680,0x00000000cc100000)
 Metaspace       used 56274K, committed 57536K, reserved 1114112K
  class space    used 5803K, committed 6336K, reserved 1048576K
}
Event: 9.117 GC heap after
{Heap after GC invocations=112 (full 2):
 PSYoungGen      total 7168K, used 1024K [0x00000000eab00000, 0x00000000eb380000, 0x0000000100000000)
  eden space 5632K, 0% used [0x00000000eab00000,0x00000000eab00000,0x00000000eb080000)
  from space 1536K, 66% used [0x00000000eb200000,0x00000000eb300000,0x00000000eb380000)
  to   space 1536K, 0% used [0x00000000eb080000,0x00000000eb080000,0x00000000eb200000)
 ParOldGen       total 198656K, used 198362K [0x00000000c0000000, 0x00000000cc200000, 0x00000000eab00000)
  object space 198656K, 99% used [0x00000000c0000000,0x00000000cc1b69c0,0x00000000cc200000)
 Metaspace       used 56274K, committed 57536K, reserved 1114112K
  class space    used 5803K, committed 6336K, reserved 1048576K
}
Event: 9.134 GC heap before
{Heap before GC invocations=113 (full 2):
 PSYoungGen      total 7168K, used 6656K [0x00000000eab00000, 0x00000000eb380000, 0x0000000100000000)
  eden space 5632K, 100% used [0x00000000eab00000,0x00000000eb080000,0x00000000eb080000)
  from space 1536K, 66% used [0x00000000eb200000,0x00000000eb300000,0x00000000eb380000)
  to   space 1536K, 0% used [0x00000000eb080000,0x00000000eb080000,0x00000000eb200000)
 ParOldGen       total 198656K, used 198362K [0x00000000c0000000, 0x00000000cc200000, 0x00000000eab00000)
  object space 198656K, 99% used [0x00000000c0000000,0x00000000cc1b69c0,0x00000000cc200000)
 Metaspace       used 56312K, committed 57536K, reserved 1114112K
  class space    used 5806K, committed 6336K, reserved 1048576K
}
Event: 9.136 GC heap after
{Heap after GC invocations=113 (full 2):
 PSYoungGen      total 7168K, used 1365K [0x00000000eab00000, 0x00000000eb380000, 0x0000000100000000)
  eden space 5632K, 0% used [0x00000000eab00000,0x00000000eab00000,0x00000000eb080000)
  from space 1536K, 88% used [0x00000000eb080000,0x00000000eb1d5688,0x00000000eb200000)
  to   space 1536K, 0% used [0x00000000eb200000,0x00000000eb200000,0x00000000eb380000)
 ParOldGen       total 199168K, used 199115K [0x00000000c0000000, 0x00000000cc280000, 0x00000000eab00000)
  object space 199168K, 99% used [0x00000000c0000000,0x00000000cc272cd0,0x00000000cc280000)
 Metaspace       used 56312K, committed 57536K, reserved 1114112K
  class space    used 5806K, committed 6336K, reserved 1048576K
}
Event: 9.152 GC heap before
{Heap before GC invocations=114 (full 2):
 PSYoungGen      total 7168K, used 6997K [0x00000000eab00000, 0x00000000eb380000, 0x0000000100000000)
  eden space 5632K, 100% used [0x00000000eab00000,0x00000000eb080000,0x00000000eb080000)
  from space 1536K, 88% used [0x00000000eb080000,0x00000000eb1d5688,0x00000000eb200000)
  to   space 1536K, 0% used [0x00000000eb200000,0x00000000eb200000,0x00000000eb380000)
 ParOldGen       total 199168K, used 199115K [0x00000000c0000000, 0x00000000cc280000, 0x00000000eab00000)
  object space 199168K, 99% used [0x00000000c0000000,0x00000000cc272cd0,0x00000000cc280000)
 Metaspace       used 56329K, committed 57600K, reserved 1114112K
  class space    used 5809K, committed 6336K, reserved 1048576K
}
Event: 9.155 GC heap after
{Heap after GC invocations=114 (full 2):
 PSYoungGen      total 7168K, used 1216K [0x00000000eab00000, 0x00000000eb380000, 0x0000000100000000)
  eden space 5632K, 0% used [0x00000000eab00000,0x00000000eab00000,0x00000000eb080000)
  from space 1536K, 79% used [0x00000000eb200000,0x00000000eb330000,0x00000000eb380000)
  to   space 1536K, 0% used [0x00000000eb080000,0x00000000eb080000,0x00000000eb200000)
 ParOldGen       total 200704K, used 200300K [0x00000000c0000000, 0x00000000cc400000, 0x00000000eab00000)
  object space 200704K, 99% used [0x00000000c0000000,0x00000000cc39b340,0x00000000cc400000)
 Metaspace       used 56329K, committed 57600K, reserved 1114112K
  class space    used 5809K, committed 6336K, reserved 1048576K
}
Event: 9.180 GC heap before
{Heap before GC invocations=115 (full 2):
 PSYoungGen      total 7168K, used 6848K [0x00000000eab00000, 0x00000000eb380000, 0x0000000100000000)
  eden space 5632K, 100% used [0x00000000eab00000,0x00000000eb080000,0x00000000eb080000)
  from space 1536K, 79% used [0x00000000eb200000,0x00000000eb330000,0x00000000eb380000)
  to   space 1536K, 0% used [0x00000000eb080000,0x00000000eb080000,0x00000000eb200000)
 ParOldGen       total 200704K, used 200300K [0x00000000c0000000, 0x00000000cc400000, 0x00000000eab00000)
  object space 200704K, 99% used [0x00000000c0000000,0x00000000cc39b340,0x00000000cc400000)
 Metaspace       used 56407K, committed 57664K, reserved 1114112K
  class space    used 5812K, committed 6336K, reserved 1048576K
}
Event: 9.183 GC heap after
{Heap after GC invocations=115 (full 2):
 PSYoungGen      total 7168K, used 1511K [0x00000000eab00000, 0x00000000eb680000, 0x0000000100000000)
  eden space 5632K, 0% used [0x00000000eab00000,0x00000000eab00000,0x00000000eb080000)
  from space 1536K, 98% used [0x00000000eb080000,0x00000000eb1f9e58,0x00000000eb200000)
  to   space 3072K, 0% used [0x00000000eb380000,0x00000000eb380000,0x00000000eb680000)
 ParOldGen       total 201728K, used 201382K [0x00000000c0000000, 0x00000000cc500000, 0x00000000eab00000)
  object space 201728K, 99% used [0x00000000c0000000,0x00000000cc4a98c0,0x00000000cc500000)
 Metaspace       used 56407K, committed 57664K, reserved 1114112K
  class space    used 5812K, committed 6336K, reserved 1048576K
}
Event: 9.207 GC heap before
{Heap before GC invocations=116 (full 2):
 PSYoungGen      total 7168K, used 7143K [0x00000000eab00000, 0x00000000eb680000, 0x0000000100000000)
  eden space 5632K, 100% used [0x00000000eab00000,0x00000000eb080000,0x00000000eb080000)
  from space 1536K, 98% used [0x00000000eb080000,0x00000000eb1f9e58,0x00000000eb200000)
  to   space 3072K, 0% used [0x00000000eb380000,0x00000000eb380000,0x00000000eb680000)
 ParOldGen       total 201728K, used 201382K [0x00000000c0000000, 0x00000000cc500000, 0x00000000eab00000)
  object space 201728K, 99% used [0x00000000c0000000,0x00000000cc4a98c0,0x00000000cc500000)
 Metaspace       used 56443K, committed 57664K, reserved 1114112K
  class space    used 5813K, committed 6336K, reserved 1048576K
}
Event: 9.211 GC heap after
{Heap after GC invocations=116 (full 2):
 PSYoungGen      total 7168K, used 1387K [0x00000000eab00000, 0x00000000eb500000, 0x0000000100000000)
  eden space 5632K, 0% used [0x00000000eab00000,0x00000000eab00000,0x00000000eb080000)
  from space 1536K, 90% used [0x00000000eb380000,0x00000000eb4dac38,0x00000000eb500000)
  to   space 2048K, 0% used [0x00000000eb100000,0x00000000eb100000,0x00000000eb300000)
 ParOldGen       total 203264K, used 202790K [0x00000000c0000000, 0x00000000cc680000, 0x00000000eab00000)
  object space 203264K, 99% used [0x00000000c0000000,0x00000000cc609908,0x00000000cc680000)
 Metaspace       used 56443K, committed 57664K, reserved 1114112K
  class space    used 5813K, committed 6336K, reserved 1048576K
}
Event: 9.237 GC heap before
{Heap before GC invocations=117 (full 2):
 PSYoungGen      total 7168K, used 7019K [0x00000000eab00000, 0x00000000eb500000, 0x0000000100000000)
  eden space 5632K, 100% used [0x00000000eab00000,0x00000000eb080000,0x00000000eb080000)
  from space 1536K, 90% used [0x00000000eb380000,0x00000000eb4dac38,0x00000000eb500000)
  to   space 2048K, 0% used [0x00000000eb100000,0x00000000eb100000,0x00000000eb300000)
 ParOldGen       total 203264K, used 202790K [0x00000000c0000000, 0x00000000cc680000, 0x00000000eab00000)
  object space 203264K, 99% used [0x00000000c0000000,0x00000000cc609908,0x00000000cc680000)
 Metaspace       used 56475K, committed 57728K, reserved 1114112K
  class space    used 5813K, committed 6336K, reserved 1048576K
}
Event: 9.240 GC heap after
{Heap after GC invocations=117 (full 2):
 PSYoungGen      total 7168K, used 1371K [0x00000000eab00000, 0x00000000eb400000, 0x0000000100000000)
  eden space 5632K, 0% used [0x00000000eab00000,0x00000000eab00000,0x00000000eb080000)
  from space 1536K, 89% used [0x00000000eb100000,0x00000000eb256f98,0x00000000eb280000)
  to   space 1536K, 0% used [0x00000000eb280000,0x00000000eb280000,0x00000000eb400000)
 ParOldGen       total 204288K, used 204031K [0x00000000c0000000, 0x00000000cc780000, 0x00000000eab00000)
  object space 204288K, 99% used [0x00000000c0000000,0x00000000cc73fec8,0x00000000cc780000)
 Metaspace       used 56475K, committed 57728K, reserved 1114112K
  class space    used 5813K, committed 6336K, reserved 1048576K
}

Dll operation events (10 events):
Event: 0.007 Loaded shared library c:\Users\ASUS\.vscode\extensions\redhat.java-1.40.0-win32-x64\jre\21.0.6-win32-x86_64\bin\java.dll
Event: 0.061 Loaded shared library c:\Users\ASUS\.vscode\extensions\redhat.java-1.40.0-win32-x64\jre\21.0.6-win32-x86_64\bin\zip.dll
Event: 0.078 Loaded shared library C:\Users\ASUS\.vscode\extensions\redhat.java-1.40.0-win32-x64\jre\21.0.6-win32-x86_64\bin\instrument.dll
Event: 0.082 Loaded shared library C:\Users\ASUS\.vscode\extensions\redhat.java-1.40.0-win32-x64\jre\21.0.6-win32-x86_64\bin\net.dll
Event: 0.085 Loaded shared library C:\Users\ASUS\.vscode\extensions\redhat.java-1.40.0-win32-x64\jre\21.0.6-win32-x86_64\bin\nio.dll
Event: 0.088 Loaded shared library C:\Users\ASUS\.vscode\extensions\redhat.java-1.40.0-win32-x64\jre\21.0.6-win32-x86_64\bin\zip.dll
Event: 0.103 Loaded shared library C:\Users\ASUS\.vscode\extensions\redhat.java-1.40.0-win32-x64\jre\21.0.6-win32-x86_64\bin\jimage.dll
Event: 0.171 Loaded shared library c:\Users\ASUS\.vscode\extensions\redhat.java-1.40.0-win32-x64\jre\21.0.6-win32-x86_64\bin\verify.dll
Event: 1.246 Loaded shared library C:\Users\ASUS\AppData\Roaming\Code\User\globalStorage\redhat.java\1.40.0\config_win\org.eclipse.equinox.launcher\org.eclipse.equinox.launcher.win32.win32.x86_64_1.2.1200.v20250212-0927\eclipse_11909.dll
Event: 2.425 Loaded shared library C:\Users\ASUS\AppData\Local\Temp\jna-2018896\jna17608697929350805395.dll

Deoptimization events (20 events):
Event: 9.190 Thread 0x000002364810d190 DEOPT PACKING pc=0x0000023675f0ef7c sp=0x000000c72dcfe0b0
Event: 9.190 Thread 0x000002364810d190 DEOPT UNPACKING pc=0x00000236753d3aa2 sp=0x000000c72dcfe048 mode 2
Event: 9.205 Thread 0x000002364810d190 DEOPT PACKING pc=0x000002366f305465 sp=0x000000c72dcfc230
Event: 9.205 Thread 0x000002364810d190 DEOPT UNPACKING pc=0x00000236753d4242 sp=0x000000c72dcfb6d8 mode 0
Event: 9.217 Thread 0x000002364810d190 DEOPT PACKING pc=0x000002366f305465 sp=0x000000c72dcfd2e0
Event: 9.217 Thread 0x000002364810d190 DEOPT UNPACKING pc=0x00000236753d4242 sp=0x000000c72dcfc768 mode 0
Event: 9.221 Thread 0x000002364810d190 DEOPT PACKING pc=0x000002366f305465 sp=0x000000c72dcfd400
Event: 9.221 Thread 0x000002364810d190 DEOPT UNPACKING pc=0x00000236753d4242 sp=0x000000c72dcfc888 mode 0
Event: 9.223 Thread 0x000002364810d190 DEOPT PACKING pc=0x000002366f305465 sp=0x000000c72dcfcf70
Event: 9.223 Thread 0x000002364810d190 DEOPT UNPACKING pc=0x00000236753d4242 sp=0x000000c72dcfc3f8 mode 0
Event: 9.233 Thread 0x000002364810d190 DEOPT PACKING pc=0x000002366f305465 sp=0x000000c72dcfd7d0
Event: 9.233 Thread 0x000002364810d190 DEOPT UNPACKING pc=0x00000236753d4242 sp=0x000000c72dcfcc78 mode 0
Event: 9.246 Thread 0x000002364810d190 DEOPT PACKING pc=0x000002366f3053ec sp=0x000000c72dcfd740
Event: 9.246 Thread 0x000002364810d190 DEOPT UNPACKING pc=0x00000236753d4242 sp=0x000000c72dcfcbc8 mode 0
Event: 9.258 Thread 0x000002364810d190 DEOPT PACKING pc=0x000002366f305465 sp=0x000000c72dcfd2c0
Event: 9.258 Thread 0x000002364810d190 DEOPT UNPACKING pc=0x00000236753d4242 sp=0x000000c72dcfc768 mode 0
Event: 9.265 Thread 0x000002364810d190 DEOPT PACKING pc=0x000002366f3053ec sp=0x000000c72dcfd220
Event: 9.266 Thread 0x000002364810d190 DEOPT UNPACKING pc=0x00000236753d4242 sp=0x000000c72dcfc6a8 mode 0
Event: 9.272 Thread 0x000002364810d190 DEOPT PACKING pc=0x000002366f305465 sp=0x000000c72dcfd8d0
Event: 9.273 Thread 0x000002364810d190 DEOPT UNPACKING pc=0x00000236753d4242 sp=0x000000c72dcfcd58 mode 0

Classes loaded (20 events):
Event: 7.137 Loading class sun/nio/ch/WindowsAsynchronousFileChannelImpl$WriteTask
Event: 7.137 Loading class sun/nio/ch/WindowsAsynchronousFileChannelImpl$WriteTask done
Event: 7.149 Loading class jdk/internal/math/FormattedFPDecimal
Event: 7.149 Loading class jdk/internal/math/FormattedFPDecimal done
Event: 7.295 Loading class java/util/ImmutableCollections$SubList
Event: 7.295 Loading class java/util/ImmutableCollections$SubList done
Event: 7.547 Loading class java/util/concurrent/ForkJoinTask$AdaptedCallable
Event: 7.547 Loading class java/util/concurrent/ForkJoinTask$AdaptedCallable done
Event: 7.839 Loading class java/util/Vector$1
Event: 7.839 Loading class java/util/Vector$1 done
Event: 8.163 Loading class java/util/regex/Pattern$Caret
Event: 8.163 Loading class java/util/regex/Pattern$Caret done
Event: 8.202 Loading class java/util/regex/Pattern$LazyLoop
Event: 8.202 Loading class java/util/regex/Pattern$LazyLoop done
Event: 9.038 Loading class java/util/stream/ReduceOps$4
Event: 9.038 Loading class java/util/stream/ReduceOps$4 done
Event: 9.042 Loading class java/util/stream/ReduceOps$4ReducingSink
Event: 9.042 Loading class java/util/stream/ReduceOps$4ReducingSink done
Event: 9.043 Loading class java/nio/file/Files$2
Event: 9.044 Loading class java/nio/file/Files$2 done

Classes unloaded (7 events):
Event: 2.889 Thread 0x000002366adfea30 Unloading class 0x000002360119d400 'java/lang/invoke/LambdaForm$MH+0x000002360119d400'
Event: 2.889 Thread 0x000002366adfea30 Unloading class 0x000002360119d000 'java/lang/invoke/LambdaForm$MH+0x000002360119d000'
Event: 2.889 Thread 0x000002366adfea30 Unloading class 0x000002360119cc00 'java/lang/invoke/LambdaForm$MH+0x000002360119cc00'
Event: 2.889 Thread 0x000002366adfea30 Unloading class 0x000002360119c800 'java/lang/invoke/LambdaForm$MH+0x000002360119c800'
Event: 2.889 Thread 0x000002366adfea30 Unloading class 0x000002360119c400 'java/lang/invoke/LambdaForm$BMH+0x000002360119c400'
Event: 2.889 Thread 0x000002366adfea30 Unloading class 0x000002360119c000 'java/lang/invoke/LambdaForm$DMH+0x000002360119c000'
Event: 2.889 Thread 0x000002366adfea30 Unloading class 0x000002360119ac00 'java/lang/invoke/LambdaForm$DMH+0x000002360119ac00'

Classes redefined (0 events):
No events

Internal exceptions (20 events):
Event: 7.274 Thread 0x000002364810d190 Exception <a 'java/io/FileNotFoundException'{0x00000000ead8c4c0}> (0x00000000ead8c4c0) 
thrown [s\src\hotspot\share\prims\jni.cpp, line 520]
Event: 7.545 Thread 0x000002364810d190 Exception <a 'sun/nio/fs/WindowsException'{0x00000000eb6faed8}> (0x00000000eb6faed8) 
thrown [s\src\hotspot\share\prims\jni.cpp, line 520]
Event: 7.552 Thread 0x000002364a8b8fc0 Exception <a 'sun/nio/fs/WindowsException'{0x00000000eab31ab0}> (0x00000000eab31ab0) 
thrown [s\src\hotspot\share\prims\jni.cpp, line 520]
Event: 7.553 Thread 0x000002364a8b2d50 Exception <a 'sun/nio/fs/WindowsException'{0x00000000eab6ac48}> (0x00000000eab6ac48) 
thrown [s\src\hotspot\share\prims\jni.cpp, line 520]
Event: 7.554 Thread 0x000002364b7a64d0 Exception <a 'sun/nio/fs/WindowsException'{0x00000000eababa50}> (0x00000000eababa50) 
thrown [s\src\hotspot\share\prims\jni.cpp, line 520]
Event: 7.555 Thread 0x000002364b7a57b0 Exception <a 'sun/nio/fs/WindowsException'{0x00000000eabe4b40}> (0x00000000eabe4b40) 
thrown [s\src\hotspot\share\prims\jni.cpp, line 520]
Event: 7.555 Thread 0x000002364b7a6b60 Exception <a 'sun/nio/fs/WindowsException'{0x00000000eabed310}> (0x00000000eabed310) 
thrown [s\src\hotspot\share\prims\jni.cpp, line 520]
Event: 7.555 Thread 0x000002364b7a7f10 Exception <a 'sun/nio/fs/WindowsException'{0x00000000eabf5ab0}> (0x00000000eabf5ab0) 
thrown [s\src\hotspot\share\prims\jni.cpp, line 520]
Event: 7.557 Thread 0x000002364b7a71f0 Exception <a 'sun/nio/fs/WindowsException'{0x00000000eac3fb90}> (0x00000000eac3fb90) 
thrown [s\src\hotspot\share\prims\jni.cpp, line 520]
Event: 7.557 Thread 0x000002364b7a8c30 Exception <a 'sun/nio/fs/WindowsException'{0x00000000eabfe238}> (0x00000000eabfe238) 
thrown [s\src\hotspot\share\prims\jni.cpp, line 520]
Event: 7.558 Thread 0x000002364b7a9950 Exception <a 'sun/nio/fs/WindowsException'{0x00000000eacd64c0}> (0x00000000eacd64c0) 
thrown [s\src\hotspot\share\prims\jni.cpp, line 520]
Event: 7.558 Thread 0x000002364b7a29c0 Exception <a 'sun/nio/fs/WindowsException'{0x00000000eacdf028}> (0x00000000eacdf028) 
thrown [s\src\hotspot\share\prims\jni.cpp, line 520]
Event: 7.571 Thread 0x000002364810d190 Exception <a 'sun/nio/fs/WindowsException'{0x00000000eb0abe08}> (0x00000000eb0abe08) 
thrown [s\src\hotspot\share\prims\jni.cpp, line 520]
Event: 7.574 Thread 0x000002364810d190 Exception <a 'sun/nio/fs/WindowsException'{0x00000000eb137388}> (0x00000000eb137388) 
thrown [s\src\hotspot\share\prims\jni.cpp, line 520]
Event: 7.930 Thread 0x0000023648108ff0 Implicit null exception at 0x000002367602b504 to 0x000002367602f994
Event: 8.904 Thread 0x000002364810d190 Exception <a 'java/lang/NoSuchMethodError'{0x00000000eadf5428}: 'java.lang.Object java.lang.invoke.DirectMethodHandle$Holder.invokeStatic(java.lang.Object, java.lang.Object, int, int)'> (0x00000000eadf5428) 
thrown [s\src\hotspot\share\interpreter\linkResolver.cpp, line 773]
Event: 8.905 Thread 0x000002364810d190 Exception <a 'java/lang/NoSuchMethodError'{0x00000000eae20da8}: 'java.lang.Object java.lang.invoke.DirectMethodHandle$Holder.invokeSpecial(java.lang.Object, java.lang.Object, java.lang.Object, int, int)'> (0x00000000eae20da8) 
thrown [s\src\hotspot\share\interpreter\linkResolver.cpp, line 773]
Event: 9.023 Thread 0x000002364810d190 Implicit null exception at 0x000002367614cda3 to 0x000002367614d10c
Event: 9.045 Thread 0x000002364810d190 Exception <a 'java/lang/NoSuchMethodError'{0x00000000eada1df0}: 'int java.lang.invoke.DirectMethodHandle$Holder.invokeSpecialIFC(java.lang.Object, java.lang.Object, java.lang.Object)'> (0x00000000eada1df0) 
thrown [s\src\hotspot\share\interpreter\linkResolver.cpp, line 773]
Event: 9.059 Thread 0x000002364810d190 Implicit null exception at 0x0000023676087de3 to 0x0000023676088404

ZGC Phase Switch (0 events):
No events

VM Operations (20 events):
Event: 9.001 Executing VM operation: ParallelGCFailedAllocation (Allocation Failure)
Event: 9.004 Executing VM operation: ParallelGCFailedAllocation (Allocation Failure) done
Event: 9.041 Executing VM operation: HandshakeAllThreads (Deoptimize)
Event: 9.042 Executing VM operation: HandshakeAllThreads (Deoptimize) done
Event: 9.087 Executing VM operation: HandshakeAllThreads (Deoptimize)
Event: 9.087 Executing VM operation: HandshakeAllThreads (Deoptimize) done
Event: 9.113 Executing VM operation: ParallelGCFailedAllocation (Allocation Failure)
Event: 9.117 Executing VM operation: ParallelGCFailedAllocation (Allocation Failure) done
Event: 9.134 Executing VM operation: ParallelGCFailedAllocation (Allocation Failure)
Event: 9.136 Executing VM operation: ParallelGCFailedAllocation (Allocation Failure) done
Event: 9.152 Executing VM operation: ParallelGCFailedAllocation (Allocation Failure)
Event: 9.155 Executing VM operation: ParallelGCFailedAllocation (Allocation Failure) done
Event: 9.180 Executing VM operation: ParallelGCFailedAllocation (Allocation Failure)
Event: 9.183 Executing VM operation: ParallelGCFailedAllocation (Allocation Failure) done
Event: 9.195 Executing VM operation: HandshakeAllThreads (Deoptimize)
Event: 9.195 Executing VM operation: HandshakeAllThreads (Deoptimize) done
Event: 9.207 Executing VM operation: ParallelGCFailedAllocation (Allocation Failure)
Event: 9.211 Executing VM operation: ParallelGCFailedAllocation (Allocation Failure) done
Event: 9.237 Executing VM operation: ParallelGCFailedAllocation (Allocation Failure)
Event: 9.240 Executing VM operation: ParallelGCFailedAllocation (Allocation Failure) done

Memory protections (0 events):
No events

Nmethod flushes (20 events):
Event: 4.354 Thread 0x000002366adfea30 flushing  nmethod 0x000002366e61b090
Event: 4.354 Thread 0x000002366adfea30 flushing  nmethod 0x000002366e63fd90
Event: 4.354 Thread 0x000002366adfea30 flushing  nmethod 0x000002366e640190
Event: 4.354 Thread 0x000002366adfea30 flushing  nmethod 0x000002366e640a90
Event: 4.354 Thread 0x000002366adfea30 flushing  nmethod 0x000002366e642490
Event: 4.354 Thread 0x000002366adfea30 flushing  nmethod 0x000002366e642c10
Event: 4.354 Thread 0x000002366adfea30 flushing  nmethod 0x000002366e644190
Event: 4.354 Thread 0x000002366adfea30 flushing  nmethod 0x000002366e644690
Event: 4.354 Thread 0x000002366adfea30 flushing  nmethod 0x000002366e644f90
Event: 4.354 Thread 0x000002366adfea30 flushing  nmethod 0x000002366e645810
Event: 4.354 Thread 0x000002366adfea30 flushing  nmethod 0x000002366e646390
Event: 4.354 Thread 0x000002366adfea30 flushing  nmethod 0x000002366e647890
Event: 4.354 Thread 0x000002366adfea30 flushing  nmethod 0x000002366e648790
Event: 4.354 Thread 0x000002366adfea30 flushing  nmethod 0x000002366e649890
Event: 4.354 Thread 0x000002366adfea30 flushing  nmethod 0x000002366e688810
Event: 4.354 Thread 0x000002366adfea30 flushing  nmethod 0x000002366e68ef90
Event: 4.354 Thread 0x000002366adfea30 flushing  nmethod 0x000002366e696e90
Event: 4.354 Thread 0x000002366adfea30 flushing  nmethod 0x000002366e755890
Event: 4.354 Thread 0x000002366adfea30 flushing  nmethod 0x000002366e756290
Event: 4.354 Thread 0x000002366adfea30 flushing  nmethod 0x000002366e787e10

Events (20 events):
Event: 7.556 Thread 0x000002364b7a7f10 Thread added: 0x000002364b7a3050
Event: 7.557 Thread 0x000002364b7a71f0 Thread added: 0x000002364b7a3d70
Event: 7.557 Thread 0x000002364b7a64d0 Thread added: 0x000002364b7a7880
Event: 7.557 Thread 0x000002364b7a57b0 Thread added: 0x000002364b7a85a0
Event: 7.598 Thread 0x000002364810d190 Thread added: 0x000002364b7a36e0
Event: 7.598 Thread 0x000002364810d190 Thread added: 0x000002364b7a5120
Event: 7.598 Thread 0x000002364810d190 Thread added: 0x000002364b7a4400
Event: 7.598 Thread 0x000002364b7a5120 Thread added: 0x000002364b7a4a90
Event: 7.599 Thread 0x000002364b7a4400 Thread added: 0x000002364b7a5e40
Event: 7.599 Thread 0x000002364b7a4a90 Thread added: 0x000002364d4ad0b0
Event: 7.599 Thread 0x000002364b7a5e40 Thread added: 0x000002364d4abd00
Event: 7.599 Thread 0x000002364d4ad0b0 Thread added: 0x000002364d4a81f0
Event: 7.599 Thread 0x000002364b7a36e0 Thread added: 0x000002364d4aafe0
Event: 7.599 Thread 0x000002364d4a81f0 Thread added: 0x000002364d4ad740
Event: 7.599 Thread 0x000002364d4abd00 Thread added: 0x000002364d4aa950
Event: 7.599 Thread 0x000002364d4ad740 Thread added: 0x000002364d4addd0
Event: 7.600 Thread 0x000002364d4aa950 Thread added: 0x000002364d4ae460
Event: 7.600 Thread 0x000002364810d190 Thread added: 0x000002364d4ac390
Event: 7.870 Thread 0x000002364810cb00 Thread exited: 0x000002364810cb00
Event: 8.263 Thread 0x000002364af75eb0 Thread exited: 0x000002364af75eb0


Dynamic libraries:
0x00007ff778560000 - 0x00007ff77856e000 	c:\Users\ASUS\.vscode\extensions\redhat.java-1.40.0-win32-x64\jre\21.0.6-win32-x86_64\bin\java.exe
0x00007ffa54df0000 - 0x00007ffa55007000 	C:\WINDOWS\SYSTEM32\ntdll.dll
0x00007ffa53560000 - 0x00007ffa53624000 	C:\WINDOWS\System32\KERNEL32.DLL
0x00007ffa52610000 - 0x00007ffa529e0000 	C:\WINDOWS\System32\KERNELBASE.dll
0x00007ffa52160000 - 0x00007ffa52271000 	C:\WINDOWS\System32\ucrtbase.dll
0x00007ffa2a640000 - 0x00007ffa2a65e000 	c:\Users\ASUS\.vscode\extensions\redhat.java-1.40.0-win32-x64\jre\21.0.6-win32-x86_64\bin\VCRUNTIME140.dll
0x00007ffa3f160000 - 0x00007ffa3f178000 	c:\Users\ASUS\.vscode\extensions\redhat.java-1.40.0-win32-x64\jre\21.0.6-win32-x86_64\bin\jli.dll
0x00007ffa52e70000 - 0x00007ffa5301e000 	C:\WINDOWS\System32\USER32.dll
0x00007ffa52320000 - 0x00007ffa52346000 	C:\WINDOWS\System32\win32u.dll
0x00007ffa440a0000 - 0x00007ffa44332000 	C:\WINDOWS\WinSxS\amd64_microsoft.windows.common-controls_6595b64144ccf1df_6.0.22621.4830_none_270fe7d773858e80\COMCTL32.dll
0x00007ffa52db0000 - 0x00007ffa52dd9000 	C:\WINDOWS\System32\GDI32.dll
0x00007ffa534b0000 - 0x00007ffa53557000 	C:\WINDOWS\System32\msvcrt.dll
0x00007ffa52350000 - 0x00007ffa5246b000 	C:\WINDOWS\System32\gdi32full.dll
0x00007ffa52280000 - 0x00007ffa5231a000 	C:\WINDOWS\System32\msvcp_win.dll
0x00007ffa53040000 - 0x00007ffa53071000 	C:\WINDOWS\System32\IMM32.DLL
0x00007ffa33150000 - 0x00007ffa3315c000 	c:\Users\ASUS\.vscode\extensions\redhat.java-1.40.0-win32-x64\jre\21.0.6-win32-x86_64\bin\vcruntime140_1.dll
0x00007ffa12120000 - 0x00007ffa121ad000 	c:\Users\ASUS\.vscode\extensions\redhat.java-1.40.0-win32-x64\jre\21.0.6-win32-x86_64\bin\msvcp140.dll
0x00007ff9b3dd0000 - 0x00007ff9b4b60000 	c:\Users\ASUS\.vscode\extensions\redhat.java-1.40.0-win32-x64\jre\21.0.6-win32-x86_64\bin\server\jvm.dll
0x00007ffa531a0000 - 0x00007ffa53251000 	C:\WINDOWS\System32\ADVAPI32.dll
0x00007ffa542d0000 - 0x00007ffa54377000 	C:\WINDOWS\System32\sechost.dll
0x00007ffa52470000 - 0x00007ffa52498000 	C:\WINDOWS\System32\bcrypt.dll
0x00007ffa53080000 - 0x00007ffa53194000 	C:\WINDOWS\System32\RPCRT4.dll
0x00007ffa53630000 - 0x00007ffa536a1000 	C:\WINDOWS\System32\WS2_32.dll
0x00007ffa51dc0000 - 0x00007ffa51e0d000 	C:\WINDOWS\SYSTEM32\POWRPROF.dll
0x00007ffa49850000 - 0x00007ffa49884000 	C:\WINDOWS\SYSTEM32\WINMM.dll
0x00007ffa4c0c0000 - 0x00007ffa4c0ca000 	C:\WINDOWS\SYSTEM32\VERSION.dll
0x00007ffa51da0000 - 0x00007ffa51db3000 	C:\WINDOWS\SYSTEM32\UMPDC.dll
0x00007ffa510e0000 - 0x00007ffa510f8000 	C:\WINDOWS\SYSTEM32\kernel.appcore.dll
0x00007ffa30ce0000 - 0x00007ffa30cea000 	c:\Users\ASUS\.vscode\extensions\redhat.java-1.40.0-win32-x64\jre\21.0.6-win32-x86_64\bin\jimage.dll
0x00007ffa4aef0000 - 0x00007ffa4b122000 	C:\WINDOWS\SYSTEM32\DBGHELP.DLL
0x00007ffa545a0000 - 0x00007ffa54930000 	C:\WINDOWS\System32\combase.dll
0x00007ffa54080000 - 0x00007ffa54157000 	C:\WINDOWS\System32\OLEAUT32.dll
0x00007ffa48c50000 - 0x00007ffa48c82000 	C:\WINDOWS\SYSTEM32\dbgcore.DLL
0x00007ffa529e0000 - 0x00007ffa52a5b000 	C:\WINDOWS\System32\bcryptPrimitives.dll
0x00007ffa2a630000 - 0x00007ffa2a63f000 	c:\Users\ASUS\.vscode\extensions\redhat.java-1.40.0-win32-x64\jre\21.0.6-win32-x86_64\bin\instrument.dll
0x00007ffa27050000 - 0x00007ffa2706f000 	c:\Users\ASUS\.vscode\extensions\redhat.java-1.40.0-win32-x64\jre\21.0.6-win32-x86_64\bin\java.dll
0x00007ffa536d0000 - 0x00007ffa53f48000 	C:\WINDOWS\System32\SHELL32.dll
0x00007ffa4fff0000 - 0x00007ffa50900000 	C:\WINDOWS\SYSTEM32\windows.storage.dll
0x00007ffa4feb0000 - 0x00007ffa4ffef000 	C:\WINDOWS\SYSTEM32\wintypes.dll
0x00007ffa54490000 - 0x00007ffa5459a000 	C:\WINDOWS\System32\SHCORE.dll
0x00007ffa53f50000 - 0x00007ffa53fae000 	C:\WINDOWS\System32\shlwapi.dll
0x00007ffa51fd0000 - 0x00007ffa51ffb000 	C:\WINDOWS\SYSTEM32\profapi.dll
0x00007ffa21df0000 - 0x00007ffa21e08000 	c:\Users\ASUS\.vscode\extensions\redhat.java-1.40.0-win32-x64\jre\21.0.6-win32-x86_64\bin\zip.dll
0x00007ffa24c90000 - 0x00007ffa24ca0000 	C:\Users\ASUS\.vscode\extensions\redhat.java-1.40.0-win32-x64\jre\21.0.6-win32-x86_64\bin\net.dll
0x00007ffa4f040000 - 0x00007ffa4f16c000 	C:\WINDOWS\SYSTEM32\WINHTTP.dll
0x00007ffa51560000 - 0x00007ffa515ca000 	C:\WINDOWS\system32\mswsock.dll
0x00007ffa27030000 - 0x00007ffa27046000 	C:\Users\ASUS\.vscode\extensions\redhat.java-1.40.0-win32-x64\jre\21.0.6-win32-x86_64\bin\nio.dll
0x00007ffa24950000 - 0x00007ffa24960000 	c:\Users\ASUS\.vscode\extensions\redhat.java-1.40.0-win32-x64\jre\21.0.6-win32-x86_64\bin\verify.dll
0x00007ffa323b0000 - 0x00007ffa323f5000 	C:\Users\ASUS\AppData\Roaming\Code\User\globalStorage\redhat.java\1.40.0\config_win\org.eclipse.equinox.launcher\org.eclipse.equinox.launcher.win32.win32.x86_64_1.2.1200.v20250212-0927\eclipse_11909.dll
0x00007ffa53270000 - 0x00007ffa53411000 	C:\WINDOWS\System32\ole32.dll
0x00007ffa517c0000 - 0x00007ffa517db000 	C:\WINDOWS\SYSTEM32\CRYPTSP.dll
0x00007ffa51040000 - 0x00007ffa51075000 	C:\WINDOWS\system32\rsaenh.dll
0x00007ffa51650000 - 0x00007ffa51678000 	C:\WINDOWS\SYSTEM32\USERENV.dll
0x00007ffa517b0000 - 0x00007ffa517bc000 	C:\WINDOWS\SYSTEM32\CRYPTBASE.dll
0x00007ffa50b50000 - 0x00007ffa50b7d000 	C:\WINDOWS\SYSTEM32\IPHLPAPI.DLL
0x00007ffa536c0000 - 0x00007ffa536c9000 	C:\WINDOWS\System32\NSI.dll
0x00007ffa21ba0000 - 0x00007ffa21be9000 	C:\Users\ASUS\AppData\Local\Temp\jna-2018896\jna17608697929350805395.dll
0x00007ffa536b0000 - 0x00007ffa536b8000 	C:\WINDOWS\System32\PSAPI.DLL
0x00007ffa4e770000 - 0x00007ffa4e789000 	C:\WINDOWS\SYSTEM32\dhcpcsvc6.DLL
0x00007ffa4e710000 - 0x00007ffa4e72f000 	C:\WINDOWS\SYSTEM32\dhcpcsvc.DLL

dbghelp: loaded successfully - version: 4.0.5 - missing functions: none
symbol engine: initialized successfully - sym options: 0x614 - pdb path: .;c:\Users\ASUS\.vscode\extensions\redhat.java-1.40.0-win32-x64\jre\21.0.6-win32-x86_64\bin;C:\WINDOWS\SYSTEM32;C:\WINDOWS\WinSxS\amd64_microsoft.windows.common-controls_6595b64144ccf1df_6.0.22621.4830_none_270fe7d773858e80;c:\Users\ASUS\.vscode\extensions\redhat.java-1.40.0-win32-x64\jre\21.0.6-win32-x86_64\bin\server;C:\Users\ASUS\AppData\Roaming\Code\User\globalStorage\redhat.java\1.40.0\config_win\org.eclipse.equinox.launcher\org.eclipse.equinox.launcher.win32.win32.x86_64_1.2.1200.v20250212-0927;C:\Users\ASUS\AppData\Local\Temp\jna-2018896

VM Arguments:
jvm_args: --add-modules=ALL-SYSTEM --add-opens=java.base/java.util=ALL-UNNAMED --add-opens=java.base/java.lang=ALL-UNNAMED --add-opens=java.base/sun.nio.fs=ALL-UNNAMED -Declipse.application=org.eclipse.jdt.ls.core.id1 -Dosgi.bundles.defaultStartLevel=4 -Declipse.product=org.eclipse.jdt.ls.core.product -Djava.import.generatesMetadataFilesAtProjectRoot=false -DDetectVMInstallationsJob.disabled=true -Dfile.encoding=utf8 -XX:+UseParallelGC -XX:GCTimeRatio=4 -XX:AdaptiveSizePolicyWeight=90 -Dsun.zip.disableMemoryMapping=true -Xmx1G -Xms100m -Xlog:disable -javaagent:c:\Users\ASUS\.vscode\extensions\redhat.java-1.40.0-win32-x64\lombok\lombok-1.18.36.jar -XX:+HeapDumpOnOutOfMemoryError -XX:HeapDumpPath=c:\Users\ASUS\AppData\Roaming\Code\User\workspaceStorage\a26ced7fe018b66e12da886babd7af56\redhat.java -Daether.dependencyCollector.impl=bf 
java_command: c:\Users\ASUS\.vscode\extensions\redhat.java-1.40.0-win32-x64\server\plugins\org.eclipse.equinox.launcher_1.6.1000.v20250131-0606.jar -configuration c:\Users\ASUS\AppData\Roaming\Code\User\globalStorage\redhat.java\1.40.0\config_win -data c:\Users\ASUS\AppData\Roaming\Code\User\workspaceStorage\a26ced7fe018b66e12da886babd7af56\redhat.java\jdt_ws --pipe=\\.\pipe\lsp-d01e5f36e52ebf28fb03c54e63a7035e-sock
java_class_path (initial): c:\Users\ASUS\.vscode\extensions\redhat.java-1.40.0-win32-x64\server\plugins\org.eclipse.equinox.launcher_1.6.1000.v20250131-0606.jar
Launcher Type: SUN_STANDARD

[Global flags]
    uintx AdaptiveSizePolicyWeight                 = 90                                        {product} {command line}
     intx CICompilerCount                          = 12                                        {product} {ergonomic}
    uintx GCTimeRatio                              = 4                                         {product} {command line}
     bool HeapDumpOnOutOfMemoryError               = true                                   {manageable} {command line}
    ccstr HeapDumpPath                             = c:\Users\ASUS\AppData\Roaming\Code\User\workspaceStorage\a26ced7fe018b66e12da886babd7af56\redhat.java         {manageable} {command line}
   size_t InitialHeapSize                          = 104857600                                 {product} {command line}
   size_t MaxHeapSize                              = 1073741824                                {product} {command line}
   size_t MaxNewSize                               = 357564416                                 {product} {ergonomic}
   size_t MinHeapDeltaBytes                        = 524288                                    {product} {ergonomic}
   size_t MinHeapSize                              = 104857600                                 {product} {command line}
   size_t NewSize                                  = 34603008                                  {product} {ergonomic}
    uintx NonNMethodCodeHeapSize                   = 7602480                                {pd product} {ergonomic}
    uintx NonProfiledCodeHeapSize                  = 122027880                              {pd product} {ergonomic}
   size_t OldSize                                  = 70254592                                  {product} {ergonomic}
    uintx ProfiledCodeHeapSize                     = 122027880                              {pd product} {ergonomic}
    uintx ReservedCodeCacheSize                    = 251658240                              {pd product} {ergonomic}
     bool SegmentedCodeCache                       = true                                      {product} {ergonomic}
   size_t SoftMaxHeapSize                          = 1073741824                             {manageable} {ergonomic}
     bool UseCompressedOops                        = true                           {product lp64_product} {ergonomic}
     bool UseLargePagesIndividualAllocation        = false                                  {pd product} {ergonomic}
     bool UseParallelGC                            = true                                      {product} {command line}

Logging:
Log output configuration:
 #0: stdout all=off uptime,level,tags foldmultilines=false
 #1: stderr all=off uptime,level,tags foldmultilines=false

Environment Variables:
PATH=C:\Program Files\Common Files\Oracle\Java\javapath;C:\Program Files (x86)\Common Files\Oracle\Java\java8path;C:\Program Files (x86)\Common Files\Oracle\Java\javapath;C:\ProgramData\Oracle\Java\javapath;C:\Windows\system32;C:\Windows;C:\Windows\System32\Wbem;C:\Windows\System32\WindowsPowerShell\v1.0\;C:\Windows\System32\OpenSSH\;C:\Program Files (x86)\NVIDIA Corporation\PhysX\Common;C:\WINDOWS\system32;C:\WINDOWS;C:\WINDOWS\System32\Wbem;C:\WINDOWS\System32\WindowsPowerShell\v1.0\;C:\WINDOWS\System32\OpenSSH\;C:\Program Files (x86)\Microsoft SQL Server\160\Tools\Binn\;C:\Program Files\Microsoft SQL Server\160\Tools\Binn\;C:\Program Files\Microsoft SQL Server\Client SDK\ODBC\170\Tools\Binn\;C:\Program Files\Microsoft SQL Server\160\DTS\Binn\;C:\Program Files (x86)\Microsoft SQL Server\160\DTS\Binn\;C:\Program Files\Azure Data Studio\bin;C:\Program Files\dotnet\;C:\Program Files\nodejs\;C:\Program Files\Git\cmd;C:\Program Files\NVIDIA Corporation\NVIDIA app\NvDLISR;C:\Program Files\Cloudflare\Cloudflare WARP\;C:\Program Files\MySQL\MySQL Shell 8.0\bin\;C:\Users\ASUS\AppData\Local\Microsoft\WindowsApps;C:\Program Files\Azure Data Studio\bin;C:\Users\ASUS\AppData\Local\Programs\Microsoft VS Code\bin;C:\Users\ASUS\AppData\Roaming\npm;C:\Program Files\Git\mingw64\bin\;
USERNAME=ASUS
OS=Windows_NT
PROCESSOR_IDENTIFIER=AMD64 Family 25 Model 68 Stepping 1, AuthenticAMD
TMP=C:\Users\ASUS\AppData\Local\Temp
TEMP=C:\Users\ASUS\AppData\Local\Temp




Periodic native trim disabled

---------------  S Y S T E M  ---------------

OS:
 Windows 11 , 64 bit Build 22621 (10.0.22621.4830)
OS uptime: 1 days 0:47 hours

CPU: total 16 (initial active 16) (16 cores per cpu, 2 threads per core) family 25 model 68 stepping 1 microcode 0x0, cx8, cmov, fxsr, ht, mmx, 3dnowpref, sse, sse2, sse3, ssse3, sse4a, sse4.1, sse4.2, popcnt, lzcnt, tsc, tscinvbit, avx, avx2, aes, clmul, bmi1, bmi2, adx, sha, fma, vzeroupper, clflush, clflushopt, rdtscp, rdpid, f16c, pku, cet_ss
Processor Information for the first 16 processors :
  Max Mhz: 3201, Current Mhz: 3201, Mhz Limit: 3201

Memory: 4k page, system-wide physical 15613M (2628M free)
TotalPageFile size 19709M (AvailPageFile size 11M)
current process WorkingSet (physical memory assigned to process): 569M, peak: 569M
current process commit charge ("private bytes"): 566M, peak: 570M

vm_info: OpenJDK 64-Bit Server VM (21.0.6+7-LTS) for windows-amd64 JRE (21.0.6+7-LTS), built on 2025-01-21T00:00:00Z by "admin" with MS VC++ 17.7 (VS2022)

END.
