#
# There is insufficient memory for the Java Runtime Environment to continue.
# Native memory allocation (malloc) failed to allocate 1093296 bytes for Chunk::new
# Possible reasons:
#   The system is out of physical RAM or swap space
#   The process is running with CompressedOops enabled, and the Java Heap may be blocking the growth of the native heap
# Possible solutions:
#   Reduce memory load on the system
#   Increase physical memory or swap space
#   Check if swap backing store is full
#   Decrease Java heap size (-Xmx/-Xms)
#   Decrease number of Java threads
#   Decrease Java thread stack sizes (-Xss)
#   Set larger code cache with -XX:ReservedCodeCacheSize=
#   JVM is running with Zero Based Compressed Oops mode in which the Java heap is
#     placed in the first 32GB address space. The Java Heap base address is the
#     maximum limit for the native heap growth. Please use -XX:HeapBaseMinAddress
#     to set the Java Heap base and to place the Java Heap above 32GB virtual address.
# This output file may be truncated or incomplete.
#
#  Out of Memory Error (arena.cpp:189), pid=27292, tid=27504
#
# JRE version: Java(TM) SE Runtime Environment (17.0.9+11) (build 17.0.9+11-LTS-201)
# Java VM: Java HotSpot(TM) 64-Bit Server VM (17.0.9+11-LTS-201, mixed mode, sharing, tiered, compressed oops, compressed class ptrs, g1 gc, windows-amd64)
# No core dump will be written. Minidumps are not enabled by default on client versions of Windows
#

---------------  S U M M A R Y ------------

Command Line: -XX:+ShowCodeDetailsInExceptionMessages com.example.thuan.ThuanApplication

Host: AMD Ryzen 7 6800H with Radeon Graphics         , 16 cores, 15G,  Windows 11 , 64 bit Build 22621 (10.0.22621.4974)
Time: Thu Mar 13 02:18:16 2025 SE Asia Standard Time elapsed time: 536.636914 seconds (0d 0h 8m 56s)

---------------  T H R E A D  ---------------

Current thread (0x000002dad14aea80):  JavaThread "C2 CompilerThread0" daemon [_thread_in_native, id=27504, stack(0x000000fff6300000,0x000000fff6400000)]


Current CompileTask:
C2: 536637 13921       4       org.hibernate.sql.results.graph.entity.internal.EntityInitializerImpl::initializeEntityInstance (414 bytes)

Stack: [0x000000fff6300000,0x000000fff6400000]
Native frames: (J=compiled Java code, j=interpreted, Vv=VM code, C=native code)
V  [jvm.dll+0x678a4a]
V  [jvm.dll+0x7d9cfd]
V  [jvm.dll+0x7db60e]
V  [jvm.dll+0x7dbc73]
V  [jvm.dll+0x245e1f]
V  [jvm.dll+0xaaafb]
V  [jvm.dll+0xab09c]
V  [jvm.dll+0x36232f]
V  [jvm.dll+0x32ca01]
V  [jvm.dll+0x32be9a]
V  [jvm.dll+0x21812f]
V  [jvm.dll+0x217561]
V  [jvm.dll+0x1a3bc0]
V  [jvm.dll+0x2272de]
V  [jvm.dll+0x22548b]
V  [jvm.dll+0x78f58c]
V  [jvm.dll+0x78998a]
V  [jvm.dll+0x677875]
C  [ucrtbase.dll+0x29333]
C  [KERNEL32.DLL+0x1259d]
C  [ntdll.dll+0x5af38]


---------------  P R O C E S S  ---------------

Threads class SMR info:
_java_thread_list=0x000002db1a21f060, length=29, elements={
0x000002dad08cde80, 0x000002dad14930a0, 0x000002dad14aa9c0, 0x000002dad14ac400,
0x000002dad14acdc0, 0x000002dad14ad780, 0x000002dad14aea80, 0x000002dad14af530,
0x000002dad14c4b30, 0x000002dad16188d0, 0x000002dad1642820, 0x000002db18588e70,
0x000002db18588450, 0x000002db1858a7c0, 0x000002db18589380, 0x000002db1858acd0,
0x000002db19a2bd30, 0x000002db19a27b60, 0x000002db19a28580, 0x000002db19a2b820,
0x000002db19a2c240, 0x000002db19a2c750, 0x000002db19a28070, 0x000002db19a2d170,
0x000002db19a26c30, 0x000002db19a2d680, 0x000002db19a26720, 0x000002db19a28a90,
0x000002db19a2b310
}

Java Threads: ( => current thread )
  0x000002dad08cde80 JavaThread "Reference Handler" daemon [_thread_blocked, id=26124, stack(0x000000fff5d00000,0x000000fff5e00000)]
  0x000002dad14930a0 JavaThread "Finalizer" daemon [_thread_blocked, id=17444, stack(0x000000fff5e00000,0x000000fff5f00000)]
  0x000002dad14aa9c0 JavaThread "Signal Dispatcher" daemon [_thread_blocked, id=27856, stack(0x000000fff5f00000,0x000000fff6000000)]
  0x000002dad14ac400 JavaThread "Attach Listener" daemon [_thread_blocked, id=25108, stack(0x000000fff6000000,0x000000fff6100000)]
  0x000002dad14acdc0 JavaThread "Service Thread" daemon [_thread_blocked, id=25344, stack(0x000000fff6100000,0x000000fff6200000)]
  0x000002dad14ad780 JavaThread "Monitor Deflation Thread" daemon [_thread_blocked, id=7104, stack(0x000000fff6200000,0x000000fff6300000)]
=>0x000002dad14aea80 JavaThread "C2 CompilerThread0" daemon [_thread_in_native, id=27504, stack(0x000000fff6300000,0x000000fff6400000)]
  0x000002dad14af530 JavaThread "C1 CompilerThread0" daemon [_thread_blocked, id=1524, stack(0x000000fff6400000,0x000000fff6500000)]
  0x000002dad14c4b30 JavaThread "Sweeper thread" daemon [_thread_blocked, id=22648, stack(0x000000fff6500000,0x000000fff6600000)]
  0x000002dad16188d0 JavaThread "Notification Thread" daemon [_thread_blocked, id=15752, stack(0x000000fff6800000,0x000000fff6900000)]
  0x000002dad1642820 JavaThread "Common-Cleaner" daemon [_thread_blocked, id=27864, stack(0x000000fff6a00000,0x000000fff6b00000)]
  0x000002db18588e70 JavaThread "Catalina-utility-1" [_thread_blocked, id=28192, stack(0x000000fff8100000,0x000000fff8200000)]
  0x000002db18588450 JavaThread "Catalina-utility-2" [_thread_blocked, id=27740, stack(0x000000fff8200000,0x000000fff8300000)]
  0x000002db1858a7c0 JavaThread "container-0" [_thread_blocked, id=22792, stack(0x000000fff8300000,0x000000fff8400000)]
  0x000002db18589380 JavaThread "mssql-jdbc-shared-timer-core-0" daemon [_thread_blocked, id=100, stack(0x000000fff8500000,0x000000fff8600000)]
  0x000002db1858acd0 JavaThread "HikariPool-1 housekeeper" daemon [_thread_blocked, id=27764, stack(0x000000fff8600000,0x000000fff8700000)]
  0x000002db19a2bd30 JavaThread "http-nio-8080-exec-1" daemon [_thread_blocked, id=22580, stack(0x000000fff8800000,0x000000fff8900000)]
  0x000002db19a27b60 JavaThread "http-nio-8080-exec-2" daemon [_thread_blocked, id=25616, stack(0x000000fff8900000,0x000000fff8a00000)]
  0x000002db19a28580 JavaThread "http-nio-8080-exec-3" daemon [_thread_blocked, id=11280, stack(0x000000fff8a00000,0x000000fff8b00000)]
  0x000002db19a2b820 JavaThread "http-nio-8080-exec-4" daemon [_thread_blocked, id=15500, stack(0x000000fff8b00000,0x000000fff8c00000)]
  0x000002db19a2c240 JavaThread "http-nio-8080-exec-5" daemon [_thread_blocked, id=1296, stack(0x000000fff8c00000,0x000000fff8d00000)]
  0x000002db19a2c750 JavaThread "http-nio-8080-exec-6" daemon [_thread_blocked, id=7960, stack(0x000000fff8d00000,0x000000fff8e00000)]
  0x000002db19a28070 JavaThread "http-nio-8080-exec-7" daemon [_thread_blocked, id=3696, stack(0x000000fff8e00000,0x000000fff8f00000)]
  0x000002db19a2d170 JavaThread "http-nio-8080-exec-8" daemon [_thread_blocked, id=18956, stack(0x000000fff8f00000,0x000000fff9000000)]
  0x000002db19a26c30 JavaThread "http-nio-8080-exec-9" daemon [_thread_blocked, id=19580, stack(0x000000fff9000000,0x000000fff9100000)]
  0x000002db19a2d680 JavaThread "http-nio-8080-exec-10" daemon [_thread_blocked, id=21680, stack(0x000000fff9100000,0x000000fff9200000)]
  0x000002db19a26720 JavaThread "http-nio-8080-Poller" daemon [_thread_in_native, id=12248, stack(0x000000fff9200000,0x000000fff9300000)]
  0x000002db19a28a90 JavaThread "http-nio-8080-Acceptor" daemon [_thread_in_native, id=28436, stack(0x000000fff9300000,0x000000fff9400000)]
  0x000002db19a2b310 JavaThread "DestroyJavaVM" [_thread_blocked, id=4452, stack(0x000000fff5600000,0x000000fff5700000)]

Other Threads:
  0x000002dad08ca6e0 VMThread "VM Thread" [stack: 0x000000fff5c00000,0x000000fff5d00000] [id=24764]
  0x000002dad163ea00 WatcherThread [stack: 0x000000fff6900000,0x000000fff6a00000] [id=2792]
  0x000002daae33a5b0 GCTaskThread "GC Thread#0" [stack: 0x000000fff5700000,0x000000fff5800000] [id=18396]
  0x000002db177d9420 GCTaskThread "GC Thread#1" [stack: 0x000000fff6e00000,0x000000fff6f00000] [id=11396]
  0x000002db177d96e0 GCTaskThread "GC Thread#2" [stack: 0x000000fff6f00000,0x000000fff7000000] [id=28132]
  0x000002db177e20f0 GCTaskThread "GC Thread#3" [stack: 0x000000fff7000000,0x000000fff7100000] [id=11432]
  0x000002db177bebe0 GCTaskThread "GC Thread#4" [stack: 0x000000fff7100000,0x000000fff7200000] [id=11052]
  0x000002db183b3190 GCTaskThread "GC Thread#5" [stack: 0x000000fff7300000,0x000000fff7400000] [id=21808]
  0x000002db17ab93b0 GCTaskThread "GC Thread#6" [stack: 0x000000fff7400000,0x000000fff7500000] [id=5000]
  0x000002db17f2dc70 GCTaskThread "GC Thread#7" [stack: 0x000000fff7500000,0x000000fff7600000] [id=21840]
  0x000002db19530420 GCTaskThread "GC Thread#8" [stack: 0x000000fff7800000,0x000000fff7900000] [id=21212]
  0x000002db18b17b50 GCTaskThread "GC Thread#9" [stack: 0x000000fff7900000,0x000000fff7a00000] [id=17060]
  0x000002db1960bea0 GCTaskThread "GC Thread#10" [stack: 0x000000fff7a00000,0x000000fff7b00000] [id=27472]
  0x000002db18d66980 GCTaskThread "GC Thread#11" [stack: 0x000000fff7b00000,0x000000fff7c00000] [id=26812]
  0x000002db193cfc80 GCTaskThread "GC Thread#12" [stack: 0x000000fff7c00000,0x000000fff7d00000] [id=13244]
  0x000002daae34e830 ConcurrentGCThread "G1 Main Marker" [stack: 0x000000fff5800000,0x000000fff5900000] [id=18268]
  0x000002daae3508f0 ConcurrentGCThread "G1 Conc#0" [stack: 0x000000fff5900000,0x000000fff5a00000] [id=16104]
  0x000002db1970ef60 ConcurrentGCThread "G1 Conc#1" [stack: 0x000000fff7200000,0x000000fff7300000] [id=4436]
  0x000002db1970f7a0 ConcurrentGCThread "G1 Conc#2" [stack: 0x000000fff7d00000,0x000000fff7e00000] [id=26300]
  0x000002daae36d5a0 ConcurrentGCThread "G1 Refine#0" [stack: 0x000000fff5a00000,0x000000fff5b00000] [id=22916]
  0x000002dad0796420 ConcurrentGCThread "G1 Service" [stack: 0x000000fff5b00000,0x000000fff5c00000] [id=6140]

Threads with active compile tasks:
C2 CompilerThread0   536664 13921       4       org.hibernate.sql.results.graph.entity.internal.EntityInitializerImpl::initializeEntityInstance (414 bytes)

VM state: not at safepoint (normal execution)

VM Mutex/Monitor currently owned by a thread: None

Heap address: 0x000000070c000000, size: 3904 MB, Compressed Oops mode: Zero based, Oop shift amount: 3

CDS archive(s) mapped at: [0x000002dad2000000-0x000002dad2bd0000-0x000002dad2bd0000), size 12386304, SharedBaseAddress: 0x000002dad2000000, ArchiveRelocationMode: 1.
Compressed class space mapped at: 0x000002dad3000000-0x000002db13000000, reserved size: 1073741824
Narrow klass base: 0x000002dad2000000, Narrow klass shift: 0, Narrow klass range: 0x100000000

GC Precious Log:
 CPUs: 16 total, 16 available
 Memory: 15613M
 Large Page Support: Disabled
 NUMA Support: Disabled
 Compressed Oops: Enabled (Zero based)
 Heap Region Size: 2M
 Heap Min Capacity: 8M
 Heap Initial Capacity: 244M
 Heap Max Capacity: 3904M
 Pre-touch: Disabled
 Parallel Workers: 13
 Concurrent Workers: 3
 Concurrent Refinement Workers: 13
 Periodic GC: Disabled

Heap:
 garbage-first heap   total 122880K, used 82265K [0x000000070c000000, 0x0000000800000000)
  region size 2048K, 18 young (36864K), 1 survivors (2048K)
 Metaspace       used 84707K, committed 85440K, reserved 1179648K
  class space    used 11093K, committed 11456K, reserved 1048576K

Heap Regions: E=young(eden), S=young(survivor), O=old, HS=humongous(starts), HC=humongous(continues), CS=collection set, F=free, OA=open archive, CA=closed archive, TAMS=top-at-mark-start (previous, next)
|   0|0x000000070c000000, 0x000000070c200000, 0x000000070c200000|100%| O|  |TAMS 0x000000070c200000, 0x000000070c000000| Untracked 
|   1|0x000000070c200000, 0x000000070c400000, 0x000000070c400000|100%| O|  |TAMS 0x000000070c400000, 0x000000070c200000| Untracked 
|   2|0x000000070c400000, 0x000000070c600000, 0x000000070c600000|100%| O|  |TAMS 0x000000070c600000, 0x000000070c400000| Untracked 
|   3|0x000000070c600000, 0x000000070c800000, 0x000000070c800000|100%| O|  |TAMS 0x000000070c800000, 0x000000070c600000| Untracked 
|   4|0x000000070c800000, 0x000000070ca00000, 0x000000070ca00000|100%| O|  |TAMS 0x000000070ca00000, 0x000000070c800000| Untracked 
|   5|0x000000070ca00000, 0x000000070cc00000, 0x000000070cc00000|100%| O|  |TAMS 0x000000070cc00000, 0x000000070ca00000| Untracked 
|   6|0x000000070cc00000, 0x000000070ce00000, 0x000000070ce00000|100%| O|  |TAMS 0x000000070ce00000, 0x000000070cc00000| Untracked 
|   7|0x000000070ce00000, 0x000000070d000000, 0x000000070d000000|100%| O|  |TAMS 0x000000070d000000, 0x000000070ce00000| Untracked 
|   8|0x000000070d000000, 0x000000070d200000, 0x000000070d200000|100%| O|  |TAMS 0x000000070d000000, 0x000000070d000000| Untracked 
|   9|0x000000070d200000, 0x000000070d400000, 0x000000070d400000|100%| O|  |TAMS 0x000000070d400000, 0x000000070d200000| Untracked 
|  10|0x000000070d400000, 0x000000070d600000, 0x000000070d600000|100%| O|  |TAMS 0x000000070d600000, 0x000000070d400000| Untracked 
|  11|0x000000070d600000, 0x000000070d800000, 0x000000070d800000|100%| O|  |TAMS 0x000000070d7e3800, 0x000000070d600000| Untracked 
|  12|0x000000070d800000, 0x000000070da00000, 0x000000070da00000|100%| O|  |TAMS 0x000000070d800000, 0x000000070d800000| Untracked 
|  13|0x000000070da00000, 0x000000070dc00000, 0x000000070dc00000|100%| O|  |TAMS 0x000000070da00000, 0x000000070da00000| Untracked 
|  14|0x000000070dc00000, 0x000000070de00000, 0x000000070de00000|100%| O|  |TAMS 0x000000070dc00000, 0x000000070dc00000| Untracked 
|  15|0x000000070de00000, 0x000000070e000000, 0x000000070e000000|100%| O|  |TAMS 0x000000070de00000, 0x000000070de00000| Untracked 
|  16|0x000000070e000000, 0x000000070e200000, 0x000000070e200000|100%| O|  |TAMS 0x000000070e000000, 0x000000070e000000| Untracked 
|  17|0x000000070e200000, 0x000000070e400000, 0x000000070e400000|100%| O|  |TAMS 0x000000070e200000, 0x000000070e200000| Untracked 
|  18|0x000000070e400000, 0x000000070e600000, 0x000000070e600000|100%| O|  |TAMS 0x000000070e400000, 0x000000070e400000| Untracked 
|  19|0x000000070e600000, 0x000000070e800000, 0x000000070e800000|100%| O|  |TAMS 0x000000070e600000, 0x000000070e600000| Untracked 
|  20|0x000000070e800000, 0x000000070ea00000, 0x000000070ea00000|100%| O|  |TAMS 0x000000070e800000, 0x000000070e800000| Untracked 
|  21|0x000000070ea00000, 0x000000070ec00000, 0x000000070ec00000|100%| O|  |TAMS 0x000000070ea00000, 0x000000070ea00000| Untracked 
|  22|0x000000070ec00000, 0x000000070ee00000, 0x000000070ee00000|100%| O|  |TAMS 0x000000070ec00000, 0x000000070ec00000| Untracked 
|  23|0x000000070ee00000, 0x000000070ef02400, 0x000000070f000000| 50%| O|  |TAMS 0x000000070ee00000, 0x000000070ee00000| Untracked 
|  24|0x000000070f000000, 0x000000070f000000, 0x000000070f200000|  0%| F|  |TAMS 0x000000070f000000, 0x000000070f000000| Untracked 
|  25|0x000000070f200000, 0x000000070f200000, 0x000000070f400000|  0%| F|  |TAMS 0x000000070f200000, 0x000000070f200000| Untracked 
|  26|0x000000070f400000, 0x000000070f400000, 0x000000070f600000|  0%| F|  |TAMS 0x000000070f400000, 0x000000070f400000| Untracked 
|  27|0x000000070f600000, 0x000000070f600000, 0x000000070f800000|  0%| F|  |TAMS 0x000000070f600000, 0x000000070f600000| Untracked 
|  28|0x000000070f800000, 0x000000070f800000, 0x000000070fa00000|  0%| F|  |TAMS 0x000000070f800000, 0x000000070f800000| Untracked 
|  29|0x000000070fa00000, 0x000000070fa00000, 0x000000070fc00000|  0%| F|  |TAMS 0x000000070fa00000, 0x000000070fa00000| Untracked 
|  30|0x000000070fc00000, 0x000000070fc00000, 0x000000070fe00000|  0%| F|  |TAMS 0x000000070fc00000, 0x000000070fc00000| Untracked 
|  31|0x000000070fe00000, 0x000000070fe00000, 0x0000000710000000|  0%| F|  |TAMS 0x000000070fe00000, 0x000000070fe00000| Untracked 
|  32|0x0000000710000000, 0x0000000710000000, 0x0000000710200000|  0%| F|  |TAMS 0x0000000710000000, 0x0000000710000000| Untracked 
|  33|0x0000000710200000, 0x0000000710200000, 0x0000000710400000|  0%| F|  |TAMS 0x0000000710200000, 0x0000000710200000| Untracked 
|  34|0x0000000710400000, 0x0000000710554210, 0x0000000710600000| 66%| S|CS|TAMS 0x0000000710400000, 0x0000000710400000| Complete 
|  35|0x0000000710600000, 0x0000000710600000, 0x0000000710800000|  0%| F|  |TAMS 0x0000000710600000, 0x0000000710600000| Untracked 
|  36|0x0000000710800000, 0x0000000710800000, 0x0000000710a00000|  0%| F|  |TAMS 0x0000000710800000, 0x0000000710800000| Untracked 
|  37|0x0000000710a00000, 0x0000000710a00000, 0x0000000710c00000|  0%| F|  |TAMS 0x0000000710a00000, 0x0000000710a00000| Untracked 
|  38|0x0000000710c00000, 0x0000000710c00000, 0x0000000710e00000|  0%| F|  |TAMS 0x0000000710c00000, 0x0000000710c00000| Untracked 
|  39|0x0000000710e00000, 0x0000000710e00000, 0x0000000711000000|  0%| F|  |TAMS 0x0000000710e00000, 0x0000000710e00000| Untracked 
|  40|0x0000000711000000, 0x0000000711000000, 0x0000000711200000|  0%| F|  |TAMS 0x0000000711000000, 0x0000000711000000| Untracked 
|  41|0x0000000711200000, 0x0000000711200000, 0x0000000711400000|  0%| F|  |TAMS 0x0000000711200000, 0x0000000711200000| Untracked 
|  42|0x0000000711400000, 0x0000000711400000, 0x0000000711600000|  0%| F|  |TAMS 0x0000000711400000, 0x0000000711400000| Untracked 
|  43|0x0000000711600000, 0x0000000711799be0, 0x0000000711800000| 80%| E|  |TAMS 0x0000000711600000, 0x0000000711600000| Complete 
|  44|0x0000000711800000, 0x0000000711a00000, 0x0000000711a00000|100%| E|CS|TAMS 0x0000000711800000, 0x0000000711800000| Complete 
|  45|0x0000000711a00000, 0x0000000711c00000, 0x0000000711c00000|100%| E|CS|TAMS 0x0000000711a00000, 0x0000000711a00000| Complete 
|  46|0x0000000711c00000, 0x0000000711e00000, 0x0000000711e00000|100%| E|CS|TAMS 0x0000000711c00000, 0x0000000711c00000| Complete 
|  47|0x0000000711e00000, 0x0000000712000000, 0x0000000712000000|100%| E|CS|TAMS 0x0000000711e00000, 0x0000000711e00000| Complete 
|  48|0x0000000712000000, 0x0000000712200000, 0x0000000712200000|100%| E|CS|TAMS 0x0000000712000000, 0x0000000712000000| Complete 
|  49|0x0000000712200000, 0x0000000712400000, 0x0000000712400000|100%| E|CS|TAMS 0x0000000712200000, 0x0000000712200000| Complete 
|  50|0x0000000712400000, 0x0000000712600000, 0x0000000712600000|100%| E|CS|TAMS 0x0000000712400000, 0x0000000712400000| Complete 
|  51|0x0000000712600000, 0x0000000712800000, 0x0000000712800000|100%| E|CS|TAMS 0x0000000712600000, 0x0000000712600000| Complete 
|  52|0x0000000712800000, 0x0000000712a00000, 0x0000000712a00000|100%| E|CS|TAMS 0x0000000712800000, 0x0000000712800000| Complete 
|  53|0x0000000712a00000, 0x0000000712c00000, 0x0000000712c00000|100%| E|CS|TAMS 0x0000000712a00000, 0x0000000712a00000| Complete 
|  54|0x0000000712c00000, 0x0000000712e00000, 0x0000000712e00000|100%| E|CS|TAMS 0x0000000712c00000, 0x0000000712c00000| Complete 
|  55|0x0000000712e00000, 0x0000000713000000, 0x0000000713000000|100%| E|CS|TAMS 0x0000000712e00000, 0x0000000712e00000| Complete 
|  56|0x0000000713000000, 0x0000000713200000, 0x0000000713200000|100%| E|CS|TAMS 0x0000000713000000, 0x0000000713000000| Complete 
|  57|0x0000000713200000, 0x0000000713400000, 0x0000000713400000|100%| E|CS|TAMS 0x0000000713200000, 0x0000000713200000| Complete 
|  58|0x0000000713400000, 0x0000000713600000, 0x0000000713600000|100%| E|CS|TAMS 0x0000000713400000, 0x0000000713400000| Complete 
| 121|0x000000071b200000, 0x000000071b400000, 0x000000071b400000|100%| E|CS|TAMS 0x000000071b200000, 0x000000071b200000| Complete 

Card table byte_map: [0x000002dac5b70000,0x000002dac6310000] _byte_map_base: 0x000002dac2310000

Marking Bits (Prev, Next): (CMBitMap*) 0x000002daae33cb20, (CMBitMap*) 0x000002daae33cae0
 Prev Bits: [0x000002daca7b0000, 0x000002dace4b0000)
 Next Bits: [0x000002dac6ab0000, 0x000002daca7b0000)

Polling page: 0x000002daac260000

Metaspace:

Usage:
  Non-class:     71.89 MB used.
      Class:     10.83 MB used.
       Both:     82.72 MB used.

Virtual space:
  Non-class space:      128.00 MB reserved,      72.25 MB ( 56%) committed,  2 nodes.
      Class space:        1.00 GB reserved,      11.19 MB (  1%) committed,  1 nodes.
             Both:        1.12 GB reserved,      83.44 MB (  7%) committed. 

Chunk freelists:
   Non-Class:  7.39 MB
       Class:  4.64 MB
        Both:  12.03 MB

MaxMetaspaceSize: unlimited
CompressedClassSpaceSize: 1.00 GB
Initial GC threshold: 21.00 MB
Current GC threshold: 98.75 MB
CDS: on
MetaspaceReclaimPolicy: balanced
 - commit_granule_bytes: 65536.
 - commit_granule_words: 8192.
 - virtual_space_node_default_size: 8388608.
 - enlarge_chunks_in_place: 1.
 - new_chunks_are_fully_committed: 0.
 - uncommit_free_chunks: 1.
 - use_allocation_guard: 0.
 - handle_deallocations: 1.


Internal statistics:

num_allocs_failed_limit: 9.
num_arena_births: 1078.
num_arena_deaths: 0.
num_vsnodes_births: 3.
num_vsnodes_deaths: 0.
num_space_committed: 1335.
num_space_uncommitted: 0.
num_chunks_returned_to_freelist: 9.
num_chunks_taken_from_freelist: 4168.
num_chunk_merges: 6.
num_chunk_splits: 2940.
num_chunks_enlarged: 2236.
num_inconsistent_stats: 0.

CodeHeap 'non-profiled nmethods': size=119168Kb used=8108Kb max_used=8245Kb free=111059Kb
 bounds [0x000002dabd6f0000, 0x000002dabdf00000, 0x000002dac4b50000]
CodeHeap 'profiled nmethods': size=119104Kb used=24486Kb max_used=26028Kb free=94618Kb
 bounds [0x000002dab5b50000, 0x000002dab74c0000, 0x000002dabcfa0000]
CodeHeap 'non-nmethods': size=7488Kb used=1408Kb max_used=3170Kb free=6079Kb
 bounds [0x000002dabcfa0000, 0x000002dabd2c0000, 0x000002dabd6f0000]
 total_blobs=12665 nmethods=11921 adapters=655
 compilation: enabled
              stopped_count=0, restarted_count=0
 full_count=0

Compilation events (20 events):
Event: 536.580 Thread 0x000002dad14af530 nmethod 13915 0x000002dab6664e90 code [0x000002dab6665020, 0x000002dab6665138]
Event: 536.580 Thread 0x000002dad14af530 13916       3       org.hibernate.engine.internal.SessionEventListenerManagerImpl::prePartialFlushEnd (42 bytes)
Event: 536.580 Thread 0x000002dad14af530 nmethod 13916 0x000002dab6663290 code [0x000002dab6663440, 0x000002dab6663708]
Event: 536.580 Thread 0x000002dad14af530 13918       3       org.hibernate.event.spi.AutoFlushEvent::<init> (16 bytes)
Event: 536.580 Thread 0x000002dad14af530 nmethod 13918 0x000002dab6965c90 code [0x000002dab6965e40, 0x000002dab6966138]
Event: 536.580 Thread 0x000002dad14af530 13919       3       org.hibernate.internal.SessionImpl$$Lambda$1415/0x000002dad3a89a78::accept (14 bytes)
Event: 536.580 Thread 0x000002dad14af530 nmethod 13919 0x000002dab66fc990 code [0x000002dab66fcb40, 0x000002dab66fcee8]
Event: 536.580 Thread 0x000002dad14af530 13920   !   3       org.hibernate.event.internal.DefaultAutoFlushEventListener::onAutoFlush (287 bytes)
Event: 536.581 Thread 0x000002dad14af530 nmethod 13920 0x000002dab5e0d510 code [0x000002dab5e0d9e0, 0x000002dab5e10928]
Event: 536.581 Thread 0x000002dad14af530 13917       1       org.hibernate.query.sqm.tree.domain.SqmCorrelatedRoot::isCorrelated (2 bytes)
Event: 536.581 Thread 0x000002dad14af530 nmethod 13917 0x000002dabdbe5890 code [0x000002dabdbe5a20, 0x000002dabdbe5af8]
Event: 536.583 Thread 0x000002dad14aea80 13921       4       org.hibernate.sql.results.graph.entity.internal.EntityInitializerImpl::initializeEntityInstance (414 bytes)
Event: 536.597 Thread 0x000002dad14af530 13923       3       org.hibernate.engine.internal.EntityEntryContext::processEachManagedEntity (29 bytes)
Event: 536.597 Thread 0x000002dad14af530 nmethod 13923 0x000002dab6973e90 code [0x000002dab6974040, 0x000002dab6974348]
Event: 536.597 Thread 0x000002dad14af530 13925       3       org.springframework.http.converter.ByteArrayHttpMessageConverter::supports (12 bytes)
Event: 536.597 Thread 0x000002dad14af530 nmethod 13925 0x000002dab6667990 code [0x000002dab6667b20, 0x000002dab6667c98]
Event: 536.597 Thread 0x000002dad14af530 13924       3       org.springframework.core.ResolvableType::isWildcardWithoutBounds (57 bytes)
Event: 536.597 Thread 0x000002dad14af530 nmethod 13924 0x000002dab683f490 code [0x000002dab683f680, 0x000002dab683fcd8]
Event: 536.597 Thread 0x000002dad14af530 13926       1       com.example.thuan.respone.BaseResponse::getStatusCode (5 bytes)
Event: 536.597 Thread 0x000002dad14af530 nmethod 13926 0x000002dabdbe5590 code [0x000002dabdbe5720, 0x000002dabdbe57f8]

GC Heap History (20 events):
Event: 29.410 GC heap before
{Heap before GC invocations=17 (full 0):
 garbage-first heap   total 81920K, used 61917K [0x000000070c000000, 0x0000000800000000)
  region size 2048K, 19 young (38912K), 3 survivors (6144K)
 Metaspace       used 74043K, committed 74624K, reserved 1114112K
  class space    used 10048K, committed 10304K, reserved 1048576K
}
Event: 29.413 GC heap after
{Heap after GC invocations=18 (full 0):
 garbage-first heap   total 81920K, used 32768K [0x000000070c000000, 0x0000000800000000)
  region size 2048K, 1 young (2048K), 1 survivors (2048K)
 Metaspace       used 74043K, committed 74624K, reserved 1114112K
  class space    used 10048K, committed 10304K, reserved 1048576K
}
Event: 29.481 GC heap before
{Heap before GC invocations=18 (full 0):
 garbage-first heap   total 81920K, used 65536K [0x000000070c000000, 0x0000000800000000)
  region size 2048K, 17 young (34816K), 1 survivors (2048K)
 Metaspace       used 74053K, committed 74624K, reserved 1114112K
  class space    used 10048K, committed 10304K, reserved 1048576K
}
Event: 29.485 GC heap after
{Heap after GC invocations=19 (full 0):
 garbage-first heap   total 81920K, used 37635K [0x000000070c000000, 0x0000000800000000)
  region size 2048K, 3 young (6144K), 3 survivors (6144K)
 Metaspace       used 74053K, committed 74624K, reserved 1114112K
  class space    used 10048K, committed 10304K, reserved 1048576K
}
Event: 30.991 GC heap before
{Heap before GC invocations=19 (full 0):
 garbage-first heap   total 81920K, used 62211K [0x000000070c000000, 0x0000000800000000)
  region size 2048K, 15 young (30720K), 3 survivors (6144K)
 Metaspace       used 77548K, committed 78208K, reserved 1179648K
  class space    used 10521K, committed 10816K, reserved 1048576K
}
Event: 30.994 GC heap after
{Heap after GC invocations=20 (full 0):
 garbage-first heap   total 122880K, used 39775K [0x000000070c000000, 0x0000000800000000)
  region size 2048K, 2 young (4096K), 2 survivors (4096K)
 Metaspace       used 77548K, committed 78208K, reserved 1179648K
  class space    used 10521K, committed 10816K, reserved 1048576K
}
Event: 80.318 GC heap before
{Heap before GC invocations=20 (full 0):
 garbage-first heap   total 122880K, used 88927K [0x000000070c000000, 0x0000000800000000)
  region size 2048K, 27 young (55296K), 2 survivors (4096K)
 Metaspace       used 80725K, committed 81344K, reserved 1179648K
  class space    used 10706K, committed 11008K, reserved 1048576K
}
Event: 80.320 GC heap after
{Heap after GC invocations=21 (full 0):
 garbage-first heap   total 122880K, used 41165K [0x000000070c000000, 0x0000000800000000)
  region size 2048K, 2 young (4096K), 2 survivors (4096K)
 Metaspace       used 80725K, committed 81344K, reserved 1179648K
  class space    used 10706K, committed 11008K, reserved 1048576K
}
Event: 89.811 GC heap before
{Heap before GC invocations=21 (full 0):
 garbage-first heap   total 122880K, used 94413K [0x000000070c000000, 0x0000000800000000)
  region size 2048K, 28 young (57344K), 2 survivors (4096K)
 Metaspace       used 81232K, committed 81920K, reserved 1179648K
  class space    used 10800K, committed 11136K, reserved 1048576K
}
Event: 89.818 GC heap after
{Heap after GC invocations=22 (full 0):
 garbage-first heap   total 122880K, used 46528K [0x000000070c000000, 0x0000000800000000)
  region size 2048K, 4 young (8192K), 4 survivors (8192K)
 Metaspace       used 81232K, committed 81920K, reserved 1179648K
  class space    used 10800K, committed 11136K, reserved 1048576K
}
Event: 89.875 GC heap before
{Heap before GC invocations=22 (full 0):
 garbage-first heap   total 122880K, used 95680K [0x000000070c000000, 0x0000000800000000)
  region size 2048K, 28 young (57344K), 4 survivors (8192K)
 Metaspace       used 81241K, committed 81920K, reserved 1179648K
  class space    used 10800K, committed 11136K, reserved 1048576K
}
Event: 89.880 GC heap after
{Heap after GC invocations=23 (full 0):
 garbage-first heap   total 122880K, used 52593K [0x000000070c000000, 0x0000000800000000)
  region size 2048K, 3 young (6144K), 3 survivors (6144K)
 Metaspace       used 81241K, committed 81920K, reserved 1179648K
  class space    used 10800K, committed 11136K, reserved 1048576K
}
Event: 121.468 GC heap before
{Heap before GC invocations=23 (full 0):
 garbage-first heap   total 122880K, used 95601K [0x000000070c000000, 0x0000000800000000)
  region size 2048K, 24 young (49152K), 3 survivors (6144K)
 Metaspace       used 81884K, committed 82560K, reserved 1179648K
  class space    used 10901K, committed 11200K, reserved 1048576K
}
Event: 121.470 GC heap after
{Heap after GC invocations=24 (full 0):
 garbage-first heap   total 122880K, used 49309K [0x000000070c000000, 0x0000000800000000)
  region size 2048K, 1 young (2048K), 1 survivors (2048K)
 Metaspace       used 81884K, committed 82560K, reserved 1179648K
  class space    used 10901K, committed 11200K, reserved 1048576K
}
Event: 130.286 GC heap before
{Heap before GC invocations=24 (full 0):
 garbage-first heap   total 122880K, used 94365K [0x000000070c000000, 0x0000000800000000)
  region size 2048K, 23 young (47104K), 1 survivors (2048K)
 Metaspace       used 82358K, committed 83008K, reserved 1179648K
  class space    used 10910K, committed 11200K, reserved 1048576K
}
Event: 130.287 GC heap after
{Heap after GC invocations=25 (full 0):
 garbage-first heap   total 122880K, used 49292K [0x000000070c000000, 0x0000000800000000)
  region size 2048K, 1 young (2048K), 1 survivors (2048K)
 Metaspace       used 82358K, committed 83008K, reserved 1179648K
  class space    used 10910K, committed 11200K, reserved 1048576K
}
Event: 151.922 GC heap before
{Heap before GC invocations=25 (full 0):
 garbage-first heap   total 122880K, used 94348K [0x000000070c000000, 0x0000000800000000)
  region size 2048K, 24 young (49152K), 1 survivors (2048K)
 Metaspace       used 82990K, committed 83648K, reserved 1179648K
  class space    used 10914K, committed 11200K, reserved 1048576K
}
Event: 151.923 GC heap after
{Heap after GC invocations=26 (full 0):
 garbage-first heap   total 122880K, used 49228K [0x000000070c000000, 0x0000000800000000)
  region size 2048K, 1 young (2048K), 1 survivors (2048K)
 Metaspace       used 82990K, committed 83648K, reserved 1179648K
  class space    used 10914K, committed 11200K, reserved 1048576K
}
Event: 247.756 GC heap before
{Heap before GC invocations=26 (full 0):
 garbage-first heap   total 122880K, used 96332K [0x000000070c000000, 0x0000000800000000)
  region size 2048K, 25 young (51200K), 1 survivors (2048K)
 Metaspace       used 84540K, committed 85312K, reserved 1179648K
  class space    used 11093K, committed 11456K, reserved 1048576K
}
Event: 247.757 GC heap after
{Heap after GC invocations=27 (full 0):
 garbage-first heap   total 122880K, used 49497K [0x000000070c000000, 0x0000000800000000)
  region size 2048K, 1 young (2048K), 1 survivors (2048K)
 Metaspace       used 84540K, committed 85312K, reserved 1179648K
  class space    used 11093K, committed 11456K, reserved 1048576K
}

Deoptimization events (20 events):
Event: 309.312 Thread 0x000002db19a26720 Uncommon trap: trap_request=0xffffffc6 fr.pc=0x000002dabddb1e70 relative=0x0000000000000b10
Event: 309.312 Thread 0x000002db19a26720 Uncommon trap: reason=bimorphic_or_optimized_type_check action=maybe_recompile pc=0x000002dabddb1e70 method=java.util.HashMap.removeNode(ILjava/lang/Object;Ljava/lang/Object;ZZ)Ljava/util/HashMap$Node; @ 143 c2
Event: 309.312 Thread 0x000002db19a26720 DEOPT PACKING pc=0x000002dabddb1e70 sp=0x000000fff92ff160
Event: 309.312 Thread 0x000002db19a26720 DEOPT UNPACKING pc=0x000002dabcff23a3 sp=0x000000fff92ff0f8 mode 2
Event: 531.685 Thread 0x000002db19a2d170 Uncommon trap: trap_request=0xffffffd6 fr.pc=0x000002dabdce7f24 relative=0x0000000000000384
Event: 531.685 Thread 0x000002db19a2d170 Uncommon trap: reason=array_check action=maybe_recompile pc=0x000002dabdce7f24 method=org.hibernate.internal.util.collections.StandardStack.push(Ljava/lang/Object;)V @ 43 c2
Event: 531.685 Thread 0x000002db19a2d170 DEOPT PACKING pc=0x000002dabdce7f24 sp=0x000000fff8ff8b70
Event: 531.685 Thread 0x000002db19a2d170 DEOPT UNPACKING pc=0x000002dabcff23a3 sp=0x000000fff8ff8b30 mode 2
Event: 531.686 Thread 0x000002db19a2d170 Uncommon trap: trap_request=0xffffffd6 fr.pc=0x000002dabdce7f24 relative=0x0000000000000384
Event: 531.686 Thread 0x000002db19a2d170 Uncommon trap: reason=array_check action=maybe_recompile pc=0x000002dabdce7f24 method=org.hibernate.internal.util.collections.StandardStack.push(Ljava/lang/Object;)V @ 43 c2
Event: 531.686 Thread 0x000002db19a2d170 DEOPT PACKING pc=0x000002dabdce7f24 sp=0x000000fff8ff8b70
Event: 531.686 Thread 0x000002db19a2d170 DEOPT UNPACKING pc=0x000002dabcff23a3 sp=0x000000fff8ff8b30 mode 2
Event: 531.686 Thread 0x000002db19a2d170 Uncommon trap: trap_request=0xffffffd6 fr.pc=0x000002dabdce7f24 relative=0x0000000000000384
Event: 531.686 Thread 0x000002db19a2d170 Uncommon trap: reason=array_check action=maybe_recompile pc=0x000002dabdce7f24 method=org.hibernate.internal.util.collections.StandardStack.push(Ljava/lang/Object;)V @ 43 c2
Event: 531.686 Thread 0x000002db19a2d170 DEOPT PACKING pc=0x000002dabdce7f24 sp=0x000000fff8ff8b70
Event: 531.686 Thread 0x000002db19a2d170 DEOPT UNPACKING pc=0x000002dabcff23a3 sp=0x000000fff8ff8b30 mode 2
Event: 531.686 Thread 0x000002db19a2d170 Uncommon trap: trap_request=0xffffffd6 fr.pc=0x000002dabdce7f24 relative=0x0000000000000384
Event: 531.686 Thread 0x000002db19a2d170 Uncommon trap: reason=array_check action=maybe_recompile pc=0x000002dabdce7f24 method=org.hibernate.internal.util.collections.StandardStack.push(Ljava/lang/Object;)V @ 43 c2
Event: 531.686 Thread 0x000002db19a2d170 DEOPT PACKING pc=0x000002dabdce7f24 sp=0x000000fff8ff8b70
Event: 531.686 Thread 0x000002db19a2d170 DEOPT UNPACKING pc=0x000002dabcff23a3 sp=0x000000fff8ff8b30 mode 2

Classes unloaded (0 events):
No events

Classes redefined (0 events):
No events

Internal exceptions (20 events):
Event: 5.116 Thread 0x000002daae2ca0c0 Exception <a 'java/lang/NoSuchMethodError'{0x000000070f8e9128}: 'java.lang.Object java.lang.invoke.Invokers$Holder.invoke_MT(java.lang.Object, java.lang.Object, java.lang.Object, java.lang.Object, java.lang.Object, java.lang.Object, java.lang.Object, java.lang.Object, java.lang.Object)'> (0x000000070f8e9128) 
thrown [s\open\src\hotspot\share\interpreter\linkResolver.cpp, line 759]
Event: 5.133 Thread 0x000002daae2ca0c0 Exception <a 'java/lang/IncompatibleClassChangeError'{0x000000070f9b7c48}: Found class java.lang.Object, but interface was expected> (0x000000070f9b7c48) 
thrown [s\open\src\hotspot\share\interpreter\linkResolver.cpp, line 826]
Event: 5.151 Thread 0x000002daae2ca0c0 Implicit null exception at 0x000002dabd88033a to 0x000002dabd88052c
Event: 5.168 Thread 0x000002daae2ca0c0 Exception <a 'java/lang/NoSuchMethodError'{0x000000070f7a31a8}: 'java.lang.Object java.lang.invoke.DirectMethodHandle$Holder.invokeSpecial(java.lang.Object, java.lang.Object, java.lang.Object, java.lang.Object, java.lang.Object, java.lang.Object, java.lang.Object, java.lang.Object, java.lang.Object, java.lang.Object, java.lang.Object)'> (0x000000070f7a31a8) 
thrown [s\open\src\hotspot\share\interpreter\linkResolver.cpp, line 759]
Event: 5.169 Thread 0x000002daae2ca0c0 Exception <a 'java/lang/NoSuchMethodError'{0x000000070f7a75d8}: 'java.lang.Object java.lang.invoke.Invokers$Holder.invoke_MT(java.lang.Object, java.lang.Object, java.lang.Object, java.lang.Object, java.lang.Object, java.lang.Object, java.lang.Object, java.lang.Object, java.lang.Object, java.lang.Object, java.lang.Object)'> (0x000000070f7a75d8) 
thrown [s\open\src\hotspot\share\interpreter\linkResolver.cpp, line 759]
Event: 5.216 Thread 0x000002daae2ca0c0 Exception <a 'java/lang/NoSuchMethodError'{0x000000070f2a0958}: 'java.lang.Object java.lang.invoke.DirectMethodHandle$Holder.newInvokeSpecial(java.lang.Object, java.lang.Object, int, java.lang.Object, java.lang.Object)'> (0x000000070f2a0958) 
thrown [s\open\src\hotspot\share\interpreter\linkResolver.cpp, line 759]
Event: 29.100 Thread 0x000002db19a27b60 Exception <a 'java/lang/NoSuchMethodError'{0x000000070ef6c448}: 'java.lang.Object java.lang.invoke.DirectMethodHandle$Holder.invokeSpecial(java.lang.Object, java.lang.Object, java.lang.Object, java.lang.Object, java.lang.Object, long)'> (0x000000070ef6c448) 
thrown [s\open\src\hotspot\share\interpreter\linkResolver.cpp, line 759]
Event: 29.100 Thread 0x000002db19a27b60 Exception <a 'java/lang/NoSuchMethodError'{0x000000070ef6fe88}: 'java.lang.Object java.lang.invoke.Invokers$Holder.linkToTargetMethod(java.lang.Object, java.lang.Object, java.lang.Object, long, java.lang.Object)'> (0x000000070ef6fe88) 
thrown [s\open\src\hotspot\share\interpreter\linkResolver.cpp, line 759]
Event: 29.458 Thread 0x000002db19a28580 Implicit null exception at 0x000002dabdbd4ae3 to 0x000002dabdbd85fc
Event: 29.646 Thread 0x000002db19a28580 Exception <a 'java/lang/NoSuchMethodError'{0x000000070fce06a0}: 'void java.lang.invoke.DirectMethodHandle$Holder.invokeSpecialIFC(java.lang.Object, java.lang.Object, int, java.lang.Object, java.lang.Object, java.lang.Object, java.lang.Object)'> (0x000000070fce06a0) 
thrown [s\open\src\hotspot\share\interpreter\linkResolver.cpp, line 759]
Event: 31.003 Thread 0x000002db19a2c750 Exception <a 'java/lang/IncompatibleClassChangeError'{0x000000071b2e48a8}: Found class java.lang.Object, but interface was expected> (0x000000071b2e48a8) 
thrown [s\open\src\hotspot\share\interpreter\linkResolver.cpp, line 826]
Event: 31.023 Thread 0x000002db19a2c750 Exception <a 'java/lang/IncompatibleClassChangeError'{0x0000000713424b60}: Found class java.lang.Object, but interface was expected> (0x0000000713424b60) 
thrown [s\open\src\hotspot\share\interpreter\linkResolver.cpp, line 826]
Event: 31.044 Thread 0x000002db19a2c750 Exception <a 'java/lang/IncompatibleClassChangeError'{0x000000071352aee8}: Found class java.lang.Object, but interface was expected> (0x000000071352aee8) 
thrown [s\open\src\hotspot\share\interpreter\linkResolver.cpp, line 826]
Event: 31.267 Thread 0x000002db19a2d170 Exception <a 'java/lang/NoSuchMethodError'{0x00000007125d05c8}: 'java.lang.Object java.lang.invoke.DirectMethodHandle$Holder.invokeStatic(java.lang.Object, int, int)'> (0x00000007125d05c8) 
thrown [s\open\src\hotspot\share\interpreter\linkResolver.cpp, line 759]
Event: 31.267 Thread 0x000002db19a26c30 Exception <a 'java/lang/NoSuchMethodError'{0x0000000712221810}: 'java.lang.Object java.lang.invoke.DirectMethodHandle$Holder.invokeStatic(java.lang.Object, int, int)'> (0x0000000712221810) 
thrown [s\open\src\hotspot\share\interpreter\linkResolver.cpp, line 759]
Event: 31.267 Thread 0x000002db19a28070 Exception <a 'java/lang/NoSuchMethodError'{0x00000007125c2558}: 'java.lang.Object java.lang.invoke.DirectMethodHandle$Holder.invokeStatic(java.lang.Object, int, int)'> (0x00000007125c2558) 
thrown [s\open\src\hotspot\share\interpreter\linkResolver.cpp, line 759]
Event: 80.346 Thread 0x000002db19a2c240 Exception <a 'java/lang/IncompatibleClassChangeError'{0x000000071310ffc8}: Found class java.lang.Object, but interface was expected> (0x000000071310ffc8) 
thrown [s\open\src\hotspot\share\interpreter\linkResolver.cpp, line 826]
Event: 89.771 Thread 0x000002db19a28580 Implicit null exception at 0x000002dabdd25e8c to 0x000002dabdd269e0
Event: 89.771 Thread 0x000002db19a28580 Implicit null exception at 0x000002dabdd43cee to 0x000002dabdd43e5c
Event: 536.632 Thread 0x000002db19a28580 Exception <a 'java/net/SocketException'{0x00000007118ca9b0}: Connection reset by peer: shutdown> (0x00000007118ca9b0) 
thrown [s\open\src\hotspot\share\prims\jni.cpp, line 535]

VM Operations (20 events):
Event: 526.723 Executing VM operation: Cleanup
Event: 526.723 Executing VM operation: Cleanup done
Event: 527.734 Executing VM operation: Cleanup
Event: 527.734 Executing VM operation: Cleanup done
Event: 528.742 Executing VM operation: Cleanup
Event: 528.742 Executing VM operation: Cleanup done
Event: 529.752 Executing VM operation: Cleanup
Event: 529.752 Executing VM operation: Cleanup done
Event: 530.761 Executing VM operation: Cleanup
Event: 530.761 Executing VM operation: Cleanup done
Event: 531.776 Executing VM operation: Cleanup
Event: 531.776 Executing VM operation: Cleanup done
Event: 532.785 Executing VM operation: Cleanup
Event: 532.785 Executing VM operation: Cleanup done
Event: 533.797 Executing VM operation: Cleanup
Event: 533.797 Executing VM operation: Cleanup done
Event: 534.809 Executing VM operation: Cleanup
Event: 534.809 Executing VM operation: Cleanup done
Event: 535.815 Executing VM operation: Cleanup
Event: 535.815 Executing VM operation: Cleanup done

Events (20 events):
Event: 215.676 Thread 0x000002dad14c4b30 flushing nmethod 0x000002dab6e84110
Event: 215.676 Thread 0x000002dad14c4b30 flushing nmethod 0x000002dab6e84490
Event: 215.676 Thread 0x000002dad14c4b30 flushing nmethod 0x000002dab6e8b090
Event: 215.676 Thread 0x000002dad14c4b30 flushing nmethod 0x000002dab6eab610
Event: 215.676 Thread 0x000002dad14c4b30 flushing nmethod 0x000002dab6ebda10
Event: 215.677 Thread 0x000002dad14c4b30 flushing nmethod 0x000002dab6f31190
Event: 215.677 Thread 0x000002dad14c4b30 flushing nmethod 0x000002dab6f33790
Event: 215.677 Thread 0x000002dad14c4b30 flushing nmethod 0x000002dab6f39190
Event: 215.677 Thread 0x000002dad14c4b30 flushing nmethod 0x000002dab6fd0110
Event: 215.680 Thread 0x000002dad14c4b30 flushing nmethod 0x000002dab73a9890
Event: 215.680 Thread 0x000002dad14c4b30 flushing nmethod 0x000002dab7400110
Event: 215.680 Thread 0x000002dad14c4b30 flushing nmethod 0x000002dab7400890
Event: 215.680 Thread 0x000002dad14c4b30 flushing nmethod 0x000002dab7400d90
Event: 215.680 Thread 0x000002dad14c4b30 flushing nmethod 0x000002dab7401710
Event: 215.680 Thread 0x000002dad14c4b30 flushing nmethod 0x000002dab7404190
Event: 215.680 Thread 0x000002dad14c4b30 flushing nmethod 0x000002dab7409090
Event: 530.448 Thread 0x000002db1a23b810 Thread added: 0x000002db1a23b810
Event: 532.043 Thread 0x000002db1a23c2b0 Thread added: 0x000002db1a23c2b0
Event: 532.244 Thread 0x000002db1a23c2b0 Thread exited: 0x000002db1a23c2b0
Event: 534.643 Thread 0x000002db1a23b810 Thread exited: 0x000002db1a23b810


Dynamic libraries:
0x00007ff67c290000 - 0x00007ff67c2a0000 	C:\Program Files\Java\jdk-17\bin\java.exe
0x00007ff916390000 - 0x00007ff9165a7000 	C:\WINDOWS\SYSTEM32\ntdll.dll
0x00007ff9144d0000 - 0x00007ff914594000 	C:\WINDOWS\System32\KERNEL32.DLL
0x00007ff913580000 - 0x00007ff913951000 	C:\WINDOWS\System32\KERNELBASE.dll
0x00007ff913e00000 - 0x00007ff913f11000 	C:\WINDOWS\System32\ucrtbase.dll
0x00007ff90e480000 - 0x00007ff90e499000 	C:\Program Files\Java\jdk-17\bin\jli.dll
0x00007ff90f6f0000 - 0x00007ff90f70b000 	C:\Program Files\Java\jdk-17\bin\VCRUNTIME140.dll
0x00007ff9145a0000 - 0x00007ff914651000 	C:\WINDOWS\System32\ADVAPI32.dll
0x00007ff914b80000 - 0x00007ff914c27000 	C:\WINDOWS\System32\msvcrt.dll
0x00007ff915da0000 - 0x00007ff915e47000 	C:\WINDOWS\System32\sechost.dll
0x00007ff913550000 - 0x00007ff913578000 	C:\WINDOWS\System32\bcrypt.dll
0x00007ff914790000 - 0x00007ff9148a4000 	C:\WINDOWS\System32\RPCRT4.dll
0x00007ff914c30000 - 0x00007ff914de1000 	C:\WINDOWS\System32\USER32.dll
0x00007ff913960000 - 0x00007ff913986000 	C:\WINDOWS\System32\win32u.dll
0x00007ff8fdbf0000 - 0x00007ff8fde82000 	C:\WINDOWS\WinSxS\amd64_microsoft.windows.common-controls_6595b64144ccf1df_6.0.22621.4830_none_270fe7d773858e80\COMCTL32.dll
0x00007ff914af0000 - 0x00007ff914b19000 	C:\WINDOWS\System32\GDI32.dll
0x00007ff913ce0000 - 0x00007ff913dfb000 	C:\WINDOWS\System32\gdi32full.dll
0x00007ff913c40000 - 0x00007ff913cda000 	C:\WINDOWS\System32\msvcp_win.dll
0x00007ff90f620000 - 0x00007ff90f62a000 	C:\WINDOWS\SYSTEM32\VERSION.dll
0x00007ff916300000 - 0x00007ff916331000 	C:\WINDOWS\System32\IMM32.DLL
0x00007ff9100d0000 - 0x00007ff9100dc000 	C:\Program Files\Java\jdk-17\bin\vcruntime140_1.dll
0x00007ff8fec90000 - 0x00007ff8fed1e000 	C:\Program Files\Java\jdk-17\bin\msvcp140.dll
0x00007ff89c520000 - 0x00007ff89d101000 	C:\Program Files\Java\jdk-17\bin\server\jvm.dll
0x00007ff914b20000 - 0x00007ff914b28000 	C:\WINDOWS\System32\PSAPI.DLL
0x00007ff907a70000 - 0x00007ff907a79000 	C:\WINDOWS\SYSTEM32\WSOCK32.dll
0x00007ff909b00000 - 0x00007ff909b34000 	C:\WINDOWS\SYSTEM32\WINMM.dll
0x00007ff915f30000 - 0x00007ff915fa1000 	C:\WINDOWS\System32\WS2_32.dll
0x00007ff912520000 - 0x00007ff912538000 	C:\WINDOWS\SYSTEM32\kernel.appcore.dll
0x00007ff90f6e0000 - 0x00007ff90f6ea000 	C:\Program Files\Java\jdk-17\bin\jimage.dll
0x00007ff90ea40000 - 0x00007ff90ec72000 	C:\WINDOWS\SYSTEM32\DBGHELP.DLL
0x00007ff914140000 - 0x00007ff9144d0000 	C:\WINDOWS\System32\combase.dll
0x00007ff914060000 - 0x00007ff914137000 	C:\WINDOWS\System32\OLEAUT32.dll
0x00007ff90e1b0000 - 0x00007ff90e1e2000 	C:\WINDOWS\SYSTEM32\dbgcore.DLL
0x00007ff9134d0000 - 0x00007ff91354b000 	C:\WINDOWS\System32\bcryptPrimitives.dll
0x00007ff90da60000 - 0x00007ff90da85000 	C:\Program Files\Java\jdk-17\bin\java.dll
0x00007ff8febb0000 - 0x00007ff8fec87000 	C:\Program Files\Java\jdk-17\bin\jsvml.dll
0x00007ff915460000 - 0x00007ff915ce8000 	C:\WINDOWS\System32\SHELL32.dll
0x00007ff913f20000 - 0x00007ff91405f000 	C:\WINDOWS\System32\wintypes.dll
0x00007ff911430000 - 0x00007ff911d3d000 	C:\WINDOWS\SYSTEM32\windows.storage.dll
0x00007ff914680000 - 0x00007ff91478a000 	C:\WINDOWS\System32\SHCORE.dll
0x00007ff914df0000 - 0x00007ff914e4e000 	C:\WINDOWS\System32\shlwapi.dll
0x00007ff913400000 - 0x00007ff91342b000 	C:\WINDOWS\SYSTEM32\profapi.dll
0x00007ff90da40000 - 0x00007ff90da59000 	C:\Program Files\Java\jdk-17\bin\net.dll
0x00007ff910110000 - 0x00007ff91023c000 	C:\WINDOWS\SYSTEM32\WINHTTP.dll
0x00007ff912990000 - 0x00007ff9129fa000 	C:\WINDOWS\system32\mswsock.dll
0x00007ff90b660000 - 0x00007ff90b676000 	C:\Program Files\Java\jdk-17\bin\nio.dll
0x00007ff906970000 - 0x00007ff906988000 	C:\Program Files\Java\jdk-17\bin\zip.dll
0x00007ff90dc30000 - 0x00007ff90dc3e000 	C:\Program Files\Java\jdk-17\bin\sunmscapi.dll
0x00007ff913a50000 - 0x00007ff913bb6000 	C:\WINDOWS\System32\CRYPT32.dll
0x00007ff912da0000 - 0x00007ff912dcd000 	C:\WINDOWS\SYSTEM32\ncrypt.dll
0x00007ff912d60000 - 0x00007ff912d97000 	C:\WINDOWS\SYSTEM32\NTASN1.dll
0x00007ff912be0000 - 0x00007ff912bfb000 	C:\WINDOWS\SYSTEM32\CRYPTSP.dll
0x00007ff912480000 - 0x00007ff9124b7000 	C:\WINDOWS\system32\rsaenh.dll
0x00007ff912a80000 - 0x00007ff912aa8000 	C:\WINDOWS\SYSTEM32\USERENV.dll
0x00007ff912c00000 - 0x00007ff912c0c000 	C:\WINDOWS\SYSTEM32\CRYPTBASE.dll
0x00007ff911fa0000 - 0x00007ff911fcd000 	C:\WINDOWS\SYSTEM32\IPHLPAPI.DLL
0x00007ff914fb0000 - 0x00007ff914fb9000 	C:\WINDOWS\System32\NSI.dll
0x00007ff910290000 - 0x00007ff9102a9000 	C:\WINDOWS\SYSTEM32\dhcpcsvc6.DLL
0x00007ff9100f0000 - 0x00007ff91010f000 	C:\WINDOWS\SYSTEM32\dhcpcsvc.DLL
0x00007ff912010000 - 0x00007ff912112000 	C:\WINDOWS\SYSTEM32\DNSAPI.dll
0x00007ff90d920000 - 0x00007ff90d92a000 	C:\Program Files\Java\jdk-17\bin\management.dll
0x00007ff90d890000 - 0x00007ff90d89b000 	C:\Program Files\Java\jdk-17\bin\management_ext.dll
0x00007ff90da30000 - 0x00007ff90da40000 	C:\Program Files\Java\jdk-17\bin\verify.dll
0x00007ff8f36a0000 - 0x00007ff8f36b7000 	C:\WINDOWS\system32\napinsp.dll
0x00007ff8f3640000 - 0x00007ff8f365b000 	C:\WINDOWS\system32\pnrpnsp.dll
0x00007ff8f3620000 - 0x00007ff8f3631000 	C:\WINDOWS\System32\winrnr.dll
0x00007ff8f3600000 - 0x00007ff8f3615000 	C:\WINDOWS\system32\wshbth.dll
0x00007ff8f35d0000 - 0x00007ff8f35f7000 	C:\WINDOWS\system32\nlansp_c.dll
0x00007ff90fed0000 - 0x00007ff90feda000 	C:\Windows\System32\rasadhlp.dll
0x00007ff90fb00000 - 0x00007ff90fb83000 	C:\WINDOWS\System32\fwpuclnt.dll
0x00007ff8d5b00000 - 0x00007ff8d5b08000 	C:\WINDOWS\system32\wshunix.dll

dbghelp: loaded successfully - version: 4.0.5 - missing functions: none
symbol engine: initialized successfully - sym options: 0x614 - pdb path: .;C:\Program Files\Java\jdk-17\bin;C:\WINDOWS\SYSTEM32;C:\WINDOWS\WinSxS\amd64_microsoft.windows.common-controls_6595b64144ccf1df_6.0.22621.4830_none_270fe7d773858e80;C:\Program Files\Java\jdk-17\bin\server

VM Arguments:
jvm_args: -XX:+ShowCodeDetailsInExceptionMessages 
java_command: com.example.thuan.ThuanApplication
java_class_path (initial): E:\SWP391_GR5_SE1812\ReadHasha_BackEnd\thuan\bin\main;E:\SWP391_GR5_SE1812\ReadHasha_BackEnd\thuan\bin\test;E:\SWP391_GR5_SE1812\ReadHasha_BackEnd\thuan\bin\default;C:\Users\ASUS\.gradle\caches\modules-2\files-2.1\org.projectlombok\lombok\1.18.24\13a394eed5c4f9efb2a6d956e2086f1d81e857d9\lombok-1.18.24.jar;C:\Users\ASUS\.gradle\caches\modules-2\files-2.1\org.springframework.boot\spring-boot-starter-web\3.4.2\cf1c8efe77dccf221acf5f0ce9cc24c718c0ca44\spring-boot-starter-web-3.4.2.jar;C:\Users\ASUS\.gradle\caches\modules-2\files-2.1\org.springframework.boot\spring-boot-starter-security\3.4.2\b3102ed745b5e71f61bb5174c6a12275f0154dbb\spring-boot-starter-security-3.4.2.jar;C:\Users\ASUS\.gradle\caches\modules-2\files-2.1\org.springframework.boot\spring-boot-starter-oauth2-resource-server\3.4.2\8ecba5fcece1409be2109ced33a3a4047f0739f7\spring-boot-starter-oauth2-resource-server-3.4.2.jar;C:\Users\ASUS\.gradle\caches\modules-2\files-2.1\org.springframework.boot\spring-boot-starter-data-jpa\3.4.2\b65a304b493807dff48bf114135dc4aa5f267927\spring-boot-starter-data-jpa-3.4.2.jar;C:\Users\ASUS\.gradle\caches\modules-2\files-2.1\com.microsoft.sqlserver\mssql-jdbc\12.2.0.jre8\24230b89715e4a101e1f2263293a2343a710ecd1\mssql-jdbc-12.2.0.jre8.jar;C:\Users\ASUS\.gradle\caches\modules-2\files-2.1\org.springframework.security\spring-security-config\6.4.2\5ed985329eb14b1c61045160c8dcbbcab179ddd3\spring-security-config-6.4.2.jar;C:\Users\ASUS\.gradle\caches\modules-2\files-2.1\org.springframework.security\spring-security-oauth2-resource-server\6.4.2\7b1d8e78f8aef21c6fda8588c6acc3b85e25771f\spring-security-oauth2-resource-server-6.4.2.jar;C:\Users\ASUS\.gradle\caches\modules-2\files-2.1\org.springframework.security\spring-security-web\6.4.2\733a3bbbdca56225676fb7f4e3f317c2075fc383\spring-security-web-6.4.2.jar;C:\Users\ASUS\.gradle\caches\modules-2\files-2.1\org.springframework.security\spring-security-oauth2-jose\6.4.2\274482eaffe0f5e7d978be7cbf7dc1817037efa5\spri
Launcher Type: SUN_STANDARD

[Global flags]
     intx CICompilerCount                          = 12                                        {product} {ergonomic}
     uint ConcGCThreads                            = 3                                         {product} {ergonomic}
     uint G1ConcRefinementThreads                  = 13                                        {product} {ergonomic}
   size_t G1HeapRegionSize                         = 2097152                                   {product} {ergonomic}
    uintx GCDrainStackTargetSize                   = 64                                        {product} {ergonomic}
   size_t InitialHeapSize                          = 255852544                                 {product} {ergonomic}
   size_t MarkStackSize                            = 4194304                                   {product} {ergonomic}
   size_t MaxHeapSize                              = 4093640704                                {product} {ergonomic}
   size_t MaxNewSize                               = 2455764992                                {product} {ergonomic}
   size_t MinHeapDeltaBytes                        = 2097152                                   {product} {ergonomic}
   size_t MinHeapSize                              = 8388608                                   {product} {ergonomic}
    uintx NonNMethodCodeHeapSize                   = 7602480                                {pd product} {ergonomic}
    uintx NonProfiledCodeHeapSize                  = 122027880                              {pd product} {ergonomic}
    uintx ProfiledCodeHeapSize                     = 122027880                              {pd product} {ergonomic}
    uintx ReservedCodeCacheSize                    = 251658240                              {pd product} {ergonomic}
     bool SegmentedCodeCache                       = true                                      {product} {ergonomic}
     bool ShowCodeDetailsInExceptionMessages       = true                                   {manageable} {command line}
   size_t SoftMaxHeapSize                          = 4093640704                             {manageable} {ergonomic}
     bool UseCompressedClassPointers               = true                           {product lp64_product} {ergonomic}
     bool UseCompressedOops                        = true                           {product lp64_product} {ergonomic}
     bool UseG1GC                                  = true                                      {product} {ergonomic}
     bool UseLargePagesIndividualAllocation        = false                                  {pd product} {ergonomic}

Logging:
Log output configuration:
 #0: stdout all=warning uptime,level,tags
 #1: stderr all=off uptime,level,tags

Environment Variables:
PATH=C:\Program Files\Common Files\Oracle\Java\javapath;C:\Program Files (x86)\Common Files\Oracle\Java\java8path;C:\Program Files (x86)\Common Files\Oracle\Java\javapath;C:\ProgramData\Oracle\Java\javapath;C:\Windows\system32;C:\Windows;C:\Windows\System32\Wbem;C:\Windows\System32\WindowsPowerShell\v1.0\;C:\Windows\System32\OpenSSH\;C:\Program Files (x86)\NVIDIA Corporation\PhysX\Common;C:\WINDOWS\system32;C:\WINDOWS;C:\WINDOWS\System32\Wbem;C:\WINDOWS\System32\WindowsPowerShell\v1.0\;C:\WINDOWS\System32\OpenSSH\;C:\Program Files (x86)\Microsoft SQL Server\160\Tools\Binn\;C:\Program Files\Microsoft SQL Server\160\Tools\Binn\;C:\Program Files\Microsoft SQL Server\Client SDK\ODBC\170\Tools\Binn\;C:\Program Files\Microsoft SQL Server\160\DTS\Binn\;C:\Program Files (x86)\Microsoft SQL Server\160\DTS\Binn\;C:\Program Files\Azure Data Studio\bin;C:\Program Files\dotnet\;C:\Program Files\nodejs\;C:\Program Files\Git\cmd;C:\Program Files\NVIDIA Corporation\NVIDIA app\NvDLISR;C:\Program Files\Cloudflare\Cloudflare WARP\;C:\Program Files\MySQL\MySQL Shell 8.0\bin\;C:\Users\ASUS\AppData\Local\Microsoft\WindowsApps;C:\Program Files\Azure Data Studio\bin;C:\Users\ASUS\AppData\Local\Programs\Microsoft VS Code\bin;C:\Users\ASUS\AppData\Roaming\npm;C:\Program Files\Git\mingw64\bin\;C:\Users\ASUS\AppData\Local\Programs\cursor\resources\app\bin
USERNAME=ASUS
LANG=en_US.UTF-8
OS=Windows_NT
PROCESSOR_IDENTIFIER=AMD64 Family 25 Model 68 Stepping 1, AuthenticAMD



---------------  S Y S T E M  ---------------

OS:
 Windows 11 , 64 bit Build 22621 (10.0.22621.4974)
OS uptime: 0 days 9:23 hours

CPU: total 16 (initial active 16) (16 cores per cpu, 2 threads per core) family 25 model 68 stepping 1 microcode 0x0, cx8, cmov, fxsr, ht, mmx, 3dnowpref, sse, sse2, sse3, ssse3, sse4a, sse4.1, sse4.2, popcnt, lzcnt, tsc, tscinvbit, avx, avx2, aes, clmul, bmi1, bmi2, adx, sha, fma, vzeroupper, clflush, clflushopt

Memory: 4k page, system-wide physical 15613M (2705M free)
TotalPageFile size 19709M (AvailPageFile size 30M)
current process WorkingSet (physical memory assigned to process): 360M, peak: 392M
current process commit charge ("private bytes"): 410M, peak: 459M

vm_info: Java HotSpot(TM) 64-Bit Server VM (17.0.9+11-LTS-201) for windows-amd64 JRE (17.0.9+11-LTS-201), built on Oct 10 2023 23:16:06 by "mach5one" with MS VC++ 17.1 (VS2022)

END.
